<?xml version="1.0" encoding="UTF-8"?>
<testsuite name="com.naiofy.pruebas.ventadealbumes.runners.AutenticarUsuarioRunner" tests="0" skipped="0" failures="0" errors="0" timestamp="1970-01-01T00:00:00" hostname="HD-Portatil" time="0.0">
  <properties/>
  <system-out><![CDATA[22:06:38.197 [Test worker] WARN com.intuit.karate - skipping bootstrap configuration: could not find or read file: classpath:karate-config.js
22:06:39.860 [Test worker] WARN com.intuit.karate - skipping bootstrap configuration: could not find or read file: classpath:karate-config.js
---------------------------------------------------------
feature: src/test/resources/feature/autenticar_usuario.feature
scenarios:  2 | passed:  2 | failed:  0 | time: 2,1667
---------------------------------------------------------
HTML report: (paste into browser to view) | Karate version: 0.9.4
file:/C:/Users/USER/Desktop/PruebaTecnica/PruebaTecnicaWolox/build/surefire-reports/src.test.resources.feature.autenticar_usuario.html
---------------------------------------------------------

]]></system-out>
  <system-err><![CDATA[]]></system-err>
</testsuite>
