<?xml version="1.0" encoding="UTF-8"?>
<testsuite name="[invalidar_sesion_usuario]" tests="2" skipped="0" failures="0" errors="0" timestamp="2020-09-14T03:24:11" hostname="HD-Portatil" time="4.684">
  <properties/>
  <testcase name="[1:12] Invalidar sesion usuario regular" classname="[invalidar_sesion_usuario]" time="2.947"/>
  <testcase name="[2:29] Invalidar sesion usuario administrador" classname="[invalidar_sesion_usuario]" time="1.703"/>
  <system-out><![CDATA[22:24:11.966 [Test worker] INFO com.intuit.karate - scenario called at line: 27 by tag: @ExitosoRegular
22:24:12.031 [Test worker] DEBUG com.jayway.jsonpath.internal.path.CompiledPath - Evaluating path: $
22:24:12.687 [Test worker] DEBUG org.apache.http.client.protocol.RequestAddCookies - CookieSpec selected: karate
22:24:12.695 [Test worker] DEBUG org.apache.http.client.protocol.RequestAuthCache - Auth cache not set in the context
22:24:12.697 [Test worker] DEBUG com.intuit.karate - request:
1 > POST https://nodejs-qa-training.herokuapp.com/users/sessions/
1 > Accept-Encoding: gzip,deflate
1 > Connection: Keep-Alive
1 > Content-Length: 56
1 > Content-Type: application/json; charset=UTF-8
1 > Host: nodejs-qa-training.herokuapp.com
1 > User-Agent: Apache-HttpClient/4.5.5 (Java/1.8.0_171)
{"email":"hernan00@wolox.com.ar","password":"Hernan123"}

22:24:12.699 [Test worker] DEBUG org.apache.http.impl.conn.PoolingHttpClientConnectionManager - Connection request: [route: {s}->https://nodejs-qa-training.herokuapp.com:443][total kept alive: 0; route allocated: 0 of 5; total allocated: 0 of 10]
22:24:12.716 [Test worker] DEBUG org.apache.http.impl.conn.PoolingHttpClientConnectionManager - Connection leased: [id: 0][route: {s}->https://nodejs-qa-training.herokuapp.com:443][total kept alive: 0; route allocated: 1 of 5; total allocated: 1 of 10]
22:24:12.718 [Test worker] DEBUG org.apache.http.impl.execchain.MainClientExec - Opening connection {s}->https://nodejs-qa-training.herokuapp.com:443
22:24:12.762 [Test worker] DEBUG org.apache.http.impl.conn.DefaultHttpClientConnectionOperator - Connecting to nodejs-qa-training.herokuapp.com/34.235.104.230:443
22:24:12.762 [Test worker] DEBUG org.apache.http.conn.ssl.SSLConnectionSocketFactory - Connecting socket to nodejs-qa-training.herokuapp.com/34.235.104.230:443 with timeout 30000
22:24:13.017 [Test worker] DEBUG org.apache.http.conn.ssl.SSLConnectionSocketFactory - Enabled protocols: [TLSv1, TLSv1.1, TLSv1.2]
22:24:13.017 [Test worker] DEBUG org.apache.http.conn.ssl.SSLConnectionSocketFactory - Enabled cipher suites:[TLS_ECDHE_ECDSA_WITH_AES_256_CBC_SHA384, TLS_ECDHE_RSA_WITH_AES_256_CBC_SHA384, TLS_RSA_WITH_AES_256_CBC_SHA256, TLS_ECDH_ECDSA_WITH_AES_256_CBC_SHA384, TLS_ECDH_RSA_WITH_AES_256_CBC_SHA384, TLS_DHE_RSA_WITH_AES_256_CBC_SHA256, TLS_DHE_DSS_WITH_AES_256_CBC_SHA256, TLS_ECDHE_ECDSA_WITH_AES_256_CBC_SHA, TLS_ECDHE_RSA_WITH_AES_256_CBC_SHA, TLS_RSA_WITH_AES_256_CBC_SHA, TLS_ECDH_ECDSA_WITH_AES_256_CBC_SHA, TLS_ECDH_RSA_WITH_AES_256_CBC_SHA, TLS_DHE_RSA_WITH_AES_256_CBC_SHA, TLS_DHE_DSS_WITH_AES_256_CBC_SHA, TLS_ECDHE_ECDSA_WITH_AES_128_CBC_SHA256, TLS_ECDHE_RSA_WITH_AES_128_CBC_SHA256, TLS_RSA_WITH_AES_128_CBC_SHA256, TLS_ECDH_ECDSA_WITH_AES_128_CBC_SHA256, TLS_ECDH_RSA_WITH_AES_128_CBC_SHA256, TLS_DHE_RSA_WITH_AES_128_CBC_SHA256, TLS_DHE_DSS_WITH_AES_128_CBC_SHA256, TLS_ECDHE_ECDSA_WITH_AES_128_CBC_SHA, TLS_ECDHE_RSA_WITH_AES_128_CBC_SHA, TLS_RSA_WITH_AES_128_CBC_SHA, TLS_ECDH_ECDSA_WITH_AES_128_CBC_SHA, TLS_ECDH_RSA_WITH_AES_128_CBC_SHA, TLS_DHE_RSA_WITH_AES_128_CBC_SHA, TLS_DHE_DSS_WITH_AES_128_CBC_SHA, TLS_ECDHE_ECDSA_WITH_AES_256_GCM_SHA384, TLS_ECDHE_ECDSA_WITH_AES_128_GCM_SHA256, TLS_ECDHE_RSA_WITH_AES_256_GCM_SHA384, TLS_RSA_WITH_AES_256_GCM_SHA384, TLS_ECDH_ECDSA_WITH_AES_256_GCM_SHA384, TLS_ECDH_RSA_WITH_AES_256_GCM_SHA384, TLS_DHE_RSA_WITH_AES_256_GCM_SHA384, TLS_DHE_DSS_WITH_AES_256_GCM_SHA384, TLS_ECDHE_RSA_WITH_AES_128_GCM_SHA256, TLS_RSA_WITH_AES_128_GCM_SHA256, TLS_ECDH_ECDSA_WITH_AES_128_GCM_SHA256, TLS_ECDH_RSA_WITH_AES_128_GCM_SHA256, TLS_DHE_RSA_WITH_AES_128_GCM_SHA256, TLS_DHE_DSS_WITH_AES_128_GCM_SHA256, TLS_EMPTY_RENEGOTIATION_INFO_SCSV]
22:24:13.018 [Test worker] DEBUG org.apache.http.conn.ssl.SSLConnectionSocketFactory - Starting handshake
22:24:13.314 [Test worker] DEBUG org.apache.http.conn.ssl.SSLConnectionSocketFactory - Secure session established
22:24:13.314 [Test worker] DEBUG org.apache.http.conn.ssl.SSLConnectionSocketFactory -  negotiated protocol: TLSv1.2
22:24:13.314 [Test worker] DEBUG org.apache.http.conn.ssl.SSLConnectionSocketFactory -  negotiated cipher suite: TLS_ECDHE_RSA_WITH_AES_128_GCM_SHA256
22:24:13.316 [Test worker] DEBUG org.apache.http.conn.ssl.SSLConnectionSocketFactory -  peer principal: CN=*.herokuapp.com, O="Heroku, Inc.", L=San Francisco, ST=California, C=US
22:24:13.316 [Test worker] DEBUG org.apache.http.conn.ssl.SSLConnectionSocketFactory -  peer alternative names: [*.herokuapp.com, herokuapp.com]
22:24:13.317 [Test worker] DEBUG org.apache.http.conn.ssl.SSLConnectionSocketFactory -  issuer principal: CN=DigiCert SHA2 High Assurance Server CA, OU=www.digicert.com, O=DigiCert Inc, C=US
22:24:13.325 [Test worker] DEBUG org.apache.http.impl.conn.DefaultHttpClientConnectionOperator - Connection established 192.168.1.7:53690<->34.235.104.230:443
22:24:13.326 [Test worker] DEBUG org.apache.http.impl.conn.DefaultManagedHttpClientConnection - http-outgoing-0: set socket timeout to 30000
22:24:13.326 [Test worker] DEBUG org.apache.http.impl.execchain.MainClientExec - Executing request POST /users/sessions/ HTTP/1.1
22:24:13.326 [Test worker] DEBUG org.apache.http.impl.execchain.MainClientExec - Target auth state: UNCHALLENGED
22:24:13.327 [Test worker] DEBUG org.apache.http.impl.execchain.MainClientExec - Proxy auth state: UNCHALLENGED
22:24:13.332 [Test worker] DEBUG org.apache.http.headers - http-outgoing-0 >> POST /users/sessions/ HTTP/1.1
22:24:13.332 [Test worker] DEBUG org.apache.http.headers - http-outgoing-0 >> Content-Type: application/json; charset=UTF-8
22:24:13.332 [Test worker] DEBUG org.apache.http.headers - http-outgoing-0 >> Content-Length: 56
22:24:13.332 [Test worker] DEBUG org.apache.http.headers - http-outgoing-0 >> Host: nodejs-qa-training.herokuapp.com
22:24:13.332 [Test worker] DEBUG org.apache.http.headers - http-outgoing-0 >> Connection: Keep-Alive
22:24:13.332 [Test worker] DEBUG org.apache.http.headers - http-outgoing-0 >> User-Agent: Apache-HttpClient/4.5.5 (Java/1.8.0_171)
22:24:13.332 [Test worker] DEBUG org.apache.http.headers - http-outgoing-0 >> Accept-Encoding: gzip,deflate
22:24:13.334 [Test worker] DEBUG org.apache.http.wire - http-outgoing-0 >> "POST /users/sessions/ HTTP/1.1[\r][\n]"
22:24:13.334 [Test worker] DEBUG org.apache.http.wire - http-outgoing-0 >> "Content-Type: application/json; charset=UTF-8[\r][\n]"
22:24:13.334 [Test worker] DEBUG org.apache.http.wire - http-outgoing-0 >> "Content-Length: 56[\r][\n]"
22:24:13.334 [Test worker] DEBUG org.apache.http.wire - http-outgoing-0 >> "Host: nodejs-qa-training.herokuapp.com[\r][\n]"
22:24:13.335 [Test worker] DEBUG org.apache.http.wire - http-outgoing-0 >> "Connection: Keep-Alive[\r][\n]"
22:24:13.335 [Test worker] DEBUG org.apache.http.wire - http-outgoing-0 >> "User-Agent: Apache-HttpClient/4.5.5 (Java/1.8.0_171)[\r][\n]"
22:24:13.335 [Test worker] DEBUG org.apache.http.wire - http-outgoing-0 >> "Accept-Encoding: gzip,deflate[\r][\n]"
22:24:13.335 [Test worker] DEBUG org.apache.http.wire - http-outgoing-0 >> "[\r][\n]"
22:24:13.335 [Test worker] DEBUG org.apache.http.wire - http-outgoing-0 >> "{"email":"hernan00@wolox.com.ar","password":"Hernan123"}"
22:24:13.748 [Test worker] DEBUG org.apache.http.wire - http-outgoing-0 << "HTTP/1.1 200 OK[\r][\n]"
22:24:13.748 [Test worker] DEBUG org.apache.http.wire - http-outgoing-0 << "Server: Cowboy[\r][\n]"
22:24:13.750 [Test worker] DEBUG org.apache.http.wire - http-outgoing-0 << "Connection: keep-alive[\r][\n]"
22:24:13.750 [Test worker] DEBUG org.apache.http.wire - http-outgoing-0 << "X-Powered-By: Express[\r][\n]"
22:24:13.760 [Test worker] DEBUG org.apache.http.wire - http-outgoing-0 << "Authorization: eyJ0eXAiOiJKV1QiLCJhbGciOiJIUzI1NiJ9.eyJ1c2VySWQiOjI1OCwicm9sZSI6InJlZ3VsYXIiLCJpYXQiOjE2MDAwNTM4NTQuNzcyLCJleHAiOjE2MDAwNTU2NTQuNzcyfQ.IZrueVRXXkHeH9QXpMPTCUYZH5H-1JFnvzDe0Y7emRo[\r][\n]"
22:24:13.760 [Test worker] DEBUG org.apache.http.wire - http-outgoing-0 << "Content-Type: application/json; charset=utf-8[\r][\n]"
22:24:13.764 [Test worker] DEBUG org.apache.http.wire - http-outgoing-0 << "Content-Length: 51[\r][\n]"
22:24:13.765 [Test worker] DEBUG org.apache.http.wire - http-outgoing-0 << "Etag: W/"33-mutnfXbis1d29pQ986vm7c1bAFs"[\r][\n]"
22:24:13.765 [Test worker] DEBUG org.apache.http.wire - http-outgoing-0 << "Date: Mon, 14 Sep 2020 03:24:14 GMT[\r][\n]"
22:24:13.765 [Test worker] DEBUG org.apache.http.wire - http-outgoing-0 << "Via: 1.1 vegur[\r][\n]"
22:24:13.766 [Test worker] DEBUG org.apache.http.wire - http-outgoing-0 << "[\r][\n]"
22:24:13.766 [Test worker] DEBUG org.apache.http.wire - http-outgoing-0 << "{"user_id":258,"token_expires_at":"1600055654.772"}"
22:24:13.775 [Test worker] DEBUG org.apache.http.headers - http-outgoing-0 << HTTP/1.1 200 OK
22:24:13.775 [Test worker] DEBUG org.apache.http.headers - http-outgoing-0 << Server: Cowboy
22:24:13.775 [Test worker] DEBUG org.apache.http.headers - http-outgoing-0 << Connection: keep-alive
22:24:13.775 [Test worker] DEBUG org.apache.http.headers - http-outgoing-0 << X-Powered-By: Express
22:24:13.775 [Test worker] DEBUG org.apache.http.headers - http-outgoing-0 << Authorization: eyJ0eXAiOiJKV1QiLCJhbGciOiJIUzI1NiJ9.eyJ1c2VySWQiOjI1OCwicm9sZSI6InJlZ3VsYXIiLCJpYXQiOjE2MDAwNTM4NTQuNzcyLCJleHAiOjE2MDAwNTU2NTQuNzcyfQ.IZrueVRXXkHeH9QXpMPTCUYZH5H-1JFnvzDe0Y7emRo
22:24:13.775 [Test worker] DEBUG org.apache.http.headers - http-outgoing-0 << Content-Type: application/json; charset=utf-8
22:24:13.777 [Test worker] DEBUG org.apache.http.headers - http-outgoing-0 << Content-Length: 51
22:24:13.777 [Test worker] DEBUG org.apache.http.headers - http-outgoing-0 << Etag: W/"33-mutnfXbis1d29pQ986vm7c1bAFs"
22:24:13.777 [Test worker] DEBUG org.apache.http.headers - http-outgoing-0 << Date: Mon, 14 Sep 2020 03:24:14 GMT
22:24:13.778 [Test worker] DEBUG org.apache.http.headers - http-outgoing-0 << Via: 1.1 vegur
22:24:13.784 [Test worker] DEBUG org.apache.http.impl.execchain.MainClientExec - Connection can be kept alive indefinitely
22:24:13.797 [Test worker] DEBUG org.apache.http.impl.conn.PoolingHttpClientConnectionManager - Connection [id: 0][route: {s}->https://nodejs-qa-training.herokuapp.com:443] can be kept alive indefinitely
22:24:13.797 [Test worker] DEBUG org.apache.http.impl.conn.DefaultManagedHttpClientConnection - http-outgoing-0: set socket timeout to 0
22:24:13.797 [Test worker] DEBUG org.apache.http.impl.conn.PoolingHttpClientConnectionManager - Connection released: [id: 0][route: {s}->https://nodejs-qa-training.herokuapp.com:443][total kept alive: 1; route allocated: 1 of 5; total allocated: 1 of 10]
22:24:13.798 [Test worker] DEBUG com.intuit.karate - response time in milliseconds: 1095,66
1 < 200
1 < Authorization: eyJ0eXAiOiJKV1QiLCJhbGciOiJIUzI1NiJ9.eyJ1c2VySWQiOjI1OCwicm9sZSI6InJlZ3VsYXIiLCJpYXQiOjE2MDAwNTM4NTQuNzcyLCJleHAiOjE2MDAwNTU2NTQuNzcyfQ.IZrueVRXXkHeH9QXpMPTCUYZH5H-1JFnvzDe0Y7emRo
1 < Connection: keep-alive
1 < Content-Length: 51
1 < Content-Type: application/json; charset=utf-8
1 < Date: Mon, 14 Sep 2020 03:24:14 GMT
1 < Etag: W/"33-mutnfXbis1d29pQ986vm7c1bAFs"
1 < Server: Cowboy
1 < Via: 1.1 vegur
1 < X-Powered-By: Express
{"user_id":258,"token_expires_at":"1600055654.772"}

22:24:13.804 [Test worker] DEBUG com.jayway.jsonpath.internal.path.CompiledPath - Evaluating path: $
22:24:13.807 [Test worker] INFO com.intuit.karate - [print] {
  "user_id": 258,
  "token_expires_at": "1600055654.772"
}

22:24:13.873 [Test worker] INFO com.intuit.karate - [print] eyJ0eXAiOiJKV1QiLCJhbGciOiJIUzI1NiJ9.eyJ1c2VySWQiOjI1OCwicm9sZSI6InJlZ3VsYXIiLCJpYXQiOjE2MDAwNTM4NTQuNzcyLCJleHAiOjE2MDAwNTU2NTQuNzcyfQ.IZrueVRXXkHeH9QXpMPTCUYZH5H-1JFnvzDe0Y7emRo
22:24:13.887 [Test worker] DEBUG com.jayway.jsonpath.internal.path.CompiledPath - Evaluating path: $['user_id']
22:24:13.904 [Test worker] DEBUG com.jayway.jsonpath.internal.path.CompiledPath - Evaluating path: $
22:24:13.904 [Test worker] DEBUG com.jayway.jsonpath.internal.path.CompiledPath - Evaluating path: $
22:24:13.905 [Test worker] DEBUG com.jayway.jsonpath.internal.path.CompiledPath - Evaluating path: $
22:24:13.917 [Test worker] DEBUG com.jayway.jsonpath.internal.path.CompiledPath - Evaluating path: $['Authorization'][0]
22:24:13.996 [Test worker] DEBUG com.jayway.jsonpath.internal.path.CompiledPath - Evaluating path: $
22:24:14.000 [Test worker] DEBUG org.apache.http.client.protocol.RequestAddCookies - CookieSpec selected: karate
22:24:14.000 [Test worker] DEBUG org.apache.http.client.protocol.RequestAuthCache - Auth cache not set in the context
22:24:14.000 [Test worker] DEBUG com.intuit.karate - request:
1 > POST https://nodejs-qa-training.herokuapp.com/users/sessions/invalidate_all
1 > Accept-Encoding: gzip,deflate
1 > Authorization: eyJ0eXAiOiJKV1QiLCJhbGciOiJIUzI1NiJ9.eyJ1c2VySWQiOjI1OCwicm9sZSI6InJlZ3VsYXIiLCJpYXQiOjE2MDAwNTM4NTQuNzcyLCJleHAiOjE2MDAwNTU2NTQuNzcyfQ.IZrueVRXXkHeH9QXpMPTCUYZH5H-1JFnvzDe0Y7emRo
1 > Connection: Keep-Alive
1 > Content-Length: 2
1 > Content-Type: application/json; charset=UTF-8
1 > Host: nodejs-qa-training.herokuapp.com
1 > User-Agent: Apache-HttpClient/4.5.5 (Java/1.8.0_171)
{}

22:24:14.013 [Test worker] DEBUG org.apache.http.impl.conn.PoolingHttpClientConnectionManager - Connection request: [route: {s}->https://nodejs-qa-training.herokuapp.com:443][total kept alive: 0; route allocated: 0 of 5; total allocated: 0 of 10]
22:24:14.014 [Test worker] DEBUG org.apache.http.impl.conn.PoolingHttpClientConnectionManager - Connection leased: [id: 1][route: {s}->https://nodejs-qa-training.herokuapp.com:443][total kept alive: 0; route allocated: 1 of 5; total allocated: 1 of 10]
22:24:14.014 [Test worker] DEBUG org.apache.http.impl.execchain.MainClientExec - Opening connection {s}->https://nodejs-qa-training.herokuapp.com:443
22:24:14.014 [Test worker] DEBUG org.apache.http.impl.conn.DefaultHttpClientConnectionOperator - Connecting to nodejs-qa-training.herokuapp.com/34.235.104.230:443
22:24:14.014 [Test worker] DEBUG org.apache.http.conn.ssl.SSLConnectionSocketFactory - Connecting socket to nodejs-qa-training.herokuapp.com/34.235.104.230:443 with timeout 30000
22:24:14.094 [Test worker] DEBUG org.apache.http.conn.ssl.SSLConnectionSocketFactory - Enabled protocols: [TLSv1, TLSv1.1, TLSv1.2]
22:24:14.094 [Test worker] DEBUG org.apache.http.conn.ssl.SSLConnectionSocketFactory - Enabled cipher suites:[TLS_ECDHE_ECDSA_WITH_AES_256_CBC_SHA384, TLS_ECDHE_RSA_WITH_AES_256_CBC_SHA384, TLS_RSA_WITH_AES_256_CBC_SHA256, TLS_ECDH_ECDSA_WITH_AES_256_CBC_SHA384, TLS_ECDH_RSA_WITH_AES_256_CBC_SHA384, TLS_DHE_RSA_WITH_AES_256_CBC_SHA256, TLS_DHE_DSS_WITH_AES_256_CBC_SHA256, TLS_ECDHE_ECDSA_WITH_AES_256_CBC_SHA, TLS_ECDHE_RSA_WITH_AES_256_CBC_SHA, TLS_RSA_WITH_AES_256_CBC_SHA, TLS_ECDH_ECDSA_WITH_AES_256_CBC_SHA, TLS_ECDH_RSA_WITH_AES_256_CBC_SHA, TLS_DHE_RSA_WITH_AES_256_CBC_SHA, TLS_DHE_DSS_WITH_AES_256_CBC_SHA, TLS_ECDHE_ECDSA_WITH_AES_128_CBC_SHA256, TLS_ECDHE_RSA_WITH_AES_128_CBC_SHA256, TLS_RSA_WITH_AES_128_CBC_SHA256, TLS_ECDH_ECDSA_WITH_AES_128_CBC_SHA256, TLS_ECDH_RSA_WITH_AES_128_CBC_SHA256, TLS_DHE_RSA_WITH_AES_128_CBC_SHA256, TLS_DHE_DSS_WITH_AES_128_CBC_SHA256, TLS_ECDHE_ECDSA_WITH_AES_128_CBC_SHA, TLS_ECDHE_RSA_WITH_AES_128_CBC_SHA, TLS_RSA_WITH_AES_128_CBC_SHA, TLS_ECDH_ECDSA_WITH_AES_128_CBC_SHA, TLS_ECDH_RSA_WITH_AES_128_CBC_SHA, TLS_DHE_RSA_WITH_AES_128_CBC_SHA, TLS_DHE_DSS_WITH_AES_128_CBC_SHA, TLS_ECDHE_ECDSA_WITH_AES_256_GCM_SHA384, TLS_ECDHE_ECDSA_WITH_AES_128_GCM_SHA256, TLS_ECDHE_RSA_WITH_AES_256_GCM_SHA384, TLS_RSA_WITH_AES_256_GCM_SHA384, TLS_ECDH_ECDSA_WITH_AES_256_GCM_SHA384, TLS_ECDH_RSA_WITH_AES_256_GCM_SHA384, TLS_DHE_RSA_WITH_AES_256_GCM_SHA384, TLS_DHE_DSS_WITH_AES_256_GCM_SHA384, TLS_ECDHE_RSA_WITH_AES_128_GCM_SHA256, TLS_RSA_WITH_AES_128_GCM_SHA256, TLS_ECDH_ECDSA_WITH_AES_128_GCM_SHA256, TLS_ECDH_RSA_WITH_AES_128_GCM_SHA256, TLS_DHE_RSA_WITH_AES_128_GCM_SHA256, TLS_DHE_DSS_WITH_AES_128_GCM_SHA256, TLS_EMPTY_RENEGOTIATION_INFO_SCSV]
22:24:14.095 [Test worker] DEBUG org.apache.http.conn.ssl.SSLConnectionSocketFactory - Starting handshake
22:24:14.305 [Test worker] DEBUG org.apache.http.conn.ssl.SSLConnectionSocketFactory - Secure session established
22:24:14.305 [Test worker] DEBUG org.apache.http.conn.ssl.SSLConnectionSocketFactory -  negotiated protocol: TLSv1.2
22:24:14.305 [Test worker] DEBUG org.apache.http.conn.ssl.SSLConnectionSocketFactory -  negotiated cipher suite: TLS_ECDHE_RSA_WITH_AES_128_GCM_SHA256
22:24:14.306 [Test worker] DEBUG org.apache.http.conn.ssl.SSLConnectionSocketFactory -  peer principal: CN=*.herokuapp.com, O="Heroku, Inc.", L=San Francisco, ST=California, C=US
22:24:14.306 [Test worker] DEBUG org.apache.http.conn.ssl.SSLConnectionSocketFactory -  peer alternative names: [*.herokuapp.com, herokuapp.com]
22:24:14.306 [Test worker] DEBUG org.apache.http.conn.ssl.SSLConnectionSocketFactory -  issuer principal: CN=DigiCert SHA2 High Assurance Server CA, OU=www.digicert.com, O=DigiCert Inc, C=US
22:24:14.307 [Test worker] DEBUG org.apache.http.impl.conn.DefaultHttpClientConnectionOperator - Connection established 192.168.1.7:53691<->34.235.104.230:443
22:24:14.307 [Test worker] DEBUG org.apache.http.impl.conn.DefaultManagedHttpClientConnection - http-outgoing-1: set socket timeout to 30000
22:24:14.308 [Test worker] DEBUG org.apache.http.impl.execchain.MainClientExec - Executing request POST /users/sessions/invalidate_all HTTP/1.1
22:24:14.308 [Test worker] DEBUG org.apache.http.impl.execchain.MainClientExec - Proxy auth state: UNCHALLENGED
22:24:14.308 [Test worker] DEBUG org.apache.http.headers - http-outgoing-1 >> POST /users/sessions/invalidate_all HTTP/1.1
22:24:14.309 [Test worker] DEBUG org.apache.http.headers - http-outgoing-1 >> Content-Type: application/json; charset=UTF-8
22:24:14.309 [Test worker] DEBUG org.apache.http.headers - http-outgoing-1 >> Authorization: eyJ0eXAiOiJKV1QiLCJhbGciOiJIUzI1NiJ9.eyJ1c2VySWQiOjI1OCwicm9sZSI6InJlZ3VsYXIiLCJpYXQiOjE2MDAwNTM4NTQuNzcyLCJleHAiOjE2MDAwNTU2NTQuNzcyfQ.IZrueVRXXkHeH9QXpMPTCUYZH5H-1JFnvzDe0Y7emRo
22:24:14.309 [Test worker] DEBUG org.apache.http.headers - http-outgoing-1 >> Content-Length: 2
22:24:14.309 [Test worker] DEBUG org.apache.http.headers - http-outgoing-1 >> Host: nodejs-qa-training.herokuapp.com
22:24:14.310 [Test worker] DEBUG org.apache.http.headers - http-outgoing-1 >> Connection: Keep-Alive
22:24:14.310 [Test worker] DEBUG org.apache.http.headers - http-outgoing-1 >> User-Agent: Apache-HttpClient/4.5.5 (Java/1.8.0_171)
22:24:14.310 [Test worker] DEBUG org.apache.http.headers - http-outgoing-1 >> Accept-Encoding: gzip,deflate
22:24:14.310 [Test worker] DEBUG org.apache.http.wire - http-outgoing-1 >> "POST /users/sessions/invalidate_all HTTP/1.1[\r][\n]"
22:24:14.310 [Test worker] DEBUG org.apache.http.wire - http-outgoing-1 >> "Content-Type: application/json; charset=UTF-8[\r][\n]"
22:24:14.310 [Test worker] DEBUG org.apache.http.wire - http-outgoing-1 >> "Authorization: eyJ0eXAiOiJKV1QiLCJhbGciOiJIUzI1NiJ9.eyJ1c2VySWQiOjI1OCwicm9sZSI6InJlZ3VsYXIiLCJpYXQiOjE2MDAwNTM4NTQuNzcyLCJleHAiOjE2MDAwNTU2NTQuNzcyfQ.IZrueVRXXkHeH9QXpMPTCUYZH5H-1JFnvzDe0Y7emRo[\r][\n]"
22:24:14.310 [Test worker] DEBUG org.apache.http.wire - http-outgoing-1 >> "Content-Length: 2[\r][\n]"
22:24:14.310 [Test worker] DEBUG org.apache.http.wire - http-outgoing-1 >> "Host: nodejs-qa-training.herokuapp.com[\r][\n]"
22:24:14.310 [Test worker] DEBUG org.apache.http.wire - http-outgoing-1 >> "Connection: Keep-Alive[\r][\n]"
22:24:14.310 [Test worker] DEBUG org.apache.http.wire - http-outgoing-1 >> "User-Agent: Apache-HttpClient/4.5.5 (Java/1.8.0_171)[\r][\n]"
22:24:14.310 [Test worker] DEBUG org.apache.http.wire - http-outgoing-1 >> "Accept-Encoding: gzip,deflate[\r][\n]"
22:24:14.310 [Test worker] DEBUG org.apache.http.wire - http-outgoing-1 >> "[\r][\n]"
22:24:14.310 [Test worker] DEBUG org.apache.http.wire - http-outgoing-1 >> "{}"
22:24:14.420 [Test worker] DEBUG org.apache.http.wire - http-outgoing-1 << "HTTP/1.1 200 OK[\r][\n]"
22:24:14.420 [Test worker] DEBUG org.apache.http.wire - http-outgoing-1 << "Server: Cowboy[\r][\n]"
22:24:14.420 [Test worker] DEBUG org.apache.http.wire - http-outgoing-1 << "Connection: keep-alive[\r][\n]"
22:24:14.421 [Test worker] DEBUG org.apache.http.wire - http-outgoing-1 << "X-Powered-By: Express[\r][\n]"
22:24:14.421 [Test worker] DEBUG org.apache.http.wire - http-outgoing-1 << "Date: Mon, 14 Sep 2020 03:24:15 GMT[\r][\n]"
22:24:14.421 [Test worker] DEBUG org.apache.http.wire - http-outgoing-1 << "Content-Length: 0[\r][\n]"
22:24:14.421 [Test worker] DEBUG org.apache.http.wire - http-outgoing-1 << "Via: 1.1 vegur[\r][\n]"
22:24:14.421 [Test worker] DEBUG org.apache.http.wire - http-outgoing-1 << "[\r][\n]"
22:24:14.421 [Test worker] DEBUG org.apache.http.headers - http-outgoing-1 << HTTP/1.1 200 OK
22:24:14.421 [Test worker] DEBUG org.apache.http.headers - http-outgoing-1 << Server: Cowboy
22:24:14.421 [Test worker] DEBUG org.apache.http.headers - http-outgoing-1 << Connection: keep-alive
22:24:14.421 [Test worker] DEBUG org.apache.http.headers - http-outgoing-1 << X-Powered-By: Express
22:24:14.423 [Test worker] DEBUG org.apache.http.headers - http-outgoing-1 << Date: Mon, 14 Sep 2020 03:24:15 GMT
22:24:14.423 [Test worker] DEBUG org.apache.http.headers - http-outgoing-1 << Content-Length: 0
22:24:14.423 [Test worker] DEBUG org.apache.http.headers - http-outgoing-1 << Via: 1.1 vegur
22:24:14.424 [Test worker] DEBUG org.apache.http.impl.execchain.MainClientExec - Connection can be kept alive indefinitely
22:24:14.424 [Test worker] DEBUG org.apache.http.impl.conn.PoolingHttpClientConnectionManager - Connection [id: 1][route: {s}->https://nodejs-qa-training.herokuapp.com:443] can be kept alive indefinitely
22:24:14.424 [Test worker] DEBUG org.apache.http.impl.conn.DefaultManagedHttpClientConnection - http-outgoing-1: set socket timeout to 0
22:24:14.424 [Test worker] DEBUG org.apache.http.impl.conn.PoolingHttpClientConnectionManager - Connection released: [id: 1][route: {s}->https://nodejs-qa-training.herokuapp.com:443][total kept alive: 1; route allocated: 1 of 5; total allocated: 1 of 10]
22:24:14.424 [Test worker] DEBUG com.intuit.karate - response time in milliseconds: 412,26
1 < 200
1 < Connection: keep-alive
1 < Content-Length: 0
1 < Date: Mon, 14 Sep 2020 03:24:15 GMT
1 < Server: Cowboy
1 < Via: 1.1 vegur
1 < X-Powered-By: Express

22:24:14.444 [Test worker] DEBUG org.apache.http.client.protocol.RequestAddCookies - CookieSpec selected: karate
22:24:14.444 [Test worker] DEBUG org.apache.http.client.protocol.RequestAuthCache - Auth cache not set in the context
22:24:14.444 [Test worker] DEBUG com.intuit.karate - request:
2 > GET https://nodejs-qa-training.herokuapp.com/albums
2 > Accept-Encoding: gzip,deflate
2 > Authorization: eyJ0eXAiOiJKV1QiLCJhbGciOiJIUzI1NiJ9.eyJ1c2VySWQiOjI1OCwicm9sZSI6InJlZ3VsYXIiLCJpYXQiOjE2MDAwNTM4NTQuNzcyLCJleHAiOjE2MDAwNTU2NTQuNzcyfQ.IZrueVRXXkHeH9QXpMPTCUYZH5H-1JFnvzDe0Y7emRo
2 > Connection: Keep-Alive
2 > Content-Type: application/json
2 > Host: nodejs-qa-training.herokuapp.com
2 > User-Agent: Apache-HttpClient/4.5.5 (Java/1.8.0_171)

22:24:14.444 [Test worker] DEBUG org.apache.http.impl.conn.PoolingHttpClientConnectionManager - Connection request: [route: {s}->https://nodejs-qa-training.herokuapp.com:443][total kept alive: 0; route allocated: 0 of 5; total allocated: 0 of 10]
22:24:14.444 [Test worker] DEBUG org.apache.http.impl.conn.PoolingHttpClientConnectionManager - Connection leased: [id: 2][route: {s}->https://nodejs-qa-training.herokuapp.com:443][total kept alive: 0; route allocated: 1 of 5; total allocated: 1 of 10]
22:24:14.444 [Test worker] DEBUG org.apache.http.impl.execchain.MainClientExec - Opening connection {s}->https://nodejs-qa-training.herokuapp.com:443
22:24:14.444 [Test worker] DEBUG org.apache.http.impl.conn.DefaultHttpClientConnectionOperator - Connecting to nodejs-qa-training.herokuapp.com/34.235.104.230:443
22:24:14.444 [Test worker] DEBUG org.apache.http.conn.ssl.SSLConnectionSocketFactory - Connecting socket to nodejs-qa-training.herokuapp.com/34.235.104.230:443 with timeout 30000
22:24:14.521 [Test worker] DEBUG org.apache.http.conn.ssl.SSLConnectionSocketFactory - Enabled protocols: [TLSv1, TLSv1.1, TLSv1.2]
22:24:14.522 [Test worker] DEBUG org.apache.http.conn.ssl.SSLConnectionSocketFactory - Enabled cipher suites:[TLS_ECDHE_ECDSA_WITH_AES_256_CBC_SHA384, TLS_ECDHE_RSA_WITH_AES_256_CBC_SHA384, TLS_RSA_WITH_AES_256_CBC_SHA256, TLS_ECDH_ECDSA_WITH_AES_256_CBC_SHA384, TLS_ECDH_RSA_WITH_AES_256_CBC_SHA384, TLS_DHE_RSA_WITH_AES_256_CBC_SHA256, TLS_DHE_DSS_WITH_AES_256_CBC_SHA256, TLS_ECDHE_ECDSA_WITH_AES_256_CBC_SHA, TLS_ECDHE_RSA_WITH_AES_256_CBC_SHA, TLS_RSA_WITH_AES_256_CBC_SHA, TLS_ECDH_ECDSA_WITH_AES_256_CBC_SHA, TLS_ECDH_RSA_WITH_AES_256_CBC_SHA, TLS_DHE_RSA_WITH_AES_256_CBC_SHA, TLS_DHE_DSS_WITH_AES_256_CBC_SHA, TLS_ECDHE_ECDSA_WITH_AES_128_CBC_SHA256, TLS_ECDHE_RSA_WITH_AES_128_CBC_SHA256, TLS_RSA_WITH_AES_128_CBC_SHA256, TLS_ECDH_ECDSA_WITH_AES_128_CBC_SHA256, TLS_ECDH_RSA_WITH_AES_128_CBC_SHA256, TLS_DHE_RSA_WITH_AES_128_CBC_SHA256, TLS_DHE_DSS_WITH_AES_128_CBC_SHA256, TLS_ECDHE_ECDSA_WITH_AES_128_CBC_SHA, TLS_ECDHE_RSA_WITH_AES_128_CBC_SHA, TLS_RSA_WITH_AES_128_CBC_SHA, TLS_ECDH_ECDSA_WITH_AES_128_CBC_SHA, TLS_ECDH_RSA_WITH_AES_128_CBC_SHA, TLS_DHE_RSA_WITH_AES_128_CBC_SHA, TLS_DHE_DSS_WITH_AES_128_CBC_SHA, TLS_ECDHE_ECDSA_WITH_AES_256_GCM_SHA384, TLS_ECDHE_ECDSA_WITH_AES_128_GCM_SHA256, TLS_ECDHE_RSA_WITH_AES_256_GCM_SHA384, TLS_RSA_WITH_AES_256_GCM_SHA384, TLS_ECDH_ECDSA_WITH_AES_256_GCM_SHA384, TLS_ECDH_RSA_WITH_AES_256_GCM_SHA384, TLS_DHE_RSA_WITH_AES_256_GCM_SHA384, TLS_DHE_DSS_WITH_AES_256_GCM_SHA384, TLS_ECDHE_RSA_WITH_AES_128_GCM_SHA256, TLS_RSA_WITH_AES_128_GCM_SHA256, TLS_ECDH_ECDSA_WITH_AES_128_GCM_SHA256, TLS_ECDH_RSA_WITH_AES_128_GCM_SHA256, TLS_DHE_RSA_WITH_AES_128_GCM_SHA256, TLS_DHE_DSS_WITH_AES_128_GCM_SHA256, TLS_EMPTY_RENEGOTIATION_INFO_SCSV]
22:24:14.523 [Test worker] DEBUG org.apache.http.conn.ssl.SSLConnectionSocketFactory - Starting handshake
22:24:14.707 [Test worker] DEBUG org.apache.http.conn.ssl.SSLConnectionSocketFactory - Secure session established
22:24:14.707 [Test worker] DEBUG org.apache.http.conn.ssl.SSLConnectionSocketFactory -  negotiated protocol: TLSv1.2
22:24:14.708 [Test worker] DEBUG org.apache.http.conn.ssl.SSLConnectionSocketFactory -  negotiated cipher suite: TLS_ECDHE_RSA_WITH_AES_128_GCM_SHA256
22:24:14.708 [Test worker] DEBUG org.apache.http.conn.ssl.SSLConnectionSocketFactory -  peer principal: CN=*.herokuapp.com, O="Heroku, Inc.", L=San Francisco, ST=California, C=US
22:24:14.708 [Test worker] DEBUG org.apache.http.conn.ssl.SSLConnectionSocketFactory -  peer alternative names: [*.herokuapp.com, herokuapp.com]
22:24:14.708 [Test worker] DEBUG org.apache.http.conn.ssl.SSLConnectionSocketFactory -  issuer principal: CN=DigiCert SHA2 High Assurance Server CA, OU=www.digicert.com, O=DigiCert Inc, C=US
22:24:14.708 [Test worker] DEBUG org.apache.http.impl.conn.DefaultHttpClientConnectionOperator - Connection established 192.168.1.7:53692<->34.235.104.230:443
22:24:14.708 [Test worker] DEBUG org.apache.http.impl.conn.DefaultManagedHttpClientConnection - http-outgoing-2: set socket timeout to 30000
22:24:14.708 [Test worker] DEBUG org.apache.http.impl.execchain.MainClientExec - Executing request GET /albums HTTP/1.1
22:24:14.708 [Test worker] DEBUG org.apache.http.impl.execchain.MainClientExec - Proxy auth state: UNCHALLENGED
22:24:14.711 [Test worker] DEBUG org.apache.http.headers - http-outgoing-2 >> GET /albums HTTP/1.1
22:24:14.712 [Test worker] DEBUG org.apache.http.headers - http-outgoing-2 >> Content-Type: application/json
22:24:14.712 [Test worker] DEBUG org.apache.http.headers - http-outgoing-2 >> Authorization: eyJ0eXAiOiJKV1QiLCJhbGciOiJIUzI1NiJ9.eyJ1c2VySWQiOjI1OCwicm9sZSI6InJlZ3VsYXIiLCJpYXQiOjE2MDAwNTM4NTQuNzcyLCJleHAiOjE2MDAwNTU2NTQuNzcyfQ.IZrueVRXXkHeH9QXpMPTCUYZH5H-1JFnvzDe0Y7emRo
22:24:14.713 [Test worker] DEBUG org.apache.http.headers - http-outgoing-2 >> Host: nodejs-qa-training.herokuapp.com
22:24:14.713 [Test worker] DEBUG org.apache.http.headers - http-outgoing-2 >> Connection: Keep-Alive
22:24:14.713 [Test worker] DEBUG org.apache.http.headers - http-outgoing-2 >> User-Agent: Apache-HttpClient/4.5.5 (Java/1.8.0_171)
22:24:14.713 [Test worker] DEBUG org.apache.http.headers - http-outgoing-2 >> Accept-Encoding: gzip,deflate
22:24:14.713 [Test worker] DEBUG org.apache.http.wire - http-outgoing-2 >> "GET /albums HTTP/1.1[\r][\n]"
22:24:14.713 [Test worker] DEBUG org.apache.http.wire - http-outgoing-2 >> "Content-Type: application/json[\r][\n]"
22:24:14.713 [Test worker] DEBUG org.apache.http.wire - http-outgoing-2 >> "Authorization: eyJ0eXAiOiJKV1QiLCJhbGciOiJIUzI1NiJ9.eyJ1c2VySWQiOjI1OCwicm9sZSI6InJlZ3VsYXIiLCJpYXQiOjE2MDAwNTM4NTQuNzcyLCJleHAiOjE2MDAwNTU2NTQuNzcyfQ.IZrueVRXXkHeH9QXpMPTCUYZH5H-1JFnvzDe0Y7emRo[\r][\n]"
22:24:14.713 [Test worker] DEBUG org.apache.http.wire - http-outgoing-2 >> "Host: nodejs-qa-training.herokuapp.com[\r][\n]"
22:24:14.714 [Test worker] DEBUG org.apache.http.wire - http-outgoing-2 >> "Connection: Keep-Alive[\r][\n]"
22:24:14.714 [Test worker] DEBUG org.apache.http.wire - http-outgoing-2 >> "User-Agent: Apache-HttpClient/4.5.5 (Java/1.8.0_171)[\r][\n]"
22:24:14.714 [Test worker] DEBUG org.apache.http.wire - http-outgoing-2 >> "Accept-Encoding: gzip,deflate[\r][\n]"
22:24:14.714 [Test worker] DEBUG org.apache.http.wire - http-outgoing-2 >> "[\r][\n]"
22:24:14.829 [Test worker] DEBUG org.apache.http.wire - http-outgoing-2 << "HTTP/1.1 401 Unauthorized[\r][\n]"
22:24:14.830 [Test worker] DEBUG org.apache.http.wire - http-outgoing-2 << "Server: Cowboy[\r][\n]"
22:24:14.830 [Test worker] DEBUG org.apache.http.wire - http-outgoing-2 << "Connection: keep-alive[\r][\n]"
22:24:14.830 [Test worker] DEBUG org.apache.http.wire - http-outgoing-2 << "X-Powered-By: Express[\r][\n]"
22:24:14.830 [Test worker] DEBUG org.apache.http.wire - http-outgoing-2 << "Content-Type: application/json; charset=utf-8[\r][\n]"
22:24:14.830 [Test worker] DEBUG org.apache.http.wire - http-outgoing-2 << "Content-Length: 109[\r][\n]"
22:24:14.831 [Test worker] DEBUG org.apache.http.wire - http-outgoing-2 << "Etag: W/"6d-tYimnDujuNT8BnXl2tj29w+1MkE"[\r][\n]"
22:24:14.831 [Test worker] DEBUG org.apache.http.wire - http-outgoing-2 << "Date: Mon, 14 Sep 2020 03:24:15 GMT[\r][\n]"
22:24:14.831 [Test worker] DEBUG org.apache.http.wire - http-outgoing-2 << "Via: 1.1 vegur[\r][\n]"
22:24:14.831 [Test worker] DEBUG org.apache.http.wire - http-outgoing-2 << "[\r][\n]"
22:24:14.831 [Test worker] DEBUG org.apache.http.wire - http-outgoing-2 << "{"errors":[{"code":"authentication_error","message":"Invalid token"}],"timestamp":"2020-09-14T03:24:15.833Z"}"
22:24:14.832 [Test worker] DEBUG org.apache.http.headers - http-outgoing-2 << HTTP/1.1 401 Unauthorized
22:24:14.832 [Test worker] DEBUG org.apache.http.headers - http-outgoing-2 << Server: Cowboy
22:24:14.832 [Test worker] DEBUG org.apache.http.headers - http-outgoing-2 << Connection: keep-alive
22:24:14.832 [Test worker] DEBUG org.apache.http.headers - http-outgoing-2 << X-Powered-By: Express
22:24:14.832 [Test worker] DEBUG org.apache.http.headers - http-outgoing-2 << Content-Type: application/json; charset=utf-8
22:24:14.832 [Test worker] DEBUG org.apache.http.headers - http-outgoing-2 << Content-Length: 109
22:24:14.833 [Test worker] DEBUG org.apache.http.headers - http-outgoing-2 << Etag: W/"6d-tYimnDujuNT8BnXl2tj29w+1MkE"
22:24:14.833 [Test worker] DEBUG org.apache.http.headers - http-outgoing-2 << Date: Mon, 14 Sep 2020 03:24:15 GMT
22:24:14.833 [Test worker] DEBUG org.apache.http.headers - http-outgoing-2 << Via: 1.1 vegur
22:24:14.833 [Test worker] DEBUG org.apache.http.impl.execchain.MainClientExec - Connection can be kept alive indefinitely
22:24:14.833 [Test worker] DEBUG org.apache.http.impl.auth.HttpAuthenticator - Authentication required
22:24:14.833 [Test worker] DEBUG org.apache.http.impl.auth.HttpAuthenticator - nodejs-qa-training.herokuapp.com:443 requested authentication
22:24:14.835 [Test worker] DEBUG org.apache.http.impl.auth.HttpAuthenticator - Response contains no authentication challenges
22:24:14.836 [Test worker] DEBUG org.apache.http.impl.conn.PoolingHttpClientConnectionManager - Connection [id: 2][route: {s}->https://nodejs-qa-training.herokuapp.com:443] can be kept alive indefinitely
22:24:14.836 [Test worker] DEBUG org.apache.http.impl.conn.DefaultManagedHttpClientConnection - http-outgoing-2: set socket timeout to 0
22:24:14.837 [Test worker] DEBUG org.apache.http.impl.conn.PoolingHttpClientConnectionManager - Connection released: [id: 2][route: {s}->https://nodejs-qa-training.herokuapp.com:443][total kept alive: 1; route allocated: 1 of 5; total allocated: 1 of 10]
22:24:14.837 [Test worker] DEBUG com.intuit.karate - response time in milliseconds: 389,03
2 < 401
2 < Connection: keep-alive
2 < Content-Length: 109
2 < Content-Type: application/json; charset=utf-8
2 < Date: Mon, 14 Sep 2020 03:24:15 GMT
2 < Etag: W/"6d-tYimnDujuNT8BnXl2tj29w+1MkE"
2 < Server: Cowboy
2 < Via: 1.1 vegur
2 < X-Powered-By: Express
{"errors":[{"code":"authentication_error","message":"Invalid token"}],"timestamp":"2020-09-14T03:24:15.833Z"}

22:24:14.864 [Test worker] DEBUG com.jayway.jsonpath.internal.path.CompiledPath - Evaluating path: $
22:24:14.864 [Test worker] DEBUG com.jayway.jsonpath.internal.path.CompiledPath - Evaluating path: $
22:24:14.864 [Test worker] DEBUG com.jayway.jsonpath.internal.path.CompiledPath - Evaluating path: $
22:24:14.977 [Test worker] INFO com.intuit.karate - scenario called at line: 45 by tag: @ExitosoAdministrador
22:24:14.997 [Test worker] DEBUG com.jayway.jsonpath.internal.path.CompiledPath - Evaluating path: $
22:24:15.002 [Test worker] DEBUG org.apache.http.client.protocol.RequestAddCookies - CookieSpec selected: karate
22:24:15.002 [Test worker] DEBUG org.apache.http.client.protocol.RequestAuthCache - Auth cache not set in the context
22:24:15.006 [Test worker] DEBUG com.intuit.karate - request:
1 > POST https://nodejs-qa-training.herokuapp.com/users/sessions/
1 > Accept-Encoding: gzip,deflate
1 > Connection: Keep-Alive
1 > Content-Length: 62
1 > Content-Type: application/json; charset=UTF-8
1 > Host: nodejs-qa-training.herokuapp.com
1 > User-Agent: Apache-HttpClient/4.5.5 (Java/1.8.0_171)
{"email":"admin@wolox.com.ar","password":"candidatoWolox2020"}

22:24:15.007 [Test worker] DEBUG org.apache.http.impl.conn.PoolingHttpClientConnectionManager - Connection request: [route: {s}->https://nodejs-qa-training.herokuapp.com:443][total kept alive: 0; route allocated: 0 of 5; total allocated: 0 of 10]
22:24:15.008 [Test worker] DEBUG org.apache.http.impl.conn.PoolingHttpClientConnectionManager - Connection leased: [id: 3][route: {s}->https://nodejs-qa-training.herokuapp.com:443][total kept alive: 0; route allocated: 1 of 5; total allocated: 1 of 10]
22:24:15.008 [Test worker] DEBUG org.apache.http.impl.execchain.MainClientExec - Opening connection {s}->https://nodejs-qa-training.herokuapp.com:443
22:24:15.008 [Test worker] DEBUG org.apache.http.impl.conn.DefaultHttpClientConnectionOperator - Connecting to nodejs-qa-training.herokuapp.com/34.235.104.230:443
22:24:15.008 [Test worker] DEBUG org.apache.http.conn.ssl.SSLConnectionSocketFactory - Connecting socket to nodejs-qa-training.herokuapp.com/34.235.104.230:443 with timeout 30000
22:24:15.085 [Test worker] DEBUG org.apache.http.conn.ssl.SSLConnectionSocketFactory - Enabled protocols: [TLSv1, TLSv1.1, TLSv1.2]
22:24:15.085 [Test worker] DEBUG org.apache.http.conn.ssl.SSLConnectionSocketFactory - Enabled cipher suites:[TLS_ECDHE_ECDSA_WITH_AES_256_CBC_SHA384, TLS_ECDHE_RSA_WITH_AES_256_CBC_SHA384, TLS_RSA_WITH_AES_256_CBC_SHA256, TLS_ECDH_ECDSA_WITH_AES_256_CBC_SHA384, TLS_ECDH_RSA_WITH_AES_256_CBC_SHA384, TLS_DHE_RSA_WITH_AES_256_CBC_SHA256, TLS_DHE_DSS_WITH_AES_256_CBC_SHA256, TLS_ECDHE_ECDSA_WITH_AES_256_CBC_SHA, TLS_ECDHE_RSA_WITH_AES_256_CBC_SHA, TLS_RSA_WITH_AES_256_CBC_SHA, TLS_ECDH_ECDSA_WITH_AES_256_CBC_SHA, TLS_ECDH_RSA_WITH_AES_256_CBC_SHA, TLS_DHE_RSA_WITH_AES_256_CBC_SHA, TLS_DHE_DSS_WITH_AES_256_CBC_SHA, TLS_ECDHE_ECDSA_WITH_AES_128_CBC_SHA256, TLS_ECDHE_RSA_WITH_AES_128_CBC_SHA256, TLS_RSA_WITH_AES_128_CBC_SHA256, TLS_ECDH_ECDSA_WITH_AES_128_CBC_SHA256, TLS_ECDH_RSA_WITH_AES_128_CBC_SHA256, TLS_DHE_RSA_WITH_AES_128_CBC_SHA256, TLS_DHE_DSS_WITH_AES_128_CBC_SHA256, TLS_ECDHE_ECDSA_WITH_AES_128_CBC_SHA, TLS_ECDHE_RSA_WITH_AES_128_CBC_SHA, TLS_RSA_WITH_AES_128_CBC_SHA, TLS_ECDH_ECDSA_WITH_AES_128_CBC_SHA, TLS_ECDH_RSA_WITH_AES_128_CBC_SHA, TLS_DHE_RSA_WITH_AES_128_CBC_SHA, TLS_DHE_DSS_WITH_AES_128_CBC_SHA, TLS_ECDHE_ECDSA_WITH_AES_256_GCM_SHA384, TLS_ECDHE_ECDSA_WITH_AES_128_GCM_SHA256, TLS_ECDHE_RSA_WITH_AES_256_GCM_SHA384, TLS_RSA_WITH_AES_256_GCM_SHA384, TLS_ECDH_ECDSA_WITH_AES_256_GCM_SHA384, TLS_ECDH_RSA_WITH_AES_256_GCM_SHA384, TLS_DHE_RSA_WITH_AES_256_GCM_SHA384, TLS_DHE_DSS_WITH_AES_256_GCM_SHA384, TLS_ECDHE_RSA_WITH_AES_128_GCM_SHA256, TLS_RSA_WITH_AES_128_GCM_SHA256, TLS_ECDH_ECDSA_WITH_AES_128_GCM_SHA256, TLS_ECDH_RSA_WITH_AES_128_GCM_SHA256, TLS_DHE_RSA_WITH_AES_128_GCM_SHA256, TLS_DHE_DSS_WITH_AES_128_GCM_SHA256, TLS_EMPTY_RENEGOTIATION_INFO_SCSV]
22:24:15.086 [Test worker] DEBUG org.apache.http.conn.ssl.SSLConnectionSocketFactory - Starting handshake
22:24:15.278 [Test worker] DEBUG org.apache.http.conn.ssl.SSLConnectionSocketFactory - Secure session established
22:24:15.278 [Test worker] DEBUG org.apache.http.conn.ssl.SSLConnectionSocketFactory -  negotiated protocol: TLSv1.2
22:24:15.278 [Test worker] DEBUG org.apache.http.conn.ssl.SSLConnectionSocketFactory -  negotiated cipher suite: TLS_ECDHE_RSA_WITH_AES_128_GCM_SHA256
22:24:15.278 [Test worker] DEBUG org.apache.http.conn.ssl.SSLConnectionSocketFactory -  peer principal: CN=*.herokuapp.com, O="Heroku, Inc.", L=San Francisco, ST=California, C=US
22:24:15.278 [Test worker] DEBUG org.apache.http.conn.ssl.SSLConnectionSocketFactory -  peer alternative names: [*.herokuapp.com, herokuapp.com]
22:24:15.278 [Test worker] DEBUG org.apache.http.conn.ssl.SSLConnectionSocketFactory -  issuer principal: CN=DigiCert SHA2 High Assurance Server CA, OU=www.digicert.com, O=DigiCert Inc, C=US
22:24:15.278 [Test worker] DEBUG org.apache.http.impl.conn.DefaultHttpClientConnectionOperator - Connection established 192.168.1.7:53693<->34.235.104.230:443
22:24:15.278 [Test worker] DEBUG org.apache.http.impl.conn.DefaultManagedHttpClientConnection - http-outgoing-3: set socket timeout to 30000
22:24:15.278 [Test worker] DEBUG org.apache.http.impl.execchain.MainClientExec - Executing request POST /users/sessions/ HTTP/1.1
22:24:15.280 [Test worker] DEBUG org.apache.http.impl.execchain.MainClientExec - Target auth state: UNCHALLENGED
22:24:15.280 [Test worker] DEBUG org.apache.http.impl.execchain.MainClientExec - Proxy auth state: UNCHALLENGED
22:24:15.280 [Test worker] DEBUG org.apache.http.headers - http-outgoing-3 >> POST /users/sessions/ HTTP/1.1
22:24:15.280 [Test worker] DEBUG org.apache.http.headers - http-outgoing-3 >> Content-Type: application/json; charset=UTF-8
22:24:15.281 [Test worker] DEBUG org.apache.http.headers - http-outgoing-3 >> Content-Length: 62
22:24:15.281 [Test worker] DEBUG org.apache.http.headers - http-outgoing-3 >> Host: nodejs-qa-training.herokuapp.com
22:24:15.282 [Test worker] DEBUG org.apache.http.headers - http-outgoing-3 >> Connection: Keep-Alive
22:24:15.282 [Test worker] DEBUG org.apache.http.headers - http-outgoing-3 >> User-Agent: Apache-HttpClient/4.5.5 (Java/1.8.0_171)
22:24:15.282 [Test worker] DEBUG org.apache.http.headers - http-outgoing-3 >> Accept-Encoding: gzip,deflate
22:24:15.282 [Test worker] DEBUG org.apache.http.wire - http-outgoing-3 >> "POST /users/sessions/ HTTP/1.1[\r][\n]"
22:24:15.283 [Test worker] DEBUG org.apache.http.wire - http-outgoing-3 >> "Content-Type: application/json; charset=UTF-8[\r][\n]"
22:24:15.283 [Test worker] DEBUG org.apache.http.wire - http-outgoing-3 >> "Content-Length: 62[\r][\n]"
22:24:15.283 [Test worker] DEBUG org.apache.http.wire - http-outgoing-3 >> "Host: nodejs-qa-training.herokuapp.com[\r][\n]"
22:24:15.283 [Test worker] DEBUG org.apache.http.wire - http-outgoing-3 >> "Connection: Keep-Alive[\r][\n]"
22:24:15.284 [Test worker] DEBUG org.apache.http.wire - http-outgoing-3 >> "User-Agent: Apache-HttpClient/4.5.5 (Java/1.8.0_171)[\r][\n]"
22:24:15.284 [Test worker] DEBUG org.apache.http.wire - http-outgoing-3 >> "Accept-Encoding: gzip,deflate[\r][\n]"
22:24:15.284 [Test worker] DEBUG org.apache.http.wire - http-outgoing-3 >> "[\r][\n]"
22:24:15.284 [Test worker] DEBUG org.apache.http.wire - http-outgoing-3 >> "{"email":"admin@wolox.com.ar","password":"candidatoWolox2020"}"
22:24:15.604 [Test worker] DEBUG org.apache.http.wire - http-outgoing-3 << "HTTP/1.1 200 OK[\r][\n]"
22:24:15.604 [Test worker] DEBUG org.apache.http.wire - http-outgoing-3 << "Server: Cowboy[\r][\n]"
22:24:15.604 [Test worker] DEBUG org.apache.http.wire - http-outgoing-3 << "Connection: keep-alive[\r][\n]"
22:24:15.604 [Test worker] DEBUG org.apache.http.wire - http-outgoing-3 << "X-Powered-By: Express[\r][\n]"
22:24:15.605 [Test worker] DEBUG org.apache.http.wire - http-outgoing-3 << "Authorization: eyJ0eXAiOiJKV1QiLCJhbGciOiJIUzI1NiJ9.eyJ1c2VySWQiOjE0Niwicm9sZSI6ImFkbWluIiwiaWF0IjoxNjAwMDUzODU2LjYyNiwiZXhwIjoxNjAwMDU1NjU2LjYyNn0.Rq4REqIWd7fr_0jauHtHAyFO8fTX2PWtYg0ZAD6ffhA[\r][\n]"
22:24:15.605 [Test worker] DEBUG org.apache.http.wire - http-outgoing-3 << "Content-Type: application/json; charset=utf-8[\r][\n]"
22:24:15.605 [Test worker] DEBUG org.apache.http.wire - http-outgoing-3 << "Content-Length: 51[\r][\n]"
22:24:15.605 [Test worker] DEBUG org.apache.http.wire - http-outgoing-3 << "Etag: W/"33-zbMBj+AYFd9l+Z5JYC8pUXtgNoY"[\r][\n]"
22:24:15.605 [Test worker] DEBUG org.apache.http.wire - http-outgoing-3 << "Date: Mon, 14 Sep 2020 03:24:16 GMT[\r][\n]"
22:24:15.605 [Test worker] DEBUG org.apache.http.wire - http-outgoing-3 << "Via: 1.1 vegur[\r][\n]"
22:24:15.605 [Test worker] DEBUG org.apache.http.wire - http-outgoing-3 << "[\r][\n]"
22:24:15.605 [Test worker] DEBUG org.apache.http.wire - http-outgoing-3 << "{"user_id":146,"token_expires_at":"1600055656.626"}"
22:24:15.607 [Test worker] DEBUG org.apache.http.headers - http-outgoing-3 << HTTP/1.1 200 OK
22:24:15.607 [Test worker] DEBUG org.apache.http.headers - http-outgoing-3 << Server: Cowboy
22:24:15.607 [Test worker] DEBUG org.apache.http.headers - http-outgoing-3 << Connection: keep-alive
22:24:15.607 [Test worker] DEBUG org.apache.http.headers - http-outgoing-3 << X-Powered-By: Express
22:24:15.607 [Test worker] DEBUG org.apache.http.headers - http-outgoing-3 << Authorization: eyJ0eXAiOiJKV1QiLCJhbGciOiJIUzI1NiJ9.eyJ1c2VySWQiOjE0Niwicm9sZSI6ImFkbWluIiwiaWF0IjoxNjAwMDUzODU2LjYyNiwiZXhwIjoxNjAwMDU1NjU2LjYyNn0.Rq4REqIWd7fr_0jauHtHAyFO8fTX2PWtYg0ZAD6ffhA
22:24:15.607 [Test worker] DEBUG org.apache.http.headers - http-outgoing-3 << Content-Type: application/json; charset=utf-8
22:24:15.607 [Test worker] DEBUG org.apache.http.headers - http-outgoing-3 << Content-Length: 51
22:24:15.607 [Test worker] DEBUG org.apache.http.headers - http-outgoing-3 << Etag: W/"33-zbMBj+AYFd9l+Z5JYC8pUXtgNoY"
22:24:15.607 [Test worker] DEBUG org.apache.http.headers - http-outgoing-3 << Date: Mon, 14 Sep 2020 03:24:16 GMT
22:24:15.607 [Test worker] DEBUG org.apache.http.headers - http-outgoing-3 << Via: 1.1 vegur
22:24:15.607 [Test worker] DEBUG org.apache.http.impl.execchain.MainClientExec - Connection can be kept alive indefinitely
22:24:15.607 [Test worker] DEBUG org.apache.http.impl.conn.PoolingHttpClientConnectionManager - Connection [id: 3][route: {s}->https://nodejs-qa-training.herokuapp.com:443] can be kept alive indefinitely
22:24:15.607 [Test worker] DEBUG org.apache.http.impl.conn.DefaultManagedHttpClientConnection - http-outgoing-3: set socket timeout to 0
22:24:15.607 [Test worker] DEBUG org.apache.http.impl.conn.PoolingHttpClientConnectionManager - Connection released: [id: 3][route: {s}->https://nodejs-qa-training.herokuapp.com:443][total kept alive: 1; route allocated: 1 of 5; total allocated: 1 of 10]
22:24:15.607 [Test worker] DEBUG com.intuit.karate - response time in milliseconds: 602,04
1 < 200
1 < Authorization: eyJ0eXAiOiJKV1QiLCJhbGciOiJIUzI1NiJ9.eyJ1c2VySWQiOjE0Niwicm9sZSI6ImFkbWluIiwiaWF0IjoxNjAwMDUzODU2LjYyNiwiZXhwIjoxNjAwMDU1NjU2LjYyNn0.Rq4REqIWd7fr_0jauHtHAyFO8fTX2PWtYg0ZAD6ffhA
1 < Connection: keep-alive
1 < Content-Length: 51
1 < Content-Type: application/json; charset=utf-8
1 < Date: Mon, 14 Sep 2020 03:24:16 GMT
1 < Etag: W/"33-zbMBj+AYFd9l+Z5JYC8pUXtgNoY"
1 < Server: Cowboy
1 < Via: 1.1 vegur
1 < X-Powered-By: Express
{"user_id":146,"token_expires_at":"1600055656.626"}

22:24:15.613 [Test worker] DEBUG com.jayway.jsonpath.internal.path.CompiledPath - Evaluating path: $
22:24:15.613 [Test worker] INFO com.intuit.karate - [print] {
  "user_id": 146,
  "token_expires_at": "1600055656.626"
}

22:24:15.614 [Test worker] INFO com.intuit.karate - [print] eyJ0eXAiOiJKV1QiLCJhbGciOiJIUzI1NiJ9.eyJ1c2VySWQiOjE0Niwicm9sZSI6ImFkbWluIiwiaWF0IjoxNjAwMDUzODU2LjYyNiwiZXhwIjoxNjAwMDU1NjU2LjYyNn0.Rq4REqIWd7fr_0jauHtHAyFO8fTX2PWtYg0ZAD6ffhA
22:24:15.618 [Test worker] DEBUG com.jayway.jsonpath.internal.path.CompiledPath - Evaluating path: $['user_id']
22:24:15.624 [Test worker] DEBUG com.jayway.jsonpath.internal.path.CompiledPath - Evaluating path: $
22:24:15.624 [Test worker] DEBUG com.jayway.jsonpath.internal.path.CompiledPath - Evaluating path: $
22:24:15.624 [Test worker] DEBUG com.jayway.jsonpath.internal.path.CompiledPath - Evaluating path: $
22:24:15.627 [Test worker] DEBUG com.jayway.jsonpath.internal.path.CompiledPath - Evaluating path: $['Authorization'][0]
22:24:15.645 [Test worker] DEBUG com.jayway.jsonpath.internal.path.CompiledPath - Evaluating path: $
22:24:15.652 [Test worker] DEBUG org.apache.http.client.protocol.RequestAddCookies - CookieSpec selected: karate
22:24:15.652 [Test worker] DEBUG org.apache.http.client.protocol.RequestAuthCache - Auth cache not set in the context
22:24:15.652 [Test worker] DEBUG com.intuit.karate - request:
1 > POST https://nodejs-qa-training.herokuapp.com/users/sessions/invalidate_all
1 > Accept-Encoding: gzip,deflate
1 > Authorization: eyJ0eXAiOiJKV1QiLCJhbGciOiJIUzI1NiJ9.eyJ1c2VySWQiOjE0Niwicm9sZSI6ImFkbWluIiwiaWF0IjoxNjAwMDUzODU2LjYyNiwiZXhwIjoxNjAwMDU1NjU2LjYyNn0.Rq4REqIWd7fr_0jauHtHAyFO8fTX2PWtYg0ZAD6ffhA
1 > Connection: Keep-Alive
1 > Content-Length: 2
1 > Content-Type: application/json; charset=UTF-8
1 > Host: nodejs-qa-training.herokuapp.com
1 > User-Agent: Apache-HttpClient/4.5.5 (Java/1.8.0_171)
{}

22:24:15.656 [Test worker] DEBUG org.apache.http.impl.conn.PoolingHttpClientConnectionManager - Connection request: [route: {s}->https://nodejs-qa-training.herokuapp.com:443][total kept alive: 0; route allocated: 0 of 5; total allocated: 0 of 10]
22:24:15.656 [Test worker] DEBUG org.apache.http.impl.conn.PoolingHttpClientConnectionManager - Connection leased: [id: 4][route: {s}->https://nodejs-qa-training.herokuapp.com:443][total kept alive: 0; route allocated: 1 of 5; total allocated: 1 of 10]
22:24:15.656 [Test worker] DEBUG org.apache.http.impl.execchain.MainClientExec - Opening connection {s}->https://nodejs-qa-training.herokuapp.com:443
22:24:15.656 [Test worker] DEBUG org.apache.http.impl.conn.DefaultHttpClientConnectionOperator - Connecting to nodejs-qa-training.herokuapp.com/34.235.104.230:443
22:24:15.656 [Test worker] DEBUG org.apache.http.conn.ssl.SSLConnectionSocketFactory - Connecting socket to nodejs-qa-training.herokuapp.com/34.235.104.230:443 with timeout 30000
22:24:15.773 [Test worker] DEBUG org.apache.http.conn.ssl.SSLConnectionSocketFactory - Enabled protocols: [TLSv1, TLSv1.1, TLSv1.2]
22:24:15.774 [Test worker] DEBUG org.apache.http.conn.ssl.SSLConnectionSocketFactory - Enabled cipher suites:[TLS_ECDHE_ECDSA_WITH_AES_256_CBC_SHA384, TLS_ECDHE_RSA_WITH_AES_256_CBC_SHA384, TLS_RSA_WITH_AES_256_CBC_SHA256, TLS_ECDH_ECDSA_WITH_AES_256_CBC_SHA384, TLS_ECDH_RSA_WITH_AES_256_CBC_SHA384, TLS_DHE_RSA_WITH_AES_256_CBC_SHA256, TLS_DHE_DSS_WITH_AES_256_CBC_SHA256, TLS_ECDHE_ECDSA_WITH_AES_256_CBC_SHA, TLS_ECDHE_RSA_WITH_AES_256_CBC_SHA, TLS_RSA_WITH_AES_256_CBC_SHA, TLS_ECDH_ECDSA_WITH_AES_256_CBC_SHA, TLS_ECDH_RSA_WITH_AES_256_CBC_SHA, TLS_DHE_RSA_WITH_AES_256_CBC_SHA, TLS_DHE_DSS_WITH_AES_256_CBC_SHA, TLS_ECDHE_ECDSA_WITH_AES_128_CBC_SHA256, TLS_ECDHE_RSA_WITH_AES_128_CBC_SHA256, TLS_RSA_WITH_AES_128_CBC_SHA256, TLS_ECDH_ECDSA_WITH_AES_128_CBC_SHA256, TLS_ECDH_RSA_WITH_AES_128_CBC_SHA256, TLS_DHE_RSA_WITH_AES_128_CBC_SHA256, TLS_DHE_DSS_WITH_AES_128_CBC_SHA256, TLS_ECDHE_ECDSA_WITH_AES_128_CBC_SHA, TLS_ECDHE_RSA_WITH_AES_128_CBC_SHA, TLS_RSA_WITH_AES_128_CBC_SHA, TLS_ECDH_ECDSA_WITH_AES_128_CBC_SHA, TLS_ECDH_RSA_WITH_AES_128_CBC_SHA, TLS_DHE_RSA_WITH_AES_128_CBC_SHA, TLS_DHE_DSS_WITH_AES_128_CBC_SHA, TLS_ECDHE_ECDSA_WITH_AES_256_GCM_SHA384, TLS_ECDHE_ECDSA_WITH_AES_128_GCM_SHA256, TLS_ECDHE_RSA_WITH_AES_256_GCM_SHA384, TLS_RSA_WITH_AES_256_GCM_SHA384, TLS_ECDH_ECDSA_WITH_AES_256_GCM_SHA384, TLS_ECDH_RSA_WITH_AES_256_GCM_SHA384, TLS_DHE_RSA_WITH_AES_256_GCM_SHA384, TLS_DHE_DSS_WITH_AES_256_GCM_SHA384, TLS_ECDHE_RSA_WITH_AES_128_GCM_SHA256, TLS_RSA_WITH_AES_128_GCM_SHA256, TLS_ECDH_ECDSA_WITH_AES_128_GCM_SHA256, TLS_ECDH_RSA_WITH_AES_128_GCM_SHA256, TLS_DHE_RSA_WITH_AES_128_GCM_SHA256, TLS_DHE_DSS_WITH_AES_128_GCM_SHA256, TLS_EMPTY_RENEGOTIATION_INFO_SCSV]
22:24:15.774 [Test worker] DEBUG org.apache.http.conn.ssl.SSLConnectionSocketFactory - Starting handshake
22:24:15.975 [Test worker] DEBUG org.apache.http.conn.ssl.SSLConnectionSocketFactory - Secure session established
22:24:15.976 [Test worker] DEBUG org.apache.http.conn.ssl.SSLConnectionSocketFactory -  negotiated protocol: TLSv1.2
22:24:15.976 [Test worker] DEBUG org.apache.http.conn.ssl.SSLConnectionSocketFactory -  negotiated cipher suite: TLS_ECDHE_RSA_WITH_AES_128_GCM_SHA256
22:24:15.976 [Test worker] DEBUG org.apache.http.conn.ssl.SSLConnectionSocketFactory -  peer principal: CN=*.herokuapp.com, O="Heroku, Inc.", L=San Francisco, ST=California, C=US
22:24:15.976 [Test worker] DEBUG org.apache.http.conn.ssl.SSLConnectionSocketFactory -  peer alternative names: [*.herokuapp.com, herokuapp.com]
22:24:15.977 [Test worker] DEBUG org.apache.http.conn.ssl.SSLConnectionSocketFactory -  issuer principal: CN=DigiCert SHA2 High Assurance Server CA, OU=www.digicert.com, O=DigiCert Inc, C=US
22:24:15.978 [Test worker] DEBUG org.apache.http.impl.conn.DefaultHttpClientConnectionOperator - Connection established 192.168.1.7:53694<->34.235.104.230:443
22:24:15.978 [Test worker] DEBUG org.apache.http.impl.conn.DefaultManagedHttpClientConnection - http-outgoing-4: set socket timeout to 30000
22:24:15.978 [Test worker] DEBUG org.apache.http.impl.execchain.MainClientExec - Executing request POST /users/sessions/invalidate_all HTTP/1.1
22:24:15.978 [Test worker] DEBUG org.apache.http.impl.execchain.MainClientExec - Proxy auth state: UNCHALLENGED
22:24:15.978 [Test worker] DEBUG org.apache.http.headers - http-outgoing-4 >> POST /users/sessions/invalidate_all HTTP/1.1
22:24:15.978 [Test worker] DEBUG org.apache.http.headers - http-outgoing-4 >> Content-Type: application/json; charset=UTF-8
22:24:15.978 [Test worker] DEBUG org.apache.http.headers - http-outgoing-4 >> Authorization: eyJ0eXAiOiJKV1QiLCJhbGciOiJIUzI1NiJ9.eyJ1c2VySWQiOjE0Niwicm9sZSI6ImFkbWluIiwiaWF0IjoxNjAwMDUzODU2LjYyNiwiZXhwIjoxNjAwMDU1NjU2LjYyNn0.Rq4REqIWd7fr_0jauHtHAyFO8fTX2PWtYg0ZAD6ffhA
22:24:15.978 [Test worker] DEBUG org.apache.http.headers - http-outgoing-4 >> Content-Length: 2
22:24:15.978 [Test worker] DEBUG org.apache.http.headers - http-outgoing-4 >> Host: nodejs-qa-training.herokuapp.com
22:24:15.978 [Test worker] DEBUG org.apache.http.headers - http-outgoing-4 >> Connection: Keep-Alive
22:24:15.978 [Test worker] DEBUG org.apache.http.headers - http-outgoing-4 >> User-Agent: Apache-HttpClient/4.5.5 (Java/1.8.0_171)
22:24:15.978 [Test worker] DEBUG org.apache.http.headers - http-outgoing-4 >> Accept-Encoding: gzip,deflate
22:24:15.978 [Test worker] DEBUG org.apache.http.wire - http-outgoing-4 >> "POST /users/sessions/invalidate_all HTTP/1.1[\r][\n]"
22:24:15.978 [Test worker] DEBUG org.apache.http.wire - http-outgoing-4 >> "Content-Type: application/json; charset=UTF-8[\r][\n]"
22:24:15.982 [Test worker] DEBUG org.apache.http.wire - http-outgoing-4 >> "Authorization: eyJ0eXAiOiJKV1QiLCJhbGciOiJIUzI1NiJ9.eyJ1c2VySWQiOjE0Niwicm9sZSI6ImFkbWluIiwiaWF0IjoxNjAwMDUzODU2LjYyNiwiZXhwIjoxNjAwMDU1NjU2LjYyNn0.Rq4REqIWd7fr_0jauHtHAyFO8fTX2PWtYg0ZAD6ffhA[\r][\n]"
22:24:15.982 [Test worker] DEBUG org.apache.http.wire - http-outgoing-4 >> "Content-Length: 2[\r][\n]"
22:24:15.982 [Test worker] DEBUG org.apache.http.wire - http-outgoing-4 >> "Host: nodejs-qa-training.herokuapp.com[\r][\n]"
22:24:15.982 [Test worker] DEBUG org.apache.http.wire - http-outgoing-4 >> "Connection: Keep-Alive[\r][\n]"
22:24:15.982 [Test worker] DEBUG org.apache.http.wire - http-outgoing-4 >> "User-Agent: Apache-HttpClient/4.5.5 (Java/1.8.0_171)[\r][\n]"
22:24:15.982 [Test worker] DEBUG org.apache.http.wire - http-outgoing-4 >> "Accept-Encoding: gzip,deflate[\r][\n]"
22:24:15.982 [Test worker] DEBUG org.apache.http.wire - http-outgoing-4 >> "[\r][\n]"
22:24:15.982 [Test worker] DEBUG org.apache.http.wire - http-outgoing-4 >> "{}"
22:24:16.087 [Test worker] DEBUG org.apache.http.wire - http-outgoing-4 << "HTTP/1.1 200 OK[\r][\n]"
22:24:16.087 [Test worker] DEBUG org.apache.http.wire - http-outgoing-4 << "Server: Cowboy[\r][\n]"
22:24:16.087 [Test worker] DEBUG org.apache.http.wire - http-outgoing-4 << "Connection: keep-alive[\r][\n]"
22:24:16.087 [Test worker] DEBUG org.apache.http.wire - http-outgoing-4 << "X-Powered-By: Express[\r][\n]"
22:24:16.087 [Test worker] DEBUG org.apache.http.wire - http-outgoing-4 << "Date: Mon, 14 Sep 2020 03:24:17 GMT[\r][\n]"
22:24:16.087 [Test worker] DEBUG org.apache.http.wire - http-outgoing-4 << "Content-Length: 0[\r][\n]"
22:24:16.087 [Test worker] DEBUG org.apache.http.wire - http-outgoing-4 << "Via: 1.1 vegur[\r][\n]"
22:24:16.087 [Test worker] DEBUG org.apache.http.wire - http-outgoing-4 << "[\r][\n]"
22:24:16.091 [Test worker] DEBUG org.apache.http.headers - http-outgoing-4 << HTTP/1.1 200 OK
22:24:16.091 [Test worker] DEBUG org.apache.http.headers - http-outgoing-4 << Server: Cowboy
22:24:16.091 [Test worker] DEBUG org.apache.http.headers - http-outgoing-4 << Connection: keep-alive
22:24:16.091 [Test worker] DEBUG org.apache.http.headers - http-outgoing-4 << X-Powered-By: Express
22:24:16.091 [Test worker] DEBUG org.apache.http.headers - http-outgoing-4 << Date: Mon, 14 Sep 2020 03:24:17 GMT
22:24:16.091 [Test worker] DEBUG org.apache.http.headers - http-outgoing-4 << Content-Length: 0
22:24:16.091 [Test worker] DEBUG org.apache.http.headers - http-outgoing-4 << Via: 1.1 vegur
22:24:16.091 [Test worker] DEBUG org.apache.http.impl.execchain.MainClientExec - Connection can be kept alive indefinitely
22:24:16.091 [Test worker] DEBUG org.apache.http.impl.conn.PoolingHttpClientConnectionManager - Connection [id: 4][route: {s}->https://nodejs-qa-training.herokuapp.com:443] can be kept alive indefinitely
22:24:16.091 [Test worker] DEBUG org.apache.http.impl.conn.DefaultManagedHttpClientConnection - http-outgoing-4: set socket timeout to 0
22:24:16.091 [Test worker] DEBUG org.apache.http.impl.conn.PoolingHttpClientConnectionManager - Connection released: [id: 4][route: {s}->https://nodejs-qa-training.herokuapp.com:443][total kept alive: 1; route allocated: 1 of 5; total allocated: 1 of 10]
22:24:16.091 [Test worker] DEBUG com.intuit.karate - response time in milliseconds: 437,65
1 < 200
1 < Connection: keep-alive
1 < Content-Length: 0
1 < Date: Mon, 14 Sep 2020 03:24:17 GMT
1 < Server: Cowboy
1 < Via: 1.1 vegur
1 < X-Powered-By: Express

22:24:16.099 [Test worker] DEBUG org.apache.http.client.protocol.RequestAddCookies - CookieSpec selected: karate
22:24:16.099 [Test worker] DEBUG org.apache.http.client.protocol.RequestAuthCache - Auth cache not set in the context
22:24:16.103 [Test worker] DEBUG com.intuit.karate - request:
2 > GET https://nodejs-qa-training.herokuapp.com/albums
2 > Accept-Encoding: gzip,deflate
2 > Authorization: eyJ0eXAiOiJKV1QiLCJhbGciOiJIUzI1NiJ9.eyJ1c2VySWQiOjE0Niwicm9sZSI6ImFkbWluIiwiaWF0IjoxNjAwMDUzODU2LjYyNiwiZXhwIjoxNjAwMDU1NjU2LjYyNn0.Rq4REqIWd7fr_0jauHtHAyFO8fTX2PWtYg0ZAD6ffhA
2 > Connection: Keep-Alive
2 > Content-Type: application/json
2 > Host: nodejs-qa-training.herokuapp.com
2 > User-Agent: Apache-HttpClient/4.5.5 (Java/1.8.0_171)

22:24:16.103 [Test worker] DEBUG org.apache.http.impl.conn.PoolingHttpClientConnectionManager - Connection request: [route: {s}->https://nodejs-qa-training.herokuapp.com:443][total kept alive: 0; route allocated: 0 of 5; total allocated: 0 of 10]
22:24:16.103 [Test worker] DEBUG org.apache.http.impl.conn.PoolingHttpClientConnectionManager - Connection leased: [id: 5][route: {s}->https://nodejs-qa-training.herokuapp.com:443][total kept alive: 0; route allocated: 1 of 5; total allocated: 1 of 10]
22:24:16.103 [Test worker] DEBUG org.apache.http.impl.execchain.MainClientExec - Opening connection {s}->https://nodejs-qa-training.herokuapp.com:443
22:24:16.107 [Test worker] DEBUG org.apache.http.impl.conn.DefaultHttpClientConnectionOperator - Connecting to nodejs-qa-training.herokuapp.com/34.235.104.230:443
22:24:16.107 [Test worker] DEBUG org.apache.http.conn.ssl.SSLConnectionSocketFactory - Connecting socket to nodejs-qa-training.herokuapp.com/34.235.104.230:443 with timeout 30000
22:24:16.180 [Test worker] DEBUG org.apache.http.conn.ssl.SSLConnectionSocketFactory - Enabled protocols: [TLSv1, TLSv1.1, TLSv1.2]
22:24:16.184 [Test worker] DEBUG org.apache.http.conn.ssl.SSLConnectionSocketFactory - Enabled cipher suites:[TLS_ECDHE_ECDSA_WITH_AES_256_CBC_SHA384, TLS_ECDHE_RSA_WITH_AES_256_CBC_SHA384, TLS_RSA_WITH_AES_256_CBC_SHA256, TLS_ECDH_ECDSA_WITH_AES_256_CBC_SHA384, TLS_ECDH_RSA_WITH_AES_256_CBC_SHA384, TLS_DHE_RSA_WITH_AES_256_CBC_SHA256, TLS_DHE_DSS_WITH_AES_256_CBC_SHA256, TLS_ECDHE_ECDSA_WITH_AES_256_CBC_SHA, TLS_ECDHE_RSA_WITH_AES_256_CBC_SHA, TLS_RSA_WITH_AES_256_CBC_SHA, TLS_ECDH_ECDSA_WITH_AES_256_CBC_SHA, TLS_ECDH_RSA_WITH_AES_256_CBC_SHA, TLS_DHE_RSA_WITH_AES_256_CBC_SHA, TLS_DHE_DSS_WITH_AES_256_CBC_SHA, TLS_ECDHE_ECDSA_WITH_AES_128_CBC_SHA256, TLS_ECDHE_RSA_WITH_AES_128_CBC_SHA256, TLS_RSA_WITH_AES_128_CBC_SHA256, TLS_ECDH_ECDSA_WITH_AES_128_CBC_SHA256, TLS_ECDH_RSA_WITH_AES_128_CBC_SHA256, TLS_DHE_RSA_WITH_AES_128_CBC_SHA256, TLS_DHE_DSS_WITH_AES_128_CBC_SHA256, TLS_ECDHE_ECDSA_WITH_AES_128_CBC_SHA, TLS_ECDHE_RSA_WITH_AES_128_CBC_SHA, TLS_RSA_WITH_AES_128_CBC_SHA, TLS_ECDH_ECDSA_WITH_AES_128_CBC_SHA, TLS_ECDH_RSA_WITH_AES_128_CBC_SHA, TLS_DHE_RSA_WITH_AES_128_CBC_SHA, TLS_DHE_DSS_WITH_AES_128_CBC_SHA, TLS_ECDHE_ECDSA_WITH_AES_256_GCM_SHA384, TLS_ECDHE_ECDSA_WITH_AES_128_GCM_SHA256, TLS_ECDHE_RSA_WITH_AES_256_GCM_SHA384, TLS_RSA_WITH_AES_256_GCM_SHA384, TLS_ECDH_ECDSA_WITH_AES_256_GCM_SHA384, TLS_ECDH_RSA_WITH_AES_256_GCM_SHA384, TLS_DHE_RSA_WITH_AES_256_GCM_SHA384, TLS_DHE_DSS_WITH_AES_256_GCM_SHA384, TLS_ECDHE_RSA_WITH_AES_128_GCM_SHA256, TLS_RSA_WITH_AES_128_GCM_SHA256, TLS_ECDH_ECDSA_WITH_AES_128_GCM_SHA256, TLS_ECDH_RSA_WITH_AES_128_GCM_SHA256, TLS_DHE_RSA_WITH_AES_128_GCM_SHA256, TLS_DHE_DSS_WITH_AES_128_GCM_SHA256, TLS_EMPTY_RENEGOTIATION_INFO_SCSV]
22:24:16.184 [Test worker] DEBUG org.apache.http.conn.ssl.SSLConnectionSocketFactory - Starting handshake
22:24:16.480 [Test worker] DEBUG org.apache.http.conn.ssl.SSLConnectionSocketFactory - Secure session established
22:24:16.481 [Test worker] DEBUG org.apache.http.conn.ssl.SSLConnectionSocketFactory -  negotiated protocol: TLSv1.2
22:24:16.481 [Test worker] DEBUG org.apache.http.conn.ssl.SSLConnectionSocketFactory -  negotiated cipher suite: TLS_ECDHE_RSA_WITH_AES_128_GCM_SHA256
22:24:16.481 [Test worker] DEBUG org.apache.http.conn.ssl.SSLConnectionSocketFactory -  peer principal: CN=*.herokuapp.com, O="Heroku, Inc.", L=San Francisco, ST=California, C=US
22:24:16.481 [Test worker] DEBUG org.apache.http.conn.ssl.SSLConnectionSocketFactory -  peer alternative names: [*.herokuapp.com, herokuapp.com]
22:24:16.481 [Test worker] DEBUG org.apache.http.conn.ssl.SSLConnectionSocketFactory -  issuer principal: CN=DigiCert SHA2 High Assurance Server CA, OU=www.digicert.com, O=DigiCert Inc, C=US
22:24:16.481 [Test worker] DEBUG org.apache.http.impl.conn.DefaultHttpClientConnectionOperator - Connection established 192.168.1.7:53695<->34.235.104.230:443
22:24:16.481 [Test worker] DEBUG org.apache.http.impl.conn.DefaultManagedHttpClientConnection - http-outgoing-5: set socket timeout to 30000
22:24:16.481 [Test worker] DEBUG org.apache.http.impl.execchain.MainClientExec - Executing request GET /albums HTTP/1.1
22:24:16.481 [Test worker] DEBUG org.apache.http.impl.execchain.MainClientExec - Proxy auth state: UNCHALLENGED
22:24:16.484 [Test worker] DEBUG org.apache.http.headers - http-outgoing-5 >> GET /albums HTTP/1.1
22:24:16.484 [Test worker] DEBUG org.apache.http.headers - http-outgoing-5 >> Content-Type: application/json
22:24:16.484 [Test worker] DEBUG org.apache.http.headers - http-outgoing-5 >> Authorization: eyJ0eXAiOiJKV1QiLCJhbGciOiJIUzI1NiJ9.eyJ1c2VySWQiOjE0Niwicm9sZSI6ImFkbWluIiwiaWF0IjoxNjAwMDUzODU2LjYyNiwiZXhwIjoxNjAwMDU1NjU2LjYyNn0.Rq4REqIWd7fr_0jauHtHAyFO8fTX2PWtYg0ZAD6ffhA
22:24:16.484 [Test worker] DEBUG org.apache.http.headers - http-outgoing-5 >> Host: nodejs-qa-training.herokuapp.com
22:24:16.485 [Test worker] DEBUG org.apache.http.headers - http-outgoing-5 >> Connection: Keep-Alive
22:24:16.485 [Test worker] DEBUG org.apache.http.headers - http-outgoing-5 >> User-Agent: Apache-HttpClient/4.5.5 (Java/1.8.0_171)
22:24:16.485 [Test worker] DEBUG org.apache.http.headers - http-outgoing-5 >> Accept-Encoding: gzip,deflate
22:24:16.485 [Test worker] DEBUG org.apache.http.wire - http-outgoing-5 >> "GET /albums HTTP/1.1[\r][\n]"
22:24:16.485 [Test worker] DEBUG org.apache.http.wire - http-outgoing-5 >> "Content-Type: application/json[\r][\n]"
22:24:16.485 [Test worker] DEBUG org.apache.http.wire - http-outgoing-5 >> "Authorization: eyJ0eXAiOiJKV1QiLCJhbGciOiJIUzI1NiJ9.eyJ1c2VySWQiOjE0Niwicm9sZSI6ImFkbWluIiwiaWF0IjoxNjAwMDUzODU2LjYyNiwiZXhwIjoxNjAwMDU1NjU2LjYyNn0.Rq4REqIWd7fr_0jauHtHAyFO8fTX2PWtYg0ZAD6ffhA[\r][\n]"
22:24:16.485 [Test worker] DEBUG org.apache.http.wire - http-outgoing-5 >> "Host: nodejs-qa-training.herokuapp.com[\r][\n]"
22:24:16.485 [Test worker] DEBUG org.apache.http.wire - http-outgoing-5 >> "Connection: Keep-Alive[\r][\n]"
22:24:16.485 [Test worker] DEBUG org.apache.http.wire - http-outgoing-5 >> "User-Agent: Apache-HttpClient/4.5.5 (Java/1.8.0_171)[\r][\n]"
22:24:16.485 [Test worker] DEBUG org.apache.http.wire - http-outgoing-5 >> "Accept-Encoding: gzip,deflate[\r][\n]"
22:24:16.485 [Test worker] DEBUG org.apache.http.wire - http-outgoing-5 >> "[\r][\n]"
22:24:16.585 [Test worker] DEBUG org.apache.http.wire - http-outgoing-5 << "HTTP/1.1 401 Unauthorized[\r][\n]"
22:24:16.586 [Test worker] DEBUG org.apache.http.wire - http-outgoing-5 << "Server: Cowboy[\r][\n]"
22:24:16.586 [Test worker] DEBUG org.apache.http.wire - http-outgoing-5 << "Connection: keep-alive[\r][\n]"
22:24:16.586 [Test worker] DEBUG org.apache.http.wire - http-outgoing-5 << "X-Powered-By: Express[\r][\n]"
22:24:16.586 [Test worker] DEBUG org.apache.http.wire - http-outgoing-5 << "Content-Type: application/json; charset=utf-8[\r][\n]"
22:24:16.586 [Test worker] DEBUG org.apache.http.wire - http-outgoing-5 << "Content-Length: 109[\r][\n]"
22:24:16.586 [Test worker] DEBUG org.apache.http.wire - http-outgoing-5 << "Etag: W/"6d-3xzmEzLDFaL/SeRdPnW3kllP6RQ"[\r][\n]"
22:24:16.587 [Test worker] DEBUG org.apache.http.wire - http-outgoing-5 << "Date: Mon, 14 Sep 2020 03:24:17 GMT[\r][\n]"
22:24:16.587 [Test worker] DEBUG org.apache.http.wire - http-outgoing-5 << "Via: 1.1 vegur[\r][\n]"
22:24:16.587 [Test worker] DEBUG org.apache.http.wire - http-outgoing-5 << "[\r][\n]"
22:24:16.587 [Test worker] DEBUG org.apache.http.wire - http-outgoing-5 << "{"errors":[{"code":"authentication_error","message":"Invalid token"}],"timestamp":"2020-09-14T03:24:17.611Z"}"
22:24:16.587 [Test worker] DEBUG org.apache.http.headers - http-outgoing-5 << HTTP/1.1 401 Unauthorized
22:24:16.587 [Test worker] DEBUG org.apache.http.headers - http-outgoing-5 << Server: Cowboy
22:24:16.587 [Test worker] DEBUG org.apache.http.headers - http-outgoing-5 << Connection: keep-alive
22:24:16.587 [Test worker] DEBUG org.apache.http.headers - http-outgoing-5 << X-Powered-By: Express
22:24:16.587 [Test worker] DEBUG org.apache.http.headers - http-outgoing-5 << Content-Type: application/json; charset=utf-8
22:24:16.587 [Test worker] DEBUG org.apache.http.headers - http-outgoing-5 << Content-Length: 109
22:24:16.587 [Test worker] DEBUG org.apache.http.headers - http-outgoing-5 << Etag: W/"6d-3xzmEzLDFaL/SeRdPnW3kllP6RQ"
22:24:16.587 [Test worker] DEBUG org.apache.http.headers - http-outgoing-5 << Date: Mon, 14 Sep 2020 03:24:17 GMT
22:24:16.587 [Test worker] DEBUG org.apache.http.headers - http-outgoing-5 << Via: 1.1 vegur
22:24:16.587 [Test worker] DEBUG org.apache.http.impl.execchain.MainClientExec - Connection can be kept alive indefinitely
22:24:16.587 [Test worker] DEBUG org.apache.http.impl.auth.HttpAuthenticator - Authentication required
22:24:16.587 [Test worker] DEBUG org.apache.http.impl.auth.HttpAuthenticator - nodejs-qa-training.herokuapp.com:443 requested authentication
22:24:16.587 [Test worker] DEBUG org.apache.http.impl.auth.HttpAuthenticator - Response contains no authentication challenges
22:24:16.591 [Test worker] DEBUG org.apache.http.impl.conn.PoolingHttpClientConnectionManager - Connection [id: 5][route: {s}->https://nodejs-qa-training.herokuapp.com:443] can be kept alive indefinitely
22:24:16.591 [Test worker] DEBUG org.apache.http.impl.conn.DefaultManagedHttpClientConnection - http-outgoing-5: set socket timeout to 0
22:24:16.592 [Test worker] DEBUG org.apache.http.impl.conn.PoolingHttpClientConnectionManager - Connection released: [id: 5][route: {s}->https://nodejs-qa-training.herokuapp.com:443][total kept alive: 1; route allocated: 1 of 5; total allocated: 1 of 10]
22:24:16.592 [Test worker] DEBUG com.intuit.karate - response time in milliseconds: 485,11
2 < 401
2 < Connection: keep-alive
2 < Content-Length: 109
2 < Content-Type: application/json; charset=utf-8
2 < Date: Mon, 14 Sep 2020 03:24:17 GMT
2 < Etag: W/"6d-3xzmEzLDFaL/SeRdPnW3kllP6RQ"
2 < Server: Cowboy
2 < Via: 1.1 vegur
2 < X-Powered-By: Express
{"errors":[{"code":"authentication_error","message":"Invalid token"}],"timestamp":"2020-09-14T03:24:17.611Z"}

22:24:16.602 [Test worker] DEBUG com.jayway.jsonpath.internal.path.CompiledPath - Evaluating path: $
22:24:16.602 [Test worker] DEBUG com.jayway.jsonpath.internal.path.CompiledPath - Evaluating path: $
22:24:16.602 [Test worker] DEBUG com.jayway.jsonpath.internal.path.CompiledPath - Evaluating path: $
]]></system-out>
  <system-err><![CDATA[]]></system-err>
</testsuite>
