<?xml version="1.0" encoding="UTF-8"?>
<testsuite name="com.naiofy.pruebas.ventadealbumes.runners.EjecutarTodoParaleloRunner" tests="1" skipped="0" failures="1" errors="0" timestamp="2020-09-15T02:38:03" hostname="HD-Portatil" time="18.159">
  <properties/>
  <testcase name="testParallel" classname="com.naiofy.pruebas.ventadealbumes.runners.EjecutarTodoParaleloRunner" time="18.159">
    <failure message="java.lang.AssertionError: failed features:&#10;src.test.resources.feature.registrar_usuario: [2.2:55] registrar_usuario.feature:47 - status code was: 201, expected: 422, response time: 820, url: https://nodejs-qa-training.herokuapp.com/users, response: {&quot;user_id&quot;:300}&#10;[2.3:56] registrar_usuario.feature:47 - status code was: 201, expected: 422, response time: 849, url: https://nodejs-qa-training.herokuapp.com/users, response: {&quot;user_id&quot;:301}&#10;" type="java.lang.AssertionError">java.lang.AssertionError: failed features:
src.test.resources.feature.registrar_usuario: [2.2:55] registrar_usuario.feature:47 - status code was: 201, expected: 422, response time: 820, url: https://nodejs-qa-training.herokuapp.com/users, response: {&quot;user_id&quot;:300}
[2.3:56] registrar_usuario.feature:47 - status code was: 201, expected: 422, response time: 849, url: https://nodejs-qa-training.herokuapp.com/users, response: {&quot;user_id&quot;:301}

	at org.junit.Assert.fail(Assert.java:88)
	at org.junit.Assert.assertTrue(Assert.java:41)
	at com.naiofy.pruebas.ventadealbumes.runners.EjecutarTodoParaleloRunner.testParallel(EjecutarTodoParaleloRunner.java:23)
	at sun.reflect.NativeMethodAccessorImpl.invoke0(Native Method)
	at sun.reflect.NativeMethodAccessorImpl.invoke(NativeMethodAccessorImpl.java:62)
	at sun.reflect.DelegatingMethodAccessorImpl.invoke(DelegatingMethodAccessorImpl.java:43)
	at java.lang.reflect.Method.invoke(Method.java:498)
	at org.junit.runners.model.FrameworkMethod$1.runReflectiveCall(FrameworkMethod.java:50)
	at org.junit.internal.runners.model.ReflectiveCallable.run(ReflectiveCallable.java:12)
	at org.junit.runners.model.FrameworkMethod.invokeExplosively(FrameworkMethod.java:47)
	at org.junit.internal.runners.statements.InvokeMethod.evaluate(InvokeMethod.java:17)
	at org.junit.runners.ParentRunner.runLeaf(ParentRunner.java:325)
	at org.junit.runners.BlockJUnit4ClassRunner.runChild(BlockJUnit4ClassRunner.java:78)
	at org.junit.runners.BlockJUnit4ClassRunner.runChild(BlockJUnit4ClassRunner.java:57)
	at org.junit.runners.ParentRunner$3.run(ParentRunner.java:290)
	at org.junit.runners.ParentRunner$1.schedule(ParentRunner.java:71)
	at org.junit.runners.ParentRunner.runChildren(ParentRunner.java:288)
	at org.junit.runners.ParentRunner.access$000(ParentRunner.java:58)
	at org.junit.runners.ParentRunner$2.evaluate(ParentRunner.java:268)
	at org.junit.runners.ParentRunner.run(ParentRunner.java:363)
	at org.gradle.api.internal.tasks.testing.junit.JUnitTestClassExecutor.runTestClass(JUnitTestClassExecutor.java:110)
	at org.gradle.api.internal.tasks.testing.junit.JUnitTestClassExecutor.execute(JUnitTestClassExecutor.java:58)
	at org.gradle.api.internal.tasks.testing.junit.JUnitTestClassExecutor.execute(JUnitTestClassExecutor.java:38)
	at org.gradle.api.internal.tasks.testing.junit.AbstractJUnitTestClassProcessor.processTestClass(AbstractJUnitTestClassProcessor.java:62)
	at org.gradle.api.internal.tasks.testing.SuiteTestClassProcessor.processTestClass(SuiteTestClassProcessor.java:51)
	at sun.reflect.NativeMethodAccessorImpl.invoke0(Native Method)
	at sun.reflect.NativeMethodAccessorImpl.invoke(NativeMethodAccessorImpl.java:62)
	at sun.reflect.DelegatingMethodAccessorImpl.invoke(DelegatingMethodAccessorImpl.java:43)
	at java.lang.reflect.Method.invoke(Method.java:498)
	at org.gradle.internal.dispatch.ReflectionDispatch.dispatch(ReflectionDispatch.java:35)
	at org.gradle.internal.dispatch.ReflectionDispatch.dispatch(ReflectionDispatch.java:24)
	at org.gradle.internal.dispatch.ContextClassLoaderDispatch.dispatch(ContextClassLoaderDispatch.java:32)
	at org.gradle.internal.dispatch.ProxyDispatchAdapter$DispatchingInvocationHandler.invoke(ProxyDispatchAdapter.java:93)
	at com.sun.proxy.$Proxy2.processTestClass(Unknown Source)
	at org.gradle.api.internal.tasks.testing.worker.TestWorker.processTestClass(TestWorker.java:118)
	at sun.reflect.NativeMethodAccessorImpl.invoke0(Native Method)
	at sun.reflect.NativeMethodAccessorImpl.invoke(NativeMethodAccessorImpl.java:62)
	at sun.reflect.DelegatingMethodAccessorImpl.invoke(DelegatingMethodAccessorImpl.java:43)
	at java.lang.reflect.Method.invoke(Method.java:498)
	at org.gradle.internal.dispatch.ReflectionDispatch.dispatch(ReflectionDispatch.java:35)
	at org.gradle.internal.dispatch.ReflectionDispatch.dispatch(ReflectionDispatch.java:24)
	at org.gradle.internal.remote.internal.hub.MessageHubBackedObjectConnection$DispatchWrapper.dispatch(MessageHubBackedObjectConnection.java:175)
	at org.gradle.internal.remote.internal.hub.MessageHubBackedObjectConnection$DispatchWrapper.dispatch(MessageHubBackedObjectConnection.java:157)
	at org.gradle.internal.remote.internal.hub.MessageHub$Handler.run(MessageHub.java:404)
	at org.gradle.internal.concurrent.ExecutorPolicy$CatchAndRecordFailures.onExecute(ExecutorPolicy.java:63)
	at org.gradle.internal.concurrent.ManagedExecutorImpl$1.run(ManagedExecutorImpl.java:46)
	at java.util.concurrent.ThreadPoolExecutor.runWorker(ThreadPoolExecutor.java:1149)
	at java.util.concurrent.ThreadPoolExecutor$Worker.run(ThreadPoolExecutor.java:624)
	at org.gradle.internal.concurrent.ThreadFactoryImpl$ManagedThreadRunnable.run(ThreadFactoryImpl.java:55)
	at java.lang.Thread.run(Thread.java:748)
</failure>
  </testcase>
  <system-out><![CDATA[21:38:04.256 [Test worker] INFO com.intuit.karate.Runner - waiting for parallel features to complete ...
21:38:04.412 [ForkJoinPool-1-worker-2] WARN com.intuit.karate - skipping bootstrap configuration: could not find or read file: classpath:karate-config.js
21:38:04.412 [ForkJoinPool-1-worker-3] WARN com.intuit.karate - skipping bootstrap configuration: could not find or read file: classpath:karate-config.js
21:38:04.412 [ForkJoinPool-1-worker-1] WARN com.intuit.karate - skipping bootstrap configuration: could not find or read file: classpath:karate-config.js
21:38:04.522 [ForkJoinPool-1-worker-1] DEBUG com.jayway.jsonpath.internal.path.CompiledPath - Evaluating path: $
21:38:04.522 [ForkJoinPool-1-worker-2] DEBUG com.jayway.jsonpath.internal.path.CompiledPath - Evaluating path: $
21:38:04.909 [ForkJoinPool-1-worker-3] INFO com.intuit.karate - scenario called at line: 24 by tag: @ExitosoAdministrador
21:38:04.959 [ForkJoinPool-1-worker-3] INFO com.intuit.karate - scenario called at line: 45 by tag: @ExitosoAdministrador
21:38:04.990 [ForkJoinPool-1-worker-3] DEBUG com.jayway.jsonpath.internal.path.CompiledPath - Evaluating path: $
21:38:05.621 [ForkJoinPool-1-worker-3] DEBUG org.apache.http.client.protocol.RequestAddCookies - CookieSpec selected: karate
21:38:05.621 [ForkJoinPool-1-worker-2] DEBUG org.apache.http.client.protocol.RequestAddCookies - CookieSpec selected: karate
21:38:05.621 [ForkJoinPool-1-worker-1] DEBUG org.apache.http.client.protocol.RequestAddCookies - CookieSpec selected: karate
21:38:05.638 [ForkJoinPool-1-worker-3] DEBUG org.apache.http.client.protocol.RequestAuthCache - Auth cache not set in the context
21:38:05.639 [ForkJoinPool-1-worker-1] DEBUG org.apache.http.client.protocol.RequestAuthCache - Auth cache not set in the context
21:38:05.638 [ForkJoinPool-1-worker-2] DEBUG org.apache.http.client.protocol.RequestAuthCache - Auth cache not set in the context
21:38:05.644 [ForkJoinPool-1-worker-1] DEBUG com.intuit.karate - request:
1 > POST https://nodejs-qa-training.herokuapp.com/users/sessions/
1 > Accept-Encoding: gzip,deflate
1 > Connection: Keep-Alive
1 > Content-Length: 56
1 > Content-Type: application/json; charset=UTF-8
1 > Host: nodejs-qa-training.herokuapp.com
1 > User-Agent: Apache-HttpClient/4.5.11 (Java/1.8.0_171)
{"email":"hernan00@wolox.com.ar","password":"Hernan123"}

21:38:05.645 [ForkJoinPool-1-worker-3] DEBUG com.intuit.karate - request:
1 > POST https://nodejs-qa-training.herokuapp.com/users/sessions/
1 > Accept-Encoding: gzip,deflate
1 > Connection: Keep-Alive
1 > Content-Length: 62
1 > Content-Type: application/json; charset=UTF-8
1 > Host: nodejs-qa-training.herokuapp.com
1 > User-Agent: Apache-HttpClient/4.5.11 (Java/1.8.0_171)
{"email":"admin@wolox.com.ar","password":"candidatoWolox2020"}

21:38:05.646 [ForkJoinPool-1-worker-2] DEBUG com.intuit.karate - request:
1 > POST https://nodejs-qa-training.herokuapp.com/users/sessions/
1 > Accept-Encoding: gzip,deflate
1 > Connection: Keep-Alive
1 > Content-Length: 62
1 > Content-Type: application/json; charset=UTF-8
1 > Host: nodejs-qa-training.herokuapp.com
1 > User-Agent: Apache-HttpClient/4.5.11 (Java/1.8.0_171)
{"email":"admin@wolox.com.ar","password":"candidatoWolox2020"}

21:38:05.648 [ForkJoinPool-1-worker-1] DEBUG org.apache.http.impl.conn.PoolingHttpClientConnectionManager - Connection request: [route: {s}->https://nodejs-qa-training.herokuapp.com:443][total available: 0; route allocated: 0 of 5; total allocated: 0 of 10]
21:38:05.649 [ForkJoinPool-1-worker-3] DEBUG org.apache.http.impl.conn.PoolingHttpClientConnectionManager - Connection request: [route: {s}->https://nodejs-qa-training.herokuapp.com:443][total available: 0; route allocated: 0 of 5; total allocated: 0 of 10]
21:38:05.648 [ForkJoinPool-1-worker-2] DEBUG org.apache.http.impl.conn.PoolingHttpClientConnectionManager - Connection request: [route: {s}->https://nodejs-qa-training.herokuapp.com:443][total available: 0; route allocated: 0 of 5; total allocated: 0 of 10]
21:38:05.676 [ForkJoinPool-1-worker-2] DEBUG org.apache.http.impl.conn.PoolingHttpClientConnectionManager - Connection leased: [id: 2][route: {s}->https://nodejs-qa-training.herokuapp.com:443][total available: 0; route allocated: 1 of 5; total allocated: 1 of 10]
21:38:05.678 [ForkJoinPool-1-worker-1] DEBUG org.apache.http.impl.conn.PoolingHttpClientConnectionManager - Connection leased: [id: 1][route: {s}->https://nodejs-qa-training.herokuapp.com:443][total available: 0; route allocated: 1 of 5; total allocated: 1 of 10]
21:38:05.682 [ForkJoinPool-1-worker-3] DEBUG org.apache.http.impl.conn.PoolingHttpClientConnectionManager - Connection leased: [id: 0][route: {s}->https://nodejs-qa-training.herokuapp.com:443][total available: 0; route allocated: 1 of 5; total allocated: 1 of 10]
21:38:05.683 [ForkJoinPool-1-worker-1] DEBUG org.apache.http.impl.execchain.MainClientExec - Opening connection {s}->https://nodejs-qa-training.herokuapp.com:443
21:38:05.683 [ForkJoinPool-1-worker-2] DEBUG org.apache.http.impl.execchain.MainClientExec - Opening connection {s}->https://nodejs-qa-training.herokuapp.com:443
21:38:05.683 [ForkJoinPool-1-worker-3] DEBUG org.apache.http.impl.execchain.MainClientExec - Opening connection {s}->https://nodejs-qa-training.herokuapp.com:443
21:38:05.771 [ForkJoinPool-1-worker-3] DEBUG org.apache.http.impl.conn.DefaultHttpClientConnectionOperator - Connecting to nodejs-qa-training.herokuapp.com/52.20.101.119:443
21:38:05.771 [ForkJoinPool-1-worker-3] DEBUG org.apache.http.conn.ssl.SSLConnectionSocketFactory - Connecting socket to nodejs-qa-training.herokuapp.com/52.20.101.119:443 with timeout 30000
21:38:05.771 [ForkJoinPool-1-worker-2] DEBUG org.apache.http.impl.conn.DefaultHttpClientConnectionOperator - Connecting to nodejs-qa-training.herokuapp.com/52.20.101.119:443
21:38:05.773 [ForkJoinPool-1-worker-2] DEBUG org.apache.http.conn.ssl.SSLConnectionSocketFactory - Connecting socket to nodejs-qa-training.herokuapp.com/52.20.101.119:443 with timeout 30000
21:38:05.771 [ForkJoinPool-1-worker-1] DEBUG org.apache.http.impl.conn.DefaultHttpClientConnectionOperator - Connecting to nodejs-qa-training.herokuapp.com/52.20.101.119:443
21:38:05.780 [ForkJoinPool-1-worker-1] DEBUG org.apache.http.conn.ssl.SSLConnectionSocketFactory - Connecting socket to nodejs-qa-training.herokuapp.com/52.20.101.119:443 with timeout 30000
21:38:05.997 [ForkJoinPool-1-worker-1] DEBUG org.apache.http.conn.ssl.SSLConnectionSocketFactory - Enabled protocols: [TLSv1, TLSv1.1, TLSv1.2]
21:38:05.997 [ForkJoinPool-1-worker-3] DEBUG org.apache.http.conn.ssl.SSLConnectionSocketFactory - Enabled protocols: [TLSv1, TLSv1.1, TLSv1.2]
21:38:05.997 [ForkJoinPool-1-worker-3] DEBUG org.apache.http.conn.ssl.SSLConnectionSocketFactory - Enabled cipher suites:[TLS_ECDHE_ECDSA_WITH_AES_256_CBC_SHA384, TLS_ECDHE_RSA_WITH_AES_256_CBC_SHA384, TLS_RSA_WITH_AES_256_CBC_SHA256, TLS_ECDH_ECDSA_WITH_AES_256_CBC_SHA384, TLS_ECDH_RSA_WITH_AES_256_CBC_SHA384, TLS_DHE_RSA_WITH_AES_256_CBC_SHA256, TLS_DHE_DSS_WITH_AES_256_CBC_SHA256, TLS_ECDHE_ECDSA_WITH_AES_256_CBC_SHA, TLS_ECDHE_RSA_WITH_AES_256_CBC_SHA, TLS_RSA_WITH_AES_256_CBC_SHA, TLS_ECDH_ECDSA_WITH_AES_256_CBC_SHA, TLS_ECDH_RSA_WITH_AES_256_CBC_SHA, TLS_DHE_RSA_WITH_AES_256_CBC_SHA, TLS_DHE_DSS_WITH_AES_256_CBC_SHA, TLS_ECDHE_ECDSA_WITH_AES_128_CBC_SHA256, TLS_ECDHE_RSA_WITH_AES_128_CBC_SHA256, TLS_RSA_WITH_AES_128_CBC_SHA256, TLS_ECDH_ECDSA_WITH_AES_128_CBC_SHA256, TLS_ECDH_RSA_WITH_AES_128_CBC_SHA256, TLS_DHE_RSA_WITH_AES_128_CBC_SHA256, TLS_DHE_DSS_WITH_AES_128_CBC_SHA256, TLS_ECDHE_ECDSA_WITH_AES_128_CBC_SHA, TLS_ECDHE_RSA_WITH_AES_128_CBC_SHA, TLS_RSA_WITH_AES_128_CBC_SHA, TLS_ECDH_ECDSA_WITH_AES_128_CBC_SHA, TLS_ECDH_RSA_WITH_AES_128_CBC_SHA, TLS_DHE_RSA_WITH_AES_128_CBC_SHA, TLS_DHE_DSS_WITH_AES_128_CBC_SHA, TLS_ECDHE_ECDSA_WITH_AES_256_GCM_SHA384, TLS_ECDHE_ECDSA_WITH_AES_128_GCM_SHA256, TLS_ECDHE_RSA_WITH_AES_256_GCM_SHA384, TLS_RSA_WITH_AES_256_GCM_SHA384, TLS_ECDH_ECDSA_WITH_AES_256_GCM_SHA384, TLS_ECDH_RSA_WITH_AES_256_GCM_SHA384, TLS_DHE_RSA_WITH_AES_256_GCM_SHA384, TLS_DHE_DSS_WITH_AES_256_GCM_SHA384, TLS_ECDHE_RSA_WITH_AES_128_GCM_SHA256, TLS_RSA_WITH_AES_128_GCM_SHA256, TLS_ECDH_ECDSA_WITH_AES_128_GCM_SHA256, TLS_ECDH_RSA_WITH_AES_128_GCM_SHA256, TLS_DHE_RSA_WITH_AES_128_GCM_SHA256, TLS_DHE_DSS_WITH_AES_128_GCM_SHA256, TLS_EMPTY_RENEGOTIATION_INFO_SCSV]
21:38:05.997 [ForkJoinPool-1-worker-3] DEBUG org.apache.http.conn.ssl.SSLConnectionSocketFactory - Starting handshake
21:38:05.997 [ForkJoinPool-1-worker-1] DEBUG org.apache.http.conn.ssl.SSLConnectionSocketFactory - Enabled cipher suites:[TLS_ECDHE_ECDSA_WITH_AES_256_CBC_SHA384, TLS_ECDHE_RSA_WITH_AES_256_CBC_SHA384, TLS_RSA_WITH_AES_256_CBC_SHA256, TLS_ECDH_ECDSA_WITH_AES_256_CBC_SHA384, TLS_ECDH_RSA_WITH_AES_256_CBC_SHA384, TLS_DHE_RSA_WITH_AES_256_CBC_SHA256, TLS_DHE_DSS_WITH_AES_256_CBC_SHA256, TLS_ECDHE_ECDSA_WITH_AES_256_CBC_SHA, TLS_ECDHE_RSA_WITH_AES_256_CBC_SHA, TLS_RSA_WITH_AES_256_CBC_SHA, TLS_ECDH_ECDSA_WITH_AES_256_CBC_SHA, TLS_ECDH_RSA_WITH_AES_256_CBC_SHA, TLS_DHE_RSA_WITH_AES_256_CBC_SHA, TLS_DHE_DSS_WITH_AES_256_CBC_SHA, TLS_ECDHE_ECDSA_WITH_AES_128_CBC_SHA256, TLS_ECDHE_RSA_WITH_AES_128_CBC_SHA256, TLS_RSA_WITH_AES_128_CBC_SHA256, TLS_ECDH_ECDSA_WITH_AES_128_CBC_SHA256, TLS_ECDH_RSA_WITH_AES_128_CBC_SHA256, TLS_DHE_RSA_WITH_AES_128_CBC_SHA256, TLS_DHE_DSS_WITH_AES_128_CBC_SHA256, TLS_ECDHE_ECDSA_WITH_AES_128_CBC_SHA, TLS_ECDHE_RSA_WITH_AES_128_CBC_SHA, TLS_RSA_WITH_AES_128_CBC_SHA, TLS_ECDH_ECDSA_WITH_AES_128_CBC_SHA, TLS_ECDH_RSA_WITH_AES_128_CBC_SHA, TLS_DHE_RSA_WITH_AES_128_CBC_SHA, TLS_DHE_DSS_WITH_AES_128_CBC_SHA, TLS_ECDHE_ECDSA_WITH_AES_256_GCM_SHA384, TLS_ECDHE_ECDSA_WITH_AES_128_GCM_SHA256, TLS_ECDHE_RSA_WITH_AES_256_GCM_SHA384, TLS_RSA_WITH_AES_256_GCM_SHA384, TLS_ECDH_ECDSA_WITH_AES_256_GCM_SHA384, TLS_ECDH_RSA_WITH_AES_256_GCM_SHA384, TLS_DHE_RSA_WITH_AES_256_GCM_SHA384, TLS_DHE_DSS_WITH_AES_256_GCM_SHA384, TLS_ECDHE_RSA_WITH_AES_128_GCM_SHA256, TLS_RSA_WITH_AES_128_GCM_SHA256, TLS_ECDH_ECDSA_WITH_AES_128_GCM_SHA256, TLS_ECDH_RSA_WITH_AES_128_GCM_SHA256, TLS_DHE_RSA_WITH_AES_128_GCM_SHA256, TLS_DHE_DSS_WITH_AES_128_GCM_SHA256, TLS_EMPTY_RENEGOTIATION_INFO_SCSV]
21:38:05.997 [ForkJoinPool-1-worker-1] DEBUG org.apache.http.conn.ssl.SSLConnectionSocketFactory - Starting handshake
21:38:06.006 [ForkJoinPool-1-worker-2] DEBUG org.apache.http.conn.ssl.SSLConnectionSocketFactory - Enabled protocols: [TLSv1, TLSv1.1, TLSv1.2]
21:38:06.006 [ForkJoinPool-1-worker-2] DEBUG org.apache.http.conn.ssl.SSLConnectionSocketFactory - Enabled cipher suites:[TLS_ECDHE_ECDSA_WITH_AES_256_CBC_SHA384, TLS_ECDHE_RSA_WITH_AES_256_CBC_SHA384, TLS_RSA_WITH_AES_256_CBC_SHA256, TLS_ECDH_ECDSA_WITH_AES_256_CBC_SHA384, TLS_ECDH_RSA_WITH_AES_256_CBC_SHA384, TLS_DHE_RSA_WITH_AES_256_CBC_SHA256, TLS_DHE_DSS_WITH_AES_256_CBC_SHA256, TLS_ECDHE_ECDSA_WITH_AES_256_CBC_SHA, TLS_ECDHE_RSA_WITH_AES_256_CBC_SHA, TLS_RSA_WITH_AES_256_CBC_SHA, TLS_ECDH_ECDSA_WITH_AES_256_CBC_SHA, TLS_ECDH_RSA_WITH_AES_256_CBC_SHA, TLS_DHE_RSA_WITH_AES_256_CBC_SHA, TLS_DHE_DSS_WITH_AES_256_CBC_SHA, TLS_ECDHE_ECDSA_WITH_AES_128_CBC_SHA256, TLS_ECDHE_RSA_WITH_AES_128_CBC_SHA256, TLS_RSA_WITH_AES_128_CBC_SHA256, TLS_ECDH_ECDSA_WITH_AES_128_CBC_SHA256, TLS_ECDH_RSA_WITH_AES_128_CBC_SHA256, TLS_DHE_RSA_WITH_AES_128_CBC_SHA256, TLS_DHE_DSS_WITH_AES_128_CBC_SHA256, TLS_ECDHE_ECDSA_WITH_AES_128_CBC_SHA, TLS_ECDHE_RSA_WITH_AES_128_CBC_SHA, TLS_RSA_WITH_AES_128_CBC_SHA, TLS_ECDH_ECDSA_WITH_AES_128_CBC_SHA, TLS_ECDH_RSA_WITH_AES_128_CBC_SHA, TLS_DHE_RSA_WITH_AES_128_CBC_SHA, TLS_DHE_DSS_WITH_AES_128_CBC_SHA, TLS_ECDHE_ECDSA_WITH_AES_256_GCM_SHA384, TLS_ECDHE_ECDSA_WITH_AES_128_GCM_SHA256, TLS_ECDHE_RSA_WITH_AES_256_GCM_SHA384, TLS_RSA_WITH_AES_256_GCM_SHA384, TLS_ECDH_ECDSA_WITH_AES_256_GCM_SHA384, TLS_ECDH_RSA_WITH_AES_256_GCM_SHA384, TLS_DHE_RSA_WITH_AES_256_GCM_SHA384, TLS_DHE_DSS_WITH_AES_256_GCM_SHA384, TLS_ECDHE_RSA_WITH_AES_128_GCM_SHA256, TLS_RSA_WITH_AES_128_GCM_SHA256, TLS_ECDH_ECDSA_WITH_AES_128_GCM_SHA256, TLS_ECDH_RSA_WITH_AES_128_GCM_SHA256, TLS_DHE_RSA_WITH_AES_128_GCM_SHA256, TLS_DHE_DSS_WITH_AES_128_GCM_SHA256, TLS_EMPTY_RENEGOTIATION_INFO_SCSV]
21:38:06.006 [ForkJoinPool-1-worker-2] DEBUG org.apache.http.conn.ssl.SSLConnectionSocketFactory - Starting handshake
21:38:07.209 [ForkJoinPool-1-worker-3] DEBUG org.apache.http.conn.ssl.SSLConnectionSocketFactory - Secure session established
21:38:07.209 [ForkJoinPool-1-worker-3] DEBUG org.apache.http.conn.ssl.SSLConnectionSocketFactory -  negotiated protocol: TLSv1.2
21:38:07.209 [ForkJoinPool-1-worker-3] DEBUG org.apache.http.conn.ssl.SSLConnectionSocketFactory -  negotiated cipher suite: TLS_ECDHE_RSA_WITH_AES_128_GCM_SHA256
21:38:07.209 [ForkJoinPool-1-worker-3] DEBUG org.apache.http.conn.ssl.SSLConnectionSocketFactory -  peer principal: CN=*.herokuapp.com, O="Heroku, Inc.", L=San Francisco, ST=California, C=US
21:38:07.209 [ForkJoinPool-1-worker-3] DEBUG org.apache.http.conn.ssl.SSLConnectionSocketFactory -  peer alternative names: [*.herokuapp.com, herokuapp.com]
21:38:07.209 [ForkJoinPool-1-worker-3] DEBUG org.apache.http.conn.ssl.SSLConnectionSocketFactory -  issuer principal: CN=DigiCert SHA2 High Assurance Server CA, OU=www.digicert.com, O=DigiCert Inc, C=US
21:38:07.224 [ForkJoinPool-1-worker-3] DEBUG org.apache.http.impl.conn.DefaultHttpClientConnectionOperator - Connection established 192.168.1.7:51341<->52.20.101.119:443
21:38:07.224 [ForkJoinPool-1-worker-3] DEBUG org.apache.http.impl.conn.DefaultManagedHttpClientConnection - http-outgoing-2: set socket timeout to 30000
21:38:07.224 [ForkJoinPool-1-worker-3] DEBUG org.apache.http.impl.execchain.MainClientExec - Executing request POST /users/sessions/ HTTP/1.1
21:38:07.224 [ForkJoinPool-1-worker-3] DEBUG org.apache.http.impl.execchain.MainClientExec - Target auth state: UNCHALLENGED
21:38:07.224 [ForkJoinPool-1-worker-3] DEBUG org.apache.http.impl.execchain.MainClientExec - Proxy auth state: UNCHALLENGED
21:38:07.224 [ForkJoinPool-1-worker-3] DEBUG org.apache.http.headers - http-outgoing-2 >> POST /users/sessions/ HTTP/1.1
21:38:07.224 [ForkJoinPool-1-worker-3] DEBUG org.apache.http.headers - http-outgoing-2 >> Content-Type: application/json; charset=UTF-8
21:38:07.224 [ForkJoinPool-1-worker-3] DEBUG org.apache.http.headers - http-outgoing-2 >> Content-Length: 62
21:38:07.224 [ForkJoinPool-1-worker-3] DEBUG org.apache.http.headers - http-outgoing-2 >> Host: nodejs-qa-training.herokuapp.com
21:38:07.224 [ForkJoinPool-1-worker-3] DEBUG org.apache.http.headers - http-outgoing-2 >> Connection: Keep-Alive
21:38:07.224 [ForkJoinPool-1-worker-3] DEBUG org.apache.http.headers - http-outgoing-2 >> User-Agent: Apache-HttpClient/4.5.11 (Java/1.8.0_171)
21:38:07.224 [ForkJoinPool-1-worker-3] DEBUG org.apache.http.headers - http-outgoing-2 >> Accept-Encoding: gzip,deflate
21:38:07.240 [ForkJoinPool-1-worker-3] DEBUG org.apache.http.wire - http-outgoing-2 >> "POST /users/sessions/ HTTP/1.1[\r][\n]"
21:38:07.240 [ForkJoinPool-1-worker-3] DEBUG org.apache.http.wire - http-outgoing-2 >> "Content-Type: application/json; charset=UTF-8[\r][\n]"
21:38:07.240 [ForkJoinPool-1-worker-3] DEBUG org.apache.http.wire - http-outgoing-2 >> "Content-Length: 62[\r][\n]"
21:38:07.240 [ForkJoinPool-1-worker-3] DEBUG org.apache.http.wire - http-outgoing-2 >> "Host: nodejs-qa-training.herokuapp.com[\r][\n]"
21:38:07.240 [ForkJoinPool-1-worker-3] DEBUG org.apache.http.wire - http-outgoing-2 >> "Connection: Keep-Alive[\r][\n]"
21:38:07.240 [ForkJoinPool-1-worker-3] DEBUG org.apache.http.wire - http-outgoing-2 >> "User-Agent: Apache-HttpClient/4.5.11 (Java/1.8.0_171)[\r][\n]"
21:38:07.240 [ForkJoinPool-1-worker-3] DEBUG org.apache.http.wire - http-outgoing-2 >> "Accept-Encoding: gzip,deflate[\r][\n]"
21:38:07.240 [ForkJoinPool-1-worker-3] DEBUG org.apache.http.wire - http-outgoing-2 >> "[\r][\n]"
21:38:07.240 [ForkJoinPool-1-worker-3] DEBUG org.apache.http.wire - http-outgoing-2 >> "{"email":"admin@wolox.com.ar","password":"candidatoWolox2020"}"
21:38:07.390 [ForkJoinPool-1-worker-2] DEBUG org.apache.http.conn.ssl.SSLConnectionSocketFactory - Secure session established
21:38:07.390 [ForkJoinPool-1-worker-2] DEBUG org.apache.http.conn.ssl.SSLConnectionSocketFactory -  negotiated protocol: TLSv1.2
21:38:07.390 [ForkJoinPool-1-worker-2] DEBUG org.apache.http.conn.ssl.SSLConnectionSocketFactory -  negotiated cipher suite: TLS_ECDHE_RSA_WITH_AES_128_GCM_SHA256
21:38:07.390 [ForkJoinPool-1-worker-2] DEBUG org.apache.http.conn.ssl.SSLConnectionSocketFactory -  peer principal: CN=*.herokuapp.com, O="Heroku, Inc.", L=San Francisco, ST=California, C=US
21:38:07.390 [ForkJoinPool-1-worker-2] DEBUG org.apache.http.conn.ssl.SSLConnectionSocketFactory -  peer alternative names: [*.herokuapp.com, herokuapp.com]
21:38:07.390 [ForkJoinPool-1-worker-2] DEBUG org.apache.http.conn.ssl.SSLConnectionSocketFactory -  issuer principal: CN=DigiCert SHA2 High Assurance Server CA, OU=www.digicert.com, O=DigiCert Inc, C=US
21:38:07.390 [ForkJoinPool-1-worker-2] DEBUG org.apache.http.impl.conn.DefaultHttpClientConnectionOperator - Connection established 192.168.1.7:51342<->52.20.101.119:443
21:38:07.390 [ForkJoinPool-1-worker-2] DEBUG org.apache.http.impl.conn.DefaultManagedHttpClientConnection - http-outgoing-1: set socket timeout to 30000
21:38:07.390 [ForkJoinPool-1-worker-2] DEBUG org.apache.http.impl.execchain.MainClientExec - Executing request POST /users/sessions/ HTTP/1.1
21:38:07.390 [ForkJoinPool-1-worker-2] DEBUG org.apache.http.impl.execchain.MainClientExec - Target auth state: UNCHALLENGED
21:38:07.390 [ForkJoinPool-1-worker-2] DEBUG org.apache.http.impl.execchain.MainClientExec - Proxy auth state: UNCHALLENGED
21:38:07.390 [ForkJoinPool-1-worker-2] DEBUG org.apache.http.headers - http-outgoing-1 >> POST /users/sessions/ HTTP/1.1
21:38:07.390 [ForkJoinPool-1-worker-2] DEBUG org.apache.http.headers - http-outgoing-1 >> Content-Type: application/json; charset=UTF-8
21:38:07.390 [ForkJoinPool-1-worker-2] DEBUG org.apache.http.headers - http-outgoing-1 >> Content-Length: 62
21:38:07.390 [ForkJoinPool-1-worker-2] DEBUG org.apache.http.headers - http-outgoing-1 >> Host: nodejs-qa-training.herokuapp.com
21:38:07.390 [ForkJoinPool-1-worker-2] DEBUG org.apache.http.headers - http-outgoing-1 >> Connection: Keep-Alive
21:38:07.390 [ForkJoinPool-1-worker-2] DEBUG org.apache.http.headers - http-outgoing-1 >> User-Agent: Apache-HttpClient/4.5.11 (Java/1.8.0_171)
21:38:07.390 [ForkJoinPool-1-worker-2] DEBUG org.apache.http.headers - http-outgoing-1 >> Accept-Encoding: gzip,deflate
21:38:07.390 [ForkJoinPool-1-worker-2] DEBUG org.apache.http.wire - http-outgoing-1 >> "POST /users/sessions/ HTTP/1.1[\r][\n]"
21:38:07.390 [ForkJoinPool-1-worker-2] DEBUG org.apache.http.wire - http-outgoing-1 >> "Content-Type: application/json; charset=UTF-8[\r][\n]"
21:38:07.390 [ForkJoinPool-1-worker-2] DEBUG org.apache.http.wire - http-outgoing-1 >> "Content-Length: 62[\r][\n]"
21:38:07.390 [ForkJoinPool-1-worker-2] DEBUG org.apache.http.wire - http-outgoing-1 >> "Host: nodejs-qa-training.herokuapp.com[\r][\n]"
21:38:07.390 [ForkJoinPool-1-worker-2] DEBUG org.apache.http.wire - http-outgoing-1 >> "Connection: Keep-Alive[\r][\n]"
21:38:07.390 [ForkJoinPool-1-worker-2] DEBUG org.apache.http.wire - http-outgoing-1 >> "User-Agent: Apache-HttpClient/4.5.11 (Java/1.8.0_171)[\r][\n]"
21:38:07.390 [ForkJoinPool-1-worker-2] DEBUG org.apache.http.wire - http-outgoing-1 >> "Accept-Encoding: gzip,deflate[\r][\n]"
21:38:07.390 [ForkJoinPool-1-worker-2] DEBUG org.apache.http.wire - http-outgoing-1 >> "[\r][\n]"
21:38:07.390 [ForkJoinPool-1-worker-2] DEBUG org.apache.http.wire - http-outgoing-1 >> "{"email":"admin@wolox.com.ar","password":"candidatoWolox2020"}"
21:38:07.624 [ForkJoinPool-1-worker-3] DEBUG org.apache.http.wire - http-outgoing-2 << "HTTP/1.1 200 OK[\r][\n]"
21:38:07.624 [ForkJoinPool-1-worker-3] DEBUG org.apache.http.wire - http-outgoing-2 << "Server: Cowboy[\r][\n]"
21:38:07.624 [ForkJoinPool-1-worker-3] DEBUG org.apache.http.wire - http-outgoing-2 << "Connection: keep-alive[\r][\n]"
21:38:07.625 [ForkJoinPool-1-worker-3] DEBUG org.apache.http.wire - http-outgoing-2 << "X-Powered-By: Express[\r][\n]"
21:38:07.625 [ForkJoinPool-1-worker-3] DEBUG org.apache.http.wire - http-outgoing-2 << "Authorization: eyJ0eXAiOiJKV1QiLCJhbGciOiJIUzI1NiJ9.eyJ1c2VySWQiOjE0Niwicm9sZSI6ImFkbWluIiwiaWF0IjoxNjAwMTM3NDg4LjAyMywiZXhwIjoxNjAwMTM5Mjg4LjAyM30.PzIej1Ji0YMPG1YAQFXrOZC5TAgQ7lVNo7de5zS4BO0[\r][\n]"
21:38:07.626 [ForkJoinPool-1-worker-3] DEBUG org.apache.http.wire - http-outgoing-2 << "Content-Type: application/json; charset=utf-8[\r][\n]"
21:38:07.627 [ForkJoinPool-1-worker-3] DEBUG org.apache.http.wire - http-outgoing-2 << "Content-Length: 51[\r][\n]"
21:38:07.627 [ForkJoinPool-1-worker-3] DEBUG org.apache.http.wire - http-outgoing-2 << "Etag: W/"33-T32YJqvFZSCZKPEOYB31Ce+p1zY"[\r][\n]"
21:38:07.628 [ForkJoinPool-1-worker-3] DEBUG org.apache.http.wire - http-outgoing-2 << "Date: Tue, 15 Sep 2020 02:38:08 GMT[\r][\n]"
21:38:07.628 [ForkJoinPool-1-worker-3] DEBUG org.apache.http.wire - http-outgoing-2 << "Via: 1.1 vegur[\r][\n]"
21:38:07.629 [ForkJoinPool-1-worker-3] DEBUG org.apache.http.wire - http-outgoing-2 << "[\r][\n]"
21:38:07.630 [ForkJoinPool-1-worker-3] DEBUG org.apache.http.wire - http-outgoing-2 << "{"user_id":146,"token_expires_at":"1600139288.023"}"
21:38:07.644 [ForkJoinPool-1-worker-3] DEBUG org.apache.http.headers - http-outgoing-2 << HTTP/1.1 200 OK
21:38:07.645 [ForkJoinPool-1-worker-3] DEBUG org.apache.http.headers - http-outgoing-2 << Server: Cowboy
21:38:07.645 [ForkJoinPool-1-worker-3] DEBUG org.apache.http.headers - http-outgoing-2 << Connection: keep-alive
21:38:07.645 [ForkJoinPool-1-worker-3] DEBUG org.apache.http.headers - http-outgoing-2 << X-Powered-By: Express
21:38:07.646 [ForkJoinPool-1-worker-3] DEBUG org.apache.http.headers - http-outgoing-2 << Authorization: eyJ0eXAiOiJKV1QiLCJhbGciOiJIUzI1NiJ9.eyJ1c2VySWQiOjE0Niwicm9sZSI6ImFkbWluIiwiaWF0IjoxNjAwMTM3NDg4LjAyMywiZXhwIjoxNjAwMTM5Mjg4LjAyM30.PzIej1Ji0YMPG1YAQFXrOZC5TAgQ7lVNo7de5zS4BO0
21:38:07.646 [ForkJoinPool-1-worker-3] DEBUG org.apache.http.headers - http-outgoing-2 << Content-Type: application/json; charset=utf-8
21:38:07.646 [ForkJoinPool-1-worker-3] DEBUG org.apache.http.headers - http-outgoing-2 << Content-Length: 51
21:38:07.646 [ForkJoinPool-1-worker-3] DEBUG org.apache.http.headers - http-outgoing-2 << Etag: W/"33-T32YJqvFZSCZKPEOYB31Ce+p1zY"
21:38:07.646 [ForkJoinPool-1-worker-3] DEBUG org.apache.http.headers - http-outgoing-2 << Date: Tue, 15 Sep 2020 02:38:08 GMT
21:38:07.647 [ForkJoinPool-1-worker-3] DEBUG org.apache.http.headers - http-outgoing-2 << Via: 1.1 vegur
21:38:07.656 [ForkJoinPool-1-worker-3] DEBUG org.apache.http.impl.execchain.MainClientExec - Connection can be kept alive indefinitely
21:38:07.665 [ForkJoinPool-1-worker-3] DEBUG org.apache.http.impl.conn.PoolingHttpClientConnectionManager - Connection [id: 0][route: {s}->https://nodejs-qa-training.herokuapp.com:443] can be kept alive indefinitely
21:38:07.666 [ForkJoinPool-1-worker-3] DEBUG org.apache.http.impl.conn.DefaultManagedHttpClientConnection - http-outgoing-2: set socket timeout to 0
21:38:07.666 [ForkJoinPool-1-worker-3] DEBUG org.apache.http.impl.conn.PoolingHttpClientConnectionManager - Connection released: [id: 0][route: {s}->https://nodejs-qa-training.herokuapp.com:443][total available: 1; route allocated: 1 of 5; total allocated: 1 of 10]
21:38:07.666 [ForkJoinPool-1-worker-3] DEBUG com.intuit.karate - response time in milliseconds: 2018,30
1 < 200
1 < Authorization: eyJ0eXAiOiJKV1QiLCJhbGciOiJIUzI1NiJ9.eyJ1c2VySWQiOjE0Niwicm9sZSI6ImFkbWluIiwiaWF0IjoxNjAwMTM3NDg4LjAyMywiZXhwIjoxNjAwMTM5Mjg4LjAyM30.PzIej1Ji0YMPG1YAQFXrOZC5TAgQ7lVNo7de5zS4BO0
1 < Connection: keep-alive
1 < Content-Length: 51
1 < Content-Type: application/json; charset=utf-8
1 < Date: Tue, 15 Sep 2020 02:38:08 GMT
1 < Etag: W/"33-T32YJqvFZSCZKPEOYB31Ce+p1zY"
1 < Server: Cowboy
1 < Via: 1.1 vegur
1 < X-Powered-By: Express
{"user_id":146,"token_expires_at":"1600139288.023"}

21:38:07.669 [ForkJoinPool-1-worker-3] DEBUG com.jayway.jsonpath.internal.path.CompiledPath - Evaluating path: $
21:38:07.669 [ForkJoinPool-1-worker-3] INFO com.intuit.karate - [print] {
  "token_expires_at": "1600139288.023",
  "user_id": 146
}

21:38:07.700 [ForkJoinPool-1-worker-3] INFO com.intuit.karate - [print] eyJ0eXAiOiJKV1QiLCJhbGciOiJIUzI1NiJ9.eyJ1c2VySWQiOjE0Niwicm9sZSI6ImFkbWluIiwiaWF0IjoxNjAwMTM3NDg4LjAyMywiZXhwIjoxNjAwMTM5Mjg4LjAyM30.PzIej1Ji0YMPG1YAQFXrOZC5TAgQ7lVNo7de5zS4BO0
21:38:07.705 [ForkJoinPool-1-worker-3] DEBUG com.jayway.jsonpath.internal.path.CompiledPath - Evaluating path: $['user_id']
21:38:07.718 [ForkJoinPool-1-worker-2] DEBUG org.apache.http.wire - http-outgoing-1 << "HTTP/1.1 200 OK[\r][\n]"
21:38:07.718 [ForkJoinPool-1-worker-2] DEBUG org.apache.http.wire - http-outgoing-1 << "Server: Cowboy[\r][\n]"
21:38:07.718 [ForkJoinPool-1-worker-2] DEBUG org.apache.http.wire - http-outgoing-1 << "Connection: keep-alive[\r][\n]"
21:38:07.718 [ForkJoinPool-1-worker-2] DEBUG org.apache.http.wire - http-outgoing-1 << "X-Powered-By: Express[\r][\n]"
21:38:07.718 [ForkJoinPool-1-worker-2] DEBUG org.apache.http.wire - http-outgoing-1 << "Authorization: eyJ0eXAiOiJKV1QiLCJhbGciOiJIUzI1NiJ9.eyJ1c2VySWQiOjE0Niwicm9sZSI6ImFkbWluIiwiaWF0IjoxNjAwMTM3NDg4LjE1NSwiZXhwIjoxNjAwMTM5Mjg4LjE1NX0.-fKP_Gpnn2M7GAMjqWeNTDY3ek_DnCn3P8tZn74RrCU[\r][\n]"
21:38:07.718 [ForkJoinPool-1-worker-2] DEBUG org.apache.http.wire - http-outgoing-1 << "Content-Type: application/json; charset=utf-8[\r][\n]"
21:38:07.718 [ForkJoinPool-1-worker-2] DEBUG org.apache.http.wire - http-outgoing-1 << "Content-Length: 51[\r][\n]"
21:38:07.718 [ForkJoinPool-1-worker-2] DEBUG org.apache.http.wire - http-outgoing-1 << "Etag: W/"33-o5R8K3L28Ow5a3W48RM1WZIBsvk"[\r][\n]"
21:38:07.718 [ForkJoinPool-1-worker-2] DEBUG org.apache.http.wire - http-outgoing-1 << "Date: Tue, 15 Sep 2020 02:38:08 GMT[\r][\n]"
21:38:07.719 [ForkJoinPool-1-worker-2] DEBUG org.apache.http.wire - http-outgoing-1 << "Via: 1.1 vegur[\r][\n]"
21:38:07.719 [ForkJoinPool-1-worker-2] DEBUG org.apache.http.wire - http-outgoing-1 << "[\r][\n]"
21:38:07.719 [ForkJoinPool-1-worker-2] DEBUG org.apache.http.wire - http-outgoing-1 << "{"user_id":146,"token_expires_at":"1600139288.155"}"
21:38:07.719 [ForkJoinPool-1-worker-2] DEBUG org.apache.http.headers - http-outgoing-1 << HTTP/1.1 200 OK
21:38:07.718 [ForkJoinPool-1-worker-3] DEBUG com.jayway.jsonpath.internal.path.CompiledPath - Evaluating path: $
21:38:07.719 [ForkJoinPool-1-worker-2] DEBUG org.apache.http.headers - http-outgoing-1 << Server: Cowboy
21:38:07.719 [ForkJoinPool-1-worker-2] DEBUG org.apache.http.headers - http-outgoing-1 << Connection: keep-alive
21:38:07.719 [ForkJoinPool-1-worker-2] DEBUG org.apache.http.headers - http-outgoing-1 << X-Powered-By: Express
21:38:07.719 [ForkJoinPool-1-worker-2] DEBUG org.apache.http.headers - http-outgoing-1 << Authorization: eyJ0eXAiOiJKV1QiLCJhbGciOiJIUzI1NiJ9.eyJ1c2VySWQiOjE0Niwicm9sZSI6ImFkbWluIiwiaWF0IjoxNjAwMTM3NDg4LjE1NSwiZXhwIjoxNjAwMTM5Mjg4LjE1NX0.-fKP_Gpnn2M7GAMjqWeNTDY3ek_DnCn3P8tZn74RrCU
21:38:07.719 [ForkJoinPool-1-worker-2] DEBUG org.apache.http.headers - http-outgoing-1 << Content-Type: application/json; charset=utf-8
21:38:07.719 [ForkJoinPool-1-worker-2] DEBUG org.apache.http.headers - http-outgoing-1 << Content-Length: 51
21:38:07.719 [ForkJoinPool-1-worker-2] DEBUG org.apache.http.headers - http-outgoing-1 << Etag: W/"33-o5R8K3L28Ow5a3W48RM1WZIBsvk"
21:38:07.719 [ForkJoinPool-1-worker-2] DEBUG org.apache.http.headers - http-outgoing-1 << Date: Tue, 15 Sep 2020 02:38:08 GMT
21:38:07.719 [ForkJoinPool-1-worker-2] DEBUG org.apache.http.headers - http-outgoing-1 << Via: 1.1 vegur
21:38:07.719 [ForkJoinPool-1-worker-2] DEBUG org.apache.http.impl.execchain.MainClientExec - Connection can be kept alive indefinitely
21:38:07.719 [ForkJoinPool-1-worker-3] DEBUG com.jayway.jsonpath.internal.path.CompiledPath - Evaluating path: $
21:38:07.720 [ForkJoinPool-1-worker-2] DEBUG org.apache.http.impl.conn.PoolingHttpClientConnectionManager - Connection [id: 2][route: {s}->https://nodejs-qa-training.herokuapp.com:443] can be kept alive indefinitely
21:38:07.720 [ForkJoinPool-1-worker-2] DEBUG org.apache.http.impl.conn.DefaultManagedHttpClientConnection - http-outgoing-1: set socket timeout to 0
21:38:07.720 [ForkJoinPool-1-worker-2] DEBUG org.apache.http.impl.conn.PoolingHttpClientConnectionManager - Connection released: [id: 2][route: {s}->https://nodejs-qa-training.herokuapp.com:443][total available: 1; route allocated: 1 of 5; total allocated: 1 of 10]
21:38:07.721 [ForkJoinPool-1-worker-2] DEBUG com.intuit.karate - response time in milliseconds: 2072,37
1 < 200
1 < Authorization: eyJ0eXAiOiJKV1QiLCJhbGciOiJIUzI1NiJ9.eyJ1c2VySWQiOjE0Niwicm9sZSI6ImFkbWluIiwiaWF0IjoxNjAwMTM3NDg4LjE1NSwiZXhwIjoxNjAwMTM5Mjg4LjE1NX0.-fKP_Gpnn2M7GAMjqWeNTDY3ek_DnCn3P8tZn74RrCU
1 < Connection: keep-alive
1 < Content-Length: 51
1 < Content-Type: application/json; charset=utf-8
1 < Date: Tue, 15 Sep 2020 02:38:08 GMT
1 < Etag: W/"33-o5R8K3L28Ow5a3W48RM1WZIBsvk"
1 < Server: Cowboy
1 < Via: 1.1 vegur
1 < X-Powered-By: Express
{"user_id":146,"token_expires_at":"1600139288.155"}

21:38:07.721 [ForkJoinPool-1-worker-2] DEBUG com.jayway.jsonpath.internal.path.CompiledPath - Evaluating path: $
21:38:07.721 [ForkJoinPool-1-worker-2] INFO com.intuit.karate - [print] {
  "token_expires_at": "1600139288.155",
  "user_id": 146
}

21:38:07.722 [ForkJoinPool-1-worker-2] INFO com.intuit.karate - [print] eyJ0eXAiOiJKV1QiLCJhbGciOiJIUzI1NiJ9.eyJ1c2VySWQiOjE0Niwicm9sZSI6ImFkbWluIiwiaWF0IjoxNjAwMTM3NDg4LjE1NSwiZXhwIjoxNjAwMTM5Mjg4LjE1NX0.-fKP_Gpnn2M7GAMjqWeNTDY3ek_DnCn3P8tZn74RrCU
21:38:07.723 [ForkJoinPool-1-worker-2] DEBUG com.jayway.jsonpath.internal.path.CompiledPath - Evaluating path: $['user_id']
21:38:07.720 [ForkJoinPool-1-worker-3] DEBUG com.jayway.jsonpath.internal.path.CompiledPath - Evaluating path: $
21:38:07.757 [ForkJoinPool-1-worker-2] DEBUG com.jayway.jsonpath.internal.path.CompiledPath - Evaluating path: $
21:38:07.757 [ForkJoinPool-1-worker-2] DEBUG com.jayway.jsonpath.internal.path.CompiledPath - Evaluating path: $
21:38:07.757 [ForkJoinPool-1-worker-2] DEBUG com.jayway.jsonpath.internal.path.CompiledPath - Evaluating path: $
21:38:07.757 [Finalizer] DEBUG org.apache.http.impl.conn.PoolingHttpClientConnectionManager - Connection manager is shutting down
21:38:07.760 [Finalizer] DEBUG org.apache.http.impl.conn.DefaultManagedHttpClientConnection - http-outgoing-2: Close connection
21:38:07.762 [ForkJoinPool-1-worker-2] DEBUG com.jayway.jsonpath.internal.path.CompiledPath - Evaluating path: $['Authorization'][0]
21:38:07.762 [Finalizer] DEBUG org.apache.http.impl.conn.PoolingHttpClientConnectionManager - Connection manager shut down
21:38:07.763 [ForkJoinPool-1-worker-3] DEBUG com.jayway.jsonpath.internal.path.CompiledPath - Evaluating path: $['Authorization'][0]
21:38:07.769 [ForkJoinPool-1-worker-2] WARN com.intuit.karate - skipping bootstrap configuration: could not find or read file: classpath:karate-config.js
21:38:07.770 [ForkJoinPool-1-worker-2] DEBUG com.jayway.jsonpath.internal.path.CompiledPath - Evaluating path: $
21:38:07.779 [ForkJoinPool-1-worker-2] DEBUG org.apache.http.client.protocol.RequestAddCookies - CookieSpec selected: karate
21:38:07.779 [ForkJoinPool-1-worker-2] DEBUG org.apache.http.client.protocol.RequestAuthCache - Auth cache not set in the context
21:38:07.779 [ForkJoinPool-1-worker-2] DEBUG com.intuit.karate - request:
1 > POST https://nodejs-qa-training.herokuapp.com/users/sessions
1 > Accept-Encoding: gzip,deflate
1 > Connection: Keep-Alive
1 > Content-Length: 59
1 > Content-Type: application/json; charset=UTF-8
1 > Host: nodejs-qa-training.herokuapp.com
1 > User-Agent: Apache-HttpClient/4.5.11 (Java/1.8.0_171)
{"email":"inexistente@wolox.com.ar","password":"Hernan123"}

21:38:07.779 [ForkJoinPool-1-worker-2] DEBUG org.apache.http.impl.conn.PoolingHttpClientConnectionManager - Connection request: [route: {s}->https://nodejs-qa-training.herokuapp.com:443][total available: 0; route allocated: 0 of 5; total allocated: 0 of 10]
21:38:07.780 [ForkJoinPool-1-worker-2] DEBUG org.apache.http.impl.conn.PoolingHttpClientConnectionManager - Connection leased: [id: 3][route: {s}->https://nodejs-qa-training.herokuapp.com:443][total available: 0; route allocated: 1 of 5; total allocated: 1 of 10]
21:38:07.780 [ForkJoinPool-1-worker-2] DEBUG org.apache.http.impl.execchain.MainClientExec - Opening connection {s}->https://nodejs-qa-training.herokuapp.com:443
21:38:07.780 [ForkJoinPool-1-worker-2] DEBUG org.apache.http.impl.conn.DefaultHttpClientConnectionOperator - Connecting to nodejs-qa-training.herokuapp.com/52.20.101.119:443
21:38:07.780 [ForkJoinPool-1-worker-2] DEBUG org.apache.http.conn.ssl.SSLConnectionSocketFactory - Connecting socket to nodejs-qa-training.herokuapp.com/52.20.101.119:443 with timeout 30000
21:38:07.804 [ForkJoinPool-1-worker-3] DEBUG org.apache.http.client.protocol.RequestAddCookies - CookieSpec selected: karate
21:38:07.804 [ForkJoinPool-1-worker-3] DEBUG org.apache.http.client.protocol.RequestAuthCache - Auth cache not set in the context
21:38:07.804 [ForkJoinPool-1-worker-3] DEBUG com.intuit.karate - request:
1 > GET https://nodejs-qa-training.herokuapp.com/albums
1 > Accept-Encoding: gzip,deflate
1 > Authorization: eyJ0eXAiOiJKV1QiLCJhbGciOiJIUzI1NiJ9.eyJ1c2VySWQiOjE0Niwicm9sZSI6ImFkbWluIiwiaWF0IjoxNjAwMTM3NDg4LjAyMywiZXhwIjoxNjAwMTM5Mjg4LjAyM30.PzIej1Ji0YMPG1YAQFXrOZC5TAgQ7lVNo7de5zS4BO0
1 > Connection: Keep-Alive
1 > Content-Type: application/json
1 > Host: nodejs-qa-training.herokuapp.com
1 > User-Agent: Apache-HttpClient/4.5.11 (Java/1.8.0_171)

21:38:07.804 [ForkJoinPool-1-worker-3] DEBUG org.apache.http.impl.conn.PoolingHttpClientConnectionManager - Connection request: [route: {s}->https://nodejs-qa-training.herokuapp.com:443][total available: 0; route allocated: 0 of 5; total allocated: 0 of 10]
21:38:07.804 [ForkJoinPool-1-worker-3] DEBUG org.apache.http.impl.conn.PoolingHttpClientConnectionManager - Connection leased: [id: 4][route: {s}->https://nodejs-qa-training.herokuapp.com:443][total available: 0; route allocated: 1 of 5; total allocated: 1 of 10]
21:38:07.804 [ForkJoinPool-1-worker-3] DEBUG org.apache.http.impl.execchain.MainClientExec - Opening connection {s}->https://nodejs-qa-training.herokuapp.com:443
21:38:07.804 [ForkJoinPool-1-worker-3] DEBUG org.apache.http.impl.conn.DefaultHttpClientConnectionOperator - Connecting to nodejs-qa-training.herokuapp.com/52.20.101.119:443
21:38:07.804 [ForkJoinPool-1-worker-3] DEBUG org.apache.http.conn.ssl.SSLConnectionSocketFactory - Connecting socket to nodejs-qa-training.herokuapp.com/52.20.101.119:443 with timeout 30000
21:38:07.871 [ForkJoinPool-1-worker-1] DEBUG org.apache.http.conn.ssl.SSLConnectionSocketFactory - Secure session established
21:38:07.871 [ForkJoinPool-1-worker-1] DEBUG org.apache.http.conn.ssl.SSLConnectionSocketFactory -  negotiated protocol: TLSv1.2
21:38:07.871 [ForkJoinPool-1-worker-1] DEBUG org.apache.http.conn.ssl.SSLConnectionSocketFactory -  negotiated cipher suite: TLS_ECDHE_RSA_WITH_AES_128_GCM_SHA256
21:38:07.871 [ForkJoinPool-1-worker-1] DEBUG org.apache.http.conn.ssl.SSLConnectionSocketFactory -  peer principal: CN=*.herokuapp.com, O="Heroku, Inc.", L=San Francisco, ST=California, C=US
21:38:07.871 [ForkJoinPool-1-worker-1] DEBUG org.apache.http.conn.ssl.SSLConnectionSocketFactory -  peer alternative names: [*.herokuapp.com, herokuapp.com]
21:38:07.871 [ForkJoinPool-1-worker-1] DEBUG org.apache.http.conn.ssl.SSLConnectionSocketFactory -  issuer principal: CN=DigiCert SHA2 High Assurance Server CA, OU=www.digicert.com, O=DigiCert Inc, C=US
21:38:07.871 [ForkJoinPool-1-worker-1] DEBUG org.apache.http.impl.conn.DefaultHttpClientConnectionOperator - Connection established 192.168.1.7:51343<->52.20.101.119:443
21:38:07.871 [ForkJoinPool-1-worker-1] DEBUG org.apache.http.impl.conn.DefaultManagedHttpClientConnection - http-outgoing-0: set socket timeout to 30000
21:38:07.871 [ForkJoinPool-1-worker-1] DEBUG org.apache.http.impl.execchain.MainClientExec - Executing request POST /users/sessions/ HTTP/1.1
21:38:07.871 [ForkJoinPool-1-worker-1] DEBUG org.apache.http.impl.execchain.MainClientExec - Target auth state: UNCHALLENGED
21:38:07.879 [ForkJoinPool-1-worker-1] DEBUG org.apache.http.impl.execchain.MainClientExec - Proxy auth state: UNCHALLENGED
21:38:07.881 [ForkJoinPool-1-worker-1] DEBUG org.apache.http.headers - http-outgoing-0 >> POST /users/sessions/ HTTP/1.1
21:38:07.881 [ForkJoinPool-1-worker-1] DEBUG org.apache.http.headers - http-outgoing-0 >> Content-Type: application/json; charset=UTF-8
21:38:07.881 [ForkJoinPool-1-worker-1] DEBUG org.apache.http.headers - http-outgoing-0 >> Content-Length: 56
21:38:07.881 [ForkJoinPool-1-worker-1] DEBUG org.apache.http.headers - http-outgoing-0 >> Host: nodejs-qa-training.herokuapp.com
21:38:07.881 [ForkJoinPool-1-worker-1] DEBUG org.apache.http.headers - http-outgoing-0 >> Connection: Keep-Alive
21:38:07.881 [ForkJoinPool-1-worker-1] DEBUG org.apache.http.headers - http-outgoing-0 >> User-Agent: Apache-HttpClient/4.5.11 (Java/1.8.0_171)
21:38:07.882 [ForkJoinPool-1-worker-1] DEBUG org.apache.http.headers - http-outgoing-0 >> Accept-Encoding: gzip,deflate
21:38:07.882 [ForkJoinPool-1-worker-1] DEBUG org.apache.http.wire - http-outgoing-0 >> "POST /users/sessions/ HTTP/1.1[\r][\n]"
21:38:07.882 [ForkJoinPool-1-worker-1] DEBUG org.apache.http.wire - http-outgoing-0 >> "Content-Type: application/json; charset=UTF-8[\r][\n]"
21:38:07.882 [ForkJoinPool-1-worker-1] DEBUG org.apache.http.wire - http-outgoing-0 >> "Content-Length: 56[\r][\n]"
21:38:07.882 [ForkJoinPool-1-worker-1] DEBUG org.apache.http.wire - http-outgoing-0 >> "Host: nodejs-qa-training.herokuapp.com[\r][\n]"
21:38:07.882 [ForkJoinPool-1-worker-1] DEBUG org.apache.http.wire - http-outgoing-0 >> "Connection: Keep-Alive[\r][\n]"
21:38:07.882 [ForkJoinPool-1-worker-1] DEBUG org.apache.http.wire - http-outgoing-0 >> "User-Agent: Apache-HttpClient/4.5.11 (Java/1.8.0_171)[\r][\n]"
21:38:07.883 [ForkJoinPool-1-worker-1] DEBUG org.apache.http.wire - http-outgoing-0 >> "Accept-Encoding: gzip,deflate[\r][\n]"
21:38:07.883 [ForkJoinPool-1-worker-1] DEBUG org.apache.http.wire - http-outgoing-0 >> "[\r][\n]"
21:38:07.883 [ForkJoinPool-1-worker-1] DEBUG org.apache.http.wire - http-outgoing-0 >> "{"email":"hernan00@wolox.com.ar","password":"Hernan123"}"
21:38:07.895 [ForkJoinPool-1-worker-2] DEBUG org.apache.http.conn.ssl.SSLConnectionSocketFactory - Enabled protocols: [TLSv1, TLSv1.1, TLSv1.2]
21:38:07.895 [ForkJoinPool-1-worker-2] DEBUG org.apache.http.conn.ssl.SSLConnectionSocketFactory - Enabled cipher suites:[TLS_ECDHE_ECDSA_WITH_AES_256_CBC_SHA384, TLS_ECDHE_RSA_WITH_AES_256_CBC_SHA384, TLS_RSA_WITH_AES_256_CBC_SHA256, TLS_ECDH_ECDSA_WITH_AES_256_CBC_SHA384, TLS_ECDH_RSA_WITH_AES_256_CBC_SHA384, TLS_DHE_RSA_WITH_AES_256_CBC_SHA256, TLS_DHE_DSS_WITH_AES_256_CBC_SHA256, TLS_ECDHE_ECDSA_WITH_AES_256_CBC_SHA, TLS_ECDHE_RSA_WITH_AES_256_CBC_SHA, TLS_RSA_WITH_AES_256_CBC_SHA, TLS_ECDH_ECDSA_WITH_AES_256_CBC_SHA, TLS_ECDH_RSA_WITH_AES_256_CBC_SHA, TLS_DHE_RSA_WITH_AES_256_CBC_SHA, TLS_DHE_DSS_WITH_AES_256_CBC_SHA, TLS_ECDHE_ECDSA_WITH_AES_128_CBC_SHA256, TLS_ECDHE_RSA_WITH_AES_128_CBC_SHA256, TLS_RSA_WITH_AES_128_CBC_SHA256, TLS_ECDH_ECDSA_WITH_AES_128_CBC_SHA256, TLS_ECDH_RSA_WITH_AES_128_CBC_SHA256, TLS_DHE_RSA_WITH_AES_128_CBC_SHA256, TLS_DHE_DSS_WITH_AES_128_CBC_SHA256, TLS_ECDHE_ECDSA_WITH_AES_128_CBC_SHA, TLS_ECDHE_RSA_WITH_AES_128_CBC_SHA, TLS_RSA_WITH_AES_128_CBC_SHA, TLS_ECDH_ECDSA_WITH_AES_128_CBC_SHA, TLS_ECDH_RSA_WITH_AES_128_CBC_SHA, TLS_DHE_RSA_WITH_AES_128_CBC_SHA, TLS_DHE_DSS_WITH_AES_128_CBC_SHA, TLS_ECDHE_ECDSA_WITH_AES_256_GCM_SHA384, TLS_ECDHE_ECDSA_WITH_AES_128_GCM_SHA256, TLS_ECDHE_RSA_WITH_AES_256_GCM_SHA384, TLS_RSA_WITH_AES_256_GCM_SHA384, TLS_ECDH_ECDSA_WITH_AES_256_GCM_SHA384, TLS_ECDH_RSA_WITH_AES_256_GCM_SHA384, TLS_DHE_RSA_WITH_AES_256_GCM_SHA384, TLS_DHE_DSS_WITH_AES_256_GCM_SHA384, TLS_ECDHE_RSA_WITH_AES_128_GCM_SHA256, TLS_RSA_WITH_AES_128_GCM_SHA256, TLS_ECDH_ECDSA_WITH_AES_128_GCM_SHA256, TLS_ECDH_RSA_WITH_AES_128_GCM_SHA256, TLS_DHE_RSA_WITH_AES_128_GCM_SHA256, TLS_DHE_DSS_WITH_AES_128_GCM_SHA256, TLS_EMPTY_RENEGOTIATION_INFO_SCSV]
21:38:07.895 [ForkJoinPool-1-worker-2] DEBUG org.apache.http.conn.ssl.SSLConnectionSocketFactory - Starting handshake
21:38:07.929 [ForkJoinPool-1-worker-3] DEBUG org.apache.http.conn.ssl.SSLConnectionSocketFactory - Enabled protocols: [TLSv1, TLSv1.1, TLSv1.2]
21:38:07.930 [ForkJoinPool-1-worker-3] DEBUG org.apache.http.conn.ssl.SSLConnectionSocketFactory - Enabled cipher suites:[TLS_ECDHE_ECDSA_WITH_AES_256_CBC_SHA384, TLS_ECDHE_RSA_WITH_AES_256_CBC_SHA384, TLS_RSA_WITH_AES_256_CBC_SHA256, TLS_ECDH_ECDSA_WITH_AES_256_CBC_SHA384, TLS_ECDH_RSA_WITH_AES_256_CBC_SHA384, TLS_DHE_RSA_WITH_AES_256_CBC_SHA256, TLS_DHE_DSS_WITH_AES_256_CBC_SHA256, TLS_ECDHE_ECDSA_WITH_AES_256_CBC_SHA, TLS_ECDHE_RSA_WITH_AES_256_CBC_SHA, TLS_RSA_WITH_AES_256_CBC_SHA, TLS_ECDH_ECDSA_WITH_AES_256_CBC_SHA, TLS_ECDH_RSA_WITH_AES_256_CBC_SHA, TLS_DHE_RSA_WITH_AES_256_CBC_SHA, TLS_DHE_DSS_WITH_AES_256_CBC_SHA, TLS_ECDHE_ECDSA_WITH_AES_128_CBC_SHA256, TLS_ECDHE_RSA_WITH_AES_128_CBC_SHA256, TLS_RSA_WITH_AES_128_CBC_SHA256, TLS_ECDH_ECDSA_WITH_AES_128_CBC_SHA256, TLS_ECDH_RSA_WITH_AES_128_CBC_SHA256, TLS_DHE_RSA_WITH_AES_128_CBC_SHA256, TLS_DHE_DSS_WITH_AES_128_CBC_SHA256, TLS_ECDHE_ECDSA_WITH_AES_128_CBC_SHA, TLS_ECDHE_RSA_WITH_AES_128_CBC_SHA, TLS_RSA_WITH_AES_128_CBC_SHA, TLS_ECDH_ECDSA_WITH_AES_128_CBC_SHA, TLS_ECDH_RSA_WITH_AES_128_CBC_SHA, TLS_DHE_RSA_WITH_AES_128_CBC_SHA, TLS_DHE_DSS_WITH_AES_128_CBC_SHA, TLS_ECDHE_ECDSA_WITH_AES_256_GCM_SHA384, TLS_ECDHE_ECDSA_WITH_AES_128_GCM_SHA256, TLS_ECDHE_RSA_WITH_AES_256_GCM_SHA384, TLS_RSA_WITH_AES_256_GCM_SHA384, TLS_ECDH_ECDSA_WITH_AES_256_GCM_SHA384, TLS_ECDH_RSA_WITH_AES_256_GCM_SHA384, TLS_DHE_RSA_WITH_AES_256_GCM_SHA384, TLS_DHE_DSS_WITH_AES_256_GCM_SHA384, TLS_ECDHE_RSA_WITH_AES_128_GCM_SHA256, TLS_RSA_WITH_AES_128_GCM_SHA256, TLS_ECDH_ECDSA_WITH_AES_128_GCM_SHA256, TLS_ECDH_RSA_WITH_AES_128_GCM_SHA256, TLS_DHE_RSA_WITH_AES_128_GCM_SHA256, TLS_DHE_DSS_WITH_AES_128_GCM_SHA256, TLS_EMPTY_RENEGOTIATION_INFO_SCSV]
21:38:07.930 [ForkJoinPool-1-worker-3] DEBUG org.apache.http.conn.ssl.SSLConnectionSocketFactory - Starting handshake
21:38:08.204 [ForkJoinPool-1-worker-2] DEBUG org.apache.http.conn.ssl.SSLConnectionSocketFactory - Secure session established
21:38:08.204 [ForkJoinPool-1-worker-2] DEBUG org.apache.http.conn.ssl.SSLConnectionSocketFactory -  negotiated protocol: TLSv1.2
21:38:08.204 [ForkJoinPool-1-worker-2] DEBUG org.apache.http.conn.ssl.SSLConnectionSocketFactory -  negotiated cipher suite: TLS_ECDHE_RSA_WITH_AES_128_GCM_SHA256
21:38:08.204 [ForkJoinPool-1-worker-2] DEBUG org.apache.http.conn.ssl.SSLConnectionSocketFactory -  peer principal: CN=*.herokuapp.com, O="Heroku, Inc.", L=San Francisco, ST=California, C=US
21:38:08.204 [ForkJoinPool-1-worker-2] DEBUG org.apache.http.conn.ssl.SSLConnectionSocketFactory -  peer alternative names: [*.herokuapp.com, herokuapp.com]
21:38:08.204 [ForkJoinPool-1-worker-2] DEBUG org.apache.http.conn.ssl.SSLConnectionSocketFactory -  issuer principal: CN=DigiCert SHA2 High Assurance Server CA, OU=www.digicert.com, O=DigiCert Inc, C=US
21:38:08.204 [ForkJoinPool-1-worker-2] DEBUG org.apache.http.impl.conn.DefaultHttpClientConnectionOperator - Connection established 192.168.1.7:51344<->52.20.101.119:443
21:38:08.204 [ForkJoinPool-1-worker-2] DEBUG org.apache.http.impl.conn.DefaultManagedHttpClientConnection - http-outgoing-3: set socket timeout to 30000
21:38:08.204 [ForkJoinPool-1-worker-2] DEBUG org.apache.http.impl.execchain.MainClientExec - Executing request POST /users/sessions HTTP/1.1
21:38:08.204 [ForkJoinPool-1-worker-2] DEBUG org.apache.http.impl.execchain.MainClientExec - Target auth state: UNCHALLENGED
21:38:08.204 [ForkJoinPool-1-worker-2] DEBUG org.apache.http.impl.execchain.MainClientExec - Proxy auth state: UNCHALLENGED
21:38:08.204 [ForkJoinPool-1-worker-2] DEBUG org.apache.http.headers - http-outgoing-3 >> POST /users/sessions HTTP/1.1
21:38:08.204 [ForkJoinPool-1-worker-2] DEBUG org.apache.http.headers - http-outgoing-3 >> Content-Type: application/json; charset=UTF-8
21:38:08.204 [ForkJoinPool-1-worker-2] DEBUG org.apache.http.headers - http-outgoing-3 >> Content-Length: 59
21:38:08.204 [ForkJoinPool-1-worker-2] DEBUG org.apache.http.headers - http-outgoing-3 >> Host: nodejs-qa-training.herokuapp.com
21:38:08.204 [ForkJoinPool-1-worker-2] DEBUG org.apache.http.headers - http-outgoing-3 >> Connection: Keep-Alive
21:38:08.204 [ForkJoinPool-1-worker-2] DEBUG org.apache.http.headers - http-outgoing-3 >> User-Agent: Apache-HttpClient/4.5.11 (Java/1.8.0_171)
21:38:08.204 [ForkJoinPool-1-worker-2] DEBUG org.apache.http.headers - http-outgoing-3 >> Accept-Encoding: gzip,deflate
21:38:08.204 [ForkJoinPool-1-worker-2] DEBUG org.apache.http.wire - http-outgoing-3 >> "POST /users/sessions HTTP/1.1[\r][\n]"
21:38:08.204 [ForkJoinPool-1-worker-2] DEBUG org.apache.http.wire - http-outgoing-3 >> "Content-Type: application/json; charset=UTF-8[\r][\n]"
21:38:08.204 [ForkJoinPool-1-worker-2] DEBUG org.apache.http.wire - http-outgoing-3 >> "Content-Length: 59[\r][\n]"
21:38:08.204 [ForkJoinPool-1-worker-2] DEBUG org.apache.http.wire - http-outgoing-3 >> "Host: nodejs-qa-training.herokuapp.com[\r][\n]"
21:38:08.204 [ForkJoinPool-1-worker-2] DEBUG org.apache.http.wire - http-outgoing-3 >> "Connection: Keep-Alive[\r][\n]"
21:38:08.204 [ForkJoinPool-1-worker-2] DEBUG org.apache.http.wire - http-outgoing-3 >> "User-Agent: Apache-HttpClient/4.5.11 (Java/1.8.0_171)[\r][\n]"
21:38:08.204 [ForkJoinPool-1-worker-2] DEBUG org.apache.http.wire - http-outgoing-3 >> "Accept-Encoding: gzip,deflate[\r][\n]"
21:38:08.204 [ForkJoinPool-1-worker-2] DEBUG org.apache.http.wire - http-outgoing-3 >> "[\r][\n]"
21:38:08.204 [ForkJoinPool-1-worker-2] DEBUG org.apache.http.wire - http-outgoing-3 >> "{"email":"inexistente@wolox.com.ar","password":"Hernan123"}"
21:38:08.235 [ForkJoinPool-1-worker-3] DEBUG org.apache.http.conn.ssl.SSLConnectionSocketFactory - Secure session established
21:38:08.235 [ForkJoinPool-1-worker-3] DEBUG org.apache.http.conn.ssl.SSLConnectionSocketFactory -  negotiated protocol: TLSv1.2
21:38:08.235 [ForkJoinPool-1-worker-3] DEBUG org.apache.http.conn.ssl.SSLConnectionSocketFactory -  negotiated cipher suite: TLS_ECDHE_RSA_WITH_AES_128_GCM_SHA256
21:38:08.235 [ForkJoinPool-1-worker-3] DEBUG org.apache.http.conn.ssl.SSLConnectionSocketFactory -  peer principal: CN=*.herokuapp.com, O="Heroku, Inc.", L=San Francisco, ST=California, C=US
21:38:08.235 [ForkJoinPool-1-worker-3] DEBUG org.apache.http.conn.ssl.SSLConnectionSocketFactory -  peer alternative names: [*.herokuapp.com, herokuapp.com]
21:38:08.235 [ForkJoinPool-1-worker-3] DEBUG org.apache.http.conn.ssl.SSLConnectionSocketFactory -  issuer principal: CN=DigiCert SHA2 High Assurance Server CA, OU=www.digicert.com, O=DigiCert Inc, C=US
21:38:08.235 [ForkJoinPool-1-worker-1] DEBUG org.apache.http.wire - http-outgoing-0 << "HTTP/1.1 200 OK[\r][\n]"
21:38:08.235 [ForkJoinPool-1-worker-1] DEBUG org.apache.http.wire - http-outgoing-0 << "Server: Cowboy[\r][\n]"
21:38:08.235 [ForkJoinPool-1-worker-1] DEBUG org.apache.http.wire - http-outgoing-0 << "Connection: keep-alive[\r][\n]"
21:38:08.235 [ForkJoinPool-1-worker-1] DEBUG org.apache.http.wire - http-outgoing-0 << "X-Powered-By: Express[\r][\n]"
21:38:08.235 [ForkJoinPool-1-worker-3] DEBUG org.apache.http.impl.conn.DefaultHttpClientConnectionOperator - Connection established 192.168.1.7:51345<->52.20.101.119:443
21:38:08.235 [ForkJoinPool-1-worker-1] DEBUG org.apache.http.wire - http-outgoing-0 << "Authorization: eyJ0eXAiOiJKV1QiLCJhbGciOiJIUzI1NiJ9.eyJ1c2VySWQiOjI1OCwicm9sZSI6InJlZ3VsYXIiLCJpYXQiOjE2MDAxMzc0ODguNjE4LCJleHAiOjE2MDAxMzkyODguNjE4fQ.Kodj5v_GnWvf7zkOTAJ9XHSQrfN3VZ-qu9DGBc-Ob5Y[\r][\n]"
21:38:08.235 [ForkJoinPool-1-worker-3] DEBUG org.apache.http.impl.conn.DefaultManagedHttpClientConnection - http-outgoing-4: set socket timeout to 30000
21:38:08.235 [ForkJoinPool-1-worker-1] DEBUG org.apache.http.wire - http-outgoing-0 << "Content-Type: application/json; charset=utf-8[\r][\n]"
21:38:08.235 [ForkJoinPool-1-worker-1] DEBUG org.apache.http.wire - http-outgoing-0 << "Content-Length: 51[\r][\n]"
21:38:08.235 [ForkJoinPool-1-worker-3] DEBUG org.apache.http.impl.execchain.MainClientExec - Executing request GET /albums HTTP/1.1
21:38:08.235 [ForkJoinPool-1-worker-3] DEBUG org.apache.http.impl.execchain.MainClientExec - Proxy auth state: UNCHALLENGED
21:38:08.235 [ForkJoinPool-1-worker-1] DEBUG org.apache.http.wire - http-outgoing-0 << "Etag: W/"33-TmU7LFEILfQiXFyXBf4PqvOtMi0"[\r][\n]"
21:38:08.235 [ForkJoinPool-1-worker-1] DEBUG org.apache.http.wire - http-outgoing-0 << "Date: Tue, 15 Sep 2020 02:38:08 GMT[\r][\n]"
21:38:08.235 [ForkJoinPool-1-worker-1] DEBUG org.apache.http.wire - http-outgoing-0 << "Via: 1.1 vegur[\r][\n]"
21:38:08.235 [ForkJoinPool-1-worker-3] DEBUG org.apache.http.headers - http-outgoing-4 >> GET /albums HTTP/1.1
21:38:08.235 [ForkJoinPool-1-worker-1] DEBUG org.apache.http.wire - http-outgoing-0 << "[\r][\n]"
21:38:08.235 [ForkJoinPool-1-worker-3] DEBUG org.apache.http.headers - http-outgoing-4 >> Content-Type: application/json
21:38:08.235 [ForkJoinPool-1-worker-1] DEBUG org.apache.http.wire - http-outgoing-0 << "{"user_id":258,"token_expires_at":"1600139288.618"}"
21:38:08.235 [ForkJoinPool-1-worker-3] DEBUG org.apache.http.headers - http-outgoing-4 >> Authorization: eyJ0eXAiOiJKV1QiLCJhbGciOiJIUzI1NiJ9.eyJ1c2VySWQiOjE0Niwicm9sZSI6ImFkbWluIiwiaWF0IjoxNjAwMTM3NDg4LjAyMywiZXhwIjoxNjAwMTM5Mjg4LjAyM30.PzIej1Ji0YMPG1YAQFXrOZC5TAgQ7lVNo7de5zS4BO0
21:38:08.235 [ForkJoinPool-1-worker-3] DEBUG org.apache.http.headers - http-outgoing-4 >> Host: nodejs-qa-training.herokuapp.com
21:38:08.235 [ForkJoinPool-1-worker-3] DEBUG org.apache.http.headers - http-outgoing-4 >> Connection: Keep-Alive
21:38:08.235 [ForkJoinPool-1-worker-1] DEBUG org.apache.http.headers - http-outgoing-0 << HTTP/1.1 200 OK
21:38:08.235 [ForkJoinPool-1-worker-1] DEBUG org.apache.http.headers - http-outgoing-0 << Server: Cowboy
21:38:08.235 [ForkJoinPool-1-worker-3] DEBUG org.apache.http.headers - http-outgoing-4 >> User-Agent: Apache-HttpClient/4.5.11 (Java/1.8.0_171)
21:38:08.235 [ForkJoinPool-1-worker-1] DEBUG org.apache.http.headers - http-outgoing-0 << Connection: keep-alive
21:38:08.235 [ForkJoinPool-1-worker-3] DEBUG org.apache.http.headers - http-outgoing-4 >> Accept-Encoding: gzip,deflate
21:38:08.235 [ForkJoinPool-1-worker-1] DEBUG org.apache.http.headers - http-outgoing-0 << X-Powered-By: Express
21:38:08.235 [ForkJoinPool-1-worker-3] DEBUG org.apache.http.wire - http-outgoing-4 >> "GET /albums HTTP/1.1[\r][\n]"
21:38:08.235 [ForkJoinPool-1-worker-1] DEBUG org.apache.http.headers - http-outgoing-0 << Authorization: eyJ0eXAiOiJKV1QiLCJhbGciOiJIUzI1NiJ9.eyJ1c2VySWQiOjI1OCwicm9sZSI6InJlZ3VsYXIiLCJpYXQiOjE2MDAxMzc0ODguNjE4LCJleHAiOjE2MDAxMzkyODguNjE4fQ.Kodj5v_GnWvf7zkOTAJ9XHSQrfN3VZ-qu9DGBc-Ob5Y
21:38:08.235 [ForkJoinPool-1-worker-3] DEBUG org.apache.http.wire - http-outgoing-4 >> "Content-Type: application/json[\r][\n]"
21:38:08.235 [ForkJoinPool-1-worker-1] DEBUG org.apache.http.headers - http-outgoing-0 << Content-Type: application/json; charset=utf-8
21:38:08.235 [ForkJoinPool-1-worker-1] DEBUG org.apache.http.headers - http-outgoing-0 << Content-Length: 51
21:38:08.235 [ForkJoinPool-1-worker-1] DEBUG org.apache.http.headers - http-outgoing-0 << Etag: W/"33-TmU7LFEILfQiXFyXBf4PqvOtMi0"
21:38:08.235 [ForkJoinPool-1-worker-1] DEBUG org.apache.http.headers - http-outgoing-0 << Date: Tue, 15 Sep 2020 02:38:08 GMT
21:38:08.235 [ForkJoinPool-1-worker-1] DEBUG org.apache.http.headers - http-outgoing-0 << Via: 1.1 vegur
21:38:08.235 [ForkJoinPool-1-worker-1] DEBUG org.apache.http.impl.execchain.MainClientExec - Connection can be kept alive indefinitely
21:38:08.235 [ForkJoinPool-1-worker-1] DEBUG org.apache.http.impl.conn.PoolingHttpClientConnectionManager - Connection [id: 1][route: {s}->https://nodejs-qa-training.herokuapp.com:443] can be kept alive indefinitely
21:38:08.235 [ForkJoinPool-1-worker-1] DEBUG org.apache.http.impl.conn.DefaultManagedHttpClientConnection - http-outgoing-0: set socket timeout to 0
21:38:08.235 [ForkJoinPool-1-worker-3] DEBUG org.apache.http.wire - http-outgoing-4 >> "Authorization: eyJ0eXAiOiJKV1QiLCJhbGciOiJIUzI1NiJ9.eyJ1c2VySWQiOjE0Niwicm9sZSI6ImFkbWluIiwiaWF0IjoxNjAwMTM3NDg4LjAyMywiZXhwIjoxNjAwMTM5Mjg4LjAyM30.PzIej1Ji0YMPG1YAQFXrOZC5TAgQ7lVNo7de5zS4BO0[\r][\n]"
21:38:08.235 [ForkJoinPool-1-worker-1] DEBUG org.apache.http.impl.conn.PoolingHttpClientConnectionManager - Connection released: [id: 1][route: {s}->https://nodejs-qa-training.herokuapp.com:443][total available: 1; route allocated: 1 of 5; total allocated: 1 of 10]
21:38:08.235 [ForkJoinPool-1-worker-3] DEBUG org.apache.http.wire - http-outgoing-4 >> "Host: nodejs-qa-training.herokuapp.com[\r][\n]"
21:38:08.235 [ForkJoinPool-1-worker-1] DEBUG com.intuit.karate - response time in milliseconds: 2599,27
1 < 200
1 < Authorization: eyJ0eXAiOiJKV1QiLCJhbGciOiJIUzI1NiJ9.eyJ1c2VySWQiOjI1OCwicm9sZSI6InJlZ3VsYXIiLCJpYXQiOjE2MDAxMzc0ODguNjE4LCJleHAiOjE2MDAxMzkyODguNjE4fQ.Kodj5v_GnWvf7zkOTAJ9XHSQrfN3VZ-qu9DGBc-Ob5Y
1 < Connection: keep-alive
1 < Content-Length: 51
1 < Content-Type: application/json; charset=utf-8
1 < Date: Tue, 15 Sep 2020 02:38:08 GMT
1 < Etag: W/"33-TmU7LFEILfQiXFyXBf4PqvOtMi0"
1 < Server: Cowboy
1 < Via: 1.1 vegur
1 < X-Powered-By: Express
{"user_id":258,"token_expires_at":"1600139288.618"}

21:38:08.235 [ForkJoinPool-1-worker-3] DEBUG org.apache.http.wire - http-outgoing-4 >> "Connection: Keep-Alive[\r][\n]"
21:38:08.235 [ForkJoinPool-1-worker-3] DEBUG org.apache.http.wire - http-outgoing-4 >> "User-Agent: Apache-HttpClient/4.5.11 (Java/1.8.0_171)[\r][\n]"
21:38:08.235 [ForkJoinPool-1-worker-3] DEBUG org.apache.http.wire - http-outgoing-4 >> "Accept-Encoding: gzip,deflate[\r][\n]"
21:38:08.235 [ForkJoinPool-1-worker-3] DEBUG org.apache.http.wire - http-outgoing-4 >> "[\r][\n]"
21:38:08.235 [ForkJoinPool-1-worker-1] DEBUG com.jayway.jsonpath.internal.path.CompiledPath - Evaluating path: $
21:38:08.235 [ForkJoinPool-1-worker-1] INFO com.intuit.karate - [print] {
  "token_expires_at": "1600139288.618",
  "user_id": 258
}

21:38:08.235 [ForkJoinPool-1-worker-1] INFO com.intuit.karate - [print] eyJ0eXAiOiJKV1QiLCJhbGciOiJIUzI1NiJ9.eyJ1c2VySWQiOjI1OCwicm9sZSI6InJlZ3VsYXIiLCJpYXQiOjE2MDAxMzc0ODguNjE4LCJleHAiOjE2MDAxMzkyODguNjE4fQ.Kodj5v_GnWvf7zkOTAJ9XHSQrfN3VZ-qu9DGBc-Ob5Y
21:38:08.251 [ForkJoinPool-1-worker-1] DEBUG com.jayway.jsonpath.internal.path.CompiledPath - Evaluating path: $['user_id']
21:38:08.266 [ForkJoinPool-1-worker-1] DEBUG com.jayway.jsonpath.internal.path.CompiledPath - Evaluating path: $
21:38:08.266 [ForkJoinPool-1-worker-1] DEBUG com.jayway.jsonpath.internal.path.CompiledPath - Evaluating path: $
21:38:08.266 [ForkJoinPool-1-worker-1] DEBUG com.jayway.jsonpath.internal.path.CompiledPath - Evaluating path: $
21:38:08.266 [ForkJoinPool-1-worker-1] DEBUG com.jayway.jsonpath.internal.path.CompiledPath - Evaluating path: $['Authorization'][0]
21:38:08.266 [ForkJoinPool-1-worker-1] WARN com.intuit.karate - skipping bootstrap configuration: could not find or read file: classpath:karate-config.js
21:38:08.285 [ForkJoinPool-1-worker-1] INFO com.intuit.karate - scenario called at line: 24 by tag: @ExitosoAdministrador
21:38:08.300 [ForkJoinPool-1-worker-1] INFO com.intuit.karate - scenario called at line: 45 by tag: @ExitosoAdministrador
21:38:08.316 [ForkJoinPool-1-worker-1] DEBUG com.jayway.jsonpath.internal.path.CompiledPath - Evaluating path: $
21:38:08.316 [ForkJoinPool-1-worker-1] DEBUG org.apache.http.client.protocol.RequestAddCookies - CookieSpec selected: karate
21:38:08.316 [ForkJoinPool-1-worker-1] DEBUG org.apache.http.client.protocol.RequestAuthCache - Auth cache not set in the context
21:38:08.316 [ForkJoinPool-1-worker-1] DEBUG com.intuit.karate - request:
1 > POST https://nodejs-qa-training.herokuapp.com/users/sessions/
1 > Accept-Encoding: gzip,deflate
1 > Connection: Keep-Alive
1 > Content-Length: 62
1 > Content-Type: application/json; charset=UTF-8
1 > Host: nodejs-qa-training.herokuapp.com
1 > User-Agent: Apache-HttpClient/4.5.11 (Java/1.8.0_171)
{"email":"admin@wolox.com.ar","password":"candidatoWolox2020"}

21:38:08.316 [ForkJoinPool-1-worker-1] DEBUG org.apache.http.impl.conn.PoolingHttpClientConnectionManager - Connection request: [route: {s}->https://nodejs-qa-training.herokuapp.com:443][total available: 0; route allocated: 0 of 5; total allocated: 0 of 10]
21:38:08.316 [ForkJoinPool-1-worker-1] DEBUG org.apache.http.impl.conn.PoolingHttpClientConnectionManager - Connection leased: [id: 5][route: {s}->https://nodejs-qa-training.herokuapp.com:443][total available: 0; route allocated: 1 of 5; total allocated: 1 of 10]
21:38:08.316 [ForkJoinPool-1-worker-1] DEBUG org.apache.http.impl.execchain.MainClientExec - Opening connection {s}->https://nodejs-qa-training.herokuapp.com:443
21:38:08.316 [ForkJoinPool-1-worker-1] DEBUG org.apache.http.impl.conn.DefaultHttpClientConnectionOperator - Connecting to nodejs-qa-training.herokuapp.com/52.20.101.119:443
21:38:08.316 [ForkJoinPool-1-worker-1] DEBUG org.apache.http.conn.ssl.SSLConnectionSocketFactory - Connecting socket to nodejs-qa-training.herokuapp.com/52.20.101.119:443 with timeout 30000
21:38:08.425 [ForkJoinPool-1-worker-2] DEBUG org.apache.http.wire - http-outgoing-3 << "HTTP/1.1 401 Unauthorized[\r][\n]"
21:38:08.425 [ForkJoinPool-1-worker-2] DEBUG org.apache.http.wire - http-outgoing-3 << "Server: Cowboy[\r][\n]"
21:38:08.425 [ForkJoinPool-1-worker-2] DEBUG org.apache.http.wire - http-outgoing-3 << "Connection: keep-alive[\r][\n]"
21:38:08.425 [ForkJoinPool-1-worker-2] DEBUG org.apache.http.wire - http-outgoing-3 << "X-Powered-By: Express[\r][\n]"
21:38:08.425 [ForkJoinPool-1-worker-2] DEBUG org.apache.http.wire - http-outgoing-3 << "Content-Type: application/json; charset=utf-8[\r][\n]"
21:38:08.425 [ForkJoinPool-1-worker-2] DEBUG org.apache.http.wire - http-outgoing-3 << "Content-Length: 130[\r][\n]"
21:38:08.425 [ForkJoinPool-1-worker-2] DEBUG org.apache.http.wire - http-outgoing-3 << "Etag: W/"82-hqunFrxVLtFzNcI6I/rnDJ+lR8E"[\r][\n]"
21:38:08.425 [ForkJoinPool-1-worker-2] DEBUG org.apache.http.wire - http-outgoing-3 << "Date: Tue, 15 Sep 2020 02:38:08 GMT[\r][\n]"
21:38:08.425 [ForkJoinPool-1-worker-2] DEBUG org.apache.http.wire - http-outgoing-3 << "Via: 1.1 vegur[\r][\n]"
21:38:08.425 [ForkJoinPool-1-worker-2] DEBUG org.apache.http.wire - http-outgoing-3 << "[\r][\n]"
21:38:08.425 [ForkJoinPool-1-worker-2] DEBUG org.apache.http.wire - http-outgoing-3 << "{"errors":[{"code":"authentication_error","message":"Unable to authenticate credentials"}],"timestamp":"2020-09-15T02:38:08.813Z"}"
21:38:08.425 [ForkJoinPool-1-worker-2] DEBUG org.apache.http.headers - http-outgoing-3 << HTTP/1.1 401 Unauthorized
21:38:08.425 [ForkJoinPool-1-worker-2] DEBUG org.apache.http.headers - http-outgoing-3 << Server: Cowboy
21:38:08.425 [ForkJoinPool-1-worker-2] DEBUG org.apache.http.headers - http-outgoing-3 << Connection: keep-alive
21:38:08.425 [ForkJoinPool-1-worker-2] DEBUG org.apache.http.headers - http-outgoing-3 << X-Powered-By: Express
21:38:08.425 [ForkJoinPool-1-worker-2] DEBUG org.apache.http.headers - http-outgoing-3 << Content-Type: application/json; charset=utf-8
21:38:08.425 [ForkJoinPool-1-worker-2] DEBUG org.apache.http.headers - http-outgoing-3 << Content-Length: 130
21:38:08.425 [ForkJoinPool-1-worker-2] DEBUG org.apache.http.headers - http-outgoing-3 << Etag: W/"82-hqunFrxVLtFzNcI6I/rnDJ+lR8E"
21:38:08.425 [ForkJoinPool-1-worker-2] DEBUG org.apache.http.headers - http-outgoing-3 << Date: Tue, 15 Sep 2020 02:38:08 GMT
21:38:08.425 [ForkJoinPool-1-worker-2] DEBUG org.apache.http.headers - http-outgoing-3 << Via: 1.1 vegur
21:38:08.425 [ForkJoinPool-1-worker-2] DEBUG org.apache.http.impl.execchain.MainClientExec - Connection can be kept alive indefinitely
21:38:08.425 [ForkJoinPool-1-worker-2] DEBUG org.apache.http.impl.auth.HttpAuthenticator - Authentication required
21:38:08.425 [ForkJoinPool-1-worker-2] DEBUG org.apache.http.impl.auth.HttpAuthenticator - nodejs-qa-training.herokuapp.com:443 requested authentication
21:38:08.425 [ForkJoinPool-1-worker-2] DEBUG org.apache.http.impl.auth.HttpAuthenticator - Response contains no authentication challenges
21:38:08.425 [ForkJoinPool-1-worker-2] DEBUG org.apache.http.impl.conn.PoolingHttpClientConnectionManager - Connection [id: 3][route: {s}->https://nodejs-qa-training.herokuapp.com:443] can be kept alive indefinitely
21:38:08.425 [ForkJoinPool-1-worker-2] DEBUG org.apache.http.impl.conn.DefaultManagedHttpClientConnection - http-outgoing-3: set socket timeout to 0
21:38:08.425 [ForkJoinPool-1-worker-2] DEBUG org.apache.http.impl.conn.PoolingHttpClientConnectionManager - Connection released: [id: 3][route: {s}->https://nodejs-qa-training.herokuapp.com:443][total available: 1; route allocated: 1 of 5; total allocated: 1 of 10]
21:38:08.425 [ForkJoinPool-1-worker-2] DEBUG com.intuit.karate - response time in milliseconds: 650,93
1 < 401
1 < Connection: keep-alive
1 < Content-Length: 130
1 < Content-Type: application/json; charset=utf-8
1 < Date: Tue, 15 Sep 2020 02:38:08 GMT
1 < Etag: W/"82-hqunFrxVLtFzNcI6I/rnDJ+lR8E"
1 < Server: Cowboy
1 < Via: 1.1 vegur
1 < X-Powered-By: Express
{"errors":[{"code":"authentication_error","message":"Unable to authenticate credentials"}],"timestamp":"2020-09-15T02:38:08.813Z"}

21:38:08.425 [ForkJoinPool-1-worker-2] DEBUG com.jayway.jsonpath.internal.path.CompiledPath - Evaluating path: $
21:38:08.425 [ForkJoinPool-1-worker-2] INFO com.intuit.karate - [print] {
  "errors": [
    {
      "code": "authentication_error",
      "message": "Unable to authenticate credentials"
    }
  ],
  "timestamp": "2020-09-15T02:38:08.813Z"
}

21:38:08.456 [ForkJoinPool-1-worker-1] DEBUG org.apache.http.conn.ssl.SSLConnectionSocketFactory - Enabled protocols: [TLSv1, TLSv1.1, TLSv1.2]
21:38:08.456 [ForkJoinPool-1-worker-1] DEBUG org.apache.http.conn.ssl.SSLConnectionSocketFactory - Enabled cipher suites:[TLS_ECDHE_ECDSA_WITH_AES_256_CBC_SHA384, TLS_ECDHE_RSA_WITH_AES_256_CBC_SHA384, TLS_RSA_WITH_AES_256_CBC_SHA256, TLS_ECDH_ECDSA_WITH_AES_256_CBC_SHA384, TLS_ECDH_RSA_WITH_AES_256_CBC_SHA384, TLS_DHE_RSA_WITH_AES_256_CBC_SHA256, TLS_DHE_DSS_WITH_AES_256_CBC_SHA256, TLS_ECDHE_ECDSA_WITH_AES_256_CBC_SHA, TLS_ECDHE_RSA_WITH_AES_256_CBC_SHA, TLS_RSA_WITH_AES_256_CBC_SHA, TLS_ECDH_ECDSA_WITH_AES_256_CBC_SHA, TLS_ECDH_RSA_WITH_AES_256_CBC_SHA, TLS_DHE_RSA_WITH_AES_256_CBC_SHA, TLS_DHE_DSS_WITH_AES_256_CBC_SHA, TLS_ECDHE_ECDSA_WITH_AES_128_CBC_SHA256, TLS_ECDHE_RSA_WITH_AES_128_CBC_SHA256, TLS_RSA_WITH_AES_128_CBC_SHA256, TLS_ECDH_ECDSA_WITH_AES_128_CBC_SHA256, TLS_ECDH_RSA_WITH_AES_128_CBC_SHA256, TLS_DHE_RSA_WITH_AES_128_CBC_SHA256, TLS_DHE_DSS_WITH_AES_128_CBC_SHA256, TLS_ECDHE_ECDSA_WITH_AES_128_CBC_SHA, TLS_ECDHE_RSA_WITH_AES_128_CBC_SHA, TLS_RSA_WITH_AES_128_CBC_SHA, TLS_ECDH_ECDSA_WITH_AES_128_CBC_SHA, TLS_ECDH_RSA_WITH_AES_128_CBC_SHA, TLS_DHE_RSA_WITH_AES_128_CBC_SHA, TLS_DHE_DSS_WITH_AES_128_CBC_SHA, TLS_ECDHE_ECDSA_WITH_AES_256_GCM_SHA384, TLS_ECDHE_ECDSA_WITH_AES_128_GCM_SHA256, TLS_ECDHE_RSA_WITH_AES_256_GCM_SHA384, TLS_RSA_WITH_AES_256_GCM_SHA384, TLS_ECDH_ECDSA_WITH_AES_256_GCM_SHA384, TLS_ECDH_RSA_WITH_AES_256_GCM_SHA384, TLS_DHE_RSA_WITH_AES_256_GCM_SHA384, TLS_DHE_DSS_WITH_AES_256_GCM_SHA384, TLS_ECDHE_RSA_WITH_AES_128_GCM_SHA256, TLS_RSA_WITH_AES_128_GCM_SHA256, TLS_ECDH_ECDSA_WITH_AES_128_GCM_SHA256, TLS_ECDH_RSA_WITH_AES_128_GCM_SHA256, TLS_DHE_RSA_WITH_AES_128_GCM_SHA256, TLS_DHE_DSS_WITH_AES_128_GCM_SHA256, TLS_EMPTY_RENEGOTIATION_INFO_SCSV]
21:38:08.456 [ForkJoinPool-1-worker-1] DEBUG org.apache.http.conn.ssl.SSLConnectionSocketFactory - Starting handshake
21:38:08.456 [ForkJoinPool-1-worker-3] DEBUG org.apache.http.wire - http-outgoing-4 << "HTTP/1.1 200 OK[\r][\n]"
21:38:08.456 [ForkJoinPool-1-worker-3] DEBUG org.apache.http.wire - http-outgoing-4 << "Server: Cowboy[\r][\n]"
21:38:08.456 [ForkJoinPool-1-worker-3] DEBUG org.apache.http.wire - http-outgoing-4 << "Connection: keep-alive[\r][\n]"
21:38:08.456 [ForkJoinPool-1-worker-3] DEBUG org.apache.http.wire - http-outgoing-4 << "X-Powered-By: Express[\r][\n]"
21:38:08.456 [ForkJoinPool-1-worker-3] DEBUG org.apache.http.wire - http-outgoing-4 << "Content-Type: application/json; charset=utf-8[\r][\n]"
21:38:08.456 [ForkJoinPool-1-worker-3] DEBUG org.apache.http.wire - http-outgoing-4 << "Content-Length: 7032[\r][\n]"
21:38:08.456 [ForkJoinPool-1-worker-3] DEBUG org.apache.http.wire - http-outgoing-4 << "Etag: W/"1b78-QLaE6RpZ5E8d2hLg+o5PqJk5Zw8"[\r][\n]"
21:38:08.456 [ForkJoinPool-1-worker-3] DEBUG org.apache.http.wire - http-outgoing-4 << "Date: Tue, 15 Sep 2020 02:38:08 GMT[\r][\n]"
21:38:08.456 [ForkJoinPool-1-worker-3] DEBUG org.apache.http.wire - http-outgoing-4 << "Via: 1.1 vegur[\r][\n]"
21:38:08.456 [ForkJoinPool-1-worker-3] DEBUG org.apache.http.wire - http-outgoing-4 << "[\r][\n]"
21:38:08.456 [ForkJoinPool-1-worker-3] DEBUG org.apache.http.wire - http-outgoing-4 << "[{"user_id":1,"id":1,"title":"quidem molestiae enim"},{"user_id":1,"id":2,"title":"sunt qui excepturi placeat culpa"},{"user_id":1,"id":3,"title":"omnis laborum odio"},{"user_id":1,"id":4,"title":"non esse culpa molestiae omnis sed optio"},{"user_id":1,"id":5,"title":"eaque aut omnis a"},{"user_id":1,"id":6,"title":"natus impedit quibusdam illo est"},{"user_id":1,"id":7,"title":"quibusdam autem aliquid et et quia"},{"user_id":1,"id":8,"title":"qui fuga est a eum"},{"user_id":1,"id":9,"title":"saepe unde necessitatibus rem"},{"user_id":1,"id":10,"title":"distinctio laborum qui"},{"user_id":2,"id":11,"title":"quam nostrum impedit mollitia quod et dolor"},{"user_id":2,"id":12,"title":"consequatur autem doloribus natus consectetur"},{"user_id":2,"id":13,"title":"ab rerum non rerum consequatur ut ea unde"},{"user_id":2,"id":14,"title":"ducimus molestias eos animi atque nihil"},{"user_id":2,"id":15,"title":"ut pariatur rerum ipsum natus repellendus praesentium"},{"user_id":2,"id":16,"title":"voluptatem aut maxime inventore autem magnam atque repellat"},{"user_id":2,"id":17,"title":"aut minima voluptatem ut velit"},{"user_id":2,"id":18,"title":"nesciunt quia et doloremque"},{"user_id":2,"id":19,"title":"velit pariatur quaerat similique libero omnis quia"},{"user_id":2,"id":20,"title":"voluptas rerum iure ut enim"},{"user_id":3,"id":21,"title":"repudiandae voluptatem optio est consequatur rem in temporibus et"},{"user_id":3,"id":22,"title":"et rem non provident vel ut"},{"user_id":3,"id":23,"title":"incidunt quisquam hic adipisci sequi"},{"user_id":3,"id":24,"title":"dolores ut et facere placeat"},{"user_id":3,"id":25,"title":"vero maxime id possimus sunt neque et consequatur"},{"user_id":3,"id":26,"title":"quibusdam saepe ipsa vel harum"},{"user_id":3,"id":27,"title":"id non nostrum expedita"},{"user_id":3,"id":28,"title":"omnis neque exercitationem sed dolor atque maxime aut cum"},{"user_id":3,"id":29,"title":"inventore ut quasi magnam itaque est fugit"},{"user_id":3,"id":30,"title":"tempora assumenda et similique odit distinctio error"},{"user_id":4,"id":31,"title":"adipisci laborum fuga laboriosam"},{"user_id":4,"id":32,"title":"reiciendis dolores a ut qui debitis non quo labore"},{"user_id":4,"id":33,"title":"iste eos nostrum"},{"user_id":4,"id":34,"title":"cumque voluptatibus rerum architecto blanditiis"},{"user_id":4,"id":35,"title":"et impedit nisi quae magni necessitatibus sed aut pariatur"},{"user_id":4,"id":36,"title":"nihil cupiditate voluptate neque"},{"user_id":4,"id":37,"title":"est placeat dicta ut nisi rerum iste"},{"user_id":4,"id":38,"title":"unde a sequi id"},{"user_id":4,"id":39,"title":"ratione porro illum labore eum aperiam sed"},{"user_id":4,"id":40,"title":"voluptas neque et sint aut quo odit"},{"user_id":5,"id":41,"title":"ea voluptates maiores eos accusantium officiis tempore mollitia consequatur"},{"user_id":5,"id":42,"title":"tenetur explicabo ea"},{"user_id":5,"id":43,"title":"aperiam doloremque nihil"},{"user_id":5,"id":44,"title":"sapiente cum numquam officia consequatur vel natus quos suscipit"},{"user_id":5,"id":45,"title":"tenetur quos ea unde est enim corrupti qui"},{"user_id":5,"id":46,"title":"molestiae voluptate non"},{"user_id":5,"id":47,"title":"temporibus molestiae aut"},{"user_id":5,"id":48,"title":"modi consequatur culpa aut quam soluta alias perspiciatis laudantium"},{"user_id":5,"id":49,"title":"ut aut vero repudiandae voluptas ullam voluptas at consequatur"},{"user_id":5,"id":50,"title":"sed qui sed quas sit ducimus dolor"},{"user_id":6,"id":51,"title":"odit laboriosam sint quia cupiditate animi quis"},{"user_id":6,"id":52,"title":"necessitatibus quas et sunt at voluptatem"},{"user_id":6,"id":53,"title":"est vel sequi voluptatem nemo quam molestiae modi enim"},{"user_id":6,"id":54,"title":"aut non illo amet perferendis"},{"user_id":6,"id":55,"title":"qui culpa itaque omnis in nesciunt architecto error"},{"user_id":6,"id":56,"title":"omnis qui maiores tempora officiis omnis rerum sed repellat"},{"user_id":6,"id":57,"title":"libero excepturi voluptatem est architecto quae voluptatum officia tempora"},{"user_id":6,"id":58,"title":"nulla illo consequatur aspernatur veritatis aut error delectus et"},{"user_id":6,"id":59,"title":"eligendi similique provident nihil"},{"user_id":6,"id":60,"title":"omnis mollitia sunt aliquid eum consequatur fugit minus laudantium"},{"user_id":7,"id":61,"title":"delectus iusto et"},{"user_id":7,"id":62,"title":"eos ea non recusandae iste ut quasi"},{"user_id":7,"id":63,"title":"velit est quam"},{"user_id":7,"id":64,"title":"autem voluptatem amet iure quae"},{"user_id":7,"id":65,"title":"voluptates delectus iure iste qui"},{"user_id":7,"id":66,"title":"velit sed quia dolor dolores delectus"},{"user_id":7,"id":67,"title":"ad voluptas nostrum et nihil"},{"user_id":7,"id":68,"title":"qui quasi nihil aut voluptatum sit dolore minima"},{"user_id":7,"id":69,"title":"qui aut est"},{"user_id":7,"id":70,"title":"et deleniti unde"},{"user_id":8,"id":71,"title":"et vel corporis"},{"user_id":8,"id":72,"title":"unde exercitationem ut"},{"user_id":8,"id":73,"title":"quos omnis officia"},{"user_id":8,"id":74,"title":"quia est eius vitae dolor"},{"user_id":8,"id":75,"title":"aut quia expedita non"},{"user_id":8,"id":76,"title":"dolorem magnam facere itaque ut reprehenderit tenetur corrupti"},{"user_id":8,"id":77,"title":"cupiditate sapiente maiores iusto ducimus cum excepturi veritatis quia"},{"user_id":8,"id":78,"title":"est minima eius possimus ea ratione velit et"},{"user_id":8,"id":79,"title":"ipsa quae voluptas natus ut suscipit soluta quia quidem"},{"user_id":8,"id":80,"title":"id nihil reprehenderit"},{"user_id":9,"id":81,"title":"quibusdam sapiente et"},{"user_id":9,"id":82,"title":"recusandae consequatur vel amet unde"},{"user_id":9,"id":83,"title":"aperiam odio fugiat"},{"user_id":9,"id":84,"title":"est et at eos expedita"},{"user_id":9,"id":85,"title":"qui voluptatem consequatur aut ab quis temporibus praesentium"},{"user_id":9,"id":86,"title":"eligendi mollitia alias aspernatur vel ut iusto"},{"user_id":9,"id":87,"title":"aut aut architecto"},{"user_id":9,"id":88,"title":"quas perspiciatis optio"},{"user_id":9,"id":89,"title":"sit optio id voluptatem est eum et"},{"user_id":9,"id":90,"title":"est vel dignissimos"},{"user_id":10,"id":91,"title":"repellendus praesentium debitis officiis"},{"user_id":10,"id":92,"title":"incidunt et et eligendi assumenda soluta quia recusandae"},{"user_id":10,"id":93,"title":"nisi qui dolores perspiciatis"},{"user_id":10,"id":94,"title":"quisquam a dolores et earum vitae"},{"user_id":10,"id":95,"title":"consectetur vel rerum qui aperiam modi eos aspernatur ipsa"},{"user_id":10,"id":96,"title":"unde et ut molestiae est molestias voluptatem sint"},{"user_id":10,"id":97,"title":"est quod aut"},{"user_id":10,"id":98,"title":"omnis quia possimus nesciunt deleniti assumenda sed autem"},{"user_id":10,"id":99,"title":"consectetur ut id impedit dolores sit ad ex aut"},{"user_id":10,"id":100,"title":"enim repellat iste"}]"
21:38:08.472 [ForkJoinPool-1-worker-3] DEBUG org.apache.http.headers - http-outgoing-4 << HTTP/1.1 200 OK
21:38:08.472 [ForkJoinPool-1-worker-3] DEBUG org.apache.http.headers - http-outgoing-4 << Server: Cowboy
21:38:08.472 [ForkJoinPool-1-worker-3] DEBUG org.apache.http.headers - http-outgoing-4 << Connection: keep-alive
21:38:08.472 [ForkJoinPool-1-worker-3] DEBUG org.apache.http.headers - http-outgoing-4 << X-Powered-By: Express
21:38:08.472 [ForkJoinPool-1-worker-3] DEBUG org.apache.http.headers - http-outgoing-4 << Content-Type: application/json; charset=utf-8
21:38:08.472 [ForkJoinPool-1-worker-3] DEBUG org.apache.http.headers - http-outgoing-4 << Content-Length: 7032
21:38:08.472 [ForkJoinPool-1-worker-3] DEBUG org.apache.http.headers - http-outgoing-4 << Etag: W/"1b78-QLaE6RpZ5E8d2hLg+o5PqJk5Zw8"
21:38:08.472 [ForkJoinPool-1-worker-3] DEBUG org.apache.http.headers - http-outgoing-4 << Date: Tue, 15 Sep 2020 02:38:08 GMT
21:38:08.472 [ForkJoinPool-1-worker-3] DEBUG org.apache.http.headers - http-outgoing-4 << Via: 1.1 vegur
21:38:08.472 [ForkJoinPool-1-worker-3] DEBUG org.apache.http.impl.execchain.MainClientExec - Connection can be kept alive indefinitely
21:38:08.472 [ForkJoinPool-1-worker-3] DEBUG org.apache.http.impl.conn.PoolingHttpClientConnectionManager - Connection [id: 4][route: {s}->https://nodejs-qa-training.herokuapp.com:443] can be kept alive indefinitely
21:38:08.472 [ForkJoinPool-1-worker-3] DEBUG org.apache.http.impl.conn.DefaultManagedHttpClientConnection - http-outgoing-4: set socket timeout to 0
21:38:08.472 [ForkJoinPool-1-worker-3] DEBUG org.apache.http.impl.conn.PoolingHttpClientConnectionManager - Connection released: [id: 4][route: {s}->https://nodejs-qa-training.herokuapp.com:443][total available: 1; route allocated: 1 of 5; total allocated: 1 of 10]
21:38:08.472 [ForkJoinPool-1-worker-3] DEBUG com.intuit.karate - response time in milliseconds: 667,16
1 < 200
1 < Connection: keep-alive
1 < Content-Length: 7032
1 < Content-Type: application/json; charset=utf-8
1 < Date: Tue, 15 Sep 2020 02:38:08 GMT
1 < Etag: W/"1b78-QLaE6RpZ5E8d2hLg+o5PqJk5Zw8"
1 < Server: Cowboy
1 < Via: 1.1 vegur
1 < X-Powered-By: Express
[{"user_id":1,"id":1,"title":"quidem molestiae enim"},{"user_id":1,"id":2,"title":"sunt qui excepturi placeat culpa"},{"user_id":1,"id":3,"title":"omnis laborum odio"},{"user_id":1,"id":4,"title":"non esse culpa molestiae omnis sed optio"},{"user_id":1,"id":5,"title":"eaque aut omnis a"},{"user_id":1,"id":6,"title":"natus impedit quibusdam illo est"},{"user_id":1,"id":7,"title":"quibusdam autem aliquid et et quia"},{"user_id":1,"id":8,"title":"qui fuga est a eum"},{"user_id":1,"id":9,"title":"saepe unde necessitatibus rem"},{"user_id":1,"id":10,"title":"distinctio laborum qui"},{"user_id":2,"id":11,"title":"quam nostrum impedit mollitia quod et dolor"},{"user_id":2,"id":12,"title":"consequatur autem doloribus natus consectetur"},{"user_id":2,"id":13,"title":"ab rerum non rerum consequatur ut ea unde"},{"user_id":2,"id":14,"title":"ducimus molestias eos animi atque nihil"},{"user_id":2,"id":15,"title":"ut pariatur rerum ipsum natus repellendus praesentium"},{"user_id":2,"id":16,"title":"voluptatem aut maxime inventore autem magnam atque repellat"},{"user_id":2,"id":17,"title":"aut minima voluptatem ut velit"},{"user_id":2,"id":18,"title":"nesciunt quia et doloremque"},{"user_id":2,"id":19,"title":"velit pariatur quaerat similique libero omnis quia"},{"user_id":2,"id":20,"title":"voluptas rerum iure ut enim"},{"user_id":3,"id":21,"title":"repudiandae voluptatem optio est consequatur rem in temporibus et"},{"user_id":3,"id":22,"title":"et rem non provident vel ut"},{"user_id":3,"id":23,"title":"incidunt quisquam hic adipisci sequi"},{"user_id":3,"id":24,"title":"dolores ut et facere placeat"},{"user_id":3,"id":25,"title":"vero maxime id possimus sunt neque et consequatur"},{"user_id":3,"id":26,"title":"quibusdam saepe ipsa vel harum"},{"user_id":3,"id":27,"title":"id non nostrum expedita"},{"user_id":3,"id":28,"title":"omnis neque exercitationem sed dolor atque maxime aut cum"},{"user_id":3,"id":29,"title":"inventore ut quasi magnam itaque est fugit"},{"user_id":3,"id":30,"title":"tempora assumenda et similique odit distinctio error"},{"user_id":4,"id":31,"title":"adipisci laborum fuga laboriosam"},{"user_id":4,"id":32,"title":"reiciendis dolores a ut qui debitis non quo labore"},{"user_id":4,"id":33,"title":"iste eos nostrum"},{"user_id":4,"id":34,"title":"cumque voluptatibus rerum architecto blanditiis"},{"user_id":4,"id":35,"title":"et impedit nisi quae magni necessitatibus sed aut pariatur"},{"user_id":4,"id":36,"title":"nihil cupiditate voluptate neque"},{"user_id":4,"id":37,"title":"est placeat dicta ut nisi rerum iste"},{"user_id":4,"id":38,"title":"unde a sequi id"},{"user_id":4,"id":39,"title":"ratione porro illum labore eum aperiam sed"},{"user_id":4,"id":40,"title":"voluptas neque et sint aut quo odit"},{"user_id":5,"id":41,"title":"ea voluptates maiores eos accusantium officiis tempore mollitia consequatur"},{"user_id":5,"id":42,"title":"tenetur explicabo ea"},{"user_id":5,"id":43,"title":"aperiam doloremque nihil"},{"user_id":5,"id":44,"title":"sapiente cum numquam officia consequatur vel natus quos suscipit"},{"user_id":5,"id":45,"title":"tenetur quos ea unde est enim corrupti qui"},{"user_id":5,"id":46,"title":"molestiae voluptate non"},{"user_id":5,"id":47,"title":"temporibus molestiae aut"},{"user_id":5,"id":48,"title":"modi consequatur culpa aut quam soluta alias perspiciatis laudantium"},{"user_id":5,"id":49,"title":"ut aut vero repudiandae voluptas ullam voluptas at consequatur"},{"user_id":5,"id":50,"title":"sed qui sed quas sit ducimus dolor"},{"user_id":6,"id":51,"title":"odit laboriosam sint quia cupiditate animi quis"},{"user_id":6,"id":52,"title":"necessitatibus quas et sunt at voluptatem"},{"user_id":6,"id":53,"title":"est vel sequi voluptatem nemo quam molestiae modi enim"},{"user_id":6,"id":54,"title":"aut non illo amet perferendis"},{"user_id":6,"id":55,"title":"qui culpa itaque omnis in nesciunt architecto error"},{"user_id":6,"id":56,"title":"omnis qui maiores tempora officiis omnis rerum sed repellat"},{"user_id":6,"id":57,"title":"libero excepturi voluptatem est architecto quae voluptatum officia tempora"},{"user_id":6,"id":58,"title":"nulla illo consequatur aspernatur veritatis aut error delectus et"},{"user_id":6,"id":59,"title":"eligendi similique provident nihil"},{"user_id":6,"id":60,"title":"omnis mollitia sunt aliquid eum consequatur fugit minus laudantium"},{"user_id":7,"id":61,"title":"delectus iusto et"},{"user_id":7,"id":62,"title":"eos ea non recusandae iste ut quasi"},{"user_id":7,"id":63,"title":"velit est quam"},{"user_id":7,"id":64,"title":"autem voluptatem amet iure quae"},{"user_id":7,"id":65,"title":"voluptates delectus iure iste qui"},{"user_id":7,"id":66,"title":"velit sed quia dolor dolores delectus"},{"user_id":7,"id":67,"title":"ad voluptas nostrum et nihil"},{"user_id":7,"id":68,"title":"qui quasi nihil aut voluptatum sit dolore minima"},{"user_id":7,"id":69,"title":"qui aut est"},{"user_id":7,"id":70,"title":"et deleniti unde"},{"user_id":8,"id":71,"title":"et vel corporis"},{"user_id":8,"id":72,"title":"unde exercitationem ut"},{"user_id":8,"id":73,"title":"quos omnis officia"},{"user_id":8,"id":74,"title":"quia est eius vitae dolor"},{"user_id":8,"id":75,"title":"aut quia expedita non"},{"user_id":8,"id":76,"title":"dolorem magnam facere itaque ut reprehenderit tenetur corrupti"},{"user_id":8,"id":77,"title":"cupiditate sapiente maiores iusto ducimus cum excepturi veritatis quia"},{"user_id":8,"id":78,"title":"est minima eius possimus ea ratione velit et"},{"user_id":8,"id":79,"title":"ipsa quae voluptas natus ut suscipit soluta quia quidem"},{"user_id":8,"id":80,"title":"id nihil reprehenderit"},{"user_id":9,"id":81,"title":"quibusdam sapiente et"},{"user_id":9,"id":82,"title":"recusandae consequatur vel amet unde"},{"user_id":9,"id":83,"title":"aperiam odio fugiat"},{"user_id":9,"id":84,"title":"est et at eos expedita"},{"user_id":9,"id":85,"title":"qui voluptatem consequatur aut ab quis temporibus praesentium"},{"user_id":9,"id":86,"title":"eligendi mollitia alias aspernatur vel ut iusto"},{"user_id":9,"id":87,"title":"aut aut architecto"},{"user_id":9,"id":88,"title":"quas perspiciatis optio"},{"user_id":9,"id":89,"title":"sit optio id voluptatem est eum et"},{"user_id":9,"id":90,"title":"est vel dignissimos"},{"user_id":10,"id":91,"title":"repellendus praesentium debitis officiis"},{"user_id":10,"id":92,"title":"incidunt et et eligendi assumenda soluta quia recusandae"},{"user_id":10,"id":93,"title":"nisi qui dolores perspiciatis"},{"user_id":10,"id":94,"title":"quisquam a dolores et earum vitae"},{"user_id":10,"id":95,"title":"consectetur vel rerum qui aperiam modi eos aspernatur ipsa"},{"user_id":10,"id":96,"title":"unde et ut molestiae est molestias voluptatem sint"},{"user_id":10,"id":97,"title":"est quod aut"},{"user_id":10,"id":98,"title":"omnis quia possimus nesciunt deleniti assumenda sed autem"},{"user_id":10,"id":99,"title":"consectetur ut id impedit dolores sit ad ex aut"},{"user_id":10,"id":100,"title":"enim repellat iste"}]

21:38:08.488 [ForkJoinPool-1-worker-3] DEBUG com.jayway.jsonpath.internal.path.CompiledPath - Evaluating path: $
21:38:08.488 [ForkJoinPool-1-worker-3] DEBUG com.jayway.jsonpath.internal.path.CompiledPath - Evaluating path: $
21:38:08.488 [ForkJoinPool-1-worker-2] DEBUG com.jayway.jsonpath.internal.path.CompiledPath - Evaluating path: $
21:38:08.488 [ForkJoinPool-1-worker-3] DEBUG com.jayway.jsonpath.internal.path.CompiledPath - Evaluating path: $
21:38:08.488 [ForkJoinPool-1-worker-2] DEBUG com.jayway.jsonpath.internal.path.CompiledPath - Evaluating path: $
21:38:08.488 [ForkJoinPool-1-worker-2] DEBUG com.jayway.jsonpath.internal.path.CompiledPath - Evaluating path: $
21:38:08.503 [ForkJoinPool-1-worker-2] WARN com.intuit.karate - skipping bootstrap configuration: could not find or read file: classpath:karate-config.js
21:38:08.503 [ForkJoinPool-1-worker-3] DEBUG com.jayway.jsonpath.internal.path.CompiledPath - Evaluating path: $
21:38:08.535 [ForkJoinPool-1-worker-2] INFO com.intuit.karate - scenario called at line: 12 by tag: @ExitosoRegular
21:38:08.550 [ForkJoinPool-1-worker-3] DEBUG com.jayway.jsonpath.internal.path.CompiledPath - Evaluating path: $
21:38:08.550 [ForkJoinPool-1-worker-3] DEBUG org.apache.http.client.protocol.RequestAddCookies - CookieSpec selected: karate
21:38:08.550 [ForkJoinPool-1-worker-3] DEBUG org.apache.http.client.protocol.RequestAuthCache - Auth cache not set in the context
21:38:08.550 [ForkJoinPool-1-worker-3] DEBUG com.intuit.karate - request:
1 > POST https://nodejs-qa-training.herokuapp.com/albums/64
1 > Accept-Encoding: gzip,deflate
1 > Authorization: eyJ0eXAiOiJKV1QiLCJhbGciOiJIUzI1NiJ9.eyJ1c2VySWQiOjE0Niwicm9sZSI6ImFkbWluIiwiaWF0IjoxNjAwMTM3NDg4LjAyMywiZXhwIjoxNjAwMTM5Mjg4LjAyM30.PzIej1Ji0YMPG1YAQFXrOZC5TAgQ7lVNo7de5zS4BO0
1 > Connection: Keep-Alive
1 > Content-Length: 2
1 > Content-Type: application/json; charset=UTF-8
1 > Host: nodejs-qa-training.herokuapp.com
1 > User-Agent: Apache-HttpClient/4.5.11 (Java/1.8.0_171)
{}

21:38:08.550 [ForkJoinPool-1-worker-3] DEBUG org.apache.http.impl.conn.PoolingHttpClientConnectionManager - Connection request: [route: {s}->https://nodejs-qa-training.herokuapp.com:443][total available: 0; route allocated: 0 of 5; total allocated: 0 of 10]
21:38:08.550 [ForkJoinPool-1-worker-3] DEBUG org.apache.http.impl.conn.PoolingHttpClientConnectionManager - Connection leased: [id: 6][route: {s}->https://nodejs-qa-training.herokuapp.com:443][total available: 0; route allocated: 1 of 5; total allocated: 1 of 10]
21:38:08.550 [ForkJoinPool-1-worker-3] DEBUG org.apache.http.impl.execchain.MainClientExec - Opening connection {s}->https://nodejs-qa-training.herokuapp.com:443
21:38:08.550 [ForkJoinPool-1-worker-3] DEBUG org.apache.http.impl.conn.DefaultHttpClientConnectionOperator - Connecting to nodejs-qa-training.herokuapp.com/52.20.101.119:443
21:38:08.550 [ForkJoinPool-1-worker-3] DEBUG org.apache.http.conn.ssl.SSLConnectionSocketFactory - Connecting socket to nodejs-qa-training.herokuapp.com/52.20.101.119:443 with timeout 30000
21:38:08.613 [ForkJoinPool-1-worker-2] INFO com.intuit.karate - scenario called at line: 27 by tag: @ExitosoRegular
21:38:08.628 [ForkJoinPool-1-worker-2] DEBUG com.jayway.jsonpath.internal.path.CompiledPath - Evaluating path: $
21:38:08.628 [ForkJoinPool-1-worker-2] DEBUG org.apache.http.client.protocol.RequestAddCookies - CookieSpec selected: karate
21:38:08.628 [ForkJoinPool-1-worker-2] DEBUG org.apache.http.client.protocol.RequestAuthCache - Auth cache not set in the context
21:38:08.628 [ForkJoinPool-1-worker-2] DEBUG com.intuit.karate - request:
1 > POST https://nodejs-qa-training.herokuapp.com/users/sessions/
1 > Accept-Encoding: gzip,deflate
1 > Connection: Keep-Alive
1 > Content-Length: 56
1 > Content-Type: application/json; charset=UTF-8
1 > Host: nodejs-qa-training.herokuapp.com
1 > User-Agent: Apache-HttpClient/4.5.11 (Java/1.8.0_171)
{"email":"hernan00@wolox.com.ar","password":"Hernan123"}

21:38:08.628 [ForkJoinPool-1-worker-2] DEBUG org.apache.http.impl.conn.PoolingHttpClientConnectionManager - Connection request: [route: {s}->https://nodejs-qa-training.herokuapp.com:443][total available: 0; route allocated: 0 of 5; total allocated: 0 of 10]
21:38:08.628 [ForkJoinPool-1-worker-2] DEBUG org.apache.http.impl.conn.PoolingHttpClientConnectionManager - Connection leased: [id: 7][route: {s}->https://nodejs-qa-training.herokuapp.com:443][total available: 0; route allocated: 1 of 5; total allocated: 1 of 10]
21:38:08.628 [ForkJoinPool-1-worker-2] DEBUG org.apache.http.impl.execchain.MainClientExec - Opening connection {s}->https://nodejs-qa-training.herokuapp.com:443
21:38:08.628 [ForkJoinPool-1-worker-2] DEBUG org.apache.http.impl.conn.DefaultHttpClientConnectionOperator - Connecting to nodejs-qa-training.herokuapp.com/52.20.101.119:443
21:38:08.628 [ForkJoinPool-1-worker-2] DEBUG org.apache.http.conn.ssl.SSLConnectionSocketFactory - Connecting socket to nodejs-qa-training.herokuapp.com/52.20.101.119:443 with timeout 30000
21:38:08.662 [ForkJoinPool-1-worker-3] DEBUG org.apache.http.conn.ssl.SSLConnectionSocketFactory - Enabled protocols: [TLSv1, TLSv1.1, TLSv1.2]
21:38:08.662 [ForkJoinPool-1-worker-3] DEBUG org.apache.http.conn.ssl.SSLConnectionSocketFactory - Enabled cipher suites:[TLS_ECDHE_ECDSA_WITH_AES_256_CBC_SHA384, TLS_ECDHE_RSA_WITH_AES_256_CBC_SHA384, TLS_RSA_WITH_AES_256_CBC_SHA256, TLS_ECDH_ECDSA_WITH_AES_256_CBC_SHA384, TLS_ECDH_RSA_WITH_AES_256_CBC_SHA384, TLS_DHE_RSA_WITH_AES_256_CBC_SHA256, TLS_DHE_DSS_WITH_AES_256_CBC_SHA256, TLS_ECDHE_ECDSA_WITH_AES_256_CBC_SHA, TLS_ECDHE_RSA_WITH_AES_256_CBC_SHA, TLS_RSA_WITH_AES_256_CBC_SHA, TLS_ECDH_ECDSA_WITH_AES_256_CBC_SHA, TLS_ECDH_RSA_WITH_AES_256_CBC_SHA, TLS_DHE_RSA_WITH_AES_256_CBC_SHA, TLS_DHE_DSS_WITH_AES_256_CBC_SHA, TLS_ECDHE_ECDSA_WITH_AES_128_CBC_SHA256, TLS_ECDHE_RSA_WITH_AES_128_CBC_SHA256, TLS_RSA_WITH_AES_128_CBC_SHA256, TLS_ECDH_ECDSA_WITH_AES_128_CBC_SHA256, TLS_ECDH_RSA_WITH_AES_128_CBC_SHA256, TLS_DHE_RSA_WITH_AES_128_CBC_SHA256, TLS_DHE_DSS_WITH_AES_128_CBC_SHA256, TLS_ECDHE_ECDSA_WITH_AES_128_CBC_SHA, TLS_ECDHE_RSA_WITH_AES_128_CBC_SHA, TLS_RSA_WITH_AES_128_CBC_SHA, TLS_ECDH_ECDSA_WITH_AES_128_CBC_SHA, TLS_ECDH_RSA_WITH_AES_128_CBC_SHA, TLS_DHE_RSA_WITH_AES_128_CBC_SHA, TLS_DHE_DSS_WITH_AES_128_CBC_SHA, TLS_ECDHE_ECDSA_WITH_AES_256_GCM_SHA384, TLS_ECDHE_ECDSA_WITH_AES_128_GCM_SHA256, TLS_ECDHE_RSA_WITH_AES_256_GCM_SHA384, TLS_RSA_WITH_AES_256_GCM_SHA384, TLS_ECDH_ECDSA_WITH_AES_256_GCM_SHA384, TLS_ECDH_RSA_WITH_AES_256_GCM_SHA384, TLS_DHE_RSA_WITH_AES_256_GCM_SHA384, TLS_DHE_DSS_WITH_AES_256_GCM_SHA384, TLS_ECDHE_RSA_WITH_AES_128_GCM_SHA256, TLS_RSA_WITH_AES_128_GCM_SHA256, TLS_ECDH_ECDSA_WITH_AES_128_GCM_SHA256, TLS_ECDH_RSA_WITH_AES_128_GCM_SHA256, TLS_DHE_RSA_WITH_AES_128_GCM_SHA256, TLS_DHE_DSS_WITH_AES_128_GCM_SHA256, TLS_EMPTY_RENEGOTIATION_INFO_SCSV]
21:38:08.662 [ForkJoinPool-1-worker-3] DEBUG org.apache.http.conn.ssl.SSLConnectionSocketFactory - Starting handshake
21:38:08.674 [pool-1-thread-1] INFO com.intuit.karate.Runner - <<pass>> feature 1 of 8: src/test/resources/feature/autenticar_usuario.feature
---------------------------------------------------------
feature: src/test/resources/feature/autenticar_usuario.feature
report: target\reporte\src.test.resources.feature.autenticar_usuario.json
scenarios:  3 | passed:  3 | failed:  0 | time: 7,8800
---------------------------------------------------------
21:38:08.676 [ForkJoinPool-1-worker-1] DEBUG org.apache.http.conn.ssl.SSLConnectionSocketFactory - Secure session established
21:38:08.676 [ForkJoinPool-1-worker-1] DEBUG org.apache.http.conn.ssl.SSLConnectionSocketFactory -  negotiated protocol: TLSv1.2
21:38:08.676 [ForkJoinPool-1-worker-1] DEBUG org.apache.http.conn.ssl.SSLConnectionSocketFactory -  negotiated cipher suite: TLS_ECDHE_RSA_WITH_AES_128_GCM_SHA256
21:38:08.676 [ForkJoinPool-1-worker-1] DEBUG org.apache.http.conn.ssl.SSLConnectionSocketFactory -  peer principal: CN=*.herokuapp.com, O="Heroku, Inc.", L=San Francisco, ST=California, C=US
21:38:08.676 [ForkJoinPool-1-worker-1] DEBUG org.apache.http.conn.ssl.SSLConnectionSocketFactory -  peer alternative names: [*.herokuapp.com, herokuapp.com]
21:38:08.676 [ForkJoinPool-1-worker-1] DEBUG org.apache.http.conn.ssl.SSLConnectionSocketFactory -  issuer principal: CN=DigiCert SHA2 High Assurance Server CA, OU=www.digicert.com, O=DigiCert Inc, C=US
21:38:08.676 [ForkJoinPool-1-worker-1] DEBUG org.apache.http.impl.conn.DefaultHttpClientConnectionOperator - Connection established 192.168.1.7:51346<->52.20.101.119:443
21:38:08.676 [ForkJoinPool-1-worker-1] DEBUG org.apache.http.impl.conn.DefaultManagedHttpClientConnection - http-outgoing-5: set socket timeout to 30000
21:38:08.676 [ForkJoinPool-1-worker-1] DEBUG org.apache.http.impl.execchain.MainClientExec - Executing request POST /users/sessions/ HTTP/1.1
21:38:08.676 [ForkJoinPool-1-worker-1] DEBUG org.apache.http.impl.execchain.MainClientExec - Target auth state: UNCHALLENGED
21:38:08.676 [ForkJoinPool-1-worker-1] DEBUG org.apache.http.impl.execchain.MainClientExec - Proxy auth state: UNCHALLENGED
21:38:08.676 [ForkJoinPool-1-worker-1] DEBUG org.apache.http.headers - http-outgoing-5 >> POST /users/sessions/ HTTP/1.1
21:38:08.676 [ForkJoinPool-1-worker-1] DEBUG org.apache.http.headers - http-outgoing-5 >> Content-Type: application/json; charset=UTF-8
21:38:08.676 [ForkJoinPool-1-worker-1] DEBUG org.apache.http.headers - http-outgoing-5 >> Content-Length: 62
21:38:08.676 [ForkJoinPool-1-worker-1] DEBUG org.apache.http.headers - http-outgoing-5 >> Host: nodejs-qa-training.herokuapp.com
21:38:08.676 [ForkJoinPool-1-worker-1] DEBUG org.apache.http.headers - http-outgoing-5 >> Connection: Keep-Alive
21:38:08.676 [ForkJoinPool-1-worker-1] DEBUG org.apache.http.headers - http-outgoing-5 >> User-Agent: Apache-HttpClient/4.5.11 (Java/1.8.0_171)
21:38:08.676 [ForkJoinPool-1-worker-1] DEBUG org.apache.http.headers - http-outgoing-5 >> Accept-Encoding: gzip,deflate
21:38:08.676 [ForkJoinPool-1-worker-1] DEBUG org.apache.http.wire - http-outgoing-5 >> "POST /users/sessions/ HTTP/1.1[\r][\n]"
21:38:08.676 [ForkJoinPool-1-worker-1] DEBUG org.apache.http.wire - http-outgoing-5 >> "Content-Type: application/json; charset=UTF-8[\r][\n]"
21:38:08.676 [ForkJoinPool-1-worker-1] DEBUG org.apache.http.wire - http-outgoing-5 >> "Content-Length: 62[\r][\n]"
21:38:08.676 [ForkJoinPool-1-worker-1] DEBUG org.apache.http.wire - http-outgoing-5 >> "Host: nodejs-qa-training.herokuapp.com[\r][\n]"
21:38:08.676 [ForkJoinPool-1-worker-1] DEBUG org.apache.http.wire - http-outgoing-5 >> "Connection: Keep-Alive[\r][\n]"
21:38:08.676 [ForkJoinPool-1-worker-1] DEBUG org.apache.http.wire - http-outgoing-5 >> "User-Agent: Apache-HttpClient/4.5.11 (Java/1.8.0_171)[\r][\n]"
21:38:08.676 [ForkJoinPool-1-worker-1] DEBUG org.apache.http.wire - http-outgoing-5 >> "Accept-Encoding: gzip,deflate[\r][\n]"
21:38:08.676 [ForkJoinPool-1-worker-1] DEBUG org.apache.http.wire - http-outgoing-5 >> "[\r][\n]"
21:38:08.676 [ForkJoinPool-1-worker-1] DEBUG org.apache.http.wire - http-outgoing-5 >> "{"email":"admin@wolox.com.ar","password":"candidatoWolox2020"}"
21:38:08.713 [ForkJoinPool-1-worker-2] DEBUG org.apache.http.conn.ssl.SSLConnectionSocketFactory - Enabled protocols: [TLSv1, TLSv1.1, TLSv1.2]
21:38:08.713 [ForkJoinPool-1-worker-2] DEBUG org.apache.http.conn.ssl.SSLConnectionSocketFactory - Enabled cipher suites:[TLS_ECDHE_ECDSA_WITH_AES_256_CBC_SHA384, TLS_ECDHE_RSA_WITH_AES_256_CBC_SHA384, TLS_RSA_WITH_AES_256_CBC_SHA256, TLS_ECDH_ECDSA_WITH_AES_256_CBC_SHA384, TLS_ECDH_RSA_WITH_AES_256_CBC_SHA384, TLS_DHE_RSA_WITH_AES_256_CBC_SHA256, TLS_DHE_DSS_WITH_AES_256_CBC_SHA256, TLS_ECDHE_ECDSA_WITH_AES_256_CBC_SHA, TLS_ECDHE_RSA_WITH_AES_256_CBC_SHA, TLS_RSA_WITH_AES_256_CBC_SHA, TLS_ECDH_ECDSA_WITH_AES_256_CBC_SHA, TLS_ECDH_RSA_WITH_AES_256_CBC_SHA, TLS_DHE_RSA_WITH_AES_256_CBC_SHA, TLS_DHE_DSS_WITH_AES_256_CBC_SHA, TLS_ECDHE_ECDSA_WITH_AES_128_CBC_SHA256, TLS_ECDHE_RSA_WITH_AES_128_CBC_SHA256, TLS_RSA_WITH_AES_128_CBC_SHA256, TLS_ECDH_ECDSA_WITH_AES_128_CBC_SHA256, TLS_ECDH_RSA_WITH_AES_128_CBC_SHA256, TLS_DHE_RSA_WITH_AES_128_CBC_SHA256, TLS_DHE_DSS_WITH_AES_128_CBC_SHA256, TLS_ECDHE_ECDSA_WITH_AES_128_CBC_SHA, TLS_ECDHE_RSA_WITH_AES_128_CBC_SHA, TLS_RSA_WITH_AES_128_CBC_SHA, TLS_ECDH_ECDSA_WITH_AES_128_CBC_SHA, TLS_ECDH_RSA_WITH_AES_128_CBC_SHA, TLS_DHE_RSA_WITH_AES_128_CBC_SHA, TLS_DHE_DSS_WITH_AES_128_CBC_SHA, TLS_ECDHE_ECDSA_WITH_AES_256_GCM_SHA384, TLS_ECDHE_ECDSA_WITH_AES_128_GCM_SHA256, TLS_ECDHE_RSA_WITH_AES_256_GCM_SHA384, TLS_RSA_WITH_AES_256_GCM_SHA384, TLS_ECDH_ECDSA_WITH_AES_256_GCM_SHA384, TLS_ECDH_RSA_WITH_AES_256_GCM_SHA384, TLS_DHE_RSA_WITH_AES_256_GCM_SHA384, TLS_DHE_DSS_WITH_AES_256_GCM_SHA384, TLS_ECDHE_RSA_WITH_AES_128_GCM_SHA256, TLS_RSA_WITH_AES_128_GCM_SHA256, TLS_ECDH_ECDSA_WITH_AES_128_GCM_SHA256, TLS_ECDH_RSA_WITH_AES_128_GCM_SHA256, TLS_DHE_RSA_WITH_AES_128_GCM_SHA256, TLS_DHE_DSS_WITH_AES_128_GCM_SHA256, TLS_EMPTY_RENEGOTIATION_INFO_SCSV]
21:38:08.713 [ForkJoinPool-1-worker-2] DEBUG org.apache.http.conn.ssl.SSLConnectionSocketFactory - Starting handshake
21:38:09.014 [ForkJoinPool-1-worker-3] DEBUG org.apache.http.conn.ssl.SSLConnectionSocketFactory - Secure session established
21:38:09.014 [ForkJoinPool-1-worker-3] DEBUG org.apache.http.conn.ssl.SSLConnectionSocketFactory -  negotiated protocol: TLSv1.2
21:38:09.014 [ForkJoinPool-1-worker-3] DEBUG org.apache.http.conn.ssl.SSLConnectionSocketFactory -  negotiated cipher suite: TLS_ECDHE_RSA_WITH_AES_128_GCM_SHA256
21:38:09.014 [ForkJoinPool-1-worker-3] DEBUG org.apache.http.conn.ssl.SSLConnectionSocketFactory -  peer principal: CN=*.herokuapp.com, O="Heroku, Inc.", L=San Francisco, ST=California, C=US
21:38:09.014 [ForkJoinPool-1-worker-3] DEBUG org.apache.http.conn.ssl.SSLConnectionSocketFactory -  peer alternative names: [*.herokuapp.com, herokuapp.com]
21:38:09.014 [ForkJoinPool-1-worker-3] DEBUG org.apache.http.conn.ssl.SSLConnectionSocketFactory -  issuer principal: CN=DigiCert SHA2 High Assurance Server CA, OU=www.digicert.com, O=DigiCert Inc, C=US
21:38:09.015 [ForkJoinPool-1-worker-3] DEBUG org.apache.http.impl.conn.DefaultHttpClientConnectionOperator - Connection established 192.168.1.7:51347<->52.20.101.119:443
21:38:09.015 [ForkJoinPool-1-worker-3] DEBUG org.apache.http.impl.conn.DefaultManagedHttpClientConnection - http-outgoing-6: set socket timeout to 30000
21:38:09.015 [ForkJoinPool-1-worker-3] DEBUG org.apache.http.impl.execchain.MainClientExec - Executing request POST /albums/64 HTTP/1.1
21:38:09.015 [ForkJoinPool-1-worker-3] DEBUG org.apache.http.impl.execchain.MainClientExec - Proxy auth state: UNCHALLENGED
21:38:09.016 [ForkJoinPool-1-worker-3] DEBUG org.apache.http.headers - http-outgoing-6 >> POST /albums/64 HTTP/1.1
21:38:09.016 [ForkJoinPool-1-worker-3] DEBUG org.apache.http.headers - http-outgoing-6 >> Content-Type: application/json; charset=UTF-8
21:38:09.016 [ForkJoinPool-1-worker-3] DEBUG org.apache.http.headers - http-outgoing-6 >> Authorization: eyJ0eXAiOiJKV1QiLCJhbGciOiJIUzI1NiJ9.eyJ1c2VySWQiOjE0Niwicm9sZSI6ImFkbWluIiwiaWF0IjoxNjAwMTM3NDg4LjAyMywiZXhwIjoxNjAwMTM5Mjg4LjAyM30.PzIej1Ji0YMPG1YAQFXrOZC5TAgQ7lVNo7de5zS4BO0
21:38:09.016 [ForkJoinPool-1-worker-3] DEBUG org.apache.http.headers - http-outgoing-6 >> Content-Length: 2
21:38:09.016 [ForkJoinPool-1-worker-3] DEBUG org.apache.http.headers - http-outgoing-6 >> Host: nodejs-qa-training.herokuapp.com
21:38:09.016 [ForkJoinPool-1-worker-3] DEBUG org.apache.http.headers - http-outgoing-6 >> Connection: Keep-Alive
21:38:09.016 [ForkJoinPool-1-worker-3] DEBUG org.apache.http.headers - http-outgoing-6 >> User-Agent: Apache-HttpClient/4.5.11 (Java/1.8.0_171)
21:38:09.016 [ForkJoinPool-1-worker-3] DEBUG org.apache.http.headers - http-outgoing-6 >> Accept-Encoding: gzip,deflate
21:38:09.017 [ForkJoinPool-1-worker-3] DEBUG org.apache.http.wire - http-outgoing-6 >> "POST /albums/64 HTTP/1.1[\r][\n]"
21:38:09.017 [ForkJoinPool-1-worker-3] DEBUG org.apache.http.wire - http-outgoing-6 >> "Content-Type: application/json; charset=UTF-8[\r][\n]"
21:38:09.017 [ForkJoinPool-1-worker-3] DEBUG org.apache.http.wire - http-outgoing-6 >> "Authorization: eyJ0eXAiOiJKV1QiLCJhbGciOiJIUzI1NiJ9.eyJ1c2VySWQiOjE0Niwicm9sZSI6ImFkbWluIiwiaWF0IjoxNjAwMTM3NDg4LjAyMywiZXhwIjoxNjAwMTM5Mjg4LjAyM30.PzIej1Ji0YMPG1YAQFXrOZC5TAgQ7lVNo7de5zS4BO0[\r][\n]"
21:38:09.017 [ForkJoinPool-1-worker-3] DEBUG org.apache.http.wire - http-outgoing-6 >> "Content-Length: 2[\r][\n]"
21:38:09.017 [ForkJoinPool-1-worker-3] DEBUG org.apache.http.wire - http-outgoing-6 >> "Host: nodejs-qa-training.herokuapp.com[\r][\n]"
21:38:09.017 [ForkJoinPool-1-worker-3] DEBUG org.apache.http.wire - http-outgoing-6 >> "Connection: Keep-Alive[\r][\n]"
21:38:09.017 [ForkJoinPool-1-worker-3] DEBUG org.apache.http.wire - http-outgoing-6 >> "User-Agent: Apache-HttpClient/4.5.11 (Java/1.8.0_171)[\r][\n]"
21:38:09.017 [ForkJoinPool-1-worker-3] DEBUG org.apache.http.wire - http-outgoing-6 >> "Accept-Encoding: gzip,deflate[\r][\n]"
21:38:09.017 [ForkJoinPool-1-worker-3] DEBUG org.apache.http.wire - http-outgoing-6 >> "[\r][\n]"
21:38:09.017 [ForkJoinPool-1-worker-3] DEBUG org.apache.http.wire - http-outgoing-6 >> "{}"
21:38:09.131 [ForkJoinPool-1-worker-1] DEBUG org.apache.http.wire - http-outgoing-5 << "HTTP/1.1 200 OK[\r][\n]"
21:38:09.131 [ForkJoinPool-1-worker-1] DEBUG org.apache.http.wire - http-outgoing-5 << "Server: Cowboy[\r][\n]"
21:38:09.131 [ForkJoinPool-1-worker-1] DEBUG org.apache.http.wire - http-outgoing-5 << "Connection: keep-alive[\r][\n]"
21:38:09.131 [ForkJoinPool-1-worker-1] DEBUG org.apache.http.wire - http-outgoing-5 << "X-Powered-By: Express[\r][\n]"
21:38:09.131 [ForkJoinPool-1-worker-1] DEBUG org.apache.http.wire - http-outgoing-5 << "Authorization: eyJ0eXAiOiJKV1QiLCJhbGciOiJIUzI1NiJ9.eyJ1c2VySWQiOjE0Niwicm9sZSI6ImFkbWluIiwiaWF0IjoxNjAwMTM3NDg5LjQ3NiwiZXhwIjoxNjAwMTM5Mjg5LjQ3Nn0.Yy6GlaJSvDXS5zvR84pInkC6xrSkzPVoIXXx2qBVPQM[\r][\n]"
21:38:09.132 [ForkJoinPool-1-worker-1] DEBUG org.apache.http.wire - http-outgoing-5 << "Content-Type: application/json; charset=utf-8[\r][\n]"
21:38:09.132 [ForkJoinPool-1-worker-1] DEBUG org.apache.http.wire - http-outgoing-5 << "Content-Length: 51[\r][\n]"
21:38:09.132 [ForkJoinPool-1-worker-1] DEBUG org.apache.http.wire - http-outgoing-5 << "Etag: W/"33-gvboelLbbDHG6GXYFWhhi4wVAzg"[\r][\n]"
21:38:09.132 [ForkJoinPool-1-worker-1] DEBUG org.apache.http.wire - http-outgoing-5 << "Date: Tue, 15 Sep 2020 02:38:09 GMT[\r][\n]"
21:38:09.132 [ForkJoinPool-1-worker-1] DEBUG org.apache.http.wire - http-outgoing-5 << "Via: 1.1 vegur[\r][\n]"
21:38:09.132 [ForkJoinPool-1-worker-1] DEBUG org.apache.http.wire - http-outgoing-5 << "[\r][\n]"
21:38:09.132 [ForkJoinPool-1-worker-1] DEBUG org.apache.http.wire - http-outgoing-5 << "{"user_id":146,"token_expires_at":"1600139289.476"}"
21:38:09.133 [ForkJoinPool-1-worker-1] DEBUG org.apache.http.headers - http-outgoing-5 << HTTP/1.1 200 OK
21:38:09.133 [ForkJoinPool-1-worker-1] DEBUG org.apache.http.headers - http-outgoing-5 << Server: Cowboy
21:38:09.133 [ForkJoinPool-1-worker-1] DEBUG org.apache.http.headers - http-outgoing-5 << Connection: keep-alive
21:38:09.133 [ForkJoinPool-1-worker-1] DEBUG org.apache.http.headers - http-outgoing-5 << X-Powered-By: Express
21:38:09.133 [ForkJoinPool-1-worker-1] DEBUG org.apache.http.headers - http-outgoing-5 << Authorization: eyJ0eXAiOiJKV1QiLCJhbGciOiJIUzI1NiJ9.eyJ1c2VySWQiOjE0Niwicm9sZSI6ImFkbWluIiwiaWF0IjoxNjAwMTM3NDg5LjQ3NiwiZXhwIjoxNjAwMTM5Mjg5LjQ3Nn0.Yy6GlaJSvDXS5zvR84pInkC6xrSkzPVoIXXx2qBVPQM
21:38:09.133 [ForkJoinPool-1-worker-1] DEBUG org.apache.http.headers - http-outgoing-5 << Content-Type: application/json; charset=utf-8
21:38:09.133 [ForkJoinPool-1-worker-1] DEBUG org.apache.http.headers - http-outgoing-5 << Content-Length: 51
21:38:09.133 [ForkJoinPool-1-worker-1] DEBUG org.apache.http.headers - http-outgoing-5 << Etag: W/"33-gvboelLbbDHG6GXYFWhhi4wVAzg"
21:38:09.133 [ForkJoinPool-1-worker-1] DEBUG org.apache.http.headers - http-outgoing-5 << Date: Tue, 15 Sep 2020 02:38:09 GMT
21:38:09.133 [ForkJoinPool-1-worker-1] DEBUG org.apache.http.headers - http-outgoing-5 << Via: 1.1 vegur
21:38:09.134 [ForkJoinPool-1-worker-1] DEBUG org.apache.http.impl.execchain.MainClientExec - Connection can be kept alive indefinitely
21:38:09.135 [ForkJoinPool-1-worker-1] DEBUG org.apache.http.impl.conn.PoolingHttpClientConnectionManager - Connection [id: 5][route: {s}->https://nodejs-qa-training.herokuapp.com:443] can be kept alive indefinitely
21:38:09.135 [ForkJoinPool-1-worker-1] DEBUG org.apache.http.impl.conn.DefaultManagedHttpClientConnection - http-outgoing-5: set socket timeout to 0
21:38:09.136 [ForkJoinPool-1-worker-1] DEBUG org.apache.http.impl.conn.PoolingHttpClientConnectionManager - Connection released: [id: 5][route: {s}->https://nodejs-qa-training.herokuapp.com:443][total available: 1; route allocated: 1 of 5; total allocated: 1 of 10]
21:38:09.136 [ForkJoinPool-1-worker-1] DEBUG com.intuit.karate - response time in milliseconds: 809,80
1 < 200
1 < Authorization: eyJ0eXAiOiJKV1QiLCJhbGciOiJIUzI1NiJ9.eyJ1c2VySWQiOjE0Niwicm9sZSI6ImFkbWluIiwiaWF0IjoxNjAwMTM3NDg5LjQ3NiwiZXhwIjoxNjAwMTM5Mjg5LjQ3Nn0.Yy6GlaJSvDXS5zvR84pInkC6xrSkzPVoIXXx2qBVPQM
1 < Connection: keep-alive
1 < Content-Length: 51
1 < Content-Type: application/json; charset=utf-8
1 < Date: Tue, 15 Sep 2020 02:38:09 GMT
1 < Etag: W/"33-gvboelLbbDHG6GXYFWhhi4wVAzg"
1 < Server: Cowboy
1 < Via: 1.1 vegur
1 < X-Powered-By: Express
{"user_id":146,"token_expires_at":"1600139289.476"}

21:38:09.139 [ForkJoinPool-1-worker-1] DEBUG com.jayway.jsonpath.internal.path.CompiledPath - Evaluating path: $
21:38:09.140 [ForkJoinPool-1-worker-1] INFO com.intuit.karate - [print] {
  "token_expires_at": "1600139289.476",
  "user_id": 146
}

21:38:09.149 [ForkJoinPool-1-worker-1] INFO com.intuit.karate - [print] eyJ0eXAiOiJKV1QiLCJhbGciOiJIUzI1NiJ9.eyJ1c2VySWQiOjE0Niwicm9sZSI6ImFkbWluIiwiaWF0IjoxNjAwMTM3NDg5LjQ3NiwiZXhwIjoxNjAwMTM5Mjg5LjQ3Nn0.Yy6GlaJSvDXS5zvR84pInkC6xrSkzPVoIXXx2qBVPQM
21:38:09.150 [ForkJoinPool-1-worker-1] DEBUG com.jayway.jsonpath.internal.path.CompiledPath - Evaluating path: $['user_id']
21:38:09.169 [ForkJoinPool-1-worker-1] DEBUG com.jayway.jsonpath.internal.path.CompiledPath - Evaluating path: $
21:38:09.169 [ForkJoinPool-1-worker-1] DEBUG com.jayway.jsonpath.internal.path.CompiledPath - Evaluating path: $
21:38:09.169 [ForkJoinPool-1-worker-1] DEBUG com.jayway.jsonpath.internal.path.CompiledPath - Evaluating path: $
21:38:09.169 [ForkJoinPool-1-worker-1] DEBUG com.jayway.jsonpath.internal.path.CompiledPath - Evaluating path: $['Authorization'][0]
21:38:09.179 [ForkJoinPool-1-worker-1] DEBUG org.apache.http.client.protocol.RequestAddCookies - CookieSpec selected: karate
21:38:09.179 [ForkJoinPool-1-worker-1] DEBUG org.apache.http.client.protocol.RequestAuthCache - Auth cache not set in the context
21:38:09.179 [ForkJoinPool-1-worker-1] DEBUG com.intuit.karate - request:
1 > GET https://nodejs-qa-training.herokuapp.com/albums
1 > Accept-Encoding: gzip,deflate
1 > Authorization: eyJ0eXAiOiJKV1QiLCJhbGciOiJIUzI1NiJ9.eyJ1c2VySWQiOjE0Niwicm9sZSI6ImFkbWluIiwiaWF0IjoxNjAwMTM3NDg5LjQ3NiwiZXhwIjoxNjAwMTM5Mjg5LjQ3Nn0.Yy6GlaJSvDXS5zvR84pInkC6xrSkzPVoIXXx2qBVPQM
1 > Connection: Keep-Alive
1 > Content-Type: application/json
1 > Host: nodejs-qa-training.herokuapp.com
1 > User-Agent: Apache-HttpClient/4.5.11 (Java/1.8.0_171)

21:38:09.179 [ForkJoinPool-1-worker-1] DEBUG org.apache.http.impl.conn.PoolingHttpClientConnectionManager - Connection request: [route: {s}->https://nodejs-qa-training.herokuapp.com:443][total available: 0; route allocated: 0 of 5; total allocated: 0 of 10]
21:38:09.179 [ForkJoinPool-1-worker-1] DEBUG org.apache.http.impl.conn.PoolingHttpClientConnectionManager - Connection leased: [id: 8][route: {s}->https://nodejs-qa-training.herokuapp.com:443][total available: 0; route allocated: 1 of 5; total allocated: 1 of 10]
21:38:09.179 [ForkJoinPool-1-worker-1] DEBUG org.apache.http.impl.execchain.MainClientExec - Opening connection {s}->https://nodejs-qa-training.herokuapp.com:443
21:38:09.179 [ForkJoinPool-1-worker-1] DEBUG org.apache.http.impl.conn.DefaultHttpClientConnectionOperator - Connecting to nodejs-qa-training.herokuapp.com/52.20.101.119:443
21:38:09.179 [ForkJoinPool-1-worker-1] DEBUG org.apache.http.conn.ssl.SSLConnectionSocketFactory - Connecting socket to nodejs-qa-training.herokuapp.com/52.20.101.119:443 with timeout 30000
21:38:09.265 [ForkJoinPool-1-worker-3] DEBUG org.apache.http.wire - http-outgoing-6 << "HTTP/1.1 201 Created[\r][\n]"
21:38:09.265 [ForkJoinPool-1-worker-3] DEBUG org.apache.http.wire - http-outgoing-6 << "Server: Cowboy[\r][\n]"
21:38:09.265 [ForkJoinPool-1-worker-3] DEBUG org.apache.http.wire - http-outgoing-6 << "Connection: keep-alive[\r][\n]"
21:38:09.265 [ForkJoinPool-1-worker-3] DEBUG org.apache.http.wire - http-outgoing-6 << "X-Powered-By: Express[\r][\n]"
21:38:09.265 [ForkJoinPool-1-worker-3] DEBUG org.apache.http.wire - http-outgoing-6 << "Date: Tue, 15 Sep 2020 02:38:09 GMT[\r][\n]"
21:38:09.266 [ForkJoinPool-1-worker-3] DEBUG org.apache.http.wire - http-outgoing-6 << "Content-Length: 0[\r][\n]"
21:38:09.266 [ForkJoinPool-1-worker-3] DEBUG org.apache.http.wire - http-outgoing-6 << "Via: 1.1 vegur[\r][\n]"
21:38:09.266 [ForkJoinPool-1-worker-3] DEBUG org.apache.http.wire - http-outgoing-6 << "[\r][\n]"
21:38:09.266 [ForkJoinPool-1-worker-3] DEBUG org.apache.http.headers - http-outgoing-6 << HTTP/1.1 201 Created
21:38:09.266 [ForkJoinPool-1-worker-3] DEBUG org.apache.http.headers - http-outgoing-6 << Server: Cowboy
21:38:09.266 [ForkJoinPool-1-worker-3] DEBUG org.apache.http.headers - http-outgoing-6 << Connection: keep-alive
21:38:09.266 [ForkJoinPool-1-worker-3] DEBUG org.apache.http.headers - http-outgoing-6 << X-Powered-By: Express
21:38:09.266 [ForkJoinPool-1-worker-3] DEBUG org.apache.http.headers - http-outgoing-6 << Date: Tue, 15 Sep 2020 02:38:09 GMT
21:38:09.266 [ForkJoinPool-1-worker-3] DEBUG org.apache.http.headers - http-outgoing-6 << Content-Length: 0
21:38:09.266 [ForkJoinPool-1-worker-3] DEBUG org.apache.http.headers - http-outgoing-6 << Via: 1.1 vegur
21:38:09.266 [ForkJoinPool-1-worker-3] DEBUG org.apache.http.impl.execchain.MainClientExec - Connection can be kept alive indefinitely
21:38:09.266 [ForkJoinPool-1-worker-3] DEBUG org.apache.http.impl.conn.PoolingHttpClientConnectionManager - Connection [id: 6][route: {s}->https://nodejs-qa-training.herokuapp.com:443] can be kept alive indefinitely
21:38:09.266 [ForkJoinPool-1-worker-3] DEBUG org.apache.http.impl.conn.DefaultManagedHttpClientConnection - http-outgoing-6: set socket timeout to 0
21:38:09.266 [ForkJoinPool-1-worker-3] DEBUG org.apache.http.impl.conn.PoolingHttpClientConnectionManager - Connection released: [id: 6][route: {s}->https://nodejs-qa-training.herokuapp.com:443][total available: 1; route allocated: 1 of 5; total allocated: 1 of 10]
21:38:09.266 [ForkJoinPool-1-worker-3] DEBUG com.intuit.karate - response time in milliseconds: 711,78
1 < 201
1 < Connection: keep-alive
1 < Content-Length: 0
1 < Date: Tue, 15 Sep 2020 02:38:09 GMT
1 < Server: Cowboy
1 < Via: 1.1 vegur
1 < X-Powered-By: Express

21:38:09.267 [ForkJoinPool-1-worker-3] INFO com.intuit.karate - [print] 
21:38:09.273 [ForkJoinPool-1-worker-3] WARN com.intuit.karate - skipping bootstrap configuration: could not find or read file: classpath:karate-config.js
21:38:09.294 [ForkJoinPool-1-worker-3] INFO com.intuit.karate - scenario called at line: 12 by tag: @ExitosoRegular
21:38:09.308 [ForkJoinPool-1-worker-2] DEBUG org.apache.http.conn.ssl.SSLConnectionSocketFactory - Secure session established
21:38:09.308 [ForkJoinPool-1-worker-2] DEBUG org.apache.http.conn.ssl.SSLConnectionSocketFactory -  negotiated protocol: TLSv1.2
21:38:09.308 [ForkJoinPool-1-worker-2] DEBUG org.apache.http.conn.ssl.SSLConnectionSocketFactory -  negotiated cipher suite: TLS_ECDHE_RSA_WITH_AES_128_GCM_SHA256
21:38:09.308 [ForkJoinPool-1-worker-2] DEBUG org.apache.http.conn.ssl.SSLConnectionSocketFactory -  peer principal: CN=*.herokuapp.com, O="Heroku, Inc.", L=San Francisco, ST=California, C=US
21:38:09.308 [ForkJoinPool-1-worker-2] DEBUG org.apache.http.conn.ssl.SSLConnectionSocketFactory -  peer alternative names: [*.herokuapp.com, herokuapp.com]
21:38:09.308 [ForkJoinPool-1-worker-2] DEBUG org.apache.http.conn.ssl.SSLConnectionSocketFactory -  issuer principal: CN=DigiCert SHA2 High Assurance Server CA, OU=www.digicert.com, O=DigiCert Inc, C=US
21:38:09.308 [ForkJoinPool-1-worker-2] DEBUG org.apache.http.impl.conn.DefaultHttpClientConnectionOperator - Connection established 192.168.1.7:51348<->52.20.101.119:443
21:38:09.308 [ForkJoinPool-1-worker-2] DEBUG org.apache.http.impl.conn.DefaultManagedHttpClientConnection - http-outgoing-7: set socket timeout to 30000
21:38:09.308 [ForkJoinPool-1-worker-2] DEBUG org.apache.http.impl.execchain.MainClientExec - Executing request POST /users/sessions/ HTTP/1.1
21:38:09.308 [ForkJoinPool-1-worker-2] DEBUG org.apache.http.impl.execchain.MainClientExec - Target auth state: UNCHALLENGED
21:38:09.308 [ForkJoinPool-1-worker-2] DEBUG org.apache.http.impl.execchain.MainClientExec - Proxy auth state: UNCHALLENGED
21:38:09.308 [ForkJoinPool-1-worker-2] DEBUG org.apache.http.headers - http-outgoing-7 >> POST /users/sessions/ HTTP/1.1
21:38:09.308 [ForkJoinPool-1-worker-2] DEBUG org.apache.http.headers - http-outgoing-7 >> Content-Type: application/json; charset=UTF-8
21:38:09.308 [ForkJoinPool-1-worker-2] DEBUG org.apache.http.headers - http-outgoing-7 >> Content-Length: 56
21:38:09.308 [ForkJoinPool-1-worker-2] DEBUG org.apache.http.headers - http-outgoing-7 >> Host: nodejs-qa-training.herokuapp.com
21:38:09.308 [ForkJoinPool-1-worker-2] DEBUG org.apache.http.headers - http-outgoing-7 >> Connection: Keep-Alive
21:38:09.308 [ForkJoinPool-1-worker-2] DEBUG org.apache.http.headers - http-outgoing-7 >> User-Agent: Apache-HttpClient/4.5.11 (Java/1.8.0_171)
21:38:09.308 [ForkJoinPool-1-worker-2] DEBUG org.apache.http.headers - http-outgoing-7 >> Accept-Encoding: gzip,deflate
21:38:09.308 [ForkJoinPool-1-worker-2] DEBUG org.apache.http.wire - http-outgoing-7 >> "POST /users/sessions/ HTTP/1.1[\r][\n]"
21:38:09.308 [ForkJoinPool-1-worker-2] DEBUG org.apache.http.wire - http-outgoing-7 >> "Content-Type: application/json; charset=UTF-8[\r][\n]"
21:38:09.308 [ForkJoinPool-1-worker-2] DEBUG org.apache.http.wire - http-outgoing-7 >> "Content-Length: 56[\r][\n]"
21:38:09.308 [ForkJoinPool-1-worker-2] DEBUG org.apache.http.wire - http-outgoing-7 >> "Host: nodejs-qa-training.herokuapp.com[\r][\n]"
21:38:09.308 [ForkJoinPool-1-worker-2] DEBUG org.apache.http.wire - http-outgoing-7 >> "Connection: Keep-Alive[\r][\n]"
21:38:09.308 [ForkJoinPool-1-worker-2] DEBUG org.apache.http.wire - http-outgoing-7 >> "User-Agent: Apache-HttpClient/4.5.11 (Java/1.8.0_171)[\r][\n]"
21:38:09.308 [ForkJoinPool-1-worker-2] DEBUG org.apache.http.wire - http-outgoing-7 >> "Accept-Encoding: gzip,deflate[\r][\n]"
21:38:09.308 [ForkJoinPool-1-worker-2] DEBUG org.apache.http.wire - http-outgoing-7 >> "[\r][\n]"
21:38:09.308 [ForkJoinPool-1-worker-2] DEBUG org.apache.http.wire - http-outgoing-7 >> "{"email":"hernan00@wolox.com.ar","password":"Hernan123"}"
21:38:09.315 [ForkJoinPool-1-worker-3] INFO com.intuit.karate - scenario called at line: 27 by tag: @ExitosoRegular
21:38:09.318 [ForkJoinPool-1-worker-1] DEBUG org.apache.http.conn.ssl.SSLConnectionSocketFactory - Enabled protocols: [TLSv1, TLSv1.1, TLSv1.2]
21:38:09.318 [ForkJoinPool-1-worker-1] DEBUG org.apache.http.conn.ssl.SSLConnectionSocketFactory - Enabled cipher suites:[TLS_ECDHE_ECDSA_WITH_AES_256_CBC_SHA384, TLS_ECDHE_RSA_WITH_AES_256_CBC_SHA384, TLS_RSA_WITH_AES_256_CBC_SHA256, TLS_ECDH_ECDSA_WITH_AES_256_CBC_SHA384, TLS_ECDH_RSA_WITH_AES_256_CBC_SHA384, TLS_DHE_RSA_WITH_AES_256_CBC_SHA256, TLS_DHE_DSS_WITH_AES_256_CBC_SHA256, TLS_ECDHE_ECDSA_WITH_AES_256_CBC_SHA, TLS_ECDHE_RSA_WITH_AES_256_CBC_SHA, TLS_RSA_WITH_AES_256_CBC_SHA, TLS_ECDH_ECDSA_WITH_AES_256_CBC_SHA, TLS_ECDH_RSA_WITH_AES_256_CBC_SHA, TLS_DHE_RSA_WITH_AES_256_CBC_SHA, TLS_DHE_DSS_WITH_AES_256_CBC_SHA, TLS_ECDHE_ECDSA_WITH_AES_128_CBC_SHA256, TLS_ECDHE_RSA_WITH_AES_128_CBC_SHA256, TLS_RSA_WITH_AES_128_CBC_SHA256, TLS_ECDH_ECDSA_WITH_AES_128_CBC_SHA256, TLS_ECDH_RSA_WITH_AES_128_CBC_SHA256, TLS_DHE_RSA_WITH_AES_128_CBC_SHA256, TLS_DHE_DSS_WITH_AES_128_CBC_SHA256, TLS_ECDHE_ECDSA_WITH_AES_128_CBC_SHA, TLS_ECDHE_RSA_WITH_AES_128_CBC_SHA, TLS_RSA_WITH_AES_128_CBC_SHA, TLS_ECDH_ECDSA_WITH_AES_128_CBC_SHA, TLS_ECDH_RSA_WITH_AES_128_CBC_SHA, TLS_DHE_RSA_WITH_AES_128_CBC_SHA, TLS_DHE_DSS_WITH_AES_128_CBC_SHA, TLS_ECDHE_ECDSA_WITH_AES_256_GCM_SHA384, TLS_ECDHE_ECDSA_WITH_AES_128_GCM_SHA256, TLS_ECDHE_RSA_WITH_AES_256_GCM_SHA384, TLS_RSA_WITH_AES_256_GCM_SHA384, TLS_ECDH_ECDSA_WITH_AES_256_GCM_SHA384, TLS_ECDH_RSA_WITH_AES_256_GCM_SHA384, TLS_DHE_RSA_WITH_AES_256_GCM_SHA384, TLS_DHE_DSS_WITH_AES_256_GCM_SHA384, TLS_ECDHE_RSA_WITH_AES_128_GCM_SHA256, TLS_RSA_WITH_AES_128_GCM_SHA256, TLS_ECDH_ECDSA_WITH_AES_128_GCM_SHA256, TLS_ECDH_RSA_WITH_AES_128_GCM_SHA256, TLS_DHE_RSA_WITH_AES_128_GCM_SHA256, TLS_DHE_DSS_WITH_AES_128_GCM_SHA256, TLS_EMPTY_RENEGOTIATION_INFO_SCSV]
21:38:09.318 [ForkJoinPool-1-worker-1] DEBUG org.apache.http.conn.ssl.SSLConnectionSocketFactory - Starting handshake
21:38:09.319 [ForkJoinPool-1-worker-3] DEBUG com.jayway.jsonpath.internal.path.CompiledPath - Evaluating path: $
21:38:09.322 [ForkJoinPool-1-worker-3] DEBUG org.apache.http.client.protocol.RequestAddCookies - CookieSpec selected: karate
21:38:09.323 [ForkJoinPool-1-worker-3] DEBUG org.apache.http.client.protocol.RequestAuthCache - Auth cache not set in the context
21:38:09.323 [ForkJoinPool-1-worker-3] DEBUG com.intuit.karate - request:
1 > POST https://nodejs-qa-training.herokuapp.com/users/sessions/
1 > Accept-Encoding: gzip,deflate
1 > Connection: Keep-Alive
1 > Content-Length: 56
1 > Content-Type: application/json; charset=UTF-8
1 > Host: nodejs-qa-training.herokuapp.com
1 > User-Agent: Apache-HttpClient/4.5.11 (Java/1.8.0_171)
{"email":"hernan00@wolox.com.ar","password":"Hernan123"}

21:38:09.323 [ForkJoinPool-1-worker-3] DEBUG org.apache.http.impl.conn.PoolingHttpClientConnectionManager - Connection request: [route: {s}->https://nodejs-qa-training.herokuapp.com:443][total available: 0; route allocated: 0 of 5; total allocated: 0 of 10]
21:38:09.323 [ForkJoinPool-1-worker-3] DEBUG org.apache.http.impl.conn.PoolingHttpClientConnectionManager - Connection leased: [id: 9][route: {s}->https://nodejs-qa-training.herokuapp.com:443][total available: 0; route allocated: 1 of 5; total allocated: 1 of 10]
21:38:09.323 [ForkJoinPool-1-worker-3] DEBUG org.apache.http.impl.execchain.MainClientExec - Opening connection {s}->https://nodejs-qa-training.herokuapp.com:443
21:38:09.323 [ForkJoinPool-1-worker-3] DEBUG org.apache.http.impl.conn.DefaultHttpClientConnectionOperator - Connecting to nodejs-qa-training.herokuapp.com/52.20.101.119:443
21:38:09.323 [ForkJoinPool-1-worker-3] DEBUG org.apache.http.conn.ssl.SSLConnectionSocketFactory - Connecting socket to nodejs-qa-training.herokuapp.com/52.20.101.119:443 with timeout 30000
21:38:09.411 [ForkJoinPool-1-worker-3] DEBUG org.apache.http.conn.ssl.SSLConnectionSocketFactory - Enabled protocols: [TLSv1, TLSv1.1, TLSv1.2]
21:38:09.412 [ForkJoinPool-1-worker-3] DEBUG org.apache.http.conn.ssl.SSLConnectionSocketFactory - Enabled cipher suites:[TLS_ECDHE_ECDSA_WITH_AES_256_CBC_SHA384, TLS_ECDHE_RSA_WITH_AES_256_CBC_SHA384, TLS_RSA_WITH_AES_256_CBC_SHA256, TLS_ECDH_ECDSA_WITH_AES_256_CBC_SHA384, TLS_ECDH_RSA_WITH_AES_256_CBC_SHA384, TLS_DHE_RSA_WITH_AES_256_CBC_SHA256, TLS_DHE_DSS_WITH_AES_256_CBC_SHA256, TLS_ECDHE_ECDSA_WITH_AES_256_CBC_SHA, TLS_ECDHE_RSA_WITH_AES_256_CBC_SHA, TLS_RSA_WITH_AES_256_CBC_SHA, TLS_ECDH_ECDSA_WITH_AES_256_CBC_SHA, TLS_ECDH_RSA_WITH_AES_256_CBC_SHA, TLS_DHE_RSA_WITH_AES_256_CBC_SHA, TLS_DHE_DSS_WITH_AES_256_CBC_SHA, TLS_ECDHE_ECDSA_WITH_AES_128_CBC_SHA256, TLS_ECDHE_RSA_WITH_AES_128_CBC_SHA256, TLS_RSA_WITH_AES_128_CBC_SHA256, TLS_ECDH_ECDSA_WITH_AES_128_CBC_SHA256, TLS_ECDH_RSA_WITH_AES_128_CBC_SHA256, TLS_DHE_RSA_WITH_AES_128_CBC_SHA256, TLS_DHE_DSS_WITH_AES_128_CBC_SHA256, TLS_ECDHE_ECDSA_WITH_AES_128_CBC_SHA, TLS_ECDHE_RSA_WITH_AES_128_CBC_SHA, TLS_RSA_WITH_AES_128_CBC_SHA, TLS_ECDH_ECDSA_WITH_AES_128_CBC_SHA, TLS_ECDH_RSA_WITH_AES_128_CBC_SHA, TLS_DHE_RSA_WITH_AES_128_CBC_SHA, TLS_DHE_DSS_WITH_AES_128_CBC_SHA, TLS_ECDHE_ECDSA_WITH_AES_256_GCM_SHA384, TLS_ECDHE_ECDSA_WITH_AES_128_GCM_SHA256, TLS_ECDHE_RSA_WITH_AES_256_GCM_SHA384, TLS_RSA_WITH_AES_256_GCM_SHA384, TLS_ECDH_ECDSA_WITH_AES_256_GCM_SHA384, TLS_ECDH_RSA_WITH_AES_256_GCM_SHA384, TLS_DHE_RSA_WITH_AES_256_GCM_SHA384, TLS_DHE_DSS_WITH_AES_256_GCM_SHA384, TLS_ECDHE_RSA_WITH_AES_128_GCM_SHA256, TLS_RSA_WITH_AES_128_GCM_SHA256, TLS_ECDH_ECDSA_WITH_AES_128_GCM_SHA256, TLS_ECDH_RSA_WITH_AES_128_GCM_SHA256, TLS_DHE_RSA_WITH_AES_128_GCM_SHA256, TLS_DHE_DSS_WITH_AES_128_GCM_SHA256, TLS_EMPTY_RENEGOTIATION_INFO_SCSV]
21:38:09.412 [ForkJoinPool-1-worker-3] DEBUG org.apache.http.conn.ssl.SSLConnectionSocketFactory - Starting handshake
21:38:09.547 [ForkJoinPool-1-worker-1] DEBUG org.apache.http.conn.ssl.SSLConnectionSocketFactory - Secure session established
21:38:09.547 [ForkJoinPool-1-worker-1] DEBUG org.apache.http.conn.ssl.SSLConnectionSocketFactory -  negotiated protocol: TLSv1.2
21:38:09.547 [ForkJoinPool-1-worker-1] DEBUG org.apache.http.conn.ssl.SSLConnectionSocketFactory -  negotiated cipher suite: TLS_ECDHE_RSA_WITH_AES_128_GCM_SHA256
21:38:09.547 [ForkJoinPool-1-worker-1] DEBUG org.apache.http.conn.ssl.SSLConnectionSocketFactory -  peer principal: CN=*.herokuapp.com, O="Heroku, Inc.", L=San Francisco, ST=California, C=US
21:38:09.547 [ForkJoinPool-1-worker-1] DEBUG org.apache.http.conn.ssl.SSLConnectionSocketFactory -  peer alternative names: [*.herokuapp.com, herokuapp.com]
21:38:09.547 [ForkJoinPool-1-worker-1] DEBUG org.apache.http.conn.ssl.SSLConnectionSocketFactory -  issuer principal: CN=DigiCert SHA2 High Assurance Server CA, OU=www.digicert.com, O=DigiCert Inc, C=US
21:38:09.548 [ForkJoinPool-1-worker-1] DEBUG org.apache.http.impl.conn.DefaultHttpClientConnectionOperator - Connection established 192.168.1.7:51349<->52.20.101.119:443
21:38:09.548 [ForkJoinPool-1-worker-1] DEBUG org.apache.http.impl.conn.DefaultManagedHttpClientConnection - http-outgoing-8: set socket timeout to 30000
21:38:09.548 [ForkJoinPool-1-worker-1] DEBUG org.apache.http.impl.execchain.MainClientExec - Executing request GET /albums HTTP/1.1
21:38:09.548 [ForkJoinPool-1-worker-1] DEBUG org.apache.http.impl.execchain.MainClientExec - Proxy auth state: UNCHALLENGED
21:38:09.548 [ForkJoinPool-1-worker-1] DEBUG org.apache.http.headers - http-outgoing-8 >> GET /albums HTTP/1.1
21:38:09.548 [ForkJoinPool-1-worker-1] DEBUG org.apache.http.headers - http-outgoing-8 >> Content-Type: application/json
21:38:09.548 [ForkJoinPool-1-worker-1] DEBUG org.apache.http.headers - http-outgoing-8 >> Authorization: eyJ0eXAiOiJKV1QiLCJhbGciOiJIUzI1NiJ9.eyJ1c2VySWQiOjE0Niwicm9sZSI6ImFkbWluIiwiaWF0IjoxNjAwMTM3NDg5LjQ3NiwiZXhwIjoxNjAwMTM5Mjg5LjQ3Nn0.Yy6GlaJSvDXS5zvR84pInkC6xrSkzPVoIXXx2qBVPQM
21:38:09.548 [ForkJoinPool-1-worker-1] DEBUG org.apache.http.headers - http-outgoing-8 >> Host: nodejs-qa-training.herokuapp.com
21:38:09.548 [ForkJoinPool-1-worker-1] DEBUG org.apache.http.headers - http-outgoing-8 >> Connection: Keep-Alive
21:38:09.549 [ForkJoinPool-1-worker-1] DEBUG org.apache.http.headers - http-outgoing-8 >> User-Agent: Apache-HttpClient/4.5.11 (Java/1.8.0_171)
21:38:09.549 [ForkJoinPool-1-worker-1] DEBUG org.apache.http.headers - http-outgoing-8 >> Accept-Encoding: gzip,deflate
21:38:09.549 [ForkJoinPool-1-worker-1] DEBUG org.apache.http.wire - http-outgoing-8 >> "GET /albums HTTP/1.1[\r][\n]"
21:38:09.549 [ForkJoinPool-1-worker-1] DEBUG org.apache.http.wire - http-outgoing-8 >> "Content-Type: application/json[\r][\n]"
21:38:09.549 [ForkJoinPool-1-worker-1] DEBUG org.apache.http.wire - http-outgoing-8 >> "Authorization: eyJ0eXAiOiJKV1QiLCJhbGciOiJIUzI1NiJ9.eyJ1c2VySWQiOjE0Niwicm9sZSI6ImFkbWluIiwiaWF0IjoxNjAwMTM3NDg5LjQ3NiwiZXhwIjoxNjAwMTM5Mjg5LjQ3Nn0.Yy6GlaJSvDXS5zvR84pInkC6xrSkzPVoIXXx2qBVPQM[\r][\n]"
21:38:09.549 [ForkJoinPool-1-worker-1] DEBUG org.apache.http.wire - http-outgoing-8 >> "Host: nodejs-qa-training.herokuapp.com[\r][\n]"
21:38:09.549 [ForkJoinPool-1-worker-1] DEBUG org.apache.http.wire - http-outgoing-8 >> "Connection: Keep-Alive[\r][\n]"
21:38:09.549 [ForkJoinPool-1-worker-1] DEBUG org.apache.http.wire - http-outgoing-8 >> "User-Agent: Apache-HttpClient/4.5.11 (Java/1.8.0_171)[\r][\n]"
21:38:09.549 [ForkJoinPool-1-worker-1] DEBUG org.apache.http.wire - http-outgoing-8 >> "Accept-Encoding: gzip,deflate[\r][\n]"
21:38:09.549 [ForkJoinPool-1-worker-1] DEBUG org.apache.http.wire - http-outgoing-8 >> "[\r][\n]"
21:38:09.577 [ForkJoinPool-1-worker-2] DEBUG org.apache.http.wire - http-outgoing-7 << "HTTP/1.1 200 OK[\r][\n]"
21:38:09.577 [ForkJoinPool-1-worker-2] DEBUG org.apache.http.wire - http-outgoing-7 << "Server: Cowboy[\r][\n]"
21:38:09.577 [ForkJoinPool-1-worker-2] DEBUG org.apache.http.wire - http-outgoing-7 << "Connection: keep-alive[\r][\n]"
21:38:09.578 [ForkJoinPool-1-worker-2] DEBUG org.apache.http.wire - http-outgoing-7 << "X-Powered-By: Express[\r][\n]"
21:38:09.578 [ForkJoinPool-1-worker-2] DEBUG org.apache.http.wire - http-outgoing-7 << "Authorization: eyJ0eXAiOiJKV1QiLCJhbGciOiJIUzI1NiJ9.eyJ1c2VySWQiOjI1OCwicm9sZSI6InJlZ3VsYXIiLCJpYXQiOjE2MDAxMzc0ODkuOTg4LCJleHAiOjE2MDAxMzkyODkuOTg4fQ.r1Mjrs5j23dnlnR7usOlmxKo4o9qBoqg_J0fe8PLag8[\r][\n]"
21:38:09.578 [ForkJoinPool-1-worker-2] DEBUG org.apache.http.wire - http-outgoing-7 << "Content-Type: application/json; charset=utf-8[\r][\n]"
21:38:09.578 [ForkJoinPool-1-worker-2] DEBUG org.apache.http.wire - http-outgoing-7 << "Content-Length: 51[\r][\n]"
21:38:09.578 [ForkJoinPool-1-worker-2] DEBUG org.apache.http.wire - http-outgoing-7 << "Etag: W/"33-r2bm8Zg+bVxmwXRsrCe8Tnk9a/c"[\r][\n]"
21:38:09.578 [ForkJoinPool-1-worker-2] DEBUG org.apache.http.wire - http-outgoing-7 << "Date: Tue, 15 Sep 2020 02:38:09 GMT[\r][\n]"
21:38:09.578 [ForkJoinPool-1-worker-2] DEBUG org.apache.http.wire - http-outgoing-7 << "Via: 1.1 vegur[\r][\n]"
21:38:09.579 [ForkJoinPool-1-worker-2] DEBUG org.apache.http.wire - http-outgoing-7 << "[\r][\n]"
21:38:09.579 [ForkJoinPool-1-worker-2] DEBUG org.apache.http.wire - http-outgoing-7 << "{"user_id":258,"token_expires_at":"1600139289.988"}"
21:38:09.579 [ForkJoinPool-1-worker-2] DEBUG org.apache.http.headers - http-outgoing-7 << HTTP/1.1 200 OK
21:38:09.579 [ForkJoinPool-1-worker-2] DEBUG org.apache.http.headers - http-outgoing-7 << Server: Cowboy
21:38:09.579 [ForkJoinPool-1-worker-2] DEBUG org.apache.http.headers - http-outgoing-7 << Connection: keep-alive
21:38:09.580 [ForkJoinPool-1-worker-2] DEBUG org.apache.http.headers - http-outgoing-7 << X-Powered-By: Express
21:38:09.580 [ForkJoinPool-1-worker-2] DEBUG org.apache.http.headers - http-outgoing-7 << Authorization: eyJ0eXAiOiJKV1QiLCJhbGciOiJIUzI1NiJ9.eyJ1c2VySWQiOjI1OCwicm9sZSI6InJlZ3VsYXIiLCJpYXQiOjE2MDAxMzc0ODkuOTg4LCJleHAiOjE2MDAxMzkyODkuOTg4fQ.r1Mjrs5j23dnlnR7usOlmxKo4o9qBoqg_J0fe8PLag8
21:38:09.580 [ForkJoinPool-1-worker-2] DEBUG org.apache.http.headers - http-outgoing-7 << Content-Type: application/json; charset=utf-8
21:38:09.580 [ForkJoinPool-1-worker-2] DEBUG org.apache.http.headers - http-outgoing-7 << Content-Length: 51
21:38:09.580 [ForkJoinPool-1-worker-2] DEBUG org.apache.http.headers - http-outgoing-7 << Etag: W/"33-r2bm8Zg+bVxmwXRsrCe8Tnk9a/c"
21:38:09.580 [ForkJoinPool-1-worker-2] DEBUG org.apache.http.headers - http-outgoing-7 << Date: Tue, 15 Sep 2020 02:38:09 GMT
21:38:09.580 [ForkJoinPool-1-worker-2] DEBUG org.apache.http.headers - http-outgoing-7 << Via: 1.1 vegur
21:38:09.580 [ForkJoinPool-1-worker-2] DEBUG org.apache.http.impl.execchain.MainClientExec - Connection can be kept alive indefinitely
21:38:09.581 [ForkJoinPool-1-worker-2] DEBUG org.apache.http.impl.conn.PoolingHttpClientConnectionManager - Connection [id: 7][route: {s}->https://nodejs-qa-training.herokuapp.com:443] can be kept alive indefinitely
21:38:09.582 [ForkJoinPool-1-worker-2] DEBUG org.apache.http.impl.conn.DefaultManagedHttpClientConnection - http-outgoing-7: set socket timeout to 0
21:38:09.582 [ForkJoinPool-1-worker-2] DEBUG org.apache.http.impl.conn.PoolingHttpClientConnectionManager - Connection released: [id: 7][route: {s}->https://nodejs-qa-training.herokuapp.com:443][total available: 1; route allocated: 1 of 5; total allocated: 1 of 10]
21:38:09.582 [ForkJoinPool-1-worker-2] DEBUG com.intuit.karate - response time in milliseconds: 946,26
1 < 200
1 < Authorization: eyJ0eXAiOiJKV1QiLCJhbGciOiJIUzI1NiJ9.eyJ1c2VySWQiOjI1OCwicm9sZSI6InJlZ3VsYXIiLCJpYXQiOjE2MDAxMzc0ODkuOTg4LCJleHAiOjE2MDAxMzkyODkuOTg4fQ.r1Mjrs5j23dnlnR7usOlmxKo4o9qBoqg_J0fe8PLag8
1 < Connection: keep-alive
1 < Content-Length: 51
1 < Content-Type: application/json; charset=utf-8
1 < Date: Tue, 15 Sep 2020 02:38:09 GMT
1 < Etag: W/"33-r2bm8Zg+bVxmwXRsrCe8Tnk9a/c"
1 < Server: Cowboy
1 < Via: 1.1 vegur
1 < X-Powered-By: Express
{"user_id":258,"token_expires_at":"1600139289.988"}

21:38:09.584 [ForkJoinPool-1-worker-2] DEBUG com.jayway.jsonpath.internal.path.CompiledPath - Evaluating path: $
21:38:09.584 [ForkJoinPool-1-worker-2] INFO com.intuit.karate - [print] {
  "token_expires_at": "1600139289.988",
  "user_id": 258
}

21:38:09.587 [ForkJoinPool-1-worker-2] INFO com.intuit.karate - [print] eyJ0eXAiOiJKV1QiLCJhbGciOiJIUzI1NiJ9.eyJ1c2VySWQiOjI1OCwicm9sZSI6InJlZ3VsYXIiLCJpYXQiOjE2MDAxMzc0ODkuOTg4LCJleHAiOjE2MDAxMzkyODkuOTg4fQ.r1Mjrs5j23dnlnR7usOlmxKo4o9qBoqg_J0fe8PLag8
21:38:09.589 [ForkJoinPool-1-worker-2] DEBUG com.jayway.jsonpath.internal.path.CompiledPath - Evaluating path: $['user_id']
21:38:09.613 [ForkJoinPool-1-worker-2] DEBUG com.jayway.jsonpath.internal.path.CompiledPath - Evaluating path: $
21:38:09.613 [ForkJoinPool-1-worker-2] DEBUG com.jayway.jsonpath.internal.path.CompiledPath - Evaluating path: $
21:38:09.613 [ForkJoinPool-1-worker-2] DEBUG com.jayway.jsonpath.internal.path.CompiledPath - Evaluating path: $
21:38:09.614 [ForkJoinPool-1-worker-2] DEBUG com.jayway.jsonpath.internal.path.CompiledPath - Evaluating path: $['Authorization'][0]
21:38:09.622 [ForkJoinPool-1-worker-2] DEBUG org.apache.http.client.protocol.RequestAddCookies - CookieSpec selected: karate
21:38:09.623 [ForkJoinPool-1-worker-2] DEBUG org.apache.http.client.protocol.RequestAuthCache - Auth cache not set in the context
21:38:09.623 [ForkJoinPool-1-worker-2] DEBUG com.intuit.karate - request:
1 > GET https://nodejs-qa-training.herokuapp.com/albums
1 > Accept-Encoding: gzip,deflate
1 > Authorization: eyJ0eXAiOiJKV1QiLCJhbGciOiJIUzI1NiJ9.eyJ1c2VySWQiOjI1OCwicm9sZSI6InJlZ3VsYXIiLCJpYXQiOjE2MDAxMzc0ODkuOTg4LCJleHAiOjE2MDAxMzkyODkuOTg4fQ.r1Mjrs5j23dnlnR7usOlmxKo4o9qBoqg_J0fe8PLag8
1 > Connection: Keep-Alive
1 > Content-Type: application/json
1 > Host: nodejs-qa-training.herokuapp.com
1 > User-Agent: Apache-HttpClient/4.5.11 (Java/1.8.0_171)

21:38:09.623 [ForkJoinPool-1-worker-2] DEBUG org.apache.http.impl.conn.PoolingHttpClientConnectionManager - Connection request: [route: {s}->https://nodejs-qa-training.herokuapp.com:443][total available: 0; route allocated: 0 of 5; total allocated: 0 of 10]
21:38:09.623 [ForkJoinPool-1-worker-2] DEBUG org.apache.http.impl.conn.PoolingHttpClientConnectionManager - Connection leased: [id: 10][route: {s}->https://nodejs-qa-training.herokuapp.com:443][total available: 0; route allocated: 1 of 5; total allocated: 1 of 10]
21:38:09.623 [ForkJoinPool-1-worker-2] DEBUG org.apache.http.impl.execchain.MainClientExec - Opening connection {s}->https://nodejs-qa-training.herokuapp.com:443
21:38:09.623 [ForkJoinPool-1-worker-2] DEBUG org.apache.http.impl.conn.DefaultHttpClientConnectionOperator - Connecting to nodejs-qa-training.herokuapp.com/52.20.101.119:443
21:38:09.623 [ForkJoinPool-1-worker-2] DEBUG org.apache.http.conn.ssl.SSLConnectionSocketFactory - Connecting socket to nodejs-qa-training.herokuapp.com/52.20.101.119:443 with timeout 30000
21:38:09.675 [ForkJoinPool-1-worker-3] DEBUG org.apache.http.conn.ssl.SSLConnectionSocketFactory - Secure session established
21:38:09.675 [ForkJoinPool-1-worker-3] DEBUG org.apache.http.conn.ssl.SSLConnectionSocketFactory -  negotiated protocol: TLSv1.2
21:38:09.675 [ForkJoinPool-1-worker-3] DEBUG org.apache.http.conn.ssl.SSLConnectionSocketFactory -  negotiated cipher suite: TLS_ECDHE_RSA_WITH_AES_128_GCM_SHA256
21:38:09.675 [ForkJoinPool-1-worker-3] DEBUG org.apache.http.conn.ssl.SSLConnectionSocketFactory -  peer principal: CN=*.herokuapp.com, O="Heroku, Inc.", L=San Francisco, ST=California, C=US
21:38:09.675 [ForkJoinPool-1-worker-3] DEBUG org.apache.http.conn.ssl.SSLConnectionSocketFactory -  peer alternative names: [*.herokuapp.com, herokuapp.com]
21:38:09.675 [ForkJoinPool-1-worker-3] DEBUG org.apache.http.conn.ssl.SSLConnectionSocketFactory -  issuer principal: CN=DigiCert SHA2 High Assurance Server CA, OU=www.digicert.com, O=DigiCert Inc, C=US
21:38:09.676 [ForkJoinPool-1-worker-3] DEBUG org.apache.http.impl.conn.DefaultHttpClientConnectionOperator - Connection established 192.168.1.7:51350<->52.20.101.119:443
21:38:09.677 [ForkJoinPool-1-worker-3] DEBUG org.apache.http.impl.conn.DefaultManagedHttpClientConnection - http-outgoing-9: set socket timeout to 30000
21:38:09.677 [ForkJoinPool-1-worker-3] DEBUG org.apache.http.impl.execchain.MainClientExec - Executing request POST /users/sessions/ HTTP/1.1
21:38:09.677 [ForkJoinPool-1-worker-3] DEBUG org.apache.http.impl.execchain.MainClientExec - Target auth state: UNCHALLENGED
21:38:09.677 [ForkJoinPool-1-worker-3] DEBUG org.apache.http.impl.execchain.MainClientExec - Proxy auth state: UNCHALLENGED
21:38:09.678 [ForkJoinPool-1-worker-3] DEBUG org.apache.http.headers - http-outgoing-9 >> POST /users/sessions/ HTTP/1.1
21:38:09.678 [ForkJoinPool-1-worker-3] DEBUG org.apache.http.headers - http-outgoing-9 >> Content-Type: application/json; charset=UTF-8
21:38:09.678 [ForkJoinPool-1-worker-3] DEBUG org.apache.http.headers - http-outgoing-9 >> Content-Length: 56
21:38:09.678 [ForkJoinPool-1-worker-3] DEBUG org.apache.http.headers - http-outgoing-9 >> Host: nodejs-qa-training.herokuapp.com
21:38:09.678 [ForkJoinPool-1-worker-3] DEBUG org.apache.http.headers - http-outgoing-9 >> Connection: Keep-Alive
21:38:09.678 [ForkJoinPool-1-worker-3] DEBUG org.apache.http.headers - http-outgoing-9 >> User-Agent: Apache-HttpClient/4.5.11 (Java/1.8.0_171)
21:38:09.678 [ForkJoinPool-1-worker-3] DEBUG org.apache.http.headers - http-outgoing-9 >> Accept-Encoding: gzip,deflate
21:38:09.678 [ForkJoinPool-1-worker-3] DEBUG org.apache.http.wire - http-outgoing-9 >> "POST /users/sessions/ HTTP/1.1[\r][\n]"
21:38:09.679 [ForkJoinPool-1-worker-3] DEBUG org.apache.http.wire - http-outgoing-9 >> "Content-Type: application/json; charset=UTF-8[\r][\n]"
21:38:09.679 [ForkJoinPool-1-worker-3] DEBUG org.apache.http.wire - http-outgoing-9 >> "Content-Length: 56[\r][\n]"
21:38:09.679 [ForkJoinPool-1-worker-3] DEBUG org.apache.http.wire - http-outgoing-9 >> "Host: nodejs-qa-training.herokuapp.com[\r][\n]"
21:38:09.679 [ForkJoinPool-1-worker-3] DEBUG org.apache.http.wire - http-outgoing-9 >> "Connection: Keep-Alive[\r][\n]"
21:38:09.679 [ForkJoinPool-1-worker-3] DEBUG org.apache.http.wire - http-outgoing-9 >> "User-Agent: Apache-HttpClient/4.5.11 (Java/1.8.0_171)[\r][\n]"
21:38:09.679 [ForkJoinPool-1-worker-3] DEBUG org.apache.http.wire - http-outgoing-9 >> "Accept-Encoding: gzip,deflate[\r][\n]"
21:38:09.679 [ForkJoinPool-1-worker-3] DEBUG org.apache.http.wire - http-outgoing-9 >> "[\r][\n]"
21:38:09.679 [ForkJoinPool-1-worker-3] DEBUG org.apache.http.wire - http-outgoing-9 >> "{"email":"hernan00@wolox.com.ar","password":"Hernan123"}"
21:38:09.719 [ForkJoinPool-1-worker-1] DEBUG org.apache.http.wire - http-outgoing-8 << "HTTP/1.1 200 OK[\r][\n]"
21:38:09.719 [ForkJoinPool-1-worker-1] DEBUG org.apache.http.wire - http-outgoing-8 << "Server: Cowboy[\r][\n]"
21:38:09.719 [ForkJoinPool-1-worker-1] DEBUG org.apache.http.wire - http-outgoing-8 << "Connection: keep-alive[\r][\n]"
21:38:09.719 [ForkJoinPool-1-worker-1] DEBUG org.apache.http.wire - http-outgoing-8 << "X-Powered-By: Express[\r][\n]"
21:38:09.719 [ForkJoinPool-1-worker-1] DEBUG org.apache.http.wire - http-outgoing-8 << "Content-Type: application/json; charset=utf-8[\r][\n]"
21:38:09.719 [ForkJoinPool-1-worker-1] DEBUG org.apache.http.wire - http-outgoing-8 << "Content-Length: 7032[\r][\n]"
21:38:09.719 [ForkJoinPool-1-worker-1] DEBUG org.apache.http.wire - http-outgoing-8 << "Etag: W/"1b78-QLaE6RpZ5E8d2hLg+o5PqJk5Zw8"[\r][\n]"
21:38:09.719 [ForkJoinPool-1-worker-1] DEBUG org.apache.http.wire - http-outgoing-8 << "Date: Tue, 15 Sep 2020 02:38:10 GMT[\r][\n]"
21:38:09.719 [ForkJoinPool-1-worker-1] DEBUG org.apache.http.wire - http-outgoing-8 << "Via: 1.1 vegur[\r][\n]"
21:38:09.719 [ForkJoinPool-1-worker-1] DEBUG org.apache.http.wire - http-outgoing-8 << "[\r][\n]"
21:38:09.722 [ForkJoinPool-1-worker-1] DEBUG org.apache.http.wire - http-outgoing-8 << "[{"user_id":1,"id":1,"title":"quidem molestiae enim"},{"user_id":1,"id":2,"title":"sunt qui excepturi placeat culpa"},{"user_id":1,"id":3,"title":"omnis laborum odio"},{"user_id":1,"id":4,"title":"non esse culpa molestiae omnis sed optio"},{"user_id":1,"id":5,"title":"eaque aut omnis a"},{"user_id":1,"id":6,"title":"natus impedit quibusdam illo est"},{"user_id":1,"id":7,"title":"quibusdam autem aliquid et et quia"},{"user_id":1,"id":8,"title":"qui fuga est a eum"},{"user_id":1,"id":9,"title":"saepe unde necessitatibus rem"},{"user_id":1,"id":10,"title":"distinctio laborum qui"},{"user_id":2,"id":11,"title":"quam nostrum impedit mollitia quod et dolor"},{"user_id":2,"id":12,"title":"consequatur autem doloribus natus consectetur"},{"user_id":2,"id":13,"title":"ab rerum non rerum consequatur ut ea unde"},{"user_id":2,"id":14,"title":"ducimus molestias eos animi atque nihil"},{"user_id":2,"id":15,"title":"ut pariatur rerum ipsum natus repellendus praesentium"},{"user_id":2,"id":16,"title":"voluptatem aut maxime inventore autem magnam atque repellat"},{"user_id":2,"id":17,"title":"aut minima voluptatem ut velit"},{"user_id":2,"id":18,"title":"nesciunt quia et doloremque"},{"user_id":2,"id":19,"title":"velit pariatur quaerat similique libero omnis quia"},{"user_id":2,"id":20,"title":"voluptas rerum iure ut enim"},{"user_id":3,"id":21,"title":"repudiandae voluptatem optio est consequatur rem in temporibus et"},{"user_id":3,"id":22,"title":"et rem non provident vel ut"},{"user_id":3,"id":23,"title":"incidunt quisquam hic adipisci sequi"},{"user_id":3,"id":24,"title":"dolores ut et facere placeat"},{"user_id":3,"id":25,"title":"vero maxime id possimus sunt neque et consequatur"},{"user_id":3,"id":26,"title":"quibusdam saepe ipsa vel harum"},{"user_id":3,"id":27,"title":"id non nostrum expedita"},{"user_id":3,"id":28,"title":"omnis neque exercitationem sed dolor atque maxime aut cum"},{"user_id":3,"id":29,"title":"inventore ut quasi magnam itaque est fugit"},{"user_id":3,"id":30,"title":"tempora assumenda et similique odit distinctio error"},{"user_id":4,"id":31,"title":"adipisci laborum fuga laboriosam"},{"user_id":4,"id":32,"title":"reiciendis dolores a ut qui debitis non quo labore"},{"user_id":4,"id":33,"title":"iste eos nostrum"},{"user_id":4,"id":34,"title":"cumque voluptatibus rerum architecto blanditiis"},{"user_id":4,"id":35,"title":"et impedit nisi quae magni necessitatibus sed aut pariatur"},{"user_id":4,"id":36,"title":"nihil cupiditate voluptate neque"},{"user_id":4,"id":37,"title":"est placeat dicta ut nisi rerum iste"},{"user_id":4,"id":38,"title":"unde a sequi id"},{"user_id":4,"id":39,"title":"ratione porro illum labore eum aperiam sed"},{"user_id":4,"id":40,"title":"voluptas neque et sint aut quo odit"},{"user_id":5,"id":41,"title":"ea voluptates maiores eos accusantium officiis tempore mollitia consequatur"},{"user_id":5,"id":42,"title":"tenetur explicabo ea"},{"user_id":5,"id":43,"title":"aperiam doloremque nihil"},{"user_id":5,"id":44,"title":"sapiente cum numquam officia consequatur vel natus quos suscipit"},{"user_id":5,"id":45,"title":"tenetur quos ea unde est enim corrupti qui"},{"user_id":5,"id":46,"title":"molestiae voluptate non"},{"user_id":5,"id":47,"title":"temporibus molestiae aut"},{"user_id":5,"id":48,"title":"modi consequatur culpa aut quam soluta alias perspiciatis laudantium"},{"user_id":5,"id":49,"title":"ut aut vero repudiandae voluptas ullam voluptas at consequatur"},{"user_id":5,"id":50,"title":"sed qui sed quas sit ducimus dolor"},{"user_id":6,"id":51,"title":"odit laboriosam sint quia cupiditate animi quis"},{"user_id":6,"id":52,"title":"necessitatibus quas et sunt at voluptatem"},{"user_id":6,"id":53,"title":"est vel sequi voluptatem nemo quam molestiae modi enim"},{"user_id":6,"id":54,"title":"aut non illo amet perferendis"},{"user_id":6,"id":55,"title":"qui culpa itaque omnis in nesciunt architecto error"},{"user_id":6,"id":56,"title":"omnis qui maiores tempora officiis omnis rerum sed repellat"},{"user_id":6,"id":57,"title":"libero excepturi voluptatem est architecto quae voluptatum officia tempora"},{"user_id":6,"id":58,"title":"nulla illo consequatur aspernatur veritatis aut error delectus et"},{"user_id":6,"id":59,"title":"eligendi similique provident nihil"},{"user_id":6,"id":60,"title":"omnis mollitia sunt aliquid eum consequatur fugit minus laudantium"},{"user_id":7,"id":61,"title":"delectus iusto et"},{"user_id":7,"id":62,"title":"eos ea non recusandae iste ut quasi"},{"user_id":7,"id":63,"title":"velit est quam"},{"user_id":7,"id":64,"title":"autem voluptatem amet iure quae"},{"user_id":7,"id":65,"title":"voluptates delectus iure iste qui"},{"user_id":7,"id":66,"title":"velit sed quia dolor dolores delectus"},{"user_id":7,"id":67,"title":"ad voluptas nostrum et nihil"},{"user_id":7,"id":68,"title":"qui quasi nihil aut voluptatum sit dolore minima"},{"user_id":7,"id":69,"title":"qui aut est"},{"user_id":7,"id":70,"title":"et deleniti unde"},{"user_id":8,"id":71,"title":"et vel corporis"},{"user_id":8,"id":72,"title":"unde exercitationem ut"},{"user_id":8,"id":73,"title":"quos omnis officia"},{"user_id":8,"id":74,"title":"quia est eius vitae dolor"},{"user_id":8,"id":75,"title":"aut quia expedita non"},{"user_id":8,"id":76,"title":"dolorem magnam facere itaque ut reprehenderit tenetur corrupti"},{"user_id":8,"id":77,"title":"cupiditate sapiente maiores iusto ducimus cum excepturi veritatis quia"},{"user_id":8,"id":78,"title":"est minima eius possimus ea ratione velit et"},{"user_id":8,"id":79,"title":"ipsa quae voluptas natus ut suscipit soluta quia quidem"},{"user_id":8,"id":80,"title":"id nihil reprehenderit"},{"user_id":9,"id":81,"title":"quibusdam sapiente et"},{"user_id":9,"id":82,"title":"recusandae consequatur vel amet unde"},{"user_id":9,"id":83,"title":"aperiam odio fugiat"},{"user_id":9,"id":84,"title":"est et at eos expedita"},{"user_id":9,"id":85,"title":"qui voluptatem consequatur aut ab quis temporibus praesentium"},{"user_id":9,"id":86,"title":"eligendi mollitia alias aspernatur vel ut iusto"},{"user_id":9,"id":87,"title":"aut aut architecto"},{"user_id":9,"id":88,"title":"quas perspiciatis optio"},{"user_id":9,"id":89,"title":"sit optio id voluptatem est eum et"},{"user_id":9,"id":90,"title":"est vel dignissimos"},{"user_id":10,"id":91,"title":"repellendus praesentium debitis officiis"},{"user_id":10,"id":92,"title":"incidunt et et eligendi assumenda soluta quia recusandae"},{"user_id":10,"id":93,"title":"nisi qui dolores perspiciatis"},{"user_id":10,"id":94,"title":"quisquam a dolores et earum vitae"},{"user_id":10,"id":95,"title":"consectetur vel rerum qui aperiam modi eos aspernatur ipsa"},{"user_id":10,"id":96,"title":"unde et ut molestiae est molestias voluptatem sint"},{"user_id":10,"id":97,"title":"est quod aut"},{"user_id":10,"id":98,"title":"omnis quia possimus nesciunt deleniti assumenda sed autem"},{"user_id":10,"id":99,"title":"consectetur ut id impedit dolores sit ad ex aut"},{"user_id":10,"id":100,"title":"enim repellat iste"}]"
21:38:09.723 [ForkJoinPool-1-worker-1] DEBUG org.apache.http.headers - http-outgoing-8 << HTTP/1.1 200 OK
21:38:09.723 [ForkJoinPool-1-worker-1] DEBUG org.apache.http.headers - http-outgoing-8 << Server: Cowboy
21:38:09.723 [ForkJoinPool-1-worker-1] DEBUG org.apache.http.headers - http-outgoing-8 << Connection: keep-alive
21:38:09.723 [ForkJoinPool-1-worker-1] DEBUG org.apache.http.headers - http-outgoing-8 << X-Powered-By: Express
21:38:09.723 [ForkJoinPool-1-worker-1] DEBUG org.apache.http.headers - http-outgoing-8 << Content-Type: application/json; charset=utf-8
21:38:09.724 [ForkJoinPool-1-worker-1] DEBUG org.apache.http.headers - http-outgoing-8 << Content-Length: 7032
21:38:09.724 [ForkJoinPool-1-worker-1] DEBUG org.apache.http.headers - http-outgoing-8 << Etag: W/"1b78-QLaE6RpZ5E8d2hLg+o5PqJk5Zw8"
21:38:09.724 [ForkJoinPool-1-worker-1] DEBUG org.apache.http.headers - http-outgoing-8 << Date: Tue, 15 Sep 2020 02:38:10 GMT
21:38:09.724 [ForkJoinPool-1-worker-1] DEBUG org.apache.http.headers - http-outgoing-8 << Via: 1.1 vegur
21:38:09.724 [ForkJoinPool-1-worker-1] DEBUG org.apache.http.impl.execchain.MainClientExec - Connection can be kept alive indefinitely
21:38:09.725 [ForkJoinPool-1-worker-1] DEBUG org.apache.http.impl.conn.PoolingHttpClientConnectionManager - Connection [id: 8][route: {s}->https://nodejs-qa-training.herokuapp.com:443] can be kept alive indefinitely
21:38:09.725 [ForkJoinPool-1-worker-1] DEBUG org.apache.http.impl.conn.DefaultManagedHttpClientConnection - http-outgoing-8: set socket timeout to 0
21:38:09.725 [ForkJoinPool-1-worker-1] DEBUG org.apache.http.impl.conn.PoolingHttpClientConnectionManager - Connection released: [id: 8][route: {s}->https://nodejs-qa-training.herokuapp.com:443][total available: 1; route allocated: 1 of 5; total allocated: 1 of 10]
21:38:09.725 [ForkJoinPool-1-worker-1] DEBUG com.intuit.karate - response time in milliseconds: 546,01
1 < 200
1 < Connection: keep-alive
1 < Content-Length: 7032
1 < Content-Type: application/json; charset=utf-8
1 < Date: Tue, 15 Sep 2020 02:38:10 GMT
1 < Etag: W/"1b78-QLaE6RpZ5E8d2hLg+o5PqJk5Zw8"
1 < Server: Cowboy
1 < Via: 1.1 vegur
1 < X-Powered-By: Express
[{"user_id":1,"id":1,"title":"quidem molestiae enim"},{"user_id":1,"id":2,"title":"sunt qui excepturi placeat culpa"},{"user_id":1,"id":3,"title":"omnis laborum odio"},{"user_id":1,"id":4,"title":"non esse culpa molestiae omnis sed optio"},{"user_id":1,"id":5,"title":"eaque aut omnis a"},{"user_id":1,"id":6,"title":"natus impedit quibusdam illo est"},{"user_id":1,"id":7,"title":"quibusdam autem aliquid et et quia"},{"user_id":1,"id":8,"title":"qui fuga est a eum"},{"user_id":1,"id":9,"title":"saepe unde necessitatibus rem"},{"user_id":1,"id":10,"title":"distinctio laborum qui"},{"user_id":2,"id":11,"title":"quam nostrum impedit mollitia quod et dolor"},{"user_id":2,"id":12,"title":"consequatur autem doloribus natus consectetur"},{"user_id":2,"id":13,"title":"ab rerum non rerum consequatur ut ea unde"},{"user_id":2,"id":14,"title":"ducimus molestias eos animi atque nihil"},{"user_id":2,"id":15,"title":"ut pariatur rerum ipsum natus repellendus praesentium"},{"user_id":2,"id":16,"title":"voluptatem aut maxime inventore autem magnam atque repellat"},{"user_id":2,"id":17,"title":"aut minima voluptatem ut velit"},{"user_id":2,"id":18,"title":"nesciunt quia et doloremque"},{"user_id":2,"id":19,"title":"velit pariatur quaerat similique libero omnis quia"},{"user_id":2,"id":20,"title":"voluptas rerum iure ut enim"},{"user_id":3,"id":21,"title":"repudiandae voluptatem optio est consequatur rem in temporibus et"},{"user_id":3,"id":22,"title":"et rem non provident vel ut"},{"user_id":3,"id":23,"title":"incidunt quisquam hic adipisci sequi"},{"user_id":3,"id":24,"title":"dolores ut et facere placeat"},{"user_id":3,"id":25,"title":"vero maxime id possimus sunt neque et consequatur"},{"user_id":3,"id":26,"title":"quibusdam saepe ipsa vel harum"},{"user_id":3,"id":27,"title":"id non nostrum expedita"},{"user_id":3,"id":28,"title":"omnis neque exercitationem sed dolor atque maxime aut cum"},{"user_id":3,"id":29,"title":"inventore ut quasi magnam itaque est fugit"},{"user_id":3,"id":30,"title":"tempora assumenda et similique odit distinctio error"},{"user_id":4,"id":31,"title":"adipisci laborum fuga laboriosam"},{"user_id":4,"id":32,"title":"reiciendis dolores a ut qui debitis non quo labore"},{"user_id":4,"id":33,"title":"iste eos nostrum"},{"user_id":4,"id":34,"title":"cumque voluptatibus rerum architecto blanditiis"},{"user_id":4,"id":35,"title":"et impedit nisi quae magni necessitatibus sed aut pariatur"},{"user_id":4,"id":36,"title":"nihil cupiditate voluptate neque"},{"user_id":4,"id":37,"title":"est placeat dicta ut nisi rerum iste"},{"user_id":4,"id":38,"title":"unde a sequi id"},{"user_id":4,"id":39,"title":"ratione porro illum labore eum aperiam sed"},{"user_id":4,"id":40,"title":"voluptas neque et sint aut quo odit"},{"user_id":5,"id":41,"title":"ea voluptates maiores eos accusantium officiis tempore mollitia consequatur"},{"user_id":5,"id":42,"title":"tenetur explicabo ea"},{"user_id":5,"id":43,"title":"aperiam doloremque nihil"},{"user_id":5,"id":44,"title":"sapiente cum numquam officia consequatur vel natus quos suscipit"},{"user_id":5,"id":45,"title":"tenetur quos ea unde est enim corrupti qui"},{"user_id":5,"id":46,"title":"molestiae voluptate non"},{"user_id":5,"id":47,"title":"temporibus molestiae aut"},{"user_id":5,"id":48,"title":"modi consequatur culpa aut quam soluta alias perspiciatis laudantium"},{"user_id":5,"id":49,"title":"ut aut vero repudiandae voluptas ullam voluptas at consequatur"},{"user_id":5,"id":50,"title":"sed qui sed quas sit ducimus dolor"},{"user_id":6,"id":51,"title":"odit laboriosam sint quia cupiditate animi quis"},{"user_id":6,"id":52,"title":"necessitatibus quas et sunt at voluptatem"},{"user_id":6,"id":53,"title":"est vel sequi voluptatem nemo quam molestiae modi enim"},{"user_id":6,"id":54,"title":"aut non illo amet perferendis"},{"user_id":6,"id":55,"title":"qui culpa itaque omnis in nesciunt architecto error"},{"user_id":6,"id":56,"title":"omnis qui maiores tempora officiis omnis rerum sed repellat"},{"user_id":6,"id":57,"title":"libero excepturi voluptatem est architecto quae voluptatum officia tempora"},{"user_id":6,"id":58,"title":"nulla illo consequatur aspernatur veritatis aut error delectus et"},{"user_id":6,"id":59,"title":"eligendi similique provident nihil"},{"user_id":6,"id":60,"title":"omnis mollitia sunt aliquid eum consequatur fugit minus laudantium"},{"user_id":7,"id":61,"title":"delectus iusto et"},{"user_id":7,"id":62,"title":"eos ea non recusandae iste ut quasi"},{"user_id":7,"id":63,"title":"velit est quam"},{"user_id":7,"id":64,"title":"autem voluptatem amet iure quae"},{"user_id":7,"id":65,"title":"voluptates delectus iure iste qui"},{"user_id":7,"id":66,"title":"velit sed quia dolor dolores delectus"},{"user_id":7,"id":67,"title":"ad voluptas nostrum et nihil"},{"user_id":7,"id":68,"title":"qui quasi nihil aut voluptatum sit dolore minima"},{"user_id":7,"id":69,"title":"qui aut est"},{"user_id":7,"id":70,"title":"et deleniti unde"},{"user_id":8,"id":71,"title":"et vel corporis"},{"user_id":8,"id":72,"title":"unde exercitationem ut"},{"user_id":8,"id":73,"title":"quos omnis officia"},{"user_id":8,"id":74,"title":"quia est eius vitae dolor"},{"user_id":8,"id":75,"title":"aut quia expedita non"},{"user_id":8,"id":76,"title":"dolorem magnam facere itaque ut reprehenderit tenetur corrupti"},{"user_id":8,"id":77,"title":"cupiditate sapiente maiores iusto ducimus cum excepturi veritatis quia"},{"user_id":8,"id":78,"title":"est minima eius possimus ea ratione velit et"},{"user_id":8,"id":79,"title":"ipsa quae voluptas natus ut suscipit soluta quia quidem"},{"user_id":8,"id":80,"title":"id nihil reprehenderit"},{"user_id":9,"id":81,"title":"quibusdam sapiente et"},{"user_id":9,"id":82,"title":"recusandae consequatur vel amet unde"},{"user_id":9,"id":83,"title":"aperiam odio fugiat"},{"user_id":9,"id":84,"title":"est et at eos expedita"},{"user_id":9,"id":85,"title":"qui voluptatem consequatur aut ab quis temporibus praesentium"},{"user_id":9,"id":86,"title":"eligendi mollitia alias aspernatur vel ut iusto"},{"user_id":9,"id":87,"title":"aut aut architecto"},{"user_id":9,"id":88,"title":"quas perspiciatis optio"},{"user_id":9,"id":89,"title":"sit optio id voluptatem est eum et"},{"user_id":9,"id":90,"title":"est vel dignissimos"},{"user_id":10,"id":91,"title":"repellendus praesentium debitis officiis"},{"user_id":10,"id":92,"title":"incidunt et et eligendi assumenda soluta quia recusandae"},{"user_id":10,"id":93,"title":"nisi qui dolores perspiciatis"},{"user_id":10,"id":94,"title":"quisquam a dolores et earum vitae"},{"user_id":10,"id":95,"title":"consectetur vel rerum qui aperiam modi eos aspernatur ipsa"},{"user_id":10,"id":96,"title":"unde et ut molestiae est molestias voluptatem sint"},{"user_id":10,"id":97,"title":"est quod aut"},{"user_id":10,"id":98,"title":"omnis quia possimus nesciunt deleniti assumenda sed autem"},{"user_id":10,"id":99,"title":"consectetur ut id impedit dolores sit ad ex aut"},{"user_id":10,"id":100,"title":"enim repellat iste"}]

21:38:09.751 [ForkJoinPool-1-worker-1] DEBUG com.jayway.jsonpath.internal.path.CompiledPath - Evaluating path: $
21:38:09.752 [ForkJoinPool-1-worker-1] DEBUG com.jayway.jsonpath.internal.path.CompiledPath - Evaluating path: $
21:38:09.752 [ForkJoinPool-1-worker-1] DEBUG com.jayway.jsonpath.internal.path.CompiledPath - Evaluating path: $
21:38:09.764 [ForkJoinPool-1-worker-1] DEBUG com.jayway.jsonpath.internal.path.CompiledPath - Evaluating path: $
21:38:09.768 [ForkJoinPool-1-worker-1] DEBUG com.jayway.jsonpath.internal.path.CompiledPath - Evaluating path: $
21:38:09.769 [ForkJoinPool-1-worker-1] DEBUG org.apache.http.client.protocol.RequestAddCookies - CookieSpec selected: karate
21:38:09.770 [ForkJoinPool-1-worker-1] DEBUG org.apache.http.client.protocol.RequestAuthCache - Auth cache not set in the context
21:38:09.770 [ForkJoinPool-1-worker-1] DEBUG com.intuit.karate - request:
1 > POST https://nodejs-qa-training.herokuapp.com/albums/57
1 > Accept-Encoding: gzip,deflate
1 > Authorization: eyJ0eXAiOiJKV1QiLCJhbGciOiJIUzI1NiJ9.eyJ1c2VySWQiOjE0Niwicm9sZSI6ImFkbWluIiwiaWF0IjoxNjAwMTM3NDg5LjQ3NiwiZXhwIjoxNjAwMTM5Mjg5LjQ3Nn0.Yy6GlaJSvDXS5zvR84pInkC6xrSkzPVoIXXx2qBVPQM
1 > Connection: Keep-Alive
1 > Content-Length: 2
1 > Content-Type: application/json; charset=UTF-8
1 > Host: nodejs-qa-training.herokuapp.com
1 > User-Agent: Apache-HttpClient/4.5.11 (Java/1.8.0_171)
{}

21:38:09.770 [ForkJoinPool-1-worker-1] DEBUG org.apache.http.impl.conn.PoolingHttpClientConnectionManager - Connection request: [route: {s}->https://nodejs-qa-training.herokuapp.com:443][total available: 0; route allocated: 0 of 5; total allocated: 0 of 10]
21:38:09.770 [ForkJoinPool-1-worker-1] DEBUG org.apache.http.impl.conn.PoolingHttpClientConnectionManager - Connection leased: [id: 11][route: {s}->https://nodejs-qa-training.herokuapp.com:443][total available: 0; route allocated: 1 of 5; total allocated: 1 of 10]
21:38:09.770 [ForkJoinPool-1-worker-1] DEBUG org.apache.http.impl.execchain.MainClientExec - Opening connection {s}->https://nodejs-qa-training.herokuapp.com:443
21:38:09.770 [ForkJoinPool-1-worker-1] DEBUG org.apache.http.impl.conn.DefaultHttpClientConnectionOperator - Connecting to nodejs-qa-training.herokuapp.com/52.20.101.119:443
21:38:09.770 [ForkJoinPool-1-worker-1] DEBUG org.apache.http.conn.ssl.SSLConnectionSocketFactory - Connecting socket to nodejs-qa-training.herokuapp.com/52.20.101.119:443 with timeout 30000
21:38:09.772 [ForkJoinPool-1-worker-2] DEBUG org.apache.http.conn.ssl.SSLConnectionSocketFactory - Enabled protocols: [TLSv1, TLSv1.1, TLSv1.2]
21:38:09.772 [ForkJoinPool-1-worker-2] DEBUG org.apache.http.conn.ssl.SSLConnectionSocketFactory - Enabled cipher suites:[TLS_ECDHE_ECDSA_WITH_AES_256_CBC_SHA384, TLS_ECDHE_RSA_WITH_AES_256_CBC_SHA384, TLS_RSA_WITH_AES_256_CBC_SHA256, TLS_ECDH_ECDSA_WITH_AES_256_CBC_SHA384, TLS_ECDH_RSA_WITH_AES_256_CBC_SHA384, TLS_DHE_RSA_WITH_AES_256_CBC_SHA256, TLS_DHE_DSS_WITH_AES_256_CBC_SHA256, TLS_ECDHE_ECDSA_WITH_AES_256_CBC_SHA, TLS_ECDHE_RSA_WITH_AES_256_CBC_SHA, TLS_RSA_WITH_AES_256_CBC_SHA, TLS_ECDH_ECDSA_WITH_AES_256_CBC_SHA, TLS_ECDH_RSA_WITH_AES_256_CBC_SHA, TLS_DHE_RSA_WITH_AES_256_CBC_SHA, TLS_DHE_DSS_WITH_AES_256_CBC_SHA, TLS_ECDHE_ECDSA_WITH_AES_128_CBC_SHA256, TLS_ECDHE_RSA_WITH_AES_128_CBC_SHA256, TLS_RSA_WITH_AES_128_CBC_SHA256, TLS_ECDH_ECDSA_WITH_AES_128_CBC_SHA256, TLS_ECDH_RSA_WITH_AES_128_CBC_SHA256, TLS_DHE_RSA_WITH_AES_128_CBC_SHA256, TLS_DHE_DSS_WITH_AES_128_CBC_SHA256, TLS_ECDHE_ECDSA_WITH_AES_128_CBC_SHA, TLS_ECDHE_RSA_WITH_AES_128_CBC_SHA, TLS_RSA_WITH_AES_128_CBC_SHA, TLS_ECDH_ECDSA_WITH_AES_128_CBC_SHA, TLS_ECDH_RSA_WITH_AES_128_CBC_SHA, TLS_DHE_RSA_WITH_AES_128_CBC_SHA, TLS_DHE_DSS_WITH_AES_128_CBC_SHA, TLS_ECDHE_ECDSA_WITH_AES_256_GCM_SHA384, TLS_ECDHE_ECDSA_WITH_AES_128_GCM_SHA256, TLS_ECDHE_RSA_WITH_AES_256_GCM_SHA384, TLS_RSA_WITH_AES_256_GCM_SHA384, TLS_ECDH_ECDSA_WITH_AES_256_GCM_SHA384, TLS_ECDH_RSA_WITH_AES_256_GCM_SHA384, TLS_DHE_RSA_WITH_AES_256_GCM_SHA384, TLS_DHE_DSS_WITH_AES_256_GCM_SHA384, TLS_ECDHE_RSA_WITH_AES_128_GCM_SHA256, TLS_RSA_WITH_AES_128_GCM_SHA256, TLS_ECDH_ECDSA_WITH_AES_128_GCM_SHA256, TLS_ECDH_RSA_WITH_AES_128_GCM_SHA256, TLS_DHE_RSA_WITH_AES_128_GCM_SHA256, TLS_DHE_DSS_WITH_AES_128_GCM_SHA256, TLS_EMPTY_RENEGOTIATION_INFO_SCSV]
21:38:09.772 [ForkJoinPool-1-worker-2] DEBUG org.apache.http.conn.ssl.SSLConnectionSocketFactory - Starting handshake
21:38:09.904 [ForkJoinPool-1-worker-1] DEBUG org.apache.http.conn.ssl.SSLConnectionSocketFactory - Enabled protocols: [TLSv1, TLSv1.1, TLSv1.2]
21:38:09.904 [ForkJoinPool-1-worker-1] DEBUG org.apache.http.conn.ssl.SSLConnectionSocketFactory - Enabled cipher suites:[TLS_ECDHE_ECDSA_WITH_AES_256_CBC_SHA384, TLS_ECDHE_RSA_WITH_AES_256_CBC_SHA384, TLS_RSA_WITH_AES_256_CBC_SHA256, TLS_ECDH_ECDSA_WITH_AES_256_CBC_SHA384, TLS_ECDH_RSA_WITH_AES_256_CBC_SHA384, TLS_DHE_RSA_WITH_AES_256_CBC_SHA256, TLS_DHE_DSS_WITH_AES_256_CBC_SHA256, TLS_ECDHE_ECDSA_WITH_AES_256_CBC_SHA, TLS_ECDHE_RSA_WITH_AES_256_CBC_SHA, TLS_RSA_WITH_AES_256_CBC_SHA, TLS_ECDH_ECDSA_WITH_AES_256_CBC_SHA, TLS_ECDH_RSA_WITH_AES_256_CBC_SHA, TLS_DHE_RSA_WITH_AES_256_CBC_SHA, TLS_DHE_DSS_WITH_AES_256_CBC_SHA, TLS_ECDHE_ECDSA_WITH_AES_128_CBC_SHA256, TLS_ECDHE_RSA_WITH_AES_128_CBC_SHA256, TLS_RSA_WITH_AES_128_CBC_SHA256, TLS_ECDH_ECDSA_WITH_AES_128_CBC_SHA256, TLS_ECDH_RSA_WITH_AES_128_CBC_SHA256, TLS_DHE_RSA_WITH_AES_128_CBC_SHA256, TLS_DHE_DSS_WITH_AES_128_CBC_SHA256, TLS_ECDHE_ECDSA_WITH_AES_128_CBC_SHA, TLS_ECDHE_RSA_WITH_AES_128_CBC_SHA, TLS_RSA_WITH_AES_128_CBC_SHA, TLS_ECDH_ECDSA_WITH_AES_128_CBC_SHA, TLS_ECDH_RSA_WITH_AES_128_CBC_SHA, TLS_DHE_RSA_WITH_AES_128_CBC_SHA, TLS_DHE_DSS_WITH_AES_128_CBC_SHA, TLS_ECDHE_ECDSA_WITH_AES_256_GCM_SHA384, TLS_ECDHE_ECDSA_WITH_AES_128_GCM_SHA256, TLS_ECDHE_RSA_WITH_AES_256_GCM_SHA384, TLS_RSA_WITH_AES_256_GCM_SHA384, TLS_ECDH_ECDSA_WITH_AES_256_GCM_SHA384, TLS_ECDH_RSA_WITH_AES_256_GCM_SHA384, TLS_DHE_RSA_WITH_AES_256_GCM_SHA384, TLS_DHE_DSS_WITH_AES_256_GCM_SHA384, TLS_ECDHE_RSA_WITH_AES_128_GCM_SHA256, TLS_RSA_WITH_AES_128_GCM_SHA256, TLS_ECDH_ECDSA_WITH_AES_128_GCM_SHA256, TLS_ECDH_RSA_WITH_AES_128_GCM_SHA256, TLS_DHE_RSA_WITH_AES_128_GCM_SHA256, TLS_DHE_DSS_WITH_AES_128_GCM_SHA256, TLS_EMPTY_RENEGOTIATION_INFO_SCSV]
21:38:09.904 [ForkJoinPool-1-worker-1] DEBUG org.apache.http.conn.ssl.SSLConnectionSocketFactory - Starting handshake
21:38:09.937 [ForkJoinPool-1-worker-3] DEBUG org.apache.http.wire - http-outgoing-9 << "HTTP/1.1 200 OK[\r][\n]"
21:38:09.937 [ForkJoinPool-1-worker-3] DEBUG org.apache.http.wire - http-outgoing-9 << "Server: Cowboy[\r][\n]"
21:38:09.937 [ForkJoinPool-1-worker-3] DEBUG org.apache.http.wire - http-outgoing-9 << "Connection: keep-alive[\r][\n]"
21:38:09.937 [ForkJoinPool-1-worker-3] DEBUG org.apache.http.wire - http-outgoing-9 << "X-Powered-By: Express[\r][\n]"
21:38:09.937 [ForkJoinPool-1-worker-3] DEBUG org.apache.http.wire - http-outgoing-9 << "Authorization: eyJ0eXAiOiJKV1QiLCJhbGciOiJIUzI1NiJ9.eyJ1c2VySWQiOjI1OCwicm9sZSI6InJlZ3VsYXIiLCJpYXQiOjE2MDAxMzc0OTAuMzU0LCJleHAiOjE2MDAxMzkyOTAuMzU0fQ.v2yaaBlitrSD38t-m1v9159bdvFHgDNzyTGYVFoT1KM[\r][\n]"
21:38:09.937 [ForkJoinPool-1-worker-3] DEBUG org.apache.http.wire - http-outgoing-9 << "Content-Type: application/json; charset=utf-8[\r][\n]"
21:38:09.937 [ForkJoinPool-1-worker-3] DEBUG org.apache.http.wire - http-outgoing-9 << "Content-Length: 51[\r][\n]"
21:38:09.937 [ForkJoinPool-1-worker-3] DEBUG org.apache.http.wire - http-outgoing-9 << "Etag: W/"33-w2xVLzD0VmMxXOO9uB7pLN8H/kw"[\r][\n]"
21:38:09.937 [ForkJoinPool-1-worker-3] DEBUG org.apache.http.wire - http-outgoing-9 << "Date: Tue, 15 Sep 2020 02:38:10 GMT[\r][\n]"
21:38:09.937 [ForkJoinPool-1-worker-3] DEBUG org.apache.http.wire - http-outgoing-9 << "Via: 1.1 vegur[\r][\n]"
21:38:09.937 [ForkJoinPool-1-worker-3] DEBUG org.apache.http.wire - http-outgoing-9 << "[\r][\n]"
21:38:09.937 [ForkJoinPool-1-worker-3] DEBUG org.apache.http.wire - http-outgoing-9 << "{"user_id":258,"token_expires_at":"1600139290.354"}"
21:38:09.938 [ForkJoinPool-1-worker-3] DEBUG org.apache.http.headers - http-outgoing-9 << HTTP/1.1 200 OK
21:38:09.938 [ForkJoinPool-1-worker-3] DEBUG org.apache.http.headers - http-outgoing-9 << Server: Cowboy
21:38:09.938 [ForkJoinPool-1-worker-3] DEBUG org.apache.http.headers - http-outgoing-9 << Connection: keep-alive
21:38:09.938 [ForkJoinPool-1-worker-3] DEBUG org.apache.http.headers - http-outgoing-9 << X-Powered-By: Express
21:38:09.938 [ForkJoinPool-1-worker-3] DEBUG org.apache.http.headers - http-outgoing-9 << Authorization: eyJ0eXAiOiJKV1QiLCJhbGciOiJIUzI1NiJ9.eyJ1c2VySWQiOjI1OCwicm9sZSI6InJlZ3VsYXIiLCJpYXQiOjE2MDAxMzc0OTAuMzU0LCJleHAiOjE2MDAxMzkyOTAuMzU0fQ.v2yaaBlitrSD38t-m1v9159bdvFHgDNzyTGYVFoT1KM
21:38:09.938 [ForkJoinPool-1-worker-3] DEBUG org.apache.http.headers - http-outgoing-9 << Content-Type: application/json; charset=utf-8
21:38:09.938 [ForkJoinPool-1-worker-3] DEBUG org.apache.http.headers - http-outgoing-9 << Content-Length: 51
21:38:09.938 [ForkJoinPool-1-worker-3] DEBUG org.apache.http.headers - http-outgoing-9 << Etag: W/"33-w2xVLzD0VmMxXOO9uB7pLN8H/kw"
21:38:09.938 [ForkJoinPool-1-worker-3] DEBUG org.apache.http.headers - http-outgoing-9 << Date: Tue, 15 Sep 2020 02:38:10 GMT
21:38:09.938 [ForkJoinPool-1-worker-3] DEBUG org.apache.http.headers - http-outgoing-9 << Via: 1.1 vegur
21:38:09.938 [ForkJoinPool-1-worker-3] DEBUG org.apache.http.impl.execchain.MainClientExec - Connection can be kept alive indefinitely
21:38:09.938 [ForkJoinPool-1-worker-3] DEBUG org.apache.http.impl.conn.PoolingHttpClientConnectionManager - Connection [id: 9][route: {s}->https://nodejs-qa-training.herokuapp.com:443] can be kept alive indefinitely
21:38:09.938 [ForkJoinPool-1-worker-3] DEBUG org.apache.http.impl.conn.DefaultManagedHttpClientConnection - http-outgoing-9: set socket timeout to 0
21:38:09.938 [ForkJoinPool-1-worker-3] DEBUG org.apache.http.impl.conn.PoolingHttpClientConnectionManager - Connection released: [id: 9][route: {s}->https://nodejs-qa-training.herokuapp.com:443][total available: 1; route allocated: 1 of 5; total allocated: 1 of 10]
21:38:09.938 [ForkJoinPool-1-worker-3] DEBUG com.intuit.karate - response time in milliseconds: 614,52
1 < 200
1 < Authorization: eyJ0eXAiOiJKV1QiLCJhbGciOiJIUzI1NiJ9.eyJ1c2VySWQiOjI1OCwicm9sZSI6InJlZ3VsYXIiLCJpYXQiOjE2MDAxMzc0OTAuMzU0LCJleHAiOjE2MDAxMzkyOTAuMzU0fQ.v2yaaBlitrSD38t-m1v9159bdvFHgDNzyTGYVFoT1KM
1 < Connection: keep-alive
1 < Content-Length: 51
1 < Content-Type: application/json; charset=utf-8
1 < Date: Tue, 15 Sep 2020 02:38:10 GMT
1 < Etag: W/"33-w2xVLzD0VmMxXOO9uB7pLN8H/kw"
1 < Server: Cowboy
1 < Via: 1.1 vegur
1 < X-Powered-By: Express
{"user_id":258,"token_expires_at":"1600139290.354"}

21:38:09.939 [ForkJoinPool-1-worker-3] DEBUG com.jayway.jsonpath.internal.path.CompiledPath - Evaluating path: $
21:38:09.939 [ForkJoinPool-1-worker-3] INFO com.intuit.karate - [print] {
  "token_expires_at": "1600139290.354",
  "user_id": 258
}

21:38:09.940 [ForkJoinPool-1-worker-3] INFO com.intuit.karate - [print] eyJ0eXAiOiJKV1QiLCJhbGciOiJIUzI1NiJ9.eyJ1c2VySWQiOjI1OCwicm9sZSI6InJlZ3VsYXIiLCJpYXQiOjE2MDAxMzc0OTAuMzU0LCJleHAiOjE2MDAxMzkyOTAuMzU0fQ.v2yaaBlitrSD38t-m1v9159bdvFHgDNzyTGYVFoT1KM
21:38:09.940 [ForkJoinPool-1-worker-3] DEBUG com.jayway.jsonpath.internal.path.CompiledPath - Evaluating path: $['user_id']
21:38:09.953 [ForkJoinPool-1-worker-3] DEBUG com.jayway.jsonpath.internal.path.CompiledPath - Evaluating path: $
21:38:09.953 [ForkJoinPool-1-worker-3] DEBUG com.jayway.jsonpath.internal.path.CompiledPath - Evaluating path: $
21:38:09.953 [ForkJoinPool-1-worker-3] DEBUG com.jayway.jsonpath.internal.path.CompiledPath - Evaluating path: $
21:38:09.954 [ForkJoinPool-1-worker-3] DEBUG com.jayway.jsonpath.internal.path.CompiledPath - Evaluating path: $['Authorization'][0]
21:38:09.963 [ForkJoinPool-1-worker-3] DEBUG org.apache.http.client.protocol.RequestAddCookies - CookieSpec selected: karate
21:38:09.963 [ForkJoinPool-1-worker-3] DEBUG org.apache.http.client.protocol.RequestAuthCache - Auth cache not set in the context
21:38:09.963 [ForkJoinPool-1-worker-3] DEBUG com.intuit.karate - request:
1 > GET https://nodejs-qa-training.herokuapp.com/albums
1 > Accept-Encoding: gzip,deflate
1 > Authorization: eyJ0eXAiOiJKV1QiLCJhbGciOiJIUzI1NiJ9.eyJ1c2VySWQiOjI1OCwicm9sZSI6InJlZ3VsYXIiLCJpYXQiOjE2MDAxMzc0OTAuMzU0LCJleHAiOjE2MDAxMzkyOTAuMzU0fQ.v2yaaBlitrSD38t-m1v9159bdvFHgDNzyTGYVFoT1KM
1 > Connection: Keep-Alive
1 > Content-Type: application/json
1 > Host: nodejs-qa-training.herokuapp.com
1 > User-Agent: Apache-HttpClient/4.5.11 (Java/1.8.0_171)

21:38:09.963 [ForkJoinPool-1-worker-3] DEBUG org.apache.http.impl.conn.PoolingHttpClientConnectionManager - Connection request: [route: {s}->https://nodejs-qa-training.herokuapp.com:443][total available: 0; route allocated: 0 of 5; total allocated: 0 of 10]
21:38:09.964 [ForkJoinPool-1-worker-3] DEBUG org.apache.http.impl.conn.PoolingHttpClientConnectionManager - Connection leased: [id: 12][route: {s}->https://nodejs-qa-training.herokuapp.com:443][total available: 0; route allocated: 1 of 5; total allocated: 1 of 10]
21:38:09.964 [ForkJoinPool-1-worker-3] DEBUG org.apache.http.impl.execchain.MainClientExec - Opening connection {s}->https://nodejs-qa-training.herokuapp.com:443
21:38:09.964 [ForkJoinPool-1-worker-3] DEBUG org.apache.http.impl.conn.DefaultHttpClientConnectionOperator - Connecting to nodejs-qa-training.herokuapp.com/52.20.101.119:443
21:38:09.964 [ForkJoinPool-1-worker-3] DEBUG org.apache.http.conn.ssl.SSLConnectionSocketFactory - Connecting socket to nodejs-qa-training.herokuapp.com/52.20.101.119:443 with timeout 30000
21:38:10.069 [ForkJoinPool-1-worker-2] DEBUG org.apache.http.conn.ssl.SSLConnectionSocketFactory - Secure session established
21:38:10.069 [ForkJoinPool-1-worker-2] DEBUG org.apache.http.conn.ssl.SSLConnectionSocketFactory -  negotiated protocol: TLSv1.2
21:38:10.069 [ForkJoinPool-1-worker-2] DEBUG org.apache.http.conn.ssl.SSLConnectionSocketFactory -  negotiated cipher suite: TLS_ECDHE_RSA_WITH_AES_128_GCM_SHA256
21:38:10.069 [ForkJoinPool-1-worker-2] DEBUG org.apache.http.conn.ssl.SSLConnectionSocketFactory -  peer principal: CN=*.herokuapp.com, O="Heroku, Inc.", L=San Francisco, ST=California, C=US
21:38:10.069 [ForkJoinPool-1-worker-2] DEBUG org.apache.http.conn.ssl.SSLConnectionSocketFactory -  peer alternative names: [*.herokuapp.com, herokuapp.com]
21:38:10.069 [ForkJoinPool-1-worker-2] DEBUG org.apache.http.conn.ssl.SSLConnectionSocketFactory -  issuer principal: CN=DigiCert SHA2 High Assurance Server CA, OU=www.digicert.com, O=DigiCert Inc, C=US
21:38:10.069 [ForkJoinPool-1-worker-2] DEBUG org.apache.http.impl.conn.DefaultHttpClientConnectionOperator - Connection established 192.168.1.7:51351<->52.20.101.119:443
21:38:10.069 [ForkJoinPool-1-worker-2] DEBUG org.apache.http.impl.conn.DefaultManagedHttpClientConnection - http-outgoing-10: set socket timeout to 30000
21:38:10.069 [ForkJoinPool-1-worker-2] DEBUG org.apache.http.impl.execchain.MainClientExec - Executing request GET /albums HTTP/1.1
21:38:10.069 [ForkJoinPool-1-worker-2] DEBUG org.apache.http.impl.execchain.MainClientExec - Proxy auth state: UNCHALLENGED
21:38:10.070 [ForkJoinPool-1-worker-2] DEBUG org.apache.http.headers - http-outgoing-10 >> GET /albums HTTP/1.1
21:38:10.070 [ForkJoinPool-1-worker-2] DEBUG org.apache.http.headers - http-outgoing-10 >> Content-Type: application/json
21:38:10.070 [ForkJoinPool-1-worker-2] DEBUG org.apache.http.headers - http-outgoing-10 >> Authorization: eyJ0eXAiOiJKV1QiLCJhbGciOiJIUzI1NiJ9.eyJ1c2VySWQiOjI1OCwicm9sZSI6InJlZ3VsYXIiLCJpYXQiOjE2MDAxMzc0ODkuOTg4LCJleHAiOjE2MDAxMzkyODkuOTg4fQ.r1Mjrs5j23dnlnR7usOlmxKo4o9qBoqg_J0fe8PLag8
21:38:10.070 [ForkJoinPool-1-worker-2] DEBUG org.apache.http.headers - http-outgoing-10 >> Host: nodejs-qa-training.herokuapp.com
21:38:10.070 [ForkJoinPool-1-worker-2] DEBUG org.apache.http.headers - http-outgoing-10 >> Connection: Keep-Alive
21:38:10.070 [ForkJoinPool-1-worker-2] DEBUG org.apache.http.headers - http-outgoing-10 >> User-Agent: Apache-HttpClient/4.5.11 (Java/1.8.0_171)
21:38:10.070 [ForkJoinPool-1-worker-2] DEBUG org.apache.http.headers - http-outgoing-10 >> Accept-Encoding: gzip,deflate
21:38:10.070 [ForkJoinPool-1-worker-2] DEBUG org.apache.http.wire - http-outgoing-10 >> "GET /albums HTTP/1.1[\r][\n]"
21:38:10.070 [ForkJoinPool-1-worker-2] DEBUG org.apache.http.wire - http-outgoing-10 >> "Content-Type: application/json[\r][\n]"
21:38:10.070 [ForkJoinPool-1-worker-2] DEBUG org.apache.http.wire - http-outgoing-10 >> "Authorization: eyJ0eXAiOiJKV1QiLCJhbGciOiJIUzI1NiJ9.eyJ1c2VySWQiOjI1OCwicm9sZSI6InJlZ3VsYXIiLCJpYXQiOjE2MDAxMzc0ODkuOTg4LCJleHAiOjE2MDAxMzkyODkuOTg4fQ.r1Mjrs5j23dnlnR7usOlmxKo4o9qBoqg_J0fe8PLag8[\r][\n]"
21:38:10.070 [ForkJoinPool-1-worker-2] DEBUG org.apache.http.wire - http-outgoing-10 >> "Host: nodejs-qa-training.herokuapp.com[\r][\n]"
21:38:10.070 [ForkJoinPool-1-worker-2] DEBUG org.apache.http.wire - http-outgoing-10 >> "Connection: Keep-Alive[\r][\n]"
21:38:10.070 [ForkJoinPool-1-worker-2] DEBUG org.apache.http.wire - http-outgoing-10 >> "User-Agent: Apache-HttpClient/4.5.11 (Java/1.8.0_171)[\r][\n]"
21:38:10.070 [ForkJoinPool-1-worker-2] DEBUG org.apache.http.wire - http-outgoing-10 >> "Accept-Encoding: gzip,deflate[\r][\n]"
21:38:10.070 [ForkJoinPool-1-worker-2] DEBUG org.apache.http.wire - http-outgoing-10 >> "[\r][\n]"
21:38:10.084 [ForkJoinPool-1-worker-3] DEBUG org.apache.http.conn.ssl.SSLConnectionSocketFactory - Enabled protocols: [TLSv1, TLSv1.1, TLSv1.2]
21:38:10.084 [ForkJoinPool-1-worker-3] DEBUG org.apache.http.conn.ssl.SSLConnectionSocketFactory - Enabled cipher suites:[TLS_ECDHE_ECDSA_WITH_AES_256_CBC_SHA384, TLS_ECDHE_RSA_WITH_AES_256_CBC_SHA384, TLS_RSA_WITH_AES_256_CBC_SHA256, TLS_ECDH_ECDSA_WITH_AES_256_CBC_SHA384, TLS_ECDH_RSA_WITH_AES_256_CBC_SHA384, TLS_DHE_RSA_WITH_AES_256_CBC_SHA256, TLS_DHE_DSS_WITH_AES_256_CBC_SHA256, TLS_ECDHE_ECDSA_WITH_AES_256_CBC_SHA, TLS_ECDHE_RSA_WITH_AES_256_CBC_SHA, TLS_RSA_WITH_AES_256_CBC_SHA, TLS_ECDH_ECDSA_WITH_AES_256_CBC_SHA, TLS_ECDH_RSA_WITH_AES_256_CBC_SHA, TLS_DHE_RSA_WITH_AES_256_CBC_SHA, TLS_DHE_DSS_WITH_AES_256_CBC_SHA, TLS_ECDHE_ECDSA_WITH_AES_128_CBC_SHA256, TLS_ECDHE_RSA_WITH_AES_128_CBC_SHA256, TLS_RSA_WITH_AES_128_CBC_SHA256, TLS_ECDH_ECDSA_WITH_AES_128_CBC_SHA256, TLS_ECDH_RSA_WITH_AES_128_CBC_SHA256, TLS_DHE_RSA_WITH_AES_128_CBC_SHA256, TLS_DHE_DSS_WITH_AES_128_CBC_SHA256, TLS_ECDHE_ECDSA_WITH_AES_128_CBC_SHA, TLS_ECDHE_RSA_WITH_AES_128_CBC_SHA, TLS_RSA_WITH_AES_128_CBC_SHA, TLS_ECDH_ECDSA_WITH_AES_128_CBC_SHA, TLS_ECDH_RSA_WITH_AES_128_CBC_SHA, TLS_DHE_RSA_WITH_AES_128_CBC_SHA, TLS_DHE_DSS_WITH_AES_128_CBC_SHA, TLS_ECDHE_ECDSA_WITH_AES_256_GCM_SHA384, TLS_ECDHE_ECDSA_WITH_AES_128_GCM_SHA256, TLS_ECDHE_RSA_WITH_AES_256_GCM_SHA384, TLS_RSA_WITH_AES_256_GCM_SHA384, TLS_ECDH_ECDSA_WITH_AES_256_GCM_SHA384, TLS_ECDH_RSA_WITH_AES_256_GCM_SHA384, TLS_DHE_RSA_WITH_AES_256_GCM_SHA384, TLS_DHE_DSS_WITH_AES_256_GCM_SHA384, TLS_ECDHE_RSA_WITH_AES_128_GCM_SHA256, TLS_RSA_WITH_AES_128_GCM_SHA256, TLS_ECDH_ECDSA_WITH_AES_128_GCM_SHA256, TLS_ECDH_RSA_WITH_AES_128_GCM_SHA256, TLS_DHE_RSA_WITH_AES_128_GCM_SHA256, TLS_DHE_DSS_WITH_AES_128_GCM_SHA256, TLS_EMPTY_RENEGOTIATION_INFO_SCSV]
21:38:10.084 [ForkJoinPool-1-worker-3] DEBUG org.apache.http.conn.ssl.SSLConnectionSocketFactory - Starting handshake
21:38:10.181 [ForkJoinPool-1-worker-1] DEBUG org.apache.http.conn.ssl.SSLConnectionSocketFactory - Secure session established
21:38:10.181 [ForkJoinPool-1-worker-1] DEBUG org.apache.http.conn.ssl.SSLConnectionSocketFactory -  negotiated protocol: TLSv1.2
21:38:10.181 [ForkJoinPool-1-worker-1] DEBUG org.apache.http.conn.ssl.SSLConnectionSocketFactory -  negotiated cipher suite: TLS_ECDHE_RSA_WITH_AES_128_GCM_SHA256
21:38:10.181 [ForkJoinPool-1-worker-1] DEBUG org.apache.http.conn.ssl.SSLConnectionSocketFactory -  peer principal: CN=*.herokuapp.com, O="Heroku, Inc.", L=San Francisco, ST=California, C=US
21:38:10.181 [ForkJoinPool-1-worker-1] DEBUG org.apache.http.conn.ssl.SSLConnectionSocketFactory -  peer alternative names: [*.herokuapp.com, herokuapp.com]
21:38:10.181 [ForkJoinPool-1-worker-1] DEBUG org.apache.http.conn.ssl.SSLConnectionSocketFactory -  issuer principal: CN=DigiCert SHA2 High Assurance Server CA, OU=www.digicert.com, O=DigiCert Inc, C=US
21:38:10.181 [ForkJoinPool-1-worker-1] DEBUG org.apache.http.impl.conn.DefaultHttpClientConnectionOperator - Connection established 192.168.1.7:51352<->52.20.101.119:443
21:38:10.181 [ForkJoinPool-1-worker-1] DEBUG org.apache.http.impl.conn.DefaultManagedHttpClientConnection - http-outgoing-11: set socket timeout to 30000
21:38:10.181 [ForkJoinPool-1-worker-1] DEBUG org.apache.http.impl.execchain.MainClientExec - Executing request POST /albums/57 HTTP/1.1
21:38:10.181 [ForkJoinPool-1-worker-1] DEBUG org.apache.http.impl.execchain.MainClientExec - Proxy auth state: UNCHALLENGED
21:38:10.182 [ForkJoinPool-1-worker-1] DEBUG org.apache.http.headers - http-outgoing-11 >> POST /albums/57 HTTP/1.1
21:38:10.182 [ForkJoinPool-1-worker-1] DEBUG org.apache.http.headers - http-outgoing-11 >> Content-Type: application/json; charset=UTF-8
21:38:10.182 [ForkJoinPool-1-worker-1] DEBUG org.apache.http.headers - http-outgoing-11 >> Authorization: eyJ0eXAiOiJKV1QiLCJhbGciOiJIUzI1NiJ9.eyJ1c2VySWQiOjE0Niwicm9sZSI6ImFkbWluIiwiaWF0IjoxNjAwMTM3NDg5LjQ3NiwiZXhwIjoxNjAwMTM5Mjg5LjQ3Nn0.Yy6GlaJSvDXS5zvR84pInkC6xrSkzPVoIXXx2qBVPQM
21:38:10.182 [ForkJoinPool-1-worker-1] DEBUG org.apache.http.headers - http-outgoing-11 >> Content-Length: 2
21:38:10.182 [ForkJoinPool-1-worker-1] DEBUG org.apache.http.headers - http-outgoing-11 >> Host: nodejs-qa-training.herokuapp.com
21:38:10.182 [ForkJoinPool-1-worker-1] DEBUG org.apache.http.headers - http-outgoing-11 >> Connection: Keep-Alive
21:38:10.182 [ForkJoinPool-1-worker-1] DEBUG org.apache.http.headers - http-outgoing-11 >> User-Agent: Apache-HttpClient/4.5.11 (Java/1.8.0_171)
21:38:10.182 [ForkJoinPool-1-worker-1] DEBUG org.apache.http.headers - http-outgoing-11 >> Accept-Encoding: gzip,deflate
21:38:10.182 [ForkJoinPool-1-worker-1] DEBUG org.apache.http.wire - http-outgoing-11 >> "POST /albums/57 HTTP/1.1[\r][\n]"
21:38:10.182 [ForkJoinPool-1-worker-1] DEBUG org.apache.http.wire - http-outgoing-11 >> "Content-Type: application/json; charset=UTF-8[\r][\n]"
21:38:10.182 [ForkJoinPool-1-worker-1] DEBUG org.apache.http.wire - http-outgoing-11 >> "Authorization: eyJ0eXAiOiJKV1QiLCJhbGciOiJIUzI1NiJ9.eyJ1c2VySWQiOjE0Niwicm9sZSI6ImFkbWluIiwiaWF0IjoxNjAwMTM3NDg5LjQ3NiwiZXhwIjoxNjAwMTM5Mjg5LjQ3Nn0.Yy6GlaJSvDXS5zvR84pInkC6xrSkzPVoIXXx2qBVPQM[\r][\n]"
21:38:10.182 [ForkJoinPool-1-worker-1] DEBUG org.apache.http.wire - http-outgoing-11 >> "Content-Length: 2[\r][\n]"
21:38:10.182 [ForkJoinPool-1-worker-1] DEBUG org.apache.http.wire - http-outgoing-11 >> "Host: nodejs-qa-training.herokuapp.com[\r][\n]"
21:38:10.182 [ForkJoinPool-1-worker-1] DEBUG org.apache.http.wire - http-outgoing-11 >> "Connection: Keep-Alive[\r][\n]"
21:38:10.182 [ForkJoinPool-1-worker-1] DEBUG org.apache.http.wire - http-outgoing-11 >> "User-Agent: Apache-HttpClient/4.5.11 (Java/1.8.0_171)[\r][\n]"
21:38:10.182 [ForkJoinPool-1-worker-1] DEBUG org.apache.http.wire - http-outgoing-11 >> "Accept-Encoding: gzip,deflate[\r][\n]"
21:38:10.182 [ForkJoinPool-1-worker-1] DEBUG org.apache.http.wire - http-outgoing-11 >> "[\r][\n]"
21:38:10.182 [ForkJoinPool-1-worker-1] DEBUG org.apache.http.wire - http-outgoing-11 >> "{}"
21:38:10.275 [ForkJoinPool-1-worker-2] DEBUG org.apache.http.wire - http-outgoing-10 << "HTTP/1.1 200 OK[\r][\n]"
21:38:10.275 [ForkJoinPool-1-worker-2] DEBUG org.apache.http.wire - http-outgoing-10 << "Server: Cowboy[\r][\n]"
21:38:10.276 [ForkJoinPool-1-worker-2] DEBUG org.apache.http.wire - http-outgoing-10 << "Connection: keep-alive[\r][\n]"
21:38:10.276 [ForkJoinPool-1-worker-2] DEBUG org.apache.http.wire - http-outgoing-10 << "X-Powered-By: Express[\r][\n]"
21:38:10.276 [ForkJoinPool-1-worker-2] DEBUG org.apache.http.wire - http-outgoing-10 << "Content-Type: application/json; charset=utf-8[\r][\n]"
21:38:10.276 [ForkJoinPool-1-worker-2] DEBUG org.apache.http.wire - http-outgoing-10 << "Content-Length: 7032[\r][\n]"
21:38:10.276 [ForkJoinPool-1-worker-2] DEBUG org.apache.http.wire - http-outgoing-10 << "Etag: W/"1b78-QLaE6RpZ5E8d2hLg+o5PqJk5Zw8"[\r][\n]"
21:38:10.276 [ForkJoinPool-1-worker-2] DEBUG org.apache.http.wire - http-outgoing-10 << "Date: Tue, 15 Sep 2020 02:38:10 GMT[\r][\n]"
21:38:10.276 [ForkJoinPool-1-worker-2] DEBUG org.apache.http.wire - http-outgoing-10 << "Via: 1.1 vegur[\r][\n]"
21:38:10.276 [ForkJoinPool-1-worker-2] DEBUG org.apache.http.wire - http-outgoing-10 << "[\r][\n]"
21:38:10.276 [ForkJoinPool-1-worker-2] DEBUG org.apache.http.wire - http-outgoing-10 << "[{"user_id":1,"id":1,"title":"quidem molestiae enim"},{"user_id":1,"id":2,"title":"sunt qui excepturi placeat culpa"},{"user_id":1,"id":3,"title":"omnis laborum odio"},{"user_id":1,"id":4,"title":"non esse culpa molestiae omnis sed optio"},{"user_id":1,"id":5,"title":"eaque aut omnis a"},{"user_id":1,"id":6,"title":"natus impedit quibusdam illo est"},{"user_id":1,"id":7,"title":"quibusdam autem aliquid et et quia"},{"user_id":1,"id":8,"title":"qui fuga est a eum"},{"user_id":1,"id":9,"title":"saepe unde necessitatibus rem"},{"user_id":1,"id":10,"title":"distinctio laborum qui"},{"user_id":2,"id":11,"title":"quam nostrum impedit mollitia quod et dolor"},{"user_id":2,"id":12,"title":"consequatur autem doloribus natus consectetur"},{"user_id":2,"id":13,"title":"ab rerum non rerum consequatur ut ea unde"},{"user_id":2,"id":14,"title":"ducimus molestias eos animi atque nihil"},{"user_id":2,"id":15,"title":"ut pariatur rerum ipsum natus repellendus praesentium"},{"user_id":2,"id":16,"title":"voluptatem aut maxime inventore autem magnam atque repellat"},{"user_id":2,"id":17,"title":"aut minima voluptatem ut velit"},{"user_id":2,"id":18,"title":"nesciunt quia et doloremque"},{"user_id":2,"id":19,"title":"velit pariatur quaerat similique libero omnis quia"},{"user_id":2,"id":20,"title":"voluptas rerum iure ut enim"},{"user_id":3,"id":21,"title":"repudiandae voluptatem optio est consequatur rem in temporibus et"},{"user_id":3,"id":22,"title":"et rem non provident vel ut"},{"user_id":3,"id":23,"title":"incidunt quisquam hic adipisci sequi"},{"user_id":3,"id":24,"title":"dolores ut et facere placeat"},{"user_id":3,"id":25,"title":"vero maxime id possimus sunt neque et consequatur"},{"user_id":3,"id":26,"title":"quibusdam saepe ipsa vel harum"},{"user_id":3,"id":27,"title":"id non nostrum expedita"},{"user_id":3,"id":28,"title":"omnis neque exercitationem sed dolor atque maxime aut cum"},{"user_id":3,"id":29,"title":"inventore ut quasi magnam itaque est fugit"},{"user_id":3,"id":30,"title":"tempora assumenda et similique odit distinctio error"},{"user_id":4,"id":31,"title":"adipisci laborum fuga laboriosam"},{"user_id":4,"id":32,"title":"reiciendis dolores a ut qui debitis non quo labore"},{"user_id":4,"id":33,"title":"iste eos nostrum"},{"user_id":4,"id":34,"title":"cumque voluptatibus rerum architecto blanditiis"},{"user_id":4,"id":35,"title":"et impedit nisi quae magni necessitatibus sed aut pariatur"},{"user_id":4,"id":36,"title":"nihil cupiditate voluptate neque"},{"user_id":4,"id":37,"title":"est placeat dicta ut nisi rerum iste"},{"user_id":4,"id":38,"title":"unde a sequi id"},{"user_id":4,"id":39,"title":"ratione porro illum labore eum aperiam sed"},{"user_id":4,"id":40,"title":"voluptas neque et sint aut quo odit"},{"user_id":5,"id":41,"title":"ea voluptates maiores eos accusantium officiis tempore mollitia consequatur"},{"user_id":5,"id":42,"title":"tenetur explicabo ea"},{"user_id":5,"id":43,"title":"aperiam doloremque nihil"},{"user_id":5,"id":44,"title":"sapiente cum numquam officia consequatur vel natus quos suscipit"},{"user_id":5,"id":45,"title":"tenetur quos ea unde est enim corrupti qui"},{"user_id":5,"id":46,"title":"molestiae voluptate non"},{"user_id":5,"id":47,"title":"temporibus molestiae aut"},{"user_id":5,"id":48,"title":"modi consequatur culpa aut quam soluta alias perspiciatis laudantium"},{"user_id":5,"id":49,"title":"ut aut vero repudiandae voluptas ullam voluptas at consequatur"},{"user_id":5,"id":50,"title":"sed qui sed quas sit ducimus dolor"},{"user_id":6,"id":51,"title":"odit laboriosam sint quia cupiditate animi quis"},{"user_id":6,"id":52,"title":"necessitatibus quas et sunt at voluptatem"},{"user_id":6,"id":53,"title":"est vel sequi voluptatem nemo quam molestiae modi enim"},{"user_id":6,"id":54,"title":"aut non illo amet perferendis"},{"user_id":6,"id":55,"title":"qui culpa itaque omnis in nesciunt architecto error"},{"user_id":6,"id":56,"title":"omnis qui maiores tempora officiis omnis rerum sed repellat"},{"user_id":6,"id":57,"title":"libero excepturi voluptatem est architecto quae voluptatum officia tempora"},{"user_id":6,"id":58,"title":"nulla illo consequatur aspernatur veritatis aut error delectus et"},{"user_id":6,"id":59,"title":"eligendi similique provident nihil"},{"user_id":6,"id":60,"title":"omnis mollitia sunt aliquid eum consequatur fugit minus laudantium"},{"user_id":7,"id":61,"title":"delectus iusto et"},{"user_id":7,"id":62,"title":"eos ea non recusandae iste ut quasi"},{"user_id":7,"id":63,"title":"velit est quam"},{"user_id":7,"id":64,"title":"autem voluptatem amet iure quae"},{"user_id":7,"id":65,"title":"voluptates delectus iure iste qui"},{"user_id":7,"id":66,"title":"velit sed quia dolor dolores delectus"},{"user_id":7,"id":67,"title":"ad voluptas nostrum et nihil"},{"user_id":7,"id":68,"title":"qui quasi nihil aut voluptatum sit dolore minima"},{"user_id":7,"id":69,"title":"qui aut est"},{"user_id":7,"id":70,"title":"et deleniti unde"},{"user_id":8,"id":71,"title":"et vel corporis"},{"user_id":8,"id":72,"title":"unde exercitationem ut"},{"user_id":8,"id":73,"title":"quos omnis officia"},{"user_id":8,"id":74,"title":"quia est eius vitae dolor"},{"user_id":8,"id":75,"title":"aut quia expedita non"},{"user_id":8,"id":76,"title":"dolorem magnam facere itaque ut reprehenderit tenetur corrupti"},{"user_id":8,"id":77,"title":"cupiditate sapiente maiores iusto ducimus cum excepturi veritatis quia"},{"user_id":8,"id":78,"title":"est minima eius possimus ea ratione velit et"},{"user_id":8,"id":79,"title":"ipsa quae voluptas natus ut suscipit soluta quia quidem"},{"user_id":8,"id":80,"title":"id nihil reprehenderit"},{"user_id":9,"id":81,"title":"quibusdam sapiente et"},{"user_id":9,"id":82,"title":"recusandae consequatur vel amet unde"},{"user_id":9,"id":83,"title":"aperiam odio fugiat"},{"user_id":9,"id":84,"title":"est et at eos expedita"},{"user_id":9,"id":85,"title":"qui voluptatem consequatur aut ab quis temporibus praesentium"},{"user_id":9,"id":86,"title":"eligendi mollitia alias aspernatur vel ut iusto"},{"user_id":9,"id":87,"title":"aut aut architecto"},{"user_id":9,"id":88,"title":"quas perspiciatis optio"},{"user_id":9,"id":89,"title":"sit optio id voluptatem est eum et"},{"user_id":9,"id":90,"title":"est vel dignissimos"},{"user_id":10,"id":91,"title":"repellendus praesentium debitis officiis"},{"user_id":10,"id":92,"title":"incidunt et et eligendi assumenda soluta quia recusandae"},{"user_id":10,"id":93,"title":"nisi qui dolores perspiciatis"},{"user_id":10,"id":94,"title":"quisquam a dolores et earum vitae"},{"user_id":10,"id":95,"title":"consectetur vel rerum qui aperiam modi eos aspernatur ipsa"},{"user_id":10,"id":96,"title":"unde et ut molestiae est molestias voluptatem sint"},{"user_id":10,"id":97,"title":"est quod aut"},{"user_id":10,"id":98,"title":"omnis quia possimus nesciunt deleniti assumenda sed autem"},{"user_id":10,"id":99,"title":"consectetur ut id impedit dolores sit ad ex aut"},{"user_id":10,"id":100,"title":"enim repellat iste"}]"
21:38:10.278 [ForkJoinPool-1-worker-2] DEBUG org.apache.http.headers - http-outgoing-10 << HTTP/1.1 200 OK
21:38:10.278 [ForkJoinPool-1-worker-2] DEBUG org.apache.http.headers - http-outgoing-10 << Server: Cowboy
21:38:10.278 [ForkJoinPool-1-worker-2] DEBUG org.apache.http.headers - http-outgoing-10 << Connection: keep-alive
21:38:10.278 [ForkJoinPool-1-worker-2] DEBUG org.apache.http.headers - http-outgoing-10 << X-Powered-By: Express
21:38:10.278 [ForkJoinPool-1-worker-2] DEBUG org.apache.http.headers - http-outgoing-10 << Content-Type: application/json; charset=utf-8
21:38:10.278 [ForkJoinPool-1-worker-2] DEBUG org.apache.http.headers - http-outgoing-10 << Content-Length: 7032
21:38:10.278 [ForkJoinPool-1-worker-2] DEBUG org.apache.http.headers - http-outgoing-10 << Etag: W/"1b78-QLaE6RpZ5E8d2hLg+o5PqJk5Zw8"
21:38:10.278 [ForkJoinPool-1-worker-2] DEBUG org.apache.http.headers - http-outgoing-10 << Date: Tue, 15 Sep 2020 02:38:10 GMT
21:38:10.278 [ForkJoinPool-1-worker-2] DEBUG org.apache.http.headers - http-outgoing-10 << Via: 1.1 vegur
21:38:10.278 [ForkJoinPool-1-worker-2] DEBUG org.apache.http.impl.execchain.MainClientExec - Connection can be kept alive indefinitely
21:38:10.279 [ForkJoinPool-1-worker-2] DEBUG org.apache.http.impl.conn.PoolingHttpClientConnectionManager - Connection [id: 10][route: {s}->https://nodejs-qa-training.herokuapp.com:443] can be kept alive indefinitely
21:38:10.279 [ForkJoinPool-1-worker-2] DEBUG org.apache.http.impl.conn.DefaultManagedHttpClientConnection - http-outgoing-10: set socket timeout to 0
21:38:10.279 [ForkJoinPool-1-worker-2] DEBUG org.apache.http.impl.conn.PoolingHttpClientConnectionManager - Connection released: [id: 10][route: {s}->https://nodejs-qa-training.herokuapp.com:443][total available: 1; route allocated: 1 of 5; total allocated: 1 of 10]
21:38:10.279 [ForkJoinPool-1-worker-2] DEBUG com.intuit.karate - response time in milliseconds: 655,20
1 < 200
1 < Connection: keep-alive
1 < Content-Length: 7032
1 < Content-Type: application/json; charset=utf-8
1 < Date: Tue, 15 Sep 2020 02:38:10 GMT
1 < Etag: W/"1b78-QLaE6RpZ5E8d2hLg+o5PqJk5Zw8"
1 < Server: Cowboy
1 < Via: 1.1 vegur
1 < X-Powered-By: Express
[{"user_id":1,"id":1,"title":"quidem molestiae enim"},{"user_id":1,"id":2,"title":"sunt qui excepturi placeat culpa"},{"user_id":1,"id":3,"title":"omnis laborum odio"},{"user_id":1,"id":4,"title":"non esse culpa molestiae omnis sed optio"},{"user_id":1,"id":5,"title":"eaque aut omnis a"},{"user_id":1,"id":6,"title":"natus impedit quibusdam illo est"},{"user_id":1,"id":7,"title":"quibusdam autem aliquid et et quia"},{"user_id":1,"id":8,"title":"qui fuga est a eum"},{"user_id":1,"id":9,"title":"saepe unde necessitatibus rem"},{"user_id":1,"id":10,"title":"distinctio laborum qui"},{"user_id":2,"id":11,"title":"quam nostrum impedit mollitia quod et dolor"},{"user_id":2,"id":12,"title":"consequatur autem doloribus natus consectetur"},{"user_id":2,"id":13,"title":"ab rerum non rerum consequatur ut ea unde"},{"user_id":2,"id":14,"title":"ducimus molestias eos animi atque nihil"},{"user_id":2,"id":15,"title":"ut pariatur rerum ipsum natus repellendus praesentium"},{"user_id":2,"id":16,"title":"voluptatem aut maxime inventore autem magnam atque repellat"},{"user_id":2,"id":17,"title":"aut minima voluptatem ut velit"},{"user_id":2,"id":18,"title":"nesciunt quia et doloremque"},{"user_id":2,"id":19,"title":"velit pariatur quaerat similique libero omnis quia"},{"user_id":2,"id":20,"title":"voluptas rerum iure ut enim"},{"user_id":3,"id":21,"title":"repudiandae voluptatem optio est consequatur rem in temporibus et"},{"user_id":3,"id":22,"title":"et rem non provident vel ut"},{"user_id":3,"id":23,"title":"incidunt quisquam hic adipisci sequi"},{"user_id":3,"id":24,"title":"dolores ut et facere placeat"},{"user_id":3,"id":25,"title":"vero maxime id possimus sunt neque et consequatur"},{"user_id":3,"id":26,"title":"quibusdam saepe ipsa vel harum"},{"user_id":3,"id":27,"title":"id non nostrum expedita"},{"user_id":3,"id":28,"title":"omnis neque exercitationem sed dolor atque maxime aut cum"},{"user_id":3,"id":29,"title":"inventore ut quasi magnam itaque est fugit"},{"user_id":3,"id":30,"title":"tempora assumenda et similique odit distinctio error"},{"user_id":4,"id":31,"title":"adipisci laborum fuga laboriosam"},{"user_id":4,"id":32,"title":"reiciendis dolores a ut qui debitis non quo labore"},{"user_id":4,"id":33,"title":"iste eos nostrum"},{"user_id":4,"id":34,"title":"cumque voluptatibus rerum architecto blanditiis"},{"user_id":4,"id":35,"title":"et impedit nisi quae magni necessitatibus sed aut pariatur"},{"user_id":4,"id":36,"title":"nihil cupiditate voluptate neque"},{"user_id":4,"id":37,"title":"est placeat dicta ut nisi rerum iste"},{"user_id":4,"id":38,"title":"unde a sequi id"},{"user_id":4,"id":39,"title":"ratione porro illum labore eum aperiam sed"},{"user_id":4,"id":40,"title":"voluptas neque et sint aut quo odit"},{"user_id":5,"id":41,"title":"ea voluptates maiores eos accusantium officiis tempore mollitia consequatur"},{"user_id":5,"id":42,"title":"tenetur explicabo ea"},{"user_id":5,"id":43,"title":"aperiam doloremque nihil"},{"user_id":5,"id":44,"title":"sapiente cum numquam officia consequatur vel natus quos suscipit"},{"user_id":5,"id":45,"title":"tenetur quos ea unde est enim corrupti qui"},{"user_id":5,"id":46,"title":"molestiae voluptate non"},{"user_id":5,"id":47,"title":"temporibus molestiae aut"},{"user_id":5,"id":48,"title":"modi consequatur culpa aut quam soluta alias perspiciatis laudantium"},{"user_id":5,"id":49,"title":"ut aut vero repudiandae voluptas ullam voluptas at consequatur"},{"user_id":5,"id":50,"title":"sed qui sed quas sit ducimus dolor"},{"user_id":6,"id":51,"title":"odit laboriosam sint quia cupiditate animi quis"},{"user_id":6,"id":52,"title":"necessitatibus quas et sunt at voluptatem"},{"user_id":6,"id":53,"title":"est vel sequi voluptatem nemo quam molestiae modi enim"},{"user_id":6,"id":54,"title":"aut non illo amet perferendis"},{"user_id":6,"id":55,"title":"qui culpa itaque omnis in nesciunt architecto error"},{"user_id":6,"id":56,"title":"omnis qui maiores tempora officiis omnis rerum sed repellat"},{"user_id":6,"id":57,"title":"libero excepturi voluptatem est architecto quae voluptatum officia tempora"},{"user_id":6,"id":58,"title":"nulla illo consequatur aspernatur veritatis aut error delectus et"},{"user_id":6,"id":59,"title":"eligendi similique provident nihil"},{"user_id":6,"id":60,"title":"omnis mollitia sunt aliquid eum consequatur fugit minus laudantium"},{"user_id":7,"id":61,"title":"delectus iusto et"},{"user_id":7,"id":62,"title":"eos ea non recusandae iste ut quasi"},{"user_id":7,"id":63,"title":"velit est quam"},{"user_id":7,"id":64,"title":"autem voluptatem amet iure quae"},{"user_id":7,"id":65,"title":"voluptates delectus iure iste qui"},{"user_id":7,"id":66,"title":"velit sed quia dolor dolores delectus"},{"user_id":7,"id":67,"title":"ad voluptas nostrum et nihil"},{"user_id":7,"id":68,"title":"qui quasi nihil aut voluptatum sit dolore minima"},{"user_id":7,"id":69,"title":"qui aut est"},{"user_id":7,"id":70,"title":"et deleniti unde"},{"user_id":8,"id":71,"title":"et vel corporis"},{"user_id":8,"id":72,"title":"unde exercitationem ut"},{"user_id":8,"id":73,"title":"quos omnis officia"},{"user_id":8,"id":74,"title":"quia est eius vitae dolor"},{"user_id":8,"id":75,"title":"aut quia expedita non"},{"user_id":8,"id":76,"title":"dolorem magnam facere itaque ut reprehenderit tenetur corrupti"},{"user_id":8,"id":77,"title":"cupiditate sapiente maiores iusto ducimus cum excepturi veritatis quia"},{"user_id":8,"id":78,"title":"est minima eius possimus ea ratione velit et"},{"user_id":8,"id":79,"title":"ipsa quae voluptas natus ut suscipit soluta quia quidem"},{"user_id":8,"id":80,"title":"id nihil reprehenderit"},{"user_id":9,"id":81,"title":"quibusdam sapiente et"},{"user_id":9,"id":82,"title":"recusandae consequatur vel amet unde"},{"user_id":9,"id":83,"title":"aperiam odio fugiat"},{"user_id":9,"id":84,"title":"est et at eos expedita"},{"user_id":9,"id":85,"title":"qui voluptatem consequatur aut ab quis temporibus praesentium"},{"user_id":9,"id":86,"title":"eligendi mollitia alias aspernatur vel ut iusto"},{"user_id":9,"id":87,"title":"aut aut architecto"},{"user_id":9,"id":88,"title":"quas perspiciatis optio"},{"user_id":9,"id":89,"title":"sit optio id voluptatem est eum et"},{"user_id":9,"id":90,"title":"est vel dignissimos"},{"user_id":10,"id":91,"title":"repellendus praesentium debitis officiis"},{"user_id":10,"id":92,"title":"incidunt et et eligendi assumenda soluta quia recusandae"},{"user_id":10,"id":93,"title":"nisi qui dolores perspiciatis"},{"user_id":10,"id":94,"title":"quisquam a dolores et earum vitae"},{"user_id":10,"id":95,"title":"consectetur vel rerum qui aperiam modi eos aspernatur ipsa"},{"user_id":10,"id":96,"title":"unde et ut molestiae est molestias voluptatem sint"},{"user_id":10,"id":97,"title":"est quod aut"},{"user_id":10,"id":98,"title":"omnis quia possimus nesciunt deleniti assumenda sed autem"},{"user_id":10,"id":99,"title":"consectetur ut id impedit dolores sit ad ex aut"},{"user_id":10,"id":100,"title":"enim repellat iste"}]

21:38:10.290 [ForkJoinPool-1-worker-2] DEBUG com.jayway.jsonpath.internal.path.CompiledPath - Evaluating path: $
21:38:10.290 [ForkJoinPool-1-worker-2] DEBUG com.jayway.jsonpath.internal.path.CompiledPath - Evaluating path: $
21:38:10.290 [ForkJoinPool-1-worker-2] DEBUG com.jayway.jsonpath.internal.path.CompiledPath - Evaluating path: $
21:38:10.301 [ForkJoinPool-1-worker-2] DEBUG com.jayway.jsonpath.internal.path.CompiledPath - Evaluating path: $
21:38:10.303 [ForkJoinPool-1-worker-2] DEBUG com.jayway.jsonpath.internal.path.CompiledPath - Evaluating path: $
21:38:10.304 [ForkJoinPool-1-worker-2] DEBUG org.apache.http.client.protocol.RequestAddCookies - CookieSpec selected: karate
21:38:10.305 [ForkJoinPool-1-worker-2] DEBUG org.apache.http.client.protocol.RequestAuthCache - Auth cache not set in the context
21:38:10.305 [ForkJoinPool-1-worker-2] DEBUG com.intuit.karate - request:
1 > POST https://nodejs-qa-training.herokuapp.com/albums/11
1 > Accept-Encoding: gzip,deflate
1 > Authorization: eyJ0eXAiOiJKV1QiLCJhbGciOiJIUzI1NiJ9.eyJ1c2VySWQiOjI1OCwicm9sZSI6InJlZ3VsYXIiLCJpYXQiOjE2MDAxMzc0ODkuOTg4LCJleHAiOjE2MDAxMzkyODkuOTg4fQ.r1Mjrs5j23dnlnR7usOlmxKo4o9qBoqg_J0fe8PLag8
1 > Connection: Keep-Alive
1 > Content-Length: 2
1 > Content-Type: application/json; charset=UTF-8
1 > Host: nodejs-qa-training.herokuapp.com
1 > User-Agent: Apache-HttpClient/4.5.11 (Java/1.8.0_171)
{}

21:38:10.305 [ForkJoinPool-1-worker-2] DEBUG org.apache.http.impl.conn.PoolingHttpClientConnectionManager - Connection request: [route: {s}->https://nodejs-qa-training.herokuapp.com:443][total available: 0; route allocated: 0 of 5; total allocated: 0 of 10]
21:38:10.305 [ForkJoinPool-1-worker-2] DEBUG org.apache.http.impl.conn.PoolingHttpClientConnectionManager - Connection leased: [id: 13][route: {s}->https://nodejs-qa-training.herokuapp.com:443][total available: 0; route allocated: 1 of 5; total allocated: 1 of 10]
21:38:10.305 [ForkJoinPool-1-worker-2] DEBUG org.apache.http.impl.execchain.MainClientExec - Opening connection {s}->https://nodejs-qa-training.herokuapp.com:443
21:38:10.305 [ForkJoinPool-1-worker-2] DEBUG org.apache.http.impl.conn.DefaultHttpClientConnectionOperator - Connecting to nodejs-qa-training.herokuapp.com/52.20.101.119:443
21:38:10.305 [ForkJoinPool-1-worker-2] DEBUG org.apache.http.conn.ssl.SSLConnectionSocketFactory - Connecting socket to nodejs-qa-training.herokuapp.com/52.20.101.119:443 with timeout 30000
21:38:10.341 [ForkJoinPool-1-worker-3] DEBUG org.apache.http.conn.ssl.SSLConnectionSocketFactory - Secure session established
21:38:10.341 [ForkJoinPool-1-worker-3] DEBUG org.apache.http.conn.ssl.SSLConnectionSocketFactory -  negotiated protocol: TLSv1.2
21:38:10.341 [ForkJoinPool-1-worker-3] DEBUG org.apache.http.conn.ssl.SSLConnectionSocketFactory -  negotiated cipher suite: TLS_ECDHE_RSA_WITH_AES_128_GCM_SHA256
21:38:10.341 [ForkJoinPool-1-worker-3] DEBUG org.apache.http.conn.ssl.SSLConnectionSocketFactory -  peer principal: CN=*.herokuapp.com, O="Heroku, Inc.", L=San Francisco, ST=California, C=US
21:38:10.341 [ForkJoinPool-1-worker-3] DEBUG org.apache.http.conn.ssl.SSLConnectionSocketFactory -  peer alternative names: [*.herokuapp.com, herokuapp.com]
21:38:10.341 [ForkJoinPool-1-worker-3] DEBUG org.apache.http.conn.ssl.SSLConnectionSocketFactory -  issuer principal: CN=DigiCert SHA2 High Assurance Server CA, OU=www.digicert.com, O=DigiCert Inc, C=US
21:38:10.341 [ForkJoinPool-1-worker-3] DEBUG org.apache.http.impl.conn.DefaultHttpClientConnectionOperator - Connection established 192.168.1.7:51353<->52.20.101.119:443
21:38:10.341 [ForkJoinPool-1-worker-3] DEBUG org.apache.http.impl.conn.DefaultManagedHttpClientConnection - http-outgoing-12: set socket timeout to 30000
21:38:10.341 [ForkJoinPool-1-worker-3] DEBUG org.apache.http.impl.execchain.MainClientExec - Executing request GET /albums HTTP/1.1
21:38:10.341 [ForkJoinPool-1-worker-3] DEBUG org.apache.http.impl.execchain.MainClientExec - Proxy auth state: UNCHALLENGED
21:38:10.341 [ForkJoinPool-1-worker-3] DEBUG org.apache.http.headers - http-outgoing-12 >> GET /albums HTTP/1.1
21:38:10.341 [ForkJoinPool-1-worker-3] DEBUG org.apache.http.headers - http-outgoing-12 >> Content-Type: application/json
21:38:10.341 [ForkJoinPool-1-worker-3] DEBUG org.apache.http.headers - http-outgoing-12 >> Authorization: eyJ0eXAiOiJKV1QiLCJhbGciOiJIUzI1NiJ9.eyJ1c2VySWQiOjI1OCwicm9sZSI6InJlZ3VsYXIiLCJpYXQiOjE2MDAxMzc0OTAuMzU0LCJleHAiOjE2MDAxMzkyOTAuMzU0fQ.v2yaaBlitrSD38t-m1v9159bdvFHgDNzyTGYVFoT1KM
21:38:10.341 [ForkJoinPool-1-worker-3] DEBUG org.apache.http.headers - http-outgoing-12 >> Host: nodejs-qa-training.herokuapp.com
21:38:10.341 [ForkJoinPool-1-worker-3] DEBUG org.apache.http.headers - http-outgoing-12 >> Connection: Keep-Alive
21:38:10.341 [ForkJoinPool-1-worker-3] DEBUG org.apache.http.headers - http-outgoing-12 >> User-Agent: Apache-HttpClient/4.5.11 (Java/1.8.0_171)
21:38:10.341 [ForkJoinPool-1-worker-3] DEBUG org.apache.http.headers - http-outgoing-12 >> Accept-Encoding: gzip,deflate
21:38:10.341 [ForkJoinPool-1-worker-3] DEBUG org.apache.http.wire - http-outgoing-12 >> "GET /albums HTTP/1.1[\r][\n]"
21:38:10.341 [ForkJoinPool-1-worker-3] DEBUG org.apache.http.wire - http-outgoing-12 >> "Content-Type: application/json[\r][\n]"
21:38:10.341 [ForkJoinPool-1-worker-3] DEBUG org.apache.http.wire - http-outgoing-12 >> "Authorization: eyJ0eXAiOiJKV1QiLCJhbGciOiJIUzI1NiJ9.eyJ1c2VySWQiOjI1OCwicm9sZSI6InJlZ3VsYXIiLCJpYXQiOjE2MDAxMzc0OTAuMzU0LCJleHAiOjE2MDAxMzkyOTAuMzU0fQ.v2yaaBlitrSD38t-m1v9159bdvFHgDNzyTGYVFoT1KM[\r][\n]"
21:38:10.341 [ForkJoinPool-1-worker-3] DEBUG org.apache.http.wire - http-outgoing-12 >> "Host: nodejs-qa-training.herokuapp.com[\r][\n]"
21:38:10.341 [ForkJoinPool-1-worker-3] DEBUG org.apache.http.wire - http-outgoing-12 >> "Connection: Keep-Alive[\r][\n]"
21:38:10.341 [ForkJoinPool-1-worker-3] DEBUG org.apache.http.wire - http-outgoing-12 >> "User-Agent: Apache-HttpClient/4.5.11 (Java/1.8.0_171)[\r][\n]"
21:38:10.341 [ForkJoinPool-1-worker-3] DEBUG org.apache.http.wire - http-outgoing-12 >> "Accept-Encoding: gzip,deflate[\r][\n]"
21:38:10.341 [ForkJoinPool-1-worker-3] DEBUG org.apache.http.wire - http-outgoing-12 >> "[\r][\n]"
21:38:10.372 [ForkJoinPool-1-worker-1] DEBUG org.apache.http.wire - http-outgoing-11 << "HTTP/1.1 201 Created[\r][\n]"
21:38:10.372 [ForkJoinPool-1-worker-1] DEBUG org.apache.http.wire - http-outgoing-11 << "Server: Cowboy[\r][\n]"
21:38:10.372 [ForkJoinPool-1-worker-1] DEBUG org.apache.http.wire - http-outgoing-11 << "Connection: keep-alive[\r][\n]"
21:38:10.372 [ForkJoinPool-1-worker-1] DEBUG org.apache.http.wire - http-outgoing-11 << "X-Powered-By: Express[\r][\n]"
21:38:10.372 [ForkJoinPool-1-worker-1] DEBUG org.apache.http.wire - http-outgoing-11 << "Date: Tue, 15 Sep 2020 02:38:10 GMT[\r][\n]"
21:38:10.372 [ForkJoinPool-1-worker-1] DEBUG org.apache.http.wire - http-outgoing-11 << "Content-Length: 0[\r][\n]"
21:38:10.372 [ForkJoinPool-1-worker-1] DEBUG org.apache.http.wire - http-outgoing-11 << "Via: 1.1 vegur[\r][\n]"
21:38:10.372 [ForkJoinPool-1-worker-1] DEBUG org.apache.http.wire - http-outgoing-11 << "[\r][\n]"
21:38:10.372 [ForkJoinPool-1-worker-1] DEBUG org.apache.http.headers - http-outgoing-11 << HTTP/1.1 201 Created
21:38:10.372 [ForkJoinPool-1-worker-1] DEBUG org.apache.http.headers - http-outgoing-11 << Server: Cowboy
21:38:10.372 [ForkJoinPool-1-worker-1] DEBUG org.apache.http.headers - http-outgoing-11 << Connection: keep-alive
21:38:10.372 [ForkJoinPool-1-worker-1] DEBUG org.apache.http.headers - http-outgoing-11 << X-Powered-By: Express
21:38:10.372 [ForkJoinPool-1-worker-1] DEBUG org.apache.http.headers - http-outgoing-11 << Date: Tue, 15 Sep 2020 02:38:10 GMT
21:38:10.372 [ForkJoinPool-1-worker-1] DEBUG org.apache.http.headers - http-outgoing-11 << Content-Length: 0
21:38:10.372 [ForkJoinPool-1-worker-1] DEBUG org.apache.http.headers - http-outgoing-11 << Via: 1.1 vegur
21:38:10.372 [ForkJoinPool-1-worker-1] DEBUG org.apache.http.impl.execchain.MainClientExec - Connection can be kept alive indefinitely
21:38:10.372 [ForkJoinPool-1-worker-1] DEBUG org.apache.http.impl.conn.PoolingHttpClientConnectionManager - Connection [id: 11][route: {s}->https://nodejs-qa-training.herokuapp.com:443] can be kept alive indefinitely
21:38:10.373 [ForkJoinPool-1-worker-1] DEBUG org.apache.http.impl.conn.DefaultManagedHttpClientConnection - http-outgoing-11: set socket timeout to 0
21:38:10.373 [ForkJoinPool-1-worker-1] DEBUG org.apache.http.impl.conn.PoolingHttpClientConnectionManager - Connection released: [id: 11][route: {s}->https://nodejs-qa-training.herokuapp.com:443][total available: 1; route allocated: 1 of 5; total allocated: 1 of 10]
21:38:10.373 [ForkJoinPool-1-worker-1] DEBUG com.intuit.karate - response time in milliseconds: 602,11
1 < 201
1 < Connection: keep-alive
1 < Content-Length: 0
1 < Date: Tue, 15 Sep 2020 02:38:10 GMT
1 < Server: Cowboy
1 < Via: 1.1 vegur
1 < X-Powered-By: Express

21:38:10.373 [ForkJoinPool-1-worker-1] DEBUG com.jayway.jsonpath.internal.path.CompiledPath - Evaluating path: $
21:38:10.374 [ForkJoinPool-1-worker-1] DEBUG org.apache.http.client.protocol.RequestAddCookies - CookieSpec selected: karate
21:38:10.375 [ForkJoinPool-1-worker-1] DEBUG org.apache.http.client.protocol.RequestAuthCache - Auth cache not set in the context
21:38:10.375 [ForkJoinPool-1-worker-1] DEBUG com.intuit.karate - request:
2 > POST https://nodejs-qa-training.herokuapp.com/albums/57
2 > Accept-Encoding: gzip,deflate
2 > Authorization: eyJ0eXAiOiJKV1QiLCJhbGciOiJIUzI1NiJ9.eyJ1c2VySWQiOjE0Niwicm9sZSI6ImFkbWluIiwiaWF0IjoxNjAwMTM3NDg5LjQ3NiwiZXhwIjoxNjAwMTM5Mjg5LjQ3Nn0.Yy6GlaJSvDXS5zvR84pInkC6xrSkzPVoIXXx2qBVPQM
2 > Connection: Keep-Alive
2 > Content-Length: 2
2 > Content-Type: application/json; charset=UTF-8
2 > Host: nodejs-qa-training.herokuapp.com
2 > User-Agent: Apache-HttpClient/4.5.11 (Java/1.8.0_171)
{}

21:38:10.375 [ForkJoinPool-1-worker-1] DEBUG org.apache.http.impl.conn.PoolingHttpClientConnectionManager - Connection request: [route: {s}->https://nodejs-qa-training.herokuapp.com:443][total available: 0; route allocated: 0 of 5; total allocated: 0 of 10]
21:38:10.375 [ForkJoinPool-1-worker-1] DEBUG org.apache.http.impl.conn.PoolingHttpClientConnectionManager - Connection leased: [id: 14][route: {s}->https://nodejs-qa-training.herokuapp.com:443][total available: 0; route allocated: 1 of 5; total allocated: 1 of 10]
21:38:10.375 [ForkJoinPool-1-worker-1] DEBUG org.apache.http.impl.execchain.MainClientExec - Opening connection {s}->https://nodejs-qa-training.herokuapp.com:443
21:38:10.375 [ForkJoinPool-1-worker-1] DEBUG org.apache.http.impl.conn.DefaultHttpClientConnectionOperator - Connecting to nodejs-qa-training.herokuapp.com/52.20.101.119:443
21:38:10.375 [ForkJoinPool-1-worker-1] DEBUG org.apache.http.conn.ssl.SSLConnectionSocketFactory - Connecting socket to nodejs-qa-training.herokuapp.com/52.20.101.119:443 with timeout 30000
21:38:10.432 [ForkJoinPool-1-worker-2] DEBUG org.apache.http.conn.ssl.SSLConnectionSocketFactory - Enabled protocols: [TLSv1, TLSv1.1, TLSv1.2]
21:38:10.432 [ForkJoinPool-1-worker-2] DEBUG org.apache.http.conn.ssl.SSLConnectionSocketFactory - Enabled cipher suites:[TLS_ECDHE_ECDSA_WITH_AES_256_CBC_SHA384, TLS_ECDHE_RSA_WITH_AES_256_CBC_SHA384, TLS_RSA_WITH_AES_256_CBC_SHA256, TLS_ECDH_ECDSA_WITH_AES_256_CBC_SHA384, TLS_ECDH_RSA_WITH_AES_256_CBC_SHA384, TLS_DHE_RSA_WITH_AES_256_CBC_SHA256, TLS_DHE_DSS_WITH_AES_256_CBC_SHA256, TLS_ECDHE_ECDSA_WITH_AES_256_CBC_SHA, TLS_ECDHE_RSA_WITH_AES_256_CBC_SHA, TLS_RSA_WITH_AES_256_CBC_SHA, TLS_ECDH_ECDSA_WITH_AES_256_CBC_SHA, TLS_ECDH_RSA_WITH_AES_256_CBC_SHA, TLS_DHE_RSA_WITH_AES_256_CBC_SHA, TLS_DHE_DSS_WITH_AES_256_CBC_SHA, TLS_ECDHE_ECDSA_WITH_AES_128_CBC_SHA256, TLS_ECDHE_RSA_WITH_AES_128_CBC_SHA256, TLS_RSA_WITH_AES_128_CBC_SHA256, TLS_ECDH_ECDSA_WITH_AES_128_CBC_SHA256, TLS_ECDH_RSA_WITH_AES_128_CBC_SHA256, TLS_DHE_RSA_WITH_AES_128_CBC_SHA256, TLS_DHE_DSS_WITH_AES_128_CBC_SHA256, TLS_ECDHE_ECDSA_WITH_AES_128_CBC_SHA, TLS_ECDHE_RSA_WITH_AES_128_CBC_SHA, TLS_RSA_WITH_AES_128_CBC_SHA, TLS_ECDH_ECDSA_WITH_AES_128_CBC_SHA, TLS_ECDH_RSA_WITH_AES_128_CBC_SHA, TLS_DHE_RSA_WITH_AES_128_CBC_SHA, TLS_DHE_DSS_WITH_AES_128_CBC_SHA, TLS_ECDHE_ECDSA_WITH_AES_256_GCM_SHA384, TLS_ECDHE_ECDSA_WITH_AES_128_GCM_SHA256, TLS_ECDHE_RSA_WITH_AES_256_GCM_SHA384, TLS_RSA_WITH_AES_256_GCM_SHA384, TLS_ECDH_ECDSA_WITH_AES_256_GCM_SHA384, TLS_ECDH_RSA_WITH_AES_256_GCM_SHA384, TLS_DHE_RSA_WITH_AES_256_GCM_SHA384, TLS_DHE_DSS_WITH_AES_256_GCM_SHA384, TLS_ECDHE_RSA_WITH_AES_128_GCM_SHA256, TLS_RSA_WITH_AES_128_GCM_SHA256, TLS_ECDH_ECDSA_WITH_AES_128_GCM_SHA256, TLS_ECDH_RSA_WITH_AES_128_GCM_SHA256, TLS_DHE_RSA_WITH_AES_128_GCM_SHA256, TLS_DHE_DSS_WITH_AES_128_GCM_SHA256, TLS_EMPTY_RENEGOTIATION_INFO_SCSV]
21:38:10.432 [ForkJoinPool-1-worker-2] DEBUG org.apache.http.conn.ssl.SSLConnectionSocketFactory - Starting handshake
21:38:10.540 [ForkJoinPool-1-worker-1] DEBUG org.apache.http.conn.ssl.SSLConnectionSocketFactory - Enabled protocols: [TLSv1, TLSv1.1, TLSv1.2]
21:38:10.541 [ForkJoinPool-1-worker-3] DEBUG org.apache.http.wire - http-outgoing-12 << "HTTP/1.1 200 OK[\r][\n]"
21:38:10.541 [ForkJoinPool-1-worker-1] DEBUG org.apache.http.conn.ssl.SSLConnectionSocketFactory - Enabled cipher suites:[TLS_ECDHE_ECDSA_WITH_AES_256_CBC_SHA384, TLS_ECDHE_RSA_WITH_AES_256_CBC_SHA384, TLS_RSA_WITH_AES_256_CBC_SHA256, TLS_ECDH_ECDSA_WITH_AES_256_CBC_SHA384, TLS_ECDH_RSA_WITH_AES_256_CBC_SHA384, TLS_DHE_RSA_WITH_AES_256_CBC_SHA256, TLS_DHE_DSS_WITH_AES_256_CBC_SHA256, TLS_ECDHE_ECDSA_WITH_AES_256_CBC_SHA, TLS_ECDHE_RSA_WITH_AES_256_CBC_SHA, TLS_RSA_WITH_AES_256_CBC_SHA, TLS_ECDH_ECDSA_WITH_AES_256_CBC_SHA, TLS_ECDH_RSA_WITH_AES_256_CBC_SHA, TLS_DHE_RSA_WITH_AES_256_CBC_SHA, TLS_DHE_DSS_WITH_AES_256_CBC_SHA, TLS_ECDHE_ECDSA_WITH_AES_128_CBC_SHA256, TLS_ECDHE_RSA_WITH_AES_128_CBC_SHA256, TLS_RSA_WITH_AES_128_CBC_SHA256, TLS_ECDH_ECDSA_WITH_AES_128_CBC_SHA256, TLS_ECDH_RSA_WITH_AES_128_CBC_SHA256, TLS_DHE_RSA_WITH_AES_128_CBC_SHA256, TLS_DHE_DSS_WITH_AES_128_CBC_SHA256, TLS_ECDHE_ECDSA_WITH_AES_128_CBC_SHA, TLS_ECDHE_RSA_WITH_AES_128_CBC_SHA, TLS_RSA_WITH_AES_128_CBC_SHA, TLS_ECDH_ECDSA_WITH_AES_128_CBC_SHA, TLS_ECDH_RSA_WITH_AES_128_CBC_SHA, TLS_DHE_RSA_WITH_AES_128_CBC_SHA, TLS_DHE_DSS_WITH_AES_128_CBC_SHA, TLS_ECDHE_ECDSA_WITH_AES_256_GCM_SHA384, TLS_ECDHE_ECDSA_WITH_AES_128_GCM_SHA256, TLS_ECDHE_RSA_WITH_AES_256_GCM_SHA384, TLS_RSA_WITH_AES_256_GCM_SHA384, TLS_ECDH_ECDSA_WITH_AES_256_GCM_SHA384, TLS_ECDH_RSA_WITH_AES_256_GCM_SHA384, TLS_DHE_RSA_WITH_AES_256_GCM_SHA384, TLS_DHE_DSS_WITH_AES_256_GCM_SHA384, TLS_ECDHE_RSA_WITH_AES_128_GCM_SHA256, TLS_RSA_WITH_AES_128_GCM_SHA256, TLS_ECDH_ECDSA_WITH_AES_128_GCM_SHA256, TLS_ECDH_RSA_WITH_AES_128_GCM_SHA256, TLS_DHE_RSA_WITH_AES_128_GCM_SHA256, TLS_DHE_DSS_WITH_AES_128_GCM_SHA256, TLS_EMPTY_RENEGOTIATION_INFO_SCSV]
21:38:10.541 [ForkJoinPool-1-worker-3] DEBUG org.apache.http.wire - http-outgoing-12 << "Server: Cowboy[\r][\n]"
21:38:10.541 [ForkJoinPool-1-worker-3] DEBUG org.apache.http.wire - http-outgoing-12 << "Connection: keep-alive[\r][\n]"
21:38:10.541 [ForkJoinPool-1-worker-1] DEBUG org.apache.http.conn.ssl.SSLConnectionSocketFactory - Starting handshake
21:38:10.541 [ForkJoinPool-1-worker-3] DEBUG org.apache.http.wire - http-outgoing-12 << "X-Powered-By: Express[\r][\n]"
21:38:10.541 [ForkJoinPool-1-worker-3] DEBUG org.apache.http.wire - http-outgoing-12 << "Content-Type: application/json; charset=utf-8[\r][\n]"
21:38:10.541 [ForkJoinPool-1-worker-3] DEBUG org.apache.http.wire - http-outgoing-12 << "Content-Length: 7032[\r][\n]"
21:38:10.541 [ForkJoinPool-1-worker-3] DEBUG org.apache.http.wire - http-outgoing-12 << "Etag: W/"1b78-QLaE6RpZ5E8d2hLg+o5PqJk5Zw8"[\r][\n]"
21:38:10.541 [ForkJoinPool-1-worker-3] DEBUG org.apache.http.wire - http-outgoing-12 << "Date: Tue, 15 Sep 2020 02:38:10 GMT[\r][\n]"
21:38:10.541 [ForkJoinPool-1-worker-3] DEBUG org.apache.http.wire - http-outgoing-12 << "Via: 1.1 vegur[\r][\n]"
21:38:10.541 [ForkJoinPool-1-worker-3] DEBUG org.apache.http.wire - http-outgoing-12 << "[\r][\n]"
21:38:10.552 [ForkJoinPool-1-worker-3] DEBUG org.apache.http.wire - http-outgoing-12 << "[{"user_id":1,"id":1,"title":"quidem molestiae enim"},{"user_id":1,"id":2,"title":"sunt qui excepturi placeat culpa"},{"user_id":1,"id":3,"title":"omnis laborum odio"},{"user_id":1,"id":4,"title":"non esse culpa molestiae omnis sed optio"},{"user_id":1,"id":5,"title":"eaque aut omnis a"},{"user_id":1,"id":6,"title":"natus impedit quibusdam illo est"},{"user_id":1,"id":7,"title":"quibusdam autem aliquid et et quia"},{"user_id":1,"id":8,"title":"qui fuga est a eum"},{"user_id":1,"id":9,"title":"saepe unde necessitatibus rem"},{"user_id":1,"id":10,"title":"distinctio laborum qui"},{"user_id":2,"id":11,"title":"quam nostrum impedit mollitia quod et dolor"},{"user_id":2,"id":12,"title":"consequatur autem doloribus natus consectetur"},{"user_id":2,"id":13,"title":"ab rerum non rerum consequatur ut ea unde"},{"user_id":2,"id":14,"title":"ducimus molestias eos animi atque nihil"},{"user_id":2,"id":15,"title":"ut pariatur rerum ipsum natus repellendus praesentium"},{"user_id":2,"id":16,"title":"voluptatem aut maxime inventore autem magnam atque repellat"},{"user_id":2,"id":17,"title":"aut minima voluptatem ut velit"},{"user_id":2,"id":18,"title":"nesciunt quia et doloremque"},{"user_id":2,"id":19,"title":"velit pariatur quaerat similique libero omnis quia"},{"user_id":2,"id":20,"title":"voluptas rerum iure ut enim"},{"user_id":3,"id":21,"title":"repudiandae voluptatem optio est consequatur rem in temporibus et"},{"user_id":3,"id":22,"title":"et rem non provident vel ut"},{"user_id":3,"id":23,"title":"incidunt quisquam hic adipisci sequi"},{"user_id":3,"id":24,"title":"dolores ut et facere placeat"},{"user_id":3,"id":25,"title":"vero maxime id possimus sunt neque et consequatur"},{"user_id":3,"id":26,"title":"quibusdam saepe ipsa vel harum"},{"user_id":3,"id":27,"title":"id non nostrum expedita"},{"user_id":3,"id":28,"title":"omnis neque exercitationem sed dolor atque maxime aut cum"},{"user_id":3,"id":29,"title":"inventore ut quasi magnam itaque est fugit"},{"user_id":3,"id":30,"title":"tempora assumenda et similique odit distinctio error"},{"user_id":4,"id":31,"title":"adipisci laborum fuga laboriosam"},{"user_id":4,"id":32,"title":"reiciendis dolores a ut qui debitis non quo labore"},{"user_id":4,"id":33,"title":"iste eos nostrum"},{"user_id":4,"id":34,"title":"cumque voluptatibus rerum architecto blanditiis"},{"user_id":4,"id":35,"title":"et impedit nisi quae magni necessitatibus sed aut pariatur"},{"user_id":4,"id":36,"title":"nihil cupiditate voluptate neque"},{"user_id":4,"id":37,"title":"est placeat dicta ut nisi rerum iste"},{"user_id":4,"id":38,"title":"unde a sequi id"},{"user_id":4,"id":39,"title":"ratione porro illum labore eum aperiam sed"},{"user_id":4,"id":40,"title":"voluptas neque et sint aut quo odit"},{"user_id":5,"id":41,"title":"ea voluptates maiores eos accusantium officiis tempore mollitia consequatur"},{"user_id":5,"id":42,"title":"tenetur explicabo ea"},{"user_id":5,"id":43,"title":"aperiam doloremque nihil"},{"user_id":5,"id":44,"title":"sapiente cum numquam officia consequatur vel natus quos suscipit"},{"user_id":5,"id":45,"title":"tenetur quos ea unde est enim corrupti qui"},{"user_id":5,"id":46,"title":"molestiae voluptate non"},{"user_id":5,"id":47,"title":"temporibus molestiae aut"},{"user_id":5,"id":48,"title":"modi consequatur culpa aut quam soluta alias perspiciatis laudantium"},{"user_id":5,"id":49,"title":"ut aut vero repudiandae voluptas ullam voluptas at consequatur"},{"user_id":5,"id":50,"title":"sed qui sed quas sit ducimus dolor"},{"user_id":6,"id":51,"title":"odit laboriosam sint quia cupiditate animi quis"},{"user_id":6,"id":52,"title":"necessitatibus quas et sunt at voluptatem"},{"user_id":6,"id":53,"title":"est vel sequi voluptatem nemo quam molestiae modi enim"},{"user_id":6,"id":54,"title":"aut non illo amet perferendis"},{"user_id":6,"id":55,"title":"qui culpa itaque omnis in nesciunt architecto error"},{"user_id":6,"id":56,"title":"omnis qui maiores tempora officiis omnis rerum sed repellat"},{"user_id":6,"id":57,"title":"libero excepturi voluptatem est architecto quae voluptatum officia tempora"},{"user_id":6,"id":58,"title":"nulla illo consequatur aspernatur veritatis aut error delectus et"},{"user_id":6,"id":59,"title":"eligendi similique provident nihil"},{"user_id":6,"id":60,"title":"omnis mollitia sunt aliquid eum consequatur fugit minus laudantium"},{"user_id":7,"id":61,"title":"delectus iusto et"},{"user_id":7,"id":62,"title":"eos ea non recusandae iste ut quasi"},{"user_id":7,"id":63,"title":"velit est quam"},{"user_id":7,"id":64,"title":"autem voluptatem amet iure quae"},{"user_id":7,"id":65,"title":"voluptates delectus iure iste qui"},{"user_id":7,"id":66,"title":"velit sed quia dolor dolores delectus"},{"user_id":7,"id":67,"title":"ad voluptas nostrum et nihil"},{"user_id":7,"id":68,"title":"qui quasi nihil aut voluptatum sit dolore minima"},{"user_id":7,"id":69,"title":"qui aut est"},{"user_id":7,"id":70,"title":"et deleniti unde"},{"user_id":8,"id":71,"title":"et vel corporis"},{"user_id":8,"id":72,"title":"unde exercitationem ut"},{"user_id":8,"id":73,"title":"quos omnis officia"},{"user_id":8,"id":74,"title":"quia est eius vitae dolor"},{"user_id":8,"id":75,"title":"aut quia expedita non"},{"user_id":8,"id":76,"title":"dolorem magnam facere itaque ut reprehenderit tenetur corrupti"},{"user_id":8,"id":77,"title":"cupiditate sapiente maiores iusto ducimus cum excepturi veritatis quia"},{"user_id":8,"id":78,"title":"est minima eius possimus ea ratione velit et"},{"user_id":8,"id":79,"title":"ipsa quae voluptas natus ut suscipit soluta quia quidem"},{"user_id":8,"id":80,"title":"id nihil reprehenderit"},{"user_id":9,"id":81,"title":"quibusdam sapiente et"},{"user_id":9,"id":82,"title":"recusandae consequatur vel amet unde"},{"user_id":9,"id":83,"title":"aperiam odio fugiat"},{"user_id":9,"id":84,"title":"est et at eos expedita"},{"user_id":9,"id":85,"title":"qui voluptatem consequatur aut ab quis temporibus praesentium"},{"user_id":9,"id":86,"title":"eligendi mollitia alias aspernatur vel ut iusto"},{"user_id":9,"id":87,"title":"aut aut architecto"},{"user_id":9,"id":88,"title":"quas perspiciatis optio"},{"user_id":9,"id":89,"title":"sit optio id voluptatem est eum et"},{"user_id":9,"id":90,"title":"est vel dignissimos"},{"user_id":10,"id":91,"title":"repellendus praesentium debitis officiis"},{"user_id":10,"id":92,"title":"incidunt et et eligendi assumenda soluta quia recusandae"},{"user_id":10,"id":93,"title":"nisi qui dolores perspiciatis"},{"user_id":10,"id":94,"title":"quisquam a dolores et earum vitae"},{"user_id":10,"id":95,"title":"consectetur vel rerum qui aperiam modi eos aspernatur ipsa"},{"user_id":10,"id":96,"title":"unde et ut molestiae est molestias voluptatem sint"},{"user_id":10,"id":97,"title":"est quod aut"},{"user_id":10,"id":98,"title":"omnis quia possimus nesciunt deleniti assumenda sed autem"},{"user_id":10,"id":99,"title":"consectetur ut id impedit dolores sit ad ex aut"},{"user_id":10,"id":100,"title":"enim repellat iste"}]"
21:38:10.553 [ForkJoinPool-1-worker-3] DEBUG org.apache.http.headers - http-outgoing-12 << HTTP/1.1 200 OK
21:38:10.553 [ForkJoinPool-1-worker-3] DEBUG org.apache.http.headers - http-outgoing-12 << Server: Cowboy
21:38:10.553 [ForkJoinPool-1-worker-3] DEBUG org.apache.http.headers - http-outgoing-12 << Connection: keep-alive
21:38:10.553 [ForkJoinPool-1-worker-3] DEBUG org.apache.http.headers - http-outgoing-12 << X-Powered-By: Express
21:38:10.553 [ForkJoinPool-1-worker-3] DEBUG org.apache.http.headers - http-outgoing-12 << Content-Type: application/json; charset=utf-8
21:38:10.553 [ForkJoinPool-1-worker-3] DEBUG org.apache.http.headers - http-outgoing-12 << Content-Length: 7032
21:38:10.553 [ForkJoinPool-1-worker-3] DEBUG org.apache.http.headers - http-outgoing-12 << Etag: W/"1b78-QLaE6RpZ5E8d2hLg+o5PqJk5Zw8"
21:38:10.553 [ForkJoinPool-1-worker-3] DEBUG org.apache.http.headers - http-outgoing-12 << Date: Tue, 15 Sep 2020 02:38:10 GMT
21:38:10.553 [ForkJoinPool-1-worker-3] DEBUG org.apache.http.headers - http-outgoing-12 << Via: 1.1 vegur
21:38:10.553 [ForkJoinPool-1-worker-3] DEBUG org.apache.http.impl.execchain.MainClientExec - Connection can be kept alive indefinitely
21:38:10.554 [ForkJoinPool-1-worker-3] DEBUG org.apache.http.impl.conn.PoolingHttpClientConnectionManager - Connection [id: 12][route: {s}->https://nodejs-qa-training.herokuapp.com:443] can be kept alive indefinitely
21:38:10.554 [ForkJoinPool-1-worker-3] DEBUG org.apache.http.impl.conn.DefaultManagedHttpClientConnection - http-outgoing-12: set socket timeout to 0
21:38:10.554 [ForkJoinPool-1-worker-3] DEBUG org.apache.http.impl.conn.PoolingHttpClientConnectionManager - Connection released: [id: 12][route: {s}->https://nodejs-qa-training.herokuapp.com:443][total available: 1; route allocated: 1 of 5; total allocated: 1 of 10]
21:38:10.555 [ForkJoinPool-1-worker-3] DEBUG com.intuit.karate - response time in milliseconds: 589,49
1 < 200
1 < Connection: keep-alive
1 < Content-Length: 7032
1 < Content-Type: application/json; charset=utf-8
1 < Date: Tue, 15 Sep 2020 02:38:10 GMT
1 < Etag: W/"1b78-QLaE6RpZ5E8d2hLg+o5PqJk5Zw8"
1 < Server: Cowboy
1 < Via: 1.1 vegur
1 < X-Powered-By: Express
[{"user_id":1,"id":1,"title":"quidem molestiae enim"},{"user_id":1,"id":2,"title":"sunt qui excepturi placeat culpa"},{"user_id":1,"id":3,"title":"omnis laborum odio"},{"user_id":1,"id":4,"title":"non esse culpa molestiae omnis sed optio"},{"user_id":1,"id":5,"title":"eaque aut omnis a"},{"user_id":1,"id":6,"title":"natus impedit quibusdam illo est"},{"user_id":1,"id":7,"title":"quibusdam autem aliquid et et quia"},{"user_id":1,"id":8,"title":"qui fuga est a eum"},{"user_id":1,"id":9,"title":"saepe unde necessitatibus rem"},{"user_id":1,"id":10,"title":"distinctio laborum qui"},{"user_id":2,"id":11,"title":"quam nostrum impedit mollitia quod et dolor"},{"user_id":2,"id":12,"title":"consequatur autem doloribus natus consectetur"},{"user_id":2,"id":13,"title":"ab rerum non rerum consequatur ut ea unde"},{"user_id":2,"id":14,"title":"ducimus molestias eos animi atque nihil"},{"user_id":2,"id":15,"title":"ut pariatur rerum ipsum natus repellendus praesentium"},{"user_id":2,"id":16,"title":"voluptatem aut maxime inventore autem magnam atque repellat"},{"user_id":2,"id":17,"title":"aut minima voluptatem ut velit"},{"user_id":2,"id":18,"title":"nesciunt quia et doloremque"},{"user_id":2,"id":19,"title":"velit pariatur quaerat similique libero omnis quia"},{"user_id":2,"id":20,"title":"voluptas rerum iure ut enim"},{"user_id":3,"id":21,"title":"repudiandae voluptatem optio est consequatur rem in temporibus et"},{"user_id":3,"id":22,"title":"et rem non provident vel ut"},{"user_id":3,"id":23,"title":"incidunt quisquam hic adipisci sequi"},{"user_id":3,"id":24,"title":"dolores ut et facere placeat"},{"user_id":3,"id":25,"title":"vero maxime id possimus sunt neque et consequatur"},{"user_id":3,"id":26,"title":"quibusdam saepe ipsa vel harum"},{"user_id":3,"id":27,"title":"id non nostrum expedita"},{"user_id":3,"id":28,"title":"omnis neque exercitationem sed dolor atque maxime aut cum"},{"user_id":3,"id":29,"title":"inventore ut quasi magnam itaque est fugit"},{"user_id":3,"id":30,"title":"tempora assumenda et similique odit distinctio error"},{"user_id":4,"id":31,"title":"adipisci laborum fuga laboriosam"},{"user_id":4,"id":32,"title":"reiciendis dolores a ut qui debitis non quo labore"},{"user_id":4,"id":33,"title":"iste eos nostrum"},{"user_id":4,"id":34,"title":"cumque voluptatibus rerum architecto blanditiis"},{"user_id":4,"id":35,"title":"et impedit nisi quae magni necessitatibus sed aut pariatur"},{"user_id":4,"id":36,"title":"nihil cupiditate voluptate neque"},{"user_id":4,"id":37,"title":"est placeat dicta ut nisi rerum iste"},{"user_id":4,"id":38,"title":"unde a sequi id"},{"user_id":4,"id":39,"title":"ratione porro illum labore eum aperiam sed"},{"user_id":4,"id":40,"title":"voluptas neque et sint aut quo odit"},{"user_id":5,"id":41,"title":"ea voluptates maiores eos accusantium officiis tempore mollitia consequatur"},{"user_id":5,"id":42,"title":"tenetur explicabo ea"},{"user_id":5,"id":43,"title":"aperiam doloremque nihil"},{"user_id":5,"id":44,"title":"sapiente cum numquam officia consequatur vel natus quos suscipit"},{"user_id":5,"id":45,"title":"tenetur quos ea unde est enim corrupti qui"},{"user_id":5,"id":46,"title":"molestiae voluptate non"},{"user_id":5,"id":47,"title":"temporibus molestiae aut"},{"user_id":5,"id":48,"title":"modi consequatur culpa aut quam soluta alias perspiciatis laudantium"},{"user_id":5,"id":49,"title":"ut aut vero repudiandae voluptas ullam voluptas at consequatur"},{"user_id":5,"id":50,"title":"sed qui sed quas sit ducimus dolor"},{"user_id":6,"id":51,"title":"odit laboriosam sint quia cupiditate animi quis"},{"user_id":6,"id":52,"title":"necessitatibus quas et sunt at voluptatem"},{"user_id":6,"id":53,"title":"est vel sequi voluptatem nemo quam molestiae modi enim"},{"user_id":6,"id":54,"title":"aut non illo amet perferendis"},{"user_id":6,"id":55,"title":"qui culpa itaque omnis in nesciunt architecto error"},{"user_id":6,"id":56,"title":"omnis qui maiores tempora officiis omnis rerum sed repellat"},{"user_id":6,"id":57,"title":"libero excepturi voluptatem est architecto quae voluptatum officia tempora"},{"user_id":6,"id":58,"title":"nulla illo consequatur aspernatur veritatis aut error delectus et"},{"user_id":6,"id":59,"title":"eligendi similique provident nihil"},{"user_id":6,"id":60,"title":"omnis mollitia sunt aliquid eum consequatur fugit minus laudantium"},{"user_id":7,"id":61,"title":"delectus iusto et"},{"user_id":7,"id":62,"title":"eos ea non recusandae iste ut quasi"},{"user_id":7,"id":63,"title":"velit est quam"},{"user_id":7,"id":64,"title":"autem voluptatem amet iure quae"},{"user_id":7,"id":65,"title":"voluptates delectus iure iste qui"},{"user_id":7,"id":66,"title":"velit sed quia dolor dolores delectus"},{"user_id":7,"id":67,"title":"ad voluptas nostrum et nihil"},{"user_id":7,"id":68,"title":"qui quasi nihil aut voluptatum sit dolore minima"},{"user_id":7,"id":69,"title":"qui aut est"},{"user_id":7,"id":70,"title":"et deleniti unde"},{"user_id":8,"id":71,"title":"et vel corporis"},{"user_id":8,"id":72,"title":"unde exercitationem ut"},{"user_id":8,"id":73,"title":"quos omnis officia"},{"user_id":8,"id":74,"title":"quia est eius vitae dolor"},{"user_id":8,"id":75,"title":"aut quia expedita non"},{"user_id":8,"id":76,"title":"dolorem magnam facere itaque ut reprehenderit tenetur corrupti"},{"user_id":8,"id":77,"title":"cupiditate sapiente maiores iusto ducimus cum excepturi veritatis quia"},{"user_id":8,"id":78,"title":"est minima eius possimus ea ratione velit et"},{"user_id":8,"id":79,"title":"ipsa quae voluptas natus ut suscipit soluta quia quidem"},{"user_id":8,"id":80,"title":"id nihil reprehenderit"},{"user_id":9,"id":81,"title":"quibusdam sapiente et"},{"user_id":9,"id":82,"title":"recusandae consequatur vel amet unde"},{"user_id":9,"id":83,"title":"aperiam odio fugiat"},{"user_id":9,"id":84,"title":"est et at eos expedita"},{"user_id":9,"id":85,"title":"qui voluptatem consequatur aut ab quis temporibus praesentium"},{"user_id":9,"id":86,"title":"eligendi mollitia alias aspernatur vel ut iusto"},{"user_id":9,"id":87,"title":"aut aut architecto"},{"user_id":9,"id":88,"title":"quas perspiciatis optio"},{"user_id":9,"id":89,"title":"sit optio id voluptatem est eum et"},{"user_id":9,"id":90,"title":"est vel dignissimos"},{"user_id":10,"id":91,"title":"repellendus praesentium debitis officiis"},{"user_id":10,"id":92,"title":"incidunt et et eligendi assumenda soluta quia recusandae"},{"user_id":10,"id":93,"title":"nisi qui dolores perspiciatis"},{"user_id":10,"id":94,"title":"quisquam a dolores et earum vitae"},{"user_id":10,"id":95,"title":"consectetur vel rerum qui aperiam modi eos aspernatur ipsa"},{"user_id":10,"id":96,"title":"unde et ut molestiae est molestias voluptatem sint"},{"user_id":10,"id":97,"title":"est quod aut"},{"user_id":10,"id":98,"title":"omnis quia possimus nesciunt deleniti assumenda sed autem"},{"user_id":10,"id":99,"title":"consectetur ut id impedit dolores sit ad ex aut"},{"user_id":10,"id":100,"title":"enim repellat iste"}]

21:38:10.615 [Finalizer] DEBUG org.apache.http.impl.conn.PoolingHttpClientConnectionManager - Connection manager is shutting down
21:38:10.615 [Finalizer] DEBUG org.apache.http.impl.conn.DefaultManagedHttpClientConnection - http-outgoing-10: Close connection
21:38:10.615 [ForkJoinPool-1-worker-3] DEBUG com.jayway.jsonpath.internal.path.CompiledPath - Evaluating path: $
21:38:10.616 [ForkJoinPool-1-worker-3] DEBUG com.jayway.jsonpath.internal.path.CompiledPath - Evaluating path: $
21:38:10.616 [Finalizer] DEBUG org.apache.http.impl.conn.PoolingHttpClientConnectionManager - Connection manager shut down
21:38:10.617 [Finalizer] DEBUG org.apache.http.impl.conn.PoolingHttpClientConnectionManager - Connection manager is shutting down
21:38:10.617 [Finalizer] DEBUG org.apache.http.impl.conn.DefaultManagedHttpClientConnection - http-outgoing-11: Close connection
21:38:10.617 [ForkJoinPool-1-worker-3] DEBUG com.jayway.jsonpath.internal.path.CompiledPath - Evaluating path: $
21:38:10.618 [Finalizer] DEBUG org.apache.http.impl.conn.PoolingHttpClientConnectionManager - Connection manager shut down
21:38:10.618 [Finalizer] DEBUG org.apache.http.impl.conn.PoolingHttpClientConnectionManager - Connection manager is shutting down
21:38:10.618 [Finalizer] DEBUG org.apache.http.impl.conn.DefaultManagedHttpClientConnection - http-outgoing-12: Close connection
21:38:10.620 [Finalizer] DEBUG org.apache.http.impl.conn.PoolingHttpClientConnectionManager - Connection manager shut down
21:38:10.621 [Finalizer] DEBUG org.apache.http.impl.conn.PoolingHttpClientConnectionManager - Connection manager is shutting down
21:38:10.622 [Finalizer] DEBUG org.apache.http.impl.conn.DefaultManagedHttpClientConnection - http-outgoing-3: Close connection
21:38:10.624 [Finalizer] DEBUG org.apache.http.impl.conn.PoolingHttpClientConnectionManager - Connection manager shut down
21:38:10.624 [Finalizer] DEBUG org.apache.http.impl.conn.PoolingHttpClientConnectionManager - Connection manager is shutting down
21:38:10.624 [Finalizer] DEBUG org.apache.http.impl.conn.DefaultManagedHttpClientConnection - http-outgoing-4: Close connection
21:38:10.625 [Finalizer] DEBUG org.apache.http.impl.conn.PoolingHttpClientConnectionManager - Connection manager shut down
21:38:10.625 [Finalizer] DEBUG org.apache.http.impl.conn.PoolingHttpClientConnectionManager - Connection manager is shutting down
21:38:10.625 [Finalizer] DEBUG org.apache.http.impl.conn.DefaultManagedHttpClientConnection - http-outgoing-6: Close connection
21:38:10.629 [Finalizer] DEBUG org.apache.http.impl.conn.PoolingHttpClientConnectionManager - Connection manager shut down
21:38:10.629 [Finalizer] DEBUG org.apache.http.impl.conn.PoolingHttpClientConnectionManager - Connection manager is shutting down
21:38:10.630 [Finalizer] DEBUG org.apache.http.impl.conn.DefaultManagedHttpClientConnection - http-outgoing-7: Close connection
21:38:10.630 [Finalizer] DEBUG org.apache.http.impl.conn.PoolingHttpClientConnectionManager - Connection manager shut down
21:38:10.631 [Finalizer] DEBUG org.apache.http.impl.conn.PoolingHttpClientConnectionManager - Connection manager is shutting down
21:38:10.631 [Finalizer] DEBUG org.apache.http.impl.conn.DefaultManagedHttpClientConnection - http-outgoing-8: Close connection
21:38:10.632 [Finalizer] DEBUG org.apache.http.impl.conn.PoolingHttpClientConnectionManager - Connection manager shut down
21:38:10.636 [Finalizer] DEBUG org.apache.http.impl.conn.PoolingHttpClientConnectionManager - Connection manager is shutting down
21:38:10.636 [Finalizer] DEBUG org.apache.http.impl.conn.DefaultManagedHttpClientConnection - http-outgoing-9: Close connection
21:38:10.636 [Finalizer] DEBUG org.apache.http.impl.conn.PoolingHttpClientConnectionManager - Connection manager shut down
21:38:10.637 [Finalizer] DEBUG org.apache.http.impl.conn.PoolingHttpClientConnectionManager - Connection manager is shutting down
21:38:10.637 [Finalizer] DEBUG org.apache.http.impl.conn.DefaultManagedHttpClientConnection - http-outgoing-5: Close connection
21:38:10.638 [Finalizer] DEBUG org.apache.http.impl.conn.PoolingHttpClientConnectionManager - Connection manager shut down
21:38:10.647 [ForkJoinPool-1-worker-3] DEBUG com.jayway.jsonpath.internal.path.CompiledPath - Evaluating path: $
21:38:10.649 [ForkJoinPool-1-worker-3] INFO com.intuit.karate - [print] 258
21:38:10.655 [ForkJoinPool-1-worker-3] DEBUG org.apache.http.client.protocol.RequestAddCookies - CookieSpec selected: karate
21:38:10.655 [ForkJoinPool-1-worker-3] DEBUG org.apache.http.client.protocol.RequestAuthCache - Auth cache not set in the context
21:38:10.655 [ForkJoinPool-1-worker-3] DEBUG com.intuit.karate - request:
1 > GET https://nodejs-qa-training.herokuapp.com/users/258/albums
1 > Accept-Encoding: gzip,deflate
1 > Authorization: eyJ0eXAiOiJKV1QiLCJhbGciOiJIUzI1NiJ9.eyJ1c2VySWQiOjI1OCwicm9sZSI6InJlZ3VsYXIiLCJpYXQiOjE2MDAxMzc0OTAuMzU0LCJleHAiOjE2MDAxMzkyOTAuMzU0fQ.v2yaaBlitrSD38t-m1v9159bdvFHgDNzyTGYVFoT1KM
1 > Connection: Keep-Alive
1 > Content-Type: application/json
1 > Host: nodejs-qa-training.herokuapp.com
1 > User-Agent: Apache-HttpClient/4.5.11 (Java/1.8.0_171)

21:38:10.655 [ForkJoinPool-1-worker-3] DEBUG org.apache.http.impl.conn.PoolingHttpClientConnectionManager - Connection request: [route: {s}->https://nodejs-qa-training.herokuapp.com:443][total available: 0; route allocated: 0 of 5; total allocated: 0 of 10]
21:38:10.655 [ForkJoinPool-1-worker-3] DEBUG org.apache.http.impl.conn.PoolingHttpClientConnectionManager - Connection leased: [id: 15][route: {s}->https://nodejs-qa-training.herokuapp.com:443][total available: 0; route allocated: 1 of 5; total allocated: 1 of 10]
21:38:10.655 [ForkJoinPool-1-worker-3] DEBUG org.apache.http.impl.execchain.MainClientExec - Opening connection {s}->https://nodejs-qa-training.herokuapp.com:443
21:38:10.655 [ForkJoinPool-1-worker-3] DEBUG org.apache.http.impl.conn.DefaultHttpClientConnectionOperator - Connecting to nodejs-qa-training.herokuapp.com/52.20.101.119:443
21:38:10.655 [ForkJoinPool-1-worker-3] DEBUG org.apache.http.conn.ssl.SSLConnectionSocketFactory - Connecting socket to nodejs-qa-training.herokuapp.com/52.20.101.119:443 with timeout 30000
21:38:10.707 [ForkJoinPool-1-worker-2] DEBUG org.apache.http.conn.ssl.SSLConnectionSocketFactory - Secure session established
21:38:10.707 [ForkJoinPool-1-worker-2] DEBUG org.apache.http.conn.ssl.SSLConnectionSocketFactory -  negotiated protocol: TLSv1.2
21:38:10.707 [ForkJoinPool-1-worker-2] DEBUG org.apache.http.conn.ssl.SSLConnectionSocketFactory -  negotiated cipher suite: TLS_ECDHE_RSA_WITH_AES_128_GCM_SHA256
21:38:10.707 [ForkJoinPool-1-worker-2] DEBUG org.apache.http.conn.ssl.SSLConnectionSocketFactory -  peer principal: CN=*.herokuapp.com, O="Heroku, Inc.", L=San Francisco, ST=California, C=US
21:38:10.707 [ForkJoinPool-1-worker-2] DEBUG org.apache.http.conn.ssl.SSLConnectionSocketFactory -  peer alternative names: [*.herokuapp.com, herokuapp.com]
21:38:10.707 [ForkJoinPool-1-worker-2] DEBUG org.apache.http.conn.ssl.SSLConnectionSocketFactory -  issuer principal: CN=DigiCert SHA2 High Assurance Server CA, OU=www.digicert.com, O=DigiCert Inc, C=US
21:38:10.707 [ForkJoinPool-1-worker-2] DEBUG org.apache.http.impl.conn.DefaultHttpClientConnectionOperator - Connection established 192.168.1.7:51354<->52.20.101.119:443
21:38:10.707 [ForkJoinPool-1-worker-2] DEBUG org.apache.http.impl.conn.DefaultManagedHttpClientConnection - http-outgoing-13: set socket timeout to 30000
21:38:10.707 [ForkJoinPool-1-worker-2] DEBUG org.apache.http.impl.execchain.MainClientExec - Executing request POST /albums/11 HTTP/1.1
21:38:10.707 [ForkJoinPool-1-worker-2] DEBUG org.apache.http.impl.execchain.MainClientExec - Proxy auth state: UNCHALLENGED
21:38:10.707 [ForkJoinPool-1-worker-2] DEBUG org.apache.http.headers - http-outgoing-13 >> POST /albums/11 HTTP/1.1
21:38:10.707 [ForkJoinPool-1-worker-2] DEBUG org.apache.http.headers - http-outgoing-13 >> Content-Type: application/json; charset=UTF-8
21:38:10.707 [ForkJoinPool-1-worker-2] DEBUG org.apache.http.headers - http-outgoing-13 >> Authorization: eyJ0eXAiOiJKV1QiLCJhbGciOiJIUzI1NiJ9.eyJ1c2VySWQiOjI1OCwicm9sZSI6InJlZ3VsYXIiLCJpYXQiOjE2MDAxMzc0ODkuOTg4LCJleHAiOjE2MDAxMzkyODkuOTg4fQ.r1Mjrs5j23dnlnR7usOlmxKo4o9qBoqg_J0fe8PLag8
21:38:10.707 [ForkJoinPool-1-worker-2] DEBUG org.apache.http.headers - http-outgoing-13 >> Content-Length: 2
21:38:10.707 [ForkJoinPool-1-worker-2] DEBUG org.apache.http.headers - http-outgoing-13 >> Host: nodejs-qa-training.herokuapp.com
21:38:10.707 [ForkJoinPool-1-worker-2] DEBUG org.apache.http.headers - http-outgoing-13 >> Connection: Keep-Alive
21:38:10.707 [ForkJoinPool-1-worker-2] DEBUG org.apache.http.headers - http-outgoing-13 >> User-Agent: Apache-HttpClient/4.5.11 (Java/1.8.0_171)
21:38:10.707 [ForkJoinPool-1-worker-2] DEBUG org.apache.http.headers - http-outgoing-13 >> Accept-Encoding: gzip,deflate
21:38:10.707 [ForkJoinPool-1-worker-2] DEBUG org.apache.http.wire - http-outgoing-13 >> "POST /albums/11 HTTP/1.1[\r][\n]"
21:38:10.707 [ForkJoinPool-1-worker-2] DEBUG org.apache.http.wire - http-outgoing-13 >> "Content-Type: application/json; charset=UTF-8[\r][\n]"
21:38:10.707 [ForkJoinPool-1-worker-2] DEBUG org.apache.http.wire - http-outgoing-13 >> "Authorization: eyJ0eXAiOiJKV1QiLCJhbGciOiJIUzI1NiJ9.eyJ1c2VySWQiOjI1OCwicm9sZSI6InJlZ3VsYXIiLCJpYXQiOjE2MDAxMzc0ODkuOTg4LCJleHAiOjE2MDAxMzkyODkuOTg4fQ.r1Mjrs5j23dnlnR7usOlmxKo4o9qBoqg_J0fe8PLag8[\r][\n]"
21:38:10.707 [ForkJoinPool-1-worker-2] DEBUG org.apache.http.wire - http-outgoing-13 >> "Content-Length: 2[\r][\n]"
21:38:10.707 [ForkJoinPool-1-worker-2] DEBUG org.apache.http.wire - http-outgoing-13 >> "Host: nodejs-qa-training.herokuapp.com[\r][\n]"
21:38:10.707 [ForkJoinPool-1-worker-2] DEBUG org.apache.http.wire - http-outgoing-13 >> "Connection: Keep-Alive[\r][\n]"
21:38:10.707 [ForkJoinPool-1-worker-2] DEBUG org.apache.http.wire - http-outgoing-13 >> "User-Agent: Apache-HttpClient/4.5.11 (Java/1.8.0_171)[\r][\n]"
21:38:10.707 [ForkJoinPool-1-worker-2] DEBUG org.apache.http.wire - http-outgoing-13 >> "Accept-Encoding: gzip,deflate[\r][\n]"
21:38:10.707 [ForkJoinPool-1-worker-2] DEBUG org.apache.http.wire - http-outgoing-13 >> "[\r][\n]"
21:38:10.707 [ForkJoinPool-1-worker-2] DEBUG org.apache.http.wire - http-outgoing-13 >> "{}"
21:38:10.752 [ForkJoinPool-1-worker-3] DEBUG org.apache.http.conn.ssl.SSLConnectionSocketFactory - Enabled protocols: [TLSv1, TLSv1.1, TLSv1.2]
21:38:10.752 [ForkJoinPool-1-worker-3] DEBUG org.apache.http.conn.ssl.SSLConnectionSocketFactory - Enabled cipher suites:[TLS_ECDHE_ECDSA_WITH_AES_256_CBC_SHA384, TLS_ECDHE_RSA_WITH_AES_256_CBC_SHA384, TLS_RSA_WITH_AES_256_CBC_SHA256, TLS_ECDH_ECDSA_WITH_AES_256_CBC_SHA384, TLS_ECDH_RSA_WITH_AES_256_CBC_SHA384, TLS_DHE_RSA_WITH_AES_256_CBC_SHA256, TLS_DHE_DSS_WITH_AES_256_CBC_SHA256, TLS_ECDHE_ECDSA_WITH_AES_256_CBC_SHA, TLS_ECDHE_RSA_WITH_AES_256_CBC_SHA, TLS_RSA_WITH_AES_256_CBC_SHA, TLS_ECDH_ECDSA_WITH_AES_256_CBC_SHA, TLS_ECDH_RSA_WITH_AES_256_CBC_SHA, TLS_DHE_RSA_WITH_AES_256_CBC_SHA, TLS_DHE_DSS_WITH_AES_256_CBC_SHA, TLS_ECDHE_ECDSA_WITH_AES_128_CBC_SHA256, TLS_ECDHE_RSA_WITH_AES_128_CBC_SHA256, TLS_RSA_WITH_AES_128_CBC_SHA256, TLS_ECDH_ECDSA_WITH_AES_128_CBC_SHA256, TLS_ECDH_RSA_WITH_AES_128_CBC_SHA256, TLS_DHE_RSA_WITH_AES_128_CBC_SHA256, TLS_DHE_DSS_WITH_AES_128_CBC_SHA256, TLS_ECDHE_ECDSA_WITH_AES_128_CBC_SHA, TLS_ECDHE_RSA_WITH_AES_128_CBC_SHA, TLS_RSA_WITH_AES_128_CBC_SHA, TLS_ECDH_ECDSA_WITH_AES_128_CBC_SHA, TLS_ECDH_RSA_WITH_AES_128_CBC_SHA, TLS_DHE_RSA_WITH_AES_128_CBC_SHA, TLS_DHE_DSS_WITH_AES_128_CBC_SHA, TLS_ECDHE_ECDSA_WITH_AES_256_GCM_SHA384, TLS_ECDHE_ECDSA_WITH_AES_128_GCM_SHA256, TLS_ECDHE_RSA_WITH_AES_256_GCM_SHA384, TLS_RSA_WITH_AES_256_GCM_SHA384, TLS_ECDH_ECDSA_WITH_AES_256_GCM_SHA384, TLS_ECDH_RSA_WITH_AES_256_GCM_SHA384, TLS_DHE_RSA_WITH_AES_256_GCM_SHA384, TLS_DHE_DSS_WITH_AES_256_GCM_SHA384, TLS_ECDHE_RSA_WITH_AES_128_GCM_SHA256, TLS_RSA_WITH_AES_128_GCM_SHA256, TLS_ECDH_ECDSA_WITH_AES_128_GCM_SHA256, TLS_ECDH_RSA_WITH_AES_128_GCM_SHA256, TLS_DHE_RSA_WITH_AES_128_GCM_SHA256, TLS_DHE_DSS_WITH_AES_128_GCM_SHA256, TLS_EMPTY_RENEGOTIATION_INFO_SCSV]
21:38:10.752 [ForkJoinPool-1-worker-3] DEBUG org.apache.http.conn.ssl.SSLConnectionSocketFactory - Starting handshake
21:38:10.845 [ForkJoinPool-1-worker-1] DEBUG org.apache.http.conn.ssl.SSLConnectionSocketFactory - Secure session established
21:38:10.846 [ForkJoinPool-1-worker-1] DEBUG org.apache.http.conn.ssl.SSLConnectionSocketFactory -  negotiated protocol: TLSv1.2
21:38:10.846 [ForkJoinPool-1-worker-1] DEBUG org.apache.http.conn.ssl.SSLConnectionSocketFactory -  negotiated cipher suite: TLS_ECDHE_RSA_WITH_AES_128_GCM_SHA256
21:38:10.846 [ForkJoinPool-1-worker-1] DEBUG org.apache.http.conn.ssl.SSLConnectionSocketFactory -  peer principal: CN=*.herokuapp.com, O="Heroku, Inc.", L=San Francisco, ST=California, C=US
21:38:10.846 [ForkJoinPool-1-worker-1] DEBUG org.apache.http.conn.ssl.SSLConnectionSocketFactory -  peer alternative names: [*.herokuapp.com, herokuapp.com]
21:38:10.846 [ForkJoinPool-1-worker-1] DEBUG org.apache.http.conn.ssl.SSLConnectionSocketFactory -  issuer principal: CN=DigiCert SHA2 High Assurance Server CA, OU=www.digicert.com, O=DigiCert Inc, C=US
21:38:10.846 [ForkJoinPool-1-worker-1] DEBUG org.apache.http.impl.conn.DefaultHttpClientConnectionOperator - Connection established 192.168.1.7:51355<->52.20.101.119:443
21:38:10.846 [ForkJoinPool-1-worker-1] DEBUG org.apache.http.impl.conn.DefaultManagedHttpClientConnection - http-outgoing-14: set socket timeout to 30000
21:38:10.846 [ForkJoinPool-1-worker-1] DEBUG org.apache.http.impl.execchain.MainClientExec - Executing request POST /albums/57 HTTP/1.1
21:38:10.846 [ForkJoinPool-1-worker-1] DEBUG org.apache.http.impl.execchain.MainClientExec - Proxy auth state: UNCHALLENGED
21:38:10.846 [ForkJoinPool-1-worker-1] DEBUG org.apache.http.headers - http-outgoing-14 >> POST /albums/57 HTTP/1.1
21:38:10.846 [ForkJoinPool-1-worker-1] DEBUG org.apache.http.headers - http-outgoing-14 >> Content-Type: application/json; charset=UTF-8
21:38:10.846 [ForkJoinPool-1-worker-1] DEBUG org.apache.http.headers - http-outgoing-14 >> Authorization: eyJ0eXAiOiJKV1QiLCJhbGciOiJIUzI1NiJ9.eyJ1c2VySWQiOjE0Niwicm9sZSI6ImFkbWluIiwiaWF0IjoxNjAwMTM3NDg5LjQ3NiwiZXhwIjoxNjAwMTM5Mjg5LjQ3Nn0.Yy6GlaJSvDXS5zvR84pInkC6xrSkzPVoIXXx2qBVPQM
21:38:10.846 [ForkJoinPool-1-worker-1] DEBUG org.apache.http.headers - http-outgoing-14 >> Content-Length: 2
21:38:10.846 [ForkJoinPool-1-worker-1] DEBUG org.apache.http.headers - http-outgoing-14 >> Host: nodejs-qa-training.herokuapp.com
21:38:10.846 [ForkJoinPool-1-worker-1] DEBUG org.apache.http.headers - http-outgoing-14 >> Connection: Keep-Alive
21:38:10.846 [ForkJoinPool-1-worker-1] DEBUG org.apache.http.headers - http-outgoing-14 >> User-Agent: Apache-HttpClient/4.5.11 (Java/1.8.0_171)
21:38:10.846 [ForkJoinPool-1-worker-1] DEBUG org.apache.http.headers - http-outgoing-14 >> Accept-Encoding: gzip,deflate
21:38:10.846 [ForkJoinPool-1-worker-1] DEBUG org.apache.http.wire - http-outgoing-14 >> "POST /albums/57 HTTP/1.1[\r][\n]"
21:38:10.846 [ForkJoinPool-1-worker-1] DEBUG org.apache.http.wire - http-outgoing-14 >> "Content-Type: application/json; charset=UTF-8[\r][\n]"
21:38:10.846 [ForkJoinPool-1-worker-1] DEBUG org.apache.http.wire - http-outgoing-14 >> "Authorization: eyJ0eXAiOiJKV1QiLCJhbGciOiJIUzI1NiJ9.eyJ1c2VySWQiOjE0Niwicm9sZSI6ImFkbWluIiwiaWF0IjoxNjAwMTM3NDg5LjQ3NiwiZXhwIjoxNjAwMTM5Mjg5LjQ3Nn0.Yy6GlaJSvDXS5zvR84pInkC6xrSkzPVoIXXx2qBVPQM[\r][\n]"
21:38:10.846 [ForkJoinPool-1-worker-1] DEBUG org.apache.http.wire - http-outgoing-14 >> "Content-Length: 2[\r][\n]"
21:38:10.846 [ForkJoinPool-1-worker-1] DEBUG org.apache.http.wire - http-outgoing-14 >> "Host: nodejs-qa-training.herokuapp.com[\r][\n]"
21:38:10.846 [ForkJoinPool-1-worker-1] DEBUG org.apache.http.wire - http-outgoing-14 >> "Connection: Keep-Alive[\r][\n]"
21:38:10.846 [ForkJoinPool-1-worker-1] DEBUG org.apache.http.wire - http-outgoing-14 >> "User-Agent: Apache-HttpClient/4.5.11 (Java/1.8.0_171)[\r][\n]"
21:38:10.846 [ForkJoinPool-1-worker-1] DEBUG org.apache.http.wire - http-outgoing-14 >> "Accept-Encoding: gzip,deflate[\r][\n]"
21:38:10.846 [ForkJoinPool-1-worker-1] DEBUG org.apache.http.wire - http-outgoing-14 >> "[\r][\n]"
21:38:10.846 [ForkJoinPool-1-worker-1] DEBUG org.apache.http.wire - http-outgoing-14 >> "{}"
21:38:10.898 [ForkJoinPool-1-worker-2] DEBUG org.apache.http.wire - http-outgoing-13 << "HTTP/1.1 201 Created[\r][\n]"
21:38:10.898 [ForkJoinPool-1-worker-2] DEBUG org.apache.http.wire - http-outgoing-13 << "Server: Cowboy[\r][\n]"
21:38:10.898 [ForkJoinPool-1-worker-2] DEBUG org.apache.http.wire - http-outgoing-13 << "Connection: keep-alive[\r][\n]"
21:38:10.898 [ForkJoinPool-1-worker-2] DEBUG org.apache.http.wire - http-outgoing-13 << "X-Powered-By: Express[\r][\n]"
21:38:10.898 [ForkJoinPool-1-worker-2] DEBUG org.apache.http.wire - http-outgoing-13 << "Date: Tue, 15 Sep 2020 02:38:11 GMT[\r][\n]"
21:38:10.898 [ForkJoinPool-1-worker-2] DEBUG org.apache.http.wire - http-outgoing-13 << "Content-Length: 0[\r][\n]"
21:38:10.898 [ForkJoinPool-1-worker-2] DEBUG org.apache.http.wire - http-outgoing-13 << "Via: 1.1 vegur[\r][\n]"
21:38:10.898 [ForkJoinPool-1-worker-2] DEBUG org.apache.http.wire - http-outgoing-13 << "[\r][\n]"
21:38:10.898 [ForkJoinPool-1-worker-2] DEBUG org.apache.http.headers - http-outgoing-13 << HTTP/1.1 201 Created
21:38:10.898 [ForkJoinPool-1-worker-2] DEBUG org.apache.http.headers - http-outgoing-13 << Server: Cowboy
21:38:10.898 [ForkJoinPool-1-worker-2] DEBUG org.apache.http.headers - http-outgoing-13 << Connection: keep-alive
21:38:10.898 [ForkJoinPool-1-worker-2] DEBUG org.apache.http.headers - http-outgoing-13 << X-Powered-By: Express
21:38:10.898 [ForkJoinPool-1-worker-2] DEBUG org.apache.http.headers - http-outgoing-13 << Date: Tue, 15 Sep 2020 02:38:11 GMT
21:38:10.898 [ForkJoinPool-1-worker-2] DEBUG org.apache.http.headers - http-outgoing-13 << Content-Length: 0
21:38:10.898 [ForkJoinPool-1-worker-2] DEBUG org.apache.http.headers - http-outgoing-13 << Via: 1.1 vegur
21:38:10.898 [ForkJoinPool-1-worker-2] DEBUG org.apache.http.impl.execchain.MainClientExec - Connection can be kept alive indefinitely
21:38:10.898 [ForkJoinPool-1-worker-2] DEBUG org.apache.http.impl.conn.PoolingHttpClientConnectionManager - Connection [id: 13][route: {s}->https://nodejs-qa-training.herokuapp.com:443] can be kept alive indefinitely
21:38:10.898 [ForkJoinPool-1-worker-2] DEBUG org.apache.http.impl.conn.DefaultManagedHttpClientConnection - http-outgoing-13: set socket timeout to 0
21:38:10.898 [ForkJoinPool-1-worker-2] DEBUG org.apache.http.impl.conn.PoolingHttpClientConnectionManager - Connection released: [id: 13][route: {s}->https://nodejs-qa-training.herokuapp.com:443][total available: 1; route allocated: 1 of 5; total allocated: 1 of 10]
21:38:10.898 [ForkJoinPool-1-worker-2] DEBUG com.intuit.karate - response time in milliseconds: 592,43
1 < 201
1 < Connection: keep-alive
1 < Content-Length: 0
1 < Date: Tue, 15 Sep 2020 02:38:11 GMT
1 < Server: Cowboy
1 < Via: 1.1 vegur
1 < X-Powered-By: Express

21:38:10.898 [ForkJoinPool-1-worker-2] INFO com.intuit.karate - [print] 
21:38:10.906 [ForkJoinPool-1-worker-2] WARN com.intuit.karate - skipping bootstrap configuration: could not find or read file: classpath:karate-config.js
21:38:10.923 [ForkJoinPool-1-worker-2] INFO com.intuit.karate - scenario called at line: 24 by tag: @ExitosoAdministrador
21:38:10.941 [ForkJoinPool-1-worker-2] INFO com.intuit.karate - scenario called at line: 45 by tag: @ExitosoAdministrador
21:38:10.949 [ForkJoinPool-1-worker-2] DEBUG com.jayway.jsonpath.internal.path.CompiledPath - Evaluating path: $
21:38:10.951 [ForkJoinPool-1-worker-2] DEBUG org.apache.http.client.protocol.RequestAddCookies - CookieSpec selected: karate
21:38:10.952 [ForkJoinPool-1-worker-2] DEBUG org.apache.http.client.protocol.RequestAuthCache - Auth cache not set in the context
21:38:10.952 [ForkJoinPool-1-worker-2] DEBUG com.intuit.karate - request:
1 > POST https://nodejs-qa-training.herokuapp.com/users/sessions/
1 > Accept-Encoding: gzip,deflate
1 > Connection: Keep-Alive
1 > Content-Length: 62
1 > Content-Type: application/json; charset=UTF-8
1 > Host: nodejs-qa-training.herokuapp.com
1 > User-Agent: Apache-HttpClient/4.5.11 (Java/1.8.0_171)
{"email":"admin@wolox.com.ar","password":"candidatoWolox2020"}

21:38:10.952 [ForkJoinPool-1-worker-2] DEBUG org.apache.http.impl.conn.PoolingHttpClientConnectionManager - Connection request: [route: {s}->https://nodejs-qa-training.herokuapp.com:443][total available: 0; route allocated: 0 of 5; total allocated: 0 of 10]
21:38:10.952 [ForkJoinPool-1-worker-2] DEBUG org.apache.http.impl.conn.PoolingHttpClientConnectionManager - Connection leased: [id: 16][route: {s}->https://nodejs-qa-training.herokuapp.com:443][total available: 0; route allocated: 1 of 5; total allocated: 1 of 10]
21:38:10.952 [ForkJoinPool-1-worker-2] DEBUG org.apache.http.impl.execchain.MainClientExec - Opening connection {s}->https://nodejs-qa-training.herokuapp.com:443
21:38:10.952 [ForkJoinPool-1-worker-2] DEBUG org.apache.http.impl.conn.DefaultHttpClientConnectionOperator - Connecting to nodejs-qa-training.herokuapp.com/52.20.101.119:443
21:38:10.952 [ForkJoinPool-1-worker-2] DEBUG org.apache.http.conn.ssl.SSLConnectionSocketFactory - Connecting socket to nodejs-qa-training.herokuapp.com/52.20.101.119:443 with timeout 30000
21:38:11.061 [ForkJoinPool-1-worker-3] DEBUG org.apache.http.conn.ssl.SSLConnectionSocketFactory - Secure session established
21:38:11.061 [ForkJoinPool-1-worker-3] DEBUG org.apache.http.conn.ssl.SSLConnectionSocketFactory -  negotiated protocol: TLSv1.2
21:38:11.061 [ForkJoinPool-1-worker-3] DEBUG org.apache.http.conn.ssl.SSLConnectionSocketFactory -  negotiated cipher suite: TLS_ECDHE_RSA_WITH_AES_128_GCM_SHA256
21:38:11.061 [ForkJoinPool-1-worker-3] DEBUG org.apache.http.conn.ssl.SSLConnectionSocketFactory -  peer principal: CN=*.herokuapp.com, O="Heroku, Inc.", L=San Francisco, ST=California, C=US
21:38:11.061 [ForkJoinPool-1-worker-3] DEBUG org.apache.http.conn.ssl.SSLConnectionSocketFactory -  peer alternative names: [*.herokuapp.com, herokuapp.com]
21:38:11.061 [ForkJoinPool-1-worker-3] DEBUG org.apache.http.conn.ssl.SSLConnectionSocketFactory -  issuer principal: CN=DigiCert SHA2 High Assurance Server CA, OU=www.digicert.com, O=DigiCert Inc, C=US
21:38:11.061 [ForkJoinPool-1-worker-3] DEBUG org.apache.http.impl.conn.DefaultHttpClientConnectionOperator - Connection established 192.168.1.7:51356<->52.20.101.119:443
21:38:11.061 [ForkJoinPool-1-worker-3] DEBUG org.apache.http.impl.conn.DefaultManagedHttpClientConnection - http-outgoing-15: set socket timeout to 30000
21:38:11.061 [ForkJoinPool-1-worker-3] DEBUG org.apache.http.impl.execchain.MainClientExec - Executing request GET /users/258/albums HTTP/1.1
21:38:11.061 [ForkJoinPool-1-worker-3] DEBUG org.apache.http.impl.execchain.MainClientExec - Proxy auth state: UNCHALLENGED
21:38:11.061 [ForkJoinPool-1-worker-3] DEBUG org.apache.http.headers - http-outgoing-15 >> GET /users/258/albums HTTP/1.1
21:38:11.061 [ForkJoinPool-1-worker-3] DEBUG org.apache.http.headers - http-outgoing-15 >> Content-Type: application/json
21:38:11.061 [ForkJoinPool-1-worker-3] DEBUG org.apache.http.headers - http-outgoing-15 >> Authorization: eyJ0eXAiOiJKV1QiLCJhbGciOiJIUzI1NiJ9.eyJ1c2VySWQiOjI1OCwicm9sZSI6InJlZ3VsYXIiLCJpYXQiOjE2MDAxMzc0OTAuMzU0LCJleHAiOjE2MDAxMzkyOTAuMzU0fQ.v2yaaBlitrSD38t-m1v9159bdvFHgDNzyTGYVFoT1KM
21:38:11.061 [ForkJoinPool-1-worker-3] DEBUG org.apache.http.headers - http-outgoing-15 >> Host: nodejs-qa-training.herokuapp.com
21:38:11.061 [ForkJoinPool-1-worker-3] DEBUG org.apache.http.headers - http-outgoing-15 >> Connection: Keep-Alive
21:38:11.061 [ForkJoinPool-1-worker-3] DEBUG org.apache.http.headers - http-outgoing-15 >> User-Agent: Apache-HttpClient/4.5.11 (Java/1.8.0_171)
21:38:11.062 [ForkJoinPool-1-worker-3] DEBUG org.apache.http.headers - http-outgoing-15 >> Accept-Encoding: gzip,deflate
21:38:11.062 [ForkJoinPool-1-worker-3] DEBUG org.apache.http.wire - http-outgoing-15 >> "GET /users/258/albums HTTP/1.1[\r][\n]"
21:38:11.062 [ForkJoinPool-1-worker-3] DEBUG org.apache.http.wire - http-outgoing-15 >> "Content-Type: application/json[\r][\n]"
21:38:11.062 [ForkJoinPool-1-worker-3] DEBUG org.apache.http.wire - http-outgoing-15 >> "Authorization: eyJ0eXAiOiJKV1QiLCJhbGciOiJIUzI1NiJ9.eyJ1c2VySWQiOjI1OCwicm9sZSI6InJlZ3VsYXIiLCJpYXQiOjE2MDAxMzc0OTAuMzU0LCJleHAiOjE2MDAxMzkyOTAuMzU0fQ.v2yaaBlitrSD38t-m1v9159bdvFHgDNzyTGYVFoT1KM[\r][\n]"
21:38:11.062 [ForkJoinPool-1-worker-3] DEBUG org.apache.http.wire - http-outgoing-15 >> "Host: nodejs-qa-training.herokuapp.com[\r][\n]"
21:38:11.062 [ForkJoinPool-1-worker-3] DEBUG org.apache.http.wire - http-outgoing-15 >> "Connection: Keep-Alive[\r][\n]"
21:38:11.062 [ForkJoinPool-1-worker-3] DEBUG org.apache.http.wire - http-outgoing-15 >> "User-Agent: Apache-HttpClient/4.5.11 (Java/1.8.0_171)[\r][\n]"
21:38:11.062 [ForkJoinPool-1-worker-3] DEBUG org.apache.http.wire - http-outgoing-15 >> "Accept-Encoding: gzip,deflate[\r][\n]"
21:38:11.062 [ForkJoinPool-1-worker-3] DEBUG org.apache.http.wire - http-outgoing-15 >> "[\r][\n]"
21:38:11.126 [ForkJoinPool-1-worker-2] DEBUG org.apache.http.conn.ssl.SSLConnectionSocketFactory - Enabled protocols: [TLSv1, TLSv1.1, TLSv1.2]
21:38:11.126 [ForkJoinPool-1-worker-2] DEBUG org.apache.http.conn.ssl.SSLConnectionSocketFactory - Enabled cipher suites:[TLS_ECDHE_ECDSA_WITH_AES_256_CBC_SHA384, TLS_ECDHE_RSA_WITH_AES_256_CBC_SHA384, TLS_RSA_WITH_AES_256_CBC_SHA256, TLS_ECDH_ECDSA_WITH_AES_256_CBC_SHA384, TLS_ECDH_RSA_WITH_AES_256_CBC_SHA384, TLS_DHE_RSA_WITH_AES_256_CBC_SHA256, TLS_DHE_DSS_WITH_AES_256_CBC_SHA256, TLS_ECDHE_ECDSA_WITH_AES_256_CBC_SHA, TLS_ECDHE_RSA_WITH_AES_256_CBC_SHA, TLS_RSA_WITH_AES_256_CBC_SHA, TLS_ECDH_ECDSA_WITH_AES_256_CBC_SHA, TLS_ECDH_RSA_WITH_AES_256_CBC_SHA, TLS_DHE_RSA_WITH_AES_256_CBC_SHA, TLS_DHE_DSS_WITH_AES_256_CBC_SHA, TLS_ECDHE_ECDSA_WITH_AES_128_CBC_SHA256, TLS_ECDHE_RSA_WITH_AES_128_CBC_SHA256, TLS_RSA_WITH_AES_128_CBC_SHA256, TLS_ECDH_ECDSA_WITH_AES_128_CBC_SHA256, TLS_ECDH_RSA_WITH_AES_128_CBC_SHA256, TLS_DHE_RSA_WITH_AES_128_CBC_SHA256, TLS_DHE_DSS_WITH_AES_128_CBC_SHA256, TLS_ECDHE_ECDSA_WITH_AES_128_CBC_SHA, TLS_ECDHE_RSA_WITH_AES_128_CBC_SHA, TLS_RSA_WITH_AES_128_CBC_SHA, TLS_ECDH_ECDSA_WITH_AES_128_CBC_SHA, TLS_ECDH_RSA_WITH_AES_128_CBC_SHA, TLS_DHE_RSA_WITH_AES_128_CBC_SHA, TLS_DHE_DSS_WITH_AES_128_CBC_SHA, TLS_ECDHE_ECDSA_WITH_AES_256_GCM_SHA384, TLS_ECDHE_ECDSA_WITH_AES_128_GCM_SHA256, TLS_ECDHE_RSA_WITH_AES_256_GCM_SHA384, TLS_RSA_WITH_AES_256_GCM_SHA384, TLS_ECDH_ECDSA_WITH_AES_256_GCM_SHA384, TLS_ECDH_RSA_WITH_AES_256_GCM_SHA384, TLS_DHE_RSA_WITH_AES_256_GCM_SHA384, TLS_DHE_DSS_WITH_AES_256_GCM_SHA384, TLS_ECDHE_RSA_WITH_AES_128_GCM_SHA256, TLS_RSA_WITH_AES_128_GCM_SHA256, TLS_ECDH_ECDSA_WITH_AES_128_GCM_SHA256, TLS_ECDH_RSA_WITH_AES_128_GCM_SHA256, TLS_DHE_RSA_WITH_AES_128_GCM_SHA256, TLS_DHE_DSS_WITH_AES_128_GCM_SHA256, TLS_EMPTY_RENEGOTIATION_INFO_SCSV]
21:38:11.127 [ForkJoinPool-1-worker-2] DEBUG org.apache.http.conn.ssl.SSLConnectionSocketFactory - Starting handshake
21:38:11.347 [ForkJoinPool-1-worker-3] DEBUG org.apache.http.wire - http-outgoing-15 << "HTTP/1.1 200 OK[\r][\n]"
21:38:11.347 [ForkJoinPool-1-worker-3] DEBUG org.apache.http.wire - http-outgoing-15 << "Server: Cowboy[\r][\n]"
21:38:11.347 [ForkJoinPool-1-worker-3] DEBUG org.apache.http.wire - http-outgoing-15 << "Connection: keep-alive[\r][\n]"
21:38:11.347 [ForkJoinPool-1-worker-3] DEBUG org.apache.http.wire - http-outgoing-15 << "X-Powered-By: Express[\r][\n]"
21:38:11.347 [ForkJoinPool-1-worker-3] DEBUG org.apache.http.wire - http-outgoing-15 << "Content-Type: application/json; charset=utf-8[\r][\n]"
21:38:11.347 [ForkJoinPool-1-worker-3] DEBUG org.apache.http.wire - http-outgoing-15 << "Content-Length: 4469[\r][\n]"
21:38:11.347 [ForkJoinPool-1-worker-3] DEBUG org.apache.http.wire - http-outgoing-15 << "Etag: W/"1175-nw1oZ81R9zFXbP1dwrmqlCQwxvg"[\r][\n]"
21:38:11.347 [ForkJoinPool-1-worker-3] DEBUG org.apache.http.wire - http-outgoing-15 << "Date: Tue, 15 Sep 2020 02:38:11 GMT[\r][\n]"
21:38:11.347 [ForkJoinPool-1-worker-3] DEBUG org.apache.http.wire - http-outgoing-15 << "Via: 1.1 vegur[\r][\n]"
21:38:11.347 [ForkJoinPool-1-worker-3] DEBUG org.apache.http.wire - http-outgoing-15 << "[\r][\n]"
21:38:11.349 [ForkJoinPool-1-worker-3] DEBUG org.apache.http.wire - http-outgoing-15 << "[{"album":{"user_id":1,"id":1,"title":"quidem molestiae enim"},"user_id":258,"created_at":"2020-09-14T02:05:54.505Z"},{"album":{"user_id":2,"id":12,"title":"consequatur autem doloribus natus consectetur"},"user_id":258,"created_at":"2020-09-14T02:22:57.019Z"},{"album":{"user_id":9,"id":85,"title":"qui voluptatem consequatur aut ab quis temporibus praesentium"},"user_id":258,"created_at":"2020-09-14T02:24:35.574Z"},{"album":{"user_id":7,"id":69,"title":"qui aut est"},"user_id":258,"created_at":"2020-09-14T02:25:07.179Z"},{"album":{"user_id":1,"id":5,"title":"eaque aut omnis a"},"user_id":258,"created_at":"2020-09-14T02:27:35.303Z"},{"album":{"user_id":8,"id":79,"title":"ipsa quae voluptas natus ut suscipit soluta quia quidem"},"user_id":258,"created_at":"2020-09-14T02:30:35.962Z"},{"album":{"user_id":6,"id":56,"title":"omnis qui maiores tempora officiis omnis rerum sed repellat"},"user_id":258,"created_at":"2020-09-14T18:01:59.013Z"},{"album":{"user_id":3,"id":22,"title":"et rem non provident vel ut"},"user_id":258,"created_at":"2020-09-14T00:50:24.545Z"},{"album":{"user_id":1,"id":6,"title":"natus impedit quibusdam illo est"},"user_id":258,"created_at":"2020-09-14T00:50:35.767Z"},{"album":{"user_id":6,"id":60,"title":"omnis mollitia sunt aliquid eum consequatur fugit minus laudantium"},"user_id":258,"created_at":"2020-09-14T00:50:37.237Z"},{"album":{"user_id":7,"id":67,"title":"ad voluptas nostrum et nihil"},"user_id":258,"created_at":"2020-09-14T00:58:46.138Z"},{"album":{"user_id":10,"id":98,"title":"omnis quia possimus nesciunt deleniti assumenda sed autem"},"user_id":258,"created_at":"2020-09-14T01:26:19.728Z"},{"album":{"user_id":6,"id":59,"title":"eligendi similique provident nihil"},"user_id":258,"created_at":"2020-09-14T01:28:39.529Z"},{"album":{"user_id":10,"id":95,"title":"consectetur vel rerum qui aperiam modi eos aspernatur ipsa"},"user_id":258,"created_at":"2020-09-14T01:29:30.397Z"},{"album":{"user_id":10,"id":91,"title":"repellendus praesentium debitis officiis"},"user_id":258,"created_at":"2020-09-14T18:16:34.277Z"},{"album":{"user_id":5,"id":41,"title":"ea voluptates maiores eos accusantium officiis tempore mollitia consequatur"},"user_id":258,"created_at":"2020-09-14T01:30:31.035Z"},{"album":{"user_id":2,"id":20,"title":"voluptas rerum iure ut enim"},"user_id":258,"created_at":"2020-09-14T01:38:17.799Z"},{"album":{"user_id":1,"id":3,"title":"omnis laborum odio"},"user_id":258,"created_at":"2020-09-14T01:38:56.568Z"},{"album":{"user_id":4,"id":36,"title":"nihil cupiditate voluptate neque"},"user_id":258,"created_at":"2020-09-14T01:40:02.783Z"},{"album":{"user_id":4,"id":34,"title":"cumque voluptatibus rerum architecto blanditiis"},"user_id":258,"created_at":"2020-09-14T02:00:32.001Z"},{"album":{"user_id":2,"id":14,"title":"ducimus molestias eos animi atque nihil"},"user_id":258,"created_at":"2020-09-14T02:01:46.760Z"},{"album":{"user_id":5,"id":48,"title":"modi consequatur culpa aut quam soluta alias perspiciatis laudantium"},"user_id":258,"created_at":"2020-09-14T02:02:31.005Z"},{"album":{"user_id":5,"id":49,"title":"ut aut vero repudiandae voluptas ullam voluptas at consequatur"},"user_id":258,"created_at":"2020-09-14T02:03:21.991Z"},{"album":{"user_id":9,"id":86,"title":"eligendi mollitia alias aspernatur vel ut iusto"},"user_id":258,"created_at":"2020-09-15T02:29:18.298Z"},{"album":{"user_id":3,"id":23,"title":"incidunt quisquam hic adipisci sequi"},"user_id":258,"created_at":"2020-09-15T02:31:25.755Z"},{"album":{"user_id":10,"id":94,"title":"quisquam a dolores et earum vitae"},"user_id":258,"created_at":"2020-09-15T02:36:19.503Z"},{"album":{"user_id":2,"id":11,"title":"quam nostrum impedit mollitia quod et dolor"},"user_id":258,"created_at":"2020-09-15T02:38:11.294Z"},{"album":{"user_id":3,"id":30,"title":"tempora assumenda et similique odit distinctio error"},"user_id":258,"created_at":"2020-09-14T02:07:41.151Z"},{"album":{"user_id":9,"id":82,"title":"recusandae consequatur vel amet unde"},"user_id":258,"created_at":"2020-09-14T02:08:17.280Z"},{"album":{"user_id":4,"id":32,"title":"reiciendis dolores a ut qui debitis non quo labore"},"user_id":258,"created_at":"2020-09-14T02:19:08.289Z"},{"album":{"user_id":6,"id":53,"title":"est vel sequi voluptatem nemo quam molestiae modi enim"},"user_id":258,"created_at":"2020-09-14T02:20:08.753Z"},{"album":{"user_id":9,"id":89,"title":"sit optio id voluptatem est eum et"},"user_id":258,"created_at":"2020-09-14T02:20:32.871Z"}]"
21:38:11.349 [ForkJoinPool-1-worker-3] DEBUG org.apache.http.headers - http-outgoing-15 << HTTP/1.1 200 OK
21:38:11.349 [ForkJoinPool-1-worker-3] DEBUG org.apache.http.headers - http-outgoing-15 << Server: Cowboy
21:38:11.349 [ForkJoinPool-1-worker-3] DEBUG org.apache.http.headers - http-outgoing-15 << Connection: keep-alive
21:38:11.349 [ForkJoinPool-1-worker-3] DEBUG org.apache.http.headers - http-outgoing-15 << X-Powered-By: Express
21:38:11.349 [ForkJoinPool-1-worker-3] DEBUG org.apache.http.headers - http-outgoing-15 << Content-Type: application/json; charset=utf-8
21:38:11.349 [ForkJoinPool-1-worker-3] DEBUG org.apache.http.headers - http-outgoing-15 << Content-Length: 4469
21:38:11.349 [ForkJoinPool-1-worker-3] DEBUG org.apache.http.headers - http-outgoing-15 << Etag: W/"1175-nw1oZ81R9zFXbP1dwrmqlCQwxvg"
21:38:11.349 [ForkJoinPool-1-worker-3] DEBUG org.apache.http.headers - http-outgoing-15 << Date: Tue, 15 Sep 2020 02:38:11 GMT
21:38:11.349 [ForkJoinPool-1-worker-3] DEBUG org.apache.http.headers - http-outgoing-15 << Via: 1.1 vegur
21:38:11.349 [ForkJoinPool-1-worker-3] DEBUG org.apache.http.impl.execchain.MainClientExec - Connection can be kept alive indefinitely
21:38:11.349 [ForkJoinPool-1-worker-3] DEBUG org.apache.http.impl.conn.PoolingHttpClientConnectionManager - Connection [id: 15][route: {s}->https://nodejs-qa-training.herokuapp.com:443] can be kept alive indefinitely
21:38:11.349 [ForkJoinPool-1-worker-3] DEBUG org.apache.http.impl.conn.DefaultManagedHttpClientConnection - http-outgoing-15: set socket timeout to 0
21:38:11.350 [ForkJoinPool-1-worker-3] DEBUG org.apache.http.impl.conn.PoolingHttpClientConnectionManager - Connection released: [id: 15][route: {s}->https://nodejs-qa-training.herokuapp.com:443][total available: 1; route allocated: 1 of 5; total allocated: 1 of 10]
21:38:11.350 [ForkJoinPool-1-worker-3] DEBUG com.intuit.karate - response time in milliseconds: 693,48
1 < 200
1 < Connection: keep-alive
1 < Content-Length: 4469
1 < Content-Type: application/json; charset=utf-8
1 < Date: Tue, 15 Sep 2020 02:38:11 GMT
1 < Etag: W/"1175-nw1oZ81R9zFXbP1dwrmqlCQwxvg"
1 < Server: Cowboy
1 < Via: 1.1 vegur
1 < X-Powered-By: Express
[{"album":{"user_id":1,"id":1,"title":"quidem molestiae enim"},"user_id":258,"created_at":"2020-09-14T02:05:54.505Z"},{"album":{"user_id":2,"id":12,"title":"consequatur autem doloribus natus consectetur"},"user_id":258,"created_at":"2020-09-14T02:22:57.019Z"},{"album":{"user_id":9,"id":85,"title":"qui voluptatem consequatur aut ab quis temporibus praesentium"},"user_id":258,"created_at":"2020-09-14T02:24:35.574Z"},{"album":{"user_id":7,"id":69,"title":"qui aut est"},"user_id":258,"created_at":"2020-09-14T02:25:07.179Z"},{"album":{"user_id":1,"id":5,"title":"eaque aut omnis a"},"user_id":258,"created_at":"2020-09-14T02:27:35.303Z"},{"album":{"user_id":8,"id":79,"title":"ipsa quae voluptas natus ut suscipit soluta quia quidem"},"user_id":258,"created_at":"2020-09-14T02:30:35.962Z"},{"album":{"user_id":6,"id":56,"title":"omnis qui maiores tempora officiis omnis rerum sed repellat"},"user_id":258,"created_at":"2020-09-14T18:01:59.013Z"},{"album":{"user_id":3,"id":22,"title":"et rem non provident vel ut"},"user_id":258,"created_at":"2020-09-14T00:50:24.545Z"},{"album":{"user_id":1,"id":6,"title":"natus impedit quibusdam illo est"},"user_id":258,"created_at":"2020-09-14T00:50:35.767Z"},{"album":{"user_id":6,"id":60,"title":"omnis mollitia sunt aliquid eum consequatur fugit minus laudantium"},"user_id":258,"created_at":"2020-09-14T00:50:37.237Z"},{"album":{"user_id":7,"id":67,"title":"ad voluptas nostrum et nihil"},"user_id":258,"created_at":"2020-09-14T00:58:46.138Z"},{"album":{"user_id":10,"id":98,"title":"omnis quia possimus nesciunt deleniti assumenda sed autem"},"user_id":258,"created_at":"2020-09-14T01:26:19.728Z"},{"album":{"user_id":6,"id":59,"title":"eligendi similique provident nihil"},"user_id":258,"created_at":"2020-09-14T01:28:39.529Z"},{"album":{"user_id":10,"id":95,"title":"consectetur vel rerum qui aperiam modi eos aspernatur ipsa"},"user_id":258,"created_at":"2020-09-14T01:29:30.397Z"},{"album":{"user_id":10,"id":91,"title":"repellendus praesentium debitis officiis"},"user_id":258,"created_at":"2020-09-14T18:16:34.277Z"},{"album":{"user_id":5,"id":41,"title":"ea voluptates maiores eos accusantium officiis tempore mollitia consequatur"},"user_id":258,"created_at":"2020-09-14T01:30:31.035Z"},{"album":{"user_id":2,"id":20,"title":"voluptas rerum iure ut enim"},"user_id":258,"created_at":"2020-09-14T01:38:17.799Z"},{"album":{"user_id":1,"id":3,"title":"omnis laborum odio"},"user_id":258,"created_at":"2020-09-14T01:38:56.568Z"},{"album":{"user_id":4,"id":36,"title":"nihil cupiditate voluptate neque"},"user_id":258,"created_at":"2020-09-14T01:40:02.783Z"},{"album":{"user_id":4,"id":34,"title":"cumque voluptatibus rerum architecto blanditiis"},"user_id":258,"created_at":"2020-09-14T02:00:32.001Z"},{"album":{"user_id":2,"id":14,"title":"ducimus molestias eos animi atque nihil"},"user_id":258,"created_at":"2020-09-14T02:01:46.760Z"},{"album":{"user_id":5,"id":48,"title":"modi consequatur culpa aut quam soluta alias perspiciatis laudantium"},"user_id":258,"created_at":"2020-09-14T02:02:31.005Z"},{"album":{"user_id":5,"id":49,"title":"ut aut vero repudiandae voluptas ullam voluptas at consequatur"},"user_id":258,"created_at":"2020-09-14T02:03:21.991Z"},{"album":{"user_id":9,"id":86,"title":"eligendi mollitia alias aspernatur vel ut iusto"},"user_id":258,"created_at":"2020-09-15T02:29:18.298Z"},{"album":{"user_id":3,"id":23,"title":"incidunt quisquam hic adipisci sequi"},"user_id":258,"created_at":"2020-09-15T02:31:25.755Z"},{"album":{"user_id":10,"id":94,"title":"quisquam a dolores et earum vitae"},"user_id":258,"created_at":"2020-09-15T02:36:19.503Z"},{"album":{"user_id":2,"id":11,"title":"quam nostrum impedit mollitia quod et dolor"},"user_id":258,"created_at":"2020-09-15T02:38:11.294Z"},{"album":{"user_id":3,"id":30,"title":"tempora assumenda et similique odit distinctio error"},"user_id":258,"created_at":"2020-09-14T02:07:41.151Z"},{"album":{"user_id":9,"id":82,"title":"recusandae consequatur vel amet unde"},"user_id":258,"created_at":"2020-09-14T02:08:17.280Z"},{"album":{"user_id":4,"id":32,"title":"reiciendis dolores a ut qui debitis non quo labore"},"user_id":258,"created_at":"2020-09-14T02:19:08.289Z"},{"album":{"user_id":6,"id":53,"title":"est vel sequi voluptatem nemo quam molestiae modi enim"},"user_id":258,"created_at":"2020-09-14T02:20:08.753Z"},{"album":{"user_id":9,"id":89,"title":"sit optio id voluptatem est eum et"},"user_id":258,"created_at":"2020-09-14T02:20:32.871Z"}]

21:38:11.350 [ForkJoinPool-1-worker-3] DEBUG com.jayway.jsonpath.internal.path.CompiledPath - Evaluating path: $
21:38:11.353 [ForkJoinPool-1-worker-3] DEBUG com.jayway.jsonpath.internal.path.CompiledPath - Evaluating path: $['user_id']
21:38:11.354 [ForkJoinPool-1-worker-3] DEBUG com.jayway.jsonpath.internal.JsonContext - Set path $['user_id'] new value 258
21:38:11.354 [ForkJoinPool-1-worker-3] DEBUG com.jayway.jsonpath.internal.path.CompiledPath - Evaluating path: $
21:38:11.354 [ForkJoinPool-1-worker-3] DEBUG com.jayway.jsonpath.internal.path.CompiledPath - Evaluating path: $
21:38:11.368 [ForkJoinPool-1-worker-3] DEBUG com.jayway.jsonpath.internal.path.CompiledPath - Evaluating path: $
21:38:11.368 [ForkJoinPool-1-worker-3] DEBUG com.jayway.jsonpath.internal.path.CompiledPath - Evaluating path: $
21:38:11.368 [ForkJoinPool-1-worker-3] DEBUG com.jayway.jsonpath.internal.path.CompiledPath - Evaluating path: $
21:38:11.372 [ForkJoinPool-1-worker-3] WARN com.intuit.karate - skipping bootstrap configuration: could not find or read file: classpath:karate-config.js
21:38:11.384 [ForkJoinPool-1-worker-3] INFO com.intuit.karate - scenario called at line: 12 by tag: @ExitosoRegular
21:38:11.399 [ForkJoinPool-1-worker-3] INFO com.intuit.karate - scenario called at line: 27 by tag: @ExitosoRegular
21:38:11.401 [ForkJoinPool-1-worker-3] DEBUG com.jayway.jsonpath.internal.path.CompiledPath - Evaluating path: $
21:38:11.403 [ForkJoinPool-1-worker-3] DEBUG org.apache.http.client.protocol.RequestAddCookies - CookieSpec selected: karate
21:38:11.403 [ForkJoinPool-1-worker-3] DEBUG org.apache.http.client.protocol.RequestAuthCache - Auth cache not set in the context
21:38:11.403 [ForkJoinPool-1-worker-3] DEBUG com.intuit.karate - request:
1 > POST https://nodejs-qa-training.herokuapp.com/users/sessions/
1 > Accept-Encoding: gzip,deflate
1 > Connection: Keep-Alive
1 > Content-Length: 56
1 > Content-Type: application/json; charset=UTF-8
1 > Host: nodejs-qa-training.herokuapp.com
1 > User-Agent: Apache-HttpClient/4.5.11 (Java/1.8.0_171)
{"email":"hernan00@wolox.com.ar","password":"Hernan123"}

21:38:11.404 [ForkJoinPool-1-worker-3] DEBUG org.apache.http.impl.conn.PoolingHttpClientConnectionManager - Connection request: [route: {s}->https://nodejs-qa-training.herokuapp.com:443][total available: 0; route allocated: 0 of 5; total allocated: 0 of 10]
21:38:11.404 [ForkJoinPool-1-worker-3] DEBUG org.apache.http.impl.conn.PoolingHttpClientConnectionManager - Connection leased: [id: 17][route: {s}->https://nodejs-qa-training.herokuapp.com:443][total available: 0; route allocated: 1 of 5; total allocated: 1 of 10]
21:38:11.404 [ForkJoinPool-1-worker-3] DEBUG org.apache.http.impl.execchain.MainClientExec - Opening connection {s}->https://nodejs-qa-training.herokuapp.com:443
21:38:11.404 [ForkJoinPool-1-worker-3] DEBUG org.apache.http.impl.conn.DefaultHttpClientConnectionOperator - Connecting to nodejs-qa-training.herokuapp.com/52.20.101.119:443
21:38:11.404 [ForkJoinPool-1-worker-3] DEBUG org.apache.http.conn.ssl.SSLConnectionSocketFactory - Connecting socket to nodejs-qa-training.herokuapp.com/52.20.101.119:443 with timeout 30000
21:38:11.434 [ForkJoinPool-1-worker-2] DEBUG org.apache.http.conn.ssl.SSLConnectionSocketFactory - Secure session established
21:38:11.434 [ForkJoinPool-1-worker-2] DEBUG org.apache.http.conn.ssl.SSLConnectionSocketFactory -  negotiated protocol: TLSv1.2
21:38:11.434 [ForkJoinPool-1-worker-2] DEBUG org.apache.http.conn.ssl.SSLConnectionSocketFactory -  negotiated cipher suite: TLS_ECDHE_RSA_WITH_AES_128_GCM_SHA256
21:38:11.434 [ForkJoinPool-1-worker-2] DEBUG org.apache.http.conn.ssl.SSLConnectionSocketFactory -  peer principal: CN=*.herokuapp.com, O="Heroku, Inc.", L=San Francisco, ST=California, C=US
21:38:11.434 [ForkJoinPool-1-worker-2] DEBUG org.apache.http.conn.ssl.SSLConnectionSocketFactory -  peer alternative names: [*.herokuapp.com, herokuapp.com]
21:38:11.434 [ForkJoinPool-1-worker-2] DEBUG org.apache.http.conn.ssl.SSLConnectionSocketFactory -  issuer principal: CN=DigiCert SHA2 High Assurance Server CA, OU=www.digicert.com, O=DigiCert Inc, C=US
21:38:11.434 [ForkJoinPool-1-worker-2] DEBUG org.apache.http.impl.conn.DefaultHttpClientConnectionOperator - Connection established 192.168.1.7:51357<->52.20.101.119:443
21:38:11.434 [ForkJoinPool-1-worker-2] DEBUG org.apache.http.impl.conn.DefaultManagedHttpClientConnection - http-outgoing-16: set socket timeout to 30000
21:38:11.434 [ForkJoinPool-1-worker-2] DEBUG org.apache.http.impl.execchain.MainClientExec - Executing request POST /users/sessions/ HTTP/1.1
21:38:11.434 [ForkJoinPool-1-worker-2] DEBUG org.apache.http.impl.execchain.MainClientExec - Target auth state: UNCHALLENGED
21:38:11.434 [ForkJoinPool-1-worker-2] DEBUG org.apache.http.impl.execchain.MainClientExec - Proxy auth state: UNCHALLENGED
21:38:11.434 [ForkJoinPool-1-worker-2] DEBUG org.apache.http.headers - http-outgoing-16 >> POST /users/sessions/ HTTP/1.1
21:38:11.434 [ForkJoinPool-1-worker-2] DEBUG org.apache.http.headers - http-outgoing-16 >> Content-Type: application/json; charset=UTF-8
21:38:11.434 [ForkJoinPool-1-worker-2] DEBUG org.apache.http.headers - http-outgoing-16 >> Content-Length: 62
21:38:11.434 [ForkJoinPool-1-worker-2] DEBUG org.apache.http.headers - http-outgoing-16 >> Host: nodejs-qa-training.herokuapp.com
21:38:11.434 [ForkJoinPool-1-worker-2] DEBUG org.apache.http.headers - http-outgoing-16 >> Connection: Keep-Alive
21:38:11.434 [ForkJoinPool-1-worker-2] DEBUG org.apache.http.headers - http-outgoing-16 >> User-Agent: Apache-HttpClient/4.5.11 (Java/1.8.0_171)
21:38:11.434 [ForkJoinPool-1-worker-2] DEBUG org.apache.http.headers - http-outgoing-16 >> Accept-Encoding: gzip,deflate
21:38:11.434 [ForkJoinPool-1-worker-2] DEBUG org.apache.http.wire - http-outgoing-16 >> "POST /users/sessions/ HTTP/1.1[\r][\n]"
21:38:11.434 [ForkJoinPool-1-worker-2] DEBUG org.apache.http.wire - http-outgoing-16 >> "Content-Type: application/json; charset=UTF-8[\r][\n]"
21:38:11.434 [ForkJoinPool-1-worker-2] DEBUG org.apache.http.wire - http-outgoing-16 >> "Content-Length: 62[\r][\n]"
21:38:11.434 [ForkJoinPool-1-worker-2] DEBUG org.apache.http.wire - http-outgoing-16 >> "Host: nodejs-qa-training.herokuapp.com[\r][\n]"
21:38:11.434 [ForkJoinPool-1-worker-2] DEBUG org.apache.http.wire - http-outgoing-16 >> "Connection: Keep-Alive[\r][\n]"
21:38:11.434 [ForkJoinPool-1-worker-2] DEBUG org.apache.http.wire - http-outgoing-16 >> "User-Agent: Apache-HttpClient/4.5.11 (Java/1.8.0_171)[\r][\n]"
21:38:11.434 [ForkJoinPool-1-worker-2] DEBUG org.apache.http.wire - http-outgoing-16 >> "Accept-Encoding: gzip,deflate[\r][\n]"
21:38:11.434 [ForkJoinPool-1-worker-2] DEBUG org.apache.http.wire - http-outgoing-16 >> "[\r][\n]"
21:38:11.434 [ForkJoinPool-1-worker-2] DEBUG org.apache.http.wire - http-outgoing-16 >> "{"email":"admin@wolox.com.ar","password":"candidatoWolox2020"}"
21:38:11.471 [ForkJoinPool-1-worker-1] DEBUG org.apache.http.wire - http-outgoing-14 << "HTTP/1.1 422 Unprocessable Entity[\r][\n]"
21:38:11.472 [ForkJoinPool-1-worker-1] DEBUG org.apache.http.wire - http-outgoing-14 << "Server: Cowboy[\r][\n]"
21:38:11.472 [ForkJoinPool-1-worker-1] DEBUG org.apache.http.wire - http-outgoing-14 << "Connection: keep-alive[\r][\n]"
21:38:11.472 [ForkJoinPool-1-worker-1] DEBUG org.apache.http.wire - http-outgoing-14 << "X-Powered-By: Express[\r][\n]"
21:38:11.472 [ForkJoinPool-1-worker-1] DEBUG org.apache.http.wire - http-outgoing-14 << "Content-Type: application/json; charset=utf-8[\r][\n]"
21:38:11.472 [ForkJoinPool-1-worker-1] DEBUG org.apache.http.wire - http-outgoing-14 << "Content-Length: 177[\r][\n]"
21:38:11.472 [ForkJoinPool-1-worker-1] DEBUG org.apache.http.wire - http-outgoing-14 << "Etag: W/"b1-8KznGpdgINWZIDm/BLGYcSYwtmM"[\r][\n]"
21:38:11.472 [ForkJoinPool-1-worker-1] DEBUG org.apache.http.wire - http-outgoing-14 << "Date: Tue, 15 Sep 2020 02:38:11 GMT[\r][\n]"
21:38:11.472 [ForkJoinPool-1-worker-1] DEBUG org.apache.http.wire - http-outgoing-14 << "Via: 1.1 vegur[\r][\n]"
21:38:11.472 [ForkJoinPool-1-worker-1] DEBUG org.apache.http.wire - http-outgoing-14 << "[\r][\n]"
21:38:11.472 [ForkJoinPool-1-worker-1] DEBUG org.apache.http.wire - http-outgoing-14 << "{"errors":[{"code":"entity_already_exists","message":"Unable to create new album. The resource you are trying to create already exists"}],"timestamp":"2020-09-15T02:38:11.432Z"}"
21:38:11.472 [ForkJoinPool-1-worker-1] DEBUG org.apache.http.headers - http-outgoing-14 << HTTP/1.1 422 Unprocessable Entity
21:38:11.472 [ForkJoinPool-1-worker-1] DEBUG org.apache.http.headers - http-outgoing-14 << Server: Cowboy
21:38:11.472 [ForkJoinPool-1-worker-1] DEBUG org.apache.http.headers - http-outgoing-14 << Connection: keep-alive
21:38:11.472 [ForkJoinPool-1-worker-1] DEBUG org.apache.http.headers - http-outgoing-14 << X-Powered-By: Express
21:38:11.473 [ForkJoinPool-1-worker-1] DEBUG org.apache.http.headers - http-outgoing-14 << Content-Type: application/json; charset=utf-8
21:38:11.473 [ForkJoinPool-1-worker-1] DEBUG org.apache.http.headers - http-outgoing-14 << Content-Length: 177
21:38:11.473 [ForkJoinPool-1-worker-1] DEBUG org.apache.http.headers - http-outgoing-14 << Etag: W/"b1-8KznGpdgINWZIDm/BLGYcSYwtmM"
21:38:11.473 [ForkJoinPool-1-worker-1] DEBUG org.apache.http.headers - http-outgoing-14 << Date: Tue, 15 Sep 2020 02:38:11 GMT
21:38:11.473 [ForkJoinPool-1-worker-1] DEBUG org.apache.http.headers - http-outgoing-14 << Via: 1.1 vegur
21:38:11.473 [ForkJoinPool-1-worker-1] DEBUG org.apache.http.impl.execchain.MainClientExec - Connection can be kept alive indefinitely
21:38:11.474 [ForkJoinPool-1-worker-1] DEBUG org.apache.http.impl.conn.PoolingHttpClientConnectionManager - Connection [id: 14][route: {s}->https://nodejs-qa-training.herokuapp.com:443] can be kept alive indefinitely
21:38:11.474 [ForkJoinPool-1-worker-1] DEBUG org.apache.http.impl.conn.DefaultManagedHttpClientConnection - http-outgoing-14: set socket timeout to 0
21:38:11.474 [ForkJoinPool-1-worker-1] DEBUG org.apache.http.impl.conn.PoolingHttpClientConnectionManager - Connection released: [id: 14][route: {s}->https://nodejs-qa-training.herokuapp.com:443][total available: 1; route allocated: 1 of 5; total allocated: 1 of 10]
21:38:11.474 [ForkJoinPool-1-worker-1] DEBUG com.intuit.karate - response time in milliseconds: 1097,49
2 < 422
2 < Connection: keep-alive
2 < Content-Length: 177
2 < Content-Type: application/json; charset=utf-8
2 < Date: Tue, 15 Sep 2020 02:38:11 GMT
2 < Etag: W/"b1-8KznGpdgINWZIDm/BLGYcSYwtmM"
2 < Server: Cowboy
2 < Via: 1.1 vegur
2 < X-Powered-By: Express
{"errors":[{"code":"entity_already_exists","message":"Unable to create new album. The resource you are trying to create already exists"}],"timestamp":"2020-09-15T02:38:11.432Z"}

21:38:11.503 [ForkJoinPool-1-worker-3] DEBUG org.apache.http.conn.ssl.SSLConnectionSocketFactory - Enabled protocols: [TLSv1, TLSv1.1, TLSv1.2]
21:38:11.504 [ForkJoinPool-1-worker-3] DEBUG org.apache.http.conn.ssl.SSLConnectionSocketFactory - Enabled cipher suites:[TLS_ECDHE_ECDSA_WITH_AES_256_CBC_SHA384, TLS_ECDHE_RSA_WITH_AES_256_CBC_SHA384, TLS_RSA_WITH_AES_256_CBC_SHA256, TLS_ECDH_ECDSA_WITH_AES_256_CBC_SHA384, TLS_ECDH_RSA_WITH_AES_256_CBC_SHA384, TLS_DHE_RSA_WITH_AES_256_CBC_SHA256, TLS_DHE_DSS_WITH_AES_256_CBC_SHA256, TLS_ECDHE_ECDSA_WITH_AES_256_CBC_SHA, TLS_ECDHE_RSA_WITH_AES_256_CBC_SHA, TLS_RSA_WITH_AES_256_CBC_SHA, TLS_ECDH_ECDSA_WITH_AES_256_CBC_SHA, TLS_ECDH_RSA_WITH_AES_256_CBC_SHA, TLS_DHE_RSA_WITH_AES_256_CBC_SHA, TLS_DHE_DSS_WITH_AES_256_CBC_SHA, TLS_ECDHE_ECDSA_WITH_AES_128_CBC_SHA256, TLS_ECDHE_RSA_WITH_AES_128_CBC_SHA256, TLS_RSA_WITH_AES_128_CBC_SHA256, TLS_ECDH_ECDSA_WITH_AES_128_CBC_SHA256, TLS_ECDH_RSA_WITH_AES_128_CBC_SHA256, TLS_DHE_RSA_WITH_AES_128_CBC_SHA256, TLS_DHE_DSS_WITH_AES_128_CBC_SHA256, TLS_ECDHE_ECDSA_WITH_AES_128_CBC_SHA, TLS_ECDHE_RSA_WITH_AES_128_CBC_SHA, TLS_RSA_WITH_AES_128_CBC_SHA, TLS_ECDH_ECDSA_WITH_AES_128_CBC_SHA, TLS_ECDH_RSA_WITH_AES_128_CBC_SHA, TLS_DHE_RSA_WITH_AES_128_CBC_SHA, TLS_DHE_DSS_WITH_AES_128_CBC_SHA, TLS_ECDHE_ECDSA_WITH_AES_256_GCM_SHA384, TLS_ECDHE_ECDSA_WITH_AES_128_GCM_SHA256, TLS_ECDHE_RSA_WITH_AES_256_GCM_SHA384, TLS_RSA_WITH_AES_256_GCM_SHA384, TLS_ECDH_ECDSA_WITH_AES_256_GCM_SHA384, TLS_ECDH_RSA_WITH_AES_256_GCM_SHA384, TLS_DHE_RSA_WITH_AES_256_GCM_SHA384, TLS_DHE_DSS_WITH_AES_256_GCM_SHA384, TLS_ECDHE_RSA_WITH_AES_128_GCM_SHA256, TLS_RSA_WITH_AES_128_GCM_SHA256, TLS_ECDH_ECDSA_WITH_AES_128_GCM_SHA256, TLS_ECDH_RSA_WITH_AES_128_GCM_SHA256, TLS_DHE_RSA_WITH_AES_128_GCM_SHA256, TLS_DHE_DSS_WITH_AES_128_GCM_SHA256, TLS_EMPTY_RENEGOTIATION_INFO_SCSV]
21:38:11.504 [ForkJoinPool-1-worker-3] DEBUG org.apache.http.conn.ssl.SSLConnectionSocketFactory - Starting handshake
21:38:11.519 [ForkJoinPool-1-worker-1] DEBUG com.jayway.jsonpath.internal.path.CompiledPath - Evaluating path: $
21:38:11.519 [ForkJoinPool-1-worker-1] DEBUG com.jayway.jsonpath.internal.path.CompiledPath - Evaluating path: $
21:38:11.520 [ForkJoinPool-1-worker-1] DEBUG com.jayway.jsonpath.internal.path.CompiledPath - Evaluating path: $
21:38:11.525 [ForkJoinPool-1-worker-1] WARN com.intuit.karate - skipping bootstrap configuration: could not find or read file: classpath:karate-config.js
21:38:11.551 [ForkJoinPool-1-worker-1] INFO com.intuit.karate - scenario called at line: 27 by tag: @ExitosoRegular
21:38:11.554 [ForkJoinPool-1-worker-1] DEBUG com.jayway.jsonpath.internal.path.CompiledPath - Evaluating path: $
21:38:11.556 [ForkJoinPool-1-worker-1] DEBUG org.apache.http.client.protocol.RequestAddCookies - CookieSpec selected: karate
21:38:11.556 [ForkJoinPool-1-worker-1] DEBUG org.apache.http.client.protocol.RequestAuthCache - Auth cache not set in the context
21:38:11.557 [ForkJoinPool-1-worker-1] DEBUG com.intuit.karate - request:
1 > POST https://nodejs-qa-training.herokuapp.com/users/sessions/
1 > Accept-Encoding: gzip,deflate
1 > Connection: Keep-Alive
1 > Content-Length: 56
1 > Content-Type: application/json; charset=UTF-8
1 > Host: nodejs-qa-training.herokuapp.com
1 > User-Agent: Apache-HttpClient/4.5.11 (Java/1.8.0_171)
{"email":"hernan00@wolox.com.ar","password":"Hernan123"}

21:38:11.557 [ForkJoinPool-1-worker-1] DEBUG org.apache.http.impl.conn.PoolingHttpClientConnectionManager - Connection request: [route: {s}->https://nodejs-qa-training.herokuapp.com:443][total available: 0; route allocated: 0 of 5; total allocated: 0 of 10]
21:38:11.557 [ForkJoinPool-1-worker-1] DEBUG org.apache.http.impl.conn.PoolingHttpClientConnectionManager - Connection leased: [id: 18][route: {s}->https://nodejs-qa-training.herokuapp.com:443][total available: 0; route allocated: 1 of 5; total allocated: 1 of 10]
21:38:11.557 [ForkJoinPool-1-worker-1] DEBUG org.apache.http.impl.execchain.MainClientExec - Opening connection {s}->https://nodejs-qa-training.herokuapp.com:443
21:38:11.557 [ForkJoinPool-1-worker-1] DEBUG org.apache.http.impl.conn.DefaultHttpClientConnectionOperator - Connecting to nodejs-qa-training.herokuapp.com/52.20.101.119:443
21:38:11.557 [ForkJoinPool-1-worker-1] DEBUG org.apache.http.conn.ssl.SSLConnectionSocketFactory - Connecting socket to nodejs-qa-training.herokuapp.com/52.20.101.119:443 with timeout 30000
21:38:11.570 [pool-1-thread-2] INFO com.intuit.karate.Runner - <<pass>> feature 2 of 8: src/test/resources/feature/comprar_album.feature
---------------------------------------------------------
feature: src/test/resources/feature/comprar_album.feature
report: target\reporte\src.test.resources.feature.comprar_album.json
scenarios:  3 | passed:  3 | failed:  0 | time: 10,4436
---------------------------------------------------------
21:38:11.704 [ForkJoinPool-1-worker-1] DEBUG org.apache.http.conn.ssl.SSLConnectionSocketFactory - Enabled protocols: [TLSv1, TLSv1.1, TLSv1.2]
21:38:11.704 [ForkJoinPool-1-worker-1] DEBUG org.apache.http.conn.ssl.SSLConnectionSocketFactory - Enabled cipher suites:[TLS_ECDHE_ECDSA_WITH_AES_256_CBC_SHA384, TLS_ECDHE_RSA_WITH_AES_256_CBC_SHA384, TLS_RSA_WITH_AES_256_CBC_SHA256, TLS_ECDH_ECDSA_WITH_AES_256_CBC_SHA384, TLS_ECDH_RSA_WITH_AES_256_CBC_SHA384, TLS_DHE_RSA_WITH_AES_256_CBC_SHA256, TLS_DHE_DSS_WITH_AES_256_CBC_SHA256, TLS_ECDHE_ECDSA_WITH_AES_256_CBC_SHA, TLS_ECDHE_RSA_WITH_AES_256_CBC_SHA, TLS_RSA_WITH_AES_256_CBC_SHA, TLS_ECDH_ECDSA_WITH_AES_256_CBC_SHA, TLS_ECDH_RSA_WITH_AES_256_CBC_SHA, TLS_DHE_RSA_WITH_AES_256_CBC_SHA, TLS_DHE_DSS_WITH_AES_256_CBC_SHA, TLS_ECDHE_ECDSA_WITH_AES_128_CBC_SHA256, TLS_ECDHE_RSA_WITH_AES_128_CBC_SHA256, TLS_RSA_WITH_AES_128_CBC_SHA256, TLS_ECDH_ECDSA_WITH_AES_128_CBC_SHA256, TLS_ECDH_RSA_WITH_AES_128_CBC_SHA256, TLS_DHE_RSA_WITH_AES_128_CBC_SHA256, TLS_DHE_DSS_WITH_AES_128_CBC_SHA256, TLS_ECDHE_ECDSA_WITH_AES_128_CBC_SHA, TLS_ECDHE_RSA_WITH_AES_128_CBC_SHA, TLS_RSA_WITH_AES_128_CBC_SHA, TLS_ECDH_ECDSA_WITH_AES_128_CBC_SHA, TLS_ECDH_RSA_WITH_AES_128_CBC_SHA, TLS_DHE_RSA_WITH_AES_128_CBC_SHA, TLS_DHE_DSS_WITH_AES_128_CBC_SHA, TLS_ECDHE_ECDSA_WITH_AES_256_GCM_SHA384, TLS_ECDHE_ECDSA_WITH_AES_128_GCM_SHA256, TLS_ECDHE_RSA_WITH_AES_256_GCM_SHA384, TLS_RSA_WITH_AES_256_GCM_SHA384, TLS_ECDH_ECDSA_WITH_AES_256_GCM_SHA384, TLS_ECDH_RSA_WITH_AES_256_GCM_SHA384, TLS_DHE_RSA_WITH_AES_256_GCM_SHA384, TLS_DHE_DSS_WITH_AES_256_GCM_SHA384, TLS_ECDHE_RSA_WITH_AES_128_GCM_SHA256, TLS_RSA_WITH_AES_128_GCM_SHA256, TLS_ECDH_ECDSA_WITH_AES_128_GCM_SHA256, TLS_ECDH_RSA_WITH_AES_128_GCM_SHA256, TLS_DHE_RSA_WITH_AES_128_GCM_SHA256, TLS_DHE_DSS_WITH_AES_128_GCM_SHA256, TLS_EMPTY_RENEGOTIATION_INFO_SCSV]
21:38:11.704 [ForkJoinPool-1-worker-1] DEBUG org.apache.http.conn.ssl.SSLConnectionSocketFactory - Starting handshake
21:38:11.734 [ForkJoinPool-1-worker-2] DEBUG org.apache.http.wire - http-outgoing-16 << "HTTP/1.1 200 OK[\r][\n]"
21:38:11.734 [ForkJoinPool-1-worker-2] DEBUG org.apache.http.wire - http-outgoing-16 << "Server: Cowboy[\r][\n]"
21:38:11.734 [ForkJoinPool-1-worker-2] DEBUG org.apache.http.wire - http-outgoing-16 << "Connection: keep-alive[\r][\n]"
21:38:11.734 [ForkJoinPool-1-worker-2] DEBUG org.apache.http.wire - http-outgoing-16 << "X-Powered-By: Express[\r][\n]"
21:38:11.734 [ForkJoinPool-1-worker-2] DEBUG org.apache.http.wire - http-outgoing-16 << "Authorization: eyJ0eXAiOiJKV1QiLCJhbGciOiJIUzI1NiJ9.eyJ1c2VySWQiOjE0Niwicm9sZSI6ImFkbWluIiwiaWF0IjoxNjAwMTM3NDkyLjExOCwiZXhwIjoxNjAwMTM5MjkyLjExOH0.Y-nMRZN_sD6eKcoKxyaMlmcdpU6GO6EAzUiBA2MqP6c[\r][\n]"
21:38:11.734 [ForkJoinPool-1-worker-2] DEBUG org.apache.http.wire - http-outgoing-16 << "Content-Type: application/json; charset=utf-8[\r][\n]"
21:38:11.734 [ForkJoinPool-1-worker-2] DEBUG org.apache.http.wire - http-outgoing-16 << "Content-Length: 51[\r][\n]"
21:38:11.734 [ForkJoinPool-1-worker-2] DEBUG org.apache.http.wire - http-outgoing-16 << "Etag: W/"33-WD1oz6RfOu1sYRmZ+PVBbydy/pg"[\r][\n]"
21:38:11.734 [ForkJoinPool-1-worker-2] DEBUG org.apache.http.wire - http-outgoing-16 << "Date: Tue, 15 Sep 2020 02:38:12 GMT[\r][\n]"
21:38:11.734 [ForkJoinPool-1-worker-2] DEBUG org.apache.http.wire - http-outgoing-16 << "Via: 1.1 vegur[\r][\n]"
21:38:11.734 [ForkJoinPool-1-worker-2] DEBUG org.apache.http.wire - http-outgoing-16 << "[\r][\n]"
21:38:11.734 [ForkJoinPool-1-worker-2] DEBUG org.apache.http.wire - http-outgoing-16 << "{"user_id":146,"token_expires_at":"1600139292.118"}"
21:38:11.735 [ForkJoinPool-1-worker-2] DEBUG org.apache.http.headers - http-outgoing-16 << HTTP/1.1 200 OK
21:38:11.735 [ForkJoinPool-1-worker-2] DEBUG org.apache.http.headers - http-outgoing-16 << Server: Cowboy
21:38:11.735 [ForkJoinPool-1-worker-2] DEBUG org.apache.http.headers - http-outgoing-16 << Connection: keep-alive
21:38:11.735 [ForkJoinPool-1-worker-2] DEBUG org.apache.http.headers - http-outgoing-16 << X-Powered-By: Express
21:38:11.735 [ForkJoinPool-1-worker-2] DEBUG org.apache.http.headers - http-outgoing-16 << Authorization: eyJ0eXAiOiJKV1QiLCJhbGciOiJIUzI1NiJ9.eyJ1c2VySWQiOjE0Niwicm9sZSI6ImFkbWluIiwiaWF0IjoxNjAwMTM3NDkyLjExOCwiZXhwIjoxNjAwMTM5MjkyLjExOH0.Y-nMRZN_sD6eKcoKxyaMlmcdpU6GO6EAzUiBA2MqP6c
21:38:11.735 [ForkJoinPool-1-worker-2] DEBUG org.apache.http.headers - http-outgoing-16 << Content-Type: application/json; charset=utf-8
21:38:11.735 [ForkJoinPool-1-worker-2] DEBUG org.apache.http.headers - http-outgoing-16 << Content-Length: 51
21:38:11.735 [ForkJoinPool-1-worker-2] DEBUG org.apache.http.headers - http-outgoing-16 << Etag: W/"33-WD1oz6RfOu1sYRmZ+PVBbydy/pg"
21:38:11.735 [ForkJoinPool-1-worker-2] DEBUG org.apache.http.headers - http-outgoing-16 << Date: Tue, 15 Sep 2020 02:38:12 GMT
21:38:11.735 [ForkJoinPool-1-worker-2] DEBUG org.apache.http.headers - http-outgoing-16 << Via: 1.1 vegur
21:38:11.735 [ForkJoinPool-1-worker-2] DEBUG org.apache.http.impl.execchain.MainClientExec - Connection can be kept alive indefinitely
21:38:11.735 [ForkJoinPool-1-worker-2] DEBUG org.apache.http.impl.conn.PoolingHttpClientConnectionManager - Connection [id: 16][route: {s}->https://nodejs-qa-training.herokuapp.com:443] can be kept alive indefinitely
21:38:11.735 [ForkJoinPool-1-worker-2] DEBUG org.apache.http.impl.conn.DefaultManagedHttpClientConnection - http-outgoing-16: set socket timeout to 0
21:38:11.735 [ForkJoinPool-1-worker-2] DEBUG org.apache.http.impl.conn.PoolingHttpClientConnectionManager - Connection released: [id: 16][route: {s}->https://nodejs-qa-training.herokuapp.com:443][total available: 1; route allocated: 1 of 5; total allocated: 1 of 10]
21:38:11.735 [ForkJoinPool-1-worker-2] DEBUG com.intuit.karate - response time in milliseconds: 782,98
1 < 200
1 < Authorization: eyJ0eXAiOiJKV1QiLCJhbGciOiJIUzI1NiJ9.eyJ1c2VySWQiOjE0Niwicm9sZSI6ImFkbWluIiwiaWF0IjoxNjAwMTM3NDkyLjExOCwiZXhwIjoxNjAwMTM5MjkyLjExOH0.Y-nMRZN_sD6eKcoKxyaMlmcdpU6GO6EAzUiBA2MqP6c
1 < Connection: keep-alive
1 < Content-Length: 51
1 < Content-Type: application/json; charset=utf-8
1 < Date: Tue, 15 Sep 2020 02:38:12 GMT
1 < Etag: W/"33-WD1oz6RfOu1sYRmZ+PVBbydy/pg"
1 < Server: Cowboy
1 < Via: 1.1 vegur
1 < X-Powered-By: Express
{"user_id":146,"token_expires_at":"1600139292.118"}

21:38:11.736 [ForkJoinPool-1-worker-2] DEBUG com.jayway.jsonpath.internal.path.CompiledPath - Evaluating path: $
21:38:11.736 [ForkJoinPool-1-worker-2] INFO com.intuit.karate - [print] {
  "token_expires_at": "1600139292.118",
  "user_id": 146
}

21:38:11.737 [ForkJoinPool-1-worker-2] INFO com.intuit.karate - [print] eyJ0eXAiOiJKV1QiLCJhbGciOiJIUzI1NiJ9.eyJ1c2VySWQiOjE0Niwicm9sZSI6ImFkbWluIiwiaWF0IjoxNjAwMTM3NDkyLjExOCwiZXhwIjoxNjAwMTM5MjkyLjExOH0.Y-nMRZN_sD6eKcoKxyaMlmcdpU6GO6EAzUiBA2MqP6c
21:38:11.738 [ForkJoinPool-1-worker-2] DEBUG com.jayway.jsonpath.internal.path.CompiledPath - Evaluating path: $['user_id']
21:38:11.747 [ForkJoinPool-1-worker-2] DEBUG com.jayway.jsonpath.internal.path.CompiledPath - Evaluating path: $
21:38:11.747 [ForkJoinPool-1-worker-2] DEBUG com.jayway.jsonpath.internal.path.CompiledPath - Evaluating path: $
21:38:11.747 [ForkJoinPool-1-worker-2] DEBUG com.jayway.jsonpath.internal.path.CompiledPath - Evaluating path: $
21:38:11.748 [ForkJoinPool-1-worker-2] DEBUG com.jayway.jsonpath.internal.path.CompiledPath - Evaluating path: $['Authorization'][0]
21:38:11.752 [ForkJoinPool-1-worker-2] DEBUG org.apache.http.client.protocol.RequestAddCookies - CookieSpec selected: karate
21:38:11.752 [ForkJoinPool-1-worker-2] DEBUG org.apache.http.client.protocol.RequestAuthCache - Auth cache not set in the context
21:38:11.752 [ForkJoinPool-1-worker-2] DEBUG com.intuit.karate - request:
1 > GET https://nodejs-qa-training.herokuapp.com/albums
1 > Accept-Encoding: gzip,deflate
1 > Authorization: eyJ0eXAiOiJKV1QiLCJhbGciOiJIUzI1NiJ9.eyJ1c2VySWQiOjE0Niwicm9sZSI6ImFkbWluIiwiaWF0IjoxNjAwMTM3NDkyLjExOCwiZXhwIjoxNjAwMTM5MjkyLjExOH0.Y-nMRZN_sD6eKcoKxyaMlmcdpU6GO6EAzUiBA2MqP6c
1 > Connection: Keep-Alive
1 > Content-Type: application/json
1 > Host: nodejs-qa-training.herokuapp.com
1 > User-Agent: Apache-HttpClient/4.5.11 (Java/1.8.0_171)

21:38:11.752 [ForkJoinPool-1-worker-2] DEBUG org.apache.http.impl.conn.PoolingHttpClientConnectionManager - Connection request: [route: {s}->https://nodejs-qa-training.herokuapp.com:443][total available: 0; route allocated: 0 of 5; total allocated: 0 of 10]
21:38:11.753 [ForkJoinPool-1-worker-2] DEBUG org.apache.http.impl.conn.PoolingHttpClientConnectionManager - Connection leased: [id: 19][route: {s}->https://nodejs-qa-training.herokuapp.com:443][total available: 0; route allocated: 1 of 5; total allocated: 1 of 10]
21:38:11.753 [ForkJoinPool-1-worker-2] DEBUG org.apache.http.impl.execchain.MainClientExec - Opening connection {s}->https://nodejs-qa-training.herokuapp.com:443
21:38:11.753 [ForkJoinPool-1-worker-2] DEBUG org.apache.http.impl.conn.DefaultHttpClientConnectionOperator - Connecting to nodejs-qa-training.herokuapp.com/52.20.101.119:443
21:38:11.753 [ForkJoinPool-1-worker-2] DEBUG org.apache.http.conn.ssl.SSLConnectionSocketFactory - Connecting socket to nodejs-qa-training.herokuapp.com/52.20.101.119:443 with timeout 30000
21:38:11.806 [ForkJoinPool-1-worker-3] DEBUG org.apache.http.conn.ssl.SSLConnectionSocketFactory - Secure session established
21:38:11.806 [ForkJoinPool-1-worker-3] DEBUG org.apache.http.conn.ssl.SSLConnectionSocketFactory -  negotiated protocol: TLSv1.2
21:38:11.806 [ForkJoinPool-1-worker-3] DEBUG org.apache.http.conn.ssl.SSLConnectionSocketFactory -  negotiated cipher suite: TLS_ECDHE_RSA_WITH_AES_128_GCM_SHA256
21:38:11.806 [ForkJoinPool-1-worker-3] DEBUG org.apache.http.conn.ssl.SSLConnectionSocketFactory -  peer principal: CN=*.herokuapp.com, O="Heroku, Inc.", L=San Francisco, ST=California, C=US
21:38:11.806 [ForkJoinPool-1-worker-3] DEBUG org.apache.http.conn.ssl.SSLConnectionSocketFactory -  peer alternative names: [*.herokuapp.com, herokuapp.com]
21:38:11.806 [ForkJoinPool-1-worker-3] DEBUG org.apache.http.conn.ssl.SSLConnectionSocketFactory -  issuer principal: CN=DigiCert SHA2 High Assurance Server CA, OU=www.digicert.com, O=DigiCert Inc, C=US
21:38:11.806 [ForkJoinPool-1-worker-3] DEBUG org.apache.http.impl.conn.DefaultHttpClientConnectionOperator - Connection established 192.168.1.7:51358<->52.20.101.119:443
21:38:11.806 [ForkJoinPool-1-worker-3] DEBUG org.apache.http.impl.conn.DefaultManagedHttpClientConnection - http-outgoing-17: set socket timeout to 30000
21:38:11.806 [ForkJoinPool-1-worker-3] DEBUG org.apache.http.impl.execchain.MainClientExec - Executing request POST /users/sessions/ HTTP/1.1
21:38:11.807 [ForkJoinPool-1-worker-3] DEBUG org.apache.http.impl.execchain.MainClientExec - Target auth state: UNCHALLENGED
21:38:11.807 [ForkJoinPool-1-worker-3] DEBUG org.apache.http.impl.execchain.MainClientExec - Proxy auth state: UNCHALLENGED
21:38:11.807 [ForkJoinPool-1-worker-3] DEBUG org.apache.http.headers - http-outgoing-17 >> POST /users/sessions/ HTTP/1.1
21:38:11.807 [ForkJoinPool-1-worker-3] DEBUG org.apache.http.headers - http-outgoing-17 >> Content-Type: application/json; charset=UTF-8
21:38:11.807 [ForkJoinPool-1-worker-3] DEBUG org.apache.http.headers - http-outgoing-17 >> Content-Length: 56
21:38:11.807 [ForkJoinPool-1-worker-3] DEBUG org.apache.http.headers - http-outgoing-17 >> Host: nodejs-qa-training.herokuapp.com
21:38:11.807 [ForkJoinPool-1-worker-3] DEBUG org.apache.http.headers - http-outgoing-17 >> Connection: Keep-Alive
21:38:11.807 [ForkJoinPool-1-worker-3] DEBUG org.apache.http.headers - http-outgoing-17 >> User-Agent: Apache-HttpClient/4.5.11 (Java/1.8.0_171)
21:38:11.807 [ForkJoinPool-1-worker-3] DEBUG org.apache.http.headers - http-outgoing-17 >> Accept-Encoding: gzip,deflate
21:38:11.807 [ForkJoinPool-1-worker-3] DEBUG org.apache.http.wire - http-outgoing-17 >> "POST /users/sessions/ HTTP/1.1[\r][\n]"
21:38:11.807 [ForkJoinPool-1-worker-3] DEBUG org.apache.http.wire - http-outgoing-17 >> "Content-Type: application/json; charset=UTF-8[\r][\n]"
21:38:11.807 [ForkJoinPool-1-worker-3] DEBUG org.apache.http.wire - http-outgoing-17 >> "Content-Length: 56[\r][\n]"
21:38:11.807 [ForkJoinPool-1-worker-3] DEBUG org.apache.http.wire - http-outgoing-17 >> "Host: nodejs-qa-training.herokuapp.com[\r][\n]"
21:38:11.807 [ForkJoinPool-1-worker-3] DEBUG org.apache.http.wire - http-outgoing-17 >> "Connection: Keep-Alive[\r][\n]"
21:38:11.807 [ForkJoinPool-1-worker-3] DEBUG org.apache.http.wire - http-outgoing-17 >> "User-Agent: Apache-HttpClient/4.5.11 (Java/1.8.0_171)[\r][\n]"
21:38:11.807 [ForkJoinPool-1-worker-3] DEBUG org.apache.http.wire - http-outgoing-17 >> "Accept-Encoding: gzip,deflate[\r][\n]"
21:38:11.807 [ForkJoinPool-1-worker-3] DEBUG org.apache.http.wire - http-outgoing-17 >> "[\r][\n]"
21:38:11.807 [ForkJoinPool-1-worker-3] DEBUG org.apache.http.wire - http-outgoing-17 >> "{"email":"hernan00@wolox.com.ar","password":"Hernan123"}"
21:38:11.907 [ForkJoinPool-1-worker-2] DEBUG org.apache.http.conn.ssl.SSLConnectionSocketFactory - Enabled protocols: [TLSv1, TLSv1.1, TLSv1.2]
21:38:11.907 [ForkJoinPool-1-worker-2] DEBUG org.apache.http.conn.ssl.SSLConnectionSocketFactory - Enabled cipher suites:[TLS_ECDHE_ECDSA_WITH_AES_256_CBC_SHA384, TLS_ECDHE_RSA_WITH_AES_256_CBC_SHA384, TLS_RSA_WITH_AES_256_CBC_SHA256, TLS_ECDH_ECDSA_WITH_AES_256_CBC_SHA384, TLS_ECDH_RSA_WITH_AES_256_CBC_SHA384, TLS_DHE_RSA_WITH_AES_256_CBC_SHA256, TLS_DHE_DSS_WITH_AES_256_CBC_SHA256, TLS_ECDHE_ECDSA_WITH_AES_256_CBC_SHA, TLS_ECDHE_RSA_WITH_AES_256_CBC_SHA, TLS_RSA_WITH_AES_256_CBC_SHA, TLS_ECDH_ECDSA_WITH_AES_256_CBC_SHA, TLS_ECDH_RSA_WITH_AES_256_CBC_SHA, TLS_DHE_RSA_WITH_AES_256_CBC_SHA, TLS_DHE_DSS_WITH_AES_256_CBC_SHA, TLS_ECDHE_ECDSA_WITH_AES_128_CBC_SHA256, TLS_ECDHE_RSA_WITH_AES_128_CBC_SHA256, TLS_RSA_WITH_AES_128_CBC_SHA256, TLS_ECDH_ECDSA_WITH_AES_128_CBC_SHA256, TLS_ECDH_RSA_WITH_AES_128_CBC_SHA256, TLS_DHE_RSA_WITH_AES_128_CBC_SHA256, TLS_DHE_DSS_WITH_AES_128_CBC_SHA256, TLS_ECDHE_ECDSA_WITH_AES_128_CBC_SHA, TLS_ECDHE_RSA_WITH_AES_128_CBC_SHA, TLS_RSA_WITH_AES_128_CBC_SHA, TLS_ECDH_ECDSA_WITH_AES_128_CBC_SHA, TLS_ECDH_RSA_WITH_AES_128_CBC_SHA, TLS_DHE_RSA_WITH_AES_128_CBC_SHA, TLS_DHE_DSS_WITH_AES_128_CBC_SHA, TLS_ECDHE_ECDSA_WITH_AES_256_GCM_SHA384, TLS_ECDHE_ECDSA_WITH_AES_128_GCM_SHA256, TLS_ECDHE_RSA_WITH_AES_256_GCM_SHA384, TLS_RSA_WITH_AES_256_GCM_SHA384, TLS_ECDH_ECDSA_WITH_AES_256_GCM_SHA384, TLS_ECDH_RSA_WITH_AES_256_GCM_SHA384, TLS_DHE_RSA_WITH_AES_256_GCM_SHA384, TLS_DHE_DSS_WITH_AES_256_GCM_SHA384, TLS_ECDHE_RSA_WITH_AES_128_GCM_SHA256, TLS_RSA_WITH_AES_128_GCM_SHA256, TLS_ECDH_ECDSA_WITH_AES_128_GCM_SHA256, TLS_ECDH_RSA_WITH_AES_128_GCM_SHA256, TLS_DHE_RSA_WITH_AES_128_GCM_SHA256, TLS_DHE_DSS_WITH_AES_128_GCM_SHA256, TLS_EMPTY_RENEGOTIATION_INFO_SCSV]
21:38:11.907 [ForkJoinPool-1-worker-2] DEBUG org.apache.http.conn.ssl.SSLConnectionSocketFactory - Starting handshake
21:38:12.024 [ForkJoinPool-1-worker-1] DEBUG org.apache.http.conn.ssl.SSLConnectionSocketFactory - Secure session established
21:38:12.025 [ForkJoinPool-1-worker-1] DEBUG org.apache.http.conn.ssl.SSLConnectionSocketFactory -  negotiated protocol: TLSv1.2
21:38:12.025 [ForkJoinPool-1-worker-1] DEBUG org.apache.http.conn.ssl.SSLConnectionSocketFactory -  negotiated cipher suite: TLS_ECDHE_RSA_WITH_AES_128_GCM_SHA256
21:38:12.025 [ForkJoinPool-1-worker-1] DEBUG org.apache.http.conn.ssl.SSLConnectionSocketFactory -  peer principal: CN=*.herokuapp.com, O="Heroku, Inc.", L=San Francisco, ST=California, C=US
21:38:12.025 [ForkJoinPool-1-worker-1] DEBUG org.apache.http.conn.ssl.SSLConnectionSocketFactory -  peer alternative names: [*.herokuapp.com, herokuapp.com]
21:38:12.025 [ForkJoinPool-1-worker-1] DEBUG org.apache.http.conn.ssl.SSLConnectionSocketFactory -  issuer principal: CN=DigiCert SHA2 High Assurance Server CA, OU=www.digicert.com, O=DigiCert Inc, C=US
21:38:12.025 [ForkJoinPool-1-worker-1] DEBUG org.apache.http.impl.conn.DefaultHttpClientConnectionOperator - Connection established 192.168.1.7:51359<->52.20.101.119:443
21:38:12.026 [ForkJoinPool-1-worker-1] DEBUG org.apache.http.impl.conn.DefaultManagedHttpClientConnection - http-outgoing-18: set socket timeout to 30000
21:38:12.026 [ForkJoinPool-1-worker-1] DEBUG org.apache.http.impl.execchain.MainClientExec - Executing request POST /users/sessions/ HTTP/1.1
21:38:12.026 [ForkJoinPool-1-worker-1] DEBUG org.apache.http.impl.execchain.MainClientExec - Target auth state: UNCHALLENGED
21:38:12.026 [ForkJoinPool-1-worker-1] DEBUG org.apache.http.impl.execchain.MainClientExec - Proxy auth state: UNCHALLENGED
21:38:12.026 [ForkJoinPool-1-worker-1] DEBUG org.apache.http.headers - http-outgoing-18 >> POST /users/sessions/ HTTP/1.1
21:38:12.026 [ForkJoinPool-1-worker-1] DEBUG org.apache.http.headers - http-outgoing-18 >> Content-Type: application/json; charset=UTF-8
21:38:12.026 [ForkJoinPool-1-worker-1] DEBUG org.apache.http.headers - http-outgoing-18 >> Content-Length: 56
21:38:12.026 [ForkJoinPool-1-worker-1] DEBUG org.apache.http.headers - http-outgoing-18 >> Host: nodejs-qa-training.herokuapp.com
21:38:12.026 [ForkJoinPool-1-worker-1] DEBUG org.apache.http.headers - http-outgoing-18 >> Connection: Keep-Alive
21:38:12.026 [ForkJoinPool-1-worker-1] DEBUG org.apache.http.headers - http-outgoing-18 >> User-Agent: Apache-HttpClient/4.5.11 (Java/1.8.0_171)
21:38:12.026 [ForkJoinPool-1-worker-1] DEBUG org.apache.http.headers - http-outgoing-18 >> Accept-Encoding: gzip,deflate
21:38:12.027 [ForkJoinPool-1-worker-1] DEBUG org.apache.http.wire - http-outgoing-18 >> "POST /users/sessions/ HTTP/1.1[\r][\n]"
21:38:12.028 [ForkJoinPool-1-worker-1] DEBUG org.apache.http.wire - http-outgoing-18 >> "Content-Type: application/json; charset=UTF-8[\r][\n]"
21:38:12.028 [ForkJoinPool-1-worker-1] DEBUG org.apache.http.wire - http-outgoing-18 >> "Content-Length: 56[\r][\n]"
21:38:12.028 [ForkJoinPool-1-worker-1] DEBUG org.apache.http.wire - http-outgoing-18 >> "Host: nodejs-qa-training.herokuapp.com[\r][\n]"
21:38:12.028 [ForkJoinPool-1-worker-1] DEBUG org.apache.http.wire - http-outgoing-18 >> "Connection: Keep-Alive[\r][\n]"
21:38:12.028 [ForkJoinPool-1-worker-1] DEBUG org.apache.http.wire - http-outgoing-18 >> "User-Agent: Apache-HttpClient/4.5.11 (Java/1.8.0_171)[\r][\n]"
21:38:12.028 [ForkJoinPool-1-worker-1] DEBUG org.apache.http.wire - http-outgoing-18 >> "Accept-Encoding: gzip,deflate[\r][\n]"
21:38:12.028 [ForkJoinPool-1-worker-1] DEBUG org.apache.http.wire - http-outgoing-18 >> "[\r][\n]"
21:38:12.028 [ForkJoinPool-1-worker-1] DEBUG org.apache.http.wire - http-outgoing-18 >> "{"email":"hernan00@wolox.com.ar","password":"Hernan123"}"
21:38:12.083 [ForkJoinPool-1-worker-3] DEBUG org.apache.http.wire - http-outgoing-17 << "HTTP/1.1 200 OK[\r][\n]"
21:38:12.083 [ForkJoinPool-1-worker-3] DEBUG org.apache.http.wire - http-outgoing-17 << "Server: Cowboy[\r][\n]"
21:38:12.083 [ForkJoinPool-1-worker-3] DEBUG org.apache.http.wire - http-outgoing-17 << "Connection: keep-alive[\r][\n]"
21:38:12.083 [ForkJoinPool-1-worker-3] DEBUG org.apache.http.wire - http-outgoing-17 << "X-Powered-By: Express[\r][\n]"
21:38:12.083 [ForkJoinPool-1-worker-3] DEBUG org.apache.http.wire - http-outgoing-17 << "Authorization: eyJ0eXAiOiJKV1QiLCJhbGciOiJIUzI1NiJ9.eyJ1c2VySWQiOjI1OCwicm9sZSI6InJlZ3VsYXIiLCJpYXQiOjE2MDAxMzc0OTIuNDg5LCJleHAiOjE2MDAxMzkyOTIuNDg5fQ.DVu4HeWwpz8l89bCfcYFQvpchU3aZhOs0gBWzH4tdZU[\r][\n]"
21:38:12.083 [ForkJoinPool-1-worker-3] DEBUG org.apache.http.wire - http-outgoing-17 << "Content-Type: application/json; charset=utf-8[\r][\n]"
21:38:12.083 [ForkJoinPool-1-worker-3] DEBUG org.apache.http.wire - http-outgoing-17 << "Content-Length: 51[\r][\n]"
21:38:12.083 [ForkJoinPool-1-worker-3] DEBUG org.apache.http.wire - http-outgoing-17 << "Etag: W/"33-CwLAZQVxZI2YU5+a+s6q3GXw7vs"[\r][\n]"
21:38:12.083 [ForkJoinPool-1-worker-3] DEBUG org.apache.http.wire - http-outgoing-17 << "Date: Tue, 15 Sep 2020 02:38:12 GMT[\r][\n]"
21:38:12.083 [ForkJoinPool-1-worker-3] DEBUG org.apache.http.wire - http-outgoing-17 << "Via: 1.1 vegur[\r][\n]"
21:38:12.083 [ForkJoinPool-1-worker-3] DEBUG org.apache.http.wire - http-outgoing-17 << "[\r][\n]"
21:38:12.083 [ForkJoinPool-1-worker-3] DEBUG org.apache.http.wire - http-outgoing-17 << "{"user_id":258,"token_expires_at":"1600139292.489"}"
21:38:12.083 [ForkJoinPool-1-worker-3] DEBUG org.apache.http.headers - http-outgoing-17 << HTTP/1.1 200 OK
21:38:12.083 [ForkJoinPool-1-worker-3] DEBUG org.apache.http.headers - http-outgoing-17 << Server: Cowboy
21:38:12.083 [ForkJoinPool-1-worker-3] DEBUG org.apache.http.headers - http-outgoing-17 << Connection: keep-alive
21:38:12.083 [ForkJoinPool-1-worker-3] DEBUG org.apache.http.headers - http-outgoing-17 << X-Powered-By: Express
21:38:12.083 [ForkJoinPool-1-worker-3] DEBUG org.apache.http.headers - http-outgoing-17 << Authorization: eyJ0eXAiOiJKV1QiLCJhbGciOiJIUzI1NiJ9.eyJ1c2VySWQiOjI1OCwicm9sZSI6InJlZ3VsYXIiLCJpYXQiOjE2MDAxMzc0OTIuNDg5LCJleHAiOjE2MDAxMzkyOTIuNDg5fQ.DVu4HeWwpz8l89bCfcYFQvpchU3aZhOs0gBWzH4tdZU
21:38:12.083 [ForkJoinPool-1-worker-3] DEBUG org.apache.http.headers - http-outgoing-17 << Content-Type: application/json; charset=utf-8
21:38:12.083 [ForkJoinPool-1-worker-3] DEBUG org.apache.http.headers - http-outgoing-17 << Content-Length: 51
21:38:12.083 [ForkJoinPool-1-worker-3] DEBUG org.apache.http.headers - http-outgoing-17 << Etag: W/"33-CwLAZQVxZI2YU5+a+s6q3GXw7vs"
21:38:12.083 [ForkJoinPool-1-worker-3] DEBUG org.apache.http.headers - http-outgoing-17 << Date: Tue, 15 Sep 2020 02:38:12 GMT
21:38:12.083 [ForkJoinPool-1-worker-3] DEBUG org.apache.http.headers - http-outgoing-17 << Via: 1.1 vegur
21:38:12.084 [ForkJoinPool-1-worker-3] DEBUG org.apache.http.impl.execchain.MainClientExec - Connection can be kept alive indefinitely
21:38:12.084 [ForkJoinPool-1-worker-3] DEBUG org.apache.http.impl.conn.PoolingHttpClientConnectionManager - Connection [id: 17][route: {s}->https://nodejs-qa-training.herokuapp.com:443] can be kept alive indefinitely
21:38:12.084 [ForkJoinPool-1-worker-3] DEBUG org.apache.http.impl.conn.DefaultManagedHttpClientConnection - http-outgoing-17: set socket timeout to 0
21:38:12.084 [ForkJoinPool-1-worker-3] DEBUG org.apache.http.impl.conn.PoolingHttpClientConnectionManager - Connection released: [id: 17][route: {s}->https://nodejs-qa-training.herokuapp.com:443][total available: 1; route allocated: 1 of 5; total allocated: 1 of 10]
21:38:12.084 [ForkJoinPool-1-worker-3] DEBUG com.intuit.karate - response time in milliseconds: 680,24
1 < 200
1 < Authorization: eyJ0eXAiOiJKV1QiLCJhbGciOiJIUzI1NiJ9.eyJ1c2VySWQiOjI1OCwicm9sZSI6InJlZ3VsYXIiLCJpYXQiOjE2MDAxMzc0OTIuNDg5LCJleHAiOjE2MDAxMzkyOTIuNDg5fQ.DVu4HeWwpz8l89bCfcYFQvpchU3aZhOs0gBWzH4tdZU
1 < Connection: keep-alive
1 < Content-Length: 51
1 < Content-Type: application/json; charset=utf-8
1 < Date: Tue, 15 Sep 2020 02:38:12 GMT
1 < Etag: W/"33-CwLAZQVxZI2YU5+a+s6q3GXw7vs"
1 < Server: Cowboy
1 < Via: 1.1 vegur
1 < X-Powered-By: Express
{"user_id":258,"token_expires_at":"1600139292.489"}

21:38:12.085 [ForkJoinPool-1-worker-3] DEBUG com.jayway.jsonpath.internal.path.CompiledPath - Evaluating path: $
21:38:12.086 [ForkJoinPool-1-worker-3] INFO com.intuit.karate - [print] {
  "token_expires_at": "1600139292.489",
  "user_id": 258
}

21:38:12.087 [ForkJoinPool-1-worker-3] INFO com.intuit.karate - [print] eyJ0eXAiOiJKV1QiLCJhbGciOiJIUzI1NiJ9.eyJ1c2VySWQiOjI1OCwicm9sZSI6InJlZ3VsYXIiLCJpYXQiOjE2MDAxMzc0OTIuNDg5LCJleHAiOjE2MDAxMzkyOTIuNDg5fQ.DVu4HeWwpz8l89bCfcYFQvpchU3aZhOs0gBWzH4tdZU
21:38:12.088 [ForkJoinPool-1-worker-3] DEBUG com.jayway.jsonpath.internal.path.CompiledPath - Evaluating path: $['user_id']
21:38:12.104 [ForkJoinPool-1-worker-3] DEBUG com.jayway.jsonpath.internal.path.CompiledPath - Evaluating path: $
21:38:12.104 [ForkJoinPool-1-worker-3] DEBUG com.jayway.jsonpath.internal.path.CompiledPath - Evaluating path: $
21:38:12.104 [ForkJoinPool-1-worker-3] DEBUG com.jayway.jsonpath.internal.path.CompiledPath - Evaluating path: $
21:38:12.105 [ForkJoinPool-1-worker-3] DEBUG com.jayway.jsonpath.internal.path.CompiledPath - Evaluating path: $['Authorization'][0]
21:38:12.124 [ForkJoinPool-1-worker-3] DEBUG org.apache.http.client.protocol.RequestAddCookies - CookieSpec selected: karate
21:38:12.124 [ForkJoinPool-1-worker-3] DEBUG org.apache.http.client.protocol.RequestAuthCache - Auth cache not set in the context
21:38:12.124 [ForkJoinPool-1-worker-3] DEBUG com.intuit.karate - request:
1 > GET https://nodejs-qa-training.herokuapp.com/albums
1 > Accept-Encoding: gzip,deflate
1 > Authorization: eyJ0eXAiOiJKV1QiLCJhbGciOiJIUzI1NiJ9.eyJ1c2VySWQiOjI1OCwicm9sZSI6InJlZ3VsYXIiLCJpYXQiOjE2MDAxMzc0OTIuNDg5LCJleHAiOjE2MDAxMzkyOTIuNDg5fQ.DVu4HeWwpz8l89bCfcYFQvpchU3aZhOs0gBWzH4tdZU
1 > Connection: Keep-Alive
1 > Content-Type: application/json
1 > Host: nodejs-qa-training.herokuapp.com
1 > User-Agent: Apache-HttpClient/4.5.11 (Java/1.8.0_171)

21:38:12.129 [ForkJoinPool-1-worker-3] DEBUG org.apache.http.impl.conn.PoolingHttpClientConnectionManager - Connection request: [route: {s}->https://nodejs-qa-training.herokuapp.com:443][total available: 0; route allocated: 0 of 5; total allocated: 0 of 10]
21:38:12.129 [ForkJoinPool-1-worker-3] DEBUG org.apache.http.impl.conn.PoolingHttpClientConnectionManager - Connection leased: [id: 20][route: {s}->https://nodejs-qa-training.herokuapp.com:443][total available: 0; route allocated: 1 of 5; total allocated: 1 of 10]
21:38:12.129 [ForkJoinPool-1-worker-3] DEBUG org.apache.http.impl.execchain.MainClientExec - Opening connection {s}->https://nodejs-qa-training.herokuapp.com:443
21:38:12.129 [ForkJoinPool-1-worker-3] DEBUG org.apache.http.impl.conn.DefaultHttpClientConnectionOperator - Connecting to nodejs-qa-training.herokuapp.com/52.20.101.119:443
21:38:12.129 [ForkJoinPool-1-worker-3] DEBUG org.apache.http.conn.ssl.SSLConnectionSocketFactory - Connecting socket to nodejs-qa-training.herokuapp.com/52.20.101.119:443 with timeout 30000
21:38:12.165 [ForkJoinPool-1-worker-2] DEBUG org.apache.http.conn.ssl.SSLConnectionSocketFactory - Secure session established
21:38:12.165 [ForkJoinPool-1-worker-2] DEBUG org.apache.http.conn.ssl.SSLConnectionSocketFactory -  negotiated protocol: TLSv1.2
21:38:12.165 [ForkJoinPool-1-worker-2] DEBUG org.apache.http.conn.ssl.SSLConnectionSocketFactory -  negotiated cipher suite: TLS_ECDHE_RSA_WITH_AES_128_GCM_SHA256
21:38:12.165 [ForkJoinPool-1-worker-2] DEBUG org.apache.http.conn.ssl.SSLConnectionSocketFactory -  peer principal: CN=*.herokuapp.com, O="Heroku, Inc.", L=San Francisco, ST=California, C=US
21:38:12.165 [ForkJoinPool-1-worker-2] DEBUG org.apache.http.conn.ssl.SSLConnectionSocketFactory -  peer alternative names: [*.herokuapp.com, herokuapp.com]
21:38:12.165 [ForkJoinPool-1-worker-2] DEBUG org.apache.http.conn.ssl.SSLConnectionSocketFactory -  issuer principal: CN=DigiCert SHA2 High Assurance Server CA, OU=www.digicert.com, O=DigiCert Inc, C=US
21:38:12.165 [ForkJoinPool-1-worker-2] DEBUG org.apache.http.impl.conn.DefaultHttpClientConnectionOperator - Connection established 192.168.1.7:51360<->52.20.101.119:443
21:38:12.165 [ForkJoinPool-1-worker-2] DEBUG org.apache.http.impl.conn.DefaultManagedHttpClientConnection - http-outgoing-19: set socket timeout to 30000
21:38:12.165 [ForkJoinPool-1-worker-2] DEBUG org.apache.http.impl.execchain.MainClientExec - Executing request GET /albums HTTP/1.1
21:38:12.165 [ForkJoinPool-1-worker-2] DEBUG org.apache.http.impl.execchain.MainClientExec - Proxy auth state: UNCHALLENGED
21:38:12.165 [ForkJoinPool-1-worker-2] DEBUG org.apache.http.headers - http-outgoing-19 >> GET /albums HTTP/1.1
21:38:12.165 [ForkJoinPool-1-worker-2] DEBUG org.apache.http.headers - http-outgoing-19 >> Content-Type: application/json
21:38:12.165 [ForkJoinPool-1-worker-2] DEBUG org.apache.http.headers - http-outgoing-19 >> Authorization: eyJ0eXAiOiJKV1QiLCJhbGciOiJIUzI1NiJ9.eyJ1c2VySWQiOjE0Niwicm9sZSI6ImFkbWluIiwiaWF0IjoxNjAwMTM3NDkyLjExOCwiZXhwIjoxNjAwMTM5MjkyLjExOH0.Y-nMRZN_sD6eKcoKxyaMlmcdpU6GO6EAzUiBA2MqP6c
21:38:12.165 [ForkJoinPool-1-worker-2] DEBUG org.apache.http.headers - http-outgoing-19 >> Host: nodejs-qa-training.herokuapp.com
21:38:12.165 [ForkJoinPool-1-worker-2] DEBUG org.apache.http.headers - http-outgoing-19 >> Connection: Keep-Alive
21:38:12.165 [ForkJoinPool-1-worker-2] DEBUG org.apache.http.headers - http-outgoing-19 >> User-Agent: Apache-HttpClient/4.5.11 (Java/1.8.0_171)
21:38:12.165 [ForkJoinPool-1-worker-2] DEBUG org.apache.http.headers - http-outgoing-19 >> Accept-Encoding: gzip,deflate
21:38:12.165 [ForkJoinPool-1-worker-2] DEBUG org.apache.http.wire - http-outgoing-19 >> "GET /albums HTTP/1.1[\r][\n]"
21:38:12.165 [ForkJoinPool-1-worker-2] DEBUG org.apache.http.wire - http-outgoing-19 >> "Content-Type: application/json[\r][\n]"
21:38:12.165 [ForkJoinPool-1-worker-2] DEBUG org.apache.http.wire - http-outgoing-19 >> "Authorization: eyJ0eXAiOiJKV1QiLCJhbGciOiJIUzI1NiJ9.eyJ1c2VySWQiOjE0Niwicm9sZSI6ImFkbWluIiwiaWF0IjoxNjAwMTM3NDkyLjExOCwiZXhwIjoxNjAwMTM5MjkyLjExOH0.Y-nMRZN_sD6eKcoKxyaMlmcdpU6GO6EAzUiBA2MqP6c[\r][\n]"
21:38:12.165 [ForkJoinPool-1-worker-2] DEBUG org.apache.http.wire - http-outgoing-19 >> "Host: nodejs-qa-training.herokuapp.com[\r][\n]"
21:38:12.165 [ForkJoinPool-1-worker-2] DEBUG org.apache.http.wire - http-outgoing-19 >> "Connection: Keep-Alive[\r][\n]"
21:38:12.165 [ForkJoinPool-1-worker-2] DEBUG org.apache.http.wire - http-outgoing-19 >> "User-Agent: Apache-HttpClient/4.5.11 (Java/1.8.0_171)[\r][\n]"
21:38:12.165 [ForkJoinPool-1-worker-2] DEBUG org.apache.http.wire - http-outgoing-19 >> "Accept-Encoding: gzip,deflate[\r][\n]"
21:38:12.165 [ForkJoinPool-1-worker-2] DEBUG org.apache.http.wire - http-outgoing-19 >> "[\r][\n]"
21:38:12.244 [ForkJoinPool-1-worker-3] DEBUG org.apache.http.conn.ssl.SSLConnectionSocketFactory - Enabled protocols: [TLSv1, TLSv1.1, TLSv1.2]
21:38:12.244 [ForkJoinPool-1-worker-3] DEBUG org.apache.http.conn.ssl.SSLConnectionSocketFactory - Enabled cipher suites:[TLS_ECDHE_ECDSA_WITH_AES_256_CBC_SHA384, TLS_ECDHE_RSA_WITH_AES_256_CBC_SHA384, TLS_RSA_WITH_AES_256_CBC_SHA256, TLS_ECDH_ECDSA_WITH_AES_256_CBC_SHA384, TLS_ECDH_RSA_WITH_AES_256_CBC_SHA384, TLS_DHE_RSA_WITH_AES_256_CBC_SHA256, TLS_DHE_DSS_WITH_AES_256_CBC_SHA256, TLS_ECDHE_ECDSA_WITH_AES_256_CBC_SHA, TLS_ECDHE_RSA_WITH_AES_256_CBC_SHA, TLS_RSA_WITH_AES_256_CBC_SHA, TLS_ECDH_ECDSA_WITH_AES_256_CBC_SHA, TLS_ECDH_RSA_WITH_AES_256_CBC_SHA, TLS_DHE_RSA_WITH_AES_256_CBC_SHA, TLS_DHE_DSS_WITH_AES_256_CBC_SHA, TLS_ECDHE_ECDSA_WITH_AES_128_CBC_SHA256, TLS_ECDHE_RSA_WITH_AES_128_CBC_SHA256, TLS_RSA_WITH_AES_128_CBC_SHA256, TLS_ECDH_ECDSA_WITH_AES_128_CBC_SHA256, TLS_ECDH_RSA_WITH_AES_128_CBC_SHA256, TLS_DHE_RSA_WITH_AES_128_CBC_SHA256, TLS_DHE_DSS_WITH_AES_128_CBC_SHA256, TLS_ECDHE_ECDSA_WITH_AES_128_CBC_SHA, TLS_ECDHE_RSA_WITH_AES_128_CBC_SHA, TLS_RSA_WITH_AES_128_CBC_SHA, TLS_ECDH_ECDSA_WITH_AES_128_CBC_SHA, TLS_ECDH_RSA_WITH_AES_128_CBC_SHA, TLS_DHE_RSA_WITH_AES_128_CBC_SHA, TLS_DHE_DSS_WITH_AES_128_CBC_SHA, TLS_ECDHE_ECDSA_WITH_AES_256_GCM_SHA384, TLS_ECDHE_ECDSA_WITH_AES_128_GCM_SHA256, TLS_ECDHE_RSA_WITH_AES_256_GCM_SHA384, TLS_RSA_WITH_AES_256_GCM_SHA384, TLS_ECDH_ECDSA_WITH_AES_256_GCM_SHA384, TLS_ECDH_RSA_WITH_AES_256_GCM_SHA384, TLS_DHE_RSA_WITH_AES_256_GCM_SHA384, TLS_DHE_DSS_WITH_AES_256_GCM_SHA384, TLS_ECDHE_RSA_WITH_AES_128_GCM_SHA256, TLS_RSA_WITH_AES_128_GCM_SHA256, TLS_ECDH_ECDSA_WITH_AES_128_GCM_SHA256, TLS_ECDH_RSA_WITH_AES_128_GCM_SHA256, TLS_DHE_RSA_WITH_AES_128_GCM_SHA256, TLS_DHE_DSS_WITH_AES_128_GCM_SHA256, TLS_EMPTY_RENEGOTIATION_INFO_SCSV]
21:38:12.244 [ForkJoinPool-1-worker-3] DEBUG org.apache.http.conn.ssl.SSLConnectionSocketFactory - Starting handshake
21:38:12.324 [ForkJoinPool-1-worker-1] DEBUG org.apache.http.wire - http-outgoing-18 << "HTTP/1.1 200 OK[\r][\n]"
21:38:12.324 [ForkJoinPool-1-worker-1] DEBUG org.apache.http.wire - http-outgoing-18 << "Server: Cowboy[\r][\n]"
21:38:12.324 [ForkJoinPool-1-worker-1] DEBUG org.apache.http.wire - http-outgoing-18 << "Connection: keep-alive[\r][\n]"
21:38:12.324 [ForkJoinPool-1-worker-1] DEBUG org.apache.http.wire - http-outgoing-18 << "X-Powered-By: Express[\r][\n]"
21:38:12.324 [ForkJoinPool-1-worker-1] DEBUG org.apache.http.wire - http-outgoing-18 << "Authorization: eyJ0eXAiOiJKV1QiLCJhbGciOiJIUzI1NiJ9.eyJ1c2VySWQiOjI1OCwicm9sZSI6InJlZ3VsYXIiLCJpYXQiOjE2MDAxMzc0OTIuNzE1LCJleHAiOjE2MDAxMzkyOTIuNzE1fQ.xQiZ7IB46GU3-46lhCX_sSvCbcIY6mH63bNUjVOM1z8[\r][\n]"
21:38:12.324 [ForkJoinPool-1-worker-1] DEBUG org.apache.http.wire - http-outgoing-18 << "Content-Type: application/json; charset=utf-8[\r][\n]"
21:38:12.324 [ForkJoinPool-1-worker-1] DEBUG org.apache.http.wire - http-outgoing-18 << "Content-Length: 51[\r][\n]"
21:38:12.324 [ForkJoinPool-1-worker-1] DEBUG org.apache.http.wire - http-outgoing-18 << "Etag: W/"33-pb+2jVFTIx9SOkgKBWcK3o7N5eQ"[\r][\n]"
21:38:12.324 [ForkJoinPool-1-worker-1] DEBUG org.apache.http.wire - http-outgoing-18 << "Date: Tue, 15 Sep 2020 02:38:12 GMT[\r][\n]"
21:38:12.324 [ForkJoinPool-1-worker-1] DEBUG org.apache.http.wire - http-outgoing-18 << "Via: 1.1 vegur[\r][\n]"
21:38:12.324 [ForkJoinPool-1-worker-1] DEBUG org.apache.http.wire - http-outgoing-18 << "[\r][\n]"
21:38:12.324 [ForkJoinPool-1-worker-1] DEBUG org.apache.http.wire - http-outgoing-18 << "{"user_id":258,"token_expires_at":"1600139292.715"}"
21:38:12.325 [ForkJoinPool-1-worker-1] DEBUG org.apache.http.headers - http-outgoing-18 << HTTP/1.1 200 OK
21:38:12.325 [ForkJoinPool-1-worker-1] DEBUG org.apache.http.headers - http-outgoing-18 << Server: Cowboy
21:38:12.325 [ForkJoinPool-1-worker-1] DEBUG org.apache.http.headers - http-outgoing-18 << Connection: keep-alive
21:38:12.325 [ForkJoinPool-1-worker-1] DEBUG org.apache.http.headers - http-outgoing-18 << X-Powered-By: Express
21:38:12.325 [ForkJoinPool-1-worker-1] DEBUG org.apache.http.headers - http-outgoing-18 << Authorization: eyJ0eXAiOiJKV1QiLCJhbGciOiJIUzI1NiJ9.eyJ1c2VySWQiOjI1OCwicm9sZSI6InJlZ3VsYXIiLCJpYXQiOjE2MDAxMzc0OTIuNzE1LCJleHAiOjE2MDAxMzkyOTIuNzE1fQ.xQiZ7IB46GU3-46lhCX_sSvCbcIY6mH63bNUjVOM1z8
21:38:12.325 [ForkJoinPool-1-worker-1] DEBUG org.apache.http.headers - http-outgoing-18 << Content-Type: application/json; charset=utf-8
21:38:12.325 [ForkJoinPool-1-worker-1] DEBUG org.apache.http.headers - http-outgoing-18 << Content-Length: 51
21:38:12.325 [ForkJoinPool-1-worker-1] DEBUG org.apache.http.headers - http-outgoing-18 << Etag: W/"33-pb+2jVFTIx9SOkgKBWcK3o7N5eQ"
21:38:12.325 [ForkJoinPool-1-worker-1] DEBUG org.apache.http.headers - http-outgoing-18 << Date: Tue, 15 Sep 2020 02:38:12 GMT
21:38:12.325 [ForkJoinPool-1-worker-1] DEBUG org.apache.http.headers - http-outgoing-18 << Via: 1.1 vegur
21:38:12.325 [ForkJoinPool-1-worker-1] DEBUG org.apache.http.impl.execchain.MainClientExec - Connection can be kept alive indefinitely
21:38:12.326 [ForkJoinPool-1-worker-1] DEBUG org.apache.http.impl.conn.PoolingHttpClientConnectionManager - Connection [id: 18][route: {s}->https://nodejs-qa-training.herokuapp.com:443] can be kept alive indefinitely
21:38:12.326 [ForkJoinPool-1-worker-1] DEBUG org.apache.http.impl.conn.DefaultManagedHttpClientConnection - http-outgoing-18: set socket timeout to 0
21:38:12.328 [ForkJoinPool-1-worker-1] DEBUG org.apache.http.impl.conn.PoolingHttpClientConnectionManager - Connection released: [id: 18][route: {s}->https://nodejs-qa-training.herokuapp.com:443][total available: 1; route allocated: 1 of 5; total allocated: 1 of 10]
21:38:12.328 [ForkJoinPool-1-worker-1] DEBUG com.intuit.karate - response time in milliseconds: 769,08
1 < 200
1 < Authorization: eyJ0eXAiOiJKV1QiLCJhbGciOiJIUzI1NiJ9.eyJ1c2VySWQiOjI1OCwicm9sZSI6InJlZ3VsYXIiLCJpYXQiOjE2MDAxMzc0OTIuNzE1LCJleHAiOjE2MDAxMzkyOTIuNzE1fQ.xQiZ7IB46GU3-46lhCX_sSvCbcIY6mH63bNUjVOM1z8
1 < Connection: keep-alive
1 < Content-Length: 51
1 < Content-Type: application/json; charset=utf-8
1 < Date: Tue, 15 Sep 2020 02:38:12 GMT
1 < Etag: W/"33-pb+2jVFTIx9SOkgKBWcK3o7N5eQ"
1 < Server: Cowboy
1 < Via: 1.1 vegur
1 < X-Powered-By: Express
{"user_id":258,"token_expires_at":"1600139292.715"}

21:38:12.331 [ForkJoinPool-1-worker-1] DEBUG com.jayway.jsonpath.internal.path.CompiledPath - Evaluating path: $
21:38:12.332 [ForkJoinPool-1-worker-1] INFO com.intuit.karate - [print] {
  "token_expires_at": "1600139292.715",
  "user_id": 258
}

21:38:12.334 [ForkJoinPool-1-worker-1] INFO com.intuit.karate - [print] eyJ0eXAiOiJKV1QiLCJhbGciOiJIUzI1NiJ9.eyJ1c2VySWQiOjI1OCwicm9sZSI6InJlZ3VsYXIiLCJpYXQiOjE2MDAxMzc0OTIuNzE1LCJleHAiOjE2MDAxMzkyOTIuNzE1fQ.xQiZ7IB46GU3-46lhCX_sSvCbcIY6mH63bNUjVOM1z8
21:38:12.336 [ForkJoinPool-1-worker-1] DEBUG com.jayway.jsonpath.internal.path.CompiledPath - Evaluating path: $['user_id']
21:38:12.356 [ForkJoinPool-1-worker-2] DEBUG org.apache.http.wire - http-outgoing-19 << "HTTP/1.1 200 OK[\r][\n]"
21:38:12.356 [ForkJoinPool-1-worker-2] DEBUG org.apache.http.wire - http-outgoing-19 << "Server: Cowboy[\r][\n]"
21:38:12.356 [ForkJoinPool-1-worker-1] DEBUG com.jayway.jsonpath.internal.path.CompiledPath - Evaluating path: $
21:38:12.356 [ForkJoinPool-1-worker-2] DEBUG org.apache.http.wire - http-outgoing-19 << "Connection: keep-alive[\r][\n]"
21:38:12.356 [ForkJoinPool-1-worker-2] DEBUG org.apache.http.wire - http-outgoing-19 << "X-Powered-By: Express[\r][\n]"
21:38:12.356 [ForkJoinPool-1-worker-2] DEBUG org.apache.http.wire - http-outgoing-19 << "Content-Type: application/json; charset=utf-8[\r][\n]"
21:38:12.356 [ForkJoinPool-1-worker-2] DEBUG org.apache.http.wire - http-outgoing-19 << "Content-Length: 7032[\r][\n]"
21:38:12.356 [ForkJoinPool-1-worker-2] DEBUG org.apache.http.wire - http-outgoing-19 << "Etag: W/"1b78-QLaE6RpZ5E8d2hLg+o5PqJk5Zw8"[\r][\n]"
21:38:12.356 [ForkJoinPool-1-worker-2] DEBUG org.apache.http.wire - http-outgoing-19 << "Date: Tue, 15 Sep 2020 02:38:12 GMT[\r][\n]"
21:38:12.356 [ForkJoinPool-1-worker-1] DEBUG com.jayway.jsonpath.internal.path.CompiledPath - Evaluating path: $
21:38:12.356 [ForkJoinPool-1-worker-2] DEBUG org.apache.http.wire - http-outgoing-19 << "Via: 1.1 vegur[\r][\n]"
21:38:12.357 [ForkJoinPool-1-worker-2] DEBUG org.apache.http.wire - http-outgoing-19 << "[\r][\n]"
21:38:12.357 [ForkJoinPool-1-worker-1] DEBUG com.jayway.jsonpath.internal.path.CompiledPath - Evaluating path: $
21:38:12.357 [ForkJoinPool-1-worker-1] DEBUG com.jayway.jsonpath.internal.path.CompiledPath - Evaluating path: $['Authorization'][0]
21:38:12.358 [ForkJoinPool-1-worker-2] DEBUG org.apache.http.wire - http-outgoing-19 << "[{"user_id":1,"id":1,"title":"quidem molestiae enim"},{"user_id":1,"id":2,"title":"sunt qui excepturi placeat culpa"},{"user_id":1,"id":3,"title":"omnis laborum odio"},{"user_id":1,"id":4,"title":"non esse culpa molestiae omnis sed optio"},{"user_id":1,"id":5,"title":"eaque aut omnis a"},{"user_id":1,"id":6,"title":"natus impedit quibusdam illo est"},{"user_id":1,"id":7,"title":"quibusdam autem aliquid et et quia"},{"user_id":1,"id":8,"title":"qui fuga est a eum"},{"user_id":1,"id":9,"title":"saepe unde necessitatibus rem"},{"user_id":1,"id":10,"title":"distinctio laborum qui"},{"user_id":2,"id":11,"title":"quam nostrum impedit mollitia quod et dolor"},{"user_id":2,"id":12,"title":"consequatur autem doloribus natus consectetur"},{"user_id":2,"id":13,"title":"ab rerum non rerum consequatur ut ea unde"},{"user_id":2,"id":14,"title":"ducimus molestias eos animi atque nihil"},{"user_id":2,"id":15,"title":"ut pariatur rerum ipsum natus repellendus praesentium"},{"user_id":2,"id":16,"title":"voluptatem aut maxime inventore autem magnam atque repellat"},{"user_id":2,"id":17,"title":"aut minima voluptatem ut velit"},{"user_id":2,"id":18,"title":"nesciunt quia et doloremque"},{"user_id":2,"id":19,"title":"velit pariatur quaerat similique libero omnis quia"},{"user_id":2,"id":20,"title":"voluptas rerum iure ut enim"},{"user_id":3,"id":21,"title":"repudiandae voluptatem optio est consequatur rem in temporibus et"},{"user_id":3,"id":22,"title":"et rem non provident vel ut"},{"user_id":3,"id":23,"title":"incidunt quisquam hic adipisci sequi"},{"user_id":3,"id":24,"title":"dolores ut et facere placeat"},{"user_id":3,"id":25,"title":"vero maxime id possimus sunt neque et consequatur"},{"user_id":3,"id":26,"title":"quibusdam saepe ipsa vel harum"},{"user_id":3,"id":27,"title":"id non nostrum expedita"},{"user_id":3,"id":28,"title":"omnis neque exercitationem sed dolor atque maxime aut cum"},{"user_id":3,"id":29,"title":"inventore ut quasi magnam itaque est fugit"},{"user_id":3,"id":30,"title":"tempora assumenda et similique odit distinctio error"},{"user_id":4,"id":31,"title":"adipisci laborum fuga laboriosam"},{"user_id":4,"id":32,"title":"reiciendis dolores a ut qui debitis non quo labore"},{"user_id":4,"id":33,"title":"iste eos nostrum"},{"user_id":4,"id":34,"title":"cumque voluptatibus rerum architecto blanditiis"},{"user_id":4,"id":35,"title":"et impedit nisi quae magni necessitatibus sed aut pariatur"},{"user_id":4,"id":36,"title":"nihil cupiditate voluptate neque"},{"user_id":4,"id":37,"title":"est placeat dicta ut nisi rerum iste"},{"user_id":4,"id":38,"title":"unde a sequi id"},{"user_id":4,"id":39,"title":"ratione porro illum labore eum aperiam sed"},{"user_id":4,"id":40,"title":"voluptas neque et sint aut quo odit"},{"user_id":5,"id":41,"title":"ea voluptates maiores eos accusantium officiis tempore mollitia consequatur"},{"user_id":5,"id":42,"title":"tenetur explicabo ea"},{"user_id":5,"id":43,"title":"aperiam doloremque nihil"},{"user_id":5,"id":44,"title":"sapiente cum numquam officia consequatur vel natus quos suscipit"},{"user_id":5,"id":45,"title":"tenetur quos ea unde est enim corrupti qui"},{"user_id":5,"id":46,"title":"molestiae voluptate non"},{"user_id":5,"id":47,"title":"temporibus molestiae aut"},{"user_id":5,"id":48,"title":"modi consequatur culpa aut quam soluta alias perspiciatis laudantium"},{"user_id":5,"id":49,"title":"ut aut vero repudiandae voluptas ullam voluptas at consequatur"},{"user_id":5,"id":50,"title":"sed qui sed quas sit ducimus dolor"},{"user_id":6,"id":51,"title":"odit laboriosam sint quia cupiditate animi quis"},{"user_id":6,"id":52,"title":"necessitatibus quas et sunt at voluptatem"},{"user_id":6,"id":53,"title":"est vel sequi voluptatem nemo quam molestiae modi enim"},{"user_id":6,"id":54,"title":"aut non illo amet perferendis"},{"user_id":6,"id":55,"title":"qui culpa itaque omnis in nesciunt architecto error"},{"user_id":6,"id":56,"title":"omnis qui maiores tempora officiis omnis rerum sed repellat"},{"user_id":6,"id":57,"title":"libero excepturi voluptatem est architecto quae voluptatum officia tempora"},{"user_id":6,"id":58,"title":"nulla illo consequatur aspernatur veritatis aut error delectus et"},{"user_id":6,"id":59,"title":"eligendi similique provident nihil"},{"user_id":6,"id":60,"title":"omnis mollitia sunt aliquid eum consequatur fugit minus laudantium"},{"user_id":7,"id":61,"title":"delectus iusto et"},{"user_id":7,"id":62,"title":"eos ea non recusandae iste ut quasi"},{"user_id":7,"id":63,"title":"velit est quam"},{"user_id":7,"id":64,"title":"autem voluptatem amet iure quae"},{"user_id":7,"id":65,"title":"voluptates delectus iure iste qui"},{"user_id":7,"id":66,"title":"velit sed quia dolor dolores delectus"},{"user_id":7,"id":67,"title":"ad voluptas nostrum et nihil"},{"user_id":7,"id":68,"title":"qui quasi nihil aut voluptatum sit dolore minima"},{"user_id":7,"id":69,"title":"qui aut est"},{"user_id":7,"id":70,"title":"et deleniti unde"},{"user_id":8,"id":71,"title":"et vel corporis"},{"user_id":8,"id":72,"title":"unde exercitationem ut"},{"user_id":8,"id":73,"title":"quos omnis officia"},{"user_id":8,"id":74,"title":"quia est eius vitae dolor"},{"user_id":8,"id":75,"title":"aut quia expedita non"},{"user_id":8,"id":76,"title":"dolorem magnam facere itaque ut reprehenderit tenetur corrupti"},{"user_id":8,"id":77,"title":"cupiditate sapiente maiores iusto ducimus cum excepturi veritatis quia"},{"user_id":8,"id":78,"title":"est minima eius possimus ea ratione velit et"},{"user_id":8,"id":79,"title":"ipsa quae voluptas natus ut suscipit soluta quia quidem"},{"user_id":8,"id":80,"title":"id nihil reprehenderit"},{"user_id":9,"id":81,"title":"quibusdam sapiente et"},{"user_id":9,"id":82,"title":"recusandae consequatur vel amet unde"},{"user_id":9,"id":83,"title":"aperiam odio fugiat"},{"user_id":9,"id":84,"title":"est et at eos expedita"},{"user_id":9,"id":85,"title":"qui voluptatem consequatur aut ab quis temporibus praesentium"},{"user_id":9,"id":86,"title":"eligendi mollitia alias aspernatur vel ut iusto"},{"user_id":9,"id":87,"title":"aut aut architecto"},{"user_id":9,"id":88,"title":"quas perspiciatis optio"},{"user_id":9,"id":89,"title":"sit optio id voluptatem est eum et"},{"user_id":9,"id":90,"title":"est vel dignissimos"},{"user_id":10,"id":91,"title":"repellendus praesentium debitis officiis"},{"user_id":10,"id":92,"title":"incidunt et et eligendi assumenda soluta quia recusandae"},{"user_id":10,"id":93,"title":"nisi qui dolores perspiciatis"},{"user_id":10,"id":94,"title":"quisquam a dolores et earum vitae"},{"user_id":10,"id":95,"title":"consectetur vel rerum qui aperiam modi eos aspernatur ipsa"},{"user_id":10,"id":96,"title":"unde et ut molestiae est molestias voluptatem sint"},{"user_id":10,"id":97,"title":"est quod aut"},{"user_id":10,"id":98,"title":"omnis quia possimus nesciunt deleniti assumenda sed autem"},{"user_id":10,"id":99,"title":"consectetur ut id impedit dolores sit ad ex aut"},{"user_id":10,"id":100,"title":"enim repellat iste"}]"
21:38:12.358 [ForkJoinPool-1-worker-2] DEBUG org.apache.http.headers - http-outgoing-19 << HTTP/1.1 200 OK
21:38:12.358 [ForkJoinPool-1-worker-2] DEBUG org.apache.http.headers - http-outgoing-19 << Server: Cowboy
21:38:12.358 [ForkJoinPool-1-worker-2] DEBUG org.apache.http.headers - http-outgoing-19 << Connection: keep-alive
21:38:12.358 [ForkJoinPool-1-worker-2] DEBUG org.apache.http.headers - http-outgoing-19 << X-Powered-By: Express
21:38:12.358 [ForkJoinPool-1-worker-2] DEBUG org.apache.http.headers - http-outgoing-19 << Content-Type: application/json; charset=utf-8
21:38:12.358 [ForkJoinPool-1-worker-2] DEBUG org.apache.http.headers - http-outgoing-19 << Content-Length: 7032
21:38:12.358 [ForkJoinPool-1-worker-2] DEBUG org.apache.http.headers - http-outgoing-19 << Etag: W/"1b78-QLaE6RpZ5E8d2hLg+o5PqJk5Zw8"
21:38:12.358 [ForkJoinPool-1-worker-2] DEBUG org.apache.http.headers - http-outgoing-19 << Date: Tue, 15 Sep 2020 02:38:12 GMT
21:38:12.358 [ForkJoinPool-1-worker-2] DEBUG org.apache.http.headers - http-outgoing-19 << Via: 1.1 vegur
21:38:12.358 [ForkJoinPool-1-worker-2] DEBUG org.apache.http.impl.execchain.MainClientExec - Connection can be kept alive indefinitely
21:38:12.359 [ForkJoinPool-1-worker-2] DEBUG org.apache.http.impl.conn.PoolingHttpClientConnectionManager - Connection [id: 19][route: {s}->https://nodejs-qa-training.herokuapp.com:443] can be kept alive indefinitely
21:38:12.359 [ForkJoinPool-1-worker-2] DEBUG org.apache.http.impl.conn.DefaultManagedHttpClientConnection - http-outgoing-19: set socket timeout to 0
21:38:12.359 [ForkJoinPool-1-worker-2] DEBUG org.apache.http.impl.conn.PoolingHttpClientConnectionManager - Connection released: [id: 19][route: {s}->https://nodejs-qa-training.herokuapp.com:443][total available: 1; route allocated: 1 of 5; total allocated: 1 of 10]
21:38:12.359 [ForkJoinPool-1-worker-2] DEBUG com.intuit.karate - response time in milliseconds: 605,98
1 < 200
1 < Connection: keep-alive
1 < Content-Length: 7032
1 < Content-Type: application/json; charset=utf-8
1 < Date: Tue, 15 Sep 2020 02:38:12 GMT
1 < Etag: W/"1b78-QLaE6RpZ5E8d2hLg+o5PqJk5Zw8"
1 < Server: Cowboy
1 < Via: 1.1 vegur
1 < X-Powered-By: Express
[{"user_id":1,"id":1,"title":"quidem molestiae enim"},{"user_id":1,"id":2,"title":"sunt qui excepturi placeat culpa"},{"user_id":1,"id":3,"title":"omnis laborum odio"},{"user_id":1,"id":4,"title":"non esse culpa molestiae omnis sed optio"},{"user_id":1,"id":5,"title":"eaque aut omnis a"},{"user_id":1,"id":6,"title":"natus impedit quibusdam illo est"},{"user_id":1,"id":7,"title":"quibusdam autem aliquid et et quia"},{"user_id":1,"id":8,"title":"qui fuga est a eum"},{"user_id":1,"id":9,"title":"saepe unde necessitatibus rem"},{"user_id":1,"id":10,"title":"distinctio laborum qui"},{"user_id":2,"id":11,"title":"quam nostrum impedit mollitia quod et dolor"},{"user_id":2,"id":12,"title":"consequatur autem doloribus natus consectetur"},{"user_id":2,"id":13,"title":"ab rerum non rerum consequatur ut ea unde"},{"user_id":2,"id":14,"title":"ducimus molestias eos animi atque nihil"},{"user_id":2,"id":15,"title":"ut pariatur rerum ipsum natus repellendus praesentium"},{"user_id":2,"id":16,"title":"voluptatem aut maxime inventore autem magnam atque repellat"},{"user_id":2,"id":17,"title":"aut minima voluptatem ut velit"},{"user_id":2,"id":18,"title":"nesciunt quia et doloremque"},{"user_id":2,"id":19,"title":"velit pariatur quaerat similique libero omnis quia"},{"user_id":2,"id":20,"title":"voluptas rerum iure ut enim"},{"user_id":3,"id":21,"title":"repudiandae voluptatem optio est consequatur rem in temporibus et"},{"user_id":3,"id":22,"title":"et rem non provident vel ut"},{"user_id":3,"id":23,"title":"incidunt quisquam hic adipisci sequi"},{"user_id":3,"id":24,"title":"dolores ut et facere placeat"},{"user_id":3,"id":25,"title":"vero maxime id possimus sunt neque et consequatur"},{"user_id":3,"id":26,"title":"quibusdam saepe ipsa vel harum"},{"user_id":3,"id":27,"title":"id non nostrum expedita"},{"user_id":3,"id":28,"title":"omnis neque exercitationem sed dolor atque maxime aut cum"},{"user_id":3,"id":29,"title":"inventore ut quasi magnam itaque est fugit"},{"user_id":3,"id":30,"title":"tempora assumenda et similique odit distinctio error"},{"user_id":4,"id":31,"title":"adipisci laborum fuga laboriosam"},{"user_id":4,"id":32,"title":"reiciendis dolores a ut qui debitis non quo labore"},{"user_id":4,"id":33,"title":"iste eos nostrum"},{"user_id":4,"id":34,"title":"cumque voluptatibus rerum architecto blanditiis"},{"user_id":4,"id":35,"title":"et impedit nisi quae magni necessitatibus sed aut pariatur"},{"user_id":4,"id":36,"title":"nihil cupiditate voluptate neque"},{"user_id":4,"id":37,"title":"est placeat dicta ut nisi rerum iste"},{"user_id":4,"id":38,"title":"unde a sequi id"},{"user_id":4,"id":39,"title":"ratione porro illum labore eum aperiam sed"},{"user_id":4,"id":40,"title":"voluptas neque et sint aut quo odit"},{"user_id":5,"id":41,"title":"ea voluptates maiores eos accusantium officiis tempore mollitia consequatur"},{"user_id":5,"id":42,"title":"tenetur explicabo ea"},{"user_id":5,"id":43,"title":"aperiam doloremque nihil"},{"user_id":5,"id":44,"title":"sapiente cum numquam officia consequatur vel natus quos suscipit"},{"user_id":5,"id":45,"title":"tenetur quos ea unde est enim corrupti qui"},{"user_id":5,"id":46,"title":"molestiae voluptate non"},{"user_id":5,"id":47,"title":"temporibus molestiae aut"},{"user_id":5,"id":48,"title":"modi consequatur culpa aut quam soluta alias perspiciatis laudantium"},{"user_id":5,"id":49,"title":"ut aut vero repudiandae voluptas ullam voluptas at consequatur"},{"user_id":5,"id":50,"title":"sed qui sed quas sit ducimus dolor"},{"user_id":6,"id":51,"title":"odit laboriosam sint quia cupiditate animi quis"},{"user_id":6,"id":52,"title":"necessitatibus quas et sunt at voluptatem"},{"user_id":6,"id":53,"title":"est vel sequi voluptatem nemo quam molestiae modi enim"},{"user_id":6,"id":54,"title":"aut non illo amet perferendis"},{"user_id":6,"id":55,"title":"qui culpa itaque omnis in nesciunt architecto error"},{"user_id":6,"id":56,"title":"omnis qui maiores tempora officiis omnis rerum sed repellat"},{"user_id":6,"id":57,"title":"libero excepturi voluptatem est architecto quae voluptatum officia tempora"},{"user_id":6,"id":58,"title":"nulla illo consequatur aspernatur veritatis aut error delectus et"},{"user_id":6,"id":59,"title":"eligendi similique provident nihil"},{"user_id":6,"id":60,"title":"omnis mollitia sunt aliquid eum consequatur fugit minus laudantium"},{"user_id":7,"id":61,"title":"delectus iusto et"},{"user_id":7,"id":62,"title":"eos ea non recusandae iste ut quasi"},{"user_id":7,"id":63,"title":"velit est quam"},{"user_id":7,"id":64,"title":"autem voluptatem amet iure quae"},{"user_id":7,"id":65,"title":"voluptates delectus iure iste qui"},{"user_id":7,"id":66,"title":"velit sed quia dolor dolores delectus"},{"user_id":7,"id":67,"title":"ad voluptas nostrum et nihil"},{"user_id":7,"id":68,"title":"qui quasi nihil aut voluptatum sit dolore minima"},{"user_id":7,"id":69,"title":"qui aut est"},{"user_id":7,"id":70,"title":"et deleniti unde"},{"user_id":8,"id":71,"title":"et vel corporis"},{"user_id":8,"id":72,"title":"unde exercitationem ut"},{"user_id":8,"id":73,"title":"quos omnis officia"},{"user_id":8,"id":74,"title":"quia est eius vitae dolor"},{"user_id":8,"id":75,"title":"aut quia expedita non"},{"user_id":8,"id":76,"title":"dolorem magnam facere itaque ut reprehenderit tenetur corrupti"},{"user_id":8,"id":77,"title":"cupiditate sapiente maiores iusto ducimus cum excepturi veritatis quia"},{"user_id":8,"id":78,"title":"est minima eius possimus ea ratione velit et"},{"user_id":8,"id":79,"title":"ipsa quae voluptas natus ut suscipit soluta quia quidem"},{"user_id":8,"id":80,"title":"id nihil reprehenderit"},{"user_id":9,"id":81,"title":"quibusdam sapiente et"},{"user_id":9,"id":82,"title":"recusandae consequatur vel amet unde"},{"user_id":9,"id":83,"title":"aperiam odio fugiat"},{"user_id":9,"id":84,"title":"est et at eos expedita"},{"user_id":9,"id":85,"title":"qui voluptatem consequatur aut ab quis temporibus praesentium"},{"user_id":9,"id":86,"title":"eligendi mollitia alias aspernatur vel ut iusto"},{"user_id":9,"id":87,"title":"aut aut architecto"},{"user_id":9,"id":88,"title":"quas perspiciatis optio"},{"user_id":9,"id":89,"title":"sit optio id voluptatem est eum et"},{"user_id":9,"id":90,"title":"est vel dignissimos"},{"user_id":10,"id":91,"title":"repellendus praesentium debitis officiis"},{"user_id":10,"id":92,"title":"incidunt et et eligendi assumenda soluta quia recusandae"},{"user_id":10,"id":93,"title":"nisi qui dolores perspiciatis"},{"user_id":10,"id":94,"title":"quisquam a dolores et earum vitae"},{"user_id":10,"id":95,"title":"consectetur vel rerum qui aperiam modi eos aspernatur ipsa"},{"user_id":10,"id":96,"title":"unde et ut molestiae est molestias voluptatem sint"},{"user_id":10,"id":97,"title":"est quod aut"},{"user_id":10,"id":98,"title":"omnis quia possimus nesciunt deleniti assumenda sed autem"},{"user_id":10,"id":99,"title":"consectetur ut id impedit dolores sit ad ex aut"},{"user_id":10,"id":100,"title":"enim repellat iste"}]

21:38:12.372 [ForkJoinPool-1-worker-1] DEBUG org.apache.http.client.protocol.RequestAddCookies - CookieSpec selected: karate
21:38:12.372 [ForkJoinPool-1-worker-1] DEBUG org.apache.http.client.protocol.RequestAuthCache - Auth cache not set in the context
21:38:12.372 [ForkJoinPool-1-worker-1] DEBUG com.intuit.karate - request:
1 > GET https://nodejs-qa-training.herokuapp.com/albums
1 > Accept-Encoding: gzip,deflate
1 > Authorization: eyJ0eXAiOiJKV1QiLCJhbGciOiJIUzI1NiJ9.eyJ1c2VySWQiOjI1OCwicm9sZSI6InJlZ3VsYXIiLCJpYXQiOjE2MDAxMzc0OTIuNzE1LCJleHAiOjE2MDAxMzkyOTIuNzE1fQ.xQiZ7IB46GU3-46lhCX_sSvCbcIY6mH63bNUjVOM1z8
1 > Connection: Keep-Alive
1 > Content-Type: application/json
1 > Host: nodejs-qa-training.herokuapp.com
1 > User-Agent: Apache-HttpClient/4.5.11 (Java/1.8.0_171)

21:38:12.372 [ForkJoinPool-1-worker-1] DEBUG org.apache.http.impl.conn.PoolingHttpClientConnectionManager - Connection request: [route: {s}->https://nodejs-qa-training.herokuapp.com:443][total available: 0; route allocated: 0 of 5; total allocated: 0 of 10]
21:38:12.372 [ForkJoinPool-1-worker-1] DEBUG org.apache.http.impl.conn.PoolingHttpClientConnectionManager - Connection leased: [id: 21][route: {s}->https://nodejs-qa-training.herokuapp.com:443][total available: 0; route allocated: 1 of 5; total allocated: 1 of 10]
21:38:12.372 [ForkJoinPool-1-worker-1] DEBUG org.apache.http.impl.execchain.MainClientExec - Opening connection {s}->https://nodejs-qa-training.herokuapp.com:443
21:38:12.373 [ForkJoinPool-1-worker-1] DEBUG org.apache.http.impl.conn.DefaultHttpClientConnectionOperator - Connecting to nodejs-qa-training.herokuapp.com/52.20.101.119:443
21:38:12.373 [ForkJoinPool-1-worker-1] DEBUG org.apache.http.conn.ssl.SSLConnectionSocketFactory - Connecting socket to nodejs-qa-training.herokuapp.com/52.20.101.119:443 with timeout 30000
21:38:12.373 [ForkJoinPool-1-worker-2] DEBUG com.jayway.jsonpath.internal.path.CompiledPath - Evaluating path: $
21:38:12.373 [ForkJoinPool-1-worker-2] DEBUG com.jayway.jsonpath.internal.path.CompiledPath - Evaluating path: $
21:38:12.374 [ForkJoinPool-1-worker-2] DEBUG com.jayway.jsonpath.internal.path.CompiledPath - Evaluating path: $
21:38:12.381 [ForkJoinPool-1-worker-2] DEBUG com.jayway.jsonpath.internal.path.CompiledPath - Evaluating path: $
21:38:12.381 [ForkJoinPool-1-worker-2] INFO com.intuit.karate - [print] 146
21:38:12.383 [ForkJoinPool-1-worker-2] DEBUG org.apache.http.client.protocol.RequestAddCookies - CookieSpec selected: karate
21:38:12.384 [ForkJoinPool-1-worker-2] DEBUG org.apache.http.client.protocol.RequestAuthCache - Auth cache not set in the context
21:38:12.384 [ForkJoinPool-1-worker-2] DEBUG com.intuit.karate - request:
1 > GET https://nodejs-qa-training.herokuapp.com/users/146/albums
1 > Accept-Encoding: gzip,deflate
1 > Authorization: eyJ0eXAiOiJKV1QiLCJhbGciOiJIUzI1NiJ9.eyJ1c2VySWQiOjE0Niwicm9sZSI6ImFkbWluIiwiaWF0IjoxNjAwMTM3NDkyLjExOCwiZXhwIjoxNjAwMTM5MjkyLjExOH0.Y-nMRZN_sD6eKcoKxyaMlmcdpU6GO6EAzUiBA2MqP6c
1 > Connection: Keep-Alive
1 > Content-Type: application/json
1 > Host: nodejs-qa-training.herokuapp.com
1 > User-Agent: Apache-HttpClient/4.5.11 (Java/1.8.0_171)

21:38:12.384 [ForkJoinPool-1-worker-2] DEBUG org.apache.http.impl.conn.PoolingHttpClientConnectionManager - Connection request: [route: {s}->https://nodejs-qa-training.herokuapp.com:443][total available: 0; route allocated: 0 of 5; total allocated: 0 of 10]
21:38:12.384 [ForkJoinPool-1-worker-2] DEBUG org.apache.http.impl.conn.PoolingHttpClientConnectionManager - Connection leased: [id: 22][route: {s}->https://nodejs-qa-training.herokuapp.com:443][total available: 0; route allocated: 1 of 5; total allocated: 1 of 10]
21:38:12.384 [ForkJoinPool-1-worker-2] DEBUG org.apache.http.impl.execchain.MainClientExec - Opening connection {s}->https://nodejs-qa-training.herokuapp.com:443
21:38:12.384 [ForkJoinPool-1-worker-2] DEBUG org.apache.http.impl.conn.DefaultHttpClientConnectionOperator - Connecting to nodejs-qa-training.herokuapp.com/52.20.101.119:443
21:38:12.384 [ForkJoinPool-1-worker-2] DEBUG org.apache.http.conn.ssl.SSLConnectionSocketFactory - Connecting socket to nodejs-qa-training.herokuapp.com/52.20.101.119:443 with timeout 30000
21:38:12.532 [ForkJoinPool-1-worker-2] DEBUG org.apache.http.conn.ssl.SSLConnectionSocketFactory - Enabled protocols: [TLSv1, TLSv1.1, TLSv1.2]
21:38:12.532 [ForkJoinPool-1-worker-2] DEBUG org.apache.http.conn.ssl.SSLConnectionSocketFactory - Enabled cipher suites:[TLS_ECDHE_ECDSA_WITH_AES_256_CBC_SHA384, TLS_ECDHE_RSA_WITH_AES_256_CBC_SHA384, TLS_RSA_WITH_AES_256_CBC_SHA256, TLS_ECDH_ECDSA_WITH_AES_256_CBC_SHA384, TLS_ECDH_RSA_WITH_AES_256_CBC_SHA384, TLS_DHE_RSA_WITH_AES_256_CBC_SHA256, TLS_DHE_DSS_WITH_AES_256_CBC_SHA256, TLS_ECDHE_ECDSA_WITH_AES_256_CBC_SHA, TLS_ECDHE_RSA_WITH_AES_256_CBC_SHA, TLS_RSA_WITH_AES_256_CBC_SHA, TLS_ECDH_ECDSA_WITH_AES_256_CBC_SHA, TLS_ECDH_RSA_WITH_AES_256_CBC_SHA, TLS_DHE_RSA_WITH_AES_256_CBC_SHA, TLS_DHE_DSS_WITH_AES_256_CBC_SHA, TLS_ECDHE_ECDSA_WITH_AES_128_CBC_SHA256, TLS_ECDHE_RSA_WITH_AES_128_CBC_SHA256, TLS_RSA_WITH_AES_128_CBC_SHA256, TLS_ECDH_ECDSA_WITH_AES_128_CBC_SHA256, TLS_ECDH_RSA_WITH_AES_128_CBC_SHA256, TLS_DHE_RSA_WITH_AES_128_CBC_SHA256, TLS_DHE_DSS_WITH_AES_128_CBC_SHA256, TLS_ECDHE_ECDSA_WITH_AES_128_CBC_SHA, TLS_ECDHE_RSA_WITH_AES_128_CBC_SHA, TLS_RSA_WITH_AES_128_CBC_SHA, TLS_ECDH_ECDSA_WITH_AES_128_CBC_SHA, TLS_ECDH_RSA_WITH_AES_128_CBC_SHA, TLS_DHE_RSA_WITH_AES_128_CBC_SHA, TLS_DHE_DSS_WITH_AES_128_CBC_SHA, TLS_ECDHE_ECDSA_WITH_AES_256_GCM_SHA384, TLS_ECDHE_ECDSA_WITH_AES_128_GCM_SHA256, TLS_ECDHE_RSA_WITH_AES_256_GCM_SHA384, TLS_RSA_WITH_AES_256_GCM_SHA384, TLS_ECDH_ECDSA_WITH_AES_256_GCM_SHA384, TLS_ECDH_RSA_WITH_AES_256_GCM_SHA384, TLS_DHE_RSA_WITH_AES_256_GCM_SHA384, TLS_DHE_DSS_WITH_AES_256_GCM_SHA384, TLS_ECDHE_RSA_WITH_AES_128_GCM_SHA256, TLS_RSA_WITH_AES_128_GCM_SHA256, TLS_ECDH_ECDSA_WITH_AES_128_GCM_SHA256, TLS_ECDH_RSA_WITH_AES_128_GCM_SHA256, TLS_DHE_RSA_WITH_AES_128_GCM_SHA256, TLS_DHE_DSS_WITH_AES_128_GCM_SHA256, TLS_EMPTY_RENEGOTIATION_INFO_SCSV]
21:38:12.532 [ForkJoinPool-1-worker-2] DEBUG org.apache.http.conn.ssl.SSLConnectionSocketFactory - Starting handshake
21:38:12.536 [ForkJoinPool-1-worker-1] DEBUG org.apache.http.conn.ssl.SSLConnectionSocketFactory - Enabled protocols: [TLSv1, TLSv1.1, TLSv1.2]
21:38:12.536 [ForkJoinPool-1-worker-1] DEBUG org.apache.http.conn.ssl.SSLConnectionSocketFactory - Enabled cipher suites:[TLS_ECDHE_ECDSA_WITH_AES_256_CBC_SHA384, TLS_ECDHE_RSA_WITH_AES_256_CBC_SHA384, TLS_RSA_WITH_AES_256_CBC_SHA256, TLS_ECDH_ECDSA_WITH_AES_256_CBC_SHA384, TLS_ECDH_RSA_WITH_AES_256_CBC_SHA384, TLS_DHE_RSA_WITH_AES_256_CBC_SHA256, TLS_DHE_DSS_WITH_AES_256_CBC_SHA256, TLS_ECDHE_ECDSA_WITH_AES_256_CBC_SHA, TLS_ECDHE_RSA_WITH_AES_256_CBC_SHA, TLS_RSA_WITH_AES_256_CBC_SHA, TLS_ECDH_ECDSA_WITH_AES_256_CBC_SHA, TLS_ECDH_RSA_WITH_AES_256_CBC_SHA, TLS_DHE_RSA_WITH_AES_256_CBC_SHA, TLS_DHE_DSS_WITH_AES_256_CBC_SHA, TLS_ECDHE_ECDSA_WITH_AES_128_CBC_SHA256, TLS_ECDHE_RSA_WITH_AES_128_CBC_SHA256, TLS_RSA_WITH_AES_128_CBC_SHA256, TLS_ECDH_ECDSA_WITH_AES_128_CBC_SHA256, TLS_ECDH_RSA_WITH_AES_128_CBC_SHA256, TLS_DHE_RSA_WITH_AES_128_CBC_SHA256, TLS_DHE_DSS_WITH_AES_128_CBC_SHA256, TLS_ECDHE_ECDSA_WITH_AES_128_CBC_SHA, TLS_ECDHE_RSA_WITH_AES_128_CBC_SHA, TLS_RSA_WITH_AES_128_CBC_SHA, TLS_ECDH_ECDSA_WITH_AES_128_CBC_SHA, TLS_ECDH_RSA_WITH_AES_128_CBC_SHA, TLS_DHE_RSA_WITH_AES_128_CBC_SHA, TLS_DHE_DSS_WITH_AES_128_CBC_SHA, TLS_ECDHE_ECDSA_WITH_AES_256_GCM_SHA384, TLS_ECDHE_ECDSA_WITH_AES_128_GCM_SHA256, TLS_ECDHE_RSA_WITH_AES_256_GCM_SHA384, TLS_RSA_WITH_AES_256_GCM_SHA384, TLS_ECDH_ECDSA_WITH_AES_256_GCM_SHA384, TLS_ECDH_RSA_WITH_AES_256_GCM_SHA384, TLS_DHE_RSA_WITH_AES_256_GCM_SHA384, TLS_DHE_DSS_WITH_AES_256_GCM_SHA384, TLS_ECDHE_RSA_WITH_AES_128_GCM_SHA256, TLS_RSA_WITH_AES_128_GCM_SHA256, TLS_ECDH_ECDSA_WITH_AES_128_GCM_SHA256, TLS_ECDH_RSA_WITH_AES_128_GCM_SHA256, TLS_DHE_RSA_WITH_AES_128_GCM_SHA256, TLS_DHE_DSS_WITH_AES_128_GCM_SHA256, TLS_EMPTY_RENEGOTIATION_INFO_SCSV]
21:38:12.537 [ForkJoinPool-1-worker-1] DEBUG org.apache.http.conn.ssl.SSLConnectionSocketFactory - Starting handshake
21:38:12.574 [ForkJoinPool-1-worker-3] DEBUG org.apache.http.conn.ssl.SSLConnectionSocketFactory - Secure session established
21:38:12.574 [ForkJoinPool-1-worker-3] DEBUG org.apache.http.conn.ssl.SSLConnectionSocketFactory -  negotiated protocol: TLSv1.2
21:38:12.574 [ForkJoinPool-1-worker-3] DEBUG org.apache.http.conn.ssl.SSLConnectionSocketFactory -  negotiated cipher suite: TLS_ECDHE_RSA_WITH_AES_128_GCM_SHA256
21:38:12.574 [ForkJoinPool-1-worker-3] DEBUG org.apache.http.conn.ssl.SSLConnectionSocketFactory -  peer principal: CN=*.herokuapp.com, O="Heroku, Inc.", L=San Francisco, ST=California, C=US
21:38:12.574 [ForkJoinPool-1-worker-3] DEBUG org.apache.http.conn.ssl.SSLConnectionSocketFactory -  peer alternative names: [*.herokuapp.com, herokuapp.com]
21:38:12.574 [ForkJoinPool-1-worker-3] DEBUG org.apache.http.conn.ssl.SSLConnectionSocketFactory -  issuer principal: CN=DigiCert SHA2 High Assurance Server CA, OU=www.digicert.com, O=DigiCert Inc, C=US
21:38:12.575 [ForkJoinPool-1-worker-3] DEBUG org.apache.http.impl.conn.DefaultHttpClientConnectionOperator - Connection established 192.168.1.7:51361<->52.20.101.119:443
21:38:12.575 [ForkJoinPool-1-worker-3] DEBUG org.apache.http.impl.conn.DefaultManagedHttpClientConnection - http-outgoing-20: set socket timeout to 30000
21:38:12.575 [ForkJoinPool-1-worker-3] DEBUG org.apache.http.impl.execchain.MainClientExec - Executing request GET /albums HTTP/1.1
21:38:12.575 [ForkJoinPool-1-worker-3] DEBUG org.apache.http.impl.execchain.MainClientExec - Proxy auth state: UNCHALLENGED
21:38:12.575 [ForkJoinPool-1-worker-3] DEBUG org.apache.http.headers - http-outgoing-20 >> GET /albums HTTP/1.1
21:38:12.575 [ForkJoinPool-1-worker-3] DEBUG org.apache.http.headers - http-outgoing-20 >> Content-Type: application/json
21:38:12.575 [ForkJoinPool-1-worker-3] DEBUG org.apache.http.headers - http-outgoing-20 >> Authorization: eyJ0eXAiOiJKV1QiLCJhbGciOiJIUzI1NiJ9.eyJ1c2VySWQiOjI1OCwicm9sZSI6InJlZ3VsYXIiLCJpYXQiOjE2MDAxMzc0OTIuNDg5LCJleHAiOjE2MDAxMzkyOTIuNDg5fQ.DVu4HeWwpz8l89bCfcYFQvpchU3aZhOs0gBWzH4tdZU
21:38:12.575 [ForkJoinPool-1-worker-3] DEBUG org.apache.http.headers - http-outgoing-20 >> Host: nodejs-qa-training.herokuapp.com
21:38:12.575 [ForkJoinPool-1-worker-3] DEBUG org.apache.http.headers - http-outgoing-20 >> Connection: Keep-Alive
21:38:12.575 [ForkJoinPool-1-worker-3] DEBUG org.apache.http.headers - http-outgoing-20 >> User-Agent: Apache-HttpClient/4.5.11 (Java/1.8.0_171)
21:38:12.575 [ForkJoinPool-1-worker-3] DEBUG org.apache.http.headers - http-outgoing-20 >> Accept-Encoding: gzip,deflate
21:38:12.575 [ForkJoinPool-1-worker-3] DEBUG org.apache.http.wire - http-outgoing-20 >> "GET /albums HTTP/1.1[\r][\n]"
21:38:12.575 [ForkJoinPool-1-worker-3] DEBUG org.apache.http.wire - http-outgoing-20 >> "Content-Type: application/json[\r][\n]"
21:38:12.575 [ForkJoinPool-1-worker-3] DEBUG org.apache.http.wire - http-outgoing-20 >> "Authorization: eyJ0eXAiOiJKV1QiLCJhbGciOiJIUzI1NiJ9.eyJ1c2VySWQiOjI1OCwicm9sZSI6InJlZ3VsYXIiLCJpYXQiOjE2MDAxMzc0OTIuNDg5LCJleHAiOjE2MDAxMzkyOTIuNDg5fQ.DVu4HeWwpz8l89bCfcYFQvpchU3aZhOs0gBWzH4tdZU[\r][\n]"
21:38:12.575 [ForkJoinPool-1-worker-3] DEBUG org.apache.http.wire - http-outgoing-20 >> "Host: nodejs-qa-training.herokuapp.com[\r][\n]"
21:38:12.575 [ForkJoinPool-1-worker-3] DEBUG org.apache.http.wire - http-outgoing-20 >> "Connection: Keep-Alive[\r][\n]"
21:38:12.575 [ForkJoinPool-1-worker-3] DEBUG org.apache.http.wire - http-outgoing-20 >> "User-Agent: Apache-HttpClient/4.5.11 (Java/1.8.0_171)[\r][\n]"
21:38:12.575 [ForkJoinPool-1-worker-3] DEBUG org.apache.http.wire - http-outgoing-20 >> "Accept-Encoding: gzip,deflate[\r][\n]"
21:38:12.575 [ForkJoinPool-1-worker-3] DEBUG org.apache.http.wire - http-outgoing-20 >> "[\r][\n]"
21:38:12.786 [ForkJoinPool-1-worker-3] DEBUG org.apache.http.wire - http-outgoing-20 << "HTTP/1.1 200 OK[\r][\n]"
21:38:12.787 [ForkJoinPool-1-worker-3] DEBUG org.apache.http.wire - http-outgoing-20 << "Server: Cowboy[\r][\n]"
21:38:12.787 [ForkJoinPool-1-worker-3] DEBUG org.apache.http.wire - http-outgoing-20 << "Connection: keep-alive[\r][\n]"
21:38:12.787 [ForkJoinPool-1-worker-3] DEBUG org.apache.http.wire - http-outgoing-20 << "X-Powered-By: Express[\r][\n]"
21:38:12.787 [ForkJoinPool-1-worker-3] DEBUG org.apache.http.wire - http-outgoing-20 << "Content-Type: application/json; charset=utf-8[\r][\n]"
21:38:12.787 [ForkJoinPool-1-worker-3] DEBUG org.apache.http.wire - http-outgoing-20 << "Content-Length: 7032[\r][\n]"
21:38:12.787 [ForkJoinPool-1-worker-3] DEBUG org.apache.http.wire - http-outgoing-20 << "Etag: W/"1b78-QLaE6RpZ5E8d2hLg+o5PqJk5Zw8"[\r][\n]"
21:38:12.787 [ForkJoinPool-1-worker-3] DEBUG org.apache.http.wire - http-outgoing-20 << "Date: Tue, 15 Sep 2020 02:38:13 GMT[\r][\n]"
21:38:12.787 [ForkJoinPool-1-worker-3] DEBUG org.apache.http.wire - http-outgoing-20 << "Via: 1.1 vegur[\r][\n]"
21:38:12.787 [ForkJoinPool-1-worker-3] DEBUG org.apache.http.wire - http-outgoing-20 << "[\r][\n]"
21:38:12.789 [ForkJoinPool-1-worker-3] DEBUG org.apache.http.wire - http-outgoing-20 << "[{"user_id":1,"id":1,"title":"quidem molestiae enim"},{"user_id":1,"id":2,"title":"sunt qui excepturi placeat culpa"},{"user_id":1,"id":3,"title":"omnis laborum odio"},{"user_id":1,"id":4,"title":"non esse culpa molestiae omnis sed optio"},{"user_id":1,"id":5,"title":"eaque aut omnis a"},{"user_id":1,"id":6,"title":"natus impedit quibusdam illo est"},{"user_id":1,"id":7,"title":"quibusdam autem aliquid et et quia"},{"user_id":1,"id":8,"title":"qui fuga est a eum"},{"user_id":1,"id":9,"title":"saepe unde necessitatibus rem"},{"user_id":1,"id":10,"title":"distinctio laborum qui"},{"user_id":2,"id":11,"title":"quam nostrum impedit mollitia quod et dolor"},{"user_id":2,"id":12,"title":"consequatur autem doloribus natus consectetur"},{"user_id":2,"id":13,"title":"ab rerum non rerum consequatur ut ea unde"},{"user_id":2,"id":14,"title":"ducimus molestias eos animi atque nihil"},{"user_id":2,"id":15,"title":"ut pariatur rerum ipsum natus repellendus praesentium"},{"user_id":2,"id":16,"title":"voluptatem aut maxime inventore autem magnam atque repellat"},{"user_id":2,"id":17,"title":"aut minima voluptatem ut velit"},{"user_id":2,"id":18,"title":"nesciunt quia et doloremque"},{"user_id":2,"id":19,"title":"velit pariatur quaerat similique libero omnis quia"},{"user_id":2,"id":20,"title":"voluptas rerum iure ut enim"},{"user_id":3,"id":21,"title":"repudiandae voluptatem optio est consequatur rem in temporibus et"},{"user_id":3,"id":22,"title":"et rem non provident vel ut"},{"user_id":3,"id":23,"title":"incidunt quisquam hic adipisci sequi"},{"user_id":3,"id":24,"title":"dolores ut et facere placeat"},{"user_id":3,"id":25,"title":"vero maxime id possimus sunt neque et consequatur"},{"user_id":3,"id":26,"title":"quibusdam saepe ipsa vel harum"},{"user_id":3,"id":27,"title":"id non nostrum expedita"},{"user_id":3,"id":28,"title":"omnis neque exercitationem sed dolor atque maxime aut cum"},{"user_id":3,"id":29,"title":"inventore ut quasi magnam itaque est fugit"},{"user_id":3,"id":30,"title":"tempora assumenda et similique odit distinctio error"},{"user_id":4,"id":31,"title":"adipisci laborum fuga laboriosam"},{"user_id":4,"id":32,"title":"reiciendis dolores a ut qui debitis non quo labore"},{"user_id":4,"id":33,"title":"iste eos nostrum"},{"user_id":4,"id":34,"title":"cumque voluptatibus rerum architecto blanditiis"},{"user_id":4,"id":35,"title":"et impedit nisi quae magni necessitatibus sed aut pariatur"},{"user_id":4,"id":36,"title":"nihil cupiditate voluptate neque"},{"user_id":4,"id":37,"title":"est placeat dicta ut nisi rerum iste"},{"user_id":4,"id":38,"title":"unde a sequi id"},{"user_id":4,"id":39,"title":"ratione porro illum labore eum aperiam sed"},{"user_id":4,"id":40,"title":"voluptas neque et sint aut quo odit"},{"user_id":5,"id":41,"title":"ea voluptates maiores eos accusantium officiis tempore mollitia consequatur"},{"user_id":5,"id":42,"title":"tenetur explicabo ea"},{"user_id":5,"id":43,"title":"aperiam doloremque nihil"},{"user_id":5,"id":44,"title":"sapiente cum numquam officia consequatur vel natus quos suscipit"},{"user_id":5,"id":45,"title":"tenetur quos ea unde est enim corrupti qui"},{"user_id":5,"id":46,"title":"molestiae voluptate non"},{"user_id":5,"id":47,"title":"temporibus molestiae aut"},{"user_id":5,"id":48,"title":"modi consequatur culpa aut quam soluta alias perspiciatis laudantium"},{"user_id":5,"id":49,"title":"ut aut vero repudiandae voluptas ullam voluptas at consequatur"},{"user_id":5,"id":50,"title":"sed qui sed quas sit ducimus dolor"},{"user_id":6,"id":51,"title":"odit laboriosam sint quia cupiditate animi quis"},{"user_id":6,"id":52,"title":"necessitatibus quas et sunt at voluptatem"},{"user_id":6,"id":53,"title":"est vel sequi voluptatem nemo quam molestiae modi enim"},{"user_id":6,"id":54,"title":"aut non illo amet perferendis"},{"user_id":6,"id":55,"title":"qui culpa itaque omnis in nesciunt architecto error"},{"user_id":6,"id":56,"title":"omnis qui maiores tempora officiis omnis rerum sed repellat"},{"user_id":6,"id":57,"title":"libero excepturi voluptatem est architecto quae voluptatum officia tempora"},{"user_id":6,"id":58,"title":"nulla illo consequatur aspernatur veritatis aut error delectus et"},{"user_id":6,"id":59,"title":"eligendi similique provident nihil"},{"user_id":6,"id":60,"title":"omnis mollitia sunt aliquid eum consequatur fugit minus laudantium"},{"user_id":7,"id":61,"title":"delectus iusto et"},{"user_id":7,"id":62,"title":"eos ea non recusandae iste ut quasi"},{"user_id":7,"id":63,"title":"velit est quam"},{"user_id":7,"id":64,"title":"autem voluptatem amet iure quae"},{"user_id":7,"id":65,"title":"voluptates delectus iure iste qui"},{"user_id":7,"id":66,"title":"velit sed quia dolor dolores delectus"},{"user_id":7,"id":67,"title":"ad voluptas nostrum et nihil"},{"user_id":7,"id":68,"title":"qui quasi nihil aut voluptatum sit dolore minima"},{"user_id":7,"id":69,"title":"qui aut est"},{"user_id":7,"id":70,"title":"et deleniti unde"},{"user_id":8,"id":71,"title":"et vel corporis"},{"user_id":8,"id":72,"title":"unde exercitationem ut"},{"user_id":8,"id":73,"title":"quos omnis officia"},{"user_id":8,"id":74,"title":"quia est eius vitae dolor"},{"user_id":8,"id":75,"title":"aut quia expedita non"},{"user_id":8,"id":76,"title":"dolorem magnam facere itaque ut reprehenderit tenetur corrupti"},{"user_id":8,"id":77,"title":"cupiditate sapiente maiores iusto ducimus cum excepturi veritatis quia"},{"user_id":8,"id":78,"title":"est minima eius possimus ea ratione velit et"},{"user_id":8,"id":79,"title":"ipsa quae voluptas natus ut suscipit soluta quia quidem"},{"user_id":8,"id":80,"title":"id nihil reprehenderit"},{"user_id":9,"id":81,"title":"quibusdam sapiente et"},{"user_id":9,"id":82,"title":"recusandae consequatur vel amet unde"},{"user_id":9,"id":83,"title":"aperiam odio fugiat"},{"user_id":9,"id":84,"title":"est et at eos expedita"},{"user_id":9,"id":85,"title":"qui voluptatem consequatur aut ab quis temporibus praesentium"},{"user_id":9,"id":86,"title":"eligendi mollitia alias aspernatur vel ut iusto"},{"user_id":9,"id":87,"title":"aut aut architecto"},{"user_id":9,"id":88,"title":"quas perspiciatis optio"},{"user_id":9,"id":89,"title":"sit optio id voluptatem est eum et"},{"user_id":9,"id":90,"title":"est vel dignissimos"},{"user_id":10,"id":91,"title":"repellendus praesentium debitis officiis"},{"user_id":10,"id":92,"title":"incidunt et et eligendi assumenda soluta quia recusandae"},{"user_id":10,"id":93,"title":"nisi qui dolores perspiciatis"},{"user_id":10,"id":94,"title":"quisquam a dolores et earum vitae"},{"user_id":10,"id":95,"title":"consectetur vel rerum qui aperiam modi eos aspernatur ipsa"},{"user_id":10,"id":96,"title":"unde et ut molestiae est molestias voluptatem sint"},{"user_id":10,"id":97,"title":"est quod aut"},{"user_id":10,"id":98,"title":"omnis quia possimus nesciunt deleniti assumenda sed autem"},{"user_id":10,"id":99,"title":"consectetur ut id impedit dolores sit ad ex aut"},{"user_id":10,"id":100,"title":"enim repellat iste"}]"
21:38:12.789 [ForkJoinPool-1-worker-3] DEBUG org.apache.http.headers - http-outgoing-20 << HTTP/1.1 200 OK
21:38:12.789 [ForkJoinPool-1-worker-3] DEBUG org.apache.http.headers - http-outgoing-20 << Server: Cowboy
21:38:12.789 [ForkJoinPool-1-worker-3] DEBUG org.apache.http.headers - http-outgoing-20 << Connection: keep-alive
21:38:12.789 [ForkJoinPool-1-worker-3] DEBUG org.apache.http.headers - http-outgoing-20 << X-Powered-By: Express
21:38:12.789 [ForkJoinPool-1-worker-3] DEBUG org.apache.http.headers - http-outgoing-20 << Content-Type: application/json; charset=utf-8
21:38:12.789 [ForkJoinPool-1-worker-3] DEBUG org.apache.http.headers - http-outgoing-20 << Content-Length: 7032
21:38:12.789 [ForkJoinPool-1-worker-3] DEBUG org.apache.http.headers - http-outgoing-20 << Etag: W/"1b78-QLaE6RpZ5E8d2hLg+o5PqJk5Zw8"
21:38:12.789 [ForkJoinPool-1-worker-3] DEBUG org.apache.http.headers - http-outgoing-20 << Date: Tue, 15 Sep 2020 02:38:13 GMT
21:38:12.789 [ForkJoinPool-1-worker-3] DEBUG org.apache.http.headers - http-outgoing-20 << Via: 1.1 vegur
21:38:12.789 [ForkJoinPool-1-worker-3] DEBUG org.apache.http.impl.execchain.MainClientExec - Connection can be kept alive indefinitely
21:38:12.790 [ForkJoinPool-1-worker-3] DEBUG org.apache.http.impl.conn.PoolingHttpClientConnectionManager - Connection [id: 20][route: {s}->https://nodejs-qa-training.herokuapp.com:443] can be kept alive indefinitely
21:38:12.790 [ForkJoinPool-1-worker-3] DEBUG org.apache.http.impl.conn.DefaultManagedHttpClientConnection - http-outgoing-20: set socket timeout to 0
21:38:12.790 [ForkJoinPool-1-worker-3] DEBUG org.apache.http.impl.conn.PoolingHttpClientConnectionManager - Connection released: [id: 20][route: {s}->https://nodejs-qa-training.herokuapp.com:443][total available: 1; route allocated: 1 of 5; total allocated: 1 of 10]
21:38:12.790 [ForkJoinPool-1-worker-3] DEBUG com.intuit.karate - response time in milliseconds: 660,49
1 < 200
1 < Connection: keep-alive
1 < Content-Length: 7032
1 < Content-Type: application/json; charset=utf-8
1 < Date: Tue, 15 Sep 2020 02:38:13 GMT
1 < Etag: W/"1b78-QLaE6RpZ5E8d2hLg+o5PqJk5Zw8"
1 < Server: Cowboy
1 < Via: 1.1 vegur
1 < X-Powered-By: Express
[{"user_id":1,"id":1,"title":"quidem molestiae enim"},{"user_id":1,"id":2,"title":"sunt qui excepturi placeat culpa"},{"user_id":1,"id":3,"title":"omnis laborum odio"},{"user_id":1,"id":4,"title":"non esse culpa molestiae omnis sed optio"},{"user_id":1,"id":5,"title":"eaque aut omnis a"},{"user_id":1,"id":6,"title":"natus impedit quibusdam illo est"},{"user_id":1,"id":7,"title":"quibusdam autem aliquid et et quia"},{"user_id":1,"id":8,"title":"qui fuga est a eum"},{"user_id":1,"id":9,"title":"saepe unde necessitatibus rem"},{"user_id":1,"id":10,"title":"distinctio laborum qui"},{"user_id":2,"id":11,"title":"quam nostrum impedit mollitia quod et dolor"},{"user_id":2,"id":12,"title":"consequatur autem doloribus natus consectetur"},{"user_id":2,"id":13,"title":"ab rerum non rerum consequatur ut ea unde"},{"user_id":2,"id":14,"title":"ducimus molestias eos animi atque nihil"},{"user_id":2,"id":15,"title":"ut pariatur rerum ipsum natus repellendus praesentium"},{"user_id":2,"id":16,"title":"voluptatem aut maxime inventore autem magnam atque repellat"},{"user_id":2,"id":17,"title":"aut minima voluptatem ut velit"},{"user_id":2,"id":18,"title":"nesciunt quia et doloremque"},{"user_id":2,"id":19,"title":"velit pariatur quaerat similique libero omnis quia"},{"user_id":2,"id":20,"title":"voluptas rerum iure ut enim"},{"user_id":3,"id":21,"title":"repudiandae voluptatem optio est consequatur rem in temporibus et"},{"user_id":3,"id":22,"title":"et rem non provident vel ut"},{"user_id":3,"id":23,"title":"incidunt quisquam hic adipisci sequi"},{"user_id":3,"id":24,"title":"dolores ut et facere placeat"},{"user_id":3,"id":25,"title":"vero maxime id possimus sunt neque et consequatur"},{"user_id":3,"id":26,"title":"quibusdam saepe ipsa vel harum"},{"user_id":3,"id":27,"title":"id non nostrum expedita"},{"user_id":3,"id":28,"title":"omnis neque exercitationem sed dolor atque maxime aut cum"},{"user_id":3,"id":29,"title":"inventore ut quasi magnam itaque est fugit"},{"user_id":3,"id":30,"title":"tempora assumenda et similique odit distinctio error"},{"user_id":4,"id":31,"title":"adipisci laborum fuga laboriosam"},{"user_id":4,"id":32,"title":"reiciendis dolores a ut qui debitis non quo labore"},{"user_id":4,"id":33,"title":"iste eos nostrum"},{"user_id":4,"id":34,"title":"cumque voluptatibus rerum architecto blanditiis"},{"user_id":4,"id":35,"title":"et impedit nisi quae magni necessitatibus sed aut pariatur"},{"user_id":4,"id":36,"title":"nihil cupiditate voluptate neque"},{"user_id":4,"id":37,"title":"est placeat dicta ut nisi rerum iste"},{"user_id":4,"id":38,"title":"unde a sequi id"},{"user_id":4,"id":39,"title":"ratione porro illum labore eum aperiam sed"},{"user_id":4,"id":40,"title":"voluptas neque et sint aut quo odit"},{"user_id":5,"id":41,"title":"ea voluptates maiores eos accusantium officiis tempore mollitia consequatur"},{"user_id":5,"id":42,"title":"tenetur explicabo ea"},{"user_id":5,"id":43,"title":"aperiam doloremque nihil"},{"user_id":5,"id":44,"title":"sapiente cum numquam officia consequatur vel natus quos suscipit"},{"user_id":5,"id":45,"title":"tenetur quos ea unde est enim corrupti qui"},{"user_id":5,"id":46,"title":"molestiae voluptate non"},{"user_id":5,"id":47,"title":"temporibus molestiae aut"},{"user_id":5,"id":48,"title":"modi consequatur culpa aut quam soluta alias perspiciatis laudantium"},{"user_id":5,"id":49,"title":"ut aut vero repudiandae voluptas ullam voluptas at consequatur"},{"user_id":5,"id":50,"title":"sed qui sed quas sit ducimus dolor"},{"user_id":6,"id":51,"title":"odit laboriosam sint quia cupiditate animi quis"},{"user_id":6,"id":52,"title":"necessitatibus quas et sunt at voluptatem"},{"user_id":6,"id":53,"title":"est vel sequi voluptatem nemo quam molestiae modi enim"},{"user_id":6,"id":54,"title":"aut non illo amet perferendis"},{"user_id":6,"id":55,"title":"qui culpa itaque omnis in nesciunt architecto error"},{"user_id":6,"id":56,"title":"omnis qui maiores tempora officiis omnis rerum sed repellat"},{"user_id":6,"id":57,"title":"libero excepturi voluptatem est architecto quae voluptatum officia tempora"},{"user_id":6,"id":58,"title":"nulla illo consequatur aspernatur veritatis aut error delectus et"},{"user_id":6,"id":59,"title":"eligendi similique provident nihil"},{"user_id":6,"id":60,"title":"omnis mollitia sunt aliquid eum consequatur fugit minus laudantium"},{"user_id":7,"id":61,"title":"delectus iusto et"},{"user_id":7,"id":62,"title":"eos ea non recusandae iste ut quasi"},{"user_id":7,"id":63,"title":"velit est quam"},{"user_id":7,"id":64,"title":"autem voluptatem amet iure quae"},{"user_id":7,"id":65,"title":"voluptates delectus iure iste qui"},{"user_id":7,"id":66,"title":"velit sed quia dolor dolores delectus"},{"user_id":7,"id":67,"title":"ad voluptas nostrum et nihil"},{"user_id":7,"id":68,"title":"qui quasi nihil aut voluptatum sit dolore minima"},{"user_id":7,"id":69,"title":"qui aut est"},{"user_id":7,"id":70,"title":"et deleniti unde"},{"user_id":8,"id":71,"title":"et vel corporis"},{"user_id":8,"id":72,"title":"unde exercitationem ut"},{"user_id":8,"id":73,"title":"quos omnis officia"},{"user_id":8,"id":74,"title":"quia est eius vitae dolor"},{"user_id":8,"id":75,"title":"aut quia expedita non"},{"user_id":8,"id":76,"title":"dolorem magnam facere itaque ut reprehenderit tenetur corrupti"},{"user_id":8,"id":77,"title":"cupiditate sapiente maiores iusto ducimus cum excepturi veritatis quia"},{"user_id":8,"id":78,"title":"est minima eius possimus ea ratione velit et"},{"user_id":8,"id":79,"title":"ipsa quae voluptas natus ut suscipit soluta quia quidem"},{"user_id":8,"id":80,"title":"id nihil reprehenderit"},{"user_id":9,"id":81,"title":"quibusdam sapiente et"},{"user_id":9,"id":82,"title":"recusandae consequatur vel amet unde"},{"user_id":9,"id":83,"title":"aperiam odio fugiat"},{"user_id":9,"id":84,"title":"est et at eos expedita"},{"user_id":9,"id":85,"title":"qui voluptatem consequatur aut ab quis temporibus praesentium"},{"user_id":9,"id":86,"title":"eligendi mollitia alias aspernatur vel ut iusto"},{"user_id":9,"id":87,"title":"aut aut architecto"},{"user_id":9,"id":88,"title":"quas perspiciatis optio"},{"user_id":9,"id":89,"title":"sit optio id voluptatem est eum et"},{"user_id":9,"id":90,"title":"est vel dignissimos"},{"user_id":10,"id":91,"title":"repellendus praesentium debitis officiis"},{"user_id":10,"id":92,"title":"incidunt et et eligendi assumenda soluta quia recusandae"},{"user_id":10,"id":93,"title":"nisi qui dolores perspiciatis"},{"user_id":10,"id":94,"title":"quisquam a dolores et earum vitae"},{"user_id":10,"id":95,"title":"consectetur vel rerum qui aperiam modi eos aspernatur ipsa"},{"user_id":10,"id":96,"title":"unde et ut molestiae est molestias voluptatem sint"},{"user_id":10,"id":97,"title":"est quod aut"},{"user_id":10,"id":98,"title":"omnis quia possimus nesciunt deleniti assumenda sed autem"},{"user_id":10,"id":99,"title":"consectetur ut id impedit dolores sit ad ex aut"},{"user_id":10,"id":100,"title":"enim repellat iste"}]

21:38:12.807 [ForkJoinPool-1-worker-3] DEBUG com.jayway.jsonpath.internal.path.CompiledPath - Evaluating path: $
21:38:12.808 [ForkJoinPool-1-worker-3] DEBUG com.jayway.jsonpath.internal.path.CompiledPath - Evaluating path: $
21:38:12.808 [ForkJoinPool-1-worker-3] DEBUG com.jayway.jsonpath.internal.path.CompiledPath - Evaluating path: $
21:38:12.819 [ForkJoinPool-1-worker-3] DEBUG com.jayway.jsonpath.internal.path.CompiledPath - Evaluating path: $
21:38:12.820 [ForkJoinPool-1-worker-3] INFO com.intuit.karate - [print] 258
21:38:12.826 [ForkJoinPool-1-worker-3] DEBUG org.apache.http.client.protocol.RequestAddCookies - CookieSpec selected: karate
21:38:12.826 [ForkJoinPool-1-worker-3] DEBUG org.apache.http.client.protocol.RequestAuthCache - Auth cache not set in the context
21:38:12.826 [ForkJoinPool-1-worker-3] DEBUG com.intuit.karate - request:
1 > GET https://nodejs-qa-training.herokuapp.com/users/258/albums
1 > Accept-Encoding: gzip,deflate
1 > Authorization: kadjADAhOLAIyysfhkalsdHKLsdASDADGDFGJD
1 > Connection: Keep-Alive
1 > Content-Type: application/json
1 > Host: nodejs-qa-training.herokuapp.com
1 > User-Agent: Apache-HttpClient/4.5.11 (Java/1.8.0_171)

21:38:12.826 [ForkJoinPool-1-worker-3] DEBUG org.apache.http.impl.conn.PoolingHttpClientConnectionManager - Connection request: [route: {s}->https://nodejs-qa-training.herokuapp.com:443][total available: 0; route allocated: 0 of 5; total allocated: 0 of 10]
21:38:12.826 [ForkJoinPool-1-worker-3] DEBUG org.apache.http.impl.conn.PoolingHttpClientConnectionManager - Connection leased: [id: 23][route: {s}->https://nodejs-qa-training.herokuapp.com:443][total available: 0; route allocated: 1 of 5; total allocated: 1 of 10]
21:38:12.826 [ForkJoinPool-1-worker-3] DEBUG org.apache.http.impl.execchain.MainClientExec - Opening connection {s}->https://nodejs-qa-training.herokuapp.com:443
21:38:12.826 [ForkJoinPool-1-worker-3] DEBUG org.apache.http.impl.conn.DefaultHttpClientConnectionOperator - Connecting to nodejs-qa-training.herokuapp.com/52.20.101.119:443
21:38:12.826 [ForkJoinPool-1-worker-3] DEBUG org.apache.http.conn.ssl.SSLConnectionSocketFactory - Connecting socket to nodejs-qa-training.herokuapp.com/52.20.101.119:443 with timeout 30000
21:38:12.829 [ForkJoinPool-1-worker-2] DEBUG org.apache.http.conn.ssl.SSLConnectionSocketFactory - Secure session established
21:38:12.829 [ForkJoinPool-1-worker-2] DEBUG org.apache.http.conn.ssl.SSLConnectionSocketFactory -  negotiated protocol: TLSv1.2
21:38:12.829 [ForkJoinPool-1-worker-2] DEBUG org.apache.http.conn.ssl.SSLConnectionSocketFactory -  negotiated cipher suite: TLS_ECDHE_RSA_WITH_AES_128_GCM_SHA256
21:38:12.829 [ForkJoinPool-1-worker-2] DEBUG org.apache.http.conn.ssl.SSLConnectionSocketFactory -  peer principal: CN=*.herokuapp.com, O="Heroku, Inc.", L=San Francisco, ST=California, C=US
21:38:12.829 [ForkJoinPool-1-worker-2] DEBUG org.apache.http.conn.ssl.SSLConnectionSocketFactory -  peer alternative names: [*.herokuapp.com, herokuapp.com]
21:38:12.829 [ForkJoinPool-1-worker-2] DEBUG org.apache.http.conn.ssl.SSLConnectionSocketFactory -  issuer principal: CN=DigiCert SHA2 High Assurance Server CA, OU=www.digicert.com, O=DigiCert Inc, C=US
21:38:12.830 [ForkJoinPool-1-worker-2] DEBUG org.apache.http.impl.conn.DefaultHttpClientConnectionOperator - Connection established 192.168.1.7:51363<->52.20.101.119:443
21:38:12.830 [ForkJoinPool-1-worker-2] DEBUG org.apache.http.impl.conn.DefaultManagedHttpClientConnection - http-outgoing-22: set socket timeout to 30000
21:38:12.830 [ForkJoinPool-1-worker-2] DEBUG org.apache.http.impl.execchain.MainClientExec - Executing request GET /users/146/albums HTTP/1.1
21:38:12.830 [ForkJoinPool-1-worker-2] DEBUG org.apache.http.impl.execchain.MainClientExec - Proxy auth state: UNCHALLENGED
21:38:12.830 [ForkJoinPool-1-worker-2] DEBUG org.apache.http.headers - http-outgoing-22 >> GET /users/146/albums HTTP/1.1
21:38:12.830 [ForkJoinPool-1-worker-2] DEBUG org.apache.http.headers - http-outgoing-22 >> Content-Type: application/json
21:38:12.830 [ForkJoinPool-1-worker-2] DEBUG org.apache.http.headers - http-outgoing-22 >> Authorization: eyJ0eXAiOiJKV1QiLCJhbGciOiJIUzI1NiJ9.eyJ1c2VySWQiOjE0Niwicm9sZSI6ImFkbWluIiwiaWF0IjoxNjAwMTM3NDkyLjExOCwiZXhwIjoxNjAwMTM5MjkyLjExOH0.Y-nMRZN_sD6eKcoKxyaMlmcdpU6GO6EAzUiBA2MqP6c
21:38:12.830 [ForkJoinPool-1-worker-2] DEBUG org.apache.http.headers - http-outgoing-22 >> Host: nodejs-qa-training.herokuapp.com
21:38:12.830 [ForkJoinPool-1-worker-2] DEBUG org.apache.http.headers - http-outgoing-22 >> Connection: Keep-Alive
21:38:12.830 [ForkJoinPool-1-worker-2] DEBUG org.apache.http.headers - http-outgoing-22 >> User-Agent: Apache-HttpClient/4.5.11 (Java/1.8.0_171)
21:38:12.830 [ForkJoinPool-1-worker-2] DEBUG org.apache.http.headers - http-outgoing-22 >> Accept-Encoding: gzip,deflate
21:38:12.830 [ForkJoinPool-1-worker-2] DEBUG org.apache.http.wire - http-outgoing-22 >> "GET /users/146/albums HTTP/1.1[\r][\n]"
21:38:12.830 [ForkJoinPool-1-worker-2] DEBUG org.apache.http.wire - http-outgoing-22 >> "Content-Type: application/json[\r][\n]"
21:38:12.830 [ForkJoinPool-1-worker-2] DEBUG org.apache.http.wire - http-outgoing-22 >> "Authorization: eyJ0eXAiOiJKV1QiLCJhbGciOiJIUzI1NiJ9.eyJ1c2VySWQiOjE0Niwicm9sZSI6ImFkbWluIiwiaWF0IjoxNjAwMTM3NDkyLjExOCwiZXhwIjoxNjAwMTM5MjkyLjExOH0.Y-nMRZN_sD6eKcoKxyaMlmcdpU6GO6EAzUiBA2MqP6c[\r][\n]"
21:38:12.830 [ForkJoinPool-1-worker-2] DEBUG org.apache.http.wire - http-outgoing-22 >> "Host: nodejs-qa-training.herokuapp.com[\r][\n]"
21:38:12.830 [ForkJoinPool-1-worker-2] DEBUG org.apache.http.wire - http-outgoing-22 >> "Connection: Keep-Alive[\r][\n]"
21:38:12.830 [ForkJoinPool-1-worker-2] DEBUG org.apache.http.wire - http-outgoing-22 >> "User-Agent: Apache-HttpClient/4.5.11 (Java/1.8.0_171)[\r][\n]"
21:38:12.830 [ForkJoinPool-1-worker-2] DEBUG org.apache.http.wire - http-outgoing-22 >> "Accept-Encoding: gzip,deflate[\r][\n]"
21:38:12.830 [ForkJoinPool-1-worker-2] DEBUG org.apache.http.wire - http-outgoing-22 >> "[\r][\n]"
21:38:12.870 [ForkJoinPool-1-worker-1] DEBUG org.apache.http.conn.ssl.SSLConnectionSocketFactory - Secure session established
21:38:12.870 [ForkJoinPool-1-worker-1] DEBUG org.apache.http.conn.ssl.SSLConnectionSocketFactory -  negotiated protocol: TLSv1.2
21:38:12.870 [ForkJoinPool-1-worker-1] DEBUG org.apache.http.conn.ssl.SSLConnectionSocketFactory -  negotiated cipher suite: TLS_ECDHE_RSA_WITH_AES_128_GCM_SHA256
21:38:12.870 [ForkJoinPool-1-worker-1] DEBUG org.apache.http.conn.ssl.SSLConnectionSocketFactory -  peer principal: CN=*.herokuapp.com, O="Heroku, Inc.", L=San Francisco, ST=California, C=US
21:38:12.870 [ForkJoinPool-1-worker-1] DEBUG org.apache.http.conn.ssl.SSLConnectionSocketFactory -  peer alternative names: [*.herokuapp.com, herokuapp.com]
21:38:12.870 [ForkJoinPool-1-worker-1] DEBUG org.apache.http.conn.ssl.SSLConnectionSocketFactory -  issuer principal: CN=DigiCert SHA2 High Assurance Server CA, OU=www.digicert.com, O=DigiCert Inc, C=US
21:38:12.870 [ForkJoinPool-1-worker-1] DEBUG org.apache.http.impl.conn.DefaultHttpClientConnectionOperator - Connection established 192.168.1.7:51362<->52.20.101.119:443
21:38:12.871 [ForkJoinPool-1-worker-1] DEBUG org.apache.http.impl.conn.DefaultManagedHttpClientConnection - http-outgoing-21: set socket timeout to 30000
21:38:12.871 [ForkJoinPool-1-worker-1] DEBUG org.apache.http.impl.execchain.MainClientExec - Executing request GET /albums HTTP/1.1
21:38:12.871 [ForkJoinPool-1-worker-1] DEBUG org.apache.http.impl.execchain.MainClientExec - Proxy auth state: UNCHALLENGED
21:38:12.871 [ForkJoinPool-1-worker-1] DEBUG org.apache.http.headers - http-outgoing-21 >> GET /albums HTTP/1.1
21:38:12.871 [ForkJoinPool-1-worker-1] DEBUG org.apache.http.headers - http-outgoing-21 >> Content-Type: application/json
21:38:12.871 [ForkJoinPool-1-worker-1] DEBUG org.apache.http.headers - http-outgoing-21 >> Authorization: eyJ0eXAiOiJKV1QiLCJhbGciOiJIUzI1NiJ9.eyJ1c2VySWQiOjI1OCwicm9sZSI6InJlZ3VsYXIiLCJpYXQiOjE2MDAxMzc0OTIuNzE1LCJleHAiOjE2MDAxMzkyOTIuNzE1fQ.xQiZ7IB46GU3-46lhCX_sSvCbcIY6mH63bNUjVOM1z8
21:38:12.871 [ForkJoinPool-1-worker-1] DEBUG org.apache.http.headers - http-outgoing-21 >> Host: nodejs-qa-training.herokuapp.com
21:38:12.871 [ForkJoinPool-1-worker-1] DEBUG org.apache.http.headers - http-outgoing-21 >> Connection: Keep-Alive
21:38:12.871 [ForkJoinPool-1-worker-1] DEBUG org.apache.http.headers - http-outgoing-21 >> User-Agent: Apache-HttpClient/4.5.11 (Java/1.8.0_171)
21:38:12.871 [ForkJoinPool-1-worker-1] DEBUG org.apache.http.headers - http-outgoing-21 >> Accept-Encoding: gzip,deflate
21:38:12.871 [ForkJoinPool-1-worker-1] DEBUG org.apache.http.wire - http-outgoing-21 >> "GET /albums HTTP/1.1[\r][\n]"
21:38:12.871 [ForkJoinPool-1-worker-1] DEBUG org.apache.http.wire - http-outgoing-21 >> "Content-Type: application/json[\r][\n]"
21:38:12.871 [ForkJoinPool-1-worker-1] DEBUG org.apache.http.wire - http-outgoing-21 >> "Authorization: eyJ0eXAiOiJKV1QiLCJhbGciOiJIUzI1NiJ9.eyJ1c2VySWQiOjI1OCwicm9sZSI6InJlZ3VsYXIiLCJpYXQiOjE2MDAxMzc0OTIuNzE1LCJleHAiOjE2MDAxMzkyOTIuNzE1fQ.xQiZ7IB46GU3-46lhCX_sSvCbcIY6mH63bNUjVOM1z8[\r][\n]"
21:38:12.871 [ForkJoinPool-1-worker-1] DEBUG org.apache.http.wire - http-outgoing-21 >> "Host: nodejs-qa-training.herokuapp.com[\r][\n]"
21:38:12.871 [ForkJoinPool-1-worker-1] DEBUG org.apache.http.wire - http-outgoing-21 >> "Connection: Keep-Alive[\r][\n]"
21:38:12.871 [ForkJoinPool-1-worker-1] DEBUG org.apache.http.wire - http-outgoing-21 >> "User-Agent: Apache-HttpClient/4.5.11 (Java/1.8.0_171)[\r][\n]"
21:38:12.871 [ForkJoinPool-1-worker-1] DEBUG org.apache.http.wire - http-outgoing-21 >> "Accept-Encoding: gzip,deflate[\r][\n]"
21:38:12.871 [ForkJoinPool-1-worker-1] DEBUG org.apache.http.wire - http-outgoing-21 >> "[\r][\n]"
21:38:12.939 [ForkJoinPool-1-worker-3] DEBUG org.apache.http.conn.ssl.SSLConnectionSocketFactory - Enabled protocols: [TLSv1, TLSv1.1, TLSv1.2]
21:38:12.940 [ForkJoinPool-1-worker-3] DEBUG org.apache.http.conn.ssl.SSLConnectionSocketFactory - Enabled cipher suites:[TLS_ECDHE_ECDSA_WITH_AES_256_CBC_SHA384, TLS_ECDHE_RSA_WITH_AES_256_CBC_SHA384, TLS_RSA_WITH_AES_256_CBC_SHA256, TLS_ECDH_ECDSA_WITH_AES_256_CBC_SHA384, TLS_ECDH_RSA_WITH_AES_256_CBC_SHA384, TLS_DHE_RSA_WITH_AES_256_CBC_SHA256, TLS_DHE_DSS_WITH_AES_256_CBC_SHA256, TLS_ECDHE_ECDSA_WITH_AES_256_CBC_SHA, TLS_ECDHE_RSA_WITH_AES_256_CBC_SHA, TLS_RSA_WITH_AES_256_CBC_SHA, TLS_ECDH_ECDSA_WITH_AES_256_CBC_SHA, TLS_ECDH_RSA_WITH_AES_256_CBC_SHA, TLS_DHE_RSA_WITH_AES_256_CBC_SHA, TLS_DHE_DSS_WITH_AES_256_CBC_SHA, TLS_ECDHE_ECDSA_WITH_AES_128_CBC_SHA256, TLS_ECDHE_RSA_WITH_AES_128_CBC_SHA256, TLS_RSA_WITH_AES_128_CBC_SHA256, TLS_ECDH_ECDSA_WITH_AES_128_CBC_SHA256, TLS_ECDH_RSA_WITH_AES_128_CBC_SHA256, TLS_DHE_RSA_WITH_AES_128_CBC_SHA256, TLS_DHE_DSS_WITH_AES_128_CBC_SHA256, TLS_ECDHE_ECDSA_WITH_AES_128_CBC_SHA, TLS_ECDHE_RSA_WITH_AES_128_CBC_SHA, TLS_RSA_WITH_AES_128_CBC_SHA, TLS_ECDH_ECDSA_WITH_AES_128_CBC_SHA, TLS_ECDH_RSA_WITH_AES_128_CBC_SHA, TLS_DHE_RSA_WITH_AES_128_CBC_SHA, TLS_DHE_DSS_WITH_AES_128_CBC_SHA, TLS_ECDHE_ECDSA_WITH_AES_256_GCM_SHA384, TLS_ECDHE_ECDSA_WITH_AES_128_GCM_SHA256, TLS_ECDHE_RSA_WITH_AES_256_GCM_SHA384, TLS_RSA_WITH_AES_256_GCM_SHA384, TLS_ECDH_ECDSA_WITH_AES_256_GCM_SHA384, TLS_ECDH_RSA_WITH_AES_256_GCM_SHA384, TLS_DHE_RSA_WITH_AES_256_GCM_SHA384, TLS_DHE_DSS_WITH_AES_256_GCM_SHA384, TLS_ECDHE_RSA_WITH_AES_128_GCM_SHA256, TLS_RSA_WITH_AES_128_GCM_SHA256, TLS_ECDH_ECDSA_WITH_AES_128_GCM_SHA256, TLS_ECDH_RSA_WITH_AES_128_GCM_SHA256, TLS_DHE_RSA_WITH_AES_128_GCM_SHA256, TLS_DHE_DSS_WITH_AES_128_GCM_SHA256, TLS_EMPTY_RENEGOTIATION_INFO_SCSV]
21:38:12.940 [ForkJoinPool-1-worker-3] DEBUG org.apache.http.conn.ssl.SSLConnectionSocketFactory - Starting handshake
21:38:13.233 [ForkJoinPool-1-worker-3] DEBUG org.apache.http.conn.ssl.SSLConnectionSocketFactory - Secure session established
21:38:13.233 [ForkJoinPool-1-worker-3] DEBUG org.apache.http.conn.ssl.SSLConnectionSocketFactory -  negotiated protocol: TLSv1.2
21:38:13.233 [ForkJoinPool-1-worker-3] DEBUG org.apache.http.conn.ssl.SSLConnectionSocketFactory -  negotiated cipher suite: TLS_ECDHE_RSA_WITH_AES_128_GCM_SHA256
21:38:13.233 [ForkJoinPool-1-worker-3] DEBUG org.apache.http.conn.ssl.SSLConnectionSocketFactory -  peer principal: CN=*.herokuapp.com, O="Heroku, Inc.", L=San Francisco, ST=California, C=US
21:38:13.233 [ForkJoinPool-1-worker-3] DEBUG org.apache.http.conn.ssl.SSLConnectionSocketFactory -  peer alternative names: [*.herokuapp.com, herokuapp.com]
21:38:13.233 [ForkJoinPool-1-worker-3] DEBUG org.apache.http.conn.ssl.SSLConnectionSocketFactory -  issuer principal: CN=DigiCert SHA2 High Assurance Server CA, OU=www.digicert.com, O=DigiCert Inc, C=US
21:38:13.233 [ForkJoinPool-1-worker-3] DEBUG org.apache.http.impl.conn.DefaultHttpClientConnectionOperator - Connection established 192.168.1.7:51364<->52.20.101.119:443
21:38:13.233 [ForkJoinPool-1-worker-3] DEBUG org.apache.http.impl.conn.DefaultManagedHttpClientConnection - http-outgoing-23: set socket timeout to 30000
21:38:13.233 [ForkJoinPool-1-worker-3] DEBUG org.apache.http.impl.execchain.MainClientExec - Executing request GET /users/258/albums HTTP/1.1
21:38:13.233 [ForkJoinPool-1-worker-3] DEBUG org.apache.http.impl.execchain.MainClientExec - Proxy auth state: UNCHALLENGED
21:38:13.233 [ForkJoinPool-1-worker-3] DEBUG org.apache.http.headers - http-outgoing-23 >> GET /users/258/albums HTTP/1.1
21:38:13.233 [ForkJoinPool-1-worker-3] DEBUG org.apache.http.headers - http-outgoing-23 >> Content-Type: application/json
21:38:13.233 [ForkJoinPool-1-worker-3] DEBUG org.apache.http.headers - http-outgoing-23 >> Authorization: kadjADAhOLAIyysfhkalsdHKLsdASDADGDFGJD
21:38:13.233 [ForkJoinPool-1-worker-3] DEBUG org.apache.http.headers - http-outgoing-23 >> Host: nodejs-qa-training.herokuapp.com
21:38:13.233 [ForkJoinPool-1-worker-3] DEBUG org.apache.http.headers - http-outgoing-23 >> Connection: Keep-Alive
21:38:13.233 [ForkJoinPool-1-worker-3] DEBUG org.apache.http.headers - http-outgoing-23 >> User-Agent: Apache-HttpClient/4.5.11 (Java/1.8.0_171)
21:38:13.233 [ForkJoinPool-1-worker-3] DEBUG org.apache.http.headers - http-outgoing-23 >> Accept-Encoding: gzip,deflate
21:38:13.233 [ForkJoinPool-1-worker-3] DEBUG org.apache.http.wire - http-outgoing-23 >> "GET /users/258/albums HTTP/1.1[\r][\n]"
21:38:13.233 [ForkJoinPool-1-worker-3] DEBUG org.apache.http.wire - http-outgoing-23 >> "Content-Type: application/json[\r][\n]"
21:38:13.233 [ForkJoinPool-1-worker-3] DEBUG org.apache.http.wire - http-outgoing-23 >> "Authorization: kadjADAhOLAIyysfhkalsdHKLsdASDADGDFGJD[\r][\n]"
21:38:13.233 [ForkJoinPool-1-worker-3] DEBUG org.apache.http.wire - http-outgoing-23 >> "Host: nodejs-qa-training.herokuapp.com[\r][\n]"
21:38:13.233 [ForkJoinPool-1-worker-3] DEBUG org.apache.http.wire - http-outgoing-23 >> "Connection: Keep-Alive[\r][\n]"
21:38:13.233 [ForkJoinPool-1-worker-3] DEBUG org.apache.http.wire - http-outgoing-23 >> "User-Agent: Apache-HttpClient/4.5.11 (Java/1.8.0_171)[\r][\n]"
21:38:13.233 [ForkJoinPool-1-worker-3] DEBUG org.apache.http.wire - http-outgoing-23 >> "Accept-Encoding: gzip,deflate[\r][\n]"
21:38:13.233 [ForkJoinPool-1-worker-3] DEBUG org.apache.http.wire - http-outgoing-23 >> "[\r][\n]"
21:38:13.389 [ForkJoinPool-1-worker-3] DEBUG org.apache.http.wire - http-outgoing-23 << "HTTP/1.1 401 Unauthorized[\r][\n]"
21:38:13.389 [ForkJoinPool-1-worker-3] DEBUG org.apache.http.wire - http-outgoing-23 << "Server: Cowboy[\r][\n]"
21:38:13.389 [ForkJoinPool-1-worker-3] DEBUG org.apache.http.wire - http-outgoing-23 << "Connection: keep-alive[\r][\n]"
21:38:13.389 [ForkJoinPool-1-worker-3] DEBUG org.apache.http.wire - http-outgoing-23 << "X-Powered-By: Express[\r][\n]"
21:38:13.389 [ForkJoinPool-1-worker-3] DEBUG org.apache.http.wire - http-outgoing-23 << "Content-Type: application/json; charset=utf-8[\r][\n]"
21:38:13.389 [ForkJoinPool-1-worker-3] DEBUG org.apache.http.wire - http-outgoing-23 << "Content-Length: 109[\r][\n]"
21:38:13.389 [ForkJoinPool-1-worker-3] DEBUG org.apache.http.wire - http-outgoing-23 << "Etag: W/"6d-SmFA7dximq0P5qMZTU/+dQCpCJM"[\r][\n]"
21:38:13.389 [ForkJoinPool-1-worker-3] DEBUG org.apache.http.wire - http-outgoing-23 << "Date: Tue, 15 Sep 2020 02:38:13 GMT[\r][\n]"
21:38:13.389 [ForkJoinPool-1-worker-3] DEBUG org.apache.http.wire - http-outgoing-23 << "Via: 1.1 vegur[\r][\n]"
21:38:13.389 [ForkJoinPool-1-worker-3] DEBUG org.apache.http.wire - http-outgoing-23 << "[\r][\n]"
21:38:13.389 [ForkJoinPool-1-worker-3] DEBUG org.apache.http.wire - http-outgoing-23 << "{"errors":[{"code":"authentication_error","message":"Invalid token"}],"timestamp":"2020-09-15T02:38:13.791Z"}"
21:38:13.389 [ForkJoinPool-1-worker-3] DEBUG org.apache.http.headers - http-outgoing-23 << HTTP/1.1 401 Unauthorized
21:38:13.389 [ForkJoinPool-1-worker-3] DEBUG org.apache.http.headers - http-outgoing-23 << Server: Cowboy
21:38:13.389 [ForkJoinPool-1-worker-3] DEBUG org.apache.http.headers - http-outgoing-23 << Connection: keep-alive
21:38:13.389 [ForkJoinPool-1-worker-3] DEBUG org.apache.http.headers - http-outgoing-23 << X-Powered-By: Express
21:38:13.389 [ForkJoinPool-1-worker-3] DEBUG org.apache.http.headers - http-outgoing-23 << Content-Type: application/json; charset=utf-8
21:38:13.389 [ForkJoinPool-1-worker-3] DEBUG org.apache.http.headers - http-outgoing-23 << Content-Length: 109
21:38:13.389 [ForkJoinPool-1-worker-3] DEBUG org.apache.http.headers - http-outgoing-23 << Etag: W/"6d-SmFA7dximq0P5qMZTU/+dQCpCJM"
21:38:13.389 [ForkJoinPool-1-worker-3] DEBUG org.apache.http.headers - http-outgoing-23 << Date: Tue, 15 Sep 2020 02:38:13 GMT
21:38:13.389 [ForkJoinPool-1-worker-3] DEBUG org.apache.http.headers - http-outgoing-23 << Via: 1.1 vegur
21:38:13.389 [ForkJoinPool-1-worker-3] DEBUG org.apache.http.impl.execchain.MainClientExec - Connection can be kept alive indefinitely
21:38:13.389 [ForkJoinPool-1-worker-3] DEBUG org.apache.http.impl.auth.HttpAuthenticator - Authentication required
21:38:13.389 [ForkJoinPool-1-worker-3] DEBUG org.apache.http.impl.auth.HttpAuthenticator - nodejs-qa-training.herokuapp.com:443 requested authentication
21:38:13.389 [ForkJoinPool-1-worker-3] DEBUG org.apache.http.impl.auth.HttpAuthenticator - Response contains no authentication challenges
21:38:13.389 [ForkJoinPool-1-worker-3] DEBUG org.apache.http.impl.conn.PoolingHttpClientConnectionManager - Connection [id: 23][route: {s}->https://nodejs-qa-training.herokuapp.com:443] can be kept alive indefinitely
21:38:13.389 [ForkJoinPool-1-worker-3] DEBUG org.apache.http.impl.conn.DefaultManagedHttpClientConnection - http-outgoing-23: set socket timeout to 0
21:38:13.389 [ForkJoinPool-1-worker-3] DEBUG org.apache.http.impl.conn.PoolingHttpClientConnectionManager - Connection released: [id: 23][route: {s}->https://nodejs-qa-training.herokuapp.com:443][total available: 1; route allocated: 1 of 5; total allocated: 1 of 10]
21:38:13.389 [ForkJoinPool-1-worker-3] DEBUG com.intuit.karate - response time in milliseconds: 570,57
1 < 401
1 < Connection: keep-alive
1 < Content-Length: 109
1 < Content-Type: application/json; charset=utf-8
1 < Date: Tue, 15 Sep 2020 02:38:13 GMT
1 < Etag: W/"6d-SmFA7dximq0P5qMZTU/+dQCpCJM"
1 < Server: Cowboy
1 < Via: 1.1 vegur
1 < X-Powered-By: Express
{"errors":[{"code":"authentication_error","message":"Invalid token"}],"timestamp":"2020-09-15T02:38:13.791Z"}

21:38:13.404 [ForkJoinPool-1-worker-3] DEBUG com.jayway.jsonpath.internal.path.CompiledPath - Evaluating path: $
21:38:13.404 [ForkJoinPool-1-worker-3] DEBUG com.jayway.jsonpath.internal.path.CompiledPath - Evaluating path: $
21:38:13.404 [ForkJoinPool-1-worker-3] DEBUG com.jayway.jsonpath.internal.path.CompiledPath - Evaluating path: $
21:38:13.420 [ForkJoinPool-1-worker-3] WARN com.intuit.karate - skipping bootstrap configuration: could not find or read file: classpath:karate-config.js
21:38:13.436 [ForkJoinPool-1-worker-3] INFO com.intuit.karate - scenario called at line: 45 by tag: @ExitosoAdministrador
21:38:13.436 [ForkJoinPool-1-worker-3] DEBUG com.jayway.jsonpath.internal.path.CompiledPath - Evaluating path: $
21:38:13.436 [ForkJoinPool-1-worker-3] DEBUG org.apache.http.client.protocol.RequestAddCookies - CookieSpec selected: karate
21:38:13.436 [ForkJoinPool-1-worker-3] DEBUG org.apache.http.client.protocol.RequestAuthCache - Auth cache not set in the context
21:38:13.436 [ForkJoinPool-1-worker-3] DEBUG com.intuit.karate - request:
1 > POST https://nodejs-qa-training.herokuapp.com/users/sessions/
1 > Accept-Encoding: gzip,deflate
1 > Connection: Keep-Alive
1 > Content-Length: 62
1 > Content-Type: application/json; charset=UTF-8
1 > Host: nodejs-qa-training.herokuapp.com
1 > User-Agent: Apache-HttpClient/4.5.11 (Java/1.8.0_171)
{"email":"admin@wolox.com.ar","password":"candidatoWolox2020"}

21:38:13.436 [ForkJoinPool-1-worker-3] DEBUG org.apache.http.impl.conn.PoolingHttpClientConnectionManager - Connection request: [route: {s}->https://nodejs-qa-training.herokuapp.com:443][total available: 0; route allocated: 0 of 5; total allocated: 0 of 10]
21:38:13.436 [ForkJoinPool-1-worker-3] DEBUG org.apache.http.impl.conn.PoolingHttpClientConnectionManager - Connection leased: [id: 24][route: {s}->https://nodejs-qa-training.herokuapp.com:443][total available: 0; route allocated: 1 of 5; total allocated: 1 of 10]
21:38:13.436 [ForkJoinPool-1-worker-3] DEBUG org.apache.http.impl.execchain.MainClientExec - Opening connection {s}->https://nodejs-qa-training.herokuapp.com:443
21:38:13.436 [ForkJoinPool-1-worker-3] DEBUG org.apache.http.impl.conn.DefaultHttpClientConnectionOperator - Connecting to nodejs-qa-training.herokuapp.com/52.20.101.119:443
21:38:13.436 [ForkJoinPool-1-worker-3] DEBUG org.apache.http.conn.ssl.SSLConnectionSocketFactory - Connecting socket to nodejs-qa-training.herokuapp.com/52.20.101.119:443 with timeout 30000
21:38:13.467 [ForkJoinPool-1-worker-2] DEBUG org.apache.http.wire - http-outgoing-22 << "HTTP/1.1 200 OK[\r][\n]"
21:38:13.467 [ForkJoinPool-1-worker-2] DEBUG org.apache.http.wire - http-outgoing-22 << "Server: Cowboy[\r][\n]"
21:38:13.467 [ForkJoinPool-1-worker-2] DEBUG org.apache.http.wire - http-outgoing-22 << "Connection: keep-alive[\r][\n]"
21:38:13.467 [ForkJoinPool-1-worker-2] DEBUG org.apache.http.wire - http-outgoing-22 << "X-Powered-By: Express[\r][\n]"
21:38:13.467 [ForkJoinPool-1-worker-2] DEBUG org.apache.http.wire - http-outgoing-22 << "Content-Type: application/json; charset=utf-8[\r][\n]"
21:38:13.467 [ForkJoinPool-1-worker-2] DEBUG org.apache.http.wire - http-outgoing-22 << "Content-Length: 5696[\r][\n]"
21:38:13.467 [ForkJoinPool-1-worker-2] DEBUG org.apache.http.wire - http-outgoing-22 << "Etag: W/"1640-/Wz0yjKepPMKrAFMJjNE/ht80/8"[\r][\n]"
21:38:13.467 [ForkJoinPool-1-worker-2] DEBUG org.apache.http.wire - http-outgoing-22 << "Date: Tue, 15 Sep 2020 02:38:13 GMT[\r][\n]"
21:38:13.467 [ForkJoinPool-1-worker-2] DEBUG org.apache.http.wire - http-outgoing-22 << "Via: 1.1 vegur[\r][\n]"
21:38:13.467 [ForkJoinPool-1-worker-2] DEBUG org.apache.http.wire - http-outgoing-22 << "[\r][\n]"
21:38:13.467 [ForkJoinPool-1-worker-2] DEBUG org.apache.http.wire - http-outgoing-22 << "[{"album":{"user_id":1,"id":1,"title":"quidem molestiae enim"},"user_id":146,"created_at":"2020-09-09T19:06:40.214Z"},{"album":{"user_id":1,"id":3,"title":"omnis laborum odio"},"user_id":146,"created_at":"2020-09-09T20:08:06.287Z"},{"album":{"user_id":1,"id":10,"title":"distinctio laborum qui"},"user_id":146,"created_at":"2020-09-10T02:06:32.196Z"},{"album":{"user_id":10,"id":94,"title":"quisquam a dolores et earum vitae"},"user_id":146,"created_at":"2020-09-14T02:05:56.348Z"},{"album":{"user_id":1,"id":5,"title":"eaque aut omnis a"},"user_id":146,"created_at":"2020-09-10T02:07:15.423Z"},{"album":{"user_id":1,"id":6,"title":"natus impedit quibusdam illo est"},"user_id":146,"created_at":"2020-09-10T02:27:19.210Z"},{"album":{"user_id":1,"id":7,"title":"quibusdam autem aliquid et et quia"},"user_id":146,"created_at":"2020-09-10T02:29:29.219Z"},{"album":{"user_id":1,"id":8,"title":"qui fuga est a eum"},"user_id":146,"created_at":"2020-09-10T04:24:07.731Z"},{"album":{"user_id":3,"id":26,"title":"quibusdam saepe ipsa vel harum"},"user_id":146,"created_at":"2020-09-14T02:22:59.059Z"},{"album":{"user_id":1,"id":9,"title":"saepe unde necessitatibus rem"},"user_id":146,"created_at":"2020-09-10T04:25:23.862Z"},{"album":{"user_id":10,"id":92,"title":"incidunt et et eligendi assumenda soluta quia recusandae"},"user_id":146,"created_at":"2020-09-14T02:24:37.351Z"},{"album":{"user_id":6,"id":51,"title":"odit laboriosam sint quia cupiditate animi quis"},"user_id":146,"created_at":"2020-09-14T02:25:09.277Z"},{"album":{"user_id":2,"id":15,"title":"ut pariatur rerum ipsum natus repellendus praesentium"},"user_id":146,"created_at":"2020-09-13T18:50:33.845Z"},{"album":{"user_id":2,"id":14,"title":"ducimus molestias eos animi atque nihil"},"user_id":146,"created_at":"2020-09-13T18:56:48.079Z"},{"album":{"user_id":9,"id":81,"title":"quibusdam sapiente et"},"user_id":146,"created_at":"2020-09-14T02:30:37.716Z"},{"album":{"user_id":2,"id":19,"title":"velit pariatur quaerat similique libero omnis quia"},"user_id":146,"created_at":"2020-09-13T19:02:58.106Z"},{"album":{"user_id":5,"id":42,"title":"tenetur explicabo ea"},"user_id":146,"created_at":"2020-09-14T02:30:39.683Z"},{"album":{"user_id":3,"id":22,"title":"et rem non provident vel ut"},"user_id":146,"created_at":"2020-09-13T20:39:17.783Z"},{"album":{"user_id":3,"id":23,"title":"incidunt quisquam hic adipisci sequi"},"user_id":146,"created_at":"2020-09-13T20:40:21.622Z"},{"album":{"user_id":2,"id":20,"title":"voluptas rerum iure ut enim"},"user_id":146,"created_at":"2020-09-14T00:41:30.585Z"},{"album":{"user_id":2,"id":17,"title":"aut minima voluptatem ut velit"},"user_id":146,"created_at":"2020-09-14T18:02:00.896Z"},{"album":{"user_id":8,"id":75,"title":"aut quia expedita non"},"user_id":146,"created_at":"2020-09-14T00:58:47.793Z"},{"album":{"user_id":8,"id":77,"title":"cupiditate sapiente maiores iusto ducimus cum excepturi veritatis quia"},"user_id":146,"created_at":"2020-09-14T01:26:21.727Z"},{"album":{"user_id":9,"id":82,"title":"recusandae consequatur vel amet unde"},"user_id":146,"created_at":"2020-09-14T18:02:03.668Z"},{"album":{"user_id":8,"id":79,"title":"ipsa quae voluptas natus ut suscipit soluta quia quidem"},"user_id":146,"created_at":"2020-09-14T01:28:41.608Z"},{"album":{"user_id":5,"id":43,"title":"aperiam doloremque nihil"},"user_id":146,"created_at":"2020-09-14T01:29:32.053Z"},{"album":{"user_id":3,"id":21,"title":"repudiandae voluptatem optio est consequatur rem in temporibus et"},"user_id":146,"created_at":"2020-09-14T01:30:33.362Z"},{"album":{"user_id":9,"id":89,"title":"sit optio id voluptatem est eum et"},"user_id":146,"created_at":"2020-09-14T01:38:19.595Z"},{"album":{"user_id":4,"id":33,"title":"iste eos nostrum"},"user_id":146,"created_at":"2020-09-14T18:16:35.309Z"},{"album":{"user_id":2,"id":18,"title":"nesciunt quia et doloremque"},"user_id":146,"created_at":"2020-09-14T01:38:58.263Z"},{"album":{"user_id":8,"id":71,"title":"et vel corporis"},"user_id":146,"created_at":"2020-09-14T01:40:04.555Z"},{"album":{"user_id":7,"id":70,"title":"et deleniti unde"},"user_id":146,"created_at":"2020-09-14T02:00:33.894Z"},{"album":{"user_id":6,"id":56,"title":"omnis qui maiores tempora officiis omnis rerum sed repellat"},"user_id":146,"created_at":"2020-09-14T02:01:48.424Z"},{"album":{"user_id":5,"id":45,"title":"tenetur quos ea unde est enim corrupti qui"},"user_id":146,"created_at":"2020-09-14T02:02:33.119Z"},{"album":{"user_id":9,"id":84,"title":"est et at eos expedita"},"user_id":146,"created_at":"2020-09-14T02:03:24.023Z"},{"album":{"user_id":7,"id":66,"title":"velit sed quia dolor dolores delectus"},"user_id":146,"created_at":"2020-09-15T00:36:44.021Z"},{"album":{"user_id":5,"id":41,"title":"ea voluptates maiores eos accusantium officiis tempore mollitia consequatur"},"user_id":146,"created_at":"2020-09-15T02:29:19.037Z"},{"album":{"user_id":4,"id":31,"title":"adipisci laborum fuga laboriosam"},"user_id":146,"created_at":"2020-09-15T02:31:28.812Z"},{"album":{"user_id":7,"id":64,"title":"autem voluptatem amet iure quae"},"user_id":146,"created_at":"2020-09-15T02:38:09.604Z"},{"album":{"user_id":6,"id":57,"title":"libero excepturi voluptatem est architecto quae voluptatum officia tempora"},"user_id":146,"created_at":"2020-09-15T02:38:10.779Z"},{"album":{"user_id":1,"id":2,"title":"sunt qui excepturi placeat culpa"},"user_id":146,"created_at":"2020-09-14T02:08:19.025Z"},{"album":{"user_id":3,"id":30,"title":"tempora assumenda et similique odit distinctio error"},"user_id":146,"created_at":"2020-09-14T02:19:09.974Z"},{"album":{"user_id":4,"id":40,"title":"voluptas neque et sint aut quo odit"},"user_id":146,"created_at":"2020-09-14T02:20:10.535Z"}]"
21:38:13.467 [ForkJoinPool-1-worker-2] DEBUG org.apache.http.headers - http-outgoing-22 << HTTP/1.1 200 OK
21:38:13.467 [ForkJoinPool-1-worker-2] DEBUG org.apache.http.headers - http-outgoing-22 << Server: Cowboy
21:38:13.467 [ForkJoinPool-1-worker-2] DEBUG org.apache.http.headers - http-outgoing-22 << Connection: keep-alive
21:38:13.467 [ForkJoinPool-1-worker-2] DEBUG org.apache.http.headers - http-outgoing-22 << X-Powered-By: Express
21:38:13.467 [ForkJoinPool-1-worker-2] DEBUG org.apache.http.headers - http-outgoing-22 << Content-Type: application/json; charset=utf-8
21:38:13.467 [ForkJoinPool-1-worker-2] DEBUG org.apache.http.headers - http-outgoing-22 << Content-Length: 5696
21:38:13.467 [ForkJoinPool-1-worker-2] DEBUG org.apache.http.headers - http-outgoing-22 << Etag: W/"1640-/Wz0yjKepPMKrAFMJjNE/ht80/8"
21:38:13.467 [ForkJoinPool-1-worker-2] DEBUG org.apache.http.headers - http-outgoing-22 << Date: Tue, 15 Sep 2020 02:38:13 GMT
21:38:13.467 [ForkJoinPool-1-worker-2] DEBUG org.apache.http.headers - http-outgoing-22 << Via: 1.1 vegur
21:38:13.467 [ForkJoinPool-1-worker-2] DEBUG org.apache.http.impl.execchain.MainClientExec - Connection can be kept alive indefinitely
21:38:13.467 [ForkJoinPool-1-worker-2] DEBUG org.apache.http.impl.conn.PoolingHttpClientConnectionManager - Connection [id: 22][route: {s}->https://nodejs-qa-training.herokuapp.com:443] can be kept alive indefinitely
21:38:13.467 [ForkJoinPool-1-worker-2] DEBUG org.apache.http.impl.conn.DefaultManagedHttpClientConnection - http-outgoing-22: set socket timeout to 0
21:38:13.467 [ForkJoinPool-1-worker-2] DEBUG org.apache.http.impl.conn.PoolingHttpClientConnectionManager - Connection released: [id: 22][route: {s}->https://nodejs-qa-training.herokuapp.com:443][total available: 1; route allocated: 1 of 5; total allocated: 1 of 10]
21:38:13.467 [ForkJoinPool-1-worker-2] DEBUG com.intuit.karate - response time in milliseconds: 1084,11
1 < 200
1 < Connection: keep-alive
1 < Content-Length: 5696
1 < Content-Type: application/json; charset=utf-8
1 < Date: Tue, 15 Sep 2020 02:38:13 GMT
1 < Etag: W/"1640-/Wz0yjKepPMKrAFMJjNE/ht80/8"
1 < Server: Cowboy
1 < Via: 1.1 vegur
1 < X-Powered-By: Express
[{"album":{"user_id":1,"id":1,"title":"quidem molestiae enim"},"user_id":146,"created_at":"2020-09-09T19:06:40.214Z"},{"album":{"user_id":1,"id":3,"title":"omnis laborum odio"},"user_id":146,"created_at":"2020-09-09T20:08:06.287Z"},{"album":{"user_id":1,"id":10,"title":"distinctio laborum qui"},"user_id":146,"created_at":"2020-09-10T02:06:32.196Z"},{"album":{"user_id":10,"id":94,"title":"quisquam a dolores et earum vitae"},"user_id":146,"created_at":"2020-09-14T02:05:56.348Z"},{"album":{"user_id":1,"id":5,"title":"eaque aut omnis a"},"user_id":146,"created_at":"2020-09-10T02:07:15.423Z"},{"album":{"user_id":1,"id":6,"title":"natus impedit quibusdam illo est"},"user_id":146,"created_at":"2020-09-10T02:27:19.210Z"},{"album":{"user_id":1,"id":7,"title":"quibusdam autem aliquid et et quia"},"user_id":146,"created_at":"2020-09-10T02:29:29.219Z"},{"album":{"user_id":1,"id":8,"title":"qui fuga est a eum"},"user_id":146,"created_at":"2020-09-10T04:24:07.731Z"},{"album":{"user_id":3,"id":26,"title":"quibusdam saepe ipsa vel harum"},"user_id":146,"created_at":"2020-09-14T02:22:59.059Z"},{"album":{"user_id":1,"id":9,"title":"saepe unde necessitatibus rem"},"user_id":146,"created_at":"2020-09-10T04:25:23.862Z"},{"album":{"user_id":10,"id":92,"title":"incidunt et et eligendi assumenda soluta quia recusandae"},"user_id":146,"created_at":"2020-09-14T02:24:37.351Z"},{"album":{"user_id":6,"id":51,"title":"odit laboriosam sint quia cupiditate animi quis"},"user_id":146,"created_at":"2020-09-14T02:25:09.277Z"},{"album":{"user_id":2,"id":15,"title":"ut pariatur rerum ipsum natus repellendus praesentium"},"user_id":146,"created_at":"2020-09-13T18:50:33.845Z"},{"album":{"user_id":2,"id":14,"title":"ducimus molestias eos animi atque nihil"},"user_id":146,"created_at":"2020-09-13T18:56:48.079Z"},{"album":{"user_id":9,"id":81,"title":"quibusdam sapiente et"},"user_id":146,"created_at":"2020-09-14T02:30:37.716Z"},{"album":{"user_id":2,"id":19,"title":"velit pariatur quaerat similique libero omnis quia"},"user_id":146,"created_at":"2020-09-13T19:02:58.106Z"},{"album":{"user_id":5,"id":42,"title":"tenetur explicabo ea"},"user_id":146,"created_at":"2020-09-14T02:30:39.683Z"},{"album":{"user_id":3,"id":22,"title":"et rem non provident vel ut"},"user_id":146,"created_at":"2020-09-13T20:39:17.783Z"},{"album":{"user_id":3,"id":23,"title":"incidunt quisquam hic adipisci sequi"},"user_id":146,"created_at":"2020-09-13T20:40:21.622Z"},{"album":{"user_id":2,"id":20,"title":"voluptas rerum iure ut enim"},"user_id":146,"created_at":"2020-09-14T00:41:30.585Z"},{"album":{"user_id":2,"id":17,"title":"aut minima voluptatem ut velit"},"user_id":146,"created_at":"2020-09-14T18:02:00.896Z"},{"album":{"user_id":8,"id":75,"title":"aut quia expedita non"},"user_id":146,"created_at":"2020-09-14T00:58:47.793Z"},{"album":{"user_id":8,"id":77,"title":"cupiditate sapiente maiores iusto ducimus cum excepturi veritatis quia"},"user_id":146,"created_at":"2020-09-14T01:26:21.727Z"},{"album":{"user_id":9,"id":82,"title":"recusandae consequatur vel amet unde"},"user_id":146,"created_at":"2020-09-14T18:02:03.668Z"},{"album":{"user_id":8,"id":79,"title":"ipsa quae voluptas natus ut suscipit soluta quia quidem"},"user_id":146,"created_at":"2020-09-14T01:28:41.608Z"},{"album":{"user_id":5,"id":43,"title":"aperiam doloremque nihil"},"user_id":146,"created_at":"2020-09-14T01:29:32.053Z"},{"album":{"user_id":3,"id":21,"title":"repudiandae voluptatem optio est consequatur rem in temporibus et"},"user_id":146,"created_at":"2020-09-14T01:30:33.362Z"},{"album":{"user_id":9,"id":89,"title":"sit optio id voluptatem est eum et"},"user_id":146,"created_at":"2020-09-14T01:38:19.595Z"},{"album":{"user_id":4,"id":33,"title":"iste eos nostrum"},"user_id":146,"created_at":"2020-09-14T18:16:35.309Z"},{"album":{"user_id":2,"id":18,"title":"nesciunt quia et doloremque"},"user_id":146,"created_at":"2020-09-14T01:38:58.263Z"},{"album":{"user_id":8,"id":71,"title":"et vel corporis"},"user_id":146,"created_at":"2020-09-14T01:40:04.555Z"},{"album":{"user_id":7,"id":70,"title":"et deleniti unde"},"user_id":146,"created_at":"2020-09-14T02:00:33.894Z"},{"album":{"user_id":6,"id":56,"title":"omnis qui maiores tempora officiis omnis rerum sed repellat"},"user_id":146,"created_at":"2020-09-14T02:01:48.424Z"},{"album":{"user_id":5,"id":45,"title":"tenetur quos ea unde est enim corrupti qui"},"user_id":146,"created_at":"2020-09-14T02:02:33.119Z"},{"album":{"user_id":9,"id":84,"title":"est et at eos expedita"},"user_id":146,"created_at":"2020-09-14T02:03:24.023Z"},{"album":{"user_id":7,"id":66,"title":"velit sed quia dolor dolores delectus"},"user_id":146,"created_at":"2020-09-15T00:36:44.021Z"},{"album":{"user_id":5,"id":41,"title":"ea voluptates maiores eos accusantium officiis tempore mollitia consequatur"},"user_id":146,"created_at":"2020-09-15T02:29:19.037Z"},{"album":{"user_id":4,"id":31,"title":"adipisci laborum fuga laboriosam"},"user_id":146,"created_at":"2020-09-15T02:31:28.812Z"},{"album":{"user_id":7,"id":64,"title":"autem voluptatem amet iure quae"},"user_id":146,"created_at":"2020-09-15T02:38:09.604Z"},{"album":{"user_id":6,"id":57,"title":"libero excepturi voluptatem est architecto quae voluptatum officia tempora"},"user_id":146,"created_at":"2020-09-15T02:38:10.779Z"},{"album":{"user_id":1,"id":2,"title":"sunt qui excepturi placeat culpa"},"user_id":146,"created_at":"2020-09-14T02:08:19.025Z"},{"album":{"user_id":3,"id":30,"title":"tempora assumenda et similique odit distinctio error"},"user_id":146,"created_at":"2020-09-14T02:19:09.974Z"},{"album":{"user_id":4,"id":40,"title":"voluptas neque et sint aut quo odit"},"user_id":146,"created_at":"2020-09-14T02:20:10.535Z"}]

21:38:13.467 [ForkJoinPool-1-worker-2] DEBUG com.jayway.jsonpath.internal.path.CompiledPath - Evaluating path: $
21:38:13.467 [ForkJoinPool-1-worker-2] DEBUG com.jayway.jsonpath.internal.path.CompiledPath - Evaluating path: $['user_id']
21:38:13.467 [ForkJoinPool-1-worker-2] DEBUG com.jayway.jsonpath.internal.JsonContext - Set path $['user_id'] new value 146
21:38:13.467 [ForkJoinPool-1-worker-2] DEBUG com.jayway.jsonpath.internal.path.CompiledPath - Evaluating path: $
21:38:13.467 [ForkJoinPool-1-worker-2] DEBUG com.jayway.jsonpath.internal.path.CompiledPath - Evaluating path: $
21:38:13.467 [ForkJoinPool-1-worker-2] DEBUG com.jayway.jsonpath.internal.path.CompiledPath - Evaluating path: $
21:38:13.467 [ForkJoinPool-1-worker-2] DEBUG com.jayway.jsonpath.internal.path.CompiledPath - Evaluating path: $
21:38:13.467 [ForkJoinPool-1-worker-2] DEBUG com.jayway.jsonpath.internal.path.CompiledPath - Evaluating path: $
21:38:13.467 [ForkJoinPool-1-worker-2] WARN com.intuit.karate - skipping bootstrap configuration: could not find or read file: classpath:karate-config.js
21:38:13.482 [ForkJoinPool-1-worker-2] INFO com.intuit.karate - scenario called at line: 27 by tag: @ExitosoRegular
21:38:13.482 [pool-1-thread-1] INFO com.intuit.karate.Runner - <<pass>> feature 5 of 8: src/test/resources/feature/listar_albumes_comprados.feature
---------------------------------------------------------
feature: src/test/resources/feature/listar_albumes_comprados.feature
21:38:13.482 [ForkJoinPool-1-worker-2] DEBUG com.jayway.jsonpath.internal.path.CompiledPath - Evaluating path: $
report: target\reporte\src.test.resources.feature.listar_albumes_comprados.json
scenarios:  3 | passed:  3 | failed:  0 | time: 6,7067
21:38:13.498 [ForkJoinPool-1-worker-2] DEBUG org.apache.http.client.protocol.RequestAddCookies - CookieSpec selected: karate
21:38:13.498 [ForkJoinPool-1-worker-2] DEBUG org.apache.http.client.protocol.RequestAuthCache - Auth cache not set in the context
21:38:13.498 [ForkJoinPool-1-worker-1] DEBUG org.apache.http.wire - http-outgoing-21 << "HTTP/1.1 200 OK[\r][\n]"
21:38:13.498 [ForkJoinPool-1-worker-1] DEBUG org.apache.http.wire - http-outgoing-21 << "Server: Cowboy[\r][\n]"
21:38:13.498 [ForkJoinPool-1-worker-1] DEBUG org.apache.http.wire - http-outgoing-21 << "Connection: keep-alive[\r][\n]"
21:38:13.498 [ForkJoinPool-1-worker-1] DEBUG org.apache.http.wire - http-outgoing-21 << "X-Powered-By: Express[\r][\n]"
21:38:13.498 [ForkJoinPool-1-worker-1] DEBUG org.apache.http.wire - http-outgoing-21 << "Content-Type: application/json; charset=utf-8[\r][\n]"
21:38:13.498 [ForkJoinPool-1-worker-1] DEBUG org.apache.http.wire - http-outgoing-21 << "Content-Length: 7032[\r][\n]"
21:38:13.498 [ForkJoinPool-1-worker-1] DEBUG org.apache.http.wire - http-outgoing-21 << "Etag: W/"1b78-QLaE6RpZ5E8d2hLg+o5PqJk5Zw8"[\r][\n]"
21:38:13.498 [ForkJoinPool-1-worker-1] DEBUG org.apache.http.wire - http-outgoing-21 << "Date: Tue, 15 Sep 2020 02:38:13 GMT[\r][\n]"
21:38:13.498 [ForkJoinPool-1-worker-1] DEBUG org.apache.http.wire - http-outgoing-21 << "Via: 1.1 vegur[\r][\n]"
21:38:13.498 [ForkJoinPool-1-worker-1] DEBUG org.apache.http.wire - http-outgoing-21 << "[\r][\n]"
21:38:13.498 [ForkJoinPool-1-worker-2] DEBUG com.intuit.karate - request:
1 > POST https://nodejs-qa-training.herokuapp.com/users/sessions/
1 > Accept-Encoding: gzip,deflate
1 > Connection: Keep-Alive
1 > Content-Length: 56
1 > Content-Type: application/json; charset=UTF-8
1 > Host: nodejs-qa-training.herokuapp.com
1 > User-Agent: Apache-HttpClient/4.5.11 (Java/1.8.0_171)
{"email":"hernan00@wolox.com.ar","password":"Hernan123"}

21:38:13.498 [ForkJoinPool-1-worker-2] DEBUG org.apache.http.impl.conn.PoolingHttpClientConnectionManager - Connection request: [route: {s}->https://nodejs-qa-training.herokuapp.com:443][total available: 0; route allocated: 0 of 5; total allocated: 0 of 10]
21:38:13.498 [ForkJoinPool-1-worker-2] DEBUG org.apache.http.impl.conn.PoolingHttpClientConnectionManager - Connection leased: [id: 25][route: {s}->https://nodejs-qa-training.herokuapp.com:443][total available: 0; route allocated: 1 of 5; total allocated: 1 of 10]
21:38:13.498 [ForkJoinPool-1-worker-1] DEBUG org.apache.http.wire - http-outgoing-21 << "[{"user_id":1,"id":1,"title":"quidem molestiae enim"},{"user_id":1,"id":2,"title":"sunt qui excepturi placeat culpa"},{"user_id":1,"id":3,"title":"omnis laborum odio"},{"user_id":1,"id":4,"title":"non esse culpa molestiae omnis sed optio"},{"user_id":1,"id":5,"title":"eaque aut omnis a"},{"user_id":1,"id":6,"title":"natus impedit quibusdam illo est"},{"user_id":1,"id":7,"title":"quibusdam autem aliquid et et quia"},{"user_id":1,"id":8,"title":"qui fuga est a eum"},{"user_id":1,"id":9,"title":"saepe unde necessitatibus rem"},{"user_id":1,"id":10,"title":"distinctio laborum qui"},{"user_id":2,"id":11,"title":"quam nostrum impedit mollitia quod et dolor"},{"user_id":2,"id":12,"title":"consequatur autem doloribus natus consectetur"},{"user_id":2,"id":13,"title":"ab rerum non rerum consequatur ut ea unde"},{"user_id":2,"id":14,"title":"ducimus molestias eos animi atque nihil"},{"user_id":2,"id":15,"title":"ut pariatur rerum ipsum natus repellendus praesentium"},{"user_id":2,"id":16,"title":"voluptatem aut maxime inventore autem magnam atque repellat"},{"user_id":2,"id":17,"title":"aut minima voluptatem ut velit"},{"user_id":2,"id":18,"title":"nesciunt quia et doloremque"},{"user_id":2,"id":19,"title":"velit pariatur quaerat similique libero omnis quia"},{"user_id":2,"id":20,"title":"voluptas rerum iure ut enim"},{"user_id":3,"id":21,"title":"repudiandae voluptatem optio est consequatur rem in temporibus et"},{"user_id":3,"id":22,"title":"et rem non provident vel ut"},{"user_id":3,"id":23,"title":"incidunt quisquam hic adipisci sequi"},{"user_id":3,"id":24,"title":"dolores ut et facere placeat"},{"user_id":3,"id":25,"title":"vero maxime id possimus sunt neque et consequatur"},{"user_id":3,"id":26,"title":"quibusdam saepe ipsa vel harum"},{"user_id":3,"id":27,"title":"id non nostrum expedita"},{"user_id":3,"id":28,"title":"omnis neque exercitationem sed dolor atque maxime aut cum"},{"user_id":3,"id":29,"title":"inventore ut quasi magnam itaque est fugit"},{"user_id":3,"id":30,"title":"tempora assumenda et similique odit distinctio error"},{"user_id":4,"id":31,"title":"adipisci laborum fuga laboriosam"},{"user_id":4,"id":32,"title":"reiciendis dolores a ut qui debitis non quo labore"},{"user_id":4,"id":33,"title":"iste eos nostrum"},{"user_id":4,"id":34,"title":"cumque voluptatibus rerum architecto blanditiis"},{"user_id":4,"id":35,"title":"et impedit nisi quae magni necessitatibus sed aut pariatur"},{"user_id":4,"id":36,"title":"nihil cupiditate voluptate neque"},{"user_id":4,"id":37,"title":"est placeat dicta ut nisi rerum iste"},{"user_id":4,"id":38,"title":"unde a sequi id"},{"user_id":4,"id":39,"title":"ratione porro illum labore eum aperiam sed"},{"user_id":4,"id":40,"title":"voluptas neque et sint aut quo odit"},{"user_id":5,"id":41,"title":"ea voluptates maiores eos accusantium officiis tempore mollitia consequatur"},{"user_id":5,"id":42,"title":"tenetur explicabo ea"},{"user_id":5,"id":43,"title":"aperiam doloremque nihil"},{"user_id":5,"id":44,"title":"sapiente cum numquam officia consequatur vel natus quos suscipit"},{"user_id":5,"id":45,"title":"tenetur quos ea unde est enim corrupti qui"},{"user_id":5,"id":46,"title":"molestiae voluptate non"},{"user_id":5,"id":47,"title":"temporibus molestiae aut"},{"user_id":5,"id":48,"title":"modi consequatur culpa aut quam soluta alias perspiciatis laudantium"},{"user_id":5,"id":49,"title":"ut aut vero repudiandae voluptas ullam voluptas at consequatur"},{"user_id":5,"id":50,"title":"sed qui sed quas sit ducimus dolor"},{"user_id":6,"id":51,"title":"odit laboriosam sint quia cupiditate animi quis"},{"user_id":6,"id":52,"title":"necessitatibus quas et sunt at voluptatem"},{"user_id":6,"id":53,"title":"est vel sequi voluptatem nemo quam molestiae modi enim"},{"user_id":6,"id":54,"title":"aut non illo amet perferendis"},{"user_id":6,"id":55,"title":"qui culpa itaque omnis in nesciunt architecto error"},{"user_id":6,"id":56,"title":"omnis qui maiores tempora officiis omnis rerum sed repellat"},{"user_id":6,"id":57,"title":"libero excepturi voluptatem est architecto quae voluptatum officia tempora"},{"user_id":6,"id":58,"title":"nulla illo consequatur aspernatur veritatis aut error delectus et"},{"user_id":6,"id":59,"title":"eligendi similique provident nihil"},{"user_id":6,"id":60,"title":"omnis mollitia sunt aliquid eum consequatur fugit minus laudantium"},{"user_id":7,"id":61,"title":"delectus iusto et"},{"user_id":7,"id":62,"title":"eos ea non recusandae iste ut quasi"},{"user_id":7,"id":63,"title":"velit est quam"},{"user_id":7,"id":64,"title":"autem voluptatem amet iure quae"},{"user_id":7,"id":65,"title":"voluptates delectus iure iste qui"},{"user_id":7,"id":66,"title":"velit sed quia dolor dolores delectus"},{"user_id":7,"id":67,"title":"ad voluptas nostrum et nihil"},{"user_id":7,"id":68,"title":"qui quasi nihil aut voluptatum sit dolore minima"},{"user_id":7,"id":69,"title":"qui aut est"},{"user_id":7,"id":70,"title":"et deleniti unde"},{"user_id":8,"id":71,"title":"et vel corporis"},{"user_id":8,"id":72,"title":"unde exercitationem ut"},{"user_id":8,"id":73,"title":"quos omnis officia"},{"user_id":8,"id":74,"title":"quia est eius vitae dolor"},{"user_id":8,"id":75,"title":"aut quia expedita non"},{"user_id":8,"id":76,"title":"dolorem magnam facere itaque ut reprehenderit tenetur corrupti"},{"user_id":8,"id":77,"title":"cupiditate sapiente maiores iusto ducimus cum excepturi veritatis quia"},{"user_id":8,"id":78,"title":"est minima eius possimus ea ratione velit et"},{"user_id":8,"id":79,"title":"ipsa quae voluptas natus ut suscipit soluta quia quidem"},{"user_id":8,"id":80,"title":"id nihil reprehenderit"},{"user_id":9,"id":81,"title":"quibusdam sapiente et"},{"user_id":9,"id":82,"title":"recusandae consequatur vel amet unde"},{"user_id":9,"id":83,"title":"aperiam odio fugiat"},{"user_id":9,"id":84,"title":"est et at eos expedita"},{"user_id":9,"id":85,"title":"qui voluptatem consequatur aut ab quis temporibus praesentium"},{"user_id":9,"id":86,"title":"eligendi mollitia alias aspernatur vel ut iusto"},{"user_id":9,"id":87,"title":"aut aut architecto"},{"user_id":9,"id":88,"title":"quas perspiciatis optio"},{"user_id":9,"id":89,"title":"sit optio id voluptatem est eum et"},{"user_id":9,"id":90,"title":"est vel dignissimos"},{"user_id":10,"id":91,"title":"repellendus praesentium debitis officiis"},{"user_id":10,"id":92,"title":"incidunt et et eligendi assumenda soluta quia recusandae"},{"user_id":10,"id":93,"title":"nisi qui dolores perspiciatis"},{"user_id":10,"id":94,"title":"quisquam a dolores et earum vitae"},{"user_id":10,"id":95,"title":"consectetur vel rerum qui aperiam modi eos aspernatur ipsa"},{"user_id":10,"id":96,"title":"unde et ut molestiae est molestias voluptatem sint"},{"user_id":10,"id":97,"title":"est quod aut"},{"user_id":10,"id":98,"title":"omnis quia possimus nesciunt deleniti assumenda sed autem"},{"user_id":10,"id":99,"title":"consectetur ut id impedit dolores sit ad ex aut"},{"user_id":10,"id":100,"title":"enim repellat iste"}]"
21:38:13.498 [ForkJoinPool-1-worker-2] DEBUG org.apache.http.impl.execchain.MainClientExec - Opening connection {s}->https://nodejs-qa-training.herokuapp.com:443
21:38:13.498 [ForkJoinPool-1-worker-1] DEBUG org.apache.http.headers - http-outgoing-21 << HTTP/1.1 200 OK
21:38:13.498 [ForkJoinPool-1-worker-1] DEBUG org.apache.http.headers - http-outgoing-21 << Server: Cowboy
21:38:13.498 [ForkJoinPool-1-worker-1] DEBUG org.apache.http.headers - http-outgoing-21 << Connection: keep-alive
21:38:13.498 [ForkJoinPool-1-worker-1] DEBUG org.apache.http.headers - http-outgoing-21 << X-Powered-By: Express
21:38:13.498 [ForkJoinPool-1-worker-1] DEBUG org.apache.http.headers - http-outgoing-21 << Content-Type: application/json; charset=utf-8
21:38:13.498 [ForkJoinPool-1-worker-1] DEBUG org.apache.http.headers - http-outgoing-21 << Content-Length: 7032
21:38:13.498 [ForkJoinPool-1-worker-1] DEBUG org.apache.http.headers - http-outgoing-21 << Etag: W/"1b78-QLaE6RpZ5E8d2hLg+o5PqJk5Zw8"
21:38:13.498 [ForkJoinPool-1-worker-1] DEBUG org.apache.http.headers - http-outgoing-21 << Date: Tue, 15 Sep 2020 02:38:13 GMT
21:38:13.498 [ForkJoinPool-1-worker-1] DEBUG org.apache.http.headers - http-outgoing-21 << Via: 1.1 vegur
21:38:13.498 [ForkJoinPool-1-worker-2] DEBUG org.apache.http.impl.conn.DefaultHttpClientConnectionOperator - Connecting to nodejs-qa-training.herokuapp.com/52.20.101.119:443
21:38:13.498 [ForkJoinPool-1-worker-1] DEBUG org.apache.http.impl.execchain.MainClientExec - Connection can be kept alive indefinitely
21:38:13.498 [ForkJoinPool-1-worker-2] DEBUG org.apache.http.conn.ssl.SSLConnectionSocketFactory - Connecting socket to nodejs-qa-training.herokuapp.com/52.20.101.119:443 with timeout 30000
21:38:13.498 [ForkJoinPool-1-worker-1] DEBUG org.apache.http.impl.conn.PoolingHttpClientConnectionManager - Connection [id: 21][route: {s}->https://nodejs-qa-training.herokuapp.com:443] can be kept alive indefinitely
21:38:13.498 [ForkJoinPool-1-worker-1] DEBUG org.apache.http.impl.conn.DefaultManagedHttpClientConnection - http-outgoing-21: set socket timeout to 0
21:38:13.498 [ForkJoinPool-1-worker-1] DEBUG org.apache.http.impl.conn.PoolingHttpClientConnectionManager - Connection released: [id: 21][route: {s}->https://nodejs-qa-training.herokuapp.com:443][total available: 1; route allocated: 1 of 5; total allocated: 1 of 10]
21:38:13.498 [ForkJoinPool-1-worker-1] DEBUG com.intuit.karate - response time in milliseconds: 1128,11
1 < 200
1 < Connection: keep-alive
1 < Content-Length: 7032
1 < Content-Type: application/json; charset=utf-8
1 < Date: Tue, 15 Sep 2020 02:38:13 GMT
1 < Etag: W/"1b78-QLaE6RpZ5E8d2hLg+o5PqJk5Zw8"
1 < Server: Cowboy
1 < Via: 1.1 vegur
1 < X-Powered-By: Express
[{"user_id":1,"id":1,"title":"quidem molestiae enim"},{"user_id":1,"id":2,"title":"sunt qui excepturi placeat culpa"},{"user_id":1,"id":3,"title":"omnis laborum odio"},{"user_id":1,"id":4,"title":"non esse culpa molestiae omnis sed optio"},{"user_id":1,"id":5,"title":"eaque aut omnis a"},{"user_id":1,"id":6,"title":"natus impedit quibusdam illo est"},{"user_id":1,"id":7,"title":"quibusdam autem aliquid et et quia"},{"user_id":1,"id":8,"title":"qui fuga est a eum"},{"user_id":1,"id":9,"title":"saepe unde necessitatibus rem"},{"user_id":1,"id":10,"title":"distinctio laborum qui"},{"user_id":2,"id":11,"title":"quam nostrum impedit mollitia quod et dolor"},{"user_id":2,"id":12,"title":"consequatur autem doloribus natus consectetur"},{"user_id":2,"id":13,"title":"ab rerum non rerum consequatur ut ea unde"},{"user_id":2,"id":14,"title":"ducimus molestias eos animi atque nihil"},{"user_id":2,"id":15,"title":"ut pariatur rerum ipsum natus repellendus praesentium"},{"user_id":2,"id":16,"title":"voluptatem aut maxime inventore autem magnam atque repellat"},{"user_id":2,"id":17,"title":"aut minima voluptatem ut velit"},{"user_id":2,"id":18,"title":"nesciunt quia et doloremque"},{"user_id":2,"id":19,"title":"velit pariatur quaerat similique libero omnis quia"},{"user_id":2,"id":20,"title":"voluptas rerum iure ut enim"},{"user_id":3,"id":21,"title":"repudiandae voluptatem optio est consequatur rem in temporibus et"},{"user_id":3,"id":22,"title":"et rem non provident vel ut"},{"user_id":3,"id":23,"title":"incidunt quisquam hic adipisci sequi"},{"user_id":3,"id":24,"title":"dolores ut et facere placeat"},{"user_id":3,"id":25,"title":"vero maxime id possimus sunt neque et consequatur"},{"user_id":3,"id":26,"title":"quibusdam saepe ipsa vel harum"},{"user_id":3,"id":27,"title":"id non nostrum expedita"},{"user_id":3,"id":28,"title":"omnis neque exercitationem sed dolor atque maxime aut cum"},{"user_id":3,"id":29,"title":"inventore ut quasi magnam itaque est fugit"},{"user_id":3,"id":30,"title":"tempora assumenda et similique odit distinctio error"},{"user_id":4,"id":31,"title":"adipisci laborum fuga laboriosam"},{"user_id":4,"id":32,"title":"reiciendis dolores a ut qui debitis non quo labore"},{"user_id":4,"id":33,"title":"iste eos nostrum"},{"user_id":4,"id":34,"title":"cumque voluptatibus rerum architecto blanditiis"},{"user_id":4,"id":35,"title":"et impedit nisi quae magni necessitatibus sed aut pariatur"},{"user_id":4,"id":36,"title":"nihil cupiditate voluptate neque"},{"user_id":4,"id":37,"title":"est placeat dicta ut nisi rerum iste"},{"user_id":4,"id":38,"title":"unde a sequi id"},{"user_id":4,"id":39,"title":"ratione porro illum labore eum aperiam sed"},{"user_id":4,"id":40,"title":"voluptas neque et sint aut quo odit"},{"user_id":5,"id":41,"title":"ea voluptates maiores eos accusantium officiis tempore mollitia consequatur"},{"user_id":5,"id":42,"title":"tenetur explicabo ea"},{"user_id":5,"id":43,"title":"aperiam doloremque nihil"},{"user_id":5,"id":44,"title":"sapiente cum numquam officia consequatur vel natus quos suscipit"},{"user_id":5,"id":45,"title":"tenetur quos ea unde est enim corrupti qui"},{"user_id":5,"id":46,"title":"molestiae voluptate non"},{"user_id":5,"id":47,"title":"temporibus molestiae aut"},{"user_id":5,"id":48,"title":"modi consequatur culpa aut quam soluta alias perspiciatis laudantium"},{"user_id":5,"id":49,"title":"ut aut vero repudiandae voluptas ullam voluptas at consequatur"},{"user_id":5,"id":50,"title":"sed qui sed quas sit ducimus dolor"},{"user_id":6,"id":51,"title":"odit laboriosam sint quia cupiditate animi quis"},{"user_id":6,"id":52,"title":"necessitatibus quas et sunt at voluptatem"},{"user_id":6,"id":53,"title":"est vel sequi voluptatem nemo quam molestiae modi enim"},{"user_id":6,"id":54,"title":"aut non illo amet perferendis"},{"user_id":6,"id":55,"title":"qui culpa itaque omnis in nesciunt architecto error"},{"user_id":6,"id":56,"title":"omnis qui maiores tempora officiis omnis rerum sed repellat"},{"user_id":6,"id":57,"title":"libero excepturi voluptatem est architecto quae voluptatum officia tempora"},{"user_id":6,"id":58,"title":"nulla illo consequatur aspernatur veritatis aut error delectus et"},{"user_id":6,"id":59,"title":"eligendi similique provident nihil"},{"user_id":6,"id":60,"title":"omnis mollitia sunt aliquid eum consequatur fugit minus laudantium"},{"user_id":7,"id":61,"title":"delectus iusto et"},{"user_id":7,"id":62,"title":"eos ea non recusandae iste ut quasi"},{"user_id":7,"id":63,"title":"velit est quam"},{"user_id":7,"id":64,"title":"autem voluptatem amet iure quae"},{"user_id":7,"id":65,"title":"voluptates delectus iure iste qui"},{"user_id":7,"id":66,"title":"velit sed quia dolor dolores delectus"},{"user_id":7,"id":67,"title":"ad voluptas nostrum et nihil"},{"user_id":7,"id":68,"title":"qui quasi nihil aut voluptatum sit dolore minima"},{"user_id":7,"id":69,"title":"qui aut est"},{"user_id":7,"id":70,"title":"et deleniti unde"},{"user_id":8,"id":71,"title":"et vel corporis"},{"user_id":8,"id":72,"title":"unde exercitationem ut"},{"user_id":8,"id":73,"title":"quos omnis officia"},{"user_id":8,"id":74,"title":"quia est eius vitae dolor"},{"user_id":8,"id":75,"title":"aut quia expedita non"},{"user_id":8,"id":76,"title":"dolorem magnam facere itaque ut reprehenderit tenetur corrupti"},{"user_id":8,"id":77,"title":"cupiditate sapiente maiores iusto ducimus cum excepturi veritatis quia"},{"user_id":8,"id":78,"title":"est minima eius possimus ea ratione velit et"},{"user_id":8,"id":79,"title":"ipsa quae voluptas natus ut suscipit soluta quia quidem"},{"user_id":8,"id":80,"title":"id nihil reprehenderit"},{"user_id":9,"id":81,"title":"quibusdam sapiente et"},{"user_id":9,"id":82,"title":"recusandae consequatur vel amet unde"},{"user_id":9,"id":83,"title":"aperiam odio fugiat"},{"user_id":9,"id":84,"title":"est et at eos expedita"},{"user_id":9,"id":85,"title":"qui voluptatem consequatur aut ab quis temporibus praesentium"},{"user_id":9,"id":86,"title":"eligendi mollitia alias aspernatur vel ut iusto"},{"user_id":9,"id":87,"title":"aut aut architecto"},{"user_id":9,"id":88,"title":"quas perspiciatis optio"},{"user_id":9,"id":89,"title":"sit optio id voluptatem est eum et"},{"user_id":9,"id":90,"title":"est vel dignissimos"},{"user_id":10,"id":91,"title":"repellendus praesentium debitis officiis"},{"user_id":10,"id":92,"title":"incidunt et et eligendi assumenda soluta quia recusandae"},{"user_id":10,"id":93,"title":"nisi qui dolores perspiciatis"},{"user_id":10,"id":94,"title":"quisquam a dolores et earum vitae"},{"user_id":10,"id":95,"title":"consectetur vel rerum qui aperiam modi eos aspernatur ipsa"},{"user_id":10,"id":96,"title":"unde et ut molestiae est molestias voluptatem sint"},{"user_id":10,"id":97,"title":"est quod aut"},{"user_id":10,"id":98,"title":"omnis quia possimus nesciunt deleniti assumenda sed autem"},{"user_id":10,"id":99,"title":"consectetur ut id impedit dolores sit ad ex aut"},{"user_id":10,"id":100,"title":"enim repellat iste"}]

---------------------------------------------------------
21:38:13.514 [ForkJoinPool-1-worker-1] DEBUG com.jayway.jsonpath.internal.path.CompiledPath - Evaluating path: $
21:38:13.514 [ForkJoinPool-1-worker-1] DEBUG com.jayway.jsonpath.internal.path.CompiledPath - Evaluating path: $
21:38:13.514 [ForkJoinPool-1-worker-1] DEBUG com.jayway.jsonpath.internal.path.CompiledPath - Evaluating path: $
21:38:13.514 [ForkJoinPool-1-worker-1] WARN com.intuit.karate - skipping bootstrap configuration: could not find or read file: classpath:karate-config.js
21:38:13.529 [ForkJoinPool-1-worker-1] INFO com.intuit.karate - scenario called at line: 27 by tag: @ExitosoRegular
21:38:13.529 [ForkJoinPool-1-worker-3] DEBUG org.apache.http.conn.ssl.SSLConnectionSocketFactory - Enabled protocols: [TLSv1, TLSv1.1, TLSv1.2]
21:38:13.529 [ForkJoinPool-1-worker-3] DEBUG org.apache.http.conn.ssl.SSLConnectionSocketFactory - Enabled cipher suites:[TLS_ECDHE_ECDSA_WITH_AES_256_CBC_SHA384, TLS_ECDHE_RSA_WITH_AES_256_CBC_SHA384, TLS_RSA_WITH_AES_256_CBC_SHA256, TLS_ECDH_ECDSA_WITH_AES_256_CBC_SHA384, TLS_ECDH_RSA_WITH_AES_256_CBC_SHA384, TLS_DHE_RSA_WITH_AES_256_CBC_SHA256, TLS_DHE_DSS_WITH_AES_256_CBC_SHA256, TLS_ECDHE_ECDSA_WITH_AES_256_CBC_SHA, TLS_ECDHE_RSA_WITH_AES_256_CBC_SHA, TLS_RSA_WITH_AES_256_CBC_SHA, TLS_ECDH_ECDSA_WITH_AES_256_CBC_SHA, TLS_ECDH_RSA_WITH_AES_256_CBC_SHA, TLS_DHE_RSA_WITH_AES_256_CBC_SHA, TLS_DHE_DSS_WITH_AES_256_CBC_SHA, TLS_ECDHE_ECDSA_WITH_AES_128_CBC_SHA256, TLS_ECDHE_RSA_WITH_AES_128_CBC_SHA256, TLS_RSA_WITH_AES_128_CBC_SHA256, TLS_ECDH_ECDSA_WITH_AES_128_CBC_SHA256, TLS_ECDH_RSA_WITH_AES_128_CBC_SHA256, TLS_DHE_RSA_WITH_AES_128_CBC_SHA256, TLS_DHE_DSS_WITH_AES_128_CBC_SHA256, TLS_ECDHE_ECDSA_WITH_AES_128_CBC_SHA, TLS_ECDHE_RSA_WITH_AES_128_CBC_SHA, TLS_RSA_WITH_AES_128_CBC_SHA, TLS_ECDH_ECDSA_WITH_AES_128_CBC_SHA, TLS_ECDH_RSA_WITH_AES_128_CBC_SHA, TLS_DHE_RSA_WITH_AES_128_CBC_SHA, TLS_DHE_DSS_WITH_AES_128_CBC_SHA, TLS_ECDHE_ECDSA_WITH_AES_256_GCM_SHA384, TLS_ECDHE_ECDSA_WITH_AES_128_GCM_SHA256, TLS_ECDHE_RSA_WITH_AES_256_GCM_SHA384, TLS_RSA_WITH_AES_256_GCM_SHA384, TLS_ECDH_ECDSA_WITH_AES_256_GCM_SHA384, TLS_ECDH_RSA_WITH_AES_256_GCM_SHA384, TLS_DHE_RSA_WITH_AES_256_GCM_SHA384, TLS_DHE_DSS_WITH_AES_256_GCM_SHA384, TLS_ECDHE_RSA_WITH_AES_128_GCM_SHA256, TLS_RSA_WITH_AES_128_GCM_SHA256, TLS_ECDH_ECDSA_WITH_AES_128_GCM_SHA256, TLS_ECDH_RSA_WITH_AES_128_GCM_SHA256, TLS_DHE_RSA_WITH_AES_128_GCM_SHA256, TLS_DHE_DSS_WITH_AES_128_GCM_SHA256, TLS_EMPTY_RENEGOTIATION_INFO_SCSV]
21:38:13.529 [ForkJoinPool-1-worker-3] DEBUG org.apache.http.conn.ssl.SSLConnectionSocketFactory - Starting handshake
21:38:13.529 [ForkJoinPool-1-worker-1] DEBUG com.jayway.jsonpath.internal.path.CompiledPath - Evaluating path: $
21:38:13.529 [ForkJoinPool-1-worker-1] DEBUG org.apache.http.client.protocol.RequestAddCookies - CookieSpec selected: karate
21:38:13.529 [ForkJoinPool-1-worker-1] DEBUG org.apache.http.client.protocol.RequestAuthCache - Auth cache not set in the context
21:38:13.529 [ForkJoinPool-1-worker-1] DEBUG com.intuit.karate - request:
1 > POST https://nodejs-qa-training.herokuapp.com/users/sessions/
1 > Accept-Encoding: gzip,deflate
1 > Connection: Keep-Alive
1 > Content-Length: 56
1 > Content-Type: application/json; charset=UTF-8
1 > Host: nodejs-qa-training.herokuapp.com
1 > User-Agent: Apache-HttpClient/4.5.11 (Java/1.8.0_171)
{"email":"hernan00@wolox.com.ar","password":"Hernan123"}

21:38:13.529 [ForkJoinPool-1-worker-1] DEBUG org.apache.http.impl.conn.PoolingHttpClientConnectionManager - Connection request: [route: {s}->https://nodejs-qa-training.herokuapp.com:443][total available: 0; route allocated: 0 of 5; total allocated: 0 of 10]
21:38:13.529 [ForkJoinPool-1-worker-1] DEBUG org.apache.http.impl.conn.PoolingHttpClientConnectionManager - Connection leased: [id: 26][route: {s}->https://nodejs-qa-training.herokuapp.com:443][total available: 0; route allocated: 1 of 5; total allocated: 1 of 10]
21:38:13.529 [ForkJoinPool-1-worker-1] DEBUG org.apache.http.impl.execchain.MainClientExec - Opening connection {s}->https://nodejs-qa-training.herokuapp.com:443
21:38:13.529 [ForkJoinPool-1-worker-1] DEBUG org.apache.http.impl.conn.DefaultHttpClientConnectionOperator - Connecting to nodejs-qa-training.herokuapp.com/52.20.101.119:443
21:38:13.529 [ForkJoinPool-1-worker-1] DEBUG org.apache.http.conn.ssl.SSLConnectionSocketFactory - Connecting socket to nodejs-qa-training.herokuapp.com/52.20.101.119:443 with timeout 30000
21:38:13.623 [ForkJoinPool-1-worker-2] DEBUG org.apache.http.conn.ssl.SSLConnectionSocketFactory - Enabled protocols: [TLSv1, TLSv1.1, TLSv1.2]
21:38:13.623 [ForkJoinPool-1-worker-2] DEBUG org.apache.http.conn.ssl.SSLConnectionSocketFactory - Enabled cipher suites:[TLS_ECDHE_ECDSA_WITH_AES_256_CBC_SHA384, TLS_ECDHE_RSA_WITH_AES_256_CBC_SHA384, TLS_RSA_WITH_AES_256_CBC_SHA256, TLS_ECDH_ECDSA_WITH_AES_256_CBC_SHA384, TLS_ECDH_RSA_WITH_AES_256_CBC_SHA384, TLS_DHE_RSA_WITH_AES_256_CBC_SHA256, TLS_DHE_DSS_WITH_AES_256_CBC_SHA256, TLS_ECDHE_ECDSA_WITH_AES_256_CBC_SHA, TLS_ECDHE_RSA_WITH_AES_256_CBC_SHA, TLS_RSA_WITH_AES_256_CBC_SHA, TLS_ECDH_ECDSA_WITH_AES_256_CBC_SHA, TLS_ECDH_RSA_WITH_AES_256_CBC_SHA, TLS_DHE_RSA_WITH_AES_256_CBC_SHA, TLS_DHE_DSS_WITH_AES_256_CBC_SHA, TLS_ECDHE_ECDSA_WITH_AES_128_CBC_SHA256, TLS_ECDHE_RSA_WITH_AES_128_CBC_SHA256, TLS_RSA_WITH_AES_128_CBC_SHA256, TLS_ECDH_ECDSA_WITH_AES_128_CBC_SHA256, TLS_ECDH_RSA_WITH_AES_128_CBC_SHA256, TLS_DHE_RSA_WITH_AES_128_CBC_SHA256, TLS_DHE_DSS_WITH_AES_128_CBC_SHA256, TLS_ECDHE_ECDSA_WITH_AES_128_CBC_SHA, TLS_ECDHE_RSA_WITH_AES_128_CBC_SHA, TLS_RSA_WITH_AES_128_CBC_SHA, TLS_ECDH_ECDSA_WITH_AES_128_CBC_SHA, TLS_ECDH_RSA_WITH_AES_128_CBC_SHA, TLS_DHE_RSA_WITH_AES_128_CBC_SHA, TLS_DHE_DSS_WITH_AES_128_CBC_SHA, TLS_ECDHE_ECDSA_WITH_AES_256_GCM_SHA384, TLS_ECDHE_ECDSA_WITH_AES_128_GCM_SHA256, TLS_ECDHE_RSA_WITH_AES_256_GCM_SHA384, TLS_RSA_WITH_AES_256_GCM_SHA384, TLS_ECDH_ECDSA_WITH_AES_256_GCM_SHA384, TLS_ECDH_RSA_WITH_AES_256_GCM_SHA384, TLS_DHE_RSA_WITH_AES_256_GCM_SHA384, TLS_DHE_DSS_WITH_AES_256_GCM_SHA384, TLS_ECDHE_RSA_WITH_AES_128_GCM_SHA256, TLS_RSA_WITH_AES_128_GCM_SHA256, TLS_ECDH_ECDSA_WITH_AES_128_GCM_SHA256, TLS_ECDH_RSA_WITH_AES_128_GCM_SHA256, TLS_DHE_RSA_WITH_AES_128_GCM_SHA256, TLS_DHE_DSS_WITH_AES_128_GCM_SHA256, TLS_EMPTY_RENEGOTIATION_INFO_SCSV]
21:38:13.623 [ForkJoinPool-1-worker-2] DEBUG org.apache.http.conn.ssl.SSLConnectionSocketFactory - Starting handshake
21:38:13.692 [ForkJoinPool-1-worker-1] DEBUG org.apache.http.conn.ssl.SSLConnectionSocketFactory - Enabled protocols: [TLSv1, TLSv1.1, TLSv1.2]
21:38:13.692 [ForkJoinPool-1-worker-1] DEBUG org.apache.http.conn.ssl.SSLConnectionSocketFactory - Enabled cipher suites:[TLS_ECDHE_ECDSA_WITH_AES_256_CBC_SHA384, TLS_ECDHE_RSA_WITH_AES_256_CBC_SHA384, TLS_RSA_WITH_AES_256_CBC_SHA256, TLS_ECDH_ECDSA_WITH_AES_256_CBC_SHA384, TLS_ECDH_RSA_WITH_AES_256_CBC_SHA384, TLS_DHE_RSA_WITH_AES_256_CBC_SHA256, TLS_DHE_DSS_WITH_AES_256_CBC_SHA256, TLS_ECDHE_ECDSA_WITH_AES_256_CBC_SHA, TLS_ECDHE_RSA_WITH_AES_256_CBC_SHA, TLS_RSA_WITH_AES_256_CBC_SHA, TLS_ECDH_ECDSA_WITH_AES_256_CBC_SHA, TLS_ECDH_RSA_WITH_AES_256_CBC_SHA, TLS_DHE_RSA_WITH_AES_256_CBC_SHA, TLS_DHE_DSS_WITH_AES_256_CBC_SHA, TLS_ECDHE_ECDSA_WITH_AES_128_CBC_SHA256, TLS_ECDHE_RSA_WITH_AES_128_CBC_SHA256, TLS_RSA_WITH_AES_128_CBC_SHA256, TLS_ECDH_ECDSA_WITH_AES_128_CBC_SHA256, TLS_ECDH_RSA_WITH_AES_128_CBC_SHA256, TLS_DHE_RSA_WITH_AES_128_CBC_SHA256, TLS_DHE_DSS_WITH_AES_128_CBC_SHA256, TLS_ECDHE_ECDSA_WITH_AES_128_CBC_SHA, TLS_ECDHE_RSA_WITH_AES_128_CBC_SHA, TLS_RSA_WITH_AES_128_CBC_SHA, TLS_ECDH_ECDSA_WITH_AES_128_CBC_SHA, TLS_ECDH_RSA_WITH_AES_128_CBC_SHA, TLS_DHE_RSA_WITH_AES_128_CBC_SHA, TLS_DHE_DSS_WITH_AES_128_CBC_SHA, TLS_ECDHE_ECDSA_WITH_AES_256_GCM_SHA384, TLS_ECDHE_ECDSA_WITH_AES_128_GCM_SHA256, TLS_ECDHE_RSA_WITH_AES_256_GCM_SHA384, TLS_RSA_WITH_AES_256_GCM_SHA384, TLS_ECDH_ECDSA_WITH_AES_256_GCM_SHA384, TLS_ECDH_RSA_WITH_AES_256_GCM_SHA384, TLS_DHE_RSA_WITH_AES_256_GCM_SHA384, TLS_DHE_DSS_WITH_AES_256_GCM_SHA384, TLS_ECDHE_RSA_WITH_AES_128_GCM_SHA256, TLS_RSA_WITH_AES_128_GCM_SHA256, TLS_ECDH_ECDSA_WITH_AES_128_GCM_SHA256, TLS_ECDH_RSA_WITH_AES_128_GCM_SHA256, TLS_DHE_RSA_WITH_AES_128_GCM_SHA256, TLS_DHE_DSS_WITH_AES_128_GCM_SHA256, TLS_EMPTY_RENEGOTIATION_INFO_SCSV]
21:38:13.692 [ForkJoinPool-1-worker-1] DEBUG org.apache.http.conn.ssl.SSLConnectionSocketFactory - Starting handshake
21:38:13.805 [ForkJoinPool-1-worker-3] DEBUG org.apache.http.conn.ssl.SSLConnectionSocketFactory - Secure session established
21:38:13.805 [ForkJoinPool-1-worker-3] DEBUG org.apache.http.conn.ssl.SSLConnectionSocketFactory -  negotiated protocol: TLSv1.2
21:38:13.805 [ForkJoinPool-1-worker-3] DEBUG org.apache.http.conn.ssl.SSLConnectionSocketFactory -  negotiated cipher suite: TLS_ECDHE_RSA_WITH_AES_128_GCM_SHA256
21:38:13.805 [ForkJoinPool-1-worker-3] DEBUG org.apache.http.conn.ssl.SSLConnectionSocketFactory -  peer principal: CN=*.herokuapp.com, O="Heroku, Inc.", L=San Francisco, ST=California, C=US
21:38:13.805 [ForkJoinPool-1-worker-3] DEBUG org.apache.http.conn.ssl.SSLConnectionSocketFactory -  peer alternative names: [*.herokuapp.com, herokuapp.com]
21:38:13.805 [ForkJoinPool-1-worker-3] DEBUG org.apache.http.conn.ssl.SSLConnectionSocketFactory -  issuer principal: CN=DigiCert SHA2 High Assurance Server CA, OU=www.digicert.com, O=DigiCert Inc, C=US
21:38:13.805 [ForkJoinPool-1-worker-3] DEBUG org.apache.http.impl.conn.DefaultHttpClientConnectionOperator - Connection established 192.168.1.7:51365<->52.20.101.119:443
21:38:13.805 [ForkJoinPool-1-worker-3] DEBUG org.apache.http.impl.conn.DefaultManagedHttpClientConnection - http-outgoing-24: set socket timeout to 30000
21:38:13.805 [ForkJoinPool-1-worker-3] DEBUG org.apache.http.impl.execchain.MainClientExec - Executing request POST /users/sessions/ HTTP/1.1
21:38:13.805 [ForkJoinPool-1-worker-3] DEBUG org.apache.http.impl.execchain.MainClientExec - Target auth state: UNCHALLENGED
21:38:13.805 [ForkJoinPool-1-worker-3] DEBUG org.apache.http.impl.execchain.MainClientExec - Proxy auth state: UNCHALLENGED
21:38:13.805 [ForkJoinPool-1-worker-3] DEBUG org.apache.http.headers - http-outgoing-24 >> POST /users/sessions/ HTTP/1.1
21:38:13.805 [ForkJoinPool-1-worker-3] DEBUG org.apache.http.headers - http-outgoing-24 >> Content-Type: application/json; charset=UTF-8
21:38:13.805 [ForkJoinPool-1-worker-3] DEBUG org.apache.http.headers - http-outgoing-24 >> Content-Length: 62
21:38:13.805 [ForkJoinPool-1-worker-3] DEBUG org.apache.http.headers - http-outgoing-24 >> Host: nodejs-qa-training.herokuapp.com
21:38:13.805 [ForkJoinPool-1-worker-3] DEBUG org.apache.http.headers - http-outgoing-24 >> Connection: Keep-Alive
21:38:13.805 [ForkJoinPool-1-worker-3] DEBUG org.apache.http.headers - http-outgoing-24 >> User-Agent: Apache-HttpClient/4.5.11 (Java/1.8.0_171)
21:38:13.805 [ForkJoinPool-1-worker-3] DEBUG org.apache.http.headers - http-outgoing-24 >> Accept-Encoding: gzip,deflate
21:38:13.805 [ForkJoinPool-1-worker-3] DEBUG org.apache.http.wire - http-outgoing-24 >> "POST /users/sessions/ HTTP/1.1[\r][\n]"
21:38:13.805 [ForkJoinPool-1-worker-3] DEBUG org.apache.http.wire - http-outgoing-24 >> "Content-Type: application/json; charset=UTF-8[\r][\n]"
21:38:13.805 [ForkJoinPool-1-worker-3] DEBUG org.apache.http.wire - http-outgoing-24 >> "Content-Length: 62[\r][\n]"
21:38:13.805 [ForkJoinPool-1-worker-3] DEBUG org.apache.http.wire - http-outgoing-24 >> "Host: nodejs-qa-training.herokuapp.com[\r][\n]"
21:38:13.805 [ForkJoinPool-1-worker-3] DEBUG org.apache.http.wire - http-outgoing-24 >> "Connection: Keep-Alive[\r][\n]"
21:38:13.805 [ForkJoinPool-1-worker-3] DEBUG org.apache.http.wire - http-outgoing-24 >> "User-Agent: Apache-HttpClient/4.5.11 (Java/1.8.0_171)[\r][\n]"
21:38:13.805 [ForkJoinPool-1-worker-3] DEBUG org.apache.http.wire - http-outgoing-24 >> "Accept-Encoding: gzip,deflate[\r][\n]"
21:38:13.805 [ForkJoinPool-1-worker-3] DEBUG org.apache.http.wire - http-outgoing-24 >> "[\r][\n]"
21:38:13.805 [ForkJoinPool-1-worker-3] DEBUG org.apache.http.wire - http-outgoing-24 >> "{"email":"admin@wolox.com.ar","password":"candidatoWolox2020"}"
21:38:13.930 [ForkJoinPool-1-worker-2] DEBUG org.apache.http.conn.ssl.SSLConnectionSocketFactory - Secure session established
21:38:13.930 [ForkJoinPool-1-worker-2] DEBUG org.apache.http.conn.ssl.SSLConnectionSocketFactory -  negotiated protocol: TLSv1.2
21:38:13.930 [ForkJoinPool-1-worker-2] DEBUG org.apache.http.conn.ssl.SSLConnectionSocketFactory -  negotiated cipher suite: TLS_ECDHE_RSA_WITH_AES_128_GCM_SHA256
21:38:13.930 [ForkJoinPool-1-worker-2] DEBUG org.apache.http.conn.ssl.SSLConnectionSocketFactory -  peer principal: CN=*.herokuapp.com, O="Heroku, Inc.", L=San Francisco, ST=California, C=US
21:38:13.930 [ForkJoinPool-1-worker-2] DEBUG org.apache.http.conn.ssl.SSLConnectionSocketFactory -  peer alternative names: [*.herokuapp.com, herokuapp.com]
21:38:13.930 [ForkJoinPool-1-worker-2] DEBUG org.apache.http.conn.ssl.SSLConnectionSocketFactory -  issuer principal: CN=DigiCert SHA2 High Assurance Server CA, OU=www.digicert.com, O=DigiCert Inc, C=US
21:38:13.930 [ForkJoinPool-1-worker-2] DEBUG org.apache.http.impl.conn.DefaultHttpClientConnectionOperator - Connection established 192.168.1.7:51366<->52.20.101.119:443
21:38:13.930 [ForkJoinPool-1-worker-2] DEBUG org.apache.http.impl.conn.DefaultManagedHttpClientConnection - http-outgoing-25: set socket timeout to 30000
21:38:13.930 [ForkJoinPool-1-worker-2] DEBUG org.apache.http.impl.execchain.MainClientExec - Executing request POST /users/sessions/ HTTP/1.1
21:38:13.930 [ForkJoinPool-1-worker-2] DEBUG org.apache.http.impl.execchain.MainClientExec - Target auth state: UNCHALLENGED
21:38:13.930 [ForkJoinPool-1-worker-2] DEBUG org.apache.http.impl.execchain.MainClientExec - Proxy auth state: UNCHALLENGED
21:38:13.930 [ForkJoinPool-1-worker-2] DEBUG org.apache.http.headers - http-outgoing-25 >> POST /users/sessions/ HTTP/1.1
21:38:13.930 [ForkJoinPool-1-worker-2] DEBUG org.apache.http.headers - http-outgoing-25 >> Content-Type: application/json; charset=UTF-8
21:38:13.930 [ForkJoinPool-1-worker-2] DEBUG org.apache.http.headers - http-outgoing-25 >> Content-Length: 56
21:38:13.930 [ForkJoinPool-1-worker-2] DEBUG org.apache.http.headers - http-outgoing-25 >> Host: nodejs-qa-training.herokuapp.com
21:38:13.930 [ForkJoinPool-1-worker-2] DEBUG org.apache.http.headers - http-outgoing-25 >> Connection: Keep-Alive
21:38:13.930 [ForkJoinPool-1-worker-2] DEBUG org.apache.http.headers - http-outgoing-25 >> User-Agent: Apache-HttpClient/4.5.11 (Java/1.8.0_171)
21:38:13.930 [ForkJoinPool-1-worker-2] DEBUG org.apache.http.headers - http-outgoing-25 >> Accept-Encoding: gzip,deflate
21:38:13.930 [ForkJoinPool-1-worker-2] DEBUG org.apache.http.wire - http-outgoing-25 >> "POST /users/sessions/ HTTP/1.1[\r][\n]"
21:38:13.930 [ForkJoinPool-1-worker-2] DEBUG org.apache.http.wire - http-outgoing-25 >> "Content-Type: application/json; charset=UTF-8[\r][\n]"
21:38:13.930 [ForkJoinPool-1-worker-2] DEBUG org.apache.http.wire - http-outgoing-25 >> "Content-Length: 56[\r][\n]"
21:38:13.930 [ForkJoinPool-1-worker-2] DEBUG org.apache.http.wire - http-outgoing-25 >> "Host: nodejs-qa-training.herokuapp.com[\r][\n]"
21:38:13.930 [ForkJoinPool-1-worker-2] DEBUG org.apache.http.wire - http-outgoing-25 >> "Connection: Keep-Alive[\r][\n]"
21:38:13.930 [ForkJoinPool-1-worker-2] DEBUG org.apache.http.wire - http-outgoing-25 >> "User-Agent: Apache-HttpClient/4.5.11 (Java/1.8.0_171)[\r][\n]"
21:38:13.930 [ForkJoinPool-1-worker-2] DEBUG org.apache.http.wire - http-outgoing-25 >> "Accept-Encoding: gzip,deflate[\r][\n]"
21:38:13.930 [ForkJoinPool-1-worker-2] DEBUG org.apache.http.wire - http-outgoing-25 >> "[\r][\n]"
21:38:13.930 [ForkJoinPool-1-worker-2] DEBUG org.apache.http.wire - http-outgoing-25 >> "{"email":"hernan00@wolox.com.ar","password":"Hernan123"}"
21:38:14.024 [ForkJoinPool-1-worker-1] DEBUG org.apache.http.conn.ssl.SSLConnectionSocketFactory - Secure session established
21:38:14.024 [ForkJoinPool-1-worker-1] DEBUG org.apache.http.conn.ssl.SSLConnectionSocketFactory -  negotiated protocol: TLSv1.2
21:38:14.024 [ForkJoinPool-1-worker-1] DEBUG org.apache.http.conn.ssl.SSLConnectionSocketFactory -  negotiated cipher suite: TLS_ECDHE_RSA_WITH_AES_128_GCM_SHA256
21:38:14.024 [ForkJoinPool-1-worker-1] DEBUG org.apache.http.conn.ssl.SSLConnectionSocketFactory -  peer principal: CN=*.herokuapp.com, O="Heroku, Inc.", L=San Francisco, ST=California, C=US
21:38:14.024 [ForkJoinPool-1-worker-1] DEBUG org.apache.http.conn.ssl.SSLConnectionSocketFactory -  peer alternative names: [*.herokuapp.com, herokuapp.com]
21:38:14.024 [ForkJoinPool-1-worker-1] DEBUG org.apache.http.conn.ssl.SSLConnectionSocketFactory -  issuer principal: CN=DigiCert SHA2 High Assurance Server CA, OU=www.digicert.com, O=DigiCert Inc, C=US
21:38:14.024 [ForkJoinPool-1-worker-1] DEBUG org.apache.http.impl.conn.DefaultHttpClientConnectionOperator - Connection established 192.168.1.7:51367<->52.20.101.119:443
21:38:14.024 [ForkJoinPool-1-worker-1] DEBUG org.apache.http.impl.conn.DefaultManagedHttpClientConnection - http-outgoing-26: set socket timeout to 30000
21:38:14.024 [ForkJoinPool-1-worker-1] DEBUG org.apache.http.impl.execchain.MainClientExec - Executing request POST /users/sessions/ HTTP/1.1
21:38:14.024 [ForkJoinPool-1-worker-1] DEBUG org.apache.http.impl.execchain.MainClientExec - Target auth state: UNCHALLENGED
21:38:14.024 [ForkJoinPool-1-worker-1] DEBUG org.apache.http.impl.execchain.MainClientExec - Proxy auth state: UNCHALLENGED
21:38:14.024 [ForkJoinPool-1-worker-1] DEBUG org.apache.http.headers - http-outgoing-26 >> POST /users/sessions/ HTTP/1.1
21:38:14.024 [ForkJoinPool-1-worker-1] DEBUG org.apache.http.headers - http-outgoing-26 >> Content-Type: application/json; charset=UTF-8
21:38:14.024 [ForkJoinPool-1-worker-1] DEBUG org.apache.http.headers - http-outgoing-26 >> Content-Length: 56
21:38:14.024 [ForkJoinPool-1-worker-1] DEBUG org.apache.http.headers - http-outgoing-26 >> Host: nodejs-qa-training.herokuapp.com
21:38:14.024 [ForkJoinPool-1-worker-1] DEBUG org.apache.http.headers - http-outgoing-26 >> Connection: Keep-Alive
21:38:14.024 [ForkJoinPool-1-worker-1] DEBUG org.apache.http.headers - http-outgoing-26 >> User-Agent: Apache-HttpClient/4.5.11 (Java/1.8.0_171)
21:38:14.024 [ForkJoinPool-1-worker-1] DEBUG org.apache.http.headers - http-outgoing-26 >> Accept-Encoding: gzip,deflate
21:38:14.024 [ForkJoinPool-1-worker-1] DEBUG org.apache.http.wire - http-outgoing-26 >> "POST /users/sessions/ HTTP/1.1[\r][\n]"
21:38:14.024 [ForkJoinPool-1-worker-1] DEBUG org.apache.http.wire - http-outgoing-26 >> "Content-Type: application/json; charset=UTF-8[\r][\n]"
21:38:14.024 [ForkJoinPool-1-worker-1] DEBUG org.apache.http.wire - http-outgoing-26 >> "Content-Length: 56[\r][\n]"
21:38:14.024 [ForkJoinPool-1-worker-1] DEBUG org.apache.http.wire - http-outgoing-26 >> "Host: nodejs-qa-training.herokuapp.com[\r][\n]"
21:38:14.024 [ForkJoinPool-1-worker-1] DEBUG org.apache.http.wire - http-outgoing-26 >> "Connection: Keep-Alive[\r][\n]"
21:38:14.024 [ForkJoinPool-1-worker-1] DEBUG org.apache.http.wire - http-outgoing-26 >> "User-Agent: Apache-HttpClient/4.5.11 (Java/1.8.0_171)[\r][\n]"
21:38:14.024 [ForkJoinPool-1-worker-1] DEBUG org.apache.http.wire - http-outgoing-26 >> "Accept-Encoding: gzip,deflate[\r][\n]"
21:38:14.024 [ForkJoinPool-1-worker-1] DEBUG org.apache.http.wire - http-outgoing-26 >> "[\r][\n]"
21:38:14.024 [ForkJoinPool-1-worker-1] DEBUG org.apache.http.wire - http-outgoing-26 >> "{"email":"hernan00@wolox.com.ar","password":"Hernan123"}"
21:38:14.118 [ForkJoinPool-1-worker-3] DEBUG org.apache.http.wire - http-outgoing-24 << "HTTP/1.1 200 OK[\r][\n]"
21:38:14.118 [ForkJoinPool-1-worker-3] DEBUG org.apache.http.wire - http-outgoing-24 << "Server: Cowboy[\r][\n]"
21:38:14.118 [ForkJoinPool-1-worker-3] DEBUG org.apache.http.wire - http-outgoing-24 << "Connection: keep-alive[\r][\n]"
21:38:14.118 [ForkJoinPool-1-worker-3] DEBUG org.apache.http.wire - http-outgoing-24 << "X-Powered-By: Express[\r][\n]"
21:38:14.118 [ForkJoinPool-1-worker-3] DEBUG org.apache.http.wire - http-outgoing-24 << "Authorization: eyJ0eXAiOiJKV1QiLCJhbGciOiJIUzI1NiJ9.eyJ1c2VySWQiOjE0Niwicm9sZSI6ImFkbWluIiwiaWF0IjoxNjAwMTM3NDk0LjQ5OSwiZXhwIjoxNjAwMTM5Mjk0LjQ5OX0.qxd-5KdtdRTTKnRPGdQLSwWXaw8fUhtPd6AtOFlrAVE[\r][\n]"
21:38:14.118 [ForkJoinPool-1-worker-3] DEBUG org.apache.http.wire - http-outgoing-24 << "Content-Type: application/json; charset=utf-8[\r][\n]"
21:38:14.118 [ForkJoinPool-1-worker-3] DEBUG org.apache.http.wire - http-outgoing-24 << "Content-Length: 51[\r][\n]"
21:38:14.118 [ForkJoinPool-1-worker-3] DEBUG org.apache.http.wire - http-outgoing-24 << "Etag: W/"33-vP9QliT/fj4dZ+rZUKZavnAtZsA"[\r][\n]"
21:38:14.118 [ForkJoinPool-1-worker-3] DEBUG org.apache.http.wire - http-outgoing-24 << "Date: Tue, 15 Sep 2020 02:38:14 GMT[\r][\n]"
21:38:14.118 [ForkJoinPool-1-worker-3] DEBUG org.apache.http.wire - http-outgoing-24 << "Via: 1.1 vegur[\r][\n]"
21:38:14.118 [ForkJoinPool-1-worker-3] DEBUG org.apache.http.wire - http-outgoing-24 << "[\r][\n]"
21:38:14.118 [ForkJoinPool-1-worker-3] DEBUG org.apache.http.wire - http-outgoing-24 << "{"user_id":146,"token_expires_at":"1600139294.499"}"
21:38:14.118 [ForkJoinPool-1-worker-3] DEBUG org.apache.http.headers - http-outgoing-24 << HTTP/1.1 200 OK
21:38:14.118 [ForkJoinPool-1-worker-3] DEBUG org.apache.http.headers - http-outgoing-24 << Server: Cowboy
21:38:14.118 [ForkJoinPool-1-worker-3] DEBUG org.apache.http.headers - http-outgoing-24 << Connection: keep-alive
21:38:14.118 [ForkJoinPool-1-worker-3] DEBUG org.apache.http.headers - http-outgoing-24 << X-Powered-By: Express
21:38:14.118 [ForkJoinPool-1-worker-3] DEBUG org.apache.http.headers - http-outgoing-24 << Authorization: eyJ0eXAiOiJKV1QiLCJhbGciOiJIUzI1NiJ9.eyJ1c2VySWQiOjE0Niwicm9sZSI6ImFkbWluIiwiaWF0IjoxNjAwMTM3NDk0LjQ5OSwiZXhwIjoxNjAwMTM5Mjk0LjQ5OX0.qxd-5KdtdRTTKnRPGdQLSwWXaw8fUhtPd6AtOFlrAVE
21:38:14.118 [ForkJoinPool-1-worker-3] DEBUG org.apache.http.headers - http-outgoing-24 << Content-Type: application/json; charset=utf-8
21:38:14.118 [ForkJoinPool-1-worker-3] DEBUG org.apache.http.headers - http-outgoing-24 << Content-Length: 51
21:38:14.118 [ForkJoinPool-1-worker-3] DEBUG org.apache.http.headers - http-outgoing-24 << Etag: W/"33-vP9QliT/fj4dZ+rZUKZavnAtZsA"
21:38:14.118 [ForkJoinPool-1-worker-3] DEBUG org.apache.http.headers - http-outgoing-24 << Date: Tue, 15 Sep 2020 02:38:14 GMT
21:38:14.118 [ForkJoinPool-1-worker-3] DEBUG org.apache.http.headers - http-outgoing-24 << Via: 1.1 vegur
21:38:14.118 [ForkJoinPool-1-worker-3] DEBUG org.apache.http.impl.execchain.MainClientExec - Connection can be kept alive indefinitely
21:38:14.118 [ForkJoinPool-1-worker-3] DEBUG org.apache.http.impl.conn.PoolingHttpClientConnectionManager - Connection [id: 24][route: {s}->https://nodejs-qa-training.herokuapp.com:443] can be kept alive indefinitely
21:38:14.118 [ForkJoinPool-1-worker-3] DEBUG org.apache.http.impl.conn.DefaultManagedHttpClientConnection - http-outgoing-24: set socket timeout to 0
21:38:14.118 [ForkJoinPool-1-worker-3] DEBUG org.apache.http.impl.conn.PoolingHttpClientConnectionManager - Connection released: [id: 24][route: {s}->https://nodejs-qa-training.herokuapp.com:443][total available: 1; route allocated: 1 of 5; total allocated: 1 of 10]
21:38:14.133 [ForkJoinPool-1-worker-3] DEBUG com.intuit.karate - response time in milliseconds: 686,56
1 < 200
1 < Authorization: eyJ0eXAiOiJKV1QiLCJhbGciOiJIUzI1NiJ9.eyJ1c2VySWQiOjE0Niwicm9sZSI6ImFkbWluIiwiaWF0IjoxNjAwMTM3NDk0LjQ5OSwiZXhwIjoxNjAwMTM5Mjk0LjQ5OX0.qxd-5KdtdRTTKnRPGdQLSwWXaw8fUhtPd6AtOFlrAVE
1 < Connection: keep-alive
1 < Content-Length: 51
1 < Content-Type: application/json; charset=utf-8
1 < Date: Tue, 15 Sep 2020 02:38:14 GMT
1 < Etag: W/"33-vP9QliT/fj4dZ+rZUKZavnAtZsA"
1 < Server: Cowboy
1 < Via: 1.1 vegur
1 < X-Powered-By: Express
{"user_id":146,"token_expires_at":"1600139294.499"}

21:38:14.133 [ForkJoinPool-1-worker-3] DEBUG com.jayway.jsonpath.internal.path.CompiledPath - Evaluating path: $
21:38:14.133 [ForkJoinPool-1-worker-3] INFO com.intuit.karate - [print] {
  "token_expires_at": "1600139294.499",
  "user_id": 146
}

21:38:14.133 [ForkJoinPool-1-worker-3] INFO com.intuit.karate - [print] eyJ0eXAiOiJKV1QiLCJhbGciOiJIUzI1NiJ9.eyJ1c2VySWQiOjE0Niwicm9sZSI6ImFkbWluIiwiaWF0IjoxNjAwMTM3NDk0LjQ5OSwiZXhwIjoxNjAwMTM5Mjk0LjQ5OX0.qxd-5KdtdRTTKnRPGdQLSwWXaw8fUhtPd6AtOFlrAVE
21:38:14.133 [ForkJoinPool-1-worker-3] DEBUG com.jayway.jsonpath.internal.path.CompiledPath - Evaluating path: $['user_id']
21:38:14.165 [ForkJoinPool-1-worker-3] DEBUG com.jayway.jsonpath.internal.path.CompiledPath - Evaluating path: $
21:38:14.165 [ForkJoinPool-1-worker-3] DEBUG com.jayway.jsonpath.internal.path.CompiledPath - Evaluating path: $
21:38:14.165 [ForkJoinPool-1-worker-3] DEBUG com.jayway.jsonpath.internal.path.CompiledPath - Evaluating path: $
21:38:14.165 [ForkJoinPool-1-worker-3] DEBUG com.jayway.jsonpath.internal.path.CompiledPath - Evaluating path: $['Authorization'][0]
21:38:14.180 [ForkJoinPool-1-worker-3] DEBUG org.apache.http.client.protocol.RequestAddCookies - CookieSpec selected: karate
21:38:14.180 [ForkJoinPool-1-worker-3] DEBUG org.apache.http.client.protocol.RequestAuthCache - Auth cache not set in the context
21:38:14.180 [ForkJoinPool-1-worker-3] DEBUG com.intuit.karate - request:
1 > GET https://nodejs-qa-training.herokuapp.com/albums
1 > Accept-Encoding: gzip,deflate
1 > Authorization: eyJ0eXAiOiJKV1QiLCJhbGciOiJIUzI1NiJ9.eyJ1c2VySWQiOjE0Niwicm9sZSI6ImFkbWluIiwiaWF0IjoxNjAwMTM3NDk0LjQ5OSwiZXhwIjoxNjAwMTM5Mjk0LjQ5OX0.qxd-5KdtdRTTKnRPGdQLSwWXaw8fUhtPd6AtOFlrAVE
1 > Connection: Keep-Alive
1 > Content-Type: application/json
1 > Host: nodejs-qa-training.herokuapp.com
1 > User-Agent: Apache-HttpClient/4.5.11 (Java/1.8.0_171)

21:38:14.180 [ForkJoinPool-1-worker-3] DEBUG org.apache.http.impl.conn.PoolingHttpClientConnectionManager - Connection request: [route: {s}->https://nodejs-qa-training.herokuapp.com:443][total available: 0; route allocated: 0 of 5; total allocated: 0 of 10]
21:38:14.180 [ForkJoinPool-1-worker-3] DEBUG org.apache.http.impl.conn.PoolingHttpClientConnectionManager - Connection leased: [id: 27][route: {s}->https://nodejs-qa-training.herokuapp.com:443][total available: 0; route allocated: 1 of 5; total allocated: 1 of 10]
21:38:14.180 [ForkJoinPool-1-worker-3] DEBUG org.apache.http.impl.execchain.MainClientExec - Opening connection {s}->https://nodejs-qa-training.herokuapp.com:443
21:38:14.180 [ForkJoinPool-1-worker-3] DEBUG org.apache.http.impl.conn.DefaultHttpClientConnectionOperator - Connecting to nodejs-qa-training.herokuapp.com/52.20.101.119:443
21:38:14.180 [ForkJoinPool-1-worker-3] DEBUG org.apache.http.conn.ssl.SSLConnectionSocketFactory - Connecting socket to nodejs-qa-training.herokuapp.com/52.20.101.119:443 with timeout 30000
21:38:14.274 [ForkJoinPool-1-worker-2] DEBUG org.apache.http.wire - http-outgoing-25 << "HTTP/1.1 200 OK[\r][\n]"
21:38:14.274 [ForkJoinPool-1-worker-2] DEBUG org.apache.http.wire - http-outgoing-25 << "Server: Cowboy[\r][\n]"
21:38:14.274 [ForkJoinPool-1-worker-2] DEBUG org.apache.http.wire - http-outgoing-25 << "Connection: keep-alive[\r][\n]"
21:38:14.274 [ForkJoinPool-1-worker-2] DEBUG org.apache.http.wire - http-outgoing-25 << "X-Powered-By: Express[\r][\n]"
21:38:14.274 [ForkJoinPool-1-worker-2] DEBUG org.apache.http.wire - http-outgoing-25 << "Authorization: eyJ0eXAiOiJKV1QiLCJhbGciOiJIUzI1NiJ9.eyJ1c2VySWQiOjI1OCwicm9sZSI6InJlZ3VsYXIiLCJpYXQiOjE2MDAxMzc0OTQuNjM1LCJleHAiOjE2MDAxMzkyOTQuNjM1fQ.8u2Ha1tz-pW8dhYu97kvvdCUJ_uK5WDmtdrHA9IHjb4[\r][\n]"
21:38:14.274 [ForkJoinPool-1-worker-2] DEBUG org.apache.http.wire - http-outgoing-25 << "Content-Type: application/json; charset=utf-8[\r][\n]"
21:38:14.274 [ForkJoinPool-1-worker-2] DEBUG org.apache.http.wire - http-outgoing-25 << "Content-Length: 51[\r][\n]"
21:38:14.274 [ForkJoinPool-1-worker-2] DEBUG org.apache.http.wire - http-outgoing-25 << "Etag: W/"33-t5GK4VEPM8F8jeli2ZIVav69a8M"[\r][\n]"
21:38:14.274 [ForkJoinPool-1-worker-2] DEBUG org.apache.http.wire - http-outgoing-25 << "Date: Tue, 15 Sep 2020 02:38:14 GMT[\r][\n]"
21:38:14.274 [ForkJoinPool-1-worker-2] DEBUG org.apache.http.wire - http-outgoing-25 << "Via: 1.1 vegur[\r][\n]"
21:38:14.274 [ForkJoinPool-1-worker-2] DEBUG org.apache.http.wire - http-outgoing-25 << "[\r][\n]"
21:38:14.274 [ForkJoinPool-1-worker-2] DEBUG org.apache.http.wire - http-outgoing-25 << "{"user_id":258,"token_expires_at":"1600139294.635"}"
21:38:14.274 [ForkJoinPool-1-worker-2] DEBUG org.apache.http.headers - http-outgoing-25 << HTTP/1.1 200 OK
21:38:14.274 [ForkJoinPool-1-worker-2] DEBUG org.apache.http.headers - http-outgoing-25 << Server: Cowboy
21:38:14.274 [ForkJoinPool-1-worker-2] DEBUG org.apache.http.headers - http-outgoing-25 << Connection: keep-alive
21:38:14.274 [ForkJoinPool-1-worker-2] DEBUG org.apache.http.headers - http-outgoing-25 << X-Powered-By: Express
21:38:14.274 [ForkJoinPool-1-worker-2] DEBUG org.apache.http.headers - http-outgoing-25 << Authorization: eyJ0eXAiOiJKV1QiLCJhbGciOiJIUzI1NiJ9.eyJ1c2VySWQiOjI1OCwicm9sZSI6InJlZ3VsYXIiLCJpYXQiOjE2MDAxMzc0OTQuNjM1LCJleHAiOjE2MDAxMzkyOTQuNjM1fQ.8u2Ha1tz-pW8dhYu97kvvdCUJ_uK5WDmtdrHA9IHjb4
21:38:14.274 [ForkJoinPool-1-worker-2] DEBUG org.apache.http.headers - http-outgoing-25 << Content-Type: application/json; charset=utf-8
21:38:14.274 [ForkJoinPool-1-worker-2] DEBUG org.apache.http.headers - http-outgoing-25 << Content-Length: 51
21:38:14.274 [ForkJoinPool-1-worker-2] DEBUG org.apache.http.headers - http-outgoing-25 << Etag: W/"33-t5GK4VEPM8F8jeli2ZIVav69a8M"
21:38:14.274 [ForkJoinPool-1-worker-2] DEBUG org.apache.http.headers - http-outgoing-25 << Date: Tue, 15 Sep 2020 02:38:14 GMT
21:38:14.274 [ForkJoinPool-1-worker-2] DEBUG org.apache.http.headers - http-outgoing-25 << Via: 1.1 vegur
21:38:14.274 [ForkJoinPool-1-worker-2] DEBUG org.apache.http.impl.execchain.MainClientExec - Connection can be kept alive indefinitely
21:38:14.274 [ForkJoinPool-1-worker-2] DEBUG org.apache.http.impl.conn.PoolingHttpClientConnectionManager - Connection [id: 25][route: {s}->https://nodejs-qa-training.herokuapp.com:443] can be kept alive indefinitely
21:38:14.274 [ForkJoinPool-1-worker-2] DEBUG org.apache.http.impl.conn.DefaultManagedHttpClientConnection - http-outgoing-25: set socket timeout to 0
21:38:14.274 [ForkJoinPool-1-worker-2] DEBUG org.apache.http.impl.conn.PoolingHttpClientConnectionManager - Connection released: [id: 25][route: {s}->https://nodejs-qa-training.herokuapp.com:443][total available: 1; route allocated: 1 of 5; total allocated: 1 of 10]
21:38:14.274 [ForkJoinPool-1-worker-2] DEBUG com.intuit.karate - response time in milliseconds: 785,25
1 < 200
1 < Authorization: eyJ0eXAiOiJKV1QiLCJhbGciOiJIUzI1NiJ9.eyJ1c2VySWQiOjI1OCwicm9sZSI6InJlZ3VsYXIiLCJpYXQiOjE2MDAxMzc0OTQuNjM1LCJleHAiOjE2MDAxMzkyOTQuNjM1fQ.8u2Ha1tz-pW8dhYu97kvvdCUJ_uK5WDmtdrHA9IHjb4
1 < Connection: keep-alive
1 < Content-Length: 51
1 < Content-Type: application/json; charset=utf-8
1 < Date: Tue, 15 Sep 2020 02:38:14 GMT
1 < Etag: W/"33-t5GK4VEPM8F8jeli2ZIVav69a8M"
1 < Server: Cowboy
1 < Via: 1.1 vegur
1 < X-Powered-By: Express
{"user_id":258,"token_expires_at":"1600139294.635"}

21:38:14.274 [ForkJoinPool-1-worker-2] DEBUG com.jayway.jsonpath.internal.path.CompiledPath - Evaluating path: $
21:38:14.274 [ForkJoinPool-1-worker-2] INFO com.intuit.karate - [print] {
  "token_expires_at": "1600139294.635",
  "user_id": 258
}

21:38:14.290 [ForkJoinPool-1-worker-2] INFO com.intuit.karate - [print] eyJ0eXAiOiJKV1QiLCJhbGciOiJIUzI1NiJ9.eyJ1c2VySWQiOjI1OCwicm9sZSI6InJlZ3VsYXIiLCJpYXQiOjE2MDAxMzc0OTQuNjM1LCJleHAiOjE2MDAxMzkyOTQuNjM1fQ.8u2Ha1tz-pW8dhYu97kvvdCUJ_uK5WDmtdrHA9IHjb4
21:38:14.290 [ForkJoinPool-1-worker-2] DEBUG com.jayway.jsonpath.internal.path.CompiledPath - Evaluating path: $['user_id']
21:38:14.323 [ForkJoinPool-1-worker-2] DEBUG com.jayway.jsonpath.internal.path.CompiledPath - Evaluating path: $
21:38:14.323 [ForkJoinPool-1-worker-2] DEBUG com.jayway.jsonpath.internal.path.CompiledPath - Evaluating path: $
21:38:14.323 [ForkJoinPool-1-worker-2] DEBUG com.jayway.jsonpath.internal.path.CompiledPath - Evaluating path: $
21:38:14.324 [ForkJoinPool-1-worker-2] DEBUG com.jayway.jsonpath.internal.path.CompiledPath - Evaluating path: $['Authorization'][0]
21:38:14.337 [ForkJoinPool-1-worker-2] DEBUG org.apache.http.client.protocol.RequestAddCookies - CookieSpec selected: karate
21:38:14.337 [ForkJoinPool-1-worker-3] DEBUG org.apache.http.conn.ssl.SSLConnectionSocketFactory - Enabled protocols: [TLSv1, TLSv1.1, TLSv1.2]
21:38:14.337 [ForkJoinPool-1-worker-3] DEBUG org.apache.http.conn.ssl.SSLConnectionSocketFactory - Enabled cipher suites:[TLS_ECDHE_ECDSA_WITH_AES_256_CBC_SHA384, TLS_ECDHE_RSA_WITH_AES_256_CBC_SHA384, TLS_RSA_WITH_AES_256_CBC_SHA256, TLS_ECDH_ECDSA_WITH_AES_256_CBC_SHA384, TLS_ECDH_RSA_WITH_AES_256_CBC_SHA384, TLS_DHE_RSA_WITH_AES_256_CBC_SHA256, TLS_DHE_DSS_WITH_AES_256_CBC_SHA256, TLS_ECDHE_ECDSA_WITH_AES_256_CBC_SHA, TLS_ECDHE_RSA_WITH_AES_256_CBC_SHA, TLS_RSA_WITH_AES_256_CBC_SHA, TLS_ECDH_ECDSA_WITH_AES_256_CBC_SHA, TLS_ECDH_RSA_WITH_AES_256_CBC_SHA, TLS_DHE_RSA_WITH_AES_256_CBC_SHA, TLS_DHE_DSS_WITH_AES_256_CBC_SHA, TLS_ECDHE_ECDSA_WITH_AES_128_CBC_SHA256, TLS_ECDHE_RSA_WITH_AES_128_CBC_SHA256, TLS_RSA_WITH_AES_128_CBC_SHA256, TLS_ECDH_ECDSA_WITH_AES_128_CBC_SHA256, TLS_ECDH_RSA_WITH_AES_128_CBC_SHA256, TLS_DHE_RSA_WITH_AES_128_CBC_SHA256, TLS_DHE_DSS_WITH_AES_128_CBC_SHA256, TLS_ECDHE_ECDSA_WITH_AES_128_CBC_SHA, TLS_ECDHE_RSA_WITH_AES_128_CBC_SHA, TLS_RSA_WITH_AES_128_CBC_SHA, TLS_ECDH_ECDSA_WITH_AES_128_CBC_SHA, TLS_ECDH_RSA_WITH_AES_128_CBC_SHA, TLS_DHE_RSA_WITH_AES_128_CBC_SHA, TLS_DHE_DSS_WITH_AES_128_CBC_SHA, TLS_ECDHE_ECDSA_WITH_AES_256_GCM_SHA384, TLS_ECDHE_ECDSA_WITH_AES_128_GCM_SHA256, TLS_ECDHE_RSA_WITH_AES_256_GCM_SHA384, TLS_RSA_WITH_AES_256_GCM_SHA384, TLS_ECDH_ECDSA_WITH_AES_256_GCM_SHA384, TLS_ECDH_RSA_WITH_AES_256_GCM_SHA384, TLS_DHE_RSA_WITH_AES_256_GCM_SHA384, TLS_DHE_DSS_WITH_AES_256_GCM_SHA384, TLS_ECDHE_RSA_WITH_AES_128_GCM_SHA256, TLS_RSA_WITH_AES_128_GCM_SHA256, TLS_ECDH_ECDSA_WITH_AES_128_GCM_SHA256, TLS_ECDH_RSA_WITH_AES_128_GCM_SHA256, TLS_DHE_RSA_WITH_AES_128_GCM_SHA256, TLS_DHE_DSS_WITH_AES_128_GCM_SHA256, TLS_EMPTY_RENEGOTIATION_INFO_SCSV]
21:38:14.337 [ForkJoinPool-1-worker-3] DEBUG org.apache.http.conn.ssl.SSLConnectionSocketFactory - Starting handshake
21:38:14.337 [ForkJoinPool-1-worker-2] DEBUG org.apache.http.client.protocol.RequestAuthCache - Auth cache not set in the context
21:38:14.337 [ForkJoinPool-1-worker-2] DEBUG com.intuit.karate - request:
1 > GET https://nodejs-qa-training.herokuapp.com/albums
1 > Accept-Encoding: gzip,deflate
1 > Authorization: kadjADAhOLAIyysfhkalsdHKLsdASDADGDFGJD
1 > Connection: Keep-Alive
1 > Content-Type: application/json
1 > Host: nodejs-qa-training.herokuapp.com
1 > User-Agent: Apache-HttpClient/4.5.11 (Java/1.8.0_171)

21:38:14.337 [ForkJoinPool-1-worker-2] DEBUG org.apache.http.impl.conn.PoolingHttpClientConnectionManager - Connection request: [route: {s}->https://nodejs-qa-training.herokuapp.com:443][total available: 0; route allocated: 0 of 5; total allocated: 0 of 10]
21:38:14.337 [ForkJoinPool-1-worker-2] DEBUG org.apache.http.impl.conn.PoolingHttpClientConnectionManager - Connection leased: [id: 28][route: {s}->https://nodejs-qa-training.herokuapp.com:443][total available: 0; route allocated: 1 of 5; total allocated: 1 of 10]
21:38:14.338 [ForkJoinPool-1-worker-2] DEBUG org.apache.http.impl.execchain.MainClientExec - Opening connection {s}->https://nodejs-qa-training.herokuapp.com:443
21:38:14.338 [ForkJoinPool-1-worker-2] DEBUG org.apache.http.impl.conn.DefaultHttpClientConnectionOperator - Connecting to nodejs-qa-training.herokuapp.com/52.20.101.119:443
21:38:14.338 [ForkJoinPool-1-worker-2] DEBUG org.apache.http.conn.ssl.SSLConnectionSocketFactory - Connecting socket to nodejs-qa-training.herokuapp.com/52.20.101.119:443 with timeout 30000
21:38:14.364 [ForkJoinPool-1-worker-1] DEBUG org.apache.http.wire - http-outgoing-26 << "HTTP/1.1 200 OK[\r][\n]"
21:38:14.364 [ForkJoinPool-1-worker-1] DEBUG org.apache.http.wire - http-outgoing-26 << "Server: Cowboy[\r][\n]"
21:38:14.364 [ForkJoinPool-1-worker-1] DEBUG org.apache.http.wire - http-outgoing-26 << "Connection: keep-alive[\r][\n]"
21:38:14.364 [ForkJoinPool-1-worker-1] DEBUG org.apache.http.wire - http-outgoing-26 << "X-Powered-By: Express[\r][\n]"
21:38:14.365 [ForkJoinPool-1-worker-1] DEBUG org.apache.http.wire - http-outgoing-26 << "Authorization: eyJ0eXAiOiJKV1QiLCJhbGciOiJIUzI1NiJ9.eyJ1c2VySWQiOjI1OCwicm9sZSI6InJlZ3VsYXIiLCJpYXQiOjE2MDAxMzc0OTQuNzgsImV4cCI6MTYwMDEzOTI5NC43OH0.cMA03KkYZpRWR6PGWoKN_aHMmc1kn32VOJHHMnxTesg[\r][\n]"
21:38:14.365 [ForkJoinPool-1-worker-1] DEBUG org.apache.http.wire - http-outgoing-26 << "Content-Type: application/json; charset=utf-8[\r][\n]"
21:38:14.365 [ForkJoinPool-1-worker-1] DEBUG org.apache.http.wire - http-outgoing-26 << "Content-Length: 50[\r][\n]"
21:38:14.365 [ForkJoinPool-1-worker-1] DEBUG org.apache.http.wire - http-outgoing-26 << "Etag: W/"32-97jQv8fcPESAY0og0CnXrDA3UUw"[\r][\n]"
21:38:14.365 [ForkJoinPool-1-worker-1] DEBUG org.apache.http.wire - http-outgoing-26 << "Date: Tue, 15 Sep 2020 02:38:14 GMT[\r][\n]"
21:38:14.365 [ForkJoinPool-1-worker-1] DEBUG org.apache.http.wire - http-outgoing-26 << "Via: 1.1 vegur[\r][\n]"
21:38:14.365 [ForkJoinPool-1-worker-1] DEBUG org.apache.http.wire - http-outgoing-26 << "[\r][\n]"
21:38:14.365 [ForkJoinPool-1-worker-1] DEBUG org.apache.http.wire - http-outgoing-26 << "{"user_id":258,"token_expires_at":"1600139294.78"}"
21:38:14.365 [ForkJoinPool-1-worker-1] DEBUG org.apache.http.headers - http-outgoing-26 << HTTP/1.1 200 OK
21:38:14.365 [ForkJoinPool-1-worker-1] DEBUG org.apache.http.headers - http-outgoing-26 << Server: Cowboy
21:38:14.365 [ForkJoinPool-1-worker-1] DEBUG org.apache.http.headers - http-outgoing-26 << Connection: keep-alive
21:38:14.365 [ForkJoinPool-1-worker-1] DEBUG org.apache.http.headers - http-outgoing-26 << X-Powered-By: Express
21:38:14.365 [ForkJoinPool-1-worker-1] DEBUG org.apache.http.headers - http-outgoing-26 << Authorization: eyJ0eXAiOiJKV1QiLCJhbGciOiJIUzI1NiJ9.eyJ1c2VySWQiOjI1OCwicm9sZSI6InJlZ3VsYXIiLCJpYXQiOjE2MDAxMzc0OTQuNzgsImV4cCI6MTYwMDEzOTI5NC43OH0.cMA03KkYZpRWR6PGWoKN_aHMmc1kn32VOJHHMnxTesg
21:38:14.365 [ForkJoinPool-1-worker-1] DEBUG org.apache.http.headers - http-outgoing-26 << Content-Type: application/json; charset=utf-8
21:38:14.365 [ForkJoinPool-1-worker-1] DEBUG org.apache.http.headers - http-outgoing-26 << Content-Length: 50
21:38:14.365 [ForkJoinPool-1-worker-1] DEBUG org.apache.http.headers - http-outgoing-26 << Etag: W/"32-97jQv8fcPESAY0og0CnXrDA3UUw"
21:38:14.366 [ForkJoinPool-1-worker-1] DEBUG org.apache.http.headers - http-outgoing-26 << Date: Tue, 15 Sep 2020 02:38:14 GMT
21:38:14.366 [ForkJoinPool-1-worker-1] DEBUG org.apache.http.headers - http-outgoing-26 << Via: 1.1 vegur
21:38:14.366 [ForkJoinPool-1-worker-1] DEBUG org.apache.http.impl.execchain.MainClientExec - Connection can be kept alive indefinitely
21:38:14.367 [ForkJoinPool-1-worker-1] DEBUG org.apache.http.impl.conn.PoolingHttpClientConnectionManager - Connection [id: 26][route: {s}->https://nodejs-qa-training.herokuapp.com:443] can be kept alive indefinitely
21:38:14.367 [ForkJoinPool-1-worker-1] DEBUG org.apache.http.impl.conn.DefaultManagedHttpClientConnection - http-outgoing-26: set socket timeout to 0
21:38:14.367 [ForkJoinPool-1-worker-1] DEBUG org.apache.http.impl.conn.PoolingHttpClientConnectionManager - Connection released: [id: 26][route: {s}->https://nodejs-qa-training.herokuapp.com:443][total available: 1; route allocated: 1 of 5; total allocated: 1 of 10]
21:38:14.367 [ForkJoinPool-1-worker-1] DEBUG com.intuit.karate - response time in milliseconds: 824,94
1 < 200
1 < Authorization: eyJ0eXAiOiJKV1QiLCJhbGciOiJIUzI1NiJ9.eyJ1c2VySWQiOjI1OCwicm9sZSI6InJlZ3VsYXIiLCJpYXQiOjE2MDAxMzc0OTQuNzgsImV4cCI6MTYwMDEzOTI5NC43OH0.cMA03KkYZpRWR6PGWoKN_aHMmc1kn32VOJHHMnxTesg
1 < Connection: keep-alive
1 < Content-Length: 50
1 < Content-Type: application/json; charset=utf-8
1 < Date: Tue, 15 Sep 2020 02:38:14 GMT
1 < Etag: W/"32-97jQv8fcPESAY0og0CnXrDA3UUw"
1 < Server: Cowboy
1 < Via: 1.1 vegur
1 < X-Powered-By: Express
{"user_id":258,"token_expires_at":"1600139294.78"}

21:38:14.369 [ForkJoinPool-1-worker-1] DEBUG com.jayway.jsonpath.internal.path.CompiledPath - Evaluating path: $
21:38:14.370 [ForkJoinPool-1-worker-1] INFO com.intuit.karate - [print] {
  "token_expires_at": "1600139294.78",
  "user_id": 258
}

21:38:14.372 [ForkJoinPool-1-worker-1] INFO com.intuit.karate - [print] eyJ0eXAiOiJKV1QiLCJhbGciOiJIUzI1NiJ9.eyJ1c2VySWQiOjI1OCwicm9sZSI6InJlZ3VsYXIiLCJpYXQiOjE2MDAxMzc0OTQuNzgsImV4cCI6MTYwMDEzOTI5NC43OH0.cMA03KkYZpRWR6PGWoKN_aHMmc1kn32VOJHHMnxTesg
21:38:14.373 [ForkJoinPool-1-worker-1] DEBUG com.jayway.jsonpath.internal.path.CompiledPath - Evaluating path: $['user_id']
21:38:14.388 [ForkJoinPool-1-worker-1] DEBUG com.jayway.jsonpath.internal.path.CompiledPath - Evaluating path: $
21:38:14.388 [ForkJoinPool-1-worker-1] DEBUG com.jayway.jsonpath.internal.path.CompiledPath - Evaluating path: $
21:38:14.388 [ForkJoinPool-1-worker-1] DEBUG com.jayway.jsonpath.internal.path.CompiledPath - Evaluating path: $
21:38:14.389 [ForkJoinPool-1-worker-1] DEBUG com.jayway.jsonpath.internal.path.CompiledPath - Evaluating path: $['Authorization'][0]
21:38:14.402 [ForkJoinPool-1-worker-1] DEBUG org.apache.http.client.protocol.RequestAddCookies - CookieSpec selected: karate
21:38:14.402 [ForkJoinPool-1-worker-1] DEBUG org.apache.http.client.protocol.RequestAuthCache - Auth cache not set in the context
21:38:14.402 [ForkJoinPool-1-worker-1] DEBUG com.intuit.karate - request:
1 > GET https://nodejs-qa-training.herokuapp.com/users
1 > Accept-Encoding: gzip,deflate
1 > Authorization: eyJ0eXAiOiJKV1QiLCJhbGciOiJIUzI1NiJ9.eyJ1c2VySWQiOjI1OCwicm9sZSI6InJlZ3VsYXIiLCJpYXQiOjE2MDAxMzc0OTQuNzgsImV4cCI6MTYwMDEzOTI5NC43OH0.cMA03KkYZpRWR6PGWoKN_aHMmc1kn32VOJHHMnxTesg
1 > Connection: Keep-Alive
1 > Content-Type: application/json
1 > Host: nodejs-qa-training.herokuapp.com
1 > User-Agent: Apache-HttpClient/4.5.11 (Java/1.8.0_171)

21:38:14.402 [ForkJoinPool-1-worker-1] DEBUG org.apache.http.impl.conn.PoolingHttpClientConnectionManager - Connection request: [route: {s}->https://nodejs-qa-training.herokuapp.com:443][total available: 0; route allocated: 0 of 5; total allocated: 0 of 10]
21:38:14.402 [ForkJoinPool-1-worker-1] DEBUG org.apache.http.impl.conn.PoolingHttpClientConnectionManager - Connection leased: [id: 29][route: {s}->https://nodejs-qa-training.herokuapp.com:443][total available: 0; route allocated: 1 of 5; total allocated: 1 of 10]
21:38:14.402 [ForkJoinPool-1-worker-1] DEBUG org.apache.http.impl.execchain.MainClientExec - Opening connection {s}->https://nodejs-qa-training.herokuapp.com:443
21:38:14.403 [ForkJoinPool-1-worker-1] DEBUG org.apache.http.impl.conn.DefaultHttpClientConnectionOperator - Connecting to nodejs-qa-training.herokuapp.com/52.20.101.119:443
21:38:14.403 [ForkJoinPool-1-worker-1] DEBUG org.apache.http.conn.ssl.SSLConnectionSocketFactory - Connecting socket to nodejs-qa-training.herokuapp.com/52.20.101.119:443 with timeout 30000
21:38:14.417 [ForkJoinPool-1-worker-2] DEBUG org.apache.http.conn.ssl.SSLConnectionSocketFactory - Enabled protocols: [TLSv1, TLSv1.1, TLSv1.2]
21:38:14.417 [ForkJoinPool-1-worker-2] DEBUG org.apache.http.conn.ssl.SSLConnectionSocketFactory - Enabled cipher suites:[TLS_ECDHE_ECDSA_WITH_AES_256_CBC_SHA384, TLS_ECDHE_RSA_WITH_AES_256_CBC_SHA384, TLS_RSA_WITH_AES_256_CBC_SHA256, TLS_ECDH_ECDSA_WITH_AES_256_CBC_SHA384, TLS_ECDH_RSA_WITH_AES_256_CBC_SHA384, TLS_DHE_RSA_WITH_AES_256_CBC_SHA256, TLS_DHE_DSS_WITH_AES_256_CBC_SHA256, TLS_ECDHE_ECDSA_WITH_AES_256_CBC_SHA, TLS_ECDHE_RSA_WITH_AES_256_CBC_SHA, TLS_RSA_WITH_AES_256_CBC_SHA, TLS_ECDH_ECDSA_WITH_AES_256_CBC_SHA, TLS_ECDH_RSA_WITH_AES_256_CBC_SHA, TLS_DHE_RSA_WITH_AES_256_CBC_SHA, TLS_DHE_DSS_WITH_AES_256_CBC_SHA, TLS_ECDHE_ECDSA_WITH_AES_128_CBC_SHA256, TLS_ECDHE_RSA_WITH_AES_128_CBC_SHA256, TLS_RSA_WITH_AES_128_CBC_SHA256, TLS_ECDH_ECDSA_WITH_AES_128_CBC_SHA256, TLS_ECDH_RSA_WITH_AES_128_CBC_SHA256, TLS_DHE_RSA_WITH_AES_128_CBC_SHA256, TLS_DHE_DSS_WITH_AES_128_CBC_SHA256, TLS_ECDHE_ECDSA_WITH_AES_128_CBC_SHA, TLS_ECDHE_RSA_WITH_AES_128_CBC_SHA, TLS_RSA_WITH_AES_128_CBC_SHA, TLS_ECDH_ECDSA_WITH_AES_128_CBC_SHA, TLS_ECDH_RSA_WITH_AES_128_CBC_SHA, TLS_DHE_RSA_WITH_AES_128_CBC_SHA, TLS_DHE_DSS_WITH_AES_128_CBC_SHA, TLS_ECDHE_ECDSA_WITH_AES_256_GCM_SHA384, TLS_ECDHE_ECDSA_WITH_AES_128_GCM_SHA256, TLS_ECDHE_RSA_WITH_AES_256_GCM_SHA384, TLS_RSA_WITH_AES_256_GCM_SHA384, TLS_ECDH_ECDSA_WITH_AES_256_GCM_SHA384, TLS_ECDH_RSA_WITH_AES_256_GCM_SHA384, TLS_DHE_RSA_WITH_AES_256_GCM_SHA384, TLS_DHE_DSS_WITH_AES_256_GCM_SHA384, TLS_ECDHE_RSA_WITH_AES_128_GCM_SHA256, TLS_RSA_WITH_AES_128_GCM_SHA256, TLS_ECDH_ECDSA_WITH_AES_128_GCM_SHA256, TLS_ECDH_RSA_WITH_AES_128_GCM_SHA256, TLS_DHE_RSA_WITH_AES_128_GCM_SHA256, TLS_DHE_DSS_WITH_AES_128_GCM_SHA256, TLS_EMPTY_RENEGOTIATION_INFO_SCSV]
21:38:14.417 [ForkJoinPool-1-worker-2] DEBUG org.apache.http.conn.ssl.SSLConnectionSocketFactory - Starting handshake
21:38:14.522 [ForkJoinPool-1-worker-1] DEBUG org.apache.http.conn.ssl.SSLConnectionSocketFactory - Enabled protocols: [TLSv1, TLSv1.1, TLSv1.2]
21:38:14.522 [ForkJoinPool-1-worker-1] DEBUG org.apache.http.conn.ssl.SSLConnectionSocketFactory - Enabled cipher suites:[TLS_ECDHE_ECDSA_WITH_AES_256_CBC_SHA384, TLS_ECDHE_RSA_WITH_AES_256_CBC_SHA384, TLS_RSA_WITH_AES_256_CBC_SHA256, TLS_ECDH_ECDSA_WITH_AES_256_CBC_SHA384, TLS_ECDH_RSA_WITH_AES_256_CBC_SHA384, TLS_DHE_RSA_WITH_AES_256_CBC_SHA256, TLS_DHE_DSS_WITH_AES_256_CBC_SHA256, TLS_ECDHE_ECDSA_WITH_AES_256_CBC_SHA, TLS_ECDHE_RSA_WITH_AES_256_CBC_SHA, TLS_RSA_WITH_AES_256_CBC_SHA, TLS_ECDH_ECDSA_WITH_AES_256_CBC_SHA, TLS_ECDH_RSA_WITH_AES_256_CBC_SHA, TLS_DHE_RSA_WITH_AES_256_CBC_SHA, TLS_DHE_DSS_WITH_AES_256_CBC_SHA, TLS_ECDHE_ECDSA_WITH_AES_128_CBC_SHA256, TLS_ECDHE_RSA_WITH_AES_128_CBC_SHA256, TLS_RSA_WITH_AES_128_CBC_SHA256, TLS_ECDH_ECDSA_WITH_AES_128_CBC_SHA256, TLS_ECDH_RSA_WITH_AES_128_CBC_SHA256, TLS_DHE_RSA_WITH_AES_128_CBC_SHA256, TLS_DHE_DSS_WITH_AES_128_CBC_SHA256, TLS_ECDHE_ECDSA_WITH_AES_128_CBC_SHA, TLS_ECDHE_RSA_WITH_AES_128_CBC_SHA, TLS_RSA_WITH_AES_128_CBC_SHA, TLS_ECDH_ECDSA_WITH_AES_128_CBC_SHA, TLS_ECDH_RSA_WITH_AES_128_CBC_SHA, TLS_DHE_RSA_WITH_AES_128_CBC_SHA, TLS_DHE_DSS_WITH_AES_128_CBC_SHA, TLS_ECDHE_ECDSA_WITH_AES_256_GCM_SHA384, TLS_ECDHE_ECDSA_WITH_AES_128_GCM_SHA256, TLS_ECDHE_RSA_WITH_AES_256_GCM_SHA384, TLS_RSA_WITH_AES_256_GCM_SHA384, TLS_ECDH_ECDSA_WITH_AES_256_GCM_SHA384, TLS_ECDH_RSA_WITH_AES_256_GCM_SHA384, TLS_DHE_RSA_WITH_AES_256_GCM_SHA384, TLS_DHE_DSS_WITH_AES_256_GCM_SHA384, TLS_ECDHE_RSA_WITH_AES_128_GCM_SHA256, TLS_RSA_WITH_AES_128_GCM_SHA256, TLS_ECDH_ECDSA_WITH_AES_128_GCM_SHA256, TLS_ECDH_RSA_WITH_AES_128_GCM_SHA256, TLS_DHE_RSA_WITH_AES_128_GCM_SHA256, TLS_DHE_DSS_WITH_AES_128_GCM_SHA256, TLS_EMPTY_RENEGOTIATION_INFO_SCSV]
21:38:14.522 [ForkJoinPool-1-worker-1] DEBUG org.apache.http.conn.ssl.SSLConnectionSocketFactory - Starting handshake
21:38:14.546 [ForkJoinPool-1-worker-3] DEBUG org.apache.http.conn.ssl.SSLConnectionSocketFactory - Secure session established
21:38:14.546 [ForkJoinPool-1-worker-3] DEBUG org.apache.http.conn.ssl.SSLConnectionSocketFactory -  negotiated protocol: TLSv1.2
21:38:14.546 [ForkJoinPool-1-worker-3] DEBUG org.apache.http.conn.ssl.SSLConnectionSocketFactory -  negotiated cipher suite: TLS_ECDHE_RSA_WITH_AES_128_GCM_SHA256
21:38:14.546 [ForkJoinPool-1-worker-3] DEBUG org.apache.http.conn.ssl.SSLConnectionSocketFactory -  peer principal: CN=*.herokuapp.com, O="Heroku, Inc.", L=San Francisco, ST=California, C=US
21:38:14.546 [ForkJoinPool-1-worker-3] DEBUG org.apache.http.conn.ssl.SSLConnectionSocketFactory -  peer alternative names: [*.herokuapp.com, herokuapp.com]
21:38:14.546 [ForkJoinPool-1-worker-3] DEBUG org.apache.http.conn.ssl.SSLConnectionSocketFactory -  issuer principal: CN=DigiCert SHA2 High Assurance Server CA, OU=www.digicert.com, O=DigiCert Inc, C=US
21:38:14.546 [ForkJoinPool-1-worker-3] DEBUG org.apache.http.impl.conn.DefaultHttpClientConnectionOperator - Connection established 192.168.1.7:51368<->52.20.101.119:443
21:38:14.546 [ForkJoinPool-1-worker-3] DEBUG org.apache.http.impl.conn.DefaultManagedHttpClientConnection - http-outgoing-27: set socket timeout to 30000
21:38:14.546 [ForkJoinPool-1-worker-3] DEBUG org.apache.http.impl.execchain.MainClientExec - Executing request GET /albums HTTP/1.1
21:38:14.547 [ForkJoinPool-1-worker-3] DEBUG org.apache.http.impl.execchain.MainClientExec - Proxy auth state: UNCHALLENGED
21:38:14.547 [ForkJoinPool-1-worker-3] DEBUG org.apache.http.headers - http-outgoing-27 >> GET /albums HTTP/1.1
21:38:14.547 [ForkJoinPool-1-worker-3] DEBUG org.apache.http.headers - http-outgoing-27 >> Content-Type: application/json
21:38:14.547 [ForkJoinPool-1-worker-3] DEBUG org.apache.http.headers - http-outgoing-27 >> Authorization: eyJ0eXAiOiJKV1QiLCJhbGciOiJIUzI1NiJ9.eyJ1c2VySWQiOjE0Niwicm9sZSI6ImFkbWluIiwiaWF0IjoxNjAwMTM3NDk0LjQ5OSwiZXhwIjoxNjAwMTM5Mjk0LjQ5OX0.qxd-5KdtdRTTKnRPGdQLSwWXaw8fUhtPd6AtOFlrAVE
21:38:14.547 [ForkJoinPool-1-worker-3] DEBUG org.apache.http.headers - http-outgoing-27 >> Host: nodejs-qa-training.herokuapp.com
21:38:14.547 [ForkJoinPool-1-worker-3] DEBUG org.apache.http.headers - http-outgoing-27 >> Connection: Keep-Alive
21:38:14.547 [ForkJoinPool-1-worker-3] DEBUG org.apache.http.headers - http-outgoing-27 >> User-Agent: Apache-HttpClient/4.5.11 (Java/1.8.0_171)
21:38:14.547 [ForkJoinPool-1-worker-3] DEBUG org.apache.http.headers - http-outgoing-27 >> Accept-Encoding: gzip,deflate
21:38:14.547 [ForkJoinPool-1-worker-3] DEBUG org.apache.http.wire - http-outgoing-27 >> "GET /albums HTTP/1.1[\r][\n]"
21:38:14.547 [ForkJoinPool-1-worker-3] DEBUG org.apache.http.wire - http-outgoing-27 >> "Content-Type: application/json[\r][\n]"
21:38:14.547 [ForkJoinPool-1-worker-3] DEBUG org.apache.http.wire - http-outgoing-27 >> "Authorization: eyJ0eXAiOiJKV1QiLCJhbGciOiJIUzI1NiJ9.eyJ1c2VySWQiOjE0Niwicm9sZSI6ImFkbWluIiwiaWF0IjoxNjAwMTM3NDk0LjQ5OSwiZXhwIjoxNjAwMTM5Mjk0LjQ5OX0.qxd-5KdtdRTTKnRPGdQLSwWXaw8fUhtPd6AtOFlrAVE[\r][\n]"
21:38:14.547 [ForkJoinPool-1-worker-3] DEBUG org.apache.http.wire - http-outgoing-27 >> "Host: nodejs-qa-training.herokuapp.com[\r][\n]"
21:38:14.547 [ForkJoinPool-1-worker-3] DEBUG org.apache.http.wire - http-outgoing-27 >> "Connection: Keep-Alive[\r][\n]"
21:38:14.547 [ForkJoinPool-1-worker-3] DEBUG org.apache.http.wire - http-outgoing-27 >> "User-Agent: Apache-HttpClient/4.5.11 (Java/1.8.0_171)[\r][\n]"
21:38:14.547 [ForkJoinPool-1-worker-3] DEBUG org.apache.http.wire - http-outgoing-27 >> "Accept-Encoding: gzip,deflate[\r][\n]"
21:38:14.547 [ForkJoinPool-1-worker-3] DEBUG org.apache.http.wire - http-outgoing-27 >> "[\r][\n]"
21:38:14.688 [ForkJoinPool-1-worker-2] DEBUG org.apache.http.conn.ssl.SSLConnectionSocketFactory - Secure session established
21:38:14.688 [ForkJoinPool-1-worker-2] DEBUG org.apache.http.conn.ssl.SSLConnectionSocketFactory -  negotiated protocol: TLSv1.2
21:38:14.688 [ForkJoinPool-1-worker-2] DEBUG org.apache.http.conn.ssl.SSLConnectionSocketFactory -  negotiated cipher suite: TLS_ECDHE_RSA_WITH_AES_128_GCM_SHA256
21:38:14.688 [ForkJoinPool-1-worker-2] DEBUG org.apache.http.conn.ssl.SSLConnectionSocketFactory -  peer principal: CN=*.herokuapp.com, O="Heroku, Inc.", L=San Francisco, ST=California, C=US
21:38:14.688 [ForkJoinPool-1-worker-2] DEBUG org.apache.http.conn.ssl.SSLConnectionSocketFactory -  peer alternative names: [*.herokuapp.com, herokuapp.com]
21:38:14.688 [ForkJoinPool-1-worker-2] DEBUG org.apache.http.conn.ssl.SSLConnectionSocketFactory -  issuer principal: CN=DigiCert SHA2 High Assurance Server CA, OU=www.digicert.com, O=DigiCert Inc, C=US
21:38:14.689 [ForkJoinPool-1-worker-2] DEBUG org.apache.http.impl.conn.DefaultHttpClientConnectionOperator - Connection established 192.168.1.7:51369<->52.20.101.119:443
21:38:14.689 [ForkJoinPool-1-worker-2] DEBUG org.apache.http.impl.conn.DefaultManagedHttpClientConnection - http-outgoing-28: set socket timeout to 30000
21:38:14.689 [ForkJoinPool-1-worker-2] DEBUG org.apache.http.impl.execchain.MainClientExec - Executing request GET /albums HTTP/1.1
21:38:14.689 [ForkJoinPool-1-worker-2] DEBUG org.apache.http.impl.execchain.MainClientExec - Proxy auth state: UNCHALLENGED
21:38:14.689 [ForkJoinPool-1-worker-2] DEBUG org.apache.http.headers - http-outgoing-28 >> GET /albums HTTP/1.1
21:38:14.690 [ForkJoinPool-1-worker-2] DEBUG org.apache.http.headers - http-outgoing-28 >> Content-Type: application/json
21:38:14.690 [ForkJoinPool-1-worker-2] DEBUG org.apache.http.headers - http-outgoing-28 >> Authorization: kadjADAhOLAIyysfhkalsdHKLsdASDADGDFGJD
21:38:14.690 [ForkJoinPool-1-worker-2] DEBUG org.apache.http.headers - http-outgoing-28 >> Host: nodejs-qa-training.herokuapp.com
21:38:14.690 [ForkJoinPool-1-worker-2] DEBUG org.apache.http.headers - http-outgoing-28 >> Connection: Keep-Alive
21:38:14.690 [ForkJoinPool-1-worker-2] DEBUG org.apache.http.headers - http-outgoing-28 >> User-Agent: Apache-HttpClient/4.5.11 (Java/1.8.0_171)
21:38:14.690 [ForkJoinPool-1-worker-2] DEBUG org.apache.http.headers - http-outgoing-28 >> Accept-Encoding: gzip,deflate
21:38:14.690 [ForkJoinPool-1-worker-2] DEBUG org.apache.http.wire - http-outgoing-28 >> "GET /albums HTTP/1.1[\r][\n]"
21:38:14.690 [ForkJoinPool-1-worker-2] DEBUG org.apache.http.wire - http-outgoing-28 >> "Content-Type: application/json[\r][\n]"
21:38:14.690 [ForkJoinPool-1-worker-2] DEBUG org.apache.http.wire - http-outgoing-28 >> "Authorization: kadjADAhOLAIyysfhkalsdHKLsdASDADGDFGJD[\r][\n]"
21:38:14.690 [ForkJoinPool-1-worker-2] DEBUG org.apache.http.wire - http-outgoing-28 >> "Host: nodejs-qa-training.herokuapp.com[\r][\n]"
21:38:14.690 [ForkJoinPool-1-worker-2] DEBUG org.apache.http.wire - http-outgoing-28 >> "Connection: Keep-Alive[\r][\n]"
21:38:14.690 [ForkJoinPool-1-worker-2] DEBUG org.apache.http.wire - http-outgoing-28 >> "User-Agent: Apache-HttpClient/4.5.11 (Java/1.8.0_171)[\r][\n]"
21:38:14.690 [ForkJoinPool-1-worker-2] DEBUG org.apache.http.wire - http-outgoing-28 >> "Accept-Encoding: gzip,deflate[\r][\n]"
21:38:14.690 [ForkJoinPool-1-worker-2] DEBUG org.apache.http.wire - http-outgoing-28 >> "[\r][\n]"
21:38:14.839 [ForkJoinPool-1-worker-2] DEBUG org.apache.http.wire - http-outgoing-28 << "HTTP/1.1 401 Unauthorized[\r][\n]"
21:38:14.839 [ForkJoinPool-1-worker-2] DEBUG org.apache.http.wire - http-outgoing-28 << "Server: Cowboy[\r][\n]"
21:38:14.839 [ForkJoinPool-1-worker-2] DEBUG org.apache.http.wire - http-outgoing-28 << "Connection: keep-alive[\r][\n]"
21:38:14.839 [ForkJoinPool-1-worker-2] DEBUG org.apache.http.wire - http-outgoing-28 << "X-Powered-By: Express[\r][\n]"
21:38:14.839 [ForkJoinPool-1-worker-2] DEBUG org.apache.http.wire - http-outgoing-28 << "Content-Type: application/json; charset=utf-8[\r][\n]"
21:38:14.839 [ForkJoinPool-1-worker-2] DEBUG org.apache.http.wire - http-outgoing-28 << "Content-Length: 109[\r][\n]"
21:38:14.839 [ForkJoinPool-1-worker-2] DEBUG org.apache.http.wire - http-outgoing-28 << "Etag: W/"6d-Ldm4MP8k9gb+RGZk1r1yQDCCPKA"[\r][\n]"
21:38:14.839 [ForkJoinPool-1-worker-2] DEBUG org.apache.http.wire - http-outgoing-28 << "Date: Tue, 15 Sep 2020 02:38:15 GMT[\r][\n]"
21:38:14.839 [ForkJoinPool-1-worker-2] DEBUG org.apache.http.wire - http-outgoing-28 << "Via: 1.1 vegur[\r][\n]"
21:38:14.839 [ForkJoinPool-1-worker-2] DEBUG org.apache.http.wire - http-outgoing-28 << "[\r][\n]"
21:38:14.839 [ForkJoinPool-1-worker-2] DEBUG org.apache.http.wire - http-outgoing-28 << "{"errors":[{"code":"authentication_error","message":"Invalid token"}],"timestamp":"2020-09-15T02:38:15.229Z"}"
21:38:14.839 [ForkJoinPool-1-worker-2] DEBUG org.apache.http.headers - http-outgoing-28 << HTTP/1.1 401 Unauthorized
21:38:14.839 [ForkJoinPool-1-worker-2] DEBUG org.apache.http.headers - http-outgoing-28 << Server: Cowboy
21:38:14.839 [ForkJoinPool-1-worker-2] DEBUG org.apache.http.headers - http-outgoing-28 << Connection: keep-alive
21:38:14.839 [ForkJoinPool-1-worker-2] DEBUG org.apache.http.headers - http-outgoing-28 << X-Powered-By: Express
21:38:14.839 [ForkJoinPool-1-worker-2] DEBUG org.apache.http.headers - http-outgoing-28 << Content-Type: application/json; charset=utf-8
21:38:14.839 [ForkJoinPool-1-worker-2] DEBUG org.apache.http.headers - http-outgoing-28 << Content-Length: 109
21:38:14.839 [ForkJoinPool-1-worker-2] DEBUG org.apache.http.headers - http-outgoing-28 << Etag: W/"6d-Ldm4MP8k9gb+RGZk1r1yQDCCPKA"
21:38:14.839 [ForkJoinPool-1-worker-2] DEBUG org.apache.http.headers - http-outgoing-28 << Date: Tue, 15 Sep 2020 02:38:15 GMT
21:38:14.839 [ForkJoinPool-1-worker-2] DEBUG org.apache.http.headers - http-outgoing-28 << Via: 1.1 vegur
21:38:14.839 [ForkJoinPool-1-worker-2] DEBUG org.apache.http.impl.execchain.MainClientExec - Connection can be kept alive indefinitely
21:38:14.839 [ForkJoinPool-1-worker-2] DEBUG org.apache.http.impl.auth.HttpAuthenticator - Authentication required
21:38:14.839 [ForkJoinPool-1-worker-2] DEBUG org.apache.http.impl.auth.HttpAuthenticator - nodejs-qa-training.herokuapp.com:443 requested authentication
21:38:14.839 [ForkJoinPool-1-worker-2] DEBUG org.apache.http.impl.auth.HttpAuthenticator - Response contains no authentication challenges
21:38:14.839 [ForkJoinPool-1-worker-2] DEBUG org.apache.http.impl.conn.PoolingHttpClientConnectionManager - Connection [id: 28][route: {s}->https://nodejs-qa-training.herokuapp.com:443] can be kept alive indefinitely
21:38:14.839 [ForkJoinPool-1-worker-2] DEBUG org.apache.http.impl.conn.DefaultManagedHttpClientConnection - http-outgoing-28: set socket timeout to 0
21:38:14.839 [ForkJoinPool-1-worker-2] DEBUG org.apache.http.impl.conn.PoolingHttpClientConnectionManager - Connection released: [id: 28][route: {s}->https://nodejs-qa-training.herokuapp.com:443][total available: 1; route allocated: 1 of 5; total allocated: 1 of 10]
21:38:14.839 [ForkJoinPool-1-worker-2] DEBUG com.intuit.karate - response time in milliseconds: 512,68
1 < 401
1 < Connection: keep-alive
1 < Content-Length: 109
1 < Content-Type: application/json; charset=utf-8
1 < Date: Tue, 15 Sep 2020 02:38:15 GMT
1 < Etag: W/"6d-Ldm4MP8k9gb+RGZk1r1yQDCCPKA"
1 < Server: Cowboy
1 < Via: 1.1 vegur
1 < X-Powered-By: Express
{"errors":[{"code":"authentication_error","message":"Invalid token"}],"timestamp":"2020-09-15T02:38:15.229Z"}

21:38:14.855 [ForkJoinPool-1-worker-2] DEBUG com.jayway.jsonpath.internal.path.CompiledPath - Evaluating path: $
21:38:14.855 [Finalizer] DEBUG org.apache.http.impl.conn.PoolingHttpClientConnectionManager - Connection manager is shutting down
21:38:14.855 [Finalizer] DEBUG org.apache.http.impl.conn.DefaultManagedHttpClientConnection - http-outgoing-25: Close connection
21:38:14.855 [ForkJoinPool-1-worker-2] DEBUG com.jayway.jsonpath.internal.path.CompiledPath - Evaluating path: $
21:38:14.855 [Finalizer] DEBUG org.apache.http.impl.conn.PoolingHttpClientConnectionManager - Connection manager shut down
21:38:14.855 [ForkJoinPool-1-worker-2] DEBUG com.jayway.jsonpath.internal.path.CompiledPath - Evaluating path: $
21:38:14.855 [ForkJoinPool-1-worker-1] DEBUG org.apache.http.conn.ssl.SSLConnectionSocketFactory - Secure session established
21:38:14.855 [ForkJoinPool-1-worker-1] DEBUG org.apache.http.conn.ssl.SSLConnectionSocketFactory -  negotiated protocol: TLSv1.2
21:38:14.855 [ForkJoinPool-1-worker-1] DEBUG org.apache.http.conn.ssl.SSLConnectionSocketFactory -  negotiated cipher suite: TLS_ECDHE_RSA_WITH_AES_128_GCM_SHA256
21:38:14.855 [ForkJoinPool-1-worker-1] DEBUG org.apache.http.conn.ssl.SSLConnectionSocketFactory -  peer principal: CN=*.herokuapp.com, O="Heroku, Inc.", L=San Francisco, ST=California, C=US
21:38:14.871 [ForkJoinPool-1-worker-1] DEBUG org.apache.http.conn.ssl.SSLConnectionSocketFactory -  peer alternative names: [*.herokuapp.com, herokuapp.com]
21:38:14.871 [ForkJoinPool-1-worker-1] DEBUG org.apache.http.conn.ssl.SSLConnectionSocketFactory -  issuer principal: CN=DigiCert SHA2 High Assurance Server CA, OU=www.digicert.com, O=DigiCert Inc, C=US
21:38:14.871 [ForkJoinPool-1-worker-1] DEBUG org.apache.http.impl.conn.DefaultHttpClientConnectionOperator - Connection established 192.168.1.7:51370<->52.20.101.119:443
21:38:14.871 [ForkJoinPool-1-worker-1] DEBUG org.apache.http.impl.conn.DefaultManagedHttpClientConnection - http-outgoing-29: set socket timeout to 30000
21:38:14.871 [ForkJoinPool-1-worker-1] DEBUG org.apache.http.impl.execchain.MainClientExec - Executing request GET /users HTTP/1.1
21:38:14.871 [ForkJoinPool-1-worker-1] DEBUG org.apache.http.impl.execchain.MainClientExec - Proxy auth state: UNCHALLENGED
21:38:14.871 [ForkJoinPool-1-worker-1] DEBUG org.apache.http.headers - http-outgoing-29 >> GET /users HTTP/1.1
21:38:14.871 [ForkJoinPool-1-worker-1] DEBUG org.apache.http.headers - http-outgoing-29 >> Content-Type: application/json
21:38:14.871 [ForkJoinPool-1-worker-1] DEBUG org.apache.http.headers - http-outgoing-29 >> Authorization: eyJ0eXAiOiJKV1QiLCJhbGciOiJIUzI1NiJ9.eyJ1c2VySWQiOjI1OCwicm9sZSI6InJlZ3VsYXIiLCJpYXQiOjE2MDAxMzc0OTQuNzgsImV4cCI6MTYwMDEzOTI5NC43OH0.cMA03KkYZpRWR6PGWoKN_aHMmc1kn32VOJHHMnxTesg
21:38:14.871 [ForkJoinPool-1-worker-1] DEBUG org.apache.http.headers - http-outgoing-29 >> Host: nodejs-qa-training.herokuapp.com
21:38:14.871 [ForkJoinPool-1-worker-1] DEBUG org.apache.http.headers - http-outgoing-29 >> Connection: Keep-Alive
21:38:14.871 [ForkJoinPool-1-worker-1] DEBUG org.apache.http.headers - http-outgoing-29 >> User-Agent: Apache-HttpClient/4.5.11 (Java/1.8.0_171)
21:38:14.871 [ForkJoinPool-1-worker-1] DEBUG org.apache.http.headers - http-outgoing-29 >> Accept-Encoding: gzip,deflate
21:38:14.871 [ForkJoinPool-1-worker-1] DEBUG org.apache.http.wire - http-outgoing-29 >> "GET /users HTTP/1.1[\r][\n]"
21:38:14.871 [ForkJoinPool-1-worker-1] DEBUG org.apache.http.wire - http-outgoing-29 >> "Content-Type: application/json[\r][\n]"
21:38:14.871 [ForkJoinPool-1-worker-1] DEBUG org.apache.http.wire - http-outgoing-29 >> "Authorization: eyJ0eXAiOiJKV1QiLCJhbGciOiJIUzI1NiJ9.eyJ1c2VySWQiOjI1OCwicm9sZSI6InJlZ3VsYXIiLCJpYXQiOjE2MDAxMzc0OTQuNzgsImV4cCI6MTYwMDEzOTI5NC43OH0.cMA03KkYZpRWR6PGWoKN_aHMmc1kn32VOJHHMnxTesg[\r][\n]"
21:38:14.871 [ForkJoinPool-1-worker-1] DEBUG org.apache.http.wire - http-outgoing-29 >> "Host: nodejs-qa-training.herokuapp.com[\r][\n]"
21:38:14.871 [ForkJoinPool-1-worker-1] DEBUG org.apache.http.wire - http-outgoing-29 >> "Connection: Keep-Alive[\r][\n]"
21:38:14.871 [ForkJoinPool-1-worker-1] DEBUG org.apache.http.wire - http-outgoing-29 >> "User-Agent: Apache-HttpClient/4.5.11 (Java/1.8.0_171)[\r][\n]"
21:38:14.871 [ForkJoinPool-1-worker-1] DEBUG org.apache.http.wire - http-outgoing-29 >> "Accept-Encoding: gzip,deflate[\r][\n]"
21:38:14.871 [ForkJoinPool-1-worker-1] DEBUG org.apache.http.wire - http-outgoing-29 >> "[\r][\n]"
21:38:14.871 [Finalizer] DEBUG org.apache.http.impl.conn.PoolingHttpClientConnectionManager - Connection manager is shutting down
21:38:14.871 [Finalizer] DEBUG org.apache.http.impl.conn.DefaultManagedHttpClientConnection - http-outgoing-26: Close connection
21:38:14.871 [Finalizer] DEBUG org.apache.http.impl.conn.PoolingHttpClientConnectionManager - Connection manager shut down
21:38:14.871 [Finalizer] DEBUG org.apache.http.impl.conn.PoolingHttpClientConnectionManager - Connection manager is shutting down
21:38:14.871 [Finalizer] DEBUG org.apache.http.impl.conn.DefaultManagedHttpClientConnection - http-outgoing-28: Close connection
21:38:14.871 [Finalizer] DEBUG org.apache.http.impl.conn.PoolingHttpClientConnectionManager - Connection manager shut down
21:38:14.871 [Finalizer] DEBUG org.apache.http.impl.conn.PoolingHttpClientConnectionManager - Connection manager is shutting down
21:38:14.871 [Finalizer] DEBUG org.apache.http.impl.conn.DefaultManagedHttpClientConnection - http-outgoing-13: Close connection
21:38:14.871 [Finalizer] DEBUG org.apache.http.impl.conn.PoolingHttpClientConnectionManager - Connection manager shut down
21:38:14.871 [Finalizer] DEBUG org.apache.http.impl.conn.PoolingHttpClientConnectionManager - Connection manager is shutting down
21:38:14.871 [Finalizer] DEBUG org.apache.http.impl.conn.DefaultManagedHttpClientConnection - http-outgoing-14: Close connection
21:38:14.871 [Finalizer] DEBUG org.apache.http.impl.conn.PoolingHttpClientConnectionManager - Connection manager shut down
21:38:14.871 [Finalizer] DEBUG org.apache.http.impl.conn.PoolingHttpClientConnectionManager - Connection manager is shutting down
21:38:14.871 [Finalizer] DEBUG org.apache.http.impl.conn.DefaultManagedHttpClientConnection - http-outgoing-15: Close connection
21:38:14.871 [Finalizer] DEBUG org.apache.http.impl.conn.PoolingHttpClientConnectionManager - Connection manager shut down
21:38:14.871 [Finalizer] DEBUG org.apache.http.impl.conn.PoolingHttpClientConnectionManager - Connection manager is shutting down
21:38:14.871 [Finalizer] DEBUG org.apache.http.impl.conn.DefaultManagedHttpClientConnection - http-outgoing-20: Close connection
21:38:14.871 [Finalizer] DEBUG org.apache.http.impl.conn.PoolingHttpClientConnectionManager - Connection manager shut down
21:38:14.871 [Finalizer] DEBUG org.apache.http.impl.conn.PoolingHttpClientConnectionManager - Connection manager is shutting down
21:38:14.871 [Finalizer] DEBUG org.apache.http.impl.conn.DefaultManagedHttpClientConnection - http-outgoing-21: Close connection
21:38:14.871 [ForkJoinPool-1-worker-2] WARN com.intuit.karate - skipping bootstrap configuration: could not find or read file: classpath:karate-config.js
21:38:14.871 [Finalizer] DEBUG org.apache.http.impl.conn.PoolingHttpClientConnectionManager - Connection manager shut down
21:38:14.871 [Finalizer] DEBUG org.apache.http.impl.conn.PoolingHttpClientConnectionManager - Connection manager is shutting down
21:38:14.871 [Finalizer] DEBUG org.apache.http.impl.conn.DefaultManagedHttpClientConnection - http-outgoing-22: Close connection
21:38:14.871 [Finalizer] DEBUG org.apache.http.impl.conn.PoolingHttpClientConnectionManager - Connection manager shut down
21:38:14.871 [Finalizer] DEBUG org.apache.http.impl.conn.PoolingHttpClientConnectionManager - Connection manager is shutting down
21:38:14.871 [Finalizer] DEBUG org.apache.http.impl.conn.DefaultManagedHttpClientConnection - http-outgoing-23: Close connection
21:38:14.871 [Finalizer] DEBUG org.apache.http.impl.conn.PoolingHttpClientConnectionManager - Connection manager shut down
21:38:14.886 [Finalizer] DEBUG org.apache.http.impl.conn.PoolingHttpClientConnectionManager - Connection manager is shutting down
21:38:14.886 [Finalizer] DEBUG org.apache.http.impl.conn.DefaultManagedHttpClientConnection - http-outgoing-24: Close connection
21:38:14.886 [Finalizer] DEBUG org.apache.http.impl.conn.PoolingHttpClientConnectionManager - Connection manager shut down
21:38:14.886 [Finalizer] DEBUG org.apache.http.impl.conn.PoolingHttpClientConnectionManager - Connection manager is shutting down
21:38:14.886 [Finalizer] DEBUG org.apache.http.impl.conn.DefaultManagedHttpClientConnection - http-outgoing-16: Close connection
21:38:14.886 [Finalizer] DEBUG org.apache.http.impl.conn.PoolingHttpClientConnectionManager - Connection manager shut down
21:38:14.886 [Finalizer] DEBUG org.apache.http.impl.conn.PoolingHttpClientConnectionManager - Connection manager is shutting down
21:38:14.886 [Finalizer] DEBUG org.apache.http.impl.conn.DefaultManagedHttpClientConnection - http-outgoing-17: Close connection
21:38:14.886 [Finalizer] DEBUG org.apache.http.impl.conn.PoolingHttpClientConnectionManager - Connection manager shut down
21:38:14.886 [Finalizer] DEBUG org.apache.http.impl.conn.PoolingHttpClientConnectionManager - Connection manager is shutting down
21:38:14.886 [Finalizer] DEBUG org.apache.http.impl.conn.DefaultManagedHttpClientConnection - http-outgoing-18: Close connection
21:38:14.886 [Finalizer] DEBUG org.apache.http.impl.conn.PoolingHttpClientConnectionManager - Connection manager shut down
21:38:14.886 [Finalizer] DEBUG org.apache.http.impl.conn.PoolingHttpClientConnectionManager - Connection manager is shutting down
21:38:14.886 [Finalizer] DEBUG org.apache.http.impl.conn.DefaultManagedHttpClientConnection - http-outgoing-19: Close connection
21:38:14.886 [Finalizer] DEBUG org.apache.http.impl.conn.PoolingHttpClientConnectionManager - Connection manager shut down
21:38:14.886 [ForkJoinPool-1-worker-2] INFO com.intuit.karate - scenario called at line: 45 by tag: @ExitosoAdministrador
21:38:14.886 [ForkJoinPool-1-worker-2] DEBUG com.jayway.jsonpath.internal.path.CompiledPath - Evaluating path: $
21:38:14.902 [ForkJoinPool-1-worker-2] DEBUG org.apache.http.client.protocol.RequestAddCookies - CookieSpec selected: karate
21:38:14.902 [ForkJoinPool-1-worker-2] DEBUG org.apache.http.client.protocol.RequestAuthCache - Auth cache not set in the context
21:38:14.902 [ForkJoinPool-1-worker-2] DEBUG com.intuit.karate - request:
1 > POST https://nodejs-qa-training.herokuapp.com/users/sessions/
1 > Accept-Encoding: gzip,deflate
1 > Connection: Keep-Alive
1 > Content-Length: 62
1 > Content-Type: application/json; charset=UTF-8
1 > Host: nodejs-qa-training.herokuapp.com
1 > User-Agent: Apache-HttpClient/4.5.11 (Java/1.8.0_171)
{"email":"admin@wolox.com.ar","password":"candidatoWolox2020"}

21:38:14.902 [ForkJoinPool-1-worker-2] DEBUG org.apache.http.impl.conn.PoolingHttpClientConnectionManager - Connection request: [route: {s}->https://nodejs-qa-training.herokuapp.com:443][total available: 0; route allocated: 0 of 5; total allocated: 0 of 10]
21:38:14.902 [ForkJoinPool-1-worker-2] DEBUG org.apache.http.impl.conn.PoolingHttpClientConnectionManager - Connection leased: [id: 30][route: {s}->https://nodejs-qa-training.herokuapp.com:443][total available: 0; route allocated: 1 of 5; total allocated: 1 of 10]
21:38:14.902 [ForkJoinPool-1-worker-2] DEBUG org.apache.http.impl.execchain.MainClientExec - Opening connection {s}->https://nodejs-qa-training.herokuapp.com:443
21:38:14.902 [ForkJoinPool-1-worker-2] DEBUG org.apache.http.impl.conn.DefaultHttpClientConnectionOperator - Connecting to nodejs-qa-training.herokuapp.com/52.20.101.119:443
21:38:14.902 [ForkJoinPool-1-worker-2] DEBUG org.apache.http.conn.ssl.SSLConnectionSocketFactory - Connecting socket to nodejs-qa-training.herokuapp.com/52.20.101.119:443 with timeout 30000
21:38:14.949 [ForkJoinPool-1-worker-3] DEBUG org.apache.http.wire - http-outgoing-27 << "HTTP/1.1 200 OK[\r][\n]"
21:38:14.949 [ForkJoinPool-1-worker-3] DEBUG org.apache.http.wire - http-outgoing-27 << "Server: Cowboy[\r][\n]"
21:38:14.949 [ForkJoinPool-1-worker-3] DEBUG org.apache.http.wire - http-outgoing-27 << "Connection: keep-alive[\r][\n]"
21:38:14.949 [ForkJoinPool-1-worker-3] DEBUG org.apache.http.wire - http-outgoing-27 << "X-Powered-By: Express[\r][\n]"
21:38:14.949 [ForkJoinPool-1-worker-3] DEBUG org.apache.http.wire - http-outgoing-27 << "Content-Type: application/json; charset=utf-8[\r][\n]"
21:38:14.949 [ForkJoinPool-1-worker-3] DEBUG org.apache.http.wire - http-outgoing-27 << "Content-Length: 7032[\r][\n]"
21:38:14.949 [ForkJoinPool-1-worker-3] DEBUG org.apache.http.wire - http-outgoing-27 << "Etag: W/"1b78-QLaE6RpZ5E8d2hLg+o5PqJk5Zw8"[\r][\n]"
21:38:14.949 [ForkJoinPool-1-worker-3] DEBUG org.apache.http.wire - http-outgoing-27 << "Date: Tue, 15 Sep 2020 02:38:15 GMT[\r][\n]"
21:38:14.949 [ForkJoinPool-1-worker-3] DEBUG org.apache.http.wire - http-outgoing-27 << "Via: 1.1 vegur[\r][\n]"
21:38:14.949 [ForkJoinPool-1-worker-3] DEBUG org.apache.http.wire - http-outgoing-27 << "[\r][\n]"
21:38:14.949 [ForkJoinPool-1-worker-3] DEBUG org.apache.http.wire - http-outgoing-27 << "[{"user_id":1,"id":1,"title":"quidem molestiae enim"},{"user_id":1,"id":2,"title":"sunt qui excepturi placeat culpa"},{"user_id":1,"id":3,"title":"omnis laborum odio"},{"user_id":1,"id":4,"title":"non esse culpa molestiae omnis sed optio"},{"user_id":1,"id":5,"title":"eaque aut omnis a"},{"user_id":1,"id":6,"title":"natus impedit quibusdam illo est"},{"user_id":1,"id":7,"title":"quibusdam autem aliquid et et quia"},{"user_id":1,"id":8,"title":"qui fuga est a eum"},{"user_id":1,"id":9,"title":"saepe unde necessitatibus rem"},{"user_id":1,"id":10,"title":"distinctio laborum qui"},{"user_id":2,"id":11,"title":"quam nostrum impedit mollitia quod et dolor"},{"user_id":2,"id":12,"title":"consequatur autem doloribus natus consectetur"},{"user_id":2,"id":13,"title":"ab rerum non rerum consequatur ut ea unde"},{"user_id":2,"id":14,"title":"ducimus molestias eos animi atque nihil"},{"user_id":2,"id":15,"title":"ut pariatur rerum ipsum natus repellendus praesentium"},{"user_id":2,"id":16,"title":"voluptatem aut maxime inventore autem magnam atque repellat"},{"user_id":2,"id":17,"title":"aut minima voluptatem ut velit"},{"user_id":2,"id":18,"title":"nesciunt quia et doloremque"},{"user_id":2,"id":19,"title":"velit pariatur quaerat similique libero omnis quia"},{"user_id":2,"id":20,"title":"voluptas rerum iure ut enim"},{"user_id":3,"id":21,"title":"repudiandae voluptatem optio est consequatur rem in temporibus et"},{"user_id":3,"id":22,"title":"et rem non provident vel ut"},{"user_id":3,"id":23,"title":"incidunt quisquam hic adipisci sequi"},{"user_id":3,"id":24,"title":"dolores ut et facere placeat"},{"user_id":3,"id":25,"title":"vero maxime id possimus sunt neque et consequatur"},{"user_id":3,"id":26,"title":"quibusdam saepe ipsa vel harum"},{"user_id":3,"id":27,"title":"id non nostrum expedita"},{"user_id":3,"id":28,"title":"omnis neque exercitationem sed dolor atque maxime aut cum"},{"user_id":3,"id":29,"title":"inventore ut quasi magnam itaque est fugit"},{"user_id":3,"id":30,"title":"tempora assumenda et similique odit distinctio error"},{"user_id":4,"id":31,"title":"adipisci laborum fuga laboriosam"},{"user_id":4,"id":32,"title":"reiciendis dolores a ut qui debitis non quo labore"},{"user_id":4,"id":33,"title":"iste eos nostrum"},{"user_id":4,"id":34,"title":"cumque voluptatibus rerum architecto blanditiis"},{"user_id":4,"id":35,"title":"et impedit nisi quae magni necessitatibus sed aut pariatur"},{"user_id":4,"id":36,"title":"nihil cupiditate voluptate neque"},{"user_id":4,"id":37,"title":"est placeat dicta ut nisi rerum iste"},{"user_id":4,"id":38,"title":"unde a sequi id"},{"user_id":4,"id":39,"title":"ratione porro illum labore eum aperiam sed"},{"user_id":4,"id":40,"title":"voluptas neque et sint aut quo odit"},{"user_id":5,"id":41,"title":"ea voluptates maiores eos accusantium officiis tempore mollitia consequatur"},{"user_id":5,"id":42,"title":"tenetur explicabo ea"},{"user_id":5,"id":43,"title":"aperiam doloremque nihil"},{"user_id":5,"id":44,"title":"sapiente cum numquam officia consequatur vel natus quos suscipit"},{"user_id":5,"id":45,"title":"tenetur quos ea unde est enim corrupti qui"},{"user_id":5,"id":46,"title":"molestiae voluptate non"},{"user_id":5,"id":47,"title":"temporibus molestiae aut"},{"user_id":5,"id":48,"title":"modi consequatur culpa aut quam soluta alias perspiciatis laudantium"},{"user_id":5,"id":49,"title":"ut aut vero repudiandae voluptas ullam voluptas at consequatur"},{"user_id":5,"id":50,"title":"sed qui sed quas sit ducimus dolor"},{"user_id":6,"id":51,"title":"odit laboriosam sint quia cupiditate animi quis"},{"user_id":6,"id":52,"title":"necessitatibus quas et sunt at voluptatem"},{"user_id":6,"id":53,"title":"est vel sequi voluptatem nemo quam molestiae modi enim"},{"user_id":6,"id":54,"title":"aut non illo amet perferendis"},{"user_id":6,"id":55,"title":"qui culpa itaque omnis in nesciunt architecto error"},{"user_id":6,"id":56,"title":"omnis qui maiores tempora officiis omnis rerum sed repellat"},{"user_id":6,"id":57,"title":"libero excepturi voluptatem est architecto quae voluptatum officia tempora"},{"user_id":6,"id":58,"title":"nulla illo consequatur aspernatur veritatis aut error delectus et"},{"user_id":6,"id":59,"title":"eligendi similique provident nihil"},{"user_id":6,"id":60,"title":"omnis mollitia sunt aliquid eum consequatur fugit minus laudantium"},{"user_id":7,"id":61,"title":"delectus iusto et"},{"user_id":7,"id":62,"title":"eos ea non recusandae iste ut quasi"},{"user_id":7,"id":63,"title":"velit est quam"},{"user_id":7,"id":64,"title":"autem voluptatem amet iure quae"},{"user_id":7,"id":65,"title":"voluptates delectus iure iste qui"},{"user_id":7,"id":66,"title":"velit sed quia dolor dolores delectus"},{"user_id":7,"id":67,"title":"ad voluptas nostrum et nihil"},{"user_id":7,"id":68,"title":"qui quasi nihil aut voluptatum sit dolore minima"},{"user_id":7,"id":69,"title":"qui aut est"},{"user_id":7,"id":70,"title":"et deleniti unde"},{"user_id":8,"id":71,"title":"et vel corporis"},{"user_id":8,"id":72,"title":"unde exercitationem ut"},{"user_id":8,"id":73,"title":"quos omnis officia"},{"user_id":8,"id":74,"title":"quia est eius vitae dolor"},{"user_id":8,"id":75,"title":"aut quia expedita non"},{"user_id":8,"id":76,"title":"dolorem magnam facere itaque ut reprehenderit tenetur corrupti"},{"user_id":8,"id":77,"title":"cupiditate sapiente maiores iusto ducimus cum excepturi veritatis quia"},{"user_id":8,"id":78,"title":"est minima eius possimus ea ratione velit et"},{"user_id":8,"id":79,"title":"ipsa quae voluptas natus ut suscipit soluta quia quidem"},{"user_id":8,"id":80,"title":"id nihil reprehenderit"},{"user_id":9,"id":81,"title":"quibusdam sapiente et"},{"user_id":9,"id":82,"title":"recusandae consequatur vel amet unde"},{"user_id":9,"id":83,"title":"aperiam odio fugiat"},{"user_id":9,"id":84,"title":"est et at eos expedita"},{"user_id":9,"id":85,"title":"qui voluptatem consequatur aut ab quis temporibus praesentium"},{"user_id":9,"id":86,"title":"eligendi mollitia alias aspernatur vel ut iusto"},{"user_id":9,"id":87,"title":"aut aut architecto"},{"user_id":9,"id":88,"title":"quas perspiciatis optio"},{"user_id":9,"id":89,"title":"sit optio id voluptatem est eum et"},{"user_id":9,"id":90,"title":"est vel dignissimos"},{"user_id":10,"id":91,"title":"repellendus praesentium debitis officiis"},{"user_id":10,"id":92,"title":"incidunt et et eligendi assumenda soluta quia recusandae"},{"user_id":10,"id":93,"title":"nisi qui dolores perspiciatis"},{"user_id":10,"id":94,"title":"quisquam a dolores et earum vitae"},{"user_id":10,"id":95,"title":"consectetur vel rerum qui aperiam modi eos aspernatur ipsa"},{"user_id":10,"id":96,"title":"unde et ut molestiae est molestias voluptatem sint"},{"user_id":10,"id":97,"title":"est quod aut"},{"user_id":10,"id":98,"title":"omnis quia possimus nesciunt deleniti assumenda sed autem"},{"user_id":10,"id":99,"title":"consectetur ut id impedit dolores sit ad ex aut"},{"user_id":10,"id":100,"title":"enim repellat iste"}]"
21:38:14.949 [ForkJoinPool-1-worker-3] DEBUG org.apache.http.headers - http-outgoing-27 << HTTP/1.1 200 OK
21:38:14.949 [ForkJoinPool-1-worker-3] DEBUG org.apache.http.headers - http-outgoing-27 << Server: Cowboy
21:38:14.949 [ForkJoinPool-1-worker-3] DEBUG org.apache.http.headers - http-outgoing-27 << Connection: keep-alive
21:38:14.949 [ForkJoinPool-1-worker-3] DEBUG org.apache.http.headers - http-outgoing-27 << X-Powered-By: Express
21:38:14.949 [ForkJoinPool-1-worker-3] DEBUG org.apache.http.headers - http-outgoing-27 << Content-Type: application/json; charset=utf-8
21:38:14.949 [ForkJoinPool-1-worker-3] DEBUG org.apache.http.headers - http-outgoing-27 << Content-Length: 7032
21:38:14.949 [ForkJoinPool-1-worker-3] DEBUG org.apache.http.headers - http-outgoing-27 << Etag: W/"1b78-QLaE6RpZ5E8d2hLg+o5PqJk5Zw8"
21:38:14.949 [ForkJoinPool-1-worker-3] DEBUG org.apache.http.headers - http-outgoing-27 << Date: Tue, 15 Sep 2020 02:38:15 GMT
21:38:14.949 [ForkJoinPool-1-worker-3] DEBUG org.apache.http.headers - http-outgoing-27 << Via: 1.1 vegur
21:38:14.949 [ForkJoinPool-1-worker-3] DEBUG org.apache.http.impl.execchain.MainClientExec - Connection can be kept alive indefinitely
21:38:14.949 [ForkJoinPool-1-worker-3] DEBUG org.apache.http.impl.conn.PoolingHttpClientConnectionManager - Connection [id: 27][route: {s}->https://nodejs-qa-training.herokuapp.com:443] can be kept alive indefinitely
21:38:14.949 [ForkJoinPool-1-worker-3] DEBUG org.apache.http.impl.conn.DefaultManagedHttpClientConnection - http-outgoing-27: set socket timeout to 0
21:38:14.949 [ForkJoinPool-1-worker-3] DEBUG org.apache.http.impl.conn.PoolingHttpClientConnectionManager - Connection released: [id: 27][route: {s}->https://nodejs-qa-training.herokuapp.com:443][total available: 1; route allocated: 1 of 5; total allocated: 1 of 10]
21:38:14.949 [ForkJoinPool-1-worker-3] DEBUG com.intuit.karate - response time in milliseconds: 771,31
1 < 200
1 < Connection: keep-alive
1 < Content-Length: 7032
1 < Content-Type: application/json; charset=utf-8
1 < Date: Tue, 15 Sep 2020 02:38:15 GMT
1 < Etag: W/"1b78-QLaE6RpZ5E8d2hLg+o5PqJk5Zw8"
1 < Server: Cowboy
1 < Via: 1.1 vegur
1 < X-Powered-By: Express
[{"user_id":1,"id":1,"title":"quidem molestiae enim"},{"user_id":1,"id":2,"title":"sunt qui excepturi placeat culpa"},{"user_id":1,"id":3,"title":"omnis laborum odio"},{"user_id":1,"id":4,"title":"non esse culpa molestiae omnis sed optio"},{"user_id":1,"id":5,"title":"eaque aut omnis a"},{"user_id":1,"id":6,"title":"natus impedit quibusdam illo est"},{"user_id":1,"id":7,"title":"quibusdam autem aliquid et et quia"},{"user_id":1,"id":8,"title":"qui fuga est a eum"},{"user_id":1,"id":9,"title":"saepe unde necessitatibus rem"},{"user_id":1,"id":10,"title":"distinctio laborum qui"},{"user_id":2,"id":11,"title":"quam nostrum impedit mollitia quod et dolor"},{"user_id":2,"id":12,"title":"consequatur autem doloribus natus consectetur"},{"user_id":2,"id":13,"title":"ab rerum non rerum consequatur ut ea unde"},{"user_id":2,"id":14,"title":"ducimus molestias eos animi atque nihil"},{"user_id":2,"id":15,"title":"ut pariatur rerum ipsum natus repellendus praesentium"},{"user_id":2,"id":16,"title":"voluptatem aut maxime inventore autem magnam atque repellat"},{"user_id":2,"id":17,"title":"aut minima voluptatem ut velit"},{"user_id":2,"id":18,"title":"nesciunt quia et doloremque"},{"user_id":2,"id":19,"title":"velit pariatur quaerat similique libero omnis quia"},{"user_id":2,"id":20,"title":"voluptas rerum iure ut enim"},{"user_id":3,"id":21,"title":"repudiandae voluptatem optio est consequatur rem in temporibus et"},{"user_id":3,"id":22,"title":"et rem non provident vel ut"},{"user_id":3,"id":23,"title":"incidunt quisquam hic adipisci sequi"},{"user_id":3,"id":24,"title":"dolores ut et facere placeat"},{"user_id":3,"id":25,"title":"vero maxime id possimus sunt neque et consequatur"},{"user_id":3,"id":26,"title":"quibusdam saepe ipsa vel harum"},{"user_id":3,"id":27,"title":"id non nostrum expedita"},{"user_id":3,"id":28,"title":"omnis neque exercitationem sed dolor atque maxime aut cum"},{"user_id":3,"id":29,"title":"inventore ut quasi magnam itaque est fugit"},{"user_id":3,"id":30,"title":"tempora assumenda et similique odit distinctio error"},{"user_id":4,"id":31,"title":"adipisci laborum fuga laboriosam"},{"user_id":4,"id":32,"title":"reiciendis dolores a ut qui debitis non quo labore"},{"user_id":4,"id":33,"title":"iste eos nostrum"},{"user_id":4,"id":34,"title":"cumque voluptatibus rerum architecto blanditiis"},{"user_id":4,"id":35,"title":"et impedit nisi quae magni necessitatibus sed aut pariatur"},{"user_id":4,"id":36,"title":"nihil cupiditate voluptate neque"},{"user_id":4,"id":37,"title":"est placeat dicta ut nisi rerum iste"},{"user_id":4,"id":38,"title":"unde a sequi id"},{"user_id":4,"id":39,"title":"ratione porro illum labore eum aperiam sed"},{"user_id":4,"id":40,"title":"voluptas neque et sint aut quo odit"},{"user_id":5,"id":41,"title":"ea voluptates maiores eos accusantium officiis tempore mollitia consequatur"},{"user_id":5,"id":42,"title":"tenetur explicabo ea"},{"user_id":5,"id":43,"title":"aperiam doloremque nihil"},{"user_id":5,"id":44,"title":"sapiente cum numquam officia consequatur vel natus quos suscipit"},{"user_id":5,"id":45,"title":"tenetur quos ea unde est enim corrupti qui"},{"user_id":5,"id":46,"title":"molestiae voluptate non"},{"user_id":5,"id":47,"title":"temporibus molestiae aut"},{"user_id":5,"id":48,"title":"modi consequatur culpa aut quam soluta alias perspiciatis laudantium"},{"user_id":5,"id":49,"title":"ut aut vero repudiandae voluptas ullam voluptas at consequatur"},{"user_id":5,"id":50,"title":"sed qui sed quas sit ducimus dolor"},{"user_id":6,"id":51,"title":"odit laboriosam sint quia cupiditate animi quis"},{"user_id":6,"id":52,"title":"necessitatibus quas et sunt at voluptatem"},{"user_id":6,"id":53,"title":"est vel sequi voluptatem nemo quam molestiae modi enim"},{"user_id":6,"id":54,"title":"aut non illo amet perferendis"},{"user_id":6,"id":55,"title":"qui culpa itaque omnis in nesciunt architecto error"},{"user_id":6,"id":56,"title":"omnis qui maiores tempora officiis omnis rerum sed repellat"},{"user_id":6,"id":57,"title":"libero excepturi voluptatem est architecto quae voluptatum officia tempora"},{"user_id":6,"id":58,"title":"nulla illo consequatur aspernatur veritatis aut error delectus et"},{"user_id":6,"id":59,"title":"eligendi similique provident nihil"},{"user_id":6,"id":60,"title":"omnis mollitia sunt aliquid eum consequatur fugit minus laudantium"},{"user_id":7,"id":61,"title":"delectus iusto et"},{"user_id":7,"id":62,"title":"eos ea non recusandae iste ut quasi"},{"user_id":7,"id":63,"title":"velit est quam"},{"user_id":7,"id":64,"title":"autem voluptatem amet iure quae"},{"user_id":7,"id":65,"title":"voluptates delectus iure iste qui"},{"user_id":7,"id":66,"title":"velit sed quia dolor dolores delectus"},{"user_id":7,"id":67,"title":"ad voluptas nostrum et nihil"},{"user_id":7,"id":68,"title":"qui quasi nihil aut voluptatum sit dolore minima"},{"user_id":7,"id":69,"title":"qui aut est"},{"user_id":7,"id":70,"title":"et deleniti unde"},{"user_id":8,"id":71,"title":"et vel corporis"},{"user_id":8,"id":72,"title":"unde exercitationem ut"},{"user_id":8,"id":73,"title":"quos omnis officia"},{"user_id":8,"id":74,"title":"quia est eius vitae dolor"},{"user_id":8,"id":75,"title":"aut quia expedita non"},{"user_id":8,"id":76,"title":"dolorem magnam facere itaque ut reprehenderit tenetur corrupti"},{"user_id":8,"id":77,"title":"cupiditate sapiente maiores iusto ducimus cum excepturi veritatis quia"},{"user_id":8,"id":78,"title":"est minima eius possimus ea ratione velit et"},{"user_id":8,"id":79,"title":"ipsa quae voluptas natus ut suscipit soluta quia quidem"},{"user_id":8,"id":80,"title":"id nihil reprehenderit"},{"user_id":9,"id":81,"title":"quibusdam sapiente et"},{"user_id":9,"id":82,"title":"recusandae consequatur vel amet unde"},{"user_id":9,"id":83,"title":"aperiam odio fugiat"},{"user_id":9,"id":84,"title":"est et at eos expedita"},{"user_id":9,"id":85,"title":"qui voluptatem consequatur aut ab quis temporibus praesentium"},{"user_id":9,"id":86,"title":"eligendi mollitia alias aspernatur vel ut iusto"},{"user_id":9,"id":87,"title":"aut aut architecto"},{"user_id":9,"id":88,"title":"quas perspiciatis optio"},{"user_id":9,"id":89,"title":"sit optio id voluptatem est eum et"},{"user_id":9,"id":90,"title":"est vel dignissimos"},{"user_id":10,"id":91,"title":"repellendus praesentium debitis officiis"},{"user_id":10,"id":92,"title":"incidunt et et eligendi assumenda soluta quia recusandae"},{"user_id":10,"id":93,"title":"nisi qui dolores perspiciatis"},{"user_id":10,"id":94,"title":"quisquam a dolores et earum vitae"},{"user_id":10,"id":95,"title":"consectetur vel rerum qui aperiam modi eos aspernatur ipsa"},{"user_id":10,"id":96,"title":"unde et ut molestiae est molestias voluptatem sint"},{"user_id":10,"id":97,"title":"est quod aut"},{"user_id":10,"id":98,"title":"omnis quia possimus nesciunt deleniti assumenda sed autem"},{"user_id":10,"id":99,"title":"consectetur ut id impedit dolores sit ad ex aut"},{"user_id":10,"id":100,"title":"enim repellat iste"}]

21:38:14.949 [ForkJoinPool-1-worker-3] DEBUG com.jayway.jsonpath.internal.path.CompiledPath - Evaluating path: $
21:38:14.949 [ForkJoinPool-1-worker-3] DEBUG com.jayway.jsonpath.internal.path.CompiledPath - Evaluating path: $
21:38:14.949 [ForkJoinPool-1-worker-3] DEBUG com.jayway.jsonpath.internal.path.CompiledPath - Evaluating path: $
21:38:14.964 [ForkJoinPool-1-worker-3] WARN com.intuit.karate - skipping bootstrap configuration: could not find or read file: classpath:karate-config.js
21:38:14.964 [pool-1-thread-3] INFO com.intuit.karate.Runner - <<pass>> feature 4 of 8: src/test/resources/feature/listar_albumes.feature
---------------------------------------------------------
feature: src/test/resources/feature/listar_albumes.feature
report: target\reporte\src.test.resources.feature.listar_albumes.json
scenarios:  3 | passed:  3 | failed:  0 | time: 4,9145
---------------------------------------------------------
21:38:14.964 [ForkJoinPool-1-worker-3] INFO com.intuit.karate - scenario called at line: 27 by tag: @ExitosoRegular
21:38:14.964 [ForkJoinPool-1-worker-3] DEBUG com.jayway.jsonpath.internal.path.CompiledPath - Evaluating path: $
21:38:14.980 [ForkJoinPool-1-worker-3] DEBUG org.apache.http.client.protocol.RequestAddCookies - CookieSpec selected: karate
21:38:14.980 [ForkJoinPool-1-worker-3] DEBUG org.apache.http.client.protocol.RequestAuthCache - Auth cache not set in the context
21:38:14.980 [ForkJoinPool-1-worker-3] DEBUG com.intuit.karate - request:
1 > POST https://nodejs-qa-training.herokuapp.com/users/sessions/
1 > Accept-Encoding: gzip,deflate
1 > Connection: Keep-Alive
1 > Content-Length: 56
1 > Content-Type: application/json; charset=UTF-8
1 > Host: nodejs-qa-training.herokuapp.com
1 > User-Agent: Apache-HttpClient/4.5.11 (Java/1.8.0_171)
{"email":"hernan00@wolox.com.ar","password":"Hernan123"}

21:38:14.980 [ForkJoinPool-1-worker-3] DEBUG org.apache.http.impl.conn.PoolingHttpClientConnectionManager - Connection request: [route: {s}->https://nodejs-qa-training.herokuapp.com:443][total available: 0; route allocated: 0 of 5; total allocated: 0 of 10]
21:38:14.980 [ForkJoinPool-1-worker-3] DEBUG org.apache.http.impl.conn.PoolingHttpClientConnectionManager - Connection leased: [id: 31][route: {s}->https://nodejs-qa-training.herokuapp.com:443][total available: 0; route allocated: 1 of 5; total allocated: 1 of 10]
21:38:14.980 [ForkJoinPool-1-worker-3] DEBUG org.apache.http.impl.execchain.MainClientExec - Opening connection {s}->https://nodejs-qa-training.herokuapp.com:443
21:38:14.980 [ForkJoinPool-1-worker-3] DEBUG org.apache.http.impl.conn.DefaultHttpClientConnectionOperator - Connecting to nodejs-qa-training.herokuapp.com/52.20.101.119:443
21:38:14.980 [ForkJoinPool-1-worker-3] DEBUG org.apache.http.conn.ssl.SSLConnectionSocketFactory - Connecting socket to nodejs-qa-training.herokuapp.com/52.20.101.119:443 with timeout 30000
21:38:14.996 [ForkJoinPool-1-worker-1] DEBUG org.apache.http.wire - http-outgoing-29 << "HTTP/1.1 200 OK[\r][\n]"
21:38:14.996 [ForkJoinPool-1-worker-1] DEBUG org.apache.http.wire - http-outgoing-29 << "Server: Cowboy[\r][\n]"
21:38:14.996 [ForkJoinPool-1-worker-1] DEBUG org.apache.http.wire - http-outgoing-29 << "Connection: keep-alive[\r][\n]"
21:38:14.996 [ForkJoinPool-1-worker-1] DEBUG org.apache.http.wire - http-outgoing-29 << "X-Powered-By: Express[\r][\n]"
21:38:14.996 [ForkJoinPool-1-worker-1] DEBUG org.apache.http.wire - http-outgoing-29 << "Content-Type: application/json; charset=utf-8[\r][\n]"
21:38:14.996 [ForkJoinPool-1-worker-1] DEBUG org.apache.http.wire - http-outgoing-29 << "Content-Length: 1066[\r][\n]"
21:38:14.996 [ForkJoinPool-1-worker-1] DEBUG org.apache.http.wire - http-outgoing-29 << "Etag: W/"42a-uh0P4hR7oXBZOT8dnfCGelVBF7Q"[\r][\n]"
21:38:14.996 [ForkJoinPool-1-worker-1] DEBUG org.apache.http.wire - http-outgoing-29 << "Date: Tue, 15 Sep 2020 02:38:15 GMT[\r][\n]"
21:38:14.996 [ForkJoinPool-1-worker-1] DEBUG org.apache.http.wire - http-outgoing-29 << "Via: 1.1 vegur[\r][\n]"
21:38:14.996 [ForkJoinPool-1-worker-1] DEBUG org.apache.http.wire - http-outgoing-29 << "[\r][\n]"
21:38:14.996 [ForkJoinPool-1-worker-1] DEBUG org.apache.http.wire - http-outgoing-29 << "{"total_count":39,"count":10,"total_pages":4,"limit":10,"offset":0,"current_page":1,"page":[{"first_name":"Hernan","last_name":"Garcia98","email":"hernan003@wolox.com.ar","role":"regular"},{"first_name":"Hernan","last_name":"Garcia","email":"hernan000@wolox.com.ar","role":"regular"},{"first_name":"Hernan","last_name":"Garcia","email":"h6@wolox.com.ar","role":"regular"},{"first_name":"regular","last_name":"regular","email":"regular@wolox.com.ar","role":"regular"},{"first_name":"Jose Antonio","last_name":"Bermudez","email":"jose.beruda@wolox.com.ar","role":"regular"},{"first_name":"Juan","last_name":"Perez","email":"jperez@wolox.com.ar","role":"regular"},{"first_name":"Hernan","last_name":"Garcia","email":"h7@wolox.com.ar","role":"regular"},{"first_name":"Hernan01","last_name":"Garcia","email":"hernan0x2@wolox.com.ar","role":"regular"},{"first_name":"Juan","last_name":"Per2ez","email":"jperwez@wolox.com.ar","role":"regular"},{"first_name":"Ju4an","last_name":"Per2ez","email":"jperwetz@wolox.com.ar","role":"regular"}],"previous_page":null,"next_page":2}"
21:38:14.996 [ForkJoinPool-1-worker-1] DEBUG org.apache.http.headers - http-outgoing-29 << HTTP/1.1 200 OK
21:38:14.996 [ForkJoinPool-1-worker-1] DEBUG org.apache.http.headers - http-outgoing-29 << Server: Cowboy
21:38:14.996 [ForkJoinPool-1-worker-1] DEBUG org.apache.http.headers - http-outgoing-29 << Connection: keep-alive
21:38:14.996 [ForkJoinPool-1-worker-1] DEBUG org.apache.http.headers - http-outgoing-29 << X-Powered-By: Express
21:38:14.996 [ForkJoinPool-1-worker-1] DEBUG org.apache.http.headers - http-outgoing-29 << Content-Type: application/json; charset=utf-8
21:38:14.996 [ForkJoinPool-1-worker-1] DEBUG org.apache.http.headers - http-outgoing-29 << Content-Length: 1066
21:38:14.996 [ForkJoinPool-1-worker-1] DEBUG org.apache.http.headers - http-outgoing-29 << Etag: W/"42a-uh0P4hR7oXBZOT8dnfCGelVBF7Q"
21:38:14.996 [ForkJoinPool-1-worker-1] DEBUG org.apache.http.headers - http-outgoing-29 << Date: Tue, 15 Sep 2020 02:38:15 GMT
21:38:14.996 [ForkJoinPool-1-worker-1] DEBUG org.apache.http.headers - http-outgoing-29 << Via: 1.1 vegur
21:38:14.996 [ForkJoinPool-1-worker-1] DEBUG org.apache.http.impl.execchain.MainClientExec - Connection can be kept alive indefinitely
21:38:14.996 [ForkJoinPool-1-worker-1] DEBUG org.apache.http.impl.conn.PoolingHttpClientConnectionManager - Connection [id: 29][route: {s}->https://nodejs-qa-training.herokuapp.com:443] can be kept alive indefinitely
21:38:14.996 [ForkJoinPool-1-worker-1] DEBUG org.apache.http.impl.conn.DefaultManagedHttpClientConnection - http-outgoing-29: set socket timeout to 0
21:38:14.996 [ForkJoinPool-1-worker-1] DEBUG org.apache.http.impl.conn.PoolingHttpClientConnectionManager - Connection released: [id: 29][route: {s}->https://nodejs-qa-training.herokuapp.com:443][total available: 1; route allocated: 1 of 5; total allocated: 1 of 10]
21:38:14.996 [ForkJoinPool-1-worker-1] DEBUG com.intuit.karate - response time in milliseconds: 599,82
1 < 200
1 < Connection: keep-alive
1 < Content-Length: 1066
1 < Content-Type: application/json; charset=utf-8
1 < Date: Tue, 15 Sep 2020 02:38:15 GMT
1 < Etag: W/"42a-uh0P4hR7oXBZOT8dnfCGelVBF7Q"
1 < Server: Cowboy
1 < Via: 1.1 vegur
1 < X-Powered-By: Express
{"total_count":39,"count":10,"total_pages":4,"limit":10,"offset":0,"current_page":1,"page":[{"first_name":"Hernan","last_name":"Garcia98","email":"hernan003@wolox.com.ar","role":"regular"},{"first_name":"Hernan","last_name":"Garcia","email":"hernan000@wolox.com.ar","role":"regular"},{"first_name":"Hernan","last_name":"Garcia","email":"h6@wolox.com.ar","role":"regular"},{"first_name":"regular","last_name":"regular","email":"regular@wolox.com.ar","role":"regular"},{"first_name":"Jose Antonio","last_name":"Bermudez","email":"jose.beruda@wolox.com.ar","role":"regular"},{"first_name":"Juan","last_name":"Perez","email":"jperez@wolox.com.ar","role":"regular"},{"first_name":"Hernan","last_name":"Garcia","email":"h7@wolox.com.ar","role":"regular"},{"first_name":"Hernan01","last_name":"Garcia","email":"hernan0x2@wolox.com.ar","role":"regular"},{"first_name":"Juan","last_name":"Per2ez","email":"jperwez@wolox.com.ar","role":"regular"},{"first_name":"Ju4an","last_name":"Per2ez","email":"jperwetz@wolox.com.ar","role":"regular"}],"previous_page":null,"next_page":2}

21:38:15.011 [ForkJoinPool-1-worker-1] DEBUG com.jayway.jsonpath.internal.path.CompiledPath - Evaluating path: $
21:38:15.011 [ForkJoinPool-1-worker-1] DEBUG com.jayway.jsonpath.internal.path.CompiledPath - Evaluating path: $
21:38:15.011 [ForkJoinPool-1-worker-2] DEBUG org.apache.http.conn.ssl.SSLConnectionSocketFactory - Enabled protocols: [TLSv1, TLSv1.1, TLSv1.2]
21:38:15.011 [ForkJoinPool-1-worker-2] DEBUG org.apache.http.conn.ssl.SSLConnectionSocketFactory - Enabled cipher suites:[TLS_ECDHE_ECDSA_WITH_AES_256_CBC_SHA384, TLS_ECDHE_RSA_WITH_AES_256_CBC_SHA384, TLS_RSA_WITH_AES_256_CBC_SHA256, TLS_ECDH_ECDSA_WITH_AES_256_CBC_SHA384, TLS_ECDH_RSA_WITH_AES_256_CBC_SHA384, TLS_DHE_RSA_WITH_AES_256_CBC_SHA256, TLS_DHE_DSS_WITH_AES_256_CBC_SHA256, TLS_ECDHE_ECDSA_WITH_AES_256_CBC_SHA, TLS_ECDHE_RSA_WITH_AES_256_CBC_SHA, TLS_RSA_WITH_AES_256_CBC_SHA, TLS_ECDH_ECDSA_WITH_AES_256_CBC_SHA, TLS_ECDH_RSA_WITH_AES_256_CBC_SHA, TLS_DHE_RSA_WITH_AES_256_CBC_SHA, TLS_DHE_DSS_WITH_AES_256_CBC_SHA, TLS_ECDHE_ECDSA_WITH_AES_128_CBC_SHA256, TLS_ECDHE_RSA_WITH_AES_128_CBC_SHA256, TLS_RSA_WITH_AES_128_CBC_SHA256, TLS_ECDH_ECDSA_WITH_AES_128_CBC_SHA256, TLS_ECDH_RSA_WITH_AES_128_CBC_SHA256, TLS_DHE_RSA_WITH_AES_128_CBC_SHA256, TLS_DHE_DSS_WITH_AES_128_CBC_SHA256, TLS_ECDHE_ECDSA_WITH_AES_128_CBC_SHA, TLS_ECDHE_RSA_WITH_AES_128_CBC_SHA, TLS_RSA_WITH_AES_128_CBC_SHA, TLS_ECDH_ECDSA_WITH_AES_128_CBC_SHA, TLS_ECDH_RSA_WITH_AES_128_CBC_SHA, TLS_DHE_RSA_WITH_AES_128_CBC_SHA, TLS_DHE_DSS_WITH_AES_128_CBC_SHA, TLS_ECDHE_ECDSA_WITH_AES_256_GCM_SHA384, TLS_ECDHE_ECDSA_WITH_AES_128_GCM_SHA256, TLS_ECDHE_RSA_WITH_AES_256_GCM_SHA384, TLS_RSA_WITH_AES_256_GCM_SHA384, TLS_ECDH_ECDSA_WITH_AES_256_GCM_SHA384, TLS_ECDH_RSA_WITH_AES_256_GCM_SHA384, TLS_DHE_RSA_WITH_AES_256_GCM_SHA384, TLS_DHE_DSS_WITH_AES_256_GCM_SHA384, TLS_ECDHE_RSA_WITH_AES_128_GCM_SHA256, TLS_RSA_WITH_AES_128_GCM_SHA256, TLS_ECDH_ECDSA_WITH_AES_128_GCM_SHA256, TLS_ECDH_RSA_WITH_AES_128_GCM_SHA256, TLS_DHE_RSA_WITH_AES_128_GCM_SHA256, TLS_DHE_DSS_WITH_AES_128_GCM_SHA256, TLS_EMPTY_RENEGOTIATION_INFO_SCSV]
21:38:15.011 [ForkJoinPool-1-worker-2] DEBUG org.apache.http.conn.ssl.SSLConnectionSocketFactory - Starting handshake
21:38:15.011 [ForkJoinPool-1-worker-1] DEBUG com.jayway.jsonpath.internal.path.CompiledPath - Evaluating path: $['page']
21:38:15.027 [ForkJoinPool-1-worker-1] DEBUG com.jayway.jsonpath.internal.path.CompiledPath - Evaluating path: $
21:38:15.027 [ForkJoinPool-1-worker-1] DEBUG com.jayway.jsonpath.internal.path.CompiledPath - Evaluating path: $
21:38:15.027 [ForkJoinPool-1-worker-1] DEBUG com.jayway.jsonpath.internal.path.CompiledPath - Evaluating path: $
21:38:15.042 [ForkJoinPool-1-worker-1] WARN com.intuit.karate - skipping bootstrap configuration: could not find or read file: classpath:karate-config.js
21:38:15.042 [ForkJoinPool-1-worker-1] INFO com.intuit.karate - scenario called at line: 12 by tag: @ExitosoRegular
21:38:15.058 [ForkJoinPool-1-worker-1] INFO com.intuit.karate - scenario called at line: 27 by tag: @ExitosoRegular
21:38:15.058 [ForkJoinPool-1-worker-1] DEBUG com.jayway.jsonpath.internal.path.CompiledPath - Evaluating path: $
21:38:15.058 [ForkJoinPool-1-worker-1] DEBUG org.apache.http.client.protocol.RequestAddCookies - CookieSpec selected: karate
21:38:15.058 [ForkJoinPool-1-worker-1] DEBUG org.apache.http.client.protocol.RequestAuthCache - Auth cache not set in the context
21:38:15.058 [ForkJoinPool-1-worker-1] DEBUG com.intuit.karate - request:
1 > POST https://nodejs-qa-training.herokuapp.com/users/sessions/
1 > Accept-Encoding: gzip,deflate
1 > Connection: Keep-Alive
1 > Content-Length: 56
1 > Content-Type: application/json; charset=UTF-8
1 > Host: nodejs-qa-training.herokuapp.com
1 > User-Agent: Apache-HttpClient/4.5.11 (Java/1.8.0_171)
{"email":"hernan00@wolox.com.ar","password":"Hernan123"}

21:38:15.058 [ForkJoinPool-1-worker-1] DEBUG org.apache.http.impl.conn.PoolingHttpClientConnectionManager - Connection request: [route: {s}->https://nodejs-qa-training.herokuapp.com:443][total available: 0; route allocated: 0 of 5; total allocated: 0 of 10]
21:38:15.058 [ForkJoinPool-1-worker-1] DEBUG org.apache.http.impl.conn.PoolingHttpClientConnectionManager - Connection leased: [id: 32][route: {s}->https://nodejs-qa-training.herokuapp.com:443][total available: 0; route allocated: 1 of 5; total allocated: 1 of 10]
21:38:15.058 [ForkJoinPool-1-worker-1] DEBUG org.apache.http.impl.execchain.MainClientExec - Opening connection {s}->https://nodejs-qa-training.herokuapp.com:443
21:38:15.058 [ForkJoinPool-1-worker-1] DEBUG org.apache.http.impl.conn.DefaultHttpClientConnectionOperator - Connecting to nodejs-qa-training.herokuapp.com/52.20.101.119:443
21:38:15.058 [ForkJoinPool-1-worker-1] DEBUG org.apache.http.conn.ssl.SSLConnectionSocketFactory - Connecting socket to nodejs-qa-training.herokuapp.com/52.20.101.119:443 with timeout 30000
21:38:15.074 [ForkJoinPool-1-worker-3] DEBUG org.apache.http.conn.ssl.SSLConnectionSocketFactory - Enabled protocols: [TLSv1, TLSv1.1, TLSv1.2]
21:38:15.074 [ForkJoinPool-1-worker-3] DEBUG org.apache.http.conn.ssl.SSLConnectionSocketFactory - Enabled cipher suites:[TLS_ECDHE_ECDSA_WITH_AES_256_CBC_SHA384, TLS_ECDHE_RSA_WITH_AES_256_CBC_SHA384, TLS_RSA_WITH_AES_256_CBC_SHA256, TLS_ECDH_ECDSA_WITH_AES_256_CBC_SHA384, TLS_ECDH_RSA_WITH_AES_256_CBC_SHA384, TLS_DHE_RSA_WITH_AES_256_CBC_SHA256, TLS_DHE_DSS_WITH_AES_256_CBC_SHA256, TLS_ECDHE_ECDSA_WITH_AES_256_CBC_SHA, TLS_ECDHE_RSA_WITH_AES_256_CBC_SHA, TLS_RSA_WITH_AES_256_CBC_SHA, TLS_ECDH_ECDSA_WITH_AES_256_CBC_SHA, TLS_ECDH_RSA_WITH_AES_256_CBC_SHA, TLS_DHE_RSA_WITH_AES_256_CBC_SHA, TLS_DHE_DSS_WITH_AES_256_CBC_SHA, TLS_ECDHE_ECDSA_WITH_AES_128_CBC_SHA256, TLS_ECDHE_RSA_WITH_AES_128_CBC_SHA256, TLS_RSA_WITH_AES_128_CBC_SHA256, TLS_ECDH_ECDSA_WITH_AES_128_CBC_SHA256, TLS_ECDH_RSA_WITH_AES_128_CBC_SHA256, TLS_DHE_RSA_WITH_AES_128_CBC_SHA256, TLS_DHE_DSS_WITH_AES_128_CBC_SHA256, TLS_ECDHE_ECDSA_WITH_AES_128_CBC_SHA, TLS_ECDHE_RSA_WITH_AES_128_CBC_SHA, TLS_RSA_WITH_AES_128_CBC_SHA, TLS_ECDH_ECDSA_WITH_AES_128_CBC_SHA, TLS_ECDH_RSA_WITH_AES_128_CBC_SHA, TLS_DHE_RSA_WITH_AES_128_CBC_SHA, TLS_DHE_DSS_WITH_AES_128_CBC_SHA, TLS_ECDHE_ECDSA_WITH_AES_256_GCM_SHA384, TLS_ECDHE_ECDSA_WITH_AES_128_GCM_SHA256, TLS_ECDHE_RSA_WITH_AES_256_GCM_SHA384, TLS_RSA_WITH_AES_256_GCM_SHA384, TLS_ECDH_ECDSA_WITH_AES_256_GCM_SHA384, TLS_ECDH_RSA_WITH_AES_256_GCM_SHA384, TLS_DHE_RSA_WITH_AES_256_GCM_SHA384, TLS_DHE_DSS_WITH_AES_256_GCM_SHA384, TLS_ECDHE_RSA_WITH_AES_128_GCM_SHA256, TLS_RSA_WITH_AES_128_GCM_SHA256, TLS_ECDH_ECDSA_WITH_AES_128_GCM_SHA256, TLS_ECDH_RSA_WITH_AES_128_GCM_SHA256, TLS_DHE_RSA_WITH_AES_128_GCM_SHA256, TLS_DHE_DSS_WITH_AES_128_GCM_SHA256, TLS_EMPTY_RENEGOTIATION_INFO_SCSV]
21:38:15.074 [ForkJoinPool-1-worker-3] DEBUG org.apache.http.conn.ssl.SSLConnectionSocketFactory - Starting handshake
21:38:15.186 [ForkJoinPool-1-worker-1] DEBUG org.apache.http.conn.ssl.SSLConnectionSocketFactory - Enabled protocols: [TLSv1, TLSv1.1, TLSv1.2]
21:38:15.187 [ForkJoinPool-1-worker-1] DEBUG org.apache.http.conn.ssl.SSLConnectionSocketFactory - Enabled cipher suites:[TLS_ECDHE_ECDSA_WITH_AES_256_CBC_SHA384, TLS_ECDHE_RSA_WITH_AES_256_CBC_SHA384, TLS_RSA_WITH_AES_256_CBC_SHA256, TLS_ECDH_ECDSA_WITH_AES_256_CBC_SHA384, TLS_ECDH_RSA_WITH_AES_256_CBC_SHA384, TLS_DHE_RSA_WITH_AES_256_CBC_SHA256, TLS_DHE_DSS_WITH_AES_256_CBC_SHA256, TLS_ECDHE_ECDSA_WITH_AES_256_CBC_SHA, TLS_ECDHE_RSA_WITH_AES_256_CBC_SHA, TLS_RSA_WITH_AES_256_CBC_SHA, TLS_ECDH_ECDSA_WITH_AES_256_CBC_SHA, TLS_ECDH_RSA_WITH_AES_256_CBC_SHA, TLS_DHE_RSA_WITH_AES_256_CBC_SHA, TLS_DHE_DSS_WITH_AES_256_CBC_SHA, TLS_ECDHE_ECDSA_WITH_AES_128_CBC_SHA256, TLS_ECDHE_RSA_WITH_AES_128_CBC_SHA256, TLS_RSA_WITH_AES_128_CBC_SHA256, TLS_ECDH_ECDSA_WITH_AES_128_CBC_SHA256, TLS_ECDH_RSA_WITH_AES_128_CBC_SHA256, TLS_DHE_RSA_WITH_AES_128_CBC_SHA256, TLS_DHE_DSS_WITH_AES_128_CBC_SHA256, TLS_ECDHE_ECDSA_WITH_AES_128_CBC_SHA, TLS_ECDHE_RSA_WITH_AES_128_CBC_SHA, TLS_RSA_WITH_AES_128_CBC_SHA, TLS_ECDH_ECDSA_WITH_AES_128_CBC_SHA, TLS_ECDH_RSA_WITH_AES_128_CBC_SHA, TLS_DHE_RSA_WITH_AES_128_CBC_SHA, TLS_DHE_DSS_WITH_AES_128_CBC_SHA, TLS_ECDHE_ECDSA_WITH_AES_256_GCM_SHA384, TLS_ECDHE_ECDSA_WITH_AES_128_GCM_SHA256, TLS_ECDHE_RSA_WITH_AES_256_GCM_SHA384, TLS_RSA_WITH_AES_256_GCM_SHA384, TLS_ECDH_ECDSA_WITH_AES_256_GCM_SHA384, TLS_ECDH_RSA_WITH_AES_256_GCM_SHA384, TLS_DHE_RSA_WITH_AES_256_GCM_SHA384, TLS_DHE_DSS_WITH_AES_256_GCM_SHA384, TLS_ECDHE_RSA_WITH_AES_128_GCM_SHA256, TLS_RSA_WITH_AES_128_GCM_SHA256, TLS_ECDH_ECDSA_WITH_AES_128_GCM_SHA256, TLS_ECDH_RSA_WITH_AES_128_GCM_SHA256, TLS_DHE_RSA_WITH_AES_128_GCM_SHA256, TLS_DHE_DSS_WITH_AES_128_GCM_SHA256, TLS_EMPTY_RENEGOTIATION_INFO_SCSV]
21:38:15.187 [ForkJoinPool-1-worker-1] DEBUG org.apache.http.conn.ssl.SSLConnectionSocketFactory - Starting handshake
21:38:15.279 [ForkJoinPool-1-worker-2] DEBUG org.apache.http.conn.ssl.SSLConnectionSocketFactory - Secure session established
21:38:15.280 [ForkJoinPool-1-worker-2] DEBUG org.apache.http.conn.ssl.SSLConnectionSocketFactory -  negotiated protocol: TLSv1.2
21:38:15.280 [ForkJoinPool-1-worker-2] DEBUG org.apache.http.conn.ssl.SSLConnectionSocketFactory -  negotiated cipher suite: TLS_ECDHE_RSA_WITH_AES_128_GCM_SHA256
21:38:15.280 [ForkJoinPool-1-worker-2] DEBUG org.apache.http.conn.ssl.SSLConnectionSocketFactory -  peer principal: CN=*.herokuapp.com, O="Heroku, Inc.", L=San Francisco, ST=California, C=US
21:38:15.280 [ForkJoinPool-1-worker-2] DEBUG org.apache.http.conn.ssl.SSLConnectionSocketFactory -  peer alternative names: [*.herokuapp.com, herokuapp.com]
21:38:15.280 [ForkJoinPool-1-worker-2] DEBUG org.apache.http.conn.ssl.SSLConnectionSocketFactory -  issuer principal: CN=DigiCert SHA2 High Assurance Server CA, OU=www.digicert.com, O=DigiCert Inc, C=US
21:38:15.281 [ForkJoinPool-1-worker-2] DEBUG org.apache.http.impl.conn.DefaultHttpClientConnectionOperator - Connection established 192.168.1.7:51371<->52.20.101.119:443
21:38:15.281 [ForkJoinPool-1-worker-2] DEBUG org.apache.http.impl.conn.DefaultManagedHttpClientConnection - http-outgoing-30: set socket timeout to 30000
21:38:15.281 [ForkJoinPool-1-worker-2] DEBUG org.apache.http.impl.execchain.MainClientExec - Executing request POST /users/sessions/ HTTP/1.1
21:38:15.281 [ForkJoinPool-1-worker-2] DEBUG org.apache.http.impl.execchain.MainClientExec - Target auth state: UNCHALLENGED
21:38:15.281 [ForkJoinPool-1-worker-2] DEBUG org.apache.http.impl.execchain.MainClientExec - Proxy auth state: UNCHALLENGED
21:38:15.282 [ForkJoinPool-1-worker-2] DEBUG org.apache.http.headers - http-outgoing-30 >> POST /users/sessions/ HTTP/1.1
21:38:15.282 [ForkJoinPool-1-worker-2] DEBUG org.apache.http.headers - http-outgoing-30 >> Content-Type: application/json; charset=UTF-8
21:38:15.282 [ForkJoinPool-1-worker-2] DEBUG org.apache.http.headers - http-outgoing-30 >> Content-Length: 62
21:38:15.282 [ForkJoinPool-1-worker-2] DEBUG org.apache.http.headers - http-outgoing-30 >> Host: nodejs-qa-training.herokuapp.com
21:38:15.282 [ForkJoinPool-1-worker-2] DEBUG org.apache.http.headers - http-outgoing-30 >> Connection: Keep-Alive
21:38:15.282 [ForkJoinPool-1-worker-2] DEBUG org.apache.http.headers - http-outgoing-30 >> User-Agent: Apache-HttpClient/4.5.11 (Java/1.8.0_171)
21:38:15.282 [ForkJoinPool-1-worker-2] DEBUG org.apache.http.headers - http-outgoing-30 >> Accept-Encoding: gzip,deflate
21:38:15.282 [ForkJoinPool-1-worker-2] DEBUG org.apache.http.wire - http-outgoing-30 >> "POST /users/sessions/ HTTP/1.1[\r][\n]"
21:38:15.282 [ForkJoinPool-1-worker-2] DEBUG org.apache.http.wire - http-outgoing-30 >> "Content-Type: application/json; charset=UTF-8[\r][\n]"
21:38:15.283 [ForkJoinPool-1-worker-2] DEBUG org.apache.http.wire - http-outgoing-30 >> "Content-Length: 62[\r][\n]"
21:38:15.283 [ForkJoinPool-1-worker-2] DEBUG org.apache.http.wire - http-outgoing-30 >> "Host: nodejs-qa-training.herokuapp.com[\r][\n]"
21:38:15.283 [ForkJoinPool-1-worker-2] DEBUG org.apache.http.wire - http-outgoing-30 >> "Connection: Keep-Alive[\r][\n]"
21:38:15.283 [ForkJoinPool-1-worker-2] DEBUG org.apache.http.wire - http-outgoing-30 >> "User-Agent: Apache-HttpClient/4.5.11 (Java/1.8.0_171)[\r][\n]"
21:38:15.283 [ForkJoinPool-1-worker-2] DEBUG org.apache.http.wire - http-outgoing-30 >> "Accept-Encoding: gzip,deflate[\r][\n]"
21:38:15.283 [ForkJoinPool-1-worker-2] DEBUG org.apache.http.wire - http-outgoing-30 >> "[\r][\n]"
21:38:15.283 [ForkJoinPool-1-worker-2] DEBUG org.apache.http.wire - http-outgoing-30 >> "{"email":"admin@wolox.com.ar","password":"candidatoWolox2020"}"
21:38:15.393 [ForkJoinPool-1-worker-3] DEBUG org.apache.http.conn.ssl.SSLConnectionSocketFactory - Secure session established
21:38:15.393 [ForkJoinPool-1-worker-3] DEBUG org.apache.http.conn.ssl.SSLConnectionSocketFactory -  negotiated protocol: TLSv1.2
21:38:15.393 [ForkJoinPool-1-worker-3] DEBUG org.apache.http.conn.ssl.SSLConnectionSocketFactory -  negotiated cipher suite: TLS_ECDHE_RSA_WITH_AES_128_GCM_SHA256
21:38:15.393 [ForkJoinPool-1-worker-3] DEBUG org.apache.http.conn.ssl.SSLConnectionSocketFactory -  peer principal: CN=*.herokuapp.com, O="Heroku, Inc.", L=San Francisco, ST=California, C=US
21:38:15.393 [ForkJoinPool-1-worker-3] DEBUG org.apache.http.conn.ssl.SSLConnectionSocketFactory -  peer alternative names: [*.herokuapp.com, herokuapp.com]
21:38:15.393 [ForkJoinPool-1-worker-3] DEBUG org.apache.http.conn.ssl.SSLConnectionSocketFactory -  issuer principal: CN=DigiCert SHA2 High Assurance Server CA, OU=www.digicert.com, O=DigiCert Inc, C=US
21:38:15.393 [ForkJoinPool-1-worker-3] DEBUG org.apache.http.impl.conn.DefaultHttpClientConnectionOperator - Connection established 192.168.1.7:51372<->52.20.101.119:443
21:38:15.394 [ForkJoinPool-1-worker-3] DEBUG org.apache.http.impl.conn.DefaultManagedHttpClientConnection - http-outgoing-31: set socket timeout to 30000
21:38:15.394 [ForkJoinPool-1-worker-3] DEBUG org.apache.http.impl.execchain.MainClientExec - Executing request POST /users/sessions/ HTTP/1.1
21:38:15.394 [ForkJoinPool-1-worker-3] DEBUG org.apache.http.impl.execchain.MainClientExec - Target auth state: UNCHALLENGED
21:38:15.394 [ForkJoinPool-1-worker-3] DEBUG org.apache.http.impl.execchain.MainClientExec - Proxy auth state: UNCHALLENGED
21:38:15.394 [ForkJoinPool-1-worker-3] DEBUG org.apache.http.headers - http-outgoing-31 >> POST /users/sessions/ HTTP/1.1
21:38:15.394 [ForkJoinPool-1-worker-3] DEBUG org.apache.http.headers - http-outgoing-31 >> Content-Type: application/json; charset=UTF-8
21:38:15.394 [ForkJoinPool-1-worker-3] DEBUG org.apache.http.headers - http-outgoing-31 >> Content-Length: 56
21:38:15.394 [ForkJoinPool-1-worker-3] DEBUG org.apache.http.headers - http-outgoing-31 >> Host: nodejs-qa-training.herokuapp.com
21:38:15.394 [ForkJoinPool-1-worker-3] DEBUG org.apache.http.headers - http-outgoing-31 >> Connection: Keep-Alive
21:38:15.394 [ForkJoinPool-1-worker-3] DEBUG org.apache.http.headers - http-outgoing-31 >> User-Agent: Apache-HttpClient/4.5.11 (Java/1.8.0_171)
21:38:15.395 [ForkJoinPool-1-worker-3] DEBUG org.apache.http.headers - http-outgoing-31 >> Accept-Encoding: gzip,deflate
21:38:15.395 [ForkJoinPool-1-worker-3] DEBUG org.apache.http.wire - http-outgoing-31 >> "POST /users/sessions/ HTTP/1.1[\r][\n]"
21:38:15.395 [ForkJoinPool-1-worker-3] DEBUG org.apache.http.wire - http-outgoing-31 >> "Content-Type: application/json; charset=UTF-8[\r][\n]"
21:38:15.395 [ForkJoinPool-1-worker-3] DEBUG org.apache.http.wire - http-outgoing-31 >> "Content-Length: 56[\r][\n]"
21:38:15.395 [ForkJoinPool-1-worker-3] DEBUG org.apache.http.wire - http-outgoing-31 >> "Host: nodejs-qa-training.herokuapp.com[\r][\n]"
21:38:15.395 [ForkJoinPool-1-worker-3] DEBUG org.apache.http.wire - http-outgoing-31 >> "Connection: Keep-Alive[\r][\n]"
21:38:15.395 [ForkJoinPool-1-worker-3] DEBUG org.apache.http.wire - http-outgoing-31 >> "User-Agent: Apache-HttpClient/4.5.11 (Java/1.8.0_171)[\r][\n]"
21:38:15.395 [ForkJoinPool-1-worker-3] DEBUG org.apache.http.wire - http-outgoing-31 >> "Accept-Encoding: gzip,deflate[\r][\n]"
21:38:15.395 [ForkJoinPool-1-worker-3] DEBUG org.apache.http.wire - http-outgoing-31 >> "[\r][\n]"
21:38:15.395 [ForkJoinPool-1-worker-3] DEBUG org.apache.http.wire - http-outgoing-31 >> "{"email":"hernan00@wolox.com.ar","password":"Hernan123"}"
21:38:15.505 [ForkJoinPool-1-worker-1] DEBUG org.apache.http.conn.ssl.SSLConnectionSocketFactory - Secure session established
21:38:15.505 [ForkJoinPool-1-worker-1] DEBUG org.apache.http.conn.ssl.SSLConnectionSocketFactory -  negotiated protocol: TLSv1.2
21:38:15.505 [ForkJoinPool-1-worker-1] DEBUG org.apache.http.conn.ssl.SSLConnectionSocketFactory -  negotiated cipher suite: TLS_ECDHE_RSA_WITH_AES_128_GCM_SHA256
21:38:15.505 [ForkJoinPool-1-worker-1] DEBUG org.apache.http.conn.ssl.SSLConnectionSocketFactory -  peer principal: CN=*.herokuapp.com, O="Heroku, Inc.", L=San Francisco, ST=California, C=US
21:38:15.505 [ForkJoinPool-1-worker-1] DEBUG org.apache.http.conn.ssl.SSLConnectionSocketFactory -  peer alternative names: [*.herokuapp.com, herokuapp.com]
21:38:15.505 [ForkJoinPool-1-worker-1] DEBUG org.apache.http.conn.ssl.SSLConnectionSocketFactory -  issuer principal: CN=DigiCert SHA2 High Assurance Server CA, OU=www.digicert.com, O=DigiCert Inc, C=US
21:38:15.506 [ForkJoinPool-1-worker-1] DEBUG org.apache.http.impl.conn.DefaultHttpClientConnectionOperator - Connection established 192.168.1.7:51373<->52.20.101.119:443
21:38:15.506 [ForkJoinPool-1-worker-1] DEBUG org.apache.http.impl.conn.DefaultManagedHttpClientConnection - http-outgoing-32: set socket timeout to 30000
21:38:15.506 [ForkJoinPool-1-worker-1] DEBUG org.apache.http.impl.execchain.MainClientExec - Executing request POST /users/sessions/ HTTP/1.1
21:38:15.506 [ForkJoinPool-1-worker-1] DEBUG org.apache.http.impl.execchain.MainClientExec - Target auth state: UNCHALLENGED
21:38:15.506 [ForkJoinPool-1-worker-1] DEBUG org.apache.http.impl.execchain.MainClientExec - Proxy auth state: UNCHALLENGED
21:38:15.507 [ForkJoinPool-1-worker-1] DEBUG org.apache.http.headers - http-outgoing-32 >> POST /users/sessions/ HTTP/1.1
21:38:15.507 [ForkJoinPool-1-worker-1] DEBUG org.apache.http.headers - http-outgoing-32 >> Content-Type: application/json; charset=UTF-8
21:38:15.507 [ForkJoinPool-1-worker-1] DEBUG org.apache.http.headers - http-outgoing-32 >> Content-Length: 56
21:38:15.507 [ForkJoinPool-1-worker-1] DEBUG org.apache.http.headers - http-outgoing-32 >> Host: nodejs-qa-training.herokuapp.com
21:38:15.507 [ForkJoinPool-1-worker-1] DEBUG org.apache.http.headers - http-outgoing-32 >> Connection: Keep-Alive
21:38:15.507 [ForkJoinPool-1-worker-1] DEBUG org.apache.http.headers - http-outgoing-32 >> User-Agent: Apache-HttpClient/4.5.11 (Java/1.8.0_171)
21:38:15.507 [ForkJoinPool-1-worker-1] DEBUG org.apache.http.headers - http-outgoing-32 >> Accept-Encoding: gzip,deflate
21:38:15.507 [ForkJoinPool-1-worker-1] DEBUG org.apache.http.wire - http-outgoing-32 >> "POST /users/sessions/ HTTP/1.1[\r][\n]"
21:38:15.508 [ForkJoinPool-1-worker-1] DEBUG org.apache.http.wire - http-outgoing-32 >> "Content-Type: application/json; charset=UTF-8[\r][\n]"
21:38:15.508 [ForkJoinPool-1-worker-1] DEBUG org.apache.http.wire - http-outgoing-32 >> "Content-Length: 56[\r][\n]"
21:38:15.508 [ForkJoinPool-1-worker-1] DEBUG org.apache.http.wire - http-outgoing-32 >> "Host: nodejs-qa-training.herokuapp.com[\r][\n]"
21:38:15.508 [ForkJoinPool-1-worker-1] DEBUG org.apache.http.wire - http-outgoing-32 >> "Connection: Keep-Alive[\r][\n]"
21:38:15.508 [ForkJoinPool-1-worker-1] DEBUG org.apache.http.wire - http-outgoing-32 >> "User-Agent: Apache-HttpClient/4.5.11 (Java/1.8.0_171)[\r][\n]"
21:38:15.508 [ForkJoinPool-1-worker-1] DEBUG org.apache.http.wire - http-outgoing-32 >> "Accept-Encoding: gzip,deflate[\r][\n]"
21:38:15.508 [ForkJoinPool-1-worker-1] DEBUG org.apache.http.wire - http-outgoing-32 >> "[\r][\n]"
21:38:15.508 [ForkJoinPool-1-worker-1] DEBUG org.apache.http.wire - http-outgoing-32 >> "{"email":"hernan00@wolox.com.ar","password":"Hernan123"}"
21:38:15.572 [ForkJoinPool-1-worker-2] DEBUG org.apache.http.wire - http-outgoing-30 << "HTTP/1.1 200 OK[\r][\n]"
21:38:15.572 [ForkJoinPool-1-worker-2] DEBUG org.apache.http.wire - http-outgoing-30 << "Server: Cowboy[\r][\n]"
21:38:15.572 [ForkJoinPool-1-worker-2] DEBUG org.apache.http.wire - http-outgoing-30 << "Connection: keep-alive[\r][\n]"
21:38:15.572 [ForkJoinPool-1-worker-2] DEBUG org.apache.http.wire - http-outgoing-30 << "X-Powered-By: Express[\r][\n]"
21:38:15.572 [ForkJoinPool-1-worker-2] DEBUG org.apache.http.wire - http-outgoing-30 << "Authorization: eyJ0eXAiOiJKV1QiLCJhbGciOiJIUzI1NiJ9.eyJ1c2VySWQiOjE0Niwicm9sZSI6ImFkbWluIiwiaWF0IjoxNjAwMTM3NDk1Ljk3NywiZXhwIjoxNjAwMTM5Mjk1Ljk3N30.0UB2SrKSpX7SW-qtznKS30aKJO8Gyf-cXynvVXnp6mc[\r][\n]"
21:38:15.572 [ForkJoinPool-1-worker-2] DEBUG org.apache.http.wire - http-outgoing-30 << "Content-Type: application/json; charset=utf-8[\r][\n]"
21:38:15.572 [ForkJoinPool-1-worker-2] DEBUG org.apache.http.wire - http-outgoing-30 << "Content-Length: 51[\r][\n]"
21:38:15.572 [ForkJoinPool-1-worker-2] DEBUG org.apache.http.wire - http-outgoing-30 << "Etag: W/"33-E6YN8Nz0tU9Sy8voi5pCr6ciI1I"[\r][\n]"
21:38:15.572 [ForkJoinPool-1-worker-2] DEBUG org.apache.http.wire - http-outgoing-30 << "Date: Tue, 15 Sep 2020 02:38:15 GMT[\r][\n]"
21:38:15.572 [ForkJoinPool-1-worker-2] DEBUG org.apache.http.wire - http-outgoing-30 << "Via: 1.1 vegur[\r][\n]"
21:38:15.572 [ForkJoinPool-1-worker-2] DEBUG org.apache.http.wire - http-outgoing-30 << "[\r][\n]"
21:38:15.572 [ForkJoinPool-1-worker-2] DEBUG org.apache.http.wire - http-outgoing-30 << "{"user_id":146,"token_expires_at":"1600139295.977"}"
21:38:15.573 [ForkJoinPool-1-worker-2] DEBUG org.apache.http.headers - http-outgoing-30 << HTTP/1.1 200 OK
21:38:15.573 [ForkJoinPool-1-worker-2] DEBUG org.apache.http.headers - http-outgoing-30 << Server: Cowboy
21:38:15.573 [ForkJoinPool-1-worker-2] DEBUG org.apache.http.headers - http-outgoing-30 << Connection: keep-alive
21:38:15.573 [ForkJoinPool-1-worker-2] DEBUG org.apache.http.headers - http-outgoing-30 << X-Powered-By: Express
21:38:15.573 [ForkJoinPool-1-worker-2] DEBUG org.apache.http.headers - http-outgoing-30 << Authorization: eyJ0eXAiOiJKV1QiLCJhbGciOiJIUzI1NiJ9.eyJ1c2VySWQiOjE0Niwicm9sZSI6ImFkbWluIiwiaWF0IjoxNjAwMTM3NDk1Ljk3NywiZXhwIjoxNjAwMTM5Mjk1Ljk3N30.0UB2SrKSpX7SW-qtznKS30aKJO8Gyf-cXynvVXnp6mc
21:38:15.573 [ForkJoinPool-1-worker-2] DEBUG org.apache.http.headers - http-outgoing-30 << Content-Type: application/json; charset=utf-8
21:38:15.573 [ForkJoinPool-1-worker-2] DEBUG org.apache.http.headers - http-outgoing-30 << Content-Length: 51
21:38:15.573 [ForkJoinPool-1-worker-2] DEBUG org.apache.http.headers - http-outgoing-30 << Etag: W/"33-E6YN8Nz0tU9Sy8voi5pCr6ciI1I"
21:38:15.573 [ForkJoinPool-1-worker-2] DEBUG org.apache.http.headers - http-outgoing-30 << Date: Tue, 15 Sep 2020 02:38:15 GMT
21:38:15.573 [ForkJoinPool-1-worker-2] DEBUG org.apache.http.headers - http-outgoing-30 << Via: 1.1 vegur
21:38:15.573 [ForkJoinPool-1-worker-2] DEBUG org.apache.http.impl.execchain.MainClientExec - Connection can be kept alive indefinitely
21:38:15.574 [ForkJoinPool-1-worker-2] DEBUG org.apache.http.impl.conn.PoolingHttpClientConnectionManager - Connection [id: 30][route: {s}->https://nodejs-qa-training.herokuapp.com:443] can be kept alive indefinitely
21:38:15.574 [ForkJoinPool-1-worker-2] DEBUG org.apache.http.impl.conn.DefaultManagedHttpClientConnection - http-outgoing-30: set socket timeout to 0
21:38:15.574 [ForkJoinPool-1-worker-2] DEBUG org.apache.http.impl.conn.PoolingHttpClientConnectionManager - Connection released: [id: 30][route: {s}->https://nodejs-qa-training.herokuapp.com:443][total available: 1; route allocated: 1 of 5; total allocated: 1 of 10]
21:38:15.575 [ForkJoinPool-1-worker-2] DEBUG com.intuit.karate - response time in milliseconds: 670,95
1 < 200
1 < Authorization: eyJ0eXAiOiJKV1QiLCJhbGciOiJIUzI1NiJ9.eyJ1c2VySWQiOjE0Niwicm9sZSI6ImFkbWluIiwiaWF0IjoxNjAwMTM3NDk1Ljk3NywiZXhwIjoxNjAwMTM5Mjk1Ljk3N30.0UB2SrKSpX7SW-qtznKS30aKJO8Gyf-cXynvVXnp6mc
1 < Connection: keep-alive
1 < Content-Length: 51
1 < Content-Type: application/json; charset=utf-8
1 < Date: Tue, 15 Sep 2020 02:38:15 GMT
1 < Etag: W/"33-E6YN8Nz0tU9Sy8voi5pCr6ciI1I"
1 < Server: Cowboy
1 < Via: 1.1 vegur
1 < X-Powered-By: Express
{"user_id":146,"token_expires_at":"1600139295.977"}

21:38:15.576 [ForkJoinPool-1-worker-2] DEBUG com.jayway.jsonpath.internal.path.CompiledPath - Evaluating path: $
21:38:15.576 [ForkJoinPool-1-worker-2] INFO com.intuit.karate - [print] {
  "token_expires_at": "1600139295.977",
  "user_id": 146
}

21:38:15.578 [ForkJoinPool-1-worker-2] INFO com.intuit.karate - [print] eyJ0eXAiOiJKV1QiLCJhbGciOiJIUzI1NiJ9.eyJ1c2VySWQiOjE0Niwicm9sZSI6ImFkbWluIiwiaWF0IjoxNjAwMTM3NDk1Ljk3NywiZXhwIjoxNjAwMTM5Mjk1Ljk3N30.0UB2SrKSpX7SW-qtznKS30aKJO8Gyf-cXynvVXnp6mc
21:38:15.579 [ForkJoinPool-1-worker-2] DEBUG com.jayway.jsonpath.internal.path.CompiledPath - Evaluating path: $['user_id']
21:38:15.601 [ForkJoinPool-1-worker-2] DEBUG com.jayway.jsonpath.internal.path.CompiledPath - Evaluating path: $
21:38:15.601 [ForkJoinPool-1-worker-2] DEBUG com.jayway.jsonpath.internal.path.CompiledPath - Evaluating path: $
21:38:15.601 [ForkJoinPool-1-worker-2] DEBUG com.jayway.jsonpath.internal.path.CompiledPath - Evaluating path: $
21:38:15.602 [ForkJoinPool-1-worker-2] DEBUG com.jayway.jsonpath.internal.path.CompiledPath - Evaluating path: $['Authorization'][0]
21:38:15.609 [ForkJoinPool-1-worker-2] DEBUG org.apache.http.client.protocol.RequestAddCookies - CookieSpec selected: karate
21:38:15.609 [ForkJoinPool-1-worker-2] DEBUG org.apache.http.client.protocol.RequestAuthCache - Auth cache not set in the context
21:38:15.609 [ForkJoinPool-1-worker-2] DEBUG com.intuit.karate - request:
1 > GET https://nodejs-qa-training.herokuapp.com/users
1 > Accept-Encoding: gzip,deflate
1 > Authorization: eyJ0eXAiOiJKV1QiLCJhbGciOiJIUzI1NiJ9.eyJ1c2VySWQiOjE0Niwicm9sZSI6ImFkbWluIiwiaWF0IjoxNjAwMTM3NDk1Ljk3NywiZXhwIjoxNjAwMTM5Mjk1Ljk3N30.0UB2SrKSpX7SW-qtznKS30aKJO8Gyf-cXynvVXnp6mc
1 > Connection: Keep-Alive
1 > Content-Type: application/json
1 > Host: nodejs-qa-training.herokuapp.com
1 > User-Agent: Apache-HttpClient/4.5.11 (Java/1.8.0_171)

21:38:15.610 [ForkJoinPool-1-worker-2] DEBUG org.apache.http.impl.conn.PoolingHttpClientConnectionManager - Connection request: [route: {s}->https://nodejs-qa-training.herokuapp.com:443][total available: 0; route allocated: 0 of 5; total allocated: 0 of 10]
21:38:15.610 [ForkJoinPool-1-worker-2] DEBUG org.apache.http.impl.conn.PoolingHttpClientConnectionManager - Connection leased: [id: 33][route: {s}->https://nodejs-qa-training.herokuapp.com:443][total available: 0; route allocated: 1 of 5; total allocated: 1 of 10]
21:38:15.610 [ForkJoinPool-1-worker-2] DEBUG org.apache.http.impl.execchain.MainClientExec - Opening connection {s}->https://nodejs-qa-training.herokuapp.com:443
21:38:15.610 [ForkJoinPool-1-worker-2] DEBUG org.apache.http.impl.conn.DefaultHttpClientConnectionOperator - Connecting to nodejs-qa-training.herokuapp.com/52.20.101.119:443
21:38:15.610 [ForkJoinPool-1-worker-2] DEBUG org.apache.http.conn.ssl.SSLConnectionSocketFactory - Connecting socket to nodejs-qa-training.herokuapp.com/52.20.101.119:443 with timeout 30000
21:38:15.705 [ForkJoinPool-1-worker-3] DEBUG org.apache.http.wire - http-outgoing-31 << "HTTP/1.1 200 OK[\r][\n]"
21:38:15.705 [ForkJoinPool-1-worker-3] DEBUG org.apache.http.wire - http-outgoing-31 << "Server: Cowboy[\r][\n]"
21:38:15.705 [ForkJoinPool-1-worker-3] DEBUG org.apache.http.wire - http-outgoing-31 << "Connection: keep-alive[\r][\n]"
21:38:15.705 [ForkJoinPool-1-worker-3] DEBUG org.apache.http.wire - http-outgoing-31 << "X-Powered-By: Express[\r][\n]"
21:38:15.705 [ForkJoinPool-1-worker-3] DEBUG org.apache.http.wire - http-outgoing-31 << "Authorization: eyJ0eXAiOiJKV1QiLCJhbGciOiJIUzI1NiJ9.eyJ1c2VySWQiOjI1OCwicm9sZSI6InJlZ3VsYXIiLCJpYXQiOjE2MDAxMzc0OTYuMTA0LCJleHAiOjE2MDAxMzkyOTYuMTA0fQ.GZTLU0WZ-uOxKCU5F4jbQwIn1rUKh0AF32F-c0AOmko[\r][\n]"
21:38:15.705 [ForkJoinPool-1-worker-3] DEBUG org.apache.http.wire - http-outgoing-31 << "Content-Type: application/json; charset=utf-8[\r][\n]"
21:38:15.705 [ForkJoinPool-1-worker-3] DEBUG org.apache.http.wire - http-outgoing-31 << "Content-Length: 51[\r][\n]"
21:38:15.706 [ForkJoinPool-1-worker-3] DEBUG org.apache.http.wire - http-outgoing-31 << "Etag: W/"33-78zOQlEtlINRgdPE7VmtMqtw52w"[\r][\n]"
21:38:15.706 [ForkJoinPool-1-worker-3] DEBUG org.apache.http.wire - http-outgoing-31 << "Date: Tue, 15 Sep 2020 02:38:16 GMT[\r][\n]"
21:38:15.706 [ForkJoinPool-1-worker-3] DEBUG org.apache.http.wire - http-outgoing-31 << "Via: 1.1 vegur[\r][\n]"
21:38:15.706 [ForkJoinPool-1-worker-3] DEBUG org.apache.http.wire - http-outgoing-31 << "[\r][\n]"
21:38:15.706 [ForkJoinPool-1-worker-3] DEBUG org.apache.http.wire - http-outgoing-31 << "{"user_id":258,"token_expires_at":"1600139296.104"}"
21:38:15.706 [ForkJoinPool-1-worker-3] DEBUG org.apache.http.headers - http-outgoing-31 << HTTP/1.1 200 OK
21:38:15.706 [ForkJoinPool-1-worker-3] DEBUG org.apache.http.headers - http-outgoing-31 << Server: Cowboy
21:38:15.706 [ForkJoinPool-1-worker-3] DEBUG org.apache.http.headers - http-outgoing-31 << Connection: keep-alive
21:38:15.706 [ForkJoinPool-1-worker-3] DEBUG org.apache.http.headers - http-outgoing-31 << X-Powered-By: Express
21:38:15.706 [ForkJoinPool-1-worker-3] DEBUG org.apache.http.headers - http-outgoing-31 << Authorization: eyJ0eXAiOiJKV1QiLCJhbGciOiJIUzI1NiJ9.eyJ1c2VySWQiOjI1OCwicm9sZSI6InJlZ3VsYXIiLCJpYXQiOjE2MDAxMzc0OTYuMTA0LCJleHAiOjE2MDAxMzkyOTYuMTA0fQ.GZTLU0WZ-uOxKCU5F4jbQwIn1rUKh0AF32F-c0AOmko
21:38:15.706 [ForkJoinPool-1-worker-3] DEBUG org.apache.http.headers - http-outgoing-31 << Content-Type: application/json; charset=utf-8
21:38:15.706 [ForkJoinPool-1-worker-3] DEBUG org.apache.http.headers - http-outgoing-31 << Content-Length: 51
21:38:15.706 [ForkJoinPool-1-worker-3] DEBUG org.apache.http.headers - http-outgoing-31 << Etag: W/"33-78zOQlEtlINRgdPE7VmtMqtw52w"
21:38:15.706 [ForkJoinPool-1-worker-3] DEBUG org.apache.http.headers - http-outgoing-31 << Date: Tue, 15 Sep 2020 02:38:16 GMT
21:38:15.706 [ForkJoinPool-1-worker-3] DEBUG org.apache.http.headers - http-outgoing-31 << Via: 1.1 vegur
21:38:15.707 [ForkJoinPool-1-worker-3] DEBUG org.apache.http.impl.execchain.MainClientExec - Connection can be kept alive indefinitely
21:38:15.708 [ForkJoinPool-1-worker-3] DEBUG org.apache.http.impl.conn.PoolingHttpClientConnectionManager - Connection [id: 31][route: {s}->https://nodejs-qa-training.herokuapp.com:443] can be kept alive indefinitely
21:38:15.708 [ForkJoinPool-1-worker-3] DEBUG org.apache.http.impl.conn.DefaultManagedHttpClientConnection - http-outgoing-31: set socket timeout to 0
21:38:15.708 [ForkJoinPool-1-worker-3] DEBUG org.apache.http.impl.conn.PoolingHttpClientConnectionManager - Connection released: [id: 31][route: {s}->https://nodejs-qa-training.herokuapp.com:443][total available: 1; route allocated: 1 of 5; total allocated: 1 of 10]
21:38:15.708 [ForkJoinPool-1-worker-3] DEBUG com.intuit.karate - response time in milliseconds: 726,80
1 < 200
1 < Authorization: eyJ0eXAiOiJKV1QiLCJhbGciOiJIUzI1NiJ9.eyJ1c2VySWQiOjI1OCwicm9sZSI6InJlZ3VsYXIiLCJpYXQiOjE2MDAxMzc0OTYuMTA0LCJleHAiOjE2MDAxMzkyOTYuMTA0fQ.GZTLU0WZ-uOxKCU5F4jbQwIn1rUKh0AF32F-c0AOmko
1 < Connection: keep-alive
1 < Content-Length: 51
1 < Content-Type: application/json; charset=utf-8
1 < Date: Tue, 15 Sep 2020 02:38:16 GMT
1 < Etag: W/"33-78zOQlEtlINRgdPE7VmtMqtw52w"
1 < Server: Cowboy
1 < Via: 1.1 vegur
1 < X-Powered-By: Express
{"user_id":258,"token_expires_at":"1600139296.104"}

21:38:15.709 [ForkJoinPool-1-worker-3] DEBUG com.jayway.jsonpath.internal.path.CompiledPath - Evaluating path: $
21:38:15.710 [ForkJoinPool-1-worker-3] INFO com.intuit.karate - [print] {
  "token_expires_at": "1600139296.104",
  "user_id": 258
}

21:38:15.711 [ForkJoinPool-1-worker-2] DEBUG org.apache.http.conn.ssl.SSLConnectionSocketFactory - Enabled protocols: [TLSv1, TLSv1.1, TLSv1.2]
21:38:15.711 [ForkJoinPool-1-worker-3] INFO com.intuit.karate - [print] eyJ0eXAiOiJKV1QiLCJhbGciOiJIUzI1NiJ9.eyJ1c2VySWQiOjI1OCwicm9sZSI6InJlZ3VsYXIiLCJpYXQiOjE2MDAxMzc0OTYuMTA0LCJleHAiOjE2MDAxMzkyOTYuMTA0fQ.GZTLU0WZ-uOxKCU5F4jbQwIn1rUKh0AF32F-c0AOmko
21:38:15.711 [ForkJoinPool-1-worker-2] DEBUG org.apache.http.conn.ssl.SSLConnectionSocketFactory - Enabled cipher suites:[TLS_ECDHE_ECDSA_WITH_AES_256_CBC_SHA384, TLS_ECDHE_RSA_WITH_AES_256_CBC_SHA384, TLS_RSA_WITH_AES_256_CBC_SHA256, TLS_ECDH_ECDSA_WITH_AES_256_CBC_SHA384, TLS_ECDH_RSA_WITH_AES_256_CBC_SHA384, TLS_DHE_RSA_WITH_AES_256_CBC_SHA256, TLS_DHE_DSS_WITH_AES_256_CBC_SHA256, TLS_ECDHE_ECDSA_WITH_AES_256_CBC_SHA, TLS_ECDHE_RSA_WITH_AES_256_CBC_SHA, TLS_RSA_WITH_AES_256_CBC_SHA, TLS_ECDH_ECDSA_WITH_AES_256_CBC_SHA, TLS_ECDH_RSA_WITH_AES_256_CBC_SHA, TLS_DHE_RSA_WITH_AES_256_CBC_SHA, TLS_DHE_DSS_WITH_AES_256_CBC_SHA, TLS_ECDHE_ECDSA_WITH_AES_128_CBC_SHA256, TLS_ECDHE_RSA_WITH_AES_128_CBC_SHA256, TLS_RSA_WITH_AES_128_CBC_SHA256, TLS_ECDH_ECDSA_WITH_AES_128_CBC_SHA256, TLS_ECDH_RSA_WITH_AES_128_CBC_SHA256, TLS_DHE_RSA_WITH_AES_128_CBC_SHA256, TLS_DHE_DSS_WITH_AES_128_CBC_SHA256, TLS_ECDHE_ECDSA_WITH_AES_128_CBC_SHA, TLS_ECDHE_RSA_WITH_AES_128_CBC_SHA, TLS_RSA_WITH_AES_128_CBC_SHA, TLS_ECDH_ECDSA_WITH_AES_128_CBC_SHA, TLS_ECDH_RSA_WITH_AES_128_CBC_SHA, TLS_DHE_RSA_WITH_AES_128_CBC_SHA, TLS_DHE_DSS_WITH_AES_128_CBC_SHA, TLS_ECDHE_ECDSA_WITH_AES_256_GCM_SHA384, TLS_ECDHE_ECDSA_WITH_AES_128_GCM_SHA256, TLS_ECDHE_RSA_WITH_AES_256_GCM_SHA384, TLS_RSA_WITH_AES_256_GCM_SHA384, TLS_ECDH_ECDSA_WITH_AES_256_GCM_SHA384, TLS_ECDH_RSA_WITH_AES_256_GCM_SHA384, TLS_DHE_RSA_WITH_AES_256_GCM_SHA384, TLS_DHE_DSS_WITH_AES_256_GCM_SHA384, TLS_ECDHE_RSA_WITH_AES_128_GCM_SHA256, TLS_RSA_WITH_AES_128_GCM_SHA256, TLS_ECDH_ECDSA_WITH_AES_128_GCM_SHA256, TLS_ECDH_RSA_WITH_AES_128_GCM_SHA256, TLS_DHE_RSA_WITH_AES_128_GCM_SHA256, TLS_DHE_DSS_WITH_AES_128_GCM_SHA256, TLS_EMPTY_RENEGOTIATION_INFO_SCSV]
21:38:15.712 [ForkJoinPool-1-worker-2] DEBUG org.apache.http.conn.ssl.SSLConnectionSocketFactory - Starting handshake
21:38:15.713 [ForkJoinPool-1-worker-3] DEBUG com.jayway.jsonpath.internal.path.CompiledPath - Evaluating path: $['user_id']
21:38:15.732 [ForkJoinPool-1-worker-3] DEBUG com.jayway.jsonpath.internal.path.CompiledPath - Evaluating path: $
21:38:15.732 [ForkJoinPool-1-worker-3] DEBUG com.jayway.jsonpath.internal.path.CompiledPath - Evaluating path: $
21:38:15.732 [ForkJoinPool-1-worker-3] DEBUG com.jayway.jsonpath.internal.path.CompiledPath - Evaluating path: $
21:38:15.733 [ForkJoinPool-1-worker-3] DEBUG com.jayway.jsonpath.internal.path.CompiledPath - Evaluating path: $['Authorization'][0]
21:38:15.749 [ForkJoinPool-1-worker-3] DEBUG org.apache.http.client.protocol.RequestAddCookies - CookieSpec selected: karate
21:38:15.749 [ForkJoinPool-1-worker-3] DEBUG org.apache.http.client.protocol.RequestAuthCache - Auth cache not set in the context
21:38:15.750 [ForkJoinPool-1-worker-3] DEBUG com.intuit.karate - request:
1 > GET https://nodejs-qa-training.herokuapp.com/users
1 > Accept-Encoding: gzip,deflate
1 > Authorization: kadjADAhOLAIyysfhkalsdHKLsdASDADGDFGJD
1 > Connection: Keep-Alive
1 > Content-Type: application/json
1 > Host: nodejs-qa-training.herokuapp.com
1 > User-Agent: Apache-HttpClient/4.5.11 (Java/1.8.0_171)

21:38:15.750 [ForkJoinPool-1-worker-3] DEBUG org.apache.http.impl.conn.PoolingHttpClientConnectionManager - Connection request: [route: {s}->https://nodejs-qa-training.herokuapp.com:443][total available: 0; route allocated: 0 of 5; total allocated: 0 of 10]
21:38:15.750 [ForkJoinPool-1-worker-3] DEBUG org.apache.http.impl.conn.PoolingHttpClientConnectionManager - Connection leased: [id: 34][route: {s}->https://nodejs-qa-training.herokuapp.com:443][total available: 0; route allocated: 1 of 5; total allocated: 1 of 10]
21:38:15.750 [ForkJoinPool-1-worker-3] DEBUG org.apache.http.impl.execchain.MainClientExec - Opening connection {s}->https://nodejs-qa-training.herokuapp.com:443
21:38:15.751 [ForkJoinPool-1-worker-3] DEBUG org.apache.http.impl.conn.DefaultHttpClientConnectionOperator - Connecting to nodejs-qa-training.herokuapp.com/52.20.101.119:443
21:38:15.751 [ForkJoinPool-1-worker-3] DEBUG org.apache.http.conn.ssl.SSLConnectionSocketFactory - Connecting socket to nodejs-qa-training.herokuapp.com/52.20.101.119:443 with timeout 30000
21:38:15.772 [ForkJoinPool-1-worker-1] DEBUG org.apache.http.wire - http-outgoing-32 << "HTTP/1.1 200 OK[\r][\n]"
21:38:15.772 [ForkJoinPool-1-worker-1] DEBUG org.apache.http.wire - http-outgoing-32 << "Server: Cowboy[\r][\n]"
21:38:15.772 [ForkJoinPool-1-worker-1] DEBUG org.apache.http.wire - http-outgoing-32 << "Connection: keep-alive[\r][\n]"
21:38:15.772 [ForkJoinPool-1-worker-1] DEBUG org.apache.http.wire - http-outgoing-32 << "X-Powered-By: Express[\r][\n]"
21:38:15.772 [ForkJoinPool-1-worker-1] DEBUG org.apache.http.wire - http-outgoing-32 << "Authorization: eyJ0eXAiOiJKV1QiLCJhbGciOiJIUzI1NiJ9.eyJ1c2VySWQiOjI1OCwicm9sZSI6InJlZ3VsYXIiLCJpYXQiOjE2MDAxMzc0OTYuMjI4LCJleHAiOjE2MDAxMzkyOTYuMjI4fQ.u1946Vq9tTCqNh9oJIf7FpL6BjdJ6pLUGf2Pdp5qo38[\r][\n]"
21:38:15.772 [ForkJoinPool-1-worker-1] DEBUG org.apache.http.wire - http-outgoing-32 << "Content-Type: application/json; charset=utf-8[\r][\n]"
21:38:15.772 [ForkJoinPool-1-worker-1] DEBUG org.apache.http.wire - http-outgoing-32 << "Content-Length: 51[\r][\n]"
21:38:15.772 [ForkJoinPool-1-worker-1] DEBUG org.apache.http.wire - http-outgoing-32 << "Etag: W/"33-b6zIgOzUmPlPOUNsTdk0xA2njHA"[\r][\n]"
21:38:15.772 [ForkJoinPool-1-worker-1] DEBUG org.apache.http.wire - http-outgoing-32 << "Date: Tue, 15 Sep 2020 02:38:16 GMT[\r][\n]"
21:38:15.772 [ForkJoinPool-1-worker-1] DEBUG org.apache.http.wire - http-outgoing-32 << "Via: 1.1 vegur[\r][\n]"
21:38:15.772 [ForkJoinPool-1-worker-1] DEBUG org.apache.http.wire - http-outgoing-32 << "[\r][\n]"
21:38:15.772 [ForkJoinPool-1-worker-1] DEBUG org.apache.http.wire - http-outgoing-32 << "{"user_id":258,"token_expires_at":"1600139296.228"}"
21:38:15.772 [ForkJoinPool-1-worker-1] DEBUG org.apache.http.headers - http-outgoing-32 << HTTP/1.1 200 OK
21:38:15.772 [ForkJoinPool-1-worker-1] DEBUG org.apache.http.headers - http-outgoing-32 << Server: Cowboy
21:38:15.772 [ForkJoinPool-1-worker-1] DEBUG org.apache.http.headers - http-outgoing-32 << Connection: keep-alive
21:38:15.772 [ForkJoinPool-1-worker-1] DEBUG org.apache.http.headers - http-outgoing-32 << X-Powered-By: Express
21:38:15.772 [ForkJoinPool-1-worker-1] DEBUG org.apache.http.headers - http-outgoing-32 << Authorization: eyJ0eXAiOiJKV1QiLCJhbGciOiJIUzI1NiJ9.eyJ1c2VySWQiOjI1OCwicm9sZSI6InJlZ3VsYXIiLCJpYXQiOjE2MDAxMzc0OTYuMjI4LCJleHAiOjE2MDAxMzkyOTYuMjI4fQ.u1946Vq9tTCqNh9oJIf7FpL6BjdJ6pLUGf2Pdp5qo38
21:38:15.772 [ForkJoinPool-1-worker-1] DEBUG org.apache.http.headers - http-outgoing-32 << Content-Type: application/json; charset=utf-8
21:38:15.772 [ForkJoinPool-1-worker-1] DEBUG org.apache.http.headers - http-outgoing-32 << Content-Length: 51
21:38:15.772 [ForkJoinPool-1-worker-1] DEBUG org.apache.http.headers - http-outgoing-32 << Etag: W/"33-b6zIgOzUmPlPOUNsTdk0xA2njHA"
21:38:15.772 [ForkJoinPool-1-worker-1] DEBUG org.apache.http.headers - http-outgoing-32 << Date: Tue, 15 Sep 2020 02:38:16 GMT
21:38:15.772 [ForkJoinPool-1-worker-1] DEBUG org.apache.http.headers - http-outgoing-32 << Via: 1.1 vegur
21:38:15.772 [ForkJoinPool-1-worker-1] DEBUG org.apache.http.impl.execchain.MainClientExec - Connection can be kept alive indefinitely
21:38:15.773 [ForkJoinPool-1-worker-1] DEBUG org.apache.http.impl.conn.PoolingHttpClientConnectionManager - Connection [id: 32][route: {s}->https://nodejs-qa-training.herokuapp.com:443] can be kept alive indefinitely
21:38:15.773 [ForkJoinPool-1-worker-1] DEBUG org.apache.http.impl.conn.DefaultManagedHttpClientConnection - http-outgoing-32: set socket timeout to 0
21:38:15.773 [ForkJoinPool-1-worker-1] DEBUG org.apache.http.impl.conn.PoolingHttpClientConnectionManager - Connection released: [id: 32][route: {s}->https://nodejs-qa-training.herokuapp.com:443][total available: 1; route allocated: 1 of 5; total allocated: 1 of 10]
21:38:15.773 [ForkJoinPool-1-worker-1] DEBUG com.intuit.karate - response time in milliseconds: 703,30
1 < 200
1 < Authorization: eyJ0eXAiOiJKV1QiLCJhbGciOiJIUzI1NiJ9.eyJ1c2VySWQiOjI1OCwicm9sZSI6InJlZ3VsYXIiLCJpYXQiOjE2MDAxMzc0OTYuMjI4LCJleHAiOjE2MDAxMzkyOTYuMjI4fQ.u1946Vq9tTCqNh9oJIf7FpL6BjdJ6pLUGf2Pdp5qo38
1 < Connection: keep-alive
1 < Content-Length: 51
1 < Content-Type: application/json; charset=utf-8
1 < Date: Tue, 15 Sep 2020 02:38:16 GMT
1 < Etag: W/"33-b6zIgOzUmPlPOUNsTdk0xA2njHA"
1 < Server: Cowboy
1 < Via: 1.1 vegur
1 < X-Powered-By: Express
{"user_id":258,"token_expires_at":"1600139296.228"}

21:38:15.773 [ForkJoinPool-1-worker-1] DEBUG com.jayway.jsonpath.internal.path.CompiledPath - Evaluating path: $
21:38:15.773 [ForkJoinPool-1-worker-1] INFO com.intuit.karate - [print] {
  "token_expires_at": "1600139296.228",
  "user_id": 258
}

21:38:15.774 [ForkJoinPool-1-worker-1] INFO com.intuit.karate - [print] eyJ0eXAiOiJKV1QiLCJhbGciOiJIUzI1NiJ9.eyJ1c2VySWQiOjI1OCwicm9sZSI6InJlZ3VsYXIiLCJpYXQiOjE2MDAxMzc0OTYuMjI4LCJleHAiOjE2MDAxMzkyOTYuMjI4fQ.u1946Vq9tTCqNh9oJIf7FpL6BjdJ6pLUGf2Pdp5qo38
21:38:15.775 [ForkJoinPool-1-worker-1] DEBUG com.jayway.jsonpath.internal.path.CompiledPath - Evaluating path: $['user_id']
21:38:15.781 [ForkJoinPool-1-worker-1] DEBUG com.jayway.jsonpath.internal.path.CompiledPath - Evaluating path: $
21:38:15.781 [ForkJoinPool-1-worker-1] DEBUG com.jayway.jsonpath.internal.path.CompiledPath - Evaluating path: $
21:38:15.781 [ForkJoinPool-1-worker-1] DEBUG com.jayway.jsonpath.internal.path.CompiledPath - Evaluating path: $
21:38:15.781 [ForkJoinPool-1-worker-1] DEBUG com.jayway.jsonpath.internal.path.CompiledPath - Evaluating path: $['Authorization'][0]
21:38:15.788 [ForkJoinPool-1-worker-1] DEBUG org.apache.http.client.protocol.RequestAddCookies - CookieSpec selected: karate
21:38:15.788 [ForkJoinPool-1-worker-1] DEBUG org.apache.http.client.protocol.RequestAuthCache - Auth cache not set in the context
21:38:15.788 [ForkJoinPool-1-worker-1] DEBUG com.intuit.karate - request:
1 > GET https://nodejs-qa-training.herokuapp.com/albums
1 > Accept-Encoding: gzip,deflate
1 > Authorization: eyJ0eXAiOiJKV1QiLCJhbGciOiJIUzI1NiJ9.eyJ1c2VySWQiOjI1OCwicm9sZSI6InJlZ3VsYXIiLCJpYXQiOjE2MDAxMzc0OTYuMjI4LCJleHAiOjE2MDAxMzkyOTYuMjI4fQ.u1946Vq9tTCqNh9oJIf7FpL6BjdJ6pLUGf2Pdp5qo38
1 > Connection: Keep-Alive
1 > Content-Type: application/json
1 > Host: nodejs-qa-training.herokuapp.com
1 > User-Agent: Apache-HttpClient/4.5.11 (Java/1.8.0_171)

21:38:15.788 [ForkJoinPool-1-worker-1] DEBUG org.apache.http.impl.conn.PoolingHttpClientConnectionManager - Connection request: [route: {s}->https://nodejs-qa-training.herokuapp.com:443][total available: 0; route allocated: 0 of 5; total allocated: 0 of 10]
21:38:15.788 [ForkJoinPool-1-worker-1] DEBUG org.apache.http.impl.conn.PoolingHttpClientConnectionManager - Connection leased: [id: 35][route: {s}->https://nodejs-qa-training.herokuapp.com:443][total available: 0; route allocated: 1 of 5; total allocated: 1 of 10]
21:38:15.788 [ForkJoinPool-1-worker-1] DEBUG org.apache.http.impl.execchain.MainClientExec - Opening connection {s}->https://nodejs-qa-training.herokuapp.com:443
21:38:15.788 [ForkJoinPool-1-worker-1] DEBUG org.apache.http.impl.conn.DefaultHttpClientConnectionOperator - Connecting to nodejs-qa-training.herokuapp.com/52.20.101.119:443
21:38:15.788 [ForkJoinPool-1-worker-1] DEBUG org.apache.http.conn.ssl.SSLConnectionSocketFactory - Connecting socket to nodejs-qa-training.herokuapp.com/52.20.101.119:443 with timeout 30000
21:38:15.875 [ForkJoinPool-1-worker-3] DEBUG org.apache.http.conn.ssl.SSLConnectionSocketFactory - Enabled protocols: [TLSv1, TLSv1.1, TLSv1.2]
21:38:15.875 [ForkJoinPool-1-worker-3] DEBUG org.apache.http.conn.ssl.SSLConnectionSocketFactory - Enabled cipher suites:[TLS_ECDHE_ECDSA_WITH_AES_256_CBC_SHA384, TLS_ECDHE_RSA_WITH_AES_256_CBC_SHA384, TLS_RSA_WITH_AES_256_CBC_SHA256, TLS_ECDH_ECDSA_WITH_AES_256_CBC_SHA384, TLS_ECDH_RSA_WITH_AES_256_CBC_SHA384, TLS_DHE_RSA_WITH_AES_256_CBC_SHA256, TLS_DHE_DSS_WITH_AES_256_CBC_SHA256, TLS_ECDHE_ECDSA_WITH_AES_256_CBC_SHA, TLS_ECDHE_RSA_WITH_AES_256_CBC_SHA, TLS_RSA_WITH_AES_256_CBC_SHA, TLS_ECDH_ECDSA_WITH_AES_256_CBC_SHA, TLS_ECDH_RSA_WITH_AES_256_CBC_SHA, TLS_DHE_RSA_WITH_AES_256_CBC_SHA, TLS_DHE_DSS_WITH_AES_256_CBC_SHA, TLS_ECDHE_ECDSA_WITH_AES_128_CBC_SHA256, TLS_ECDHE_RSA_WITH_AES_128_CBC_SHA256, TLS_RSA_WITH_AES_128_CBC_SHA256, TLS_ECDH_ECDSA_WITH_AES_128_CBC_SHA256, TLS_ECDH_RSA_WITH_AES_128_CBC_SHA256, TLS_DHE_RSA_WITH_AES_128_CBC_SHA256, TLS_DHE_DSS_WITH_AES_128_CBC_SHA256, TLS_ECDHE_ECDSA_WITH_AES_128_CBC_SHA, TLS_ECDHE_RSA_WITH_AES_128_CBC_SHA, TLS_RSA_WITH_AES_128_CBC_SHA, TLS_ECDH_ECDSA_WITH_AES_128_CBC_SHA, TLS_ECDH_RSA_WITH_AES_128_CBC_SHA, TLS_DHE_RSA_WITH_AES_128_CBC_SHA, TLS_DHE_DSS_WITH_AES_128_CBC_SHA, TLS_ECDHE_ECDSA_WITH_AES_256_GCM_SHA384, TLS_ECDHE_ECDSA_WITH_AES_128_GCM_SHA256, TLS_ECDHE_RSA_WITH_AES_256_GCM_SHA384, TLS_RSA_WITH_AES_256_GCM_SHA384, TLS_ECDH_ECDSA_WITH_AES_256_GCM_SHA384, TLS_ECDH_RSA_WITH_AES_256_GCM_SHA384, TLS_DHE_RSA_WITH_AES_256_GCM_SHA384, TLS_DHE_DSS_WITH_AES_256_GCM_SHA384, TLS_ECDHE_RSA_WITH_AES_128_GCM_SHA256, TLS_RSA_WITH_AES_128_GCM_SHA256, TLS_ECDH_ECDSA_WITH_AES_128_GCM_SHA256, TLS_ECDH_RSA_WITH_AES_128_GCM_SHA256, TLS_DHE_RSA_WITH_AES_128_GCM_SHA256, TLS_DHE_DSS_WITH_AES_128_GCM_SHA256, TLS_EMPTY_RENEGOTIATION_INFO_SCSV]
21:38:15.875 [ForkJoinPool-1-worker-3] DEBUG org.apache.http.conn.ssl.SSLConnectionSocketFactory - Starting handshake
21:38:15.900 [ForkJoinPool-1-worker-1] DEBUG org.apache.http.conn.ssl.SSLConnectionSocketFactory - Enabled protocols: [TLSv1, TLSv1.1, TLSv1.2]
21:38:15.900 [ForkJoinPool-1-worker-1] DEBUG org.apache.http.conn.ssl.SSLConnectionSocketFactory - Enabled cipher suites:[TLS_ECDHE_ECDSA_WITH_AES_256_CBC_SHA384, TLS_ECDHE_RSA_WITH_AES_256_CBC_SHA384, TLS_RSA_WITH_AES_256_CBC_SHA256, TLS_ECDH_ECDSA_WITH_AES_256_CBC_SHA384, TLS_ECDH_RSA_WITH_AES_256_CBC_SHA384, TLS_DHE_RSA_WITH_AES_256_CBC_SHA256, TLS_DHE_DSS_WITH_AES_256_CBC_SHA256, TLS_ECDHE_ECDSA_WITH_AES_256_CBC_SHA, TLS_ECDHE_RSA_WITH_AES_256_CBC_SHA, TLS_RSA_WITH_AES_256_CBC_SHA, TLS_ECDH_ECDSA_WITH_AES_256_CBC_SHA, TLS_ECDH_RSA_WITH_AES_256_CBC_SHA, TLS_DHE_RSA_WITH_AES_256_CBC_SHA, TLS_DHE_DSS_WITH_AES_256_CBC_SHA, TLS_ECDHE_ECDSA_WITH_AES_128_CBC_SHA256, TLS_ECDHE_RSA_WITH_AES_128_CBC_SHA256, TLS_RSA_WITH_AES_128_CBC_SHA256, TLS_ECDH_ECDSA_WITH_AES_128_CBC_SHA256, TLS_ECDH_RSA_WITH_AES_128_CBC_SHA256, TLS_DHE_RSA_WITH_AES_128_CBC_SHA256, TLS_DHE_DSS_WITH_AES_128_CBC_SHA256, TLS_ECDHE_ECDSA_WITH_AES_128_CBC_SHA, TLS_ECDHE_RSA_WITH_AES_128_CBC_SHA, TLS_RSA_WITH_AES_128_CBC_SHA, TLS_ECDH_ECDSA_WITH_AES_128_CBC_SHA, TLS_ECDH_RSA_WITH_AES_128_CBC_SHA, TLS_DHE_RSA_WITH_AES_128_CBC_SHA, TLS_DHE_DSS_WITH_AES_128_CBC_SHA, TLS_ECDHE_ECDSA_WITH_AES_256_GCM_SHA384, TLS_ECDHE_ECDSA_WITH_AES_128_GCM_SHA256, TLS_ECDHE_RSA_WITH_AES_256_GCM_SHA384, TLS_RSA_WITH_AES_256_GCM_SHA384, TLS_ECDH_ECDSA_WITH_AES_256_GCM_SHA384, TLS_ECDH_RSA_WITH_AES_256_GCM_SHA384, TLS_DHE_RSA_WITH_AES_256_GCM_SHA384, TLS_DHE_DSS_WITH_AES_256_GCM_SHA384, TLS_ECDHE_RSA_WITH_AES_128_GCM_SHA256, TLS_RSA_WITH_AES_128_GCM_SHA256, TLS_ECDH_ECDSA_WITH_AES_128_GCM_SHA256, TLS_ECDH_RSA_WITH_AES_128_GCM_SHA256, TLS_DHE_RSA_WITH_AES_128_GCM_SHA256, TLS_DHE_DSS_WITH_AES_128_GCM_SHA256, TLS_EMPTY_RENEGOTIATION_INFO_SCSV]
21:38:15.900 [ForkJoinPool-1-worker-1] DEBUG org.apache.http.conn.ssl.SSLConnectionSocketFactory - Starting handshake
21:38:15.958 [ForkJoinPool-1-worker-2] DEBUG org.apache.http.conn.ssl.SSLConnectionSocketFactory - Secure session established
21:38:15.958 [ForkJoinPool-1-worker-2] DEBUG org.apache.http.conn.ssl.SSLConnectionSocketFactory -  negotiated protocol: TLSv1.2
21:38:15.958 [ForkJoinPool-1-worker-2] DEBUG org.apache.http.conn.ssl.SSLConnectionSocketFactory -  negotiated cipher suite: TLS_ECDHE_RSA_WITH_AES_128_GCM_SHA256
21:38:15.958 [ForkJoinPool-1-worker-2] DEBUG org.apache.http.conn.ssl.SSLConnectionSocketFactory -  peer principal: CN=*.herokuapp.com, O="Heroku, Inc.", L=San Francisco, ST=California, C=US
21:38:15.958 [ForkJoinPool-1-worker-2] DEBUG org.apache.http.conn.ssl.SSLConnectionSocketFactory -  peer alternative names: [*.herokuapp.com, herokuapp.com]
21:38:15.958 [ForkJoinPool-1-worker-2] DEBUG org.apache.http.conn.ssl.SSLConnectionSocketFactory -  issuer principal: CN=DigiCert SHA2 High Assurance Server CA, OU=www.digicert.com, O=DigiCert Inc, C=US
21:38:15.958 [ForkJoinPool-1-worker-2] DEBUG org.apache.http.impl.conn.DefaultHttpClientConnectionOperator - Connection established 192.168.1.7:51374<->52.20.101.119:443
21:38:15.959 [ForkJoinPool-1-worker-2] DEBUG org.apache.http.impl.conn.DefaultManagedHttpClientConnection - http-outgoing-33: set socket timeout to 30000
21:38:15.959 [ForkJoinPool-1-worker-2] DEBUG org.apache.http.impl.execchain.MainClientExec - Executing request GET /users HTTP/1.1
21:38:15.959 [ForkJoinPool-1-worker-2] DEBUG org.apache.http.impl.execchain.MainClientExec - Proxy auth state: UNCHALLENGED
21:38:15.959 [ForkJoinPool-1-worker-2] DEBUG org.apache.http.headers - http-outgoing-33 >> GET /users HTTP/1.1
21:38:15.959 [ForkJoinPool-1-worker-2] DEBUG org.apache.http.headers - http-outgoing-33 >> Content-Type: application/json
21:38:15.959 [ForkJoinPool-1-worker-2] DEBUG org.apache.http.headers - http-outgoing-33 >> Authorization: eyJ0eXAiOiJKV1QiLCJhbGciOiJIUzI1NiJ9.eyJ1c2VySWQiOjE0Niwicm9sZSI6ImFkbWluIiwiaWF0IjoxNjAwMTM3NDk1Ljk3NywiZXhwIjoxNjAwMTM5Mjk1Ljk3N30.0UB2SrKSpX7SW-qtznKS30aKJO8Gyf-cXynvVXnp6mc
21:38:15.959 [ForkJoinPool-1-worker-2] DEBUG org.apache.http.headers - http-outgoing-33 >> Host: nodejs-qa-training.herokuapp.com
21:38:15.959 [ForkJoinPool-1-worker-2] DEBUG org.apache.http.headers - http-outgoing-33 >> Connection: Keep-Alive
21:38:15.959 [ForkJoinPool-1-worker-2] DEBUG org.apache.http.headers - http-outgoing-33 >> User-Agent: Apache-HttpClient/4.5.11 (Java/1.8.0_171)
21:38:15.959 [ForkJoinPool-1-worker-2] DEBUG org.apache.http.headers - http-outgoing-33 >> Accept-Encoding: gzip,deflate
21:38:15.959 [ForkJoinPool-1-worker-2] DEBUG org.apache.http.wire - http-outgoing-33 >> "GET /users HTTP/1.1[\r][\n]"
21:38:15.959 [ForkJoinPool-1-worker-2] DEBUG org.apache.http.wire - http-outgoing-33 >> "Content-Type: application/json[\r][\n]"
21:38:15.959 [ForkJoinPool-1-worker-2] DEBUG org.apache.http.wire - http-outgoing-33 >> "Authorization: eyJ0eXAiOiJKV1QiLCJhbGciOiJIUzI1NiJ9.eyJ1c2VySWQiOjE0Niwicm9sZSI6ImFkbWluIiwiaWF0IjoxNjAwMTM3NDk1Ljk3NywiZXhwIjoxNjAwMTM5Mjk1Ljk3N30.0UB2SrKSpX7SW-qtznKS30aKJO8Gyf-cXynvVXnp6mc[\r][\n]"
21:38:15.959 [ForkJoinPool-1-worker-2] DEBUG org.apache.http.wire - http-outgoing-33 >> "Host: nodejs-qa-training.herokuapp.com[\r][\n]"
21:38:15.960 [ForkJoinPool-1-worker-2] DEBUG org.apache.http.wire - http-outgoing-33 >> "Connection: Keep-Alive[\r][\n]"
21:38:15.960 [ForkJoinPool-1-worker-2] DEBUG org.apache.http.wire - http-outgoing-33 >> "User-Agent: Apache-HttpClient/4.5.11 (Java/1.8.0_171)[\r][\n]"
21:38:15.960 [ForkJoinPool-1-worker-2] DEBUG org.apache.http.wire - http-outgoing-33 >> "Accept-Encoding: gzip,deflate[\r][\n]"
21:38:15.960 [ForkJoinPool-1-worker-2] DEBUG org.apache.http.wire - http-outgoing-33 >> "[\r][\n]"
21:38:16.134 [ForkJoinPool-1-worker-2] DEBUG org.apache.http.wire - http-outgoing-33 << "HTTP/1.1 200 OK[\r][\n]"
21:38:16.134 [ForkJoinPool-1-worker-2] DEBUG org.apache.http.wire - http-outgoing-33 << "Server: Cowboy[\r][\n]"
21:38:16.134 [ForkJoinPool-1-worker-2] DEBUG org.apache.http.wire - http-outgoing-33 << "Connection: keep-alive[\r][\n]"
21:38:16.134 [ForkJoinPool-1-worker-2] DEBUG org.apache.http.wire - http-outgoing-33 << "X-Powered-By: Express[\r][\n]"
21:38:16.134 [ForkJoinPool-1-worker-2] DEBUG org.apache.http.wire - http-outgoing-33 << "Content-Type: application/json; charset=utf-8[\r][\n]"
21:38:16.134 [ForkJoinPool-1-worker-2] DEBUG org.apache.http.wire - http-outgoing-33 << "Content-Length: 1066[\r][\n]"
21:38:16.134 [ForkJoinPool-1-worker-2] DEBUG org.apache.http.wire - http-outgoing-33 << "Etag: W/"42a-c8RjJtpcc5Eh7BU0jNlFld/OiZA"[\r][\n]"
21:38:16.134 [ForkJoinPool-1-worker-2] DEBUG org.apache.http.wire - http-outgoing-33 << "Date: Tue, 15 Sep 2020 02:38:16 GMT[\r][\n]"
21:38:16.134 [ForkJoinPool-1-worker-2] DEBUG org.apache.http.wire - http-outgoing-33 << "Via: 1.1 vegur[\r][\n]"
21:38:16.134 [ForkJoinPool-1-worker-2] DEBUG org.apache.http.wire - http-outgoing-33 << "[\r][\n]"
21:38:16.135 [ForkJoinPool-1-worker-2] DEBUG org.apache.http.wire - http-outgoing-33 << "{"total_count":40,"count":10,"total_pages":4,"limit":10,"offset":0,"current_page":1,"page":[{"first_name":"Hernan","last_name":"Garcia98","email":"hernan003@wolox.com.ar","role":"regular"},{"first_name":"Hernan","last_name":"Garcia","email":"hernan000@wolox.com.ar","role":"regular"},{"first_name":"Hernan","last_name":"Garcia","email":"h6@wolox.com.ar","role":"regular"},{"first_name":"regular","last_name":"regular","email":"regular@wolox.com.ar","role":"regular"},{"first_name":"Jose Antonio","last_name":"Bermudez","email":"jose.beruda@wolox.com.ar","role":"regular"},{"first_name":"Juan","last_name":"Perez","email":"jperez@wolox.com.ar","role":"regular"},{"first_name":"Hernan","last_name":"Garcia","email":"h7@wolox.com.ar","role":"regular"},{"first_name":"Hernan01","last_name":"Garcia","email":"hernan0x2@wolox.com.ar","role":"regular"},{"first_name":"Juan","last_name":"Per2ez","email":"jperwez@wolox.com.ar","role":"regular"},{"first_name":"Ju4an","last_name":"Per2ez","email":"jperwetz@wolox.com.ar","role":"regular"}],"previous_page":null,"next_page":2}"
21:38:16.135 [ForkJoinPool-1-worker-2] DEBUG org.apache.http.headers - http-outgoing-33 << HTTP/1.1 200 OK
21:38:16.135 [ForkJoinPool-1-worker-2] DEBUG org.apache.http.headers - http-outgoing-33 << Server: Cowboy
21:38:16.135 [ForkJoinPool-1-worker-2] DEBUG org.apache.http.headers - http-outgoing-33 << Connection: keep-alive
21:38:16.135 [ForkJoinPool-1-worker-2] DEBUG org.apache.http.headers - http-outgoing-33 << X-Powered-By: Express
21:38:16.135 [ForkJoinPool-1-worker-2] DEBUG org.apache.http.headers - http-outgoing-33 << Content-Type: application/json; charset=utf-8
21:38:16.135 [ForkJoinPool-1-worker-2] DEBUG org.apache.http.headers - http-outgoing-33 << Content-Length: 1066
21:38:16.135 [ForkJoinPool-1-worker-2] DEBUG org.apache.http.headers - http-outgoing-33 << Etag: W/"42a-c8RjJtpcc5Eh7BU0jNlFld/OiZA"
21:38:16.135 [ForkJoinPool-1-worker-2] DEBUG org.apache.http.headers - http-outgoing-33 << Date: Tue, 15 Sep 2020 02:38:16 GMT
21:38:16.135 [ForkJoinPool-1-worker-2] DEBUG org.apache.http.headers - http-outgoing-33 << Via: 1.1 vegur
21:38:16.135 [ForkJoinPool-1-worker-2] DEBUG org.apache.http.impl.execchain.MainClientExec - Connection can be kept alive indefinitely
21:38:16.136 [ForkJoinPool-1-worker-2] DEBUG org.apache.http.impl.conn.PoolingHttpClientConnectionManager - Connection [id: 33][route: {s}->https://nodejs-qa-training.herokuapp.com:443] can be kept alive indefinitely
21:38:16.136 [ForkJoinPool-1-worker-2] DEBUG org.apache.http.impl.conn.DefaultManagedHttpClientConnection - http-outgoing-33: set socket timeout to 0
21:38:16.136 [ForkJoinPool-1-worker-2] DEBUG org.apache.http.impl.conn.PoolingHttpClientConnectionManager - Connection released: [id: 33][route: {s}->https://nodejs-qa-training.herokuapp.com:443][total available: 1; route allocated: 1 of 5; total allocated: 1 of 10]
21:38:16.136 [ForkJoinPool-1-worker-2] DEBUG com.intuit.karate - response time in milliseconds: 525,89
1 < 200
1 < Connection: keep-alive
1 < Content-Length: 1066
1 < Content-Type: application/json; charset=utf-8
1 < Date: Tue, 15 Sep 2020 02:38:16 GMT
1 < Etag: W/"42a-c8RjJtpcc5Eh7BU0jNlFld/OiZA"
1 < Server: Cowboy
1 < Via: 1.1 vegur
1 < X-Powered-By: Express
{"total_count":40,"count":10,"total_pages":4,"limit":10,"offset":0,"current_page":1,"page":[{"first_name":"Hernan","last_name":"Garcia98","email":"hernan003@wolox.com.ar","role":"regular"},{"first_name":"Hernan","last_name":"Garcia","email":"hernan000@wolox.com.ar","role":"regular"},{"first_name":"Hernan","last_name":"Garcia","email":"h6@wolox.com.ar","role":"regular"},{"first_name":"regular","last_name":"regular","email":"regular@wolox.com.ar","role":"regular"},{"first_name":"Jose Antonio","last_name":"Bermudez","email":"jose.beruda@wolox.com.ar","role":"regular"},{"first_name":"Juan","last_name":"Perez","email":"jperez@wolox.com.ar","role":"regular"},{"first_name":"Hernan","last_name":"Garcia","email":"h7@wolox.com.ar","role":"regular"},{"first_name":"Hernan01","last_name":"Garcia","email":"hernan0x2@wolox.com.ar","role":"regular"},{"first_name":"Juan","last_name":"Per2ez","email":"jperwez@wolox.com.ar","role":"regular"},{"first_name":"Ju4an","last_name":"Per2ez","email":"jperwetz@wolox.com.ar","role":"regular"}],"previous_page":null,"next_page":2}

21:38:16.150 [ForkJoinPool-1-worker-2] DEBUG com.jayway.jsonpath.internal.path.CompiledPath - Evaluating path: $
21:38:16.151 [ForkJoinPool-1-worker-2] DEBUG com.jayway.jsonpath.internal.path.CompiledPath - Evaluating path: $
21:38:16.152 [ForkJoinPool-1-worker-2] DEBUG com.jayway.jsonpath.internal.path.CompiledPath - Evaluating path: $['page']
21:38:16.158 [ForkJoinPool-1-worker-3] DEBUG org.apache.http.conn.ssl.SSLConnectionSocketFactory - Secure session established
21:38:16.158 [ForkJoinPool-1-worker-3] DEBUG org.apache.http.conn.ssl.SSLConnectionSocketFactory -  negotiated protocol: TLSv1.2
21:38:16.158 [ForkJoinPool-1-worker-3] DEBUG org.apache.http.conn.ssl.SSLConnectionSocketFactory -  negotiated cipher suite: TLS_ECDHE_RSA_WITH_AES_128_GCM_SHA256
21:38:16.158 [ForkJoinPool-1-worker-3] DEBUG org.apache.http.conn.ssl.SSLConnectionSocketFactory -  peer principal: CN=*.herokuapp.com, O="Heroku, Inc.", L=San Francisco, ST=California, C=US
21:38:16.158 [ForkJoinPool-1-worker-3] DEBUG org.apache.http.conn.ssl.SSLConnectionSocketFactory -  peer alternative names: [*.herokuapp.com, herokuapp.com]
21:38:16.158 [ForkJoinPool-1-worker-3] DEBUG org.apache.http.conn.ssl.SSLConnectionSocketFactory -  issuer principal: CN=DigiCert SHA2 High Assurance Server CA, OU=www.digicert.com, O=DigiCert Inc, C=US
21:38:16.158 [ForkJoinPool-1-worker-3] DEBUG org.apache.http.impl.conn.DefaultHttpClientConnectionOperator - Connection established 192.168.1.7:51375<->52.20.101.119:443
21:38:16.159 [ForkJoinPool-1-worker-3] DEBUG org.apache.http.impl.conn.DefaultManagedHttpClientConnection - http-outgoing-34: set socket timeout to 30000
21:38:16.159 [ForkJoinPool-1-worker-3] DEBUG org.apache.http.impl.execchain.MainClientExec - Executing request GET /users HTTP/1.1
21:38:16.159 [ForkJoinPool-1-worker-3] DEBUG org.apache.http.impl.execchain.MainClientExec - Proxy auth state: UNCHALLENGED
21:38:16.159 [ForkJoinPool-1-worker-3] DEBUG org.apache.http.headers - http-outgoing-34 >> GET /users HTTP/1.1
21:38:16.159 [ForkJoinPool-1-worker-3] DEBUG org.apache.http.headers - http-outgoing-34 >> Content-Type: application/json
21:38:16.159 [ForkJoinPool-1-worker-3] DEBUG org.apache.http.headers - http-outgoing-34 >> Authorization: kadjADAhOLAIyysfhkalsdHKLsdASDADGDFGJD
21:38:16.159 [ForkJoinPool-1-worker-3] DEBUG org.apache.http.headers - http-outgoing-34 >> Host: nodejs-qa-training.herokuapp.com
21:38:16.159 [ForkJoinPool-1-worker-3] DEBUG org.apache.http.headers - http-outgoing-34 >> Connection: Keep-Alive
21:38:16.159 [ForkJoinPool-1-worker-3] DEBUG org.apache.http.headers - http-outgoing-34 >> User-Agent: Apache-HttpClient/4.5.11 (Java/1.8.0_171)
21:38:16.159 [ForkJoinPool-1-worker-3] DEBUG org.apache.http.headers - http-outgoing-34 >> Accept-Encoding: gzip,deflate
21:38:16.159 [ForkJoinPool-1-worker-3] DEBUG org.apache.http.wire - http-outgoing-34 >> "GET /users HTTP/1.1[\r][\n]"
21:38:16.159 [ForkJoinPool-1-worker-3] DEBUG org.apache.http.wire - http-outgoing-34 >> "Content-Type: application/json[\r][\n]"
21:38:16.159 [ForkJoinPool-1-worker-3] DEBUG org.apache.http.wire - http-outgoing-34 >> "Authorization: kadjADAhOLAIyysfhkalsdHKLsdASDADGDFGJD[\r][\n]"
21:38:16.159 [ForkJoinPool-1-worker-3] DEBUG org.apache.http.wire - http-outgoing-34 >> "Host: nodejs-qa-training.herokuapp.com[\r][\n]"
21:38:16.159 [ForkJoinPool-1-worker-3] DEBUG org.apache.http.wire - http-outgoing-34 >> "Connection: Keep-Alive[\r][\n]"
21:38:16.159 [ForkJoinPool-1-worker-3] DEBUG org.apache.http.wire - http-outgoing-34 >> "User-Agent: Apache-HttpClient/4.5.11 (Java/1.8.0_171)[\r][\n]"
21:38:16.159 [ForkJoinPool-1-worker-3] DEBUG org.apache.http.wire - http-outgoing-34 >> "Accept-Encoding: gzip,deflate[\r][\n]"
21:38:16.159 [ForkJoinPool-1-worker-3] DEBUG org.apache.http.wire - http-outgoing-34 >> "[\r][\n]"
21:38:16.161 [ForkJoinPool-1-worker-1] DEBUG org.apache.http.conn.ssl.SSLConnectionSocketFactory - Secure session established
21:38:16.161 [ForkJoinPool-1-worker-1] DEBUG org.apache.http.conn.ssl.SSLConnectionSocketFactory -  negotiated protocol: TLSv1.2
21:38:16.161 [ForkJoinPool-1-worker-1] DEBUG org.apache.http.conn.ssl.SSLConnectionSocketFactory -  negotiated cipher suite: TLS_ECDHE_RSA_WITH_AES_128_GCM_SHA256
21:38:16.161 [ForkJoinPool-1-worker-1] DEBUG org.apache.http.conn.ssl.SSLConnectionSocketFactory -  peer principal: CN=*.herokuapp.com, O="Heroku, Inc.", L=San Francisco, ST=California, C=US
21:38:16.161 [ForkJoinPool-1-worker-1] DEBUG org.apache.http.conn.ssl.SSLConnectionSocketFactory -  peer alternative names: [*.herokuapp.com, herokuapp.com]
21:38:16.161 [ForkJoinPool-1-worker-1] DEBUG org.apache.http.conn.ssl.SSLConnectionSocketFactory -  issuer principal: CN=DigiCert SHA2 High Assurance Server CA, OU=www.digicert.com, O=DigiCert Inc, C=US
21:38:16.161 [ForkJoinPool-1-worker-1] DEBUG org.apache.http.impl.conn.DefaultHttpClientConnectionOperator - Connection established 192.168.1.7:51376<->52.20.101.119:443
21:38:16.161 [ForkJoinPool-1-worker-1] DEBUG org.apache.http.impl.conn.DefaultManagedHttpClientConnection - http-outgoing-35: set socket timeout to 30000
21:38:16.161 [ForkJoinPool-1-worker-1] DEBUG org.apache.http.impl.execchain.MainClientExec - Executing request GET /albums HTTP/1.1
21:38:16.161 [ForkJoinPool-1-worker-1] DEBUG org.apache.http.impl.execchain.MainClientExec - Proxy auth state: UNCHALLENGED
21:38:16.163 [ForkJoinPool-1-worker-1] DEBUG org.apache.http.headers - http-outgoing-35 >> GET /albums HTTP/1.1
21:38:16.163 [ForkJoinPool-1-worker-1] DEBUG org.apache.http.headers - http-outgoing-35 >> Content-Type: application/json
21:38:16.163 [ForkJoinPool-1-worker-1] DEBUG org.apache.http.headers - http-outgoing-35 >> Authorization: eyJ0eXAiOiJKV1QiLCJhbGciOiJIUzI1NiJ9.eyJ1c2VySWQiOjI1OCwicm9sZSI6InJlZ3VsYXIiLCJpYXQiOjE2MDAxMzc0OTYuMjI4LCJleHAiOjE2MDAxMzkyOTYuMjI4fQ.u1946Vq9tTCqNh9oJIf7FpL6BjdJ6pLUGf2Pdp5qo38
21:38:16.163 [ForkJoinPool-1-worker-1] DEBUG org.apache.http.headers - http-outgoing-35 >> Host: nodejs-qa-training.herokuapp.com
21:38:16.164 [ForkJoinPool-1-worker-1] DEBUG org.apache.http.headers - http-outgoing-35 >> Connection: Keep-Alive
21:38:16.164 [ForkJoinPool-1-worker-1] DEBUG org.apache.http.headers - http-outgoing-35 >> User-Agent: Apache-HttpClient/4.5.11 (Java/1.8.0_171)
21:38:16.164 [ForkJoinPool-1-worker-1] DEBUG org.apache.http.headers - http-outgoing-35 >> Accept-Encoding: gzip,deflate
21:38:16.164 [ForkJoinPool-1-worker-1] DEBUG org.apache.http.wire - http-outgoing-35 >> "GET /albums HTTP/1.1[\r][\n]"
21:38:16.164 [ForkJoinPool-1-worker-1] DEBUG org.apache.http.wire - http-outgoing-35 >> "Content-Type: application/json[\r][\n]"
21:38:16.164 [ForkJoinPool-1-worker-1] DEBUG org.apache.http.wire - http-outgoing-35 >> "Authorization: eyJ0eXAiOiJKV1QiLCJhbGciOiJIUzI1NiJ9.eyJ1c2VySWQiOjI1OCwicm9sZSI6InJlZ3VsYXIiLCJpYXQiOjE2MDAxMzc0OTYuMjI4LCJleHAiOjE2MDAxMzkyOTYuMjI4fQ.u1946Vq9tTCqNh9oJIf7FpL6BjdJ6pLUGf2Pdp5qo38[\r][\n]"
21:38:16.164 [ForkJoinPool-1-worker-1] DEBUG org.apache.http.wire - http-outgoing-35 >> "Host: nodejs-qa-training.herokuapp.com[\r][\n]"
21:38:16.164 [ForkJoinPool-1-worker-1] DEBUG org.apache.http.wire - http-outgoing-35 >> "Connection: Keep-Alive[\r][\n]"
21:38:16.164 [ForkJoinPool-1-worker-1] DEBUG org.apache.http.wire - http-outgoing-35 >> "User-Agent: Apache-HttpClient/4.5.11 (Java/1.8.0_171)[\r][\n]"
21:38:16.164 [ForkJoinPool-1-worker-1] DEBUG org.apache.http.wire - http-outgoing-35 >> "Accept-Encoding: gzip,deflate[\r][\n]"
21:38:16.164 [ForkJoinPool-1-worker-1] DEBUG org.apache.http.wire - http-outgoing-35 >> "[\r][\n]"
21:38:16.169 [ForkJoinPool-1-worker-2] DEBUG com.jayway.jsonpath.internal.path.CompiledPath - Evaluating path: $
21:38:16.170 [ForkJoinPool-1-worker-2] DEBUG com.jayway.jsonpath.internal.path.CompiledPath - Evaluating path: $
21:38:16.170 [ForkJoinPool-1-worker-2] DEBUG com.jayway.jsonpath.internal.path.CompiledPath - Evaluating path: $
21:38:16.177 [ForkJoinPool-1-worker-2] WARN com.intuit.karate - skipping bootstrap configuration: could not find or read file: classpath:karate-config.js
21:38:16.192 [ForkJoinPool-1-worker-2] INFO com.intuit.karate - scenario called at line: 24 by tag: @ExitosoAdministrador
21:38:16.206 [ForkJoinPool-1-worker-2] INFO com.intuit.karate - scenario called at line: 45 by tag: @ExitosoAdministrador
21:38:16.211 [ForkJoinPool-1-worker-2] DEBUG com.jayway.jsonpath.internal.path.CompiledPath - Evaluating path: $
21:38:16.215 [ForkJoinPool-1-worker-2] DEBUG org.apache.http.client.protocol.RequestAddCookies - CookieSpec selected: karate
21:38:16.215 [ForkJoinPool-1-worker-2] DEBUG org.apache.http.client.protocol.RequestAuthCache - Auth cache not set in the context
21:38:16.215 [ForkJoinPool-1-worker-2] DEBUG com.intuit.karate - request:
1 > POST https://nodejs-qa-training.herokuapp.com/users/sessions/
1 > Accept-Encoding: gzip,deflate
1 > Connection: Keep-Alive
1 > Content-Length: 62
1 > Content-Type: application/json; charset=UTF-8
1 > Host: nodejs-qa-training.herokuapp.com
1 > User-Agent: Apache-HttpClient/4.5.11 (Java/1.8.0_171)
{"email":"admin@wolox.com.ar","password":"candidatoWolox2020"}

21:38:16.216 [ForkJoinPool-1-worker-2] DEBUG org.apache.http.impl.conn.PoolingHttpClientConnectionManager - Connection request: [route: {s}->https://nodejs-qa-training.herokuapp.com:443][total available: 0; route allocated: 0 of 5; total allocated: 0 of 10]
21:38:16.216 [ForkJoinPool-1-worker-2] DEBUG org.apache.http.impl.conn.PoolingHttpClientConnectionManager - Connection leased: [id: 36][route: {s}->https://nodejs-qa-training.herokuapp.com:443][total available: 0; route allocated: 1 of 5; total allocated: 1 of 10]
21:38:16.216 [ForkJoinPool-1-worker-2] DEBUG org.apache.http.impl.execchain.MainClientExec - Opening connection {s}->https://nodejs-qa-training.herokuapp.com:443
21:38:16.216 [ForkJoinPool-1-worker-2] DEBUG org.apache.http.impl.conn.DefaultHttpClientConnectionOperator - Connecting to nodejs-qa-training.herokuapp.com/52.20.101.119:443
21:38:16.216 [ForkJoinPool-1-worker-2] DEBUG org.apache.http.conn.ssl.SSLConnectionSocketFactory - Connecting socket to nodejs-qa-training.herokuapp.com/52.20.101.119:443 with timeout 30000
21:38:16.265 [ForkJoinPool-1-worker-3] DEBUG org.apache.http.wire - http-outgoing-34 << "HTTP/1.1 401 Unauthorized[\r][\n]"
21:38:16.266 [ForkJoinPool-1-worker-3] DEBUG org.apache.http.wire - http-outgoing-34 << "Server: Cowboy[\r][\n]"
21:38:16.266 [ForkJoinPool-1-worker-3] DEBUG org.apache.http.wire - http-outgoing-34 << "Connection: keep-alive[\r][\n]"
21:38:16.266 [ForkJoinPool-1-worker-3] DEBUG org.apache.http.wire - http-outgoing-34 << "X-Powered-By: Express[\r][\n]"
21:38:16.266 [ForkJoinPool-1-worker-3] DEBUG org.apache.http.wire - http-outgoing-34 << "Content-Type: application/json; charset=utf-8[\r][\n]"
21:38:16.266 [ForkJoinPool-1-worker-3] DEBUG org.apache.http.wire - http-outgoing-34 << "Content-Length: 109[\r][\n]"
21:38:16.266 [ForkJoinPool-1-worker-3] DEBUG org.apache.http.wire - http-outgoing-34 << "Etag: W/"6d-/c8kOgMSl2I1ndXJjVA0UgLoGWA"[\r][\n]"
21:38:16.266 [ForkJoinPool-1-worker-3] DEBUG org.apache.http.wire - http-outgoing-34 << "Date: Tue, 15 Sep 2020 02:38:16 GMT[\r][\n]"
21:38:16.266 [ForkJoinPool-1-worker-3] DEBUG org.apache.http.wire - http-outgoing-34 << "Via: 1.1 vegur[\r][\n]"
21:38:16.266 [ForkJoinPool-1-worker-3] DEBUG org.apache.http.wire - http-outgoing-34 << "[\r][\n]"
21:38:16.266 [ForkJoinPool-1-worker-3] DEBUG org.apache.http.wire - http-outgoing-34 << "{"errors":[{"code":"authentication_error","message":"Invalid token"}],"timestamp":"2020-09-15T02:38:16.700Z"}"
21:38:16.266 [ForkJoinPool-1-worker-3] DEBUG org.apache.http.headers - http-outgoing-34 << HTTP/1.1 401 Unauthorized
21:38:16.266 [ForkJoinPool-1-worker-3] DEBUG org.apache.http.headers - http-outgoing-34 << Server: Cowboy
21:38:16.266 [ForkJoinPool-1-worker-3] DEBUG org.apache.http.headers - http-outgoing-34 << Connection: keep-alive
21:38:16.266 [ForkJoinPool-1-worker-3] DEBUG org.apache.http.headers - http-outgoing-34 << X-Powered-By: Express
21:38:16.266 [ForkJoinPool-1-worker-3] DEBUG org.apache.http.headers - http-outgoing-34 << Content-Type: application/json; charset=utf-8
21:38:16.266 [ForkJoinPool-1-worker-3] DEBUG org.apache.http.headers - http-outgoing-34 << Content-Length: 109
21:38:16.266 [ForkJoinPool-1-worker-3] DEBUG org.apache.http.headers - http-outgoing-34 << Etag: W/"6d-/c8kOgMSl2I1ndXJjVA0UgLoGWA"
21:38:16.266 [ForkJoinPool-1-worker-3] DEBUG org.apache.http.headers - http-outgoing-34 << Date: Tue, 15 Sep 2020 02:38:16 GMT
21:38:16.266 [ForkJoinPool-1-worker-3] DEBUG org.apache.http.headers - http-outgoing-34 << Via: 1.1 vegur
21:38:16.266 [ForkJoinPool-1-worker-3] DEBUG org.apache.http.impl.execchain.MainClientExec - Connection can be kept alive indefinitely
21:38:16.266 [ForkJoinPool-1-worker-3] DEBUG org.apache.http.impl.auth.HttpAuthenticator - Authentication required
21:38:16.266 [ForkJoinPool-1-worker-3] DEBUG org.apache.http.impl.auth.HttpAuthenticator - nodejs-qa-training.herokuapp.com:443 requested authentication
21:38:16.266 [ForkJoinPool-1-worker-3] DEBUG org.apache.http.impl.auth.HttpAuthenticator - Response contains no authentication challenges
21:38:16.266 [ForkJoinPool-1-worker-3] DEBUG org.apache.http.impl.conn.PoolingHttpClientConnectionManager - Connection [id: 34][route: {s}->https://nodejs-qa-training.herokuapp.com:443] can be kept alive indefinitely
21:38:16.266 [ForkJoinPool-1-worker-3] DEBUG org.apache.http.impl.conn.DefaultManagedHttpClientConnection - http-outgoing-34: set socket timeout to 0
21:38:16.267 [ForkJoinPool-1-worker-3] DEBUG org.apache.http.impl.conn.PoolingHttpClientConnectionManager - Connection released: [id: 34][route: {s}->https://nodejs-qa-training.herokuapp.com:443][total available: 1; route allocated: 1 of 5; total allocated: 1 of 10]
21:38:16.267 [ForkJoinPool-1-worker-3] DEBUG com.intuit.karate - response time in milliseconds: 516,08
1 < 401
1 < Connection: keep-alive
1 < Content-Length: 109
1 < Content-Type: application/json; charset=utf-8
1 < Date: Tue, 15 Sep 2020 02:38:16 GMT
1 < Etag: W/"6d-/c8kOgMSl2I1ndXJjVA0UgLoGWA"
1 < Server: Cowboy
1 < Via: 1.1 vegur
1 < X-Powered-By: Express
{"errors":[{"code":"authentication_error","message":"Invalid token"}],"timestamp":"2020-09-15T02:38:16.700Z"}

21:38:16.272 [ForkJoinPool-1-worker-3] DEBUG com.jayway.jsonpath.internal.path.CompiledPath - Evaluating path: $
21:38:16.272 [ForkJoinPool-1-worker-3] DEBUG com.jayway.jsonpath.internal.path.CompiledPath - Evaluating path: $
21:38:16.272 [ForkJoinPool-1-worker-3] DEBUG com.jayway.jsonpath.internal.path.CompiledPath - Evaluating path: $
21:38:16.283 [ForkJoinPool-1-worker-3] WARN com.intuit.karate - skipping bootstrap configuration: could not find or read file: classpath:karate-config.js
21:38:16.284 [pool-1-thread-1] INFO com.intuit.karate.Runner - <<pass>> feature 7 of 8: src/test/resources/feature/listar_usuarios.feature
---------------------------------------------------------
feature: src/test/resources/feature/listar_usuarios.feature
report: target\reporte\src.test.resources.feature.listar_usuarios.json
scenarios:  3 | passed:  3 | failed:  0 | time: 4,1050
---------------------------------------------------------
21:38:16.290 [ForkJoinPool-1-worker-3] INFO com.intuit.karate - scenario called at line: 27 by tag: @ExitosoRegular
21:38:16.292 [ForkJoinPool-1-worker-3] DEBUG com.jayway.jsonpath.internal.path.CompiledPath - Evaluating path: $
21:38:16.294 [ForkJoinPool-1-worker-3] DEBUG org.apache.http.client.protocol.RequestAddCookies - CookieSpec selected: karate
21:38:16.294 [ForkJoinPool-1-worker-3] DEBUG org.apache.http.client.protocol.RequestAuthCache - Auth cache not set in the context
21:38:16.294 [ForkJoinPool-1-worker-3] DEBUG com.intuit.karate - request:
1 > POST https://nodejs-qa-training.herokuapp.com/users/sessions/
1 > Accept-Encoding: gzip,deflate
1 > Connection: Keep-Alive
1 > Content-Length: 56
1 > Content-Type: application/json; charset=UTF-8
1 > Host: nodejs-qa-training.herokuapp.com
1 > User-Agent: Apache-HttpClient/4.5.11 (Java/1.8.0_171)
{"email":"hernan00@wolox.com.ar","password":"Hernan123"}

21:38:16.294 [ForkJoinPool-1-worker-3] DEBUG org.apache.http.impl.conn.PoolingHttpClientConnectionManager - Connection request: [route: {s}->https://nodejs-qa-training.herokuapp.com:443][total available: 0; route allocated: 0 of 5; total allocated: 0 of 10]
21:38:16.294 [ForkJoinPool-1-worker-3] DEBUG org.apache.http.impl.conn.PoolingHttpClientConnectionManager - Connection leased: [id: 37][route: {s}->https://nodejs-qa-training.herokuapp.com:443][total available: 0; route allocated: 1 of 5; total allocated: 1 of 10]
21:38:16.294 [ForkJoinPool-1-worker-3] DEBUG org.apache.http.impl.execchain.MainClientExec - Opening connection {s}->https://nodejs-qa-training.herokuapp.com:443
21:38:16.294 [ForkJoinPool-1-worker-3] DEBUG org.apache.http.impl.conn.DefaultHttpClientConnectionOperator - Connecting to nodejs-qa-training.herokuapp.com/52.20.101.119:443
21:38:16.294 [ForkJoinPool-1-worker-3] DEBUG org.apache.http.conn.ssl.SSLConnectionSocketFactory - Connecting socket to nodejs-qa-training.herokuapp.com/52.20.101.119:443 with timeout 30000
21:38:16.332 [ForkJoinPool-1-worker-1] DEBUG org.apache.http.wire - http-outgoing-35 << "HTTP/1.1 200 OK[\r][\n]"
21:38:16.332 [ForkJoinPool-1-worker-1] DEBUG org.apache.http.wire - http-outgoing-35 << "Server: Cowboy[\r][\n]"
21:38:16.332 [ForkJoinPool-1-worker-1] DEBUG org.apache.http.wire - http-outgoing-35 << "Connection: keep-alive[\r][\n]"
21:38:16.332 [ForkJoinPool-1-worker-1] DEBUG org.apache.http.wire - http-outgoing-35 << "X-Powered-By: Express[\r][\n]"
21:38:16.332 [ForkJoinPool-1-worker-1] DEBUG org.apache.http.wire - http-outgoing-35 << "Content-Type: application/json; charset=utf-8[\r][\n]"
21:38:16.332 [ForkJoinPool-1-worker-1] DEBUG org.apache.http.wire - http-outgoing-35 << "Content-Length: 7032[\r][\n]"
21:38:16.332 [ForkJoinPool-1-worker-1] DEBUG org.apache.http.wire - http-outgoing-35 << "Etag: W/"1b78-QLaE6RpZ5E8d2hLg+o5PqJk5Zw8"[\r][\n]"
21:38:16.332 [ForkJoinPool-1-worker-1] DEBUG org.apache.http.wire - http-outgoing-35 << "Date: Tue, 15 Sep 2020 02:38:16 GMT[\r][\n]"
21:38:16.332 [ForkJoinPool-1-worker-1] DEBUG org.apache.http.wire - http-outgoing-35 << "Via: 1.1 vegur[\r][\n]"
21:38:16.333 [ForkJoinPool-1-worker-1] DEBUG org.apache.http.wire - http-outgoing-35 << "[\r][\n]"
21:38:16.333 [ForkJoinPool-1-worker-2] DEBUG org.apache.http.conn.ssl.SSLConnectionSocketFactory - Enabled protocols: [TLSv1, TLSv1.1, TLSv1.2]
21:38:16.333 [ForkJoinPool-1-worker-2] DEBUG org.apache.http.conn.ssl.SSLConnectionSocketFactory - Enabled cipher suites:[TLS_ECDHE_ECDSA_WITH_AES_256_CBC_SHA384, TLS_ECDHE_RSA_WITH_AES_256_CBC_SHA384, TLS_RSA_WITH_AES_256_CBC_SHA256, TLS_ECDH_ECDSA_WITH_AES_256_CBC_SHA384, TLS_ECDH_RSA_WITH_AES_256_CBC_SHA384, TLS_DHE_RSA_WITH_AES_256_CBC_SHA256, TLS_DHE_DSS_WITH_AES_256_CBC_SHA256, TLS_ECDHE_ECDSA_WITH_AES_256_CBC_SHA, TLS_ECDHE_RSA_WITH_AES_256_CBC_SHA, TLS_RSA_WITH_AES_256_CBC_SHA, TLS_ECDH_ECDSA_WITH_AES_256_CBC_SHA, TLS_ECDH_RSA_WITH_AES_256_CBC_SHA, TLS_DHE_RSA_WITH_AES_256_CBC_SHA, TLS_DHE_DSS_WITH_AES_256_CBC_SHA, TLS_ECDHE_ECDSA_WITH_AES_128_CBC_SHA256, TLS_ECDHE_RSA_WITH_AES_128_CBC_SHA256, TLS_RSA_WITH_AES_128_CBC_SHA256, TLS_ECDH_ECDSA_WITH_AES_128_CBC_SHA256, TLS_ECDH_RSA_WITH_AES_128_CBC_SHA256, TLS_DHE_RSA_WITH_AES_128_CBC_SHA256, TLS_DHE_DSS_WITH_AES_128_CBC_SHA256, TLS_ECDHE_ECDSA_WITH_AES_128_CBC_SHA, TLS_ECDHE_RSA_WITH_AES_128_CBC_SHA, TLS_RSA_WITH_AES_128_CBC_SHA, TLS_ECDH_ECDSA_WITH_AES_128_CBC_SHA, TLS_ECDH_RSA_WITH_AES_128_CBC_SHA, TLS_DHE_RSA_WITH_AES_128_CBC_SHA, TLS_DHE_DSS_WITH_AES_128_CBC_SHA, TLS_ECDHE_ECDSA_WITH_AES_256_GCM_SHA384, TLS_ECDHE_ECDSA_WITH_AES_128_GCM_SHA256, TLS_ECDHE_RSA_WITH_AES_256_GCM_SHA384, TLS_RSA_WITH_AES_256_GCM_SHA384, TLS_ECDH_ECDSA_WITH_AES_256_GCM_SHA384, TLS_ECDH_RSA_WITH_AES_256_GCM_SHA384, TLS_DHE_RSA_WITH_AES_256_GCM_SHA384, TLS_DHE_DSS_WITH_AES_256_GCM_SHA384, TLS_ECDHE_RSA_WITH_AES_128_GCM_SHA256, TLS_RSA_WITH_AES_128_GCM_SHA256, TLS_ECDH_ECDSA_WITH_AES_128_GCM_SHA256, TLS_ECDH_RSA_WITH_AES_128_GCM_SHA256, TLS_DHE_RSA_WITH_AES_128_GCM_SHA256, TLS_DHE_DSS_WITH_AES_128_GCM_SHA256, TLS_EMPTY_RENEGOTIATION_INFO_SCSV]
21:38:16.333 [ForkJoinPool-1-worker-2] DEBUG org.apache.http.conn.ssl.SSLConnectionSocketFactory - Starting handshake
21:38:16.333 [ForkJoinPool-1-worker-1] DEBUG org.apache.http.wire - http-outgoing-35 << "[{"user_id":1,"id":1,"title":"quidem molestiae enim"},{"user_id":1,"id":2,"title":"sunt qui excepturi placeat culpa"},{"user_id":1,"id":3,"title":"omnis laborum odio"},{"user_id":1,"id":4,"title":"non esse culpa molestiae omnis sed optio"},{"user_id":1,"id":5,"title":"eaque aut omnis a"},{"user_id":1,"id":6,"title":"natus impedit quibusdam illo est"},{"user_id":1,"id":7,"title":"quibusdam autem aliquid et et quia"},{"user_id":1,"id":8,"title":"qui fuga est a eum"},{"user_id":1,"id":9,"title":"saepe unde necessitatibus rem"},{"user_id":1,"id":10,"title":"distinctio laborum qui"},{"user_id":2,"id":11,"title":"quam nostrum impedit mollitia quod et dolor"},{"user_id":2,"id":12,"title":"consequatur autem doloribus natus consectetur"},{"user_id":2,"id":13,"title":"ab rerum non rerum consequatur ut ea unde"},{"user_id":2,"id":14,"title":"ducimus molestias eos animi atque nihil"},{"user_id":2,"id":15,"title":"ut pariatur rerum ipsum natus repellendus praesentium"},{"user_id":2,"id":16,"title":"voluptatem aut maxime inventore autem magnam atque repellat"},{"user_id":2,"id":17,"title":"aut minima voluptatem ut velit"},{"user_id":2,"id":18,"title":"nesciunt quia et doloremque"},{"user_id":2,"id":19,"title":"velit pariatur quaerat similique libero omnis quia"},{"user_id":2,"id":20,"title":"voluptas rerum iure ut enim"},{"user_id":3,"id":21,"title":"repudiandae voluptatem optio est consequatur rem in temporibus et"},{"user_id":3,"id":22,"title":"et rem non provident vel ut"},{"user_id":3,"id":23,"title":"incidunt quisquam hic adipisci sequi"},{"user_id":3,"id":24,"title":"dolores ut et facere placeat"},{"user_id":3,"id":25,"title":"vero maxime id possimus sunt neque et consequatur"},{"user_id":3,"id":26,"title":"quibusdam saepe ipsa vel harum"},{"user_id":3,"id":27,"title":"id non nostrum expedita"},{"user_id":3,"id":28,"title":"omnis neque exercitationem sed dolor atque maxime aut cum"},{"user_id":3,"id":29,"title":"inventore ut quasi magnam itaque est fugit"},{"user_id":3,"id":30,"title":"tempora assumenda et similique odit distinctio error"},{"user_id":4,"id":31,"title":"adipisci laborum fuga laboriosam"},{"user_id":4,"id":32,"title":"reiciendis dolores a ut qui debitis non quo labore"},{"user_id":4,"id":33,"title":"iste eos nostrum"},{"user_id":4,"id":34,"title":"cumque voluptatibus rerum architecto blanditiis"},{"user_id":4,"id":35,"title":"et impedit nisi quae magni necessitatibus sed aut pariatur"},{"user_id":4,"id":36,"title":"nihil cupiditate voluptate neque"},{"user_id":4,"id":37,"title":"est placeat dicta ut nisi rerum iste"},{"user_id":4,"id":38,"title":"unde a sequi id"},{"user_id":4,"id":39,"title":"ratione porro illum labore eum aperiam sed"},{"user_id":4,"id":40,"title":"voluptas neque et sint aut quo odit"},{"user_id":5,"id":41,"title":"ea voluptates maiores eos accusantium officiis tempore mollitia consequatur"},{"user_id":5,"id":42,"title":"tenetur explicabo ea"},{"user_id":5,"id":43,"title":"aperiam doloremque nihil"},{"user_id":5,"id":44,"title":"sapiente cum numquam officia consequatur vel natus quos suscipit"},{"user_id":5,"id":45,"title":"tenetur quos ea unde est enim corrupti qui"},{"user_id":5,"id":46,"title":"molestiae voluptate non"},{"user_id":5,"id":47,"title":"temporibus molestiae aut"},{"user_id":5,"id":48,"title":"modi consequatur culpa aut quam soluta alias perspiciatis laudantium"},{"user_id":5,"id":49,"title":"ut aut vero repudiandae voluptas ullam voluptas at consequatur"},{"user_id":5,"id":50,"title":"sed qui sed quas sit ducimus dolor"},{"user_id":6,"id":51,"title":"odit laboriosam sint quia cupiditate animi quis"},{"user_id":6,"id":52,"title":"necessitatibus quas et sunt at voluptatem"},{"user_id":6,"id":53,"title":"est vel sequi voluptatem nemo quam molestiae modi enim"},{"user_id":6,"id":54,"title":"aut non illo amet perferendis"},{"user_id":6,"id":55,"title":"qui culpa itaque omnis in nesciunt architecto error"},{"user_id":6,"id":56,"title":"omnis qui maiores tempora officiis omnis rerum sed repellat"},{"user_id":6,"id":57,"title":"libero excepturi voluptatem est architecto quae voluptatum officia tempora"},{"user_id":6,"id":58,"title":"nulla illo consequatur aspernatur veritatis aut error delectus et"},{"user_id":6,"id":59,"title":"eligendi similique provident nihil"},{"user_id":6,"id":60,"title":"omnis mollitia sunt aliquid eum consequatur fugit minus laudantium"},{"user_id":7,"id":61,"title":"delectus iusto et"},{"user_id":7,"id":62,"title":"eos ea non recusandae iste ut quasi"},{"user_id":7,"id":63,"title":"velit est quam"},{"user_id":7,"id":64,"title":"autem voluptatem amet iure quae"},{"user_id":7,"id":65,"title":"voluptates delectus iure iste qui"},{"user_id":7,"id":66,"title":"velit sed quia dolor dolores delectus"},{"user_id":7,"id":67,"title":"ad voluptas nostrum et nihil"},{"user_id":7,"id":68,"title":"qui quasi nihil aut voluptatum sit dolore minima"},{"user_id":7,"id":69,"title":"qui aut est"},{"user_id":7,"id":70,"title":"et deleniti unde"},{"user_id":8,"id":71,"title":"et vel corporis"},{"user_id":8,"id":72,"title":"unde exercitationem ut"},{"user_id":8,"id":73,"title":"quos omnis officia"},{"user_id":8,"id":74,"title":"quia est eius vitae dolor"},{"user_id":8,"id":75,"title":"aut quia expedita non"},{"user_id":8,"id":76,"title":"dolorem magnam facere itaque ut reprehenderit tenetur corrupti"},{"user_id":8,"id":77,"title":"cupiditate sapiente maiores iusto ducimus cum excepturi veritatis quia"},{"user_id":8,"id":78,"title":"est minima eius possimus ea ratione velit et"},{"user_id":8,"id":79,"title":"ipsa quae voluptas natus ut suscipit soluta quia quidem"},{"user_id":8,"id":80,"title":"id nihil reprehenderit"},{"user_id":9,"id":81,"title":"quibusdam sapiente et"},{"user_id":9,"id":82,"title":"recusandae consequatur vel amet unde"},{"user_id":9,"id":83,"title":"aperiam odio fugiat"},{"user_id":9,"id":84,"title":"est et at eos expedita"},{"user_id":9,"id":85,"title":"qui voluptatem consequatur aut ab quis temporibus praesentium"},{"user_id":9,"id":86,"title":"eligendi mollitia alias aspernatur vel ut iusto"},{"user_id":9,"id":87,"title":"aut aut architecto"},{"user_id":9,"id":88,"title":"quas perspiciatis optio"},{"user_id":9,"id":89,"title":"sit optio id voluptatem est eum et"},{"user_id":9,"id":90,"title":"est vel dignissimos"},{"user_id":10,"id":91,"title":"repellendus praesentium debitis officiis"},{"user_id":10,"id":92,"title":"incidunt et et eligendi assumenda soluta quia recusandae"},{"user_id":10,"id":93,"title":"nisi qui dolores perspiciatis"},{"user_id":10,"id":94,"title":"quisquam a dolores et earum vitae"},{"user_id":10,"id":95,"title":"consectetur vel rerum qui aperiam modi eos aspernatur ipsa"},{"user_id":10,"id":96,"title":"unde et ut molestiae est molestias voluptatem sint"},{"user_id":10,"id":97,"title":"est quod aut"},{"user_id":10,"id":98,"title":"omnis quia possimus nesciunt deleniti assumenda sed autem"},{"user_id":10,"id":99,"title":"consectetur ut id impedit dolores sit ad ex aut"},{"user_id":10,"id":100,"title":"enim repellat iste"}]"
21:38:16.334 [ForkJoinPool-1-worker-1] DEBUG org.apache.http.headers - http-outgoing-35 << HTTP/1.1 200 OK
21:38:16.336 [ForkJoinPool-1-worker-1] DEBUG org.apache.http.headers - http-outgoing-35 << Server: Cowboy
21:38:16.336 [ForkJoinPool-1-worker-1] DEBUG org.apache.http.headers - http-outgoing-35 << Connection: keep-alive
21:38:16.336 [ForkJoinPool-1-worker-1] DEBUG org.apache.http.headers - http-outgoing-35 << X-Powered-By: Express
21:38:16.336 [ForkJoinPool-1-worker-1] DEBUG org.apache.http.headers - http-outgoing-35 << Content-Type: application/json; charset=utf-8
21:38:16.336 [ForkJoinPool-1-worker-1] DEBUG org.apache.http.headers - http-outgoing-35 << Content-Length: 7032
21:38:16.336 [ForkJoinPool-1-worker-1] DEBUG org.apache.http.headers - http-outgoing-35 << Etag: W/"1b78-QLaE6RpZ5E8d2hLg+o5PqJk5Zw8"
21:38:16.336 [ForkJoinPool-1-worker-1] DEBUG org.apache.http.headers - http-outgoing-35 << Date: Tue, 15 Sep 2020 02:38:16 GMT
21:38:16.336 [ForkJoinPool-1-worker-1] DEBUG org.apache.http.headers - http-outgoing-35 << Via: 1.1 vegur
21:38:16.336 [ForkJoinPool-1-worker-1] DEBUG org.apache.http.impl.execchain.MainClientExec - Connection can be kept alive indefinitely
21:38:16.337 [ForkJoinPool-1-worker-1] DEBUG org.apache.http.impl.conn.PoolingHttpClientConnectionManager - Connection [id: 35][route: {s}->https://nodejs-qa-training.herokuapp.com:443] can be kept alive indefinitely
21:38:16.338 [ForkJoinPool-1-worker-1] DEBUG org.apache.http.impl.conn.DefaultManagedHttpClientConnection - http-outgoing-35: set socket timeout to 0
21:38:16.338 [ForkJoinPool-1-worker-1] DEBUG org.apache.http.impl.conn.PoolingHttpClientConnectionManager - Connection released: [id: 35][route: {s}->https://nodejs-qa-training.herokuapp.com:443][total available: 1; route allocated: 1 of 5; total allocated: 1 of 10]
21:38:16.338 [ForkJoinPool-1-worker-1] DEBUG com.intuit.karate - response time in milliseconds: 548,22
1 < 200
1 < Connection: keep-alive
1 < Content-Length: 7032
1 < Content-Type: application/json; charset=utf-8
1 < Date: Tue, 15 Sep 2020 02:38:16 GMT
1 < Etag: W/"1b78-QLaE6RpZ5E8d2hLg+o5PqJk5Zw8"
1 < Server: Cowboy
1 < Via: 1.1 vegur
1 < X-Powered-By: Express
[{"user_id":1,"id":1,"title":"quidem molestiae enim"},{"user_id":1,"id":2,"title":"sunt qui excepturi placeat culpa"},{"user_id":1,"id":3,"title":"omnis laborum odio"},{"user_id":1,"id":4,"title":"non esse culpa molestiae omnis sed optio"},{"user_id":1,"id":5,"title":"eaque aut omnis a"},{"user_id":1,"id":6,"title":"natus impedit quibusdam illo est"},{"user_id":1,"id":7,"title":"quibusdam autem aliquid et et quia"},{"user_id":1,"id":8,"title":"qui fuga est a eum"},{"user_id":1,"id":9,"title":"saepe unde necessitatibus rem"},{"user_id":1,"id":10,"title":"distinctio laborum qui"},{"user_id":2,"id":11,"title":"quam nostrum impedit mollitia quod et dolor"},{"user_id":2,"id":12,"title":"consequatur autem doloribus natus consectetur"},{"user_id":2,"id":13,"title":"ab rerum non rerum consequatur ut ea unde"},{"user_id":2,"id":14,"title":"ducimus molestias eos animi atque nihil"},{"user_id":2,"id":15,"title":"ut pariatur rerum ipsum natus repellendus praesentium"},{"user_id":2,"id":16,"title":"voluptatem aut maxime inventore autem magnam atque repellat"},{"user_id":2,"id":17,"title":"aut minima voluptatem ut velit"},{"user_id":2,"id":18,"title":"nesciunt quia et doloremque"},{"user_id":2,"id":19,"title":"velit pariatur quaerat similique libero omnis quia"},{"user_id":2,"id":20,"title":"voluptas rerum iure ut enim"},{"user_id":3,"id":21,"title":"repudiandae voluptatem optio est consequatur rem in temporibus et"},{"user_id":3,"id":22,"title":"et rem non provident vel ut"},{"user_id":3,"id":23,"title":"incidunt quisquam hic adipisci sequi"},{"user_id":3,"id":24,"title":"dolores ut et facere placeat"},{"user_id":3,"id":25,"title":"vero maxime id possimus sunt neque et consequatur"},{"user_id":3,"id":26,"title":"quibusdam saepe ipsa vel harum"},{"user_id":3,"id":27,"title":"id non nostrum expedita"},{"user_id":3,"id":28,"title":"omnis neque exercitationem sed dolor atque maxime aut cum"},{"user_id":3,"id":29,"title":"inventore ut quasi magnam itaque est fugit"},{"user_id":3,"id":30,"title":"tempora assumenda et similique odit distinctio error"},{"user_id":4,"id":31,"title":"adipisci laborum fuga laboriosam"},{"user_id":4,"id":32,"title":"reiciendis dolores a ut qui debitis non quo labore"},{"user_id":4,"id":33,"title":"iste eos nostrum"},{"user_id":4,"id":34,"title":"cumque voluptatibus rerum architecto blanditiis"},{"user_id":4,"id":35,"title":"et impedit nisi quae magni necessitatibus sed aut pariatur"},{"user_id":4,"id":36,"title":"nihil cupiditate voluptate neque"},{"user_id":4,"id":37,"title":"est placeat dicta ut nisi rerum iste"},{"user_id":4,"id":38,"title":"unde a sequi id"},{"user_id":4,"id":39,"title":"ratione porro illum labore eum aperiam sed"},{"user_id":4,"id":40,"title":"voluptas neque et sint aut quo odit"},{"user_id":5,"id":41,"title":"ea voluptates maiores eos accusantium officiis tempore mollitia consequatur"},{"user_id":5,"id":42,"title":"tenetur explicabo ea"},{"user_id":5,"id":43,"title":"aperiam doloremque nihil"},{"user_id":5,"id":44,"title":"sapiente cum numquam officia consequatur vel natus quos suscipit"},{"user_id":5,"id":45,"title":"tenetur quos ea unde est enim corrupti qui"},{"user_id":5,"id":46,"title":"molestiae voluptate non"},{"user_id":5,"id":47,"title":"temporibus molestiae aut"},{"user_id":5,"id":48,"title":"modi consequatur culpa aut quam soluta alias perspiciatis laudantium"},{"user_id":5,"id":49,"title":"ut aut vero repudiandae voluptas ullam voluptas at consequatur"},{"user_id":5,"id":50,"title":"sed qui sed quas sit ducimus dolor"},{"user_id":6,"id":51,"title":"odit laboriosam sint quia cupiditate animi quis"},{"user_id":6,"id":52,"title":"necessitatibus quas et sunt at voluptatem"},{"user_id":6,"id":53,"title":"est vel sequi voluptatem nemo quam molestiae modi enim"},{"user_id":6,"id":54,"title":"aut non illo amet perferendis"},{"user_id":6,"id":55,"title":"qui culpa itaque omnis in nesciunt architecto error"},{"user_id":6,"id":56,"title":"omnis qui maiores tempora officiis omnis rerum sed repellat"},{"user_id":6,"id":57,"title":"libero excepturi voluptatem est architecto quae voluptatum officia tempora"},{"user_id":6,"id":58,"title":"nulla illo consequatur aspernatur veritatis aut error delectus et"},{"user_id":6,"id":59,"title":"eligendi similique provident nihil"},{"user_id":6,"id":60,"title":"omnis mollitia sunt aliquid eum consequatur fugit minus laudantium"},{"user_id":7,"id":61,"title":"delectus iusto et"},{"user_id":7,"id":62,"title":"eos ea non recusandae iste ut quasi"},{"user_id":7,"id":63,"title":"velit est quam"},{"user_id":7,"id":64,"title":"autem voluptatem amet iure quae"},{"user_id":7,"id":65,"title":"voluptates delectus iure iste qui"},{"user_id":7,"id":66,"title":"velit sed quia dolor dolores delectus"},{"user_id":7,"id":67,"title":"ad voluptas nostrum et nihil"},{"user_id":7,"id":68,"title":"qui quasi nihil aut voluptatum sit dolore minima"},{"user_id":7,"id":69,"title":"qui aut est"},{"user_id":7,"id":70,"title":"et deleniti unde"},{"user_id":8,"id":71,"title":"et vel corporis"},{"user_id":8,"id":72,"title":"unde exercitationem ut"},{"user_id":8,"id":73,"title":"quos omnis officia"},{"user_id":8,"id":74,"title":"quia est eius vitae dolor"},{"user_id":8,"id":75,"title":"aut quia expedita non"},{"user_id":8,"id":76,"title":"dolorem magnam facere itaque ut reprehenderit tenetur corrupti"},{"user_id":8,"id":77,"title":"cupiditate sapiente maiores iusto ducimus cum excepturi veritatis quia"},{"user_id":8,"id":78,"title":"est minima eius possimus ea ratione velit et"},{"user_id":8,"id":79,"title":"ipsa quae voluptas natus ut suscipit soluta quia quidem"},{"user_id":8,"id":80,"title":"id nihil reprehenderit"},{"user_id":9,"id":81,"title":"quibusdam sapiente et"},{"user_id":9,"id":82,"title":"recusandae consequatur vel amet unde"},{"user_id":9,"id":83,"title":"aperiam odio fugiat"},{"user_id":9,"id":84,"title":"est et at eos expedita"},{"user_id":9,"id":85,"title":"qui voluptatem consequatur aut ab quis temporibus praesentium"},{"user_id":9,"id":86,"title":"eligendi mollitia alias aspernatur vel ut iusto"},{"user_id":9,"id":87,"title":"aut aut architecto"},{"user_id":9,"id":88,"title":"quas perspiciatis optio"},{"user_id":9,"id":89,"title":"sit optio id voluptatem est eum et"},{"user_id":9,"id":90,"title":"est vel dignissimos"},{"user_id":10,"id":91,"title":"repellendus praesentium debitis officiis"},{"user_id":10,"id":92,"title":"incidunt et et eligendi assumenda soluta quia recusandae"},{"user_id":10,"id":93,"title":"nisi qui dolores perspiciatis"},{"user_id":10,"id":94,"title":"quisquam a dolores et earum vitae"},{"user_id":10,"id":95,"title":"consectetur vel rerum qui aperiam modi eos aspernatur ipsa"},{"user_id":10,"id":96,"title":"unde et ut molestiae est molestias voluptatem sint"},{"user_id":10,"id":97,"title":"est quod aut"},{"user_id":10,"id":98,"title":"omnis quia possimus nesciunt deleniti assumenda sed autem"},{"user_id":10,"id":99,"title":"consectetur ut id impedit dolores sit ad ex aut"},{"user_id":10,"id":100,"title":"enim repellat iste"}]

21:38:16.360 [ForkJoinPool-1-worker-1] DEBUG com.jayway.jsonpath.internal.path.CompiledPath - Evaluating path: $
21:38:16.361 [ForkJoinPool-1-worker-1] DEBUG com.jayway.jsonpath.internal.path.CompiledPath - Evaluating path: $
21:38:16.361 [ForkJoinPool-1-worker-1] DEBUG com.jayway.jsonpath.internal.path.CompiledPath - Evaluating path: $
21:38:16.370 [ForkJoinPool-1-worker-1] DEBUG com.jayway.jsonpath.internal.path.CompiledPath - Evaluating path: $
21:38:16.372 [ForkJoinPool-1-worker-1] INFO com.intuit.karate - [print] 95.0
21:38:16.378 [ForkJoinPool-1-worker-1] DEBUG org.apache.http.client.protocol.RequestAddCookies - CookieSpec selected: karate
21:38:16.378 [ForkJoinPool-1-worker-1] DEBUG org.apache.http.client.protocol.RequestAuthCache - Auth cache not set in the context
21:38:16.378 [ForkJoinPool-1-worker-1] DEBUG com.intuit.karate - request:
1 > GET https://nodejs-qa-training.herokuapp.com/albums/95/photos
1 > Accept-Encoding: gzip,deflate
1 > Authorization: eyJ0eXAiOiJKV1QiLCJhbGciOiJIUzI1NiJ9.eyJ1c2VySWQiOjI1OCwicm9sZSI6InJlZ3VsYXIiLCJpYXQiOjE2MDAxMzc0OTYuMjI4LCJleHAiOjE2MDAxMzkyOTYuMjI4fQ.u1946Vq9tTCqNh9oJIf7FpL6BjdJ6pLUGf2Pdp5qo38
1 > Connection: Keep-Alive
1 > Content-Type: application/json
1 > Host: nodejs-qa-training.herokuapp.com
1 > User-Agent: Apache-HttpClient/4.5.11 (Java/1.8.0_171)

21:38:16.378 [ForkJoinPool-1-worker-1] DEBUG org.apache.http.impl.conn.PoolingHttpClientConnectionManager - Connection request: [route: {s}->https://nodejs-qa-training.herokuapp.com:443][total available: 0; route allocated: 0 of 5; total allocated: 0 of 10]
21:38:16.378 [ForkJoinPool-1-worker-1] DEBUG org.apache.http.impl.conn.PoolingHttpClientConnectionManager - Connection leased: [id: 38][route: {s}->https://nodejs-qa-training.herokuapp.com:443][total available: 0; route allocated: 1 of 5; total allocated: 1 of 10]
21:38:16.378 [ForkJoinPool-1-worker-1] DEBUG org.apache.http.impl.execchain.MainClientExec - Opening connection {s}->https://nodejs-qa-training.herokuapp.com:443
21:38:16.378 [ForkJoinPool-1-worker-1] DEBUG org.apache.http.impl.conn.DefaultHttpClientConnectionOperator - Connecting to nodejs-qa-training.herokuapp.com/52.20.101.119:443
21:38:16.378 [ForkJoinPool-1-worker-1] DEBUG org.apache.http.conn.ssl.SSLConnectionSocketFactory - Connecting socket to nodejs-qa-training.herokuapp.com/52.20.101.119:443 with timeout 30000
21:38:16.398 [ForkJoinPool-1-worker-3] DEBUG org.apache.http.conn.ssl.SSLConnectionSocketFactory - Enabled protocols: [TLSv1, TLSv1.1, TLSv1.2]
21:38:16.398 [ForkJoinPool-1-worker-3] DEBUG org.apache.http.conn.ssl.SSLConnectionSocketFactory - Enabled cipher suites:[TLS_ECDHE_ECDSA_WITH_AES_256_CBC_SHA384, TLS_ECDHE_RSA_WITH_AES_256_CBC_SHA384, TLS_RSA_WITH_AES_256_CBC_SHA256, TLS_ECDH_ECDSA_WITH_AES_256_CBC_SHA384, TLS_ECDH_RSA_WITH_AES_256_CBC_SHA384, TLS_DHE_RSA_WITH_AES_256_CBC_SHA256, TLS_DHE_DSS_WITH_AES_256_CBC_SHA256, TLS_ECDHE_ECDSA_WITH_AES_256_CBC_SHA, TLS_ECDHE_RSA_WITH_AES_256_CBC_SHA, TLS_RSA_WITH_AES_256_CBC_SHA, TLS_ECDH_ECDSA_WITH_AES_256_CBC_SHA, TLS_ECDH_RSA_WITH_AES_256_CBC_SHA, TLS_DHE_RSA_WITH_AES_256_CBC_SHA, TLS_DHE_DSS_WITH_AES_256_CBC_SHA, TLS_ECDHE_ECDSA_WITH_AES_128_CBC_SHA256, TLS_ECDHE_RSA_WITH_AES_128_CBC_SHA256, TLS_RSA_WITH_AES_128_CBC_SHA256, TLS_ECDH_ECDSA_WITH_AES_128_CBC_SHA256, TLS_ECDH_RSA_WITH_AES_128_CBC_SHA256, TLS_DHE_RSA_WITH_AES_128_CBC_SHA256, TLS_DHE_DSS_WITH_AES_128_CBC_SHA256, TLS_ECDHE_ECDSA_WITH_AES_128_CBC_SHA, TLS_ECDHE_RSA_WITH_AES_128_CBC_SHA, TLS_RSA_WITH_AES_128_CBC_SHA, TLS_ECDH_ECDSA_WITH_AES_128_CBC_SHA, TLS_ECDH_RSA_WITH_AES_128_CBC_SHA, TLS_DHE_RSA_WITH_AES_128_CBC_SHA, TLS_DHE_DSS_WITH_AES_128_CBC_SHA, TLS_ECDHE_ECDSA_WITH_AES_256_GCM_SHA384, TLS_ECDHE_ECDSA_WITH_AES_128_GCM_SHA256, TLS_ECDHE_RSA_WITH_AES_256_GCM_SHA384, TLS_RSA_WITH_AES_256_GCM_SHA384, TLS_ECDH_ECDSA_WITH_AES_256_GCM_SHA384, TLS_ECDH_RSA_WITH_AES_256_GCM_SHA384, TLS_DHE_RSA_WITH_AES_256_GCM_SHA384, TLS_DHE_DSS_WITH_AES_256_GCM_SHA384, TLS_ECDHE_RSA_WITH_AES_128_GCM_SHA256, TLS_RSA_WITH_AES_128_GCM_SHA256, TLS_ECDH_ECDSA_WITH_AES_128_GCM_SHA256, TLS_ECDH_RSA_WITH_AES_128_GCM_SHA256, TLS_DHE_RSA_WITH_AES_128_GCM_SHA256, TLS_DHE_DSS_WITH_AES_128_GCM_SHA256, TLS_EMPTY_RENEGOTIATION_INFO_SCSV]
21:38:16.398 [ForkJoinPool-1-worker-3] DEBUG org.apache.http.conn.ssl.SSLConnectionSocketFactory - Starting handshake
21:38:16.480 [ForkJoinPool-1-worker-1] DEBUG org.apache.http.conn.ssl.SSLConnectionSocketFactory - Enabled protocols: [TLSv1, TLSv1.1, TLSv1.2]
21:38:16.480 [ForkJoinPool-1-worker-1] DEBUG org.apache.http.conn.ssl.SSLConnectionSocketFactory - Enabled cipher suites:[TLS_ECDHE_ECDSA_WITH_AES_256_CBC_SHA384, TLS_ECDHE_RSA_WITH_AES_256_CBC_SHA384, TLS_RSA_WITH_AES_256_CBC_SHA256, TLS_ECDH_ECDSA_WITH_AES_256_CBC_SHA384, TLS_ECDH_RSA_WITH_AES_256_CBC_SHA384, TLS_DHE_RSA_WITH_AES_256_CBC_SHA256, TLS_DHE_DSS_WITH_AES_256_CBC_SHA256, TLS_ECDHE_ECDSA_WITH_AES_256_CBC_SHA, TLS_ECDHE_RSA_WITH_AES_256_CBC_SHA, TLS_RSA_WITH_AES_256_CBC_SHA, TLS_ECDH_ECDSA_WITH_AES_256_CBC_SHA, TLS_ECDH_RSA_WITH_AES_256_CBC_SHA, TLS_DHE_RSA_WITH_AES_256_CBC_SHA, TLS_DHE_DSS_WITH_AES_256_CBC_SHA, TLS_ECDHE_ECDSA_WITH_AES_128_CBC_SHA256, TLS_ECDHE_RSA_WITH_AES_128_CBC_SHA256, TLS_RSA_WITH_AES_128_CBC_SHA256, TLS_ECDH_ECDSA_WITH_AES_128_CBC_SHA256, TLS_ECDH_RSA_WITH_AES_128_CBC_SHA256, TLS_DHE_RSA_WITH_AES_128_CBC_SHA256, TLS_DHE_DSS_WITH_AES_128_CBC_SHA256, TLS_ECDHE_ECDSA_WITH_AES_128_CBC_SHA, TLS_ECDHE_RSA_WITH_AES_128_CBC_SHA, TLS_RSA_WITH_AES_128_CBC_SHA, TLS_ECDH_ECDSA_WITH_AES_128_CBC_SHA, TLS_ECDH_RSA_WITH_AES_128_CBC_SHA, TLS_DHE_RSA_WITH_AES_128_CBC_SHA, TLS_DHE_DSS_WITH_AES_128_CBC_SHA, TLS_ECDHE_ECDSA_WITH_AES_256_GCM_SHA384, TLS_ECDHE_ECDSA_WITH_AES_128_GCM_SHA256, TLS_ECDHE_RSA_WITH_AES_256_GCM_SHA384, TLS_RSA_WITH_AES_256_GCM_SHA384, TLS_ECDH_ECDSA_WITH_AES_256_GCM_SHA384, TLS_ECDH_RSA_WITH_AES_256_GCM_SHA384, TLS_DHE_RSA_WITH_AES_256_GCM_SHA384, TLS_DHE_DSS_WITH_AES_256_GCM_SHA384, TLS_ECDHE_RSA_WITH_AES_128_GCM_SHA256, TLS_RSA_WITH_AES_128_GCM_SHA256, TLS_ECDH_ECDSA_WITH_AES_128_GCM_SHA256, TLS_ECDH_RSA_WITH_AES_128_GCM_SHA256, TLS_DHE_RSA_WITH_AES_128_GCM_SHA256, TLS_DHE_DSS_WITH_AES_128_GCM_SHA256, TLS_EMPTY_RENEGOTIATION_INFO_SCSV]
21:38:16.480 [ForkJoinPool-1-worker-1] DEBUG org.apache.http.conn.ssl.SSLConnectionSocketFactory - Starting handshake
21:38:16.616 [ForkJoinPool-1-worker-2] DEBUG org.apache.http.conn.ssl.SSLConnectionSocketFactory - Secure session established
21:38:16.616 [ForkJoinPool-1-worker-2] DEBUG org.apache.http.conn.ssl.SSLConnectionSocketFactory -  negotiated protocol: TLSv1.2
21:38:16.616 [ForkJoinPool-1-worker-2] DEBUG org.apache.http.conn.ssl.SSLConnectionSocketFactory -  negotiated cipher suite: TLS_ECDHE_RSA_WITH_AES_128_GCM_SHA256
21:38:16.616 [ForkJoinPool-1-worker-2] DEBUG org.apache.http.conn.ssl.SSLConnectionSocketFactory -  peer principal: CN=*.herokuapp.com, O="Heroku, Inc.", L=San Francisco, ST=California, C=US
21:38:16.616 [ForkJoinPool-1-worker-2] DEBUG org.apache.http.conn.ssl.SSLConnectionSocketFactory -  peer alternative names: [*.herokuapp.com, herokuapp.com]
21:38:16.616 [ForkJoinPool-1-worker-2] DEBUG org.apache.http.conn.ssl.SSLConnectionSocketFactory -  issuer principal: CN=DigiCert SHA2 High Assurance Server CA, OU=www.digicert.com, O=DigiCert Inc, C=US
21:38:16.617 [ForkJoinPool-1-worker-2] DEBUG org.apache.http.impl.conn.DefaultHttpClientConnectionOperator - Connection established 192.168.1.7:51377<->52.20.101.119:443
21:38:16.617 [ForkJoinPool-1-worker-2] DEBUG org.apache.http.impl.conn.DefaultManagedHttpClientConnection - http-outgoing-36: set socket timeout to 30000
21:38:16.617 [ForkJoinPool-1-worker-2] DEBUG org.apache.http.impl.execchain.MainClientExec - Executing request POST /users/sessions/ HTTP/1.1
21:38:16.617 [ForkJoinPool-1-worker-2] DEBUG org.apache.http.impl.execchain.MainClientExec - Target auth state: UNCHALLENGED
21:38:16.617 [ForkJoinPool-1-worker-2] DEBUG org.apache.http.impl.execchain.MainClientExec - Proxy auth state: UNCHALLENGED
21:38:16.617 [ForkJoinPool-1-worker-2] DEBUG org.apache.http.headers - http-outgoing-36 >> POST /users/sessions/ HTTP/1.1
21:38:16.618 [ForkJoinPool-1-worker-2] DEBUG org.apache.http.headers - http-outgoing-36 >> Content-Type: application/json; charset=UTF-8
21:38:16.618 [ForkJoinPool-1-worker-2] DEBUG org.apache.http.headers - http-outgoing-36 >> Content-Length: 62
21:38:16.618 [ForkJoinPool-1-worker-2] DEBUG org.apache.http.headers - http-outgoing-36 >> Host: nodejs-qa-training.herokuapp.com
21:38:16.618 [ForkJoinPool-1-worker-2] DEBUG org.apache.http.headers - http-outgoing-36 >> Connection: Keep-Alive
21:38:16.618 [ForkJoinPool-1-worker-2] DEBUG org.apache.http.headers - http-outgoing-36 >> User-Agent: Apache-HttpClient/4.5.11 (Java/1.8.0_171)
21:38:16.618 [ForkJoinPool-1-worker-2] DEBUG org.apache.http.headers - http-outgoing-36 >> Accept-Encoding: gzip,deflate
21:38:16.618 [ForkJoinPool-1-worker-2] DEBUG org.apache.http.wire - http-outgoing-36 >> "POST /users/sessions/ HTTP/1.1[\r][\n]"
21:38:16.618 [ForkJoinPool-1-worker-2] DEBUG org.apache.http.wire - http-outgoing-36 >> "Content-Type: application/json; charset=UTF-8[\r][\n]"
21:38:16.618 [ForkJoinPool-1-worker-2] DEBUG org.apache.http.wire - http-outgoing-36 >> "Content-Length: 62[\r][\n]"
21:38:16.618 [ForkJoinPool-1-worker-2] DEBUG org.apache.http.wire - http-outgoing-36 >> "Host: nodejs-qa-training.herokuapp.com[\r][\n]"
21:38:16.618 [ForkJoinPool-1-worker-2] DEBUG org.apache.http.wire - http-outgoing-36 >> "Connection: Keep-Alive[\r][\n]"
21:38:16.618 [ForkJoinPool-1-worker-2] DEBUG org.apache.http.wire - http-outgoing-36 >> "User-Agent: Apache-HttpClient/4.5.11 (Java/1.8.0_171)[\r][\n]"
21:38:16.618 [ForkJoinPool-1-worker-2] DEBUG org.apache.http.wire - http-outgoing-36 >> "Accept-Encoding: gzip,deflate[\r][\n]"
21:38:16.618 [ForkJoinPool-1-worker-2] DEBUG org.apache.http.wire - http-outgoing-36 >> "[\r][\n]"
21:38:16.618 [ForkJoinPool-1-worker-2] DEBUG org.apache.http.wire - http-outgoing-36 >> "{"email":"admin@wolox.com.ar","password":"candidatoWolox2020"}"
21:38:16.708 [ForkJoinPool-1-worker-3] DEBUG org.apache.http.conn.ssl.SSLConnectionSocketFactory - Secure session established
21:38:16.710 [ForkJoinPool-1-worker-3] DEBUG org.apache.http.conn.ssl.SSLConnectionSocketFactory -  negotiated protocol: TLSv1.2
21:38:16.710 [ForkJoinPool-1-worker-3] DEBUG org.apache.http.conn.ssl.SSLConnectionSocketFactory -  negotiated cipher suite: TLS_ECDHE_RSA_WITH_AES_128_GCM_SHA256
21:38:16.710 [ForkJoinPool-1-worker-3] DEBUG org.apache.http.conn.ssl.SSLConnectionSocketFactory -  peer principal: CN=*.herokuapp.com, O="Heroku, Inc.", L=San Francisco, ST=California, C=US
21:38:16.710 [ForkJoinPool-1-worker-3] DEBUG org.apache.http.conn.ssl.SSLConnectionSocketFactory -  peer alternative names: [*.herokuapp.com, herokuapp.com]
21:38:16.710 [ForkJoinPool-1-worker-3] DEBUG org.apache.http.conn.ssl.SSLConnectionSocketFactory -  issuer principal: CN=DigiCert SHA2 High Assurance Server CA, OU=www.digicert.com, O=DigiCert Inc, C=US
21:38:16.710 [ForkJoinPool-1-worker-3] DEBUG org.apache.http.impl.conn.DefaultHttpClientConnectionOperator - Connection established 192.168.1.7:51378<->52.20.101.119:443
21:38:16.710 [ForkJoinPool-1-worker-3] DEBUG org.apache.http.impl.conn.DefaultManagedHttpClientConnection - http-outgoing-37: set socket timeout to 30000
21:38:16.710 [ForkJoinPool-1-worker-3] DEBUG org.apache.http.impl.execchain.MainClientExec - Executing request POST /users/sessions/ HTTP/1.1
21:38:16.710 [ForkJoinPool-1-worker-3] DEBUG org.apache.http.impl.execchain.MainClientExec - Target auth state: UNCHALLENGED
21:38:16.710 [ForkJoinPool-1-worker-3] DEBUG org.apache.http.impl.execchain.MainClientExec - Proxy auth state: UNCHALLENGED
21:38:16.710 [ForkJoinPool-1-worker-3] DEBUG org.apache.http.headers - http-outgoing-37 >> POST /users/sessions/ HTTP/1.1
21:38:16.710 [ForkJoinPool-1-worker-3] DEBUG org.apache.http.headers - http-outgoing-37 >> Content-Type: application/json; charset=UTF-8
21:38:16.710 [ForkJoinPool-1-worker-3] DEBUG org.apache.http.headers - http-outgoing-37 >> Content-Length: 56
21:38:16.710 [ForkJoinPool-1-worker-3] DEBUG org.apache.http.headers - http-outgoing-37 >> Host: nodejs-qa-training.herokuapp.com
21:38:16.710 [ForkJoinPool-1-worker-3] DEBUG org.apache.http.headers - http-outgoing-37 >> Connection: Keep-Alive
21:38:16.710 [ForkJoinPool-1-worker-3] DEBUG org.apache.http.headers - http-outgoing-37 >> User-Agent: Apache-HttpClient/4.5.11 (Java/1.8.0_171)
21:38:16.710 [ForkJoinPool-1-worker-3] DEBUG org.apache.http.headers - http-outgoing-37 >> Accept-Encoding: gzip,deflate
21:38:16.710 [ForkJoinPool-1-worker-3] DEBUG org.apache.http.wire - http-outgoing-37 >> "POST /users/sessions/ HTTP/1.1[\r][\n]"
21:38:16.710 [ForkJoinPool-1-worker-3] DEBUG org.apache.http.wire - http-outgoing-37 >> "Content-Type: application/json; charset=UTF-8[\r][\n]"
21:38:16.710 [ForkJoinPool-1-worker-3] DEBUG org.apache.http.wire - http-outgoing-37 >> "Content-Length: 56[\r][\n]"
21:38:16.710 [ForkJoinPool-1-worker-3] DEBUG org.apache.http.wire - http-outgoing-37 >> "Host: nodejs-qa-training.herokuapp.com[\r][\n]"
21:38:16.710 [ForkJoinPool-1-worker-3] DEBUG org.apache.http.wire - http-outgoing-37 >> "Connection: Keep-Alive[\r][\n]"
21:38:16.710 [ForkJoinPool-1-worker-3] DEBUG org.apache.http.wire - http-outgoing-37 >> "User-Agent: Apache-HttpClient/4.5.11 (Java/1.8.0_171)[\r][\n]"
21:38:16.710 [ForkJoinPool-1-worker-3] DEBUG org.apache.http.wire - http-outgoing-37 >> "Accept-Encoding: gzip,deflate[\r][\n]"
21:38:16.710 [ForkJoinPool-1-worker-3] DEBUG org.apache.http.wire - http-outgoing-37 >> "[\r][\n]"
21:38:16.710 [ForkJoinPool-1-worker-3] DEBUG org.apache.http.wire - http-outgoing-37 >> "{"email":"hernan00@wolox.com.ar","password":"Hernan123"}"
21:38:16.819 [ForkJoinPool-1-worker-1] DEBUG org.apache.http.conn.ssl.SSLConnectionSocketFactory - Secure session established
21:38:16.819 [ForkJoinPool-1-worker-1] DEBUG org.apache.http.conn.ssl.SSLConnectionSocketFactory -  negotiated protocol: TLSv1.2
21:38:16.819 [ForkJoinPool-1-worker-1] DEBUG org.apache.http.conn.ssl.SSLConnectionSocketFactory -  negotiated cipher suite: TLS_ECDHE_RSA_WITH_AES_128_GCM_SHA256
21:38:16.819 [ForkJoinPool-1-worker-1] DEBUG org.apache.http.conn.ssl.SSLConnectionSocketFactory -  peer principal: CN=*.herokuapp.com, O="Heroku, Inc.", L=San Francisco, ST=California, C=US
21:38:16.819 [ForkJoinPool-1-worker-1] DEBUG org.apache.http.conn.ssl.SSLConnectionSocketFactory -  peer alternative names: [*.herokuapp.com, herokuapp.com]
21:38:16.819 [ForkJoinPool-1-worker-1] DEBUG org.apache.http.conn.ssl.SSLConnectionSocketFactory -  issuer principal: CN=DigiCert SHA2 High Assurance Server CA, OU=www.digicert.com, O=DigiCert Inc, C=US
21:38:16.819 [ForkJoinPool-1-worker-1] DEBUG org.apache.http.impl.conn.DefaultHttpClientConnectionOperator - Connection established 192.168.1.7:51379<->52.20.101.119:443
21:38:16.819 [ForkJoinPool-1-worker-1] DEBUG org.apache.http.impl.conn.DefaultManagedHttpClientConnection - http-outgoing-38: set socket timeout to 30000
21:38:16.819 [ForkJoinPool-1-worker-1] DEBUG org.apache.http.impl.execchain.MainClientExec - Executing request GET /albums/95/photos HTTP/1.1
21:38:16.819 [ForkJoinPool-1-worker-1] DEBUG org.apache.http.impl.execchain.MainClientExec - Proxy auth state: UNCHALLENGED
21:38:16.819 [ForkJoinPool-1-worker-1] DEBUG org.apache.http.headers - http-outgoing-38 >> GET /albums/95/photos HTTP/1.1
21:38:16.819 [ForkJoinPool-1-worker-1] DEBUG org.apache.http.headers - http-outgoing-38 >> Content-Type: application/json
21:38:16.819 [ForkJoinPool-1-worker-1] DEBUG org.apache.http.headers - http-outgoing-38 >> Authorization: eyJ0eXAiOiJKV1QiLCJhbGciOiJIUzI1NiJ9.eyJ1c2VySWQiOjI1OCwicm9sZSI6InJlZ3VsYXIiLCJpYXQiOjE2MDAxMzc0OTYuMjI4LCJleHAiOjE2MDAxMzkyOTYuMjI4fQ.u1946Vq9tTCqNh9oJIf7FpL6BjdJ6pLUGf2Pdp5qo38
21:38:16.819 [ForkJoinPool-1-worker-1] DEBUG org.apache.http.headers - http-outgoing-38 >> Host: nodejs-qa-training.herokuapp.com
21:38:16.819 [ForkJoinPool-1-worker-1] DEBUG org.apache.http.headers - http-outgoing-38 >> Connection: Keep-Alive
21:38:16.819 [ForkJoinPool-1-worker-1] DEBUG org.apache.http.headers - http-outgoing-38 >> User-Agent: Apache-HttpClient/4.5.11 (Java/1.8.0_171)
21:38:16.819 [ForkJoinPool-1-worker-1] DEBUG org.apache.http.headers - http-outgoing-38 >> Accept-Encoding: gzip,deflate
21:38:16.819 [ForkJoinPool-1-worker-1] DEBUG org.apache.http.wire - http-outgoing-38 >> "GET /albums/95/photos HTTP/1.1[\r][\n]"
21:38:16.819 [ForkJoinPool-1-worker-1] DEBUG org.apache.http.wire - http-outgoing-38 >> "Content-Type: application/json[\r][\n]"
21:38:16.819 [ForkJoinPool-1-worker-1] DEBUG org.apache.http.wire - http-outgoing-38 >> "Authorization: eyJ0eXAiOiJKV1QiLCJhbGciOiJIUzI1NiJ9.eyJ1c2VySWQiOjI1OCwicm9sZSI6InJlZ3VsYXIiLCJpYXQiOjE2MDAxMzc0OTYuMjI4LCJleHAiOjE2MDAxMzkyOTYuMjI4fQ.u1946Vq9tTCqNh9oJIf7FpL6BjdJ6pLUGf2Pdp5qo38[\r][\n]"
21:38:16.819 [ForkJoinPool-1-worker-1] DEBUG org.apache.http.wire - http-outgoing-38 >> "Host: nodejs-qa-training.herokuapp.com[\r][\n]"
21:38:16.819 [ForkJoinPool-1-worker-1] DEBUG org.apache.http.wire - http-outgoing-38 >> "Connection: Keep-Alive[\r][\n]"
21:38:16.819 [ForkJoinPool-1-worker-1] DEBUG org.apache.http.wire - http-outgoing-38 >> "User-Agent: Apache-HttpClient/4.5.11 (Java/1.8.0_171)[\r][\n]"
21:38:16.819 [ForkJoinPool-1-worker-1] DEBUG org.apache.http.wire - http-outgoing-38 >> "Accept-Encoding: gzip,deflate[\r][\n]"
21:38:16.819 [ForkJoinPool-1-worker-1] DEBUG org.apache.http.wire - http-outgoing-38 >> "[\r][\n]"
21:38:16.911 [ForkJoinPool-1-worker-2] DEBUG org.apache.http.wire - http-outgoing-36 << "HTTP/1.1 200 OK[\r][\n]"
21:38:16.911 [ForkJoinPool-1-worker-2] DEBUG org.apache.http.wire - http-outgoing-36 << "Server: Cowboy[\r][\n]"
21:38:16.911 [ForkJoinPool-1-worker-2] DEBUG org.apache.http.wire - http-outgoing-36 << "Connection: keep-alive[\r][\n]"
21:38:16.911 [ForkJoinPool-1-worker-2] DEBUG org.apache.http.wire - http-outgoing-36 << "X-Powered-By: Express[\r][\n]"
21:38:16.911 [ForkJoinPool-1-worker-2] DEBUG org.apache.http.wire - http-outgoing-36 << "Authorization: eyJ0eXAiOiJKV1QiLCJhbGciOiJIUzI1NiJ9.eyJ1c2VySWQiOjE0Niwicm9sZSI6ImFkbWluIiwiaWF0IjoxNjAwMTM3NDk3LjMxMywiZXhwIjoxNjAwMTM5Mjk3LjMxM30.H0oc15pAi9vLgdvRiWNzYfuWAqW6afEDHDR0mJ_BRME[\r][\n]"
21:38:16.911 [ForkJoinPool-1-worker-2] DEBUG org.apache.http.wire - http-outgoing-36 << "Content-Type: application/json; charset=utf-8[\r][\n]"
21:38:16.911 [ForkJoinPool-1-worker-2] DEBUG org.apache.http.wire - http-outgoing-36 << "Content-Length: 51[\r][\n]"
21:38:16.911 [ForkJoinPool-1-worker-2] DEBUG org.apache.http.wire - http-outgoing-36 << "Etag: W/"33-gLI5a1+kTj5bod6kCHaPx4QWZlM"[\r][\n]"
21:38:16.911 [ForkJoinPool-1-worker-2] DEBUG org.apache.http.wire - http-outgoing-36 << "Date: Tue, 15 Sep 2020 02:38:17 GMT[\r][\n]"
21:38:16.911 [ForkJoinPool-1-worker-2] DEBUG org.apache.http.wire - http-outgoing-36 << "Via: 1.1 vegur[\r][\n]"
21:38:16.911 [ForkJoinPool-1-worker-2] DEBUG org.apache.http.wire - http-outgoing-36 << "[\r][\n]"
21:38:16.911 [ForkJoinPool-1-worker-2] DEBUG org.apache.http.wire - http-outgoing-36 << "{"user_id":146,"token_expires_at":"1600139297.313"}"
21:38:16.911 [ForkJoinPool-1-worker-2] DEBUG org.apache.http.headers - http-outgoing-36 << HTTP/1.1 200 OK
21:38:16.911 [ForkJoinPool-1-worker-2] DEBUG org.apache.http.headers - http-outgoing-36 << Server: Cowboy
21:38:16.911 [ForkJoinPool-1-worker-2] DEBUG org.apache.http.headers - http-outgoing-36 << Connection: keep-alive
21:38:16.911 [ForkJoinPool-1-worker-2] DEBUG org.apache.http.headers - http-outgoing-36 << X-Powered-By: Express
21:38:16.911 [ForkJoinPool-1-worker-2] DEBUG org.apache.http.headers - http-outgoing-36 << Authorization: eyJ0eXAiOiJKV1QiLCJhbGciOiJIUzI1NiJ9.eyJ1c2VySWQiOjE0Niwicm9sZSI6ImFkbWluIiwiaWF0IjoxNjAwMTM3NDk3LjMxMywiZXhwIjoxNjAwMTM5Mjk3LjMxM30.H0oc15pAi9vLgdvRiWNzYfuWAqW6afEDHDR0mJ_BRME
21:38:16.911 [ForkJoinPool-1-worker-2] DEBUG org.apache.http.headers - http-outgoing-36 << Content-Type: application/json; charset=utf-8
21:38:16.911 [ForkJoinPool-1-worker-2] DEBUG org.apache.http.headers - http-outgoing-36 << Content-Length: 51
21:38:16.911 [ForkJoinPool-1-worker-2] DEBUG org.apache.http.headers - http-outgoing-36 << Etag: W/"33-gLI5a1+kTj5bod6kCHaPx4QWZlM"
21:38:16.911 [ForkJoinPool-1-worker-2] DEBUG org.apache.http.headers - http-outgoing-36 << Date: Tue, 15 Sep 2020 02:38:17 GMT
21:38:16.911 [ForkJoinPool-1-worker-2] DEBUG org.apache.http.headers - http-outgoing-36 << Via: 1.1 vegur
21:38:16.911 [ForkJoinPool-1-worker-2] DEBUG org.apache.http.impl.execchain.MainClientExec - Connection can be kept alive indefinitely
21:38:16.911 [ForkJoinPool-1-worker-2] DEBUG org.apache.http.impl.conn.PoolingHttpClientConnectionManager - Connection [id: 36][route: {s}->https://nodejs-qa-training.herokuapp.com:443] can be kept alive indefinitely
21:38:16.911 [ForkJoinPool-1-worker-2] DEBUG org.apache.http.impl.conn.DefaultManagedHttpClientConnection - http-outgoing-36: set socket timeout to 0
21:38:16.911 [ForkJoinPool-1-worker-2] DEBUG org.apache.http.impl.conn.PoolingHttpClientConnectionManager - Connection released: [id: 36][route: {s}->https://nodejs-qa-training.herokuapp.com:443][total available: 1; route allocated: 1 of 5; total allocated: 1 of 10]
21:38:16.911 [ForkJoinPool-1-worker-2] DEBUG com.intuit.karate - response time in milliseconds: 706,34
1 < 200
1 < Authorization: eyJ0eXAiOiJKV1QiLCJhbGciOiJIUzI1NiJ9.eyJ1c2VySWQiOjE0Niwicm9sZSI6ImFkbWluIiwiaWF0IjoxNjAwMTM3NDk3LjMxMywiZXhwIjoxNjAwMTM5Mjk3LjMxM30.H0oc15pAi9vLgdvRiWNzYfuWAqW6afEDHDR0mJ_BRME
1 < Connection: keep-alive
1 < Content-Length: 51
1 < Content-Type: application/json; charset=utf-8
1 < Date: Tue, 15 Sep 2020 02:38:17 GMT
1 < Etag: W/"33-gLI5a1+kTj5bod6kCHaPx4QWZlM"
1 < Server: Cowboy
1 < Via: 1.1 vegur
1 < X-Powered-By: Express
{"user_id":146,"token_expires_at":"1600139297.313"}

21:38:16.911 [ForkJoinPool-1-worker-2] DEBUG com.jayway.jsonpath.internal.path.CompiledPath - Evaluating path: $
21:38:16.911 [ForkJoinPool-1-worker-2] INFO com.intuit.karate - [print] {
  "token_expires_at": "1600139297.313",
  "user_id": 146
}

21:38:16.911 [ForkJoinPool-1-worker-2] INFO com.intuit.karate - [print] eyJ0eXAiOiJKV1QiLCJhbGciOiJIUzI1NiJ9.eyJ1c2VySWQiOjE0Niwicm9sZSI6ImFkbWluIiwiaWF0IjoxNjAwMTM3NDk3LjMxMywiZXhwIjoxNjAwMTM5Mjk3LjMxM30.H0oc15pAi9vLgdvRiWNzYfuWAqW6afEDHDR0mJ_BRME
21:38:16.911 [ForkJoinPool-1-worker-2] DEBUG com.jayway.jsonpath.internal.path.CompiledPath - Evaluating path: $['user_id']
21:38:16.927 [ForkJoinPool-1-worker-2] DEBUG com.jayway.jsonpath.internal.path.CompiledPath - Evaluating path: $
21:38:16.927 [ForkJoinPool-1-worker-2] DEBUG com.jayway.jsonpath.internal.path.CompiledPath - Evaluating path: $
21:38:16.927 [ForkJoinPool-1-worker-2] DEBUG com.jayway.jsonpath.internal.path.CompiledPath - Evaluating path: $
21:38:16.927 [ForkJoinPool-1-worker-2] DEBUG com.jayway.jsonpath.internal.path.CompiledPath - Evaluating path: $['Authorization'][0]
21:38:16.927 [ForkJoinPool-1-worker-2] DEBUG org.apache.http.client.protocol.RequestAddCookies - CookieSpec selected: karate
21:38:16.927 [ForkJoinPool-1-worker-2] DEBUG org.apache.http.client.protocol.RequestAuthCache - Auth cache not set in the context
21:38:16.927 [ForkJoinPool-1-worker-2] DEBUG com.intuit.karate - request:
1 > GET https://nodejs-qa-training.herokuapp.com/albums
1 > Accept-Encoding: gzip,deflate
1 > Authorization: eyJ0eXAiOiJKV1QiLCJhbGciOiJIUzI1NiJ9.eyJ1c2VySWQiOjE0Niwicm9sZSI6ImFkbWluIiwiaWF0IjoxNjAwMTM3NDk3LjMxMywiZXhwIjoxNjAwMTM5Mjk3LjMxM30.H0oc15pAi9vLgdvRiWNzYfuWAqW6afEDHDR0mJ_BRME
1 > Connection: Keep-Alive
1 > Content-Type: application/json
1 > Host: nodejs-qa-training.herokuapp.com
1 > User-Agent: Apache-HttpClient/4.5.11 (Java/1.8.0_171)

21:38:16.927 [ForkJoinPool-1-worker-2] DEBUG org.apache.http.impl.conn.PoolingHttpClientConnectionManager - Connection request: [route: {s}->https://nodejs-qa-training.herokuapp.com:443][total available: 0; route allocated: 0 of 5; total allocated: 0 of 10]
21:38:16.927 [ForkJoinPool-1-worker-2] DEBUG org.apache.http.impl.conn.PoolingHttpClientConnectionManager - Connection leased: [id: 39][route: {s}->https://nodejs-qa-training.herokuapp.com:443][total available: 0; route allocated: 1 of 5; total allocated: 1 of 10]
21:38:16.927 [ForkJoinPool-1-worker-2] DEBUG org.apache.http.impl.execchain.MainClientExec - Opening connection {s}->https://nodejs-qa-training.herokuapp.com:443
21:38:16.927 [ForkJoinPool-1-worker-2] DEBUG org.apache.http.impl.conn.DefaultHttpClientConnectionOperator - Connecting to nodejs-qa-training.herokuapp.com/52.20.101.119:443
21:38:16.927 [ForkJoinPool-1-worker-2] DEBUG org.apache.http.conn.ssl.SSLConnectionSocketFactory - Connecting socket to nodejs-qa-training.herokuapp.com/52.20.101.119:443 with timeout 30000
21:38:16.989 [ForkJoinPool-1-worker-3] DEBUG org.apache.http.wire - http-outgoing-37 << "HTTP/1.1 200 OK[\r][\n]"
21:38:16.989 [ForkJoinPool-1-worker-3] DEBUG org.apache.http.wire - http-outgoing-37 << "Server: Cowboy[\r][\n]"
21:38:16.989 [ForkJoinPool-1-worker-3] DEBUG org.apache.http.wire - http-outgoing-37 << "Connection: keep-alive[\r][\n]"
21:38:16.989 [ForkJoinPool-1-worker-3] DEBUG org.apache.http.wire - http-outgoing-37 << "X-Powered-By: Express[\r][\n]"
21:38:16.989 [ForkJoinPool-1-worker-3] DEBUG org.apache.http.wire - http-outgoing-37 << "Authorization: eyJ0eXAiOiJKV1QiLCJhbGciOiJIUzI1NiJ9.eyJ1c2VySWQiOjI1OCwicm9sZSI6InJlZ3VsYXIiLCJpYXQiOjE2MDAxMzc0OTcuNDQ5LCJleHAiOjE2MDAxMzkyOTcuNDQ5fQ.Tihc-f-dbmJJL90Uc1lt0_dljXnuWzBVZyaU1q5xGXU[\r][\n]"
21:38:16.989 [ForkJoinPool-1-worker-3] DEBUG org.apache.http.wire - http-outgoing-37 << "Content-Type: application/json; charset=utf-8[\r][\n]"
21:38:16.989 [ForkJoinPool-1-worker-3] DEBUG org.apache.http.wire - http-outgoing-37 << "Content-Length: 51[\r][\n]"
21:38:16.989 [ForkJoinPool-1-worker-3] DEBUG org.apache.http.wire - http-outgoing-37 << "Etag: W/"33-XLy8hA4htjGHkke63MHFKzO95PM"[\r][\n]"
21:38:16.989 [ForkJoinPool-1-worker-3] DEBUG org.apache.http.wire - http-outgoing-37 << "Date: Tue, 15 Sep 2020 02:38:17 GMT[\r][\n]"
21:38:16.989 [ForkJoinPool-1-worker-3] DEBUG org.apache.http.wire - http-outgoing-37 << "Via: 1.1 vegur[\r][\n]"
21:38:16.989 [ForkJoinPool-1-worker-3] DEBUG org.apache.http.wire - http-outgoing-37 << "[\r][\n]"
21:38:16.989 [ForkJoinPool-1-worker-3] DEBUG org.apache.http.wire - http-outgoing-37 << "{"user_id":258,"token_expires_at":"1600139297.449"}"
21:38:16.989 [ForkJoinPool-1-worker-3] DEBUG org.apache.http.headers - http-outgoing-37 << HTTP/1.1 200 OK
21:38:16.989 [ForkJoinPool-1-worker-3] DEBUG org.apache.http.headers - http-outgoing-37 << Server: Cowboy
21:38:16.989 [ForkJoinPool-1-worker-3] DEBUG org.apache.http.headers - http-outgoing-37 << Connection: keep-alive
21:38:16.989 [ForkJoinPool-1-worker-3] DEBUG org.apache.http.headers - http-outgoing-37 << X-Powered-By: Express
21:38:16.989 [ForkJoinPool-1-worker-3] DEBUG org.apache.http.headers - http-outgoing-37 << Authorization: eyJ0eXAiOiJKV1QiLCJhbGciOiJIUzI1NiJ9.eyJ1c2VySWQiOjI1OCwicm9sZSI6InJlZ3VsYXIiLCJpYXQiOjE2MDAxMzc0OTcuNDQ5LCJleHAiOjE2MDAxMzkyOTcuNDQ5fQ.Tihc-f-dbmJJL90Uc1lt0_dljXnuWzBVZyaU1q5xGXU
21:38:16.989 [ForkJoinPool-1-worker-3] DEBUG org.apache.http.headers - http-outgoing-37 << Content-Type: application/json; charset=utf-8
21:38:16.989 [ForkJoinPool-1-worker-3] DEBUG org.apache.http.headers - http-outgoing-37 << Content-Length: 51
21:38:16.989 [ForkJoinPool-1-worker-3] DEBUG org.apache.http.headers - http-outgoing-37 << Etag: W/"33-XLy8hA4htjGHkke63MHFKzO95PM"
21:38:16.989 [ForkJoinPool-1-worker-3] DEBUG org.apache.http.headers - http-outgoing-37 << Date: Tue, 15 Sep 2020 02:38:17 GMT
21:38:16.989 [ForkJoinPool-1-worker-3] DEBUG org.apache.http.headers - http-outgoing-37 << Via: 1.1 vegur
21:38:16.989 [ForkJoinPool-1-worker-3] DEBUG org.apache.http.impl.execchain.MainClientExec - Connection can be kept alive indefinitely
21:38:17.005 [ForkJoinPool-1-worker-3] DEBUG org.apache.http.impl.conn.PoolingHttpClientConnectionManager - Connection [id: 37][route: {s}->https://nodejs-qa-training.herokuapp.com:443] can be kept alive indefinitely
21:38:17.005 [ForkJoinPool-1-worker-3] DEBUG org.apache.http.impl.conn.DefaultManagedHttpClientConnection - http-outgoing-37: set socket timeout to 0
21:38:17.005 [ForkJoinPool-1-worker-3] DEBUG org.apache.http.impl.conn.PoolingHttpClientConnectionManager - Connection released: [id: 37][route: {s}->https://nodejs-qa-training.herokuapp.com:443][total available: 1; route allocated: 1 of 5; total allocated: 1 of 10]
21:38:17.005 [ForkJoinPool-1-worker-3] DEBUG com.intuit.karate - response time in milliseconds: 710,76
1 < 200
1 < Authorization: eyJ0eXAiOiJKV1QiLCJhbGciOiJIUzI1NiJ9.eyJ1c2VySWQiOjI1OCwicm9sZSI6InJlZ3VsYXIiLCJpYXQiOjE2MDAxMzc0OTcuNDQ5LCJleHAiOjE2MDAxMzkyOTcuNDQ5fQ.Tihc-f-dbmJJL90Uc1lt0_dljXnuWzBVZyaU1q5xGXU
1 < Connection: keep-alive
1 < Content-Length: 51
1 < Content-Type: application/json; charset=utf-8
1 < Date: Tue, 15 Sep 2020 02:38:17 GMT
1 < Etag: W/"33-XLy8hA4htjGHkke63MHFKzO95PM"
1 < Server: Cowboy
1 < Via: 1.1 vegur
1 < X-Powered-By: Express
{"user_id":258,"token_expires_at":"1600139297.449"}

21:38:17.005 [ForkJoinPool-1-worker-3] DEBUG com.jayway.jsonpath.internal.path.CompiledPath - Evaluating path: $
21:38:17.005 [ForkJoinPool-1-worker-3] INFO com.intuit.karate - [print] {
  "token_expires_at": "1600139297.449",
  "user_id": 258
}

21:38:17.005 [ForkJoinPool-1-worker-3] INFO com.intuit.karate - [print] eyJ0eXAiOiJKV1QiLCJhbGciOiJIUzI1NiJ9.eyJ1c2VySWQiOjI1OCwicm9sZSI6InJlZ3VsYXIiLCJpYXQiOjE2MDAxMzc0OTcuNDQ5LCJleHAiOjE2MDAxMzkyOTcuNDQ5fQ.Tihc-f-dbmJJL90Uc1lt0_dljXnuWzBVZyaU1q5xGXU
21:38:17.005 [ForkJoinPool-1-worker-3] DEBUG com.jayway.jsonpath.internal.path.CompiledPath - Evaluating path: $['user_id']
21:38:17.005 [ForkJoinPool-1-worker-2] DEBUG org.apache.http.conn.ssl.SSLConnectionSocketFactory - Enabled protocols: [TLSv1, TLSv1.1, TLSv1.2]
21:38:17.005 [ForkJoinPool-1-worker-2] DEBUG org.apache.http.conn.ssl.SSLConnectionSocketFactory - Enabled cipher suites:[TLS_ECDHE_ECDSA_WITH_AES_256_CBC_SHA384, TLS_ECDHE_RSA_WITH_AES_256_CBC_SHA384, TLS_RSA_WITH_AES_256_CBC_SHA256, TLS_ECDH_ECDSA_WITH_AES_256_CBC_SHA384, TLS_ECDH_RSA_WITH_AES_256_CBC_SHA384, TLS_DHE_RSA_WITH_AES_256_CBC_SHA256, TLS_DHE_DSS_WITH_AES_256_CBC_SHA256, TLS_ECDHE_ECDSA_WITH_AES_256_CBC_SHA, TLS_ECDHE_RSA_WITH_AES_256_CBC_SHA, TLS_RSA_WITH_AES_256_CBC_SHA, TLS_ECDH_ECDSA_WITH_AES_256_CBC_SHA, TLS_ECDH_RSA_WITH_AES_256_CBC_SHA, TLS_DHE_RSA_WITH_AES_256_CBC_SHA, TLS_DHE_DSS_WITH_AES_256_CBC_SHA, TLS_ECDHE_ECDSA_WITH_AES_128_CBC_SHA256, TLS_ECDHE_RSA_WITH_AES_128_CBC_SHA256, TLS_RSA_WITH_AES_128_CBC_SHA256, TLS_ECDH_ECDSA_WITH_AES_128_CBC_SHA256, TLS_ECDH_RSA_WITH_AES_128_CBC_SHA256, TLS_DHE_RSA_WITH_AES_128_CBC_SHA256, TLS_DHE_DSS_WITH_AES_128_CBC_SHA256, TLS_ECDHE_ECDSA_WITH_AES_128_CBC_SHA, TLS_ECDHE_RSA_WITH_AES_128_CBC_SHA, TLS_RSA_WITH_AES_128_CBC_SHA, TLS_ECDH_ECDSA_WITH_AES_128_CBC_SHA, TLS_ECDH_RSA_WITH_AES_128_CBC_SHA, TLS_DHE_RSA_WITH_AES_128_CBC_SHA, TLS_DHE_DSS_WITH_AES_128_CBC_SHA, TLS_ECDHE_ECDSA_WITH_AES_256_GCM_SHA384, TLS_ECDHE_ECDSA_WITH_AES_128_GCM_SHA256, TLS_ECDHE_RSA_WITH_AES_256_GCM_SHA384, TLS_RSA_WITH_AES_256_GCM_SHA384, TLS_ECDH_ECDSA_WITH_AES_256_GCM_SHA384, TLS_ECDH_RSA_WITH_AES_256_GCM_SHA384, TLS_DHE_RSA_WITH_AES_256_GCM_SHA384, TLS_DHE_DSS_WITH_AES_256_GCM_SHA384, TLS_ECDHE_RSA_WITH_AES_128_GCM_SHA256, TLS_RSA_WITH_AES_128_GCM_SHA256, TLS_ECDH_ECDSA_WITH_AES_128_GCM_SHA256, TLS_ECDH_RSA_WITH_AES_128_GCM_SHA256, TLS_DHE_RSA_WITH_AES_128_GCM_SHA256, TLS_DHE_DSS_WITH_AES_128_GCM_SHA256, TLS_EMPTY_RENEGOTIATION_INFO_SCSV]
21:38:17.005 [ForkJoinPool-1-worker-2] DEBUG org.apache.http.conn.ssl.SSLConnectionSocketFactory - Starting handshake
21:38:17.028 [ForkJoinPool-1-worker-3] DEBUG com.jayway.jsonpath.internal.path.CompiledPath - Evaluating path: $
21:38:17.028 [ForkJoinPool-1-worker-3] DEBUG com.jayway.jsonpath.internal.path.CompiledPath - Evaluating path: $
21:38:17.029 [ForkJoinPool-1-worker-3] DEBUG com.jayway.jsonpath.internal.path.CompiledPath - Evaluating path: $
21:38:17.029 [ForkJoinPool-1-worker-3] DEBUG com.jayway.jsonpath.internal.path.CompiledPath - Evaluating path: $['Authorization'][0]
21:38:17.036 [ForkJoinPool-1-worker-3] DEBUG org.apache.http.client.protocol.RequestAddCookies - CookieSpec selected: karate
21:38:17.036 [ForkJoinPool-1-worker-3] DEBUG org.apache.http.client.protocol.RequestAuthCache - Auth cache not set in the context
21:38:17.036 [ForkJoinPool-1-worker-3] DEBUG com.intuit.karate - request:
1 > GET https://nodejs-qa-training.herokuapp.com/albums
1 > Accept-Encoding: gzip,deflate
1 > Authorization: kadjADAhOLAIyysfhkalsdHKLsdASDADGDFGJD
1 > Connection: Keep-Alive
1 > Content-Type: application/json
1 > Host: nodejs-qa-training.herokuapp.com
1 > User-Agent: Apache-HttpClient/4.5.11 (Java/1.8.0_171)

21:38:17.037 [ForkJoinPool-1-worker-3] DEBUG org.apache.http.impl.conn.PoolingHttpClientConnectionManager - Connection request: [route: {s}->https://nodejs-qa-training.herokuapp.com:443][total available: 0; route allocated: 0 of 5; total allocated: 0 of 10]
21:38:17.037 [ForkJoinPool-1-worker-3] DEBUG org.apache.http.impl.conn.PoolingHttpClientConnectionManager - Connection leased: [id: 40][route: {s}->https://nodejs-qa-training.herokuapp.com:443][total available: 0; route allocated: 1 of 5; total allocated: 1 of 10]
21:38:17.037 [ForkJoinPool-1-worker-3] DEBUG org.apache.http.impl.execchain.MainClientExec - Opening connection {s}->https://nodejs-qa-training.herokuapp.com:443
21:38:17.037 [ForkJoinPool-1-worker-3] DEBUG org.apache.http.impl.conn.DefaultHttpClientConnectionOperator - Connecting to nodejs-qa-training.herokuapp.com/52.20.101.119:443
21:38:17.037 [ForkJoinPool-1-worker-3] DEBUG org.apache.http.conn.ssl.SSLConnectionSocketFactory - Connecting socket to nodejs-qa-training.herokuapp.com/52.20.101.119:443 with timeout 30000
21:38:17.075 [ForkJoinPool-1-worker-1] DEBUG org.apache.http.wire - http-outgoing-38 << "HTTP/1.1 200 OK[\r][\n]"
21:38:17.075 [ForkJoinPool-1-worker-1] DEBUG org.apache.http.wire - http-outgoing-38 << "Server: Cowboy[\r][\n]"
21:38:17.075 [ForkJoinPool-1-worker-1] DEBUG org.apache.http.wire - http-outgoing-38 << "Connection: keep-alive[\r][\n]"
21:38:17.075 [ForkJoinPool-1-worker-1] DEBUG org.apache.http.wire - http-outgoing-38 << "X-Powered-By: Express[\r][\n]"
21:38:17.075 [ForkJoinPool-1-worker-1] DEBUG org.apache.http.wire - http-outgoing-38 << "Content-Type: application/json; charset=utf-8[\r][\n]"
21:38:17.075 [ForkJoinPool-1-worker-1] DEBUG org.apache.http.wire - http-outgoing-38 << "Content-Length: 9112[\r][\n]"
21:38:17.075 [ForkJoinPool-1-worker-1] DEBUG org.apache.http.wire - http-outgoing-38 << "Etag: W/"2398-int9021JBOw8bbD5dOGiW4Q47W4"[\r][\n]"
21:38:17.075 [ForkJoinPool-1-worker-1] DEBUG org.apache.http.wire - http-outgoing-38 << "Date: Tue, 15 Sep 2020 02:38:17 GMT[\r][\n]"
21:38:17.075 [ForkJoinPool-1-worker-1] DEBUG org.apache.http.wire - http-outgoing-38 << "Via: 1.1 vegur[\r][\n]"
21:38:17.075 [ForkJoinPool-1-worker-1] DEBUG org.apache.http.wire - http-outgoing-38 << "[\r][\n]"
21:38:17.075 [ForkJoinPool-1-worker-1] DEBUG org.apache.http.wire - http-outgoing-38 << "[{"album_id":95,"id":4701,"title":"eum reprehenderit vel","url":"https://via.placeholder.com/600/29dd1f","thumbnail_url":"https://via.placeholder.com/150/29dd1f"},{"album_id":95,"id":4702,"title":"temporibus minus occaecati nostrum quia ut alias","url":"https://via.placeholder.com/600/7e4f06","thumbnail_url":"https://via.placeholder.com/150/7e4f06"},{"album_id":95,"id":4703,"title":"suscipit tempore non placeat nihil pariatur vel omnis","url":"https://via.placeholder.com/600/9d3d94","thumbnail_url":"https://via.placeholder.com/150/9d3d94"},{"album_id":95,"id":4704,"title":"culpa fugit consequatur architecto aperiam et et beatae","url":"https://via.placeholder.com/600/1e03cd","thumbnail_url":"https://via.placeholder.com/150/1e03cd"},{"album_id":95,"id":4705,"title":"numquam sit sed vitae eum sunt velit corrupti nostrum","url":"https://via.placeholder.com/600/706733","thumbnail_url":"https://via.placeholder.com/150/706733"},{"album_id":95,"id":4706,"title":"itaque deleniti distinctio saepe sit dolores unde amet ea","url":"https://via.placeholder.com/600/5de18a","thumbnail_url":"https://via.placeholder.com/150/5de18a"},{"album_id":95,"id":4707,"title":"dolorem veritatis voluptatem dolor autem voluptas eum iusto","url":"https://via.placeholder.com/600/2d7c19","thumbnail_url":"https://via.placeholder.com/150/2d7c19"},{"album_id":95,"id":4708,"title":"maxime consequatur quo id cumque quos","url":"https://via.placeholder.com/600/c86657","thumbnail_url":"https://via.placeholder.com/150/c86657"},{"album_id":95,"id":4709,"title":"culpa facere quaerat enim reiciendis est eos","url":"https://via.placeholder.com/600/4da9bc","thumbnail_url":"https://via.placeholder.com/150/4da9bc"},{"album_id":95,"id":4710,"title":"est numquam eius voluptates dolores dicta et adipisci","url":"https://via.placeholder.com/600/772886","thumbnail_url":"https://via.placeholder.com/150/772886"},{"album_id":95,"id":4711,"title":"qui veritatis consequatur perferendis et asperiores","url":"https://via.placeholder.com/600/7072b4","thumbnail_url":"https://via.placeholder.com/150/7072b4"},{"album_id":95,"id":4712,"title":"aut et ut","url":"https://via.placeholder.com/600/78697e","thumbnail_url":"https://via.placeholder.com/150/78697e"},{"album_id":95,"id":4713,"title":"quod quas cupiditate modi exercitationem cum quo","url":"https://via.placeholder.com/600/96b603","thumbnail_url":"https://via.placeholder.com/150/96b603"},{"album_id":95,"id":4714,"title":"porro et omnis aliquam consequatur","url":"https://via.placeholder.com/600/57ae8f","thumbnail_url":"https://via.placeholder.com/150/57ae8f"},{"album_id":95,"id":4715,"title":"reprehenderit placeat dolor consequatur","url":"https://via.placeholder.com/600/fc6462","thumbnail_url":"https://via.placeholder.com/150/fc6462"},{"album_id":95,"id":4716,"title":"vitae similique sit doloremque rem eos repellendus reiciendis distinctio","url":"https://via.placeholder.com/600/be1d4f","thumbnail_url":"https://via.placeholder.com/150/be1d4f"},{"album_id":95,"id":4717,"title":"eligendi fugit velit","url":"https://via.placeholder.com/600/144723","thumbnail_url":"https://via.placeholder.com/150/144723"},{"album_id":95,"id":4718,"title":"aspernatur quam libero","url":"https://via.placeholder.com/600/8d33b9","thumbnail_url":"https://via.placeholder.com/150/8d33b9"},{"album_id":95,"id":4719,"title":"ipsum atque amet voluptas mollitia rerum inventore","url":"https://via.placeholder.com/600/6bb2f7","thumbnail_url":"https://via.placeholder.com/150/6bb2f7"},{"album_id":95,"id":4720,"title":"eos perferendis ratione facere quia officia ut adipisci eveniet","url":"https://via.placeholder.com/600/5f6c86","thumbnail_url":"https://via.placeholder.com/150/5f6c86"},{"album_id":95,"id":4721,"title":"molestiae nesciunt iure doloribus enim","url":"https://via.placeholder.com/600/dede91","thumbnail_url":"https://via.placeholder.com/150/dede91"},{"album_id":95,"id":4722,"title":"explicabo aut quidem non excepturi sit","url":"https://via.placeholder.com/600/8b196f","thumbnail_url":"https://via.placeholder.com/150/8b196f"},{"album_id":95,"id":4723,"title":"esse nobis veritatis est quas odio sunt dolore","url":"https://via.placeholder.com/600/f8c94f","thumbnail_url":"https://via.placeholder.com/150/f8c94f"},{"album_id":95,"id":4724,"title":"et unde incidunt exercitationem veniam reprehenderit sint aliquid quis","url":"https://via.placeholder.com/600/9cad53","thumbnail_url":"https://via.placeholder.com/150/9cad53"},{"album_id":95,"id":4725,"title":"non corrupti perspiciatis","url":"https://via.placeholder.com/600/68d312","thumbnail_url":"https://via.placeholder.com/150/68d312"},{"album_id":95,"id":4726,"title":"tempora quia dignissimos et est aut et","url":"https://via.placeholder.com/600/fb2057","thumbnail_url":"https://via.placeholder.com/150/fb2057"},{"album_id":95,"id":4727,"title":"totam amet eos","url":"https://via.placeholder.com/600/1a414c","thumbnail_url":"https://via.placeholder.com/150/1a414c"},{"album_id":95,"id":4728,"title":"sit ut ut exercitationem molestias voluptatem facilis","url":"https://via.placeholder.com/600/e2b2b7","thumbnail_url":"https://via.placeholder.com/150/e2b2b7"},{"album_id":95,"id":4729,"title":"impedit ullam rerum sequi necessitatibus alias sit","url":"https://via.placeholder.com/600/7d59c2","thumbnail_url":"https://via.placeholder.com/150/7d59c2"},{"album_id":95,"id":4730,"title":"quam labore quis ut aspernatur ut aut maxime","url":"https://via.placeholder.com/600/5320be","thumbnail_url":"https://via.placeholder.com/150/5320be"},{"album_id":95,"id":4731,"title":"porro vel laboriosam quo omnis","url":"https://via.placeholder.com/600/a4fb6e","thumbnail_url":"https://via.placeholder.com/150/a4fb6e"},{"album_id":95,"id":4732,"title":"officiis explicabo corrupti suscipit impedit eius nihil libero","url":"https://via.placeholder.com/600/647500","thumbnail_url":"https://via.placeholder.com/150/647500"},{"album_id":95,"id":4733,"title":"aspernatur perspiciatis fuga inventore maxime","url":"https://via.placeholder.com/600/e4b5ab","thumbnail_url":"https://via.placeholder.com/150/e4b5ab"},{"album_id":95,"id":4734,"title":"qui assumenda repellat fugit","url":"https://via.placeholder.com/600/7d5060","thumbnail_url":"https://via.placeholder.com/150/7d5060"},{"album_id":95,"id":4735,"title":"exercitationem ut autem qui placeat quod qui","url":"https://via.placeholder.com/600/1c0575","thumbnail_url":"https://via.placeholder.com/150/1c0575"},{"album_id":95,"id":4736,"title":"maiores ipsa ipsum id aliquid ut sed minima alias","url":"https://via.placeholder.com/600/9f80cf","thumbnail_url":"https://via.placeholder.com/150/9f80cf"},{"album_id":95,"id":4737,"title":"ex explicabo reiciendis corrupti","url":"https://via.placeholder.com/600/989401","thumbnail_url":"https://via.placeholder.com/150/989401"},{"album_id":95,"id":4738,"title":"voluptatum enim dolores et","url":"https://via.placeholder.com/600/74878a","thumbnail_url":"https://via.placeholder.com/150/74878a"},{"album_id":95,"id":4739,"title":"nisi unde ut nesciunt hic","url":"https://via.placeholder.com/600/64b444","thumbnail_url":"https://via.placeholder.com/150/64b444"},{"album_id":95,"id":4740,"title":"qui sunt ratione nobis magni","url":"https://via.placeholder.com/600/b7b760","thumbnail_url":"https://via.placeholder.com/150/b7b760"},{"album_id":95,"id":4741,"title":"est nesciunt quasi sint dolores deserunt","url":"https://via.placeholder.com/600/f8445d","thumbnail_url":"https://via.placeholder.com/150/f8445d"},{"album_id":95,"id":4742,"title":"vitae ducimus consequuntur aut nam ad ea voluptatem neque","url":"https://via.placeholder.com/600/a3eeb4","thumbnail_url":"https://via.placeholder.com/150/a3eeb4"},{"album_id":95,"id":4743,"title":"omnis veritatis explicabo placeat rerum","url":"https://via.placeholder.com/600/976811","thumbnail_url":"https://via.placeholder.com/150/976811"},{"album_id":95,"id":4744,"title":"corporis tenetur voluptatem repudiand"
21:38:17.075 [ForkJoinPool-1-worker-1] DEBUG org.apache.http.headers - http-outgoing-38 << HTTP/1.1 200 OK
21:38:17.076 [ForkJoinPool-1-worker-1] DEBUG org.apache.http.headers - http-outgoing-38 << Server: Cowboy
21:38:17.076 [ForkJoinPool-1-worker-1] DEBUG org.apache.http.headers - http-outgoing-38 << Connection: keep-alive
21:38:17.076 [ForkJoinPool-1-worker-1] DEBUG org.apache.http.headers - http-outgoing-38 << X-Powered-By: Express
21:38:17.076 [ForkJoinPool-1-worker-1] DEBUG org.apache.http.headers - http-outgoing-38 << Content-Type: application/json; charset=utf-8
21:38:17.076 [ForkJoinPool-1-worker-1] DEBUG org.apache.http.headers - http-outgoing-38 << Content-Length: 9112
21:38:17.076 [ForkJoinPool-1-worker-1] DEBUG org.apache.http.headers - http-outgoing-38 << Etag: W/"2398-int9021JBOw8bbD5dOGiW4Q47W4"
21:38:17.076 [ForkJoinPool-1-worker-1] DEBUG org.apache.http.headers - http-outgoing-38 << Date: Tue, 15 Sep 2020 02:38:17 GMT
21:38:17.076 [ForkJoinPool-1-worker-1] DEBUG org.apache.http.headers - http-outgoing-38 << Via: 1.1 vegur
21:38:17.076 [ForkJoinPool-1-worker-1] DEBUG org.apache.http.impl.execchain.MainClientExec - Connection can be kept alive indefinitely
21:38:17.076 [ForkJoinPool-1-worker-1] DEBUG org.apache.http.wire - http-outgoing-38 << "ae","url":"https://via.placeholder.com/600/e2f650","thumbnail_url":"https://via.placeholder.com/150/e2f650"},{"album_id":95,"id":4745,"title":"dolor possimus officia aperiam voluptatum ea quae","url":"https://via.placeholder.com/600/2df04","thumbnail_url":"https://via.placeholder.com/150/2df04"},{"album_id":95,"id":4746,"title":"et et ipsa quo aspernatur assumenda","url":"https://via.placeholder.com/600/c1cfd6","thumbnail_url":"https://via.placeholder.com/150/c1cfd6"},{"album_id":95,"id":4747,"title":"officiis dicta inventore","url":"https://via.placeholder.com/600/b1de93","thumbnail_url":"https://via.placeholder.com/150/b1de93"},{"album_id":95,"id":4748,"title":"consequatur repellendus doloremque aliquam","url":"https://via.placeholder.com/600/1b"
21:38:17.076 [ForkJoinPool-1-worker-1] DEBUG org.apache.http.wire - http-outgoing-38 << "ffe1","thumbnail_url":"https://via.placeholder.com/150/1bffe1"},{"album_id":95,"id":4749,"title":"atque alias maxime veritatis qui quia natus quo","url":"https://via.placeholder.com/600/2dbb70","thumbnail_url":"https://via.placeholder.com/150/2dbb70"},{"album_id":95,"id":4750,"title":"libero numquam qui","url":"https://via.placeholder.com/600/cc1ea2","thumbnail_url":"https://via.placeholder.com/150/cc1ea2"}]"
21:38:17.076 [ForkJoinPool-1-worker-1] DEBUG org.apache.http.impl.conn.PoolingHttpClientConnectionManager - Connection [id: 38][route: {s}->https://nodejs-qa-training.herokuapp.com:443] can be kept alive indefinitely
21:38:17.076 [ForkJoinPool-1-worker-1] DEBUG org.apache.http.impl.conn.DefaultManagedHttpClientConnection - http-outgoing-38: set socket timeout to 0
21:38:17.076 [ForkJoinPool-1-worker-1] DEBUG org.apache.http.impl.conn.PoolingHttpClientConnectionManager - Connection released: [id: 38][route: {s}->https://nodejs-qa-training.herokuapp.com:443][total available: 1; route allocated: 1 of 5; total allocated: 1 of 10]
21:38:17.076 [ForkJoinPool-1-worker-1] DEBUG com.intuit.karate - response time in milliseconds: 698,28
1 < 200
1 < Connection: keep-alive
1 < Content-Length: 9112
1 < Content-Type: application/json; charset=utf-8
1 < Date: Tue, 15 Sep 2020 02:38:17 GMT
1 < Etag: W/"2398-int9021JBOw8bbD5dOGiW4Q47W4"
1 < Server: Cowboy
1 < Via: 1.1 vegur
1 < X-Powered-By: Express
[{"album_id":95,"id":4701,"title":"eum reprehenderit vel","url":"https://via.placeholder.com/600/29dd1f","thumbnail_url":"https://via.placeholder.com/150/29dd1f"},{"album_id":95,"id":4702,"title":"temporibus minus occaecati nostrum quia ut alias","url":"https://via.placeholder.com/600/7e4f06","thumbnail_url":"https://via.placeholder.com/150/7e4f06"},{"album_id":95,"id":4703,"title":"suscipit tempore non placeat nihil pariatur vel omnis","url":"https://via.placeholder.com/600/9d3d94","thumbnail_url":"https://via.placeholder.com/150/9d3d94"},{"album_id":95,"id":4704,"title":"culpa fugit consequatur architecto aperiam et et beatae","url":"https://via.placeholder.com/600/1e03cd","thumbnail_url":"https://via.placeholder.com/150/1e03cd"},{"album_id":95,"id":4705,"title":"numquam sit sed vitae eum sunt velit corrupti nostrum","url":"https://via.placeholder.com/600/706733","thumbnail_url":"https://via.placeholder.com/150/706733"},{"album_id":95,"id":4706,"title":"itaque deleniti distinctio saepe sit dolores unde amet ea","url":"https://via.placeholder.com/600/5de18a","thumbnail_url":"https://via.placeholder.com/150/5de18a"},{"album_id":95,"id":4707,"title":"dolorem veritatis voluptatem dolor autem voluptas eum iusto","url":"https://via.placeholder.com/600/2d7c19","thumbnail_url":"https://via.placeholder.com/150/2d7c19"},{"album_id":95,"id":4708,"title":"maxime consequatur quo id cumque quos","url":"https://via.placeholder.com/600/c86657","thumbnail_url":"https://via.placeholder.com/150/c86657"},{"album_id":95,"id":4709,"title":"culpa facere quaerat enim reiciendis est eos","url":"https://via.placeholder.com/600/4da9bc","thumbnail_url":"https://via.placeholder.com/150/4da9bc"},{"album_id":95,"id":4710,"title":"est numquam eius voluptates dolores dicta et adipisci","url":"https://via.placeholder.com/600/772886","thumbnail_url":"https://via.placeholder.com/150/772886"},{"album_id":95,"id":4711,"title":"qui veritatis consequatur perferendis et asperiores","url":"https://via.placeholder.com/600/7072b4","thumbnail_url":"https://via.placeholder.com/150/7072b4"},{"album_id":95,"id":4712,"title":"aut et ut","url":"https://via.placeholder.com/600/78697e","thumbnail_url":"https://via.placeholder.com/150/78697e"},{"album_id":95,"id":4713,"title":"quod quas cupiditate modi exercitationem cum quo","url":"https://via.placeholder.com/600/96b603","thumbnail_url":"https://via.placeholder.com/150/96b603"},{"album_id":95,"id":4714,"title":"porro et omnis aliquam consequatur","url":"https://via.placeholder.com/600/57ae8f","thumbnail_url":"https://via.placeholder.com/150/57ae8f"},{"album_id":95,"id":4715,"title":"reprehenderit placeat dolor consequatur","url":"https://via.placeholder.com/600/fc6462","thumbnail_url":"https://via.placeholder.com/150/fc6462"},{"album_id":95,"id":4716,"title":"vitae similique sit doloremque rem eos repellendus reiciendis distinctio","url":"https://via.placeholder.com/600/be1d4f","thumbnail_url":"https://via.placeholder.com/150/be1d4f"},{"album_id":95,"id":4717,"title":"eligendi fugit velit","url":"https://via.placeholder.com/600/144723","thumbnail_url":"https://via.placeholder.com/150/144723"},{"album_id":95,"id":4718,"title":"aspernatur quam libero","url":"https://via.placeholder.com/600/8d33b9","thumbnail_url":"https://via.placeholder.com/150/8d33b9"},{"album_id":95,"id":4719,"title":"ipsum atque amet voluptas mollitia rerum inventore","url":"https://via.placeholder.com/600/6bb2f7","thumbnail_url":"https://via.placeholder.com/150/6bb2f7"},{"album_id":95,"id":4720,"title":"eos perferendis ratione facere quia officia ut adipisci eveniet","url":"https://via.placeholder.com/600/5f6c86","thumbnail_url":"https://via.placeholder.com/150/5f6c86"},{"album_id":95,"id":4721,"title":"molestiae nesciunt iure doloribus enim","url":"https://via.placeholder.com/600/dede91","thumbnail_url":"https://via.placeholder.com/150/dede91"},{"album_id":95,"id":4722,"title":"explicabo aut quidem non excepturi sit","url":"https://via.placeholder.com/600/8b196f","thumbnail_url":"https://via.placeholder.com/150/8b196f"},{"album_id":95,"id":4723,"title":"esse nobis veritatis est quas odio sunt dolore","url":"https://via.placeholder.com/600/f8c94f","thumbnail_url":"https://via.placeholder.com/150/f8c94f"},{"album_id":95,"id":4724,"title":"et unde incidunt exercitationem veniam reprehenderit sint aliquid quis","url":"https://via.placeholder.com/600/9cad53","thumbnail_url":"https://via.placeholder.com/150/9cad53"},{"album_id":95,"id":4725,"title":"non corrupti perspiciatis","url":"https://via.placeholder.com/600/68d312","thumbnail_url":"https://via.placeholder.com/150/68d312"},{"album_id":95,"id":4726,"title":"tempora quia dignissimos et est aut et","url":"https://via.placeholder.com/600/fb2057","thumbnail_url":"https://via.placeholder.com/150/fb2057"},{"album_id":95,"id":4727,"title":"totam amet eos","url":"https://via.placeholder.com/600/1a414c","thumbnail_url":"https://via.placeholder.com/150/1a414c"},{"album_id":95,"id":4728,"title":"sit ut ut exercitationem molestias voluptatem facilis","url":"https://via.placeholder.com/600/e2b2b7","thumbnail_url":"https://via.placeholder.com/150/e2b2b7"},{"album_id":95,"id":4729,"title":"impedit ullam rerum sequi necessitatibus alias sit","url":"https://via.placeholder.com/600/7d59c2","thumbnail_url":"https://via.placeholder.com/150/7d59c2"},{"album_id":95,"id":4730,"title":"quam labore quis ut aspernatur ut aut maxime","url":"https://via.placeholder.com/600/5320be","thumbnail_url":"https://via.placeholder.com/150/5320be"},{"album_id":95,"id":4731,"title":"porro vel laboriosam quo omnis","url":"https://via.placeholder.com/600/a4fb6e","thumbnail_url":"https://via.placeholder.com/150/a4fb6e"},{"album_id":95,"id":4732,"title":"officiis explicabo corrupti suscipit impedit eius nihil libero","url":"https://via.placeholder.com/600/647500","thumbnail_url":"https://via.placeholder.com/150/647500"},{"album_id":95,"id":4733,"title":"aspernatur perspiciatis fuga inventore maxime","url":"https://via.placeholder.com/600/e4b5ab","thumbnail_url":"https://via.placeholder.com/150/e4b5ab"},{"album_id":95,"id":4734,"title":"qui assumenda repellat fugit","url":"https://via.placeholder.com/600/7d5060","thumbnail_url":"https://via.placeholder.com/150/7d5060"},{"album_id":95,"id":4735,"title":"exercitationem ut autem qui placeat quod qui","url":"https://via.placeholder.com/600/1c0575","thumbnail_url":"https://via.placeholder.com/150/1c0575"},{"album_id":95,"id":4736,"title":"maiores ipsa ipsum id aliquid ut sed minima alias","url":"https://via.placeholder.com/600/9f80cf","thumbnail_url":"https://via.placeholder.com/150/9f80cf"},{"album_id":95,"id":4737,"title":"ex explicabo reiciendis corrupti","url":"https://via.placeholder.com/600/989401","thumbnail_url":"https://via.placeholder.com/150/989401"},{"album_id":95,"id":4738,"title":"voluptatum enim dolores et","url":"https://via.placeholder.com/600/74878a","thumbnail_url":"https://via.placeholder.com/150/74878a"},{"album_id":95,"id":4739,"title":"nisi unde ut nesciunt hic","url":"https://via.placeholder.com/600/64b444","thumbnail_url":"https://via.placeholder.com/150/64b444"},{"album_id":95,"id":4740,"title":"qui sunt ratione nobis magni","url":"https://via.placeholder.com/600/b7b760","thumbnail_url":"https://via.placeholder.com/150/b7b760"},{"album_id":95,"id":4741,"title":"est nesciunt quasi sint dolores deserunt","url":"https://via.placeholder.com/600/f8445d","thumbnail_url":"https://via.placeholder.com/150/f8445d"},{"album_id":95,"id":4742,"title":"vitae ducimus consequuntur aut nam ad ea voluptatem neque","url":"https://via.placeholder.com/600/a3eeb4","thumbnail_url":"https://via.placeholder.com/150/a3eeb4"},{"album_id":95,"id":4743,"title":"omnis veritatis explicabo placeat rerum","url":"https://via.placeholder.com/600/976811","thumbnail_url":"https://via.placeholder.com/150/976811"},{"album_id":95,"id":4744,"title":"corporis tenetur voluptatem repudiandae","url":"https://via.placeholder.com/600/e2f650","thumbnail_url":"https://via.placeholder.com/150/e2f650"},{"album_id":95,"id":4745,"title":"dolor possimus officia aperiam voluptatum ea quae","url":"https://via.placeholder.com/600/2df04","thumbnail_url":"https://via.placeholder.com/150/2df04"},{"album_id":95,"id":4746,"title":"et et ipsa quo aspernatur assumenda","url":"https://via.placeholder.com/600/c1cfd6","thumbnail_url":"https://via.placeholder.com/150/c1cfd6"},{"album_id":95,"id":4747,"title":"officiis dicta inventore","url":"https://via.placeholder.com/600/b1de93","thumbnail_url":"https://via.placeholder.com/150/b1de93"},{"album_id":95,"id":4748,"title":"consequatur repellendus doloremque aliquam","url":"https://via.placeholder.com/600/1bffe1","thumbnail_url":"https://via.placeholder.com/150/1bffe1"},{"album_id":95,"id":4749,"title":"atque alias maxime veritatis qui quia natus quo","url":"https://via.placeholder.com/600/2dbb70","thumbnail_url":"https://via.placeholder.com/150/2dbb70"},{"album_id":95,"id":4750,"title":"libero numquam qui","url":"https://via.placeholder.com/600/cc1ea2","thumbnail_url":"https://via.placeholder.com/150/cc1ea2"}]

21:38:17.077 [ForkJoinPool-1-worker-1] DEBUG com.jayway.jsonpath.internal.path.CompiledPath - Evaluating path: $
21:38:17.079 [ForkJoinPool-1-worker-1] INFO com.intuit.karate - [print] [
  {
    "album_id": 95,
    "id": 4701,
    "title": "eum reprehenderit vel",
    "thumbnail_url": "https://via.placeholder.com/150/29dd1f",
    "url": "https://via.placeholder.com/600/29dd1f"
  },
  {
    "album_id": 95,
    "id": 4702,
    "title": "temporibus minus occaecati nostrum quia ut alias",
    "thumbnail_url": "https://via.placeholder.com/150/7e4f06",
    "url": "https://via.placeholder.com/600/7e4f06"
  },
  {
    "album_id": 95,
    "id": 4703,
    "title": "suscipit tempore non placeat nihil pariatur vel omnis",
    "thumbnail_url": "https://via.placeholder.com/150/9d3d94",
    "url": "https://via.placeholder.com/600/9d3d94"
  },
  {
    "album_id": 95,
    "id": 4704,
    "title": "culpa fugit consequatur architecto aperiam et et beatae",
    "thumbnail_url": "https://via.placeholder.com/150/1e03cd",
    "url": "https://via.placeholder.com/600/1e03cd"
  },
  {
    "album_id": 95,
    "id": 4705,
    "title": "numquam sit sed vitae eum sunt velit corrupti nostrum",
    "thumbnail_url": "https://via.placeholder.com/150/706733",
    "url": "https://via.placeholder.com/600/706733"
  },
  {
    "album_id": 95,
    "id": 4706,
    "title": "itaque deleniti distinctio saepe sit dolores unde amet ea",
    "thumbnail_url": "https://via.placeholder.com/150/5de18a",
    "url": "https://via.placeholder.com/600/5de18a"
  },
  {
    "album_id": 95,
    "id": 4707,
    "title": "dolorem veritatis voluptatem dolor autem voluptas eum iusto",
    "thumbnail_url": "https://via.placeholder.com/150/2d7c19",
    "url": "https://via.placeholder.com/600/2d7c19"
  },
  {
    "album_id": 95,
    "id": 4708,
    "title": "maxime consequatur quo id cumque quos",
    "thumbnail_url": "https://via.placeholder.com/150/c86657",
    "url": "https://via.placeholder.com/600/c86657"
  },
  {
    "album_id": 95,
    "id": 4709,
    "title": "culpa facere quaerat enim reiciendis est eos",
    "thumbnail_url": "https://via.placeholder.com/150/4da9bc",
    "url": "https://via.placeholder.com/600/4da9bc"
  },
  {
    "album_id": 95,
    "id": 4710,
    "title": "est numquam eius voluptates dolores dicta et adipisci",
    "thumbnail_url": "https://via.placeholder.com/150/772886",
    "url": "https://via.placeholder.com/600/772886"
  },
  {
    "album_id": 95,
    "id": 4711,
    "title": "qui veritatis consequatur perferendis et asperiores",
    "thumbnail_url": "https://via.placeholder.com/150/7072b4",
    "url": "https://via.placeholder.com/600/7072b4"
  },
  {
    "album_id": 95,
    "id": 4712,
    "title": "aut et ut",
    "thumbnail_url": "https://via.placeholder.com/150/78697e",
    "url": "https://via.placeholder.com/600/78697e"
  },
  {
    "album_id": 95,
    "id": 4713,
    "title": "quod quas cupiditate modi exercitationem cum quo",
    "thumbnail_url": "https://via.placeholder.com/150/96b603",
    "url": "https://via.placeholder.com/600/96b603"
  },
  {
    "album_id": 95,
    "id": 4714,
    "title": "porro et omnis aliquam consequatur",
    "thumbnail_url": "https://via.placeholder.com/150/57ae8f",
    "url": "https://via.placeholder.com/600/57ae8f"
  },
  {
    "album_id": 95,
    "id": 4715,
    "title": "reprehenderit placeat dolor consequatur",
    "thumbnail_url": "https://via.placeholder.com/150/fc6462",
    "url": "https://via.placeholder.com/600/fc6462"
  },
  {
    "album_id": 95,
    "id": 4716,
    "title": "vitae similique sit doloremque rem eos repellendus reiciendis distinctio",
    "thumbnail_url": "https://via.placeholder.com/150/be1d4f",
    "url": "https://via.placeholder.com/600/be1d4f"
  },
  {
    "album_id": 95,
    "id": 4717,
    "title": "eligendi fugit velit",
    "thumbnail_url": "https://via.placeholder.com/150/144723",
    "url": "https://via.placeholder.com/600/144723"
  },
  {
    "album_id": 95,
    "id": 4718,
    "title": "aspernatur quam libero",
    "thumbnail_url": "https://via.placeholder.com/150/8d33b9",
    "url": "https://via.placeholder.com/600/8d33b9"
  },
  {
    "album_id": 95,
    "id": 4719,
    "title": "ipsum atque amet voluptas mollitia rerum inventore",
    "thumbnail_url": "https://via.placeholder.com/150/6bb2f7",
    "url": "https://via.placeholder.com/600/6bb2f7"
  },
  {
    "album_id": 95,
    "id": 4720,
    "title": "eos perferendis ratione facere quia officia ut adipisci eveniet",
    "thumbnail_url": "https://via.placeholder.com/150/5f6c86",
    "url": "https://via.placeholder.com/600/5f6c86"
  },
  {
    "album_id": 95,
    "id": 4721,
    "title": "molestiae nesciunt iure doloribus enim",
    "thumbnail_url": "https://via.placeholder.com/150/dede91",
    "url": "https://via.placeholder.com/600/dede91"
  },
  {
    "album_id": 95,
    "id": 4722,
    "title": "explicabo aut quidem non excepturi sit",
    "thumbnail_url": "https://via.placeholder.com/150/8b196f",
    "url": "https://via.placeholder.com/600/8b196f"
  },
  {
    "album_id": 95,
    "id": 4723,
    "title": "esse nobis veritatis est quas odio sunt dolore",
    "thumbnail_url": "https://via.placeholder.com/150/f8c94f",
    "url": "https://via.placeholder.com/600/f8c94f"
  },
  {
    "album_id": 95,
    "id": 4724,
    "title": "et unde incidunt exercitationem veniam reprehenderit sint aliquid quis",
    "thumbnail_url": "https://via.placeholder.com/150/9cad53",
    "url": "https://via.placeholder.com/600/9cad53"
  },
  {
    "album_id": 95,
    "id": 4725,
    "title": "non corrupti perspiciatis",
    "thumbnail_url": "https://via.placeholder.com/150/68d312",
    "url": "https://via.placeholder.com/600/68d312"
  },
  {
    "album_id": 95,
    "id": 4726,
    "title": "tempora quia dignissimos et est aut et",
    "thumbnail_url": "https://via.placeholder.com/150/fb2057",
    "url": "https://via.placeholder.com/600/fb2057"
  },
  {
    "album_id": 95,
    "id": 4727,
    "title": "totam amet eos",
    "thumbnail_url": "https://via.placeholder.com/150/1a414c",
    "url": "https://via.placeholder.com/600/1a414c"
  },
  {
    "album_id": 95,
    "id": 4728,
    "title": "sit ut ut exercitationem molestias voluptatem facilis",
    "thumbnail_url": "https://via.placeholder.com/150/e2b2b7",
    "url": "https://via.placeholder.com/600/e2b2b7"
  },
  {
    "album_id": 95,
    "id": 4729,
    "title": "impedit ullam rerum sequi necessitatibus alias sit",
    "thumbnail_url": "https://via.placeholder.com/150/7d59c2",
    "url": "https://via.placeholder.com/600/7d59c2"
  },
  {
    "album_id": 95,
    "id": 4730,
    "title": "quam labore quis ut aspernatur ut aut maxime",
    "thumbnail_url": "https://via.placeholder.com/150/5320be",
    "url": "https://via.placeholder.com/600/5320be"
  },
  {
    "album_id": 95,
    "id": 4731,
    "title": "porro vel laboriosam quo omnis",
    "thumbnail_url": "https://via.placeholder.com/150/a4fb6e",
    "url": "https://via.placeholder.com/600/a4fb6e"
  },
  {
    "album_id": 95,
    "id": 4732,
    "title": "officiis explicabo corrupti suscipit impedit eius nihil libero",
    "thumbnail_url": "https://via.placeholder.com/150/647500",
    "url": "https://via.placeholder.com/600/647500"
  },
  {
    "album_id": 95,
    "id": 4733,
    "title": "aspernatur perspiciatis fuga inventore maxime",
    "thumbnail_url": "https://via.placeholder.com/150/e4b5ab",
    "url": "https://via.placeholder.com/600/e4b5ab"
  },
  {
    "album_id": 95,
    "id": 4734,
    "title": "qui assumenda repellat fugit",
    "thumbnail_url": "https://via.placeholder.com/150/7d5060",
    "url": "https://via.placeholder.com/600/7d5060"
  },
  {
    "album_id": 95,
    "id": 4735,
    "title": "exercitationem ut autem qui placeat quod qui",
    "thumbnail_url": "https://via.placeholder.com/150/1c0575",
    "url": "https://via.placeholder.com/600/1c0575"
  },
  {
    "album_id": 95,
    "id": 4736,
    "title": "maiores ipsa ipsum id aliquid ut sed minima alias",
    "thumbnail_url": "https://via.placeholder.com/150/9f80cf",
    "url": "https://via.placeholder.com/600/9f80cf"
  },
  {
    "album_id": 95,
    "id": 4737,
    "title": "ex explicabo reiciendis corrupti",
    "thumbnail_url": "https://via.placeholder.com/150/989401",
    "url": "https://via.placeholder.com/600/989401"
  },
  {
    "album_id": 95,
    "id": 4738,
    "title": "voluptatum enim dolores et",
    "thumbnail_url": "https://via.placeholder.com/150/74878a",
    "url": "https://via.placeholder.com/600/74878a"
  },
  {
    "album_id": 95,
    "id": 4739,
    "title": "nisi unde ut nesciunt hic",
    "thumbnail_url": "https://via.placeholder.com/150/64b444",
    "url": "https://via.placeholder.com/600/64b444"
  },
  {
    "album_id": 95,
    "id": 4740,
    "title": "qui sunt ratione nobis magni",
    "thumbnail_url": "https://via.placeholder.com/150/b7b760",
    "url": "https://via.placeholder.com/600/b7b760"
  },
  {
    "album_id": 95,
    "id": 4741,
    "title": "est nesciunt quasi sint dolores deserunt",
    "thumbnail_url": "https://via.placeholder.com/150/f8445d",
    "url": "https://via.placeholder.com/600/f8445d"
  },
  {
    "album_id": 95,
    "id": 4742,
    "title": "vitae ducimus consequuntur aut nam ad ea voluptatem neque",
    "thumbnail_url": "https://via.placeholder.com/150/a3eeb4",
    "url": "https://via.placeholder.com/600/a3eeb4"
  },
  {
    "album_id": 95,
    "id": 4743,
    "title": "omnis veritatis explicabo placeat rerum",
    "thumbnail_url": "https://via.placeholder.com/150/976811",
    "url": "https://via.placeholder.com/600/976811"
  },
  {
    "album_id": 95,
    "id": 4744,
    "title": "corporis tenetur voluptatem repudiandae",
    "thumbnail_url": "https://via.placeholder.com/150/e2f650",
    "url": "https://via.placeholder.com/600/e2f650"
  },
  {
    "album_id": 95,
    "id": 4745,
    "title": "dolor possimus officia aperiam voluptatum ea quae",
    "thumbnail_url": "https://via.placeholder.com/150/2df04",
    "url": "https://via.placeholder.com/600/2df04"
  },
  {
    "album_id": 95,
    "id": 4746,
    "title": "et et ipsa quo aspernatur assumenda",
    "thumbnail_url": "https://via.placeholder.com/150/c1cfd6",
    "url": "https://via.placeholder.com/600/c1cfd6"
  },
  {
    "album_id": 95,
    "id": 4747,
    "title": "officiis dicta inventore",
    "thumbnail_url": "https://via.placeholder.com/150/b1de93",
    "url": "https://via.placeholder.com/600/b1de93"
  },
  {
    "album_id": 95,
    "id": 4748,
    "title": "consequatur repellendus doloremque aliquam",
    "thumbnail_url": "https://via.placeholder.com/150/1bffe1",
    "url": "https://via.placeholder.com/600/1bffe1"
  },
  {
    "album_id": 95,
    "id": 4749,
    "title": "atque alias maxime veritatis qui quia natus quo",
    "thumbnail_url": "https://via.placeholder.com/150/2dbb70",
    "url": "https://via.placeholder.com/600/2dbb70"
  },
  {
    "album_id": 95,
    "id": 4750,
    "title": "libero numquam qui",
    "thumbnail_url": "https://via.placeholder.com/150/cc1ea2",
    "url": "https://via.placeholder.com/600/cc1ea2"
  }
]

21:38:17.111 [ForkJoinPool-1-worker-1] DEBUG com.jayway.jsonpath.internal.path.CompiledPath - Evaluating path: $
21:38:17.111 [ForkJoinPool-1-worker-1] DEBUG com.jayway.jsonpath.internal.path.CompiledPath - Evaluating path: $
21:38:17.111 [ForkJoinPool-1-worker-1] DEBUG com.jayway.jsonpath.internal.path.CompiledPath - Evaluating path: $
21:38:17.111 [ForkJoinPool-1-worker-1] WARN com.intuit.karate - skipping bootstrap configuration: could not find or read file: classpath:karate-config.js
21:38:17.111 [ForkJoinPool-1-worker-1] DEBUG com.jayway.jsonpath.internal.path.CompiledPath - Evaluating path: $
21:38:17.111 [ForkJoinPool-1-worker-1] DEBUG org.apache.http.client.protocol.RequestAddCookies - CookieSpec selected: karate
21:38:17.111 [ForkJoinPool-1-worker-1] DEBUG org.apache.http.client.protocol.RequestAuthCache - Auth cache not set in the context
21:38:17.127 [ForkJoinPool-1-worker-1] DEBUG com.intuit.karate - request:
1 > POST https://nodejs-qa-training.herokuapp.com/users
1 > Accept-Encoding: gzip,deflate
1 > Connection: Keep-Alive
1 > Content-Length: 98
1 > Content-Type: application/json; charset=UTF-8
1 > Host: nodejs-qa-training.herokuapp.com
1 > User-Agent: Apache-HttpClient/4.5.11 (Java/1.8.0_171)
{"email":"hernan0y0@wolox.com.ar","password":"Hernan123","firstName":"Hernan","lastName":"Garcia"}

21:38:17.127 [ForkJoinPool-1-worker-1] DEBUG org.apache.http.impl.conn.PoolingHttpClientConnectionManager - Connection request: [route: {s}->https://nodejs-qa-training.herokuapp.com:443][total available: 0; route allocated: 0 of 5; total allocated: 0 of 10]
21:38:17.127 [ForkJoinPool-1-worker-1] DEBUG org.apache.http.impl.conn.PoolingHttpClientConnectionManager - Connection leased: [id: 41][route: {s}->https://nodejs-qa-training.herokuapp.com:443][total available: 0; route allocated: 1 of 5; total allocated: 1 of 10]
21:38:17.127 [ForkJoinPool-1-worker-1] DEBUG org.apache.http.impl.execchain.MainClientExec - Opening connection {s}->https://nodejs-qa-training.herokuapp.com:443
21:38:17.127 [ForkJoinPool-1-worker-1] DEBUG org.apache.http.impl.conn.DefaultHttpClientConnectionOperator - Connecting to nodejs-qa-training.herokuapp.com/52.20.101.119:443
21:38:17.127 [ForkJoinPool-1-worker-1] DEBUG org.apache.http.conn.ssl.SSLConnectionSocketFactory - Connecting socket to nodejs-qa-training.herokuapp.com/52.20.101.119:443 with timeout 30000
21:38:17.143 [ForkJoinPool-1-worker-3] DEBUG org.apache.http.conn.ssl.SSLConnectionSocketFactory - Enabled protocols: [TLSv1, TLSv1.1, TLSv1.2]
21:38:17.143 [ForkJoinPool-1-worker-3] DEBUG org.apache.http.conn.ssl.SSLConnectionSocketFactory - Enabled cipher suites:[TLS_ECDHE_ECDSA_WITH_AES_256_CBC_SHA384, TLS_ECDHE_RSA_WITH_AES_256_CBC_SHA384, TLS_RSA_WITH_AES_256_CBC_SHA256, TLS_ECDH_ECDSA_WITH_AES_256_CBC_SHA384, TLS_ECDH_RSA_WITH_AES_256_CBC_SHA384, TLS_DHE_RSA_WITH_AES_256_CBC_SHA256, TLS_DHE_DSS_WITH_AES_256_CBC_SHA256, TLS_ECDHE_ECDSA_WITH_AES_256_CBC_SHA, TLS_ECDHE_RSA_WITH_AES_256_CBC_SHA, TLS_RSA_WITH_AES_256_CBC_SHA, TLS_ECDH_ECDSA_WITH_AES_256_CBC_SHA, TLS_ECDH_RSA_WITH_AES_256_CBC_SHA, TLS_DHE_RSA_WITH_AES_256_CBC_SHA, TLS_DHE_DSS_WITH_AES_256_CBC_SHA, TLS_ECDHE_ECDSA_WITH_AES_128_CBC_SHA256, TLS_ECDHE_RSA_WITH_AES_128_CBC_SHA256, TLS_RSA_WITH_AES_128_CBC_SHA256, TLS_ECDH_ECDSA_WITH_AES_128_CBC_SHA256, TLS_ECDH_RSA_WITH_AES_128_CBC_SHA256, TLS_DHE_RSA_WITH_AES_128_CBC_SHA256, TLS_DHE_DSS_WITH_AES_128_CBC_SHA256, TLS_ECDHE_ECDSA_WITH_AES_128_CBC_SHA, TLS_ECDHE_RSA_WITH_AES_128_CBC_SHA, TLS_RSA_WITH_AES_128_CBC_SHA, TLS_ECDH_ECDSA_WITH_AES_128_CBC_SHA, TLS_ECDH_RSA_WITH_AES_128_CBC_SHA, TLS_DHE_RSA_WITH_AES_128_CBC_SHA, TLS_DHE_DSS_WITH_AES_128_CBC_SHA, TLS_ECDHE_ECDSA_WITH_AES_256_GCM_SHA384, TLS_ECDHE_ECDSA_WITH_AES_128_GCM_SHA256, TLS_ECDHE_RSA_WITH_AES_256_GCM_SHA384, TLS_RSA_WITH_AES_256_GCM_SHA384, TLS_ECDH_ECDSA_WITH_AES_256_GCM_SHA384, TLS_ECDH_RSA_WITH_AES_256_GCM_SHA384, TLS_DHE_RSA_WITH_AES_256_GCM_SHA384, TLS_DHE_DSS_WITH_AES_256_GCM_SHA384, TLS_ECDHE_RSA_WITH_AES_128_GCM_SHA256, TLS_RSA_WITH_AES_128_GCM_SHA256, TLS_ECDH_ECDSA_WITH_AES_128_GCM_SHA256, TLS_ECDH_RSA_WITH_AES_128_GCM_SHA256, TLS_DHE_RSA_WITH_AES_128_GCM_SHA256, TLS_DHE_DSS_WITH_AES_128_GCM_SHA256, TLS_EMPTY_RENEGOTIATION_INFO_SCSV]
21:38:17.143 [ForkJoinPool-1-worker-3] DEBUG org.apache.http.conn.ssl.SSLConnectionSocketFactory - Starting handshake
21:38:17.228 [ForkJoinPool-1-worker-1] DEBUG org.apache.http.conn.ssl.SSLConnectionSocketFactory - Enabled protocols: [TLSv1, TLSv1.1, TLSv1.2]
21:38:17.229 [ForkJoinPool-1-worker-1] DEBUG org.apache.http.conn.ssl.SSLConnectionSocketFactory - Enabled cipher suites:[TLS_ECDHE_ECDSA_WITH_AES_256_CBC_SHA384, TLS_ECDHE_RSA_WITH_AES_256_CBC_SHA384, TLS_RSA_WITH_AES_256_CBC_SHA256, TLS_ECDH_ECDSA_WITH_AES_256_CBC_SHA384, TLS_ECDH_RSA_WITH_AES_256_CBC_SHA384, TLS_DHE_RSA_WITH_AES_256_CBC_SHA256, TLS_DHE_DSS_WITH_AES_256_CBC_SHA256, TLS_ECDHE_ECDSA_WITH_AES_256_CBC_SHA, TLS_ECDHE_RSA_WITH_AES_256_CBC_SHA, TLS_RSA_WITH_AES_256_CBC_SHA, TLS_ECDH_ECDSA_WITH_AES_256_CBC_SHA, TLS_ECDH_RSA_WITH_AES_256_CBC_SHA, TLS_DHE_RSA_WITH_AES_256_CBC_SHA, TLS_DHE_DSS_WITH_AES_256_CBC_SHA, TLS_ECDHE_ECDSA_WITH_AES_128_CBC_SHA256, TLS_ECDHE_RSA_WITH_AES_128_CBC_SHA256, TLS_RSA_WITH_AES_128_CBC_SHA256, TLS_ECDH_ECDSA_WITH_AES_128_CBC_SHA256, TLS_ECDH_RSA_WITH_AES_128_CBC_SHA256, TLS_DHE_RSA_WITH_AES_128_CBC_SHA256, TLS_DHE_DSS_WITH_AES_128_CBC_SHA256, TLS_ECDHE_ECDSA_WITH_AES_128_CBC_SHA, TLS_ECDHE_RSA_WITH_AES_128_CBC_SHA, TLS_RSA_WITH_AES_128_CBC_SHA, TLS_ECDH_ECDSA_WITH_AES_128_CBC_SHA, TLS_ECDH_RSA_WITH_AES_128_CBC_SHA, TLS_DHE_RSA_WITH_AES_128_CBC_SHA, TLS_DHE_DSS_WITH_AES_128_CBC_SHA, TLS_ECDHE_ECDSA_WITH_AES_256_GCM_SHA384, TLS_ECDHE_ECDSA_WITH_AES_128_GCM_SHA256, TLS_ECDHE_RSA_WITH_AES_256_GCM_SHA384, TLS_RSA_WITH_AES_256_GCM_SHA384, TLS_ECDH_ECDSA_WITH_AES_256_GCM_SHA384, TLS_ECDH_RSA_WITH_AES_256_GCM_SHA384, TLS_DHE_RSA_WITH_AES_256_GCM_SHA384, TLS_DHE_DSS_WITH_AES_256_GCM_SHA384, TLS_ECDHE_RSA_WITH_AES_128_GCM_SHA256, TLS_RSA_WITH_AES_128_GCM_SHA256, TLS_ECDH_ECDSA_WITH_AES_128_GCM_SHA256, TLS_ECDH_RSA_WITH_AES_128_GCM_SHA256, TLS_DHE_RSA_WITH_AES_128_GCM_SHA256, TLS_DHE_DSS_WITH_AES_128_GCM_SHA256, TLS_EMPTY_RENEGOTIATION_INFO_SCSV]
21:38:17.229 [ForkJoinPool-1-worker-1] DEBUG org.apache.http.conn.ssl.SSLConnectionSocketFactory - Starting handshake
21:38:17.229 [ForkJoinPool-1-worker-2] DEBUG org.apache.http.conn.ssl.SSLConnectionSocketFactory - Secure session established
21:38:17.229 [ForkJoinPool-1-worker-2] DEBUG org.apache.http.conn.ssl.SSLConnectionSocketFactory -  negotiated protocol: TLSv1.2
21:38:17.229 [ForkJoinPool-1-worker-2] DEBUG org.apache.http.conn.ssl.SSLConnectionSocketFactory -  negotiated cipher suite: TLS_ECDHE_RSA_WITH_AES_128_GCM_SHA256
21:38:17.229 [ForkJoinPool-1-worker-2] DEBUG org.apache.http.conn.ssl.SSLConnectionSocketFactory -  peer principal: CN=*.herokuapp.com, O="Heroku, Inc.", L=San Francisco, ST=California, C=US
21:38:17.229 [ForkJoinPool-1-worker-2] DEBUG org.apache.http.conn.ssl.SSLConnectionSocketFactory -  peer alternative names: [*.herokuapp.com, herokuapp.com]
21:38:17.229 [ForkJoinPool-1-worker-2] DEBUG org.apache.http.conn.ssl.SSLConnectionSocketFactory -  issuer principal: CN=DigiCert SHA2 High Assurance Server CA, OU=www.digicert.com, O=DigiCert Inc, C=US
21:38:17.230 [ForkJoinPool-1-worker-2] DEBUG org.apache.http.impl.conn.DefaultHttpClientConnectionOperator - Connection established 192.168.1.7:51380<->52.20.101.119:443
21:38:17.230 [ForkJoinPool-1-worker-2] DEBUG org.apache.http.impl.conn.DefaultManagedHttpClientConnection - http-outgoing-39: set socket timeout to 30000
21:38:17.230 [ForkJoinPool-1-worker-2] DEBUG org.apache.http.impl.execchain.MainClientExec - Executing request GET /albums HTTP/1.1
21:38:17.230 [ForkJoinPool-1-worker-2] DEBUG org.apache.http.impl.execchain.MainClientExec - Proxy auth state: UNCHALLENGED
21:38:17.230 [ForkJoinPool-1-worker-2] DEBUG org.apache.http.headers - http-outgoing-39 >> GET /albums HTTP/1.1
21:38:17.230 [ForkJoinPool-1-worker-2] DEBUG org.apache.http.headers - http-outgoing-39 >> Content-Type: application/json
21:38:17.230 [ForkJoinPool-1-worker-2] DEBUG org.apache.http.headers - http-outgoing-39 >> Authorization: eyJ0eXAiOiJKV1QiLCJhbGciOiJIUzI1NiJ9.eyJ1c2VySWQiOjE0Niwicm9sZSI6ImFkbWluIiwiaWF0IjoxNjAwMTM3NDk3LjMxMywiZXhwIjoxNjAwMTM5Mjk3LjMxM30.H0oc15pAi9vLgdvRiWNzYfuWAqW6afEDHDR0mJ_BRME
21:38:17.230 [ForkJoinPool-1-worker-2] DEBUG org.apache.http.headers - http-outgoing-39 >> Host: nodejs-qa-training.herokuapp.com
21:38:17.231 [ForkJoinPool-1-worker-2] DEBUG org.apache.http.headers - http-outgoing-39 >> Connection: Keep-Alive
21:38:17.231 [ForkJoinPool-1-worker-2] DEBUG org.apache.http.headers - http-outgoing-39 >> User-Agent: Apache-HttpClient/4.5.11 (Java/1.8.0_171)
21:38:17.231 [ForkJoinPool-1-worker-2] DEBUG org.apache.http.headers - http-outgoing-39 >> Accept-Encoding: gzip,deflate
21:38:17.231 [ForkJoinPool-1-worker-2] DEBUG org.apache.http.wire - http-outgoing-39 >> "GET /albums HTTP/1.1[\r][\n]"
21:38:17.231 [ForkJoinPool-1-worker-2] DEBUG org.apache.http.wire - http-outgoing-39 >> "Content-Type: application/json[\r][\n]"
21:38:17.231 [ForkJoinPool-1-worker-2] DEBUG org.apache.http.wire - http-outgoing-39 >> "Authorization: eyJ0eXAiOiJKV1QiLCJhbGciOiJIUzI1NiJ9.eyJ1c2VySWQiOjE0Niwicm9sZSI6ImFkbWluIiwiaWF0IjoxNjAwMTM3NDk3LjMxMywiZXhwIjoxNjAwMTM5Mjk3LjMxM30.H0oc15pAi9vLgdvRiWNzYfuWAqW6afEDHDR0mJ_BRME[\r][\n]"
21:38:17.231 [ForkJoinPool-1-worker-2] DEBUG org.apache.http.wire - http-outgoing-39 >> "Host: nodejs-qa-training.herokuapp.com[\r][\n]"
21:38:17.231 [ForkJoinPool-1-worker-2] DEBUG org.apache.http.wire - http-outgoing-39 >> "Connection: Keep-Alive[\r][\n]"
21:38:17.231 [ForkJoinPool-1-worker-2] DEBUG org.apache.http.wire - http-outgoing-39 >> "User-Agent: Apache-HttpClient/4.5.11 (Java/1.8.0_171)[\r][\n]"
21:38:17.231 [ForkJoinPool-1-worker-2] DEBUG org.apache.http.wire - http-outgoing-39 >> "Accept-Encoding: gzip,deflate[\r][\n]"
21:38:17.231 [ForkJoinPool-1-worker-2] DEBUG org.apache.http.wire - http-outgoing-39 >> "[\r][\n]"
21:38:17.411 [ForkJoinPool-1-worker-3] DEBUG org.apache.http.conn.ssl.SSLConnectionSocketFactory - Secure session established
21:38:17.411 [ForkJoinPool-1-worker-3] DEBUG org.apache.http.conn.ssl.SSLConnectionSocketFactory -  negotiated protocol: TLSv1.2
21:38:17.411 [ForkJoinPool-1-worker-3] DEBUG org.apache.http.conn.ssl.SSLConnectionSocketFactory -  negotiated cipher suite: TLS_ECDHE_RSA_WITH_AES_128_GCM_SHA256
21:38:17.411 [ForkJoinPool-1-worker-3] DEBUG org.apache.http.conn.ssl.SSLConnectionSocketFactory -  peer principal: CN=*.herokuapp.com, O="Heroku, Inc.", L=San Francisco, ST=California, C=US
21:38:17.411 [ForkJoinPool-1-worker-3] DEBUG org.apache.http.conn.ssl.SSLConnectionSocketFactory -  peer alternative names: [*.herokuapp.com, herokuapp.com]
21:38:17.411 [ForkJoinPool-1-worker-3] DEBUG org.apache.http.conn.ssl.SSLConnectionSocketFactory -  issuer principal: CN=DigiCert SHA2 High Assurance Server CA, OU=www.digicert.com, O=DigiCert Inc, C=US
21:38:17.412 [ForkJoinPool-1-worker-3] DEBUG org.apache.http.impl.conn.DefaultHttpClientConnectionOperator - Connection established 192.168.1.7:51381<->52.20.101.119:443
21:38:17.412 [ForkJoinPool-1-worker-3] DEBUG org.apache.http.impl.conn.DefaultManagedHttpClientConnection - http-outgoing-40: set socket timeout to 30000
21:38:17.412 [ForkJoinPool-1-worker-3] DEBUG org.apache.http.impl.execchain.MainClientExec - Executing request GET /albums HTTP/1.1
21:38:17.412 [ForkJoinPool-1-worker-3] DEBUG org.apache.http.impl.execchain.MainClientExec - Proxy auth state: UNCHALLENGED
21:38:17.412 [ForkJoinPool-1-worker-3] DEBUG org.apache.http.headers - http-outgoing-40 >> GET /albums HTTP/1.1
21:38:17.412 [ForkJoinPool-1-worker-3] DEBUG org.apache.http.headers - http-outgoing-40 >> Content-Type: application/json
21:38:17.412 [ForkJoinPool-1-worker-3] DEBUG org.apache.http.headers - http-outgoing-40 >> Authorization: kadjADAhOLAIyysfhkalsdHKLsdASDADGDFGJD
21:38:17.412 [ForkJoinPool-1-worker-3] DEBUG org.apache.http.headers - http-outgoing-40 >> Host: nodejs-qa-training.herokuapp.com
21:38:17.412 [ForkJoinPool-1-worker-3] DEBUG org.apache.http.headers - http-outgoing-40 >> Connection: Keep-Alive
21:38:17.412 [ForkJoinPool-1-worker-3] DEBUG org.apache.http.headers - http-outgoing-40 >> User-Agent: Apache-HttpClient/4.5.11 (Java/1.8.0_171)
21:38:17.413 [ForkJoinPool-1-worker-3] DEBUG org.apache.http.headers - http-outgoing-40 >> Accept-Encoding: gzip,deflate
21:38:17.413 [ForkJoinPool-1-worker-3] DEBUG org.apache.http.wire - http-outgoing-40 >> "GET /albums HTTP/1.1[\r][\n]"
21:38:17.413 [ForkJoinPool-1-worker-3] DEBUG org.apache.http.wire - http-outgoing-40 >> "Content-Type: application/json[\r][\n]"
21:38:17.413 [ForkJoinPool-1-worker-3] DEBUG org.apache.http.wire - http-outgoing-40 >> "Authorization: kadjADAhOLAIyysfhkalsdHKLsdASDADGDFGJD[\r][\n]"
21:38:17.413 [ForkJoinPool-1-worker-3] DEBUG org.apache.http.wire - http-outgoing-40 >> "Host: nodejs-qa-training.herokuapp.com[\r][\n]"
21:38:17.413 [ForkJoinPool-1-worker-3] DEBUG org.apache.http.wire - http-outgoing-40 >> "Connection: Keep-Alive[\r][\n]"
21:38:17.413 [ForkJoinPool-1-worker-3] DEBUG org.apache.http.wire - http-outgoing-40 >> "User-Agent: Apache-HttpClient/4.5.11 (Java/1.8.0_171)[\r][\n]"
21:38:17.413 [ForkJoinPool-1-worker-3] DEBUG org.apache.http.wire - http-outgoing-40 >> "Accept-Encoding: gzip,deflate[\r][\n]"
21:38:17.413 [ForkJoinPool-1-worker-3] DEBUG org.apache.http.wire - http-outgoing-40 >> "[\r][\n]"
21:38:17.413 [ForkJoinPool-1-worker-2] DEBUG org.apache.http.wire - http-outgoing-39 << "HTTP/1.1 200 OK[\r][\n]"
21:38:17.413 [ForkJoinPool-1-worker-2] DEBUG org.apache.http.wire - http-outgoing-39 << "Server: Cowboy[\r][\n]"
21:38:17.413 [ForkJoinPool-1-worker-2] DEBUG org.apache.http.wire - http-outgoing-39 << "Connection: keep-alive[\r][\n]"
21:38:17.413 [ForkJoinPool-1-worker-2] DEBUG org.apache.http.wire - http-outgoing-39 << "X-Powered-By: Express[\r][\n]"
21:38:17.413 [ForkJoinPool-1-worker-2] DEBUG org.apache.http.wire - http-outgoing-39 << "Content-Type: application/json; charset=utf-8[\r][\n]"
21:38:17.413 [ForkJoinPool-1-worker-2] DEBUG org.apache.http.wire - http-outgoing-39 << "Content-Length: 7032[\r][\n]"
21:38:17.413 [ForkJoinPool-1-worker-2] DEBUG org.apache.http.wire - http-outgoing-39 << "Etag: W/"1b78-QLaE6RpZ5E8d2hLg+o5PqJk5Zw8"[\r][\n]"
21:38:17.413 [ForkJoinPool-1-worker-2] DEBUG org.apache.http.wire - http-outgoing-39 << "Date: Tue, 15 Sep 2020 02:38:17 GMT[\r][\n]"
21:38:17.413 [ForkJoinPool-1-worker-2] DEBUG org.apache.http.wire - http-outgoing-39 << "Via: 1.1 vegur[\r][\n]"
21:38:17.413 [ForkJoinPool-1-worker-2] DEBUG org.apache.http.wire - http-outgoing-39 << "[\r][\n]"
21:38:17.413 [ForkJoinPool-1-worker-2] DEBUG org.apache.http.wire - http-outgoing-39 << "[{"user_id":1,"id":1,"title":"quidem molestiae enim"},{"user_id":1,"id":2,"title":"sunt qui excepturi placeat culpa"},{"user_id":1,"id":3,"title":"omnis laborum odio"},{"user_id":1,"id":4,"title":"non esse culpa molestiae omnis sed optio"},{"user_id":1,"id":5,"title":"eaque aut omnis a"},{"user_id":1,"id":6,"title":"natus impedit quibusdam illo est"},{"user_id":1,"id":7,"title":"quibusdam autem aliquid et et quia"},{"user_id":1,"id":8,"title":"qui fuga est a eum"},{"user_id":1,"id":9,"title":"saepe unde necessitatibus rem"},{"user_id":1,"id":10,"title":"distinctio laborum qui"},{"user_id":2,"id":11,"title":"quam nostrum impedit mollitia quod et dolor"},{"user_id":2,"id":12,"title":"consequatur autem doloribus natus consectetur"},{"user_id":2,"id":13,"title":"ab rerum non rerum consequatur ut ea unde"},{"user_id":2,"id":14,"title":"ducimus molestias eos animi atque nihil"},{"user_id":2,"id":15,"title":"ut pariatur rerum ipsum natus repellendus praesentium"},{"user_id":2,"id":16,"title":"voluptatem aut maxime inventore autem magnam atque repellat"},{"user_id":2,"id":17,"title":"aut minima voluptatem ut velit"},{"user_id":2,"id":18,"title":"nesciunt quia et doloremque"},{"user_id":2,"id":19,"title":"velit pariatur quaerat similique libero omnis quia"},{"user_id":2,"id":20,"title":"voluptas rerum iure ut enim"},{"user_id":3,"id":21,"title":"repudiandae voluptatem optio est consequatur rem in temporibus et"},{"user_id":3,"id":22,"title":"et rem non provident vel ut"},{"user_id":3,"id":23,"title":"incidunt quisquam hic adipisci sequi"},{"user_id":3,"id":24,"title":"dolores ut et facere placeat"},{"user_id":3,"id":25,"title":"vero maxime id possimus sunt neque et consequatur"},{"user_id":3,"id":26,"title":"quibusdam saepe ipsa vel harum"},{"user_id":3,"id":27,"title":"id non nostrum expedita"},{"user_id":3,"id":28,"title":"omnis neque exercitationem sed dolor atque maxime aut cum"},{"user_id":3,"id":29,"title":"inventore ut quasi magnam itaque est fugit"},{"user_id":3,"id":30,"title":"tempora assumenda et similique odit distinctio error"},{"user_id":4,"id":31,"title":"adipisci laborum fuga laboriosam"},{"user_id":4,"id":32,"title":"reiciendis dolores a ut qui debitis non quo labore"},{"user_id":4,"id":33,"title":"iste eos nostrum"},{"user_id":4,"id":34,"title":"cumque voluptatibus rerum architecto blanditiis"},{"user_id":4,"id":35,"title":"et impedit nisi quae magni necessitatibus sed aut pariatur"},{"user_id":4,"id":36,"title":"nihil cupiditate voluptate neque"},{"user_id":4,"id":37,"title":"est placeat dicta ut nisi rerum iste"},{"user_id":4,"id":38,"title":"unde a sequi id"},{"user_id":4,"id":39,"title":"ratione porro illum labore eum aperiam sed"},{"user_id":4,"id":40,"title":"voluptas neque et sint aut quo odit"},{"user_id":5,"id":41,"title":"ea voluptates maiores eos accusantium officiis tempore mollitia consequatur"},{"user_id":5,"id":42,"title":"tenetur explicabo ea"},{"user_id":5,"id":43,"title":"aperiam doloremque nihil"},{"user_id":5,"id":44,"title":"sapiente cum numquam officia consequatur vel natus quos suscipit"},{"user_id":5,"id":45,"title":"tenetur quos ea unde est enim corrupti qui"},{"user_id":5,"id":46,"title":"molestiae voluptate non"},{"user_id":5,"id":47,"title":"temporibus molestiae aut"},{"user_id":5,"id":48,"title":"modi consequatur culpa aut quam soluta alias perspiciatis laudantium"},{"user_id":5,"id":49,"title":"ut aut vero repudiandae voluptas ullam voluptas at consequatur"},{"user_id":5,"id":50,"title":"sed qui sed quas sit ducimus dolor"},{"user_id":6,"id":51,"title":"odit laboriosam sint quia cupiditate animi quis"},{"user_id":6,"id":52,"title":"necessitatibus quas et sunt at voluptatem"},{"user_id":6,"id":53,"title":"est vel sequi voluptatem nemo quam molestiae modi enim"},{"user_id":6,"id":54,"title":"aut non illo amet perferendis"},{"user_id":6,"id":55,"title":"qui culpa itaque omnis in nesciunt architecto error"},{"user_id":6,"id":56,"title":"omnis qui maiores tempora officiis omnis rerum sed repellat"},{"user_id":6,"id":57,"title":"libero excepturi voluptatem est architecto quae voluptatum officia tempora"},{"user_id":6,"id":58,"title":"nulla illo consequatur aspernatur veritatis aut error delectus et"},{"user_id":6,"id":59,"title":"eligendi similique provident nihil"},{"user_id":6,"id":60,"title":"omnis mollitia sunt aliquid eum consequatur fugit minus laudantium"},{"user_id":7,"id":61,"title":"delectus iusto et"},{"user_id":7,"id":62,"title":"eos ea non recusandae iste ut quasi"},{"user_id":7,"id":63,"title":"velit est quam"},{"user_id":7,"id":64,"title":"autem voluptatem amet iure quae"},{"user_id":7,"id":65,"title":"voluptates delectus iure iste qui"},{"user_id":7,"id":66,"title":"velit sed quia dolor dolores delectus"},{"user_id":7,"id":67,"title":"ad voluptas nostrum et nihil"},{"user_id":7,"id":68,"title":"qui quasi nihil aut voluptatum sit dolore minima"},{"user_id":7,"id":69,"title":"qui aut est"},{"user_id":7,"id":70,"title":"et deleniti unde"},{"user_id":8,"id":71,"title":"et vel corporis"},{"user_id":8,"id":72,"title":"unde exercitationem ut"},{"user_id":8,"id":73,"title":"quos omnis officia"},{"user_id":8,"id":74,"title":"quia est eius vitae dolor"},{"user_id":8,"id":75,"title":"aut quia expedita non"},{"user_id":8,"id":76,"title":"dolorem magnam facere itaque ut reprehenderit tenetur corrupti"},{"user_id":8,"id":77,"title":"cupiditate sapiente maiores iusto ducimus cum excepturi veritatis quia"},{"user_id":8,"id":78,"title":"est minima eius possimus ea ratione velit et"},{"user_id":8,"id":79,"title":"ipsa quae voluptas natus ut suscipit soluta quia quidem"},{"user_id":8,"id":80,"title":"id nihil reprehenderit"},{"user_id":9,"id":81,"title":"quibusdam sapiente et"},{"user_id":9,"id":82,"title":"recusandae consequatur vel amet unde"},{"user_id":9,"id":83,"title":"aperiam odio fugiat"},{"user_id":9,"id":84,"title":"est et at eos expedita"},{"user_id":9,"id":85,"title":"qui voluptatem consequatur aut ab quis temporibus praesentium"},{"user_id":9,"id":86,"title":"eligendi mollitia alias aspernatur vel ut iusto"},{"user_id":9,"id":87,"title":"aut aut architecto"},{"user_id":9,"id":88,"title":"quas perspiciatis optio"},{"user_id":9,"id":89,"title":"sit optio id voluptatem est eum et"},{"user_id":9,"id":90,"title":"est vel dignissimos"},{"user_id":10,"id":91,"title":"repellendus praesentium debitis officiis"},{"user_id":10,"id":92,"title":"incidunt et et eligendi assumenda soluta quia recusandae"},{"user_id":10,"id":93,"title":"nisi qui dolores perspiciatis"},{"user_id":10,"id":94,"title":"quisquam a dolores et earum vitae"},{"user_id":10,"id":95,"title":"consectetur vel rerum qui aperiam modi eos aspernatur ipsa"},{"user_id":10,"id":96,"title":"unde et ut molestiae est molestias voluptatem sint"},{"user_id":10,"id":97,"title":"est quod aut"},{"user_id":10,"id":98,"title":"omnis quia possimus nesciunt deleniti assumenda sed autem"},{"user_id":10,"id":99,"title":"consectetur ut id impedit dolores sit ad ex aut"},{"user_id":10,"id":100,"title":"enim repellat iste"}]"
21:38:17.413 [ForkJoinPool-1-worker-2] DEBUG org.apache.http.headers - http-outgoing-39 << HTTP/1.1 200 OK
21:38:17.413 [ForkJoinPool-1-worker-2] DEBUG org.apache.http.headers - http-outgoing-39 << Server: Cowboy
21:38:17.413 [ForkJoinPool-1-worker-2] DEBUG org.apache.http.headers - http-outgoing-39 << Connection: keep-alive
21:38:17.413 [ForkJoinPool-1-worker-2] DEBUG org.apache.http.headers - http-outgoing-39 << X-Powered-By: Express
21:38:17.413 [ForkJoinPool-1-worker-2] DEBUG org.apache.http.headers - http-outgoing-39 << Content-Type: application/json; charset=utf-8
21:38:17.413 [ForkJoinPool-1-worker-2] DEBUG org.apache.http.headers - http-outgoing-39 << Content-Length: 7032
21:38:17.413 [ForkJoinPool-1-worker-2] DEBUG org.apache.http.headers - http-outgoing-39 << Etag: W/"1b78-QLaE6RpZ5E8d2hLg+o5PqJk5Zw8"
21:38:17.413 [ForkJoinPool-1-worker-2] DEBUG org.apache.http.headers - http-outgoing-39 << Date: Tue, 15 Sep 2020 02:38:17 GMT
21:38:17.413 [ForkJoinPool-1-worker-2] DEBUG org.apache.http.headers - http-outgoing-39 << Via: 1.1 vegur
21:38:17.413 [ForkJoinPool-1-worker-2] DEBUG org.apache.http.impl.execchain.MainClientExec - Connection can be kept alive indefinitely
21:38:17.413 [ForkJoinPool-1-worker-2] DEBUG org.apache.http.impl.conn.PoolingHttpClientConnectionManager - Connection [id: 39][route: {s}->https://nodejs-qa-training.herokuapp.com:443] can be kept alive indefinitely
21:38:17.413 [ForkJoinPool-1-worker-2] DEBUG org.apache.http.impl.conn.DefaultManagedHttpClientConnection - http-outgoing-39: set socket timeout to 0
21:38:17.413 [ForkJoinPool-1-worker-2] DEBUG org.apache.http.impl.conn.PoolingHttpClientConnectionManager - Connection released: [id: 39][route: {s}->https://nodejs-qa-training.herokuapp.com:443][total available: 1; route allocated: 1 of 5; total allocated: 1 of 10]
21:38:17.413 [ForkJoinPool-1-worker-2] DEBUG com.intuit.karate - response time in milliseconds: 490,83
1 < 200
1 < Connection: keep-alive
1 < Content-Length: 7032
1 < Content-Type: application/json; charset=utf-8
1 < Date: Tue, 15 Sep 2020 02:38:17 GMT
1 < Etag: W/"1b78-QLaE6RpZ5E8d2hLg+o5PqJk5Zw8"
1 < Server: Cowboy
1 < Via: 1.1 vegur
1 < X-Powered-By: Express
[{"user_id":1,"id":1,"title":"quidem molestiae enim"},{"user_id":1,"id":2,"title":"sunt qui excepturi placeat culpa"},{"user_id":1,"id":3,"title":"omnis laborum odio"},{"user_id":1,"id":4,"title":"non esse culpa molestiae omnis sed optio"},{"user_id":1,"id":5,"title":"eaque aut omnis a"},{"user_id":1,"id":6,"title":"natus impedit quibusdam illo est"},{"user_id":1,"id":7,"title":"quibusdam autem aliquid et et quia"},{"user_id":1,"id":8,"title":"qui fuga est a eum"},{"user_id":1,"id":9,"title":"saepe unde necessitatibus rem"},{"user_id":1,"id":10,"title":"distinctio laborum qui"},{"user_id":2,"id":11,"title":"quam nostrum impedit mollitia quod et dolor"},{"user_id":2,"id":12,"title":"consequatur autem doloribus natus consectetur"},{"user_id":2,"id":13,"title":"ab rerum non rerum consequatur ut ea unde"},{"user_id":2,"id":14,"title":"ducimus molestias eos animi atque nihil"},{"user_id":2,"id":15,"title":"ut pariatur rerum ipsum natus repellendus praesentium"},{"user_id":2,"id":16,"title":"voluptatem aut maxime inventore autem magnam atque repellat"},{"user_id":2,"id":17,"title":"aut minima voluptatem ut velit"},{"user_id":2,"id":18,"title":"nesciunt quia et doloremque"},{"user_id":2,"id":19,"title":"velit pariatur quaerat similique libero omnis quia"},{"user_id":2,"id":20,"title":"voluptas rerum iure ut enim"},{"user_id":3,"id":21,"title":"repudiandae voluptatem optio est consequatur rem in temporibus et"},{"user_id":3,"id":22,"title":"et rem non provident vel ut"},{"user_id":3,"id":23,"title":"incidunt quisquam hic adipisci sequi"},{"user_id":3,"id":24,"title":"dolores ut et facere placeat"},{"user_id":3,"id":25,"title":"vero maxime id possimus sunt neque et consequatur"},{"user_id":3,"id":26,"title":"quibusdam saepe ipsa vel harum"},{"user_id":3,"id":27,"title":"id non nostrum expedita"},{"user_id":3,"id":28,"title":"omnis neque exercitationem sed dolor atque maxime aut cum"},{"user_id":3,"id":29,"title":"inventore ut quasi magnam itaque est fugit"},{"user_id":3,"id":30,"title":"tempora assumenda et similique odit distinctio error"},{"user_id":4,"id":31,"title":"adipisci laborum fuga laboriosam"},{"user_id":4,"id":32,"title":"reiciendis dolores a ut qui debitis non quo labore"},{"user_id":4,"id":33,"title":"iste eos nostrum"},{"user_id":4,"id":34,"title":"cumque voluptatibus rerum architecto blanditiis"},{"user_id":4,"id":35,"title":"et impedit nisi quae magni necessitatibus sed aut pariatur"},{"user_id":4,"id":36,"title":"nihil cupiditate voluptate neque"},{"user_id":4,"id":37,"title":"est placeat dicta ut nisi rerum iste"},{"user_id":4,"id":38,"title":"unde a sequi id"},{"user_id":4,"id":39,"title":"ratione porro illum labore eum aperiam sed"},{"user_id":4,"id":40,"title":"voluptas neque et sint aut quo odit"},{"user_id":5,"id":41,"title":"ea voluptates maiores eos accusantium officiis tempore mollitia consequatur"},{"user_id":5,"id":42,"title":"tenetur explicabo ea"},{"user_id":5,"id":43,"title":"aperiam doloremque nihil"},{"user_id":5,"id":44,"title":"sapiente cum numquam officia consequatur vel natus quos suscipit"},{"user_id":5,"id":45,"title":"tenetur quos ea unde est enim corrupti qui"},{"user_id":5,"id":46,"title":"molestiae voluptate non"},{"user_id":5,"id":47,"title":"temporibus molestiae aut"},{"user_id":5,"id":48,"title":"modi consequatur culpa aut quam soluta alias perspiciatis laudantium"},{"user_id":5,"id":49,"title":"ut aut vero repudiandae voluptas ullam voluptas at consequatur"},{"user_id":5,"id":50,"title":"sed qui sed quas sit ducimus dolor"},{"user_id":6,"id":51,"title":"odit laboriosam sint quia cupiditate animi quis"},{"user_id":6,"id":52,"title":"necessitatibus quas et sunt at voluptatem"},{"user_id":6,"id":53,"title":"est vel sequi voluptatem nemo quam molestiae modi enim"},{"user_id":6,"id":54,"title":"aut non illo amet perferendis"},{"user_id":6,"id":55,"title":"qui culpa itaque omnis in nesciunt architecto error"},{"user_id":6,"id":56,"title":"omnis qui maiores tempora officiis omnis rerum sed repellat"},{"user_id":6,"id":57,"title":"libero excepturi voluptatem est architecto quae voluptatum officia tempora"},{"user_id":6,"id":58,"title":"nulla illo consequatur aspernatur veritatis aut error delectus et"},{"user_id":6,"id":59,"title":"eligendi similique provident nihil"},{"user_id":6,"id":60,"title":"omnis mollitia sunt aliquid eum consequatur fugit minus laudantium"},{"user_id":7,"id":61,"title":"delectus iusto et"},{"user_id":7,"id":62,"title":"eos ea non recusandae iste ut quasi"},{"user_id":7,"id":63,"title":"velit est quam"},{"user_id":7,"id":64,"title":"autem voluptatem amet iure quae"},{"user_id":7,"id":65,"title":"voluptates delectus iure iste qui"},{"user_id":7,"id":66,"title":"velit sed quia dolor dolores delectus"},{"user_id":7,"id":67,"title":"ad voluptas nostrum et nihil"},{"user_id":7,"id":68,"title":"qui quasi nihil aut voluptatum sit dolore minima"},{"user_id":7,"id":69,"title":"qui aut est"},{"user_id":7,"id":70,"title":"et deleniti unde"},{"user_id":8,"id":71,"title":"et vel corporis"},{"user_id":8,"id":72,"title":"unde exercitationem ut"},{"user_id":8,"id":73,"title":"quos omnis officia"},{"user_id":8,"id":74,"title":"quia est eius vitae dolor"},{"user_id":8,"id":75,"title":"aut quia expedita non"},{"user_id":8,"id":76,"title":"dolorem magnam facere itaque ut reprehenderit tenetur corrupti"},{"user_id":8,"id":77,"title":"cupiditate sapiente maiores iusto ducimus cum excepturi veritatis quia"},{"user_id":8,"id":78,"title":"est minima eius possimus ea ratione velit et"},{"user_id":8,"id":79,"title":"ipsa quae voluptas natus ut suscipit soluta quia quidem"},{"user_id":8,"id":80,"title":"id nihil reprehenderit"},{"user_id":9,"id":81,"title":"quibusdam sapiente et"},{"user_id":9,"id":82,"title":"recusandae consequatur vel amet unde"},{"user_id":9,"id":83,"title":"aperiam odio fugiat"},{"user_id":9,"id":84,"title":"est et at eos expedita"},{"user_id":9,"id":85,"title":"qui voluptatem consequatur aut ab quis temporibus praesentium"},{"user_id":9,"id":86,"title":"eligendi mollitia alias aspernatur vel ut iusto"},{"user_id":9,"id":87,"title":"aut aut architecto"},{"user_id":9,"id":88,"title":"quas perspiciatis optio"},{"user_id":9,"id":89,"title":"sit optio id voluptatem est eum et"},{"user_id":9,"id":90,"title":"est vel dignissimos"},{"user_id":10,"id":91,"title":"repellendus praesentium debitis officiis"},{"user_id":10,"id":92,"title":"incidunt et et eligendi assumenda soluta quia recusandae"},{"user_id":10,"id":93,"title":"nisi qui dolores perspiciatis"},{"user_id":10,"id":94,"title":"quisquam a dolores et earum vitae"},{"user_id":10,"id":95,"title":"consectetur vel rerum qui aperiam modi eos aspernatur ipsa"},{"user_id":10,"id":96,"title":"unde et ut molestiae est molestias voluptatem sint"},{"user_id":10,"id":97,"title":"est quod aut"},{"user_id":10,"id":98,"title":"omnis quia possimus nesciunt deleniti assumenda sed autem"},{"user_id":10,"id":99,"title":"consectetur ut id impedit dolores sit ad ex aut"},{"user_id":10,"id":100,"title":"enim repellat iste"}]

21:38:17.444 [ForkJoinPool-1-worker-2] DEBUG com.jayway.jsonpath.internal.path.CompiledPath - Evaluating path: $
21:38:17.444 [ForkJoinPool-1-worker-2] DEBUG com.jayway.jsonpath.internal.path.CompiledPath - Evaluating path: $
21:38:17.444 [ForkJoinPool-1-worker-2] DEBUG com.jayway.jsonpath.internal.path.CompiledPath - Evaluating path: $
21:38:17.444 [ForkJoinPool-1-worker-2] DEBUG com.jayway.jsonpath.internal.path.CompiledPath - Evaluating path: $
21:38:17.444 [ForkJoinPool-1-worker-2] DEBUG com.jayway.jsonpath.internal.path.CompiledPath - Evaluating path: $
21:38:17.444 [ForkJoinPool-1-worker-2] DEBUG com.jayway.jsonpath.internal.path.CompiledPath - Evaluating path: $
21:38:17.444 [ForkJoinPool-1-worker-2] DEBUG com.jayway.jsonpath.internal.path.CompiledPath - Evaluating path: $
21:38:17.444 [ForkJoinPool-1-worker-2] INFO com.intuit.karate - [print] {
  "responseTime": 491,
  "objeto": {
    "user_id": "#number",
    "id": "#number",
    "title": "#string"
  },
  "responseStatus": 200,
  "__loop": -1,
  "__arg": null,
  "urlBase": "https://nodejs-qa-training.herokuapp.com/",
  "responseType": "json",
  "responseHeaders": {
    "Server": [
      "Cowboy"
    ],
    "Connection": [
      "keep-alive"
    ],
    "X-Powered-By": [
      "Express"
    ],
    "Content-Type": [
      "application/json; charset=utf-8"
    ],
    "Content-Length": [
      "7032"
    ],
    "Etag": [
      "W/\"1b78-QLaE6RpZ5E8d2hLg+o5PqJk5Zw8\""
    ],
    "Date": [
      "Tue, 15 Sep 2020 02:38:17 GMT"
    ],
    "Via": [
      "1.1 vegur"
    ]
  },
  "jsonAutenticacion": {
    "newUserMail": "admin@wolox.com.ar",
    "__num": 0,
    "resultadoEsperadoHeader": "\"#notnull\"",
    "responseTime": 706,
    "jsonLogin": {
      "email": "admin@wolox.com.ar",
      "password": "candidatoWolox2020"
    },
    "responseStatus": 200,
    "__loop": -1,
    "__arg": null,
    "urlBase": "https://nodejs-qa-training.herokuapp.com/",
    "responseType": "json",
    "responseHeaders": {
      "Server": [
        "Cowboy"
      ],
      "Connection": [
        "keep-alive"
      ],
      "X-Powered-By": [
        "Express"
      ],
      "Authorization": [
        "eyJ0eXAiOiJKV1QiLCJhbGciOiJIUzI1NiJ9.eyJ1c2VySWQiOjE0Niwicm9sZSI6ImFkbWluIiwiaWF0IjoxNjAwMTM3NDk3LjMxMywiZXhwIjoxNjAwMTM5Mjk3LjMxM30.H0oc15pAi9vLgdvRiWNzYfuWAqW6afEDHDR0mJ_BRME"
      ],
      "Content-Type": [
        "application/json; charset=utf-8"
      ],
      "Content-Length": [
        "51"
      ],
      "Etag": [
        "W/\"33-gLI5a1+kTj5bod6kCHaPx4QWZlM\""
      ],
      "Date": [
        "Tue, 15 Sep 2020 02:38:17 GMT"
      ],
      "Via": [
        "1.1 vegur"
      ]
    },
    "response": {
      "token_expires_at": "1600139297.313",
      "user_id": 146
    },
    "requestTimeStamp": 1600137496216,
    "newUserPassword": "candidatoWolox2020",
    "resultadoEsperadoUserId": "\"#number\"",
    "__row": {
      "newUserMail": "admin@wolox.com.ar",
      "newUserPassword": "candidatoWolox2020",
      "resultadoEsperadoUserId": "\"#number\"",
      "resultadoEsperadoHeader": "\"#notnull\""
    },
    "responseCookies": null,
    "headerContentType": "application/json"
  },
  "response": [
    {
      "user_id": 1,
      "id": 1,
      "title": "quidem molestiae enim"
    },
    {
      "user_id": 1,
      "id": 2,
      "title": "sunt qui excepturi placeat culpa"
    },
    {
      "user_id": 1,
      "id": 3,
      "title": "omnis laborum odio"
    },
    {
      "user_id": 1,
      "id": 4,
      "title": "non esse culpa molestiae omnis sed optio"
    },
    {
      "user_id": 1,
      "id": 5,
      "title": "eaque aut omnis a"
    },
    {
      "user_id": 1,
      "id": 6,
      "title": "natus impedit quibusdam illo est"
    },
    {
      "user_id": 1,
      "id": 7,
      "title": "quibusdam autem aliquid et et quia"
    },
    {
      "user_id": 1,
      "id": 8,
      "title": "qui fuga est a eum"
    },
    {
      "user_id": 1,
      "id": 9,
      "title": "saepe unde necessitatibus rem"
    },
    {
      "user_id": 1,
      "id": 10,
      "title": "distinctio laborum qui"
    },
    {
      "user_id": 2,
      "id": 11,
      "title": "quam nostrum impedit mollitia quod et dolor"
    },
    {
      "user_id": 2,
      "id": 12,
      "title": "consequatur autem doloribus natus consectetur"
    },
    {
      "user_id": 2,
      "id": 13,
      "title": "ab rerum non rerum consequatur ut ea unde"
    },
    {
      "user_id": 2,
      "id": 14,
      "title": "ducimus molestias eos animi atque nihil"
    },
    {
      "user_id": 2,
      "id": 15,
      "title": "ut pariatur rerum ipsum natus repellendus praesentium"
    },
    {
      "user_id": 2,
      "id": 16,
      "title": "voluptatem aut maxime inventore autem magnam atque repellat"
    },
    {
      "user_id": 2,
      "id": 17,
      "title": "aut minima voluptatem ut velit"
    },
    {
      "user_id": 2,
      "id": 18,
      "title": "nesciunt quia et doloremque"
    },
    {
      "user_id": 2,
      "id": 19,
      "title": "velit pariatur quaerat similique libero omnis quia"
    },
    {
      "user_id": 2,
      "id": 20,
      "title": "voluptas rerum iure ut enim"
    },
    {
      "user_id": 3,
      "id": 21,
      "title": "repudiandae voluptatem optio est consequatur rem in temporibus et"
    },
    {
      "user_id": 3,
      "id": 22,
      "title": "et rem non provident vel ut"
    },
    {
      "user_id": 3,
      "id": 23,
      "title": "incidunt quisquam hic adipisci sequi"
    },
    {
      "user_id": 3,
      "id": 24,
      "title": "dolores ut et facere placeat"
    },
    {
      "user_id": 3,
      "id": 25,
      "title": "vero maxime id possimus sunt neque et consequatur"
    },
    {
      "user_id": 3,
      "id": 26,
      "title": "quibusdam saepe ipsa vel harum"
    },
    {
      "user_id": 3,
      "id": 27,
      "title": "id non nostrum expedita"
    },
    {
      "user_id": 3,
      "id": 28,
      "title": "omnis neque exercitationem sed dolor atque maxime aut cum"
    },
    {
      "user_id": 3,
      "id": 29,
      "title": "inventore ut quasi magnam itaque est fugit"
    },
    {
      "user_id": 3,
      "id": 30,
      "title": "tempora assumenda et similique odit distinctio error"
    },
    {
      "user_id": 4,
      "id": 31,
      "title": "adipisci laborum fuga laboriosam"
    },
    {
      "user_id": 4,
      "id": 32,
      "title": "reiciendis dolores a ut qui debitis non quo labore"
    },
    {
      "user_id": 4,
      "id": 33,
      "title": "iste eos nostrum"
    },
    {
      "user_id": 4,
      "id": 34,
      "title": "cumque voluptatibus rerum architecto blanditiis"
    },
    {
      "user_id": 4,
      "id": 35,
      "title": "et impedit nisi quae magni necessitatibus sed aut pariatur"
    },
    {
      "user_id": 4,
      "id": 36,
      "title": "nihil cupiditate voluptate neque"
    },
    {
      "user_id": 4,
      "id": 37,
      "title": "est placeat dicta ut nisi rerum iste"
    },
    {
      "user_id": 4,
      "id": 38,
      "title": "unde a sequi id"
    },
    {
      "user_id": 4,
      "id": 39,
      "title": "ratione porro illum labore eum aperiam sed"
    },
    {
      "user_id": 4,
      "id": 40,
      "title": "voluptas neque et sint aut quo odit"
    },
    {
      "user_id": 5,
      "id": 41,
      "title": "ea voluptates maiores eos accusantium officiis tempore mollitia consequatur"
    },
    {
      "user_id": 5,
      "id": 42,
      "title": "tenetur explicabo ea"
    },
    {
      "user_id": 5,
      "id": 43,
      "title": "aperiam doloremque nihil"
    },
    {
      "user_id": 5,
      "id": 44,
      "title": "sapiente cum numquam officia consequatur vel natus quos suscipit"
    },
    {
      "user_id": 5,
      "id": 45,
      "title": "tenetur quos ea unde est enim corrupti qui"
    },
    {
      "user_id": 5,
      "id": 46,
      "title": "molestiae voluptate non"
    },
    {
      "user_id": 5,
      "id": 47,
      "title": "temporibus molestiae aut"
    },
    {
      "user_id": 5,
      "id": 48,
      "title": "modi consequatur culpa aut quam soluta alias perspiciatis laudantium"
    },
    {
      "user_id": 5,
      "id": 49,
      "title": "ut aut vero repudiandae voluptas ullam voluptas at consequatur"
    },
    {
      "user_id": 5,
      "id": 50,
      "title": "sed qui sed quas sit ducimus dolor"
    },
    {
      "user_id": 6,
      "id": 51,
      "title": "odit laboriosam sint quia cupiditate animi quis"
    },
    {
      "user_id": 6,
      "id": 52,
      "title": "necessitatibus quas et sunt at voluptatem"
    },
    {
      "user_id": 6,
      "id": 53,
      "title": "est vel sequi voluptatem nemo quam molestiae modi enim"
    },
    {
      "user_id": 6,
      "id": 54,
      "title": "aut non illo amet perferendis"
    },
    {
      "user_id": 6,
      "id": 55,
      "title": "qui culpa itaque omnis in nesciunt architecto error"
    },
    {
      "user_id": 6,
      "id": 56,
      "title": "omnis qui maiores tempora officiis omnis rerum sed repellat"
    },
    {
      "user_id": 6,
      "id": 57,
      "title": "libero excepturi voluptatem est architecto quae voluptatum officia tempora"
    },
    {
      "user_id": 6,
      "id": 58,
      "title": "nulla illo consequatur aspernatur veritatis aut error delectus et"
    },
    {
      "user_id": 6,
      "id": 59,
      "title": "eligendi similique provident nihil"
    },
    {
      "user_id": 6,
      "id": 60,
      "title": "omnis mollitia sunt aliquid eum consequatur fugit minus laudantium"
    },
    {
      "user_id": 7,
      "id": 61,
      "title": "delectus iusto et"
    },
    {
      "user_id": 7,
      "id": 62,
      "title": "eos ea non recusandae iste ut quasi"
    },
    {
      "user_id": 7,
      "id": 63,
      "title": "velit est quam"
    },
    {
      "user_id": 7,
      "id": 64,
      "title": "autem voluptatem amet iure quae"
    },
    {
      "user_id": 7,
      "id": 65,
      "title": "voluptates delectus iure iste qui"
    },
    {
      "user_id": 7,
      "id": 66,
      "title": "velit sed quia dolor dolores delectus"
    },
    {
      "user_id": 7,
      "id": 67,
      "title": "ad voluptas nostrum et nihil"
    },
    {
      "user_id": 7,
      "id": 68,
      "title": "qui quasi nihil aut voluptatum sit dolore minima"
    },
    {
      "user_id": 7,
      "id": 69,
      "title": "qui aut est"
    },
    {
      "user_id": 7,
      "id": 70,
      "title": "et deleniti unde"
    },
    {
      "user_id": 8,
      "id": 71,
      "title": "et vel corporis"
    },
    {
      "user_id": 8,
      "id": 72,
      "title": "unde exercitationem ut"
    },
    {
      "user_id": 8,
      "id": 73,
      "title": "quos omnis officia"
    },
    {
      "user_id": 8,
      "id": 74,
      "title": "quia est eius vitae dolor"
    },
    {
      "user_id": 8,
      "id": 75,
      "title": "aut quia expedita non"
    },
    {
      "user_id": 8,
      "id": 76,
      "title": "dolorem magnam facere itaque ut reprehenderit tenetur corrupti"
    },
    {
      "user_id": 8,
      "id": 77,
      "title": "cupiditate sapiente maiores iusto ducimus cum excepturi veritatis quia"
    },
    {
      "user_id": 8,
      "id": 78,
      "title": "est minima eius possimus ea ratione velit et"
    },
    {
      "user_id": 8,
      "id": 79,
      "title": "ipsa quae voluptas natus ut suscipit soluta quia quidem"
    },
    {
      "user_id": 8,
      "id": 80,
      "title": "id nihil reprehenderit"
    },
    {
      "user_id": 9,
      "id": 81,
      "title": "quibusdam sapiente et"
    },
    {
      "user_id": 9,
      "id": 82,
      "title": "recusandae consequatur vel amet unde"
    },
    {
      "user_id": 9,
      "id": 83,
      "title": "aperiam odio fugiat"
    },
    {
      "user_id": 9,
      "id": 84,
      "title": "est et at eos expedita"
    },
    {
      "user_id": 9,
      "id": 85,
      "title": "qui voluptatem consequatur aut ab quis temporibus praesentium"
    },
    {
      "user_id": 9,
      "id": 86,
      "title": "eligendi mollitia alias aspernatur vel ut iusto"
    },
    {
      "user_id": 9,
      "id": 87,
      "title": "aut aut architecto"
    },
    {
      "user_id": 9,
      "id": 88,
      "title": "quas perspiciatis optio"
    },
    {
      "user_id": 9,
      "id": 89,
      "title": "sit optio id voluptatem est eum et"
    },
    {
      "user_id": 9,
      "id": 90,
      "title": "est vel dignissimos"
    },
    {
      "user_id": 10,
      "id": 91,
      "title": "repellendus praesentium debitis officiis"
    },
    {
      "user_id": 10,
      "id": 92,
      "title": "incidunt et et eligendi assumenda soluta quia recusandae"
    },
    {
      "user_id": 10,
      "id": 93,
      "title": "nisi qui dolores perspiciatis"
    },
    {
      "user_id": 10,
      "id": 94,
      "title": "quisquam a dolores et earum vitae"
    },
    {
      "user_id": 10,
      "id": 95,
      "title": "consectetur vel rerum qui aperiam modi eos aspernatur ipsa"
    },
    {
      "user_id": 10,
      "id": 96,
      "title": "unde et ut molestiae est molestias voluptatem sint"
    },
    {
      "user_id": 10,
      "id": 97,
      "title": "est quod aut"
    },
    {
      "user_id": 10,
      "id": 98,
      "title": "omnis quia possimus nesciunt deleniti assumenda sed autem"
    },
    {
      "user_id": 10,
      "id": 99,
      "title": "consectetur ut id impedit dolores sit ad ex aut"
    },
    {
      "user_id": 10,
      "id": 100,
      "title": "enim repellat iste"
    }
  ],
  "requestTimeStamp": 1600137496927,
  "varAuthorization": "eyJ0eXAiOiJKV1QiLCJhbGciOiJIUzI1NiJ9.eyJ1c2VySWQiOjE0Niwicm9sZSI6ImFkbWluIiwiaWF0IjoxNjAwMTM3NDk3LjMxMywiZXhwIjoxNjAwMTM5Mjk3LjMxM30.H0oc15pAi9vLgdvRiWNzYfuWAqW6afEDHDR0mJ_BRME",
  "responseCookies": null,
  "headerContentType": "application/json"
}

21:38:17.444 [ForkJoinPool-1-worker-2] INFO com.intuit.karate - [print] eyJ0eXAiOiJKV1QiLCJhbGciOiJIUzI1NiJ9.eyJ1c2VySWQiOjE0Niwicm9sZSI6ImFkbWluIiwiaWF0IjoxNjAwMTM3NDk3LjMxMywiZXhwIjoxNjAwMTM5Mjk3LjMxM30.H0oc15pAi9vLgdvRiWNzYfuWAqW6afEDHDR0mJ_BRME
21:38:17.444 [ForkJoinPool-1-worker-2] DEBUG com.jayway.jsonpath.internal.path.CompiledPath - Evaluating path: $
21:38:17.444 [ForkJoinPool-1-worker-2] INFO com.intuit.karate - [print] 100
21:38:17.460 [ForkJoinPool-1-worker-2] INFO com.intuit.karate - [print] 61.0
21:38:17.460 [ForkJoinPool-1-worker-2] DEBUG org.apache.http.client.protocol.RequestAddCookies - CookieSpec selected: karate
21:38:17.460 [ForkJoinPool-1-worker-2] DEBUG org.apache.http.client.protocol.RequestAuthCache - Auth cache not set in the context
21:38:17.460 [ForkJoinPool-1-worker-2] DEBUG com.intuit.karate - request:
1 > GET https://nodejs-qa-training.herokuapp.com/albums/61/photos
1 > Accept-Encoding: gzip,deflate
1 > Authorization: eyJ0eXAiOiJKV1QiLCJhbGciOiJIUzI1NiJ9.eyJ1c2VySWQiOjE0Niwicm9sZSI6ImFkbWluIiwiaWF0IjoxNjAwMTM3NDk3LjMxMywiZXhwIjoxNjAwMTM5Mjk3LjMxM30.H0oc15pAi9vLgdvRiWNzYfuWAqW6afEDHDR0mJ_BRME
1 > Connection: Keep-Alive
1 > Content-Type: application/json
1 > Host: nodejs-qa-training.herokuapp.com
1 > User-Agent: Apache-HttpClient/4.5.11 (Java/1.8.0_171)

21:38:17.460 [ForkJoinPool-1-worker-2] DEBUG org.apache.http.impl.conn.PoolingHttpClientConnectionManager - Connection request: [route: {s}->https://nodejs-qa-training.herokuapp.com:443][total available: 0; route allocated: 0 of 5; total allocated: 0 of 10]
21:38:17.460 [ForkJoinPool-1-worker-2] DEBUG org.apache.http.impl.conn.PoolingHttpClientConnectionManager - Connection leased: [id: 42][route: {s}->https://nodejs-qa-training.herokuapp.com:443][total available: 0; route allocated: 1 of 5; total allocated: 1 of 10]
21:38:17.460 [ForkJoinPool-1-worker-2] DEBUG org.apache.http.impl.execchain.MainClientExec - Opening connection {s}->https://nodejs-qa-training.herokuapp.com:443
21:38:17.460 [ForkJoinPool-1-worker-2] DEBUG org.apache.http.impl.conn.DefaultHttpClientConnectionOperator - Connecting to nodejs-qa-training.herokuapp.com/52.20.101.119:443
21:38:17.460 [ForkJoinPool-1-worker-2] DEBUG org.apache.http.conn.ssl.SSLConnectionSocketFactory - Connecting socket to nodejs-qa-training.herokuapp.com/52.20.101.119:443 with timeout 30000
21:38:17.460 [ForkJoinPool-1-worker-1] DEBUG org.apache.http.conn.ssl.SSLConnectionSocketFactory - Secure session established
21:38:17.460 [ForkJoinPool-1-worker-1] DEBUG org.apache.http.conn.ssl.SSLConnectionSocketFactory -  negotiated protocol: TLSv1.2
21:38:17.460 [ForkJoinPool-1-worker-1] DEBUG org.apache.http.conn.ssl.SSLConnectionSocketFactory -  negotiated cipher suite: TLS_ECDHE_RSA_WITH_AES_128_GCM_SHA256
21:38:17.460 [ForkJoinPool-1-worker-1] DEBUG org.apache.http.conn.ssl.SSLConnectionSocketFactory -  peer principal: CN=*.herokuapp.com, O="Heroku, Inc.", L=San Francisco, ST=California, C=US
21:38:17.460 [ForkJoinPool-1-worker-1] DEBUG org.apache.http.conn.ssl.SSLConnectionSocketFactory -  peer alternative names: [*.herokuapp.com, herokuapp.com]
21:38:17.460 [ForkJoinPool-1-worker-1] DEBUG org.apache.http.conn.ssl.SSLConnectionSocketFactory -  issuer principal: CN=DigiCert SHA2 High Assurance Server CA, OU=www.digicert.com, O=DigiCert Inc, C=US
21:38:17.460 [ForkJoinPool-1-worker-1] DEBUG org.apache.http.impl.conn.DefaultHttpClientConnectionOperator - Connection established 192.168.1.7:51382<->52.20.101.119:443
21:38:17.460 [ForkJoinPool-1-worker-1] DEBUG org.apache.http.impl.conn.DefaultManagedHttpClientConnection - http-outgoing-41: set socket timeout to 30000
21:38:17.460 [ForkJoinPool-1-worker-1] DEBUG org.apache.http.impl.execchain.MainClientExec - Executing request POST /users HTTP/1.1
21:38:17.460 [ForkJoinPool-1-worker-1] DEBUG org.apache.http.impl.execchain.MainClientExec - Target auth state: UNCHALLENGED
21:38:17.460 [ForkJoinPool-1-worker-1] DEBUG org.apache.http.impl.execchain.MainClientExec - Proxy auth state: UNCHALLENGED
21:38:17.460 [ForkJoinPool-1-worker-1] DEBUG org.apache.http.headers - http-outgoing-41 >> POST /users HTTP/1.1
21:38:17.460 [ForkJoinPool-1-worker-1] DEBUG org.apache.http.headers - http-outgoing-41 >> Content-Type: application/json; charset=UTF-8
21:38:17.460 [ForkJoinPool-1-worker-1] DEBUG org.apache.http.headers - http-outgoing-41 >> Content-Length: 98
21:38:17.460 [ForkJoinPool-1-worker-1] DEBUG org.apache.http.headers - http-outgoing-41 >> Host: nodejs-qa-training.herokuapp.com
21:38:17.460 [ForkJoinPool-1-worker-1] DEBUG org.apache.http.headers - http-outgoing-41 >> Connection: Keep-Alive
21:38:17.460 [ForkJoinPool-1-worker-1] DEBUG org.apache.http.headers - http-outgoing-41 >> User-Agent: Apache-HttpClient/4.5.11 (Java/1.8.0_171)
21:38:17.460 [ForkJoinPool-1-worker-1] DEBUG org.apache.http.headers - http-outgoing-41 >> Accept-Encoding: gzip,deflate
21:38:17.460 [ForkJoinPool-1-worker-1] DEBUG org.apache.http.wire - http-outgoing-41 >> "POST /users HTTP/1.1[\r][\n]"
21:38:17.460 [ForkJoinPool-1-worker-1] DEBUG org.apache.http.wire - http-outgoing-41 >> "Content-Type: application/json; charset=UTF-8[\r][\n]"
21:38:17.460 [ForkJoinPool-1-worker-1] DEBUG org.apache.http.wire - http-outgoing-41 >> "Content-Length: 98[\r][\n]"
21:38:17.460 [ForkJoinPool-1-worker-1] DEBUG org.apache.http.wire - http-outgoing-41 >> "Host: nodejs-qa-training.herokuapp.com[\r][\n]"
21:38:17.460 [ForkJoinPool-1-worker-1] DEBUG org.apache.http.wire - http-outgoing-41 >> "Connection: Keep-Alive[\r][\n]"
21:38:17.460 [ForkJoinPool-1-worker-1] DEBUG org.apache.http.wire - http-outgoing-41 >> "User-Agent: Apache-HttpClient/4.5.11 (Java/1.8.0_171)[\r][\n]"
21:38:17.460 [ForkJoinPool-1-worker-1] DEBUG org.apache.http.wire - http-outgoing-41 >> "Accept-Encoding: gzip,deflate[\r][\n]"
21:38:17.460 [ForkJoinPool-1-worker-1] DEBUG org.apache.http.wire - http-outgoing-41 >> "[\r][\n]"
21:38:17.460 [ForkJoinPool-1-worker-1] DEBUG org.apache.http.wire - http-outgoing-41 >> "{"email":"hernan0y0@wolox.com.ar","password":"Hernan123","firstName":"Hernan","lastName":"Garcia"}"
21:38:17.501 [ForkJoinPool-1-worker-3] DEBUG org.apache.http.wire - http-outgoing-40 << "HTTP/1.1 401 Unauthorized[\r][\n]"
21:38:17.501 [ForkJoinPool-1-worker-3] DEBUG org.apache.http.wire - http-outgoing-40 << "Server: Cowboy[\r][\n]"
21:38:17.501 [ForkJoinPool-1-worker-3] DEBUG org.apache.http.wire - http-outgoing-40 << "Connection: keep-alive[\r][\n]"
21:38:17.501 [ForkJoinPool-1-worker-3] DEBUG org.apache.http.wire - http-outgoing-40 << "X-Powered-By: Express[\r][\n]"
21:38:17.501 [ForkJoinPool-1-worker-3] DEBUG org.apache.http.wire - http-outgoing-40 << "Content-Type: application/json; charset=utf-8[\r][\n]"
21:38:17.501 [ForkJoinPool-1-worker-3] DEBUG org.apache.http.wire - http-outgoing-40 << "Content-Length: 109[\r][\n]"
21:38:17.501 [ForkJoinPool-1-worker-3] DEBUG org.apache.http.wire - http-outgoing-40 << "Etag: W/"6d-t3VucJlhTF9S+bSwM/azXM1mtck"[\r][\n]"
21:38:17.501 [ForkJoinPool-1-worker-3] DEBUG org.apache.http.wire - http-outgoing-40 << "Date: Tue, 15 Sep 2020 02:38:17 GMT[\r][\n]"
21:38:17.501 [ForkJoinPool-1-worker-3] DEBUG org.apache.http.wire - http-outgoing-40 << "Via: 1.1 vegur[\r][\n]"
21:38:17.501 [ForkJoinPool-1-worker-3] DEBUG org.apache.http.wire - http-outgoing-40 << "[\r][\n]"
21:38:17.501 [ForkJoinPool-1-worker-3] DEBUG org.apache.http.wire - http-outgoing-40 << "{"errors":[{"code":"authentication_error","message":"Invalid token"}],"timestamp":"2020-09-15T02:38:17.952Z"}"
21:38:17.501 [ForkJoinPool-1-worker-3] DEBUG org.apache.http.headers - http-outgoing-40 << HTTP/1.1 401 Unauthorized
21:38:17.501 [ForkJoinPool-1-worker-3] DEBUG org.apache.http.headers - http-outgoing-40 << Server: Cowboy
21:38:17.501 [ForkJoinPool-1-worker-3] DEBUG org.apache.http.headers - http-outgoing-40 << Connection: keep-alive
21:38:17.501 [ForkJoinPool-1-worker-3] DEBUG org.apache.http.headers - http-outgoing-40 << X-Powered-By: Express
21:38:17.501 [ForkJoinPool-1-worker-3] DEBUG org.apache.http.headers - http-outgoing-40 << Content-Type: application/json; charset=utf-8
21:38:17.501 [ForkJoinPool-1-worker-3] DEBUG org.apache.http.headers - http-outgoing-40 << Content-Length: 109
21:38:17.501 [ForkJoinPool-1-worker-3] DEBUG org.apache.http.headers - http-outgoing-40 << Etag: W/"6d-t3VucJlhTF9S+bSwM/azXM1mtck"
21:38:17.501 [ForkJoinPool-1-worker-3] DEBUG org.apache.http.headers - http-outgoing-40 << Date: Tue, 15 Sep 2020 02:38:17 GMT
21:38:17.501 [ForkJoinPool-1-worker-3] DEBUG org.apache.http.headers - http-outgoing-40 << Via: 1.1 vegur
21:38:17.501 [ForkJoinPool-1-worker-3] DEBUG org.apache.http.impl.execchain.MainClientExec - Connection can be kept alive indefinitely
21:38:17.501 [ForkJoinPool-1-worker-3] DEBUG org.apache.http.impl.auth.HttpAuthenticator - Authentication required
21:38:17.501 [ForkJoinPool-1-worker-3] DEBUG org.apache.http.impl.auth.HttpAuthenticator - nodejs-qa-training.herokuapp.com:443 requested authentication
21:38:17.501 [ForkJoinPool-1-worker-3] DEBUG org.apache.http.impl.auth.HttpAuthenticator - Response contains no authentication challenges
21:38:17.502 [ForkJoinPool-1-worker-3] DEBUG org.apache.http.impl.conn.PoolingHttpClientConnectionManager - Connection [id: 40][route: {s}->https://nodejs-qa-training.herokuapp.com:443] can be kept alive indefinitely
21:38:17.502 [ForkJoinPool-1-worker-3] DEBUG org.apache.http.impl.conn.DefaultManagedHttpClientConnection - http-outgoing-40: set socket timeout to 0
21:38:17.502 [ForkJoinPool-1-worker-3] DEBUG org.apache.http.impl.conn.PoolingHttpClientConnectionManager - Connection released: [id: 40][route: {s}->https://nodejs-qa-training.herokuapp.com:443][total available: 1; route allocated: 1 of 5; total allocated: 1 of 10]
21:38:17.502 [ForkJoinPool-1-worker-3] DEBUG com.intuit.karate - response time in milliseconds: 464,28
1 < 401
1 < Connection: keep-alive
1 < Content-Length: 109
1 < Content-Type: application/json; charset=utf-8
1 < Date: Tue, 15 Sep 2020 02:38:17 GMT
1 < Etag: W/"6d-t3VucJlhTF9S+bSwM/azXM1mtck"
1 < Server: Cowboy
1 < Via: 1.1 vegur
1 < X-Powered-By: Express
{"errors":[{"code":"authentication_error","message":"Invalid token"}],"timestamp":"2020-09-15T02:38:17.952Z"}

21:38:17.514 [ForkJoinPool-1-worker-3] DEBUG com.jayway.jsonpath.internal.path.CompiledPath - Evaluating path: $
21:38:17.515 [ForkJoinPool-1-worker-3] DEBUG com.jayway.jsonpath.internal.path.CompiledPath - Evaluating path: $
21:38:17.515 [ForkJoinPool-1-worker-3] DEBUG com.jayway.jsonpath.internal.path.CompiledPath - Evaluating path: $
21:38:17.519 [ForkJoinPool-1-worker-3] WARN com.intuit.karate - skipping bootstrap configuration: could not find or read file: classpath:karate-config.js
21:38:17.519 [ForkJoinPool-1-worker-3] DEBUG com.jayway.jsonpath.internal.path.CompiledPath - Evaluating path: $
21:38:17.521 [ForkJoinPool-1-worker-3] DEBUG org.apache.http.client.protocol.RequestAddCookies - CookieSpec selected: karate
21:38:17.521 [ForkJoinPool-1-worker-3] DEBUG org.apache.http.client.protocol.RequestAuthCache - Auth cache not set in the context
21:38:17.521 [ForkJoinPool-1-worker-3] DEBUG com.intuit.karate - request:
1 > POST https://nodejs-qa-training.herokuapp.com/users
1 > Accept-Encoding: gzip,deflate
1 > Connection: Keep-Alive
1 > Content-Length: 97
1 > Content-Type: application/json; charset=UTF-8
1 > Host: nodejs-qa-training.herokuapp.com
1 > User-Agent: Apache-HttpClient/4.5.11 (Java/1.8.0_171)
{"email":"hernan0y1@wolox.com.co","password":"Herna1**","firstName":"Hernan","lastName":"Garcia"}

21:38:17.521 [ForkJoinPool-1-worker-3] DEBUG org.apache.http.impl.conn.PoolingHttpClientConnectionManager - Connection request: [route: {s}->https://nodejs-qa-training.herokuapp.com:443][total available: 0; route allocated: 0 of 5; total allocated: 0 of 10]
21:38:17.521 [ForkJoinPool-1-worker-3] DEBUG org.apache.http.impl.conn.PoolingHttpClientConnectionManager - Connection leased: [id: 43][route: {s}->https://nodejs-qa-training.herokuapp.com:443][total available: 0; route allocated: 1 of 5; total allocated: 1 of 10]
21:38:17.521 [ForkJoinPool-1-worker-3] DEBUG org.apache.http.impl.execchain.MainClientExec - Opening connection {s}->https://nodejs-qa-training.herokuapp.com:443
21:38:17.522 [ForkJoinPool-1-worker-3] DEBUG org.apache.http.impl.conn.DefaultHttpClientConnectionOperator - Connecting to nodejs-qa-training.herokuapp.com/52.20.101.119:443
21:38:17.522 [ForkJoinPool-1-worker-3] DEBUG org.apache.http.conn.ssl.SSLConnectionSocketFactory - Connecting socket to nodejs-qa-training.herokuapp.com/52.20.101.119:443 with timeout 30000
21:38:17.542 [ForkJoinPool-1-worker-2] DEBUG org.apache.http.conn.ssl.SSLConnectionSocketFactory - Enabled protocols: [TLSv1, TLSv1.1, TLSv1.2]
21:38:17.542 [ForkJoinPool-1-worker-2] DEBUG org.apache.http.conn.ssl.SSLConnectionSocketFactory - Enabled cipher suites:[TLS_ECDHE_ECDSA_WITH_AES_256_CBC_SHA384, TLS_ECDHE_RSA_WITH_AES_256_CBC_SHA384, TLS_RSA_WITH_AES_256_CBC_SHA256, TLS_ECDH_ECDSA_WITH_AES_256_CBC_SHA384, TLS_ECDH_RSA_WITH_AES_256_CBC_SHA384, TLS_DHE_RSA_WITH_AES_256_CBC_SHA256, TLS_DHE_DSS_WITH_AES_256_CBC_SHA256, TLS_ECDHE_ECDSA_WITH_AES_256_CBC_SHA, TLS_ECDHE_RSA_WITH_AES_256_CBC_SHA, TLS_RSA_WITH_AES_256_CBC_SHA, TLS_ECDH_ECDSA_WITH_AES_256_CBC_SHA, TLS_ECDH_RSA_WITH_AES_256_CBC_SHA, TLS_DHE_RSA_WITH_AES_256_CBC_SHA, TLS_DHE_DSS_WITH_AES_256_CBC_SHA, TLS_ECDHE_ECDSA_WITH_AES_128_CBC_SHA256, TLS_ECDHE_RSA_WITH_AES_128_CBC_SHA256, TLS_RSA_WITH_AES_128_CBC_SHA256, TLS_ECDH_ECDSA_WITH_AES_128_CBC_SHA256, TLS_ECDH_RSA_WITH_AES_128_CBC_SHA256, TLS_DHE_RSA_WITH_AES_128_CBC_SHA256, TLS_DHE_DSS_WITH_AES_128_CBC_SHA256, TLS_ECDHE_ECDSA_WITH_AES_128_CBC_SHA, TLS_ECDHE_RSA_WITH_AES_128_CBC_SHA, TLS_RSA_WITH_AES_128_CBC_SHA, TLS_ECDH_ECDSA_WITH_AES_128_CBC_SHA, TLS_ECDH_RSA_WITH_AES_128_CBC_SHA, TLS_DHE_RSA_WITH_AES_128_CBC_SHA, TLS_DHE_DSS_WITH_AES_128_CBC_SHA, TLS_ECDHE_ECDSA_WITH_AES_256_GCM_SHA384, TLS_ECDHE_ECDSA_WITH_AES_128_GCM_SHA256, TLS_ECDHE_RSA_WITH_AES_256_GCM_SHA384, TLS_RSA_WITH_AES_256_GCM_SHA384, TLS_ECDH_ECDSA_WITH_AES_256_GCM_SHA384, TLS_ECDH_RSA_WITH_AES_256_GCM_SHA384, TLS_DHE_RSA_WITH_AES_256_GCM_SHA384, TLS_DHE_DSS_WITH_AES_256_GCM_SHA384, TLS_ECDHE_RSA_WITH_AES_128_GCM_SHA256, TLS_RSA_WITH_AES_128_GCM_SHA256, TLS_ECDH_ECDSA_WITH_AES_128_GCM_SHA256, TLS_ECDH_RSA_WITH_AES_128_GCM_SHA256, TLS_DHE_RSA_WITH_AES_128_GCM_SHA256, TLS_DHE_DSS_WITH_AES_128_GCM_SHA256, TLS_EMPTY_RENEGOTIATION_INFO_SCSV]
21:38:17.542 [ForkJoinPool-1-worker-2] DEBUG org.apache.http.conn.ssl.SSLConnectionSocketFactory - Starting handshake
21:38:17.601 [ForkJoinPool-1-worker-3] DEBUG org.apache.http.conn.ssl.SSLConnectionSocketFactory - Enabled protocols: [TLSv1, TLSv1.1, TLSv1.2]
21:38:17.601 [ForkJoinPool-1-worker-3] DEBUG org.apache.http.conn.ssl.SSLConnectionSocketFactory - Enabled cipher suites:[TLS_ECDHE_ECDSA_WITH_AES_256_CBC_SHA384, TLS_ECDHE_RSA_WITH_AES_256_CBC_SHA384, TLS_RSA_WITH_AES_256_CBC_SHA256, TLS_ECDH_ECDSA_WITH_AES_256_CBC_SHA384, TLS_ECDH_RSA_WITH_AES_256_CBC_SHA384, TLS_DHE_RSA_WITH_AES_256_CBC_SHA256, TLS_DHE_DSS_WITH_AES_256_CBC_SHA256, TLS_ECDHE_ECDSA_WITH_AES_256_CBC_SHA, TLS_ECDHE_RSA_WITH_AES_256_CBC_SHA, TLS_RSA_WITH_AES_256_CBC_SHA, TLS_ECDH_ECDSA_WITH_AES_256_CBC_SHA, TLS_ECDH_RSA_WITH_AES_256_CBC_SHA, TLS_DHE_RSA_WITH_AES_256_CBC_SHA, TLS_DHE_DSS_WITH_AES_256_CBC_SHA, TLS_ECDHE_ECDSA_WITH_AES_128_CBC_SHA256, TLS_ECDHE_RSA_WITH_AES_128_CBC_SHA256, TLS_RSA_WITH_AES_128_CBC_SHA256, TLS_ECDH_ECDSA_WITH_AES_128_CBC_SHA256, TLS_ECDH_RSA_WITH_AES_128_CBC_SHA256, TLS_DHE_RSA_WITH_AES_128_CBC_SHA256, TLS_DHE_DSS_WITH_AES_128_CBC_SHA256, TLS_ECDHE_ECDSA_WITH_AES_128_CBC_SHA, TLS_ECDHE_RSA_WITH_AES_128_CBC_SHA, TLS_RSA_WITH_AES_128_CBC_SHA, TLS_ECDH_ECDSA_WITH_AES_128_CBC_SHA, TLS_ECDH_RSA_WITH_AES_128_CBC_SHA, TLS_DHE_RSA_WITH_AES_128_CBC_SHA, TLS_DHE_DSS_WITH_AES_128_CBC_SHA, TLS_ECDHE_ECDSA_WITH_AES_256_GCM_SHA384, TLS_ECDHE_ECDSA_WITH_AES_128_GCM_SHA256, TLS_ECDHE_RSA_WITH_AES_256_GCM_SHA384, TLS_RSA_WITH_AES_256_GCM_SHA384, TLS_ECDH_ECDSA_WITH_AES_256_GCM_SHA384, TLS_ECDH_RSA_WITH_AES_256_GCM_SHA384, TLS_DHE_RSA_WITH_AES_256_GCM_SHA384, TLS_DHE_DSS_WITH_AES_256_GCM_SHA384, TLS_ECDHE_RSA_WITH_AES_128_GCM_SHA256, TLS_RSA_WITH_AES_128_GCM_SHA256, TLS_ECDH_ECDSA_WITH_AES_128_GCM_SHA256, TLS_ECDH_RSA_WITH_AES_128_GCM_SHA256, TLS_DHE_RSA_WITH_AES_128_GCM_SHA256, TLS_DHE_DSS_WITH_AES_128_GCM_SHA256, TLS_EMPTY_RENEGOTIATION_INFO_SCSV]
21:38:17.601 [ForkJoinPool-1-worker-3] DEBUG org.apache.http.conn.ssl.SSLConnectionSocketFactory - Starting handshake
21:38:17.751 [ForkJoinPool-1-worker-1] DEBUG org.apache.http.wire - http-outgoing-41 << "HTTP/1.1 201 Created[\r][\n]"
21:38:17.751 [ForkJoinPool-1-worker-1] DEBUG org.apache.http.wire - http-outgoing-41 << "Server: Cowboy[\r][\n]"
21:38:17.751 [ForkJoinPool-1-worker-1] DEBUG org.apache.http.wire - http-outgoing-41 << "Connection: keep-alive[\r][\n]"
21:38:17.751 [ForkJoinPool-1-worker-1] DEBUG org.apache.http.wire - http-outgoing-41 << "X-Powered-By: Express[\r][\n]"
21:38:17.751 [ForkJoinPool-1-worker-1] DEBUG org.apache.http.wire - http-outgoing-41 << "Content-Type: application/json; charset=utf-8[\r][\n]"
21:38:17.752 [ForkJoinPool-1-worker-1] DEBUG org.apache.http.wire - http-outgoing-41 << "Content-Length: 15[\r][\n]"
21:38:17.752 [ForkJoinPool-1-worker-1] DEBUG org.apache.http.wire - http-outgoing-41 << "Etag: W/"f-UOwa8FMXdOqgWTfLjOl1Wx9ijmo"[\r][\n]"
21:38:17.752 [ForkJoinPool-1-worker-1] DEBUG org.apache.http.wire - http-outgoing-41 << "Date: Tue, 15 Sep 2020 02:38:18 GMT[\r][\n]"
21:38:17.752 [ForkJoinPool-1-worker-1] DEBUG org.apache.http.wire - http-outgoing-41 << "Via: 1.1 vegur[\r][\n]"
21:38:17.752 [ForkJoinPool-1-worker-1] DEBUG org.apache.http.wire - http-outgoing-41 << "[\r][\n]"
21:38:17.752 [ForkJoinPool-1-worker-1] DEBUG org.apache.http.wire - http-outgoing-41 << "{"user_id":299}"
21:38:17.752 [ForkJoinPool-1-worker-1] DEBUG org.apache.http.headers - http-outgoing-41 << HTTP/1.1 201 Created
21:38:17.752 [ForkJoinPool-1-worker-1] DEBUG org.apache.http.headers - http-outgoing-41 << Server: Cowboy
21:38:17.752 [ForkJoinPool-1-worker-1] DEBUG org.apache.http.headers - http-outgoing-41 << Connection: keep-alive
21:38:17.752 [ForkJoinPool-1-worker-1] DEBUG org.apache.http.headers - http-outgoing-41 << X-Powered-By: Express
21:38:17.752 [ForkJoinPool-1-worker-1] DEBUG org.apache.http.headers - http-outgoing-41 << Content-Type: application/json; charset=utf-8
21:38:17.752 [ForkJoinPool-1-worker-1] DEBUG org.apache.http.headers - http-outgoing-41 << Content-Length: 15
21:38:17.752 [ForkJoinPool-1-worker-1] DEBUG org.apache.http.headers - http-outgoing-41 << Etag: W/"f-UOwa8FMXdOqgWTfLjOl1Wx9ijmo"
21:38:17.752 [ForkJoinPool-1-worker-1] DEBUG org.apache.http.headers - http-outgoing-41 << Date: Tue, 15 Sep 2020 02:38:18 GMT
21:38:17.752 [ForkJoinPool-1-worker-1] DEBUG org.apache.http.headers - http-outgoing-41 << Via: 1.1 vegur
21:38:17.752 [ForkJoinPool-1-worker-1] DEBUG org.apache.http.impl.execchain.MainClientExec - Connection can be kept alive indefinitely
21:38:17.753 [ForkJoinPool-1-worker-1] DEBUG org.apache.http.impl.conn.PoolingHttpClientConnectionManager - Connection [id: 41][route: {s}->https://nodejs-qa-training.herokuapp.com:443] can be kept alive indefinitely
21:38:17.753 [ForkJoinPool-1-worker-1] DEBUG org.apache.http.impl.conn.DefaultManagedHttpClientConnection - http-outgoing-41: set socket timeout to 0
21:38:17.754 [ForkJoinPool-1-worker-1] DEBUG org.apache.http.impl.conn.PoolingHttpClientConnectionManager - Connection released: [id: 41][route: {s}->https://nodejs-qa-training.herokuapp.com:443][total available: 1; route allocated: 1 of 5; total allocated: 1 of 10]
21:38:17.754 [ForkJoinPool-1-worker-1] DEBUG com.intuit.karate - response time in milliseconds: 626,30
1 < 201
1 < Connection: keep-alive
1 < Content-Length: 15
1 < Content-Type: application/json; charset=utf-8
1 < Date: Tue, 15 Sep 2020 02:38:18 GMT
1 < Etag: W/"f-UOwa8FMXdOqgWTfLjOl1Wx9ijmo"
1 < Server: Cowboy
1 < Via: 1.1 vegur
1 < X-Powered-By: Express
{"user_id":299}

21:38:17.755 [ForkJoinPool-1-worker-1] DEBUG com.jayway.jsonpath.internal.path.CompiledPath - Evaluating path: $
21:38:17.755 [ForkJoinPool-1-worker-1] INFO com.intuit.karate - [print] {
  "user_id": 299
}

21:38:17.756 [ForkJoinPool-1-worker-1] DEBUG com.jayway.jsonpath.internal.path.CompiledPath - Evaluating path: $
21:38:17.756 [ForkJoinPool-1-worker-1] DEBUG com.jayway.jsonpath.internal.path.CompiledPath - Evaluating path: $
21:38:17.756 [ForkJoinPool-1-worker-1] DEBUG com.jayway.jsonpath.internal.path.CompiledPath - Evaluating path: $
21:38:17.769 [ForkJoinPool-1-worker-1] WARN com.intuit.karate - skipping bootstrap configuration: could not find or read file: classpath:karate-config.js
21:38:17.770 [ForkJoinPool-1-worker-1] DEBUG com.jayway.jsonpath.internal.path.CompiledPath - Evaluating path: $
21:38:17.773 [ForkJoinPool-1-worker-1] DEBUG org.apache.http.client.protocol.RequestAddCookies - CookieSpec selected: karate
21:38:17.773 [ForkJoinPool-1-worker-1] DEBUG org.apache.http.client.protocol.RequestAuthCache - Auth cache not set in the context
21:38:17.773 [ForkJoinPool-1-worker-1] DEBUG com.intuit.karate - request:
1 > POST https://nodejs-qa-training.herokuapp.com/users
1 > Accept-Encoding: gzip,deflate
1 > Connection: Keep-Alive
1 > Content-Length: 99
1 > Content-Type: application/json; charset=UTF-8
1 > Host: nodejs-qa-training.herokuapp.com
1 > User-Agent: Apache-HttpClient/4.5.11 (Java/1.8.0_171)
{"email":"hernan0y2@wolox.com.ar","password":"Herna1**","firstName":"Hernan01","lastName":"Garcia"}

21:38:17.773 [ForkJoinPool-1-worker-1] DEBUG org.apache.http.impl.conn.PoolingHttpClientConnectionManager - Connection request: [route: {s}->https://nodejs-qa-training.herokuapp.com:443][total available: 0; route allocated: 0 of 5; total allocated: 0 of 10]
21:38:17.773 [ForkJoinPool-1-worker-1] DEBUG org.apache.http.impl.conn.PoolingHttpClientConnectionManager - Connection leased: [id: 44][route: {s}->https://nodejs-qa-training.herokuapp.com:443][total available: 0; route allocated: 1 of 5; total allocated: 1 of 10]
21:38:17.773 [ForkJoinPool-1-worker-1] DEBUG org.apache.http.impl.execchain.MainClientExec - Opening connection {s}->https://nodejs-qa-training.herokuapp.com:443
21:38:17.774 [ForkJoinPool-1-worker-1] DEBUG org.apache.http.impl.conn.DefaultHttpClientConnectionOperator - Connecting to nodejs-qa-training.herokuapp.com/52.20.101.119:443
21:38:17.774 [ForkJoinPool-1-worker-1] DEBUG org.apache.http.conn.ssl.SSLConnectionSocketFactory - Connecting socket to nodejs-qa-training.herokuapp.com/52.20.101.119:443 with timeout 30000
21:38:17.839 [ForkJoinPool-1-worker-2] DEBUG org.apache.http.conn.ssl.SSLConnectionSocketFactory - Secure session established
21:38:17.839 [ForkJoinPool-1-worker-2] DEBUG org.apache.http.conn.ssl.SSLConnectionSocketFactory -  negotiated protocol: TLSv1.2
21:38:17.839 [ForkJoinPool-1-worker-2] DEBUG org.apache.http.conn.ssl.SSLConnectionSocketFactory -  negotiated cipher suite: TLS_ECDHE_RSA_WITH_AES_128_GCM_SHA256
21:38:17.839 [ForkJoinPool-1-worker-2] DEBUG org.apache.http.conn.ssl.SSLConnectionSocketFactory -  peer principal: CN=*.herokuapp.com, O="Heroku, Inc.", L=San Francisco, ST=California, C=US
21:38:17.839 [ForkJoinPool-1-worker-2] DEBUG org.apache.http.conn.ssl.SSLConnectionSocketFactory -  peer alternative names: [*.herokuapp.com, herokuapp.com]
21:38:17.840 [ForkJoinPool-1-worker-2] DEBUG org.apache.http.conn.ssl.SSLConnectionSocketFactory -  issuer principal: CN=DigiCert SHA2 High Assurance Server CA, OU=www.digicert.com, O=DigiCert Inc, C=US
21:38:17.840 [ForkJoinPool-1-worker-2] DEBUG org.apache.http.impl.conn.DefaultHttpClientConnectionOperator - Connection established 192.168.1.7:51383<->52.20.101.119:443
21:38:17.840 [ForkJoinPool-1-worker-2] DEBUG org.apache.http.impl.conn.DefaultManagedHttpClientConnection - http-outgoing-42: set socket timeout to 30000
21:38:17.840 [ForkJoinPool-1-worker-2] DEBUG org.apache.http.impl.execchain.MainClientExec - Executing request GET /albums/61/photos HTTP/1.1
21:38:17.840 [ForkJoinPool-1-worker-2] DEBUG org.apache.http.impl.execchain.MainClientExec - Proxy auth state: UNCHALLENGED
21:38:17.840 [ForkJoinPool-1-worker-2] DEBUG org.apache.http.headers - http-outgoing-42 >> GET /albums/61/photos HTTP/1.1
21:38:17.841 [ForkJoinPool-1-worker-2] DEBUG org.apache.http.headers - http-outgoing-42 >> Content-Type: application/json
21:38:17.841 [ForkJoinPool-1-worker-2] DEBUG org.apache.http.headers - http-outgoing-42 >> Authorization: eyJ0eXAiOiJKV1QiLCJhbGciOiJIUzI1NiJ9.eyJ1c2VySWQiOjE0Niwicm9sZSI6ImFkbWluIiwiaWF0IjoxNjAwMTM3NDk3LjMxMywiZXhwIjoxNjAwMTM5Mjk3LjMxM30.H0oc15pAi9vLgdvRiWNzYfuWAqW6afEDHDR0mJ_BRME
21:38:17.841 [ForkJoinPool-1-worker-2] DEBUG org.apache.http.headers - http-outgoing-42 >> Host: nodejs-qa-training.herokuapp.com
21:38:17.841 [ForkJoinPool-1-worker-2] DEBUG org.apache.http.headers - http-outgoing-42 >> Connection: Keep-Alive
21:38:17.841 [ForkJoinPool-1-worker-2] DEBUG org.apache.http.headers - http-outgoing-42 >> User-Agent: Apache-HttpClient/4.5.11 (Java/1.8.0_171)
21:38:17.841 [ForkJoinPool-1-worker-2] DEBUG org.apache.http.headers - http-outgoing-42 >> Accept-Encoding: gzip,deflate
21:38:17.841 [ForkJoinPool-1-worker-2] DEBUG org.apache.http.wire - http-outgoing-42 >> "GET /albums/61/photos HTTP/1.1[\r][\n]"
21:38:17.841 [ForkJoinPool-1-worker-2] DEBUG org.apache.http.wire - http-outgoing-42 >> "Content-Type: application/json[\r][\n]"
21:38:17.841 [ForkJoinPool-1-worker-2] DEBUG org.apache.http.wire - http-outgoing-42 >> "Authorization: eyJ0eXAiOiJKV1QiLCJhbGciOiJIUzI1NiJ9.eyJ1c2VySWQiOjE0Niwicm9sZSI6ImFkbWluIiwiaWF0IjoxNjAwMTM3NDk3LjMxMywiZXhwIjoxNjAwMTM5Mjk3LjMxM30.H0oc15pAi9vLgdvRiWNzYfuWAqW6afEDHDR0mJ_BRME[\r][\n]"
21:38:17.841 [ForkJoinPool-1-worker-2] DEBUG org.apache.http.wire - http-outgoing-42 >> "Host: nodejs-qa-training.herokuapp.com[\r][\n]"
21:38:17.841 [ForkJoinPool-1-worker-2] DEBUG org.apache.http.wire - http-outgoing-42 >> "Connection: Keep-Alive[\r][\n]"
21:38:17.841 [ForkJoinPool-1-worker-2] DEBUG org.apache.http.wire - http-outgoing-42 >> "User-Agent: Apache-HttpClient/4.5.11 (Java/1.8.0_171)[\r][\n]"
21:38:17.841 [ForkJoinPool-1-worker-2] DEBUG org.apache.http.wire - http-outgoing-42 >> "Accept-Encoding: gzip,deflate[\r][\n]"
21:38:17.841 [ForkJoinPool-1-worker-2] DEBUG org.apache.http.wire - http-outgoing-42 >> "[\r][\n]"
21:38:17.916 [ForkJoinPool-1-worker-3] DEBUG org.apache.http.conn.ssl.SSLConnectionSocketFactory - Secure session established
21:38:17.916 [ForkJoinPool-1-worker-3] DEBUG org.apache.http.conn.ssl.SSLConnectionSocketFactory -  negotiated protocol: TLSv1.2
21:38:17.916 [ForkJoinPool-1-worker-3] DEBUG org.apache.http.conn.ssl.SSLConnectionSocketFactory -  negotiated cipher suite: TLS_ECDHE_RSA_WITH_AES_128_GCM_SHA256
21:38:17.916 [ForkJoinPool-1-worker-3] DEBUG org.apache.http.conn.ssl.SSLConnectionSocketFactory -  peer principal: CN=*.herokuapp.com, O="Heroku, Inc.", L=San Francisco, ST=California, C=US
21:38:17.916 [ForkJoinPool-1-worker-3] DEBUG org.apache.http.conn.ssl.SSLConnectionSocketFactory -  peer alternative names: [*.herokuapp.com, herokuapp.com]
21:38:17.916 [ForkJoinPool-1-worker-3] DEBUG org.apache.http.conn.ssl.SSLConnectionSocketFactory -  issuer principal: CN=DigiCert SHA2 High Assurance Server CA, OU=www.digicert.com, O=DigiCert Inc, C=US
21:38:17.916 [ForkJoinPool-1-worker-3] DEBUG org.apache.http.impl.conn.DefaultHttpClientConnectionOperator - Connection established 192.168.1.7:51384<->52.20.101.119:443
21:38:17.916 [ForkJoinPool-1-worker-3] DEBUG org.apache.http.impl.conn.DefaultManagedHttpClientConnection - http-outgoing-43: set socket timeout to 30000
21:38:17.916 [ForkJoinPool-1-worker-3] DEBUG org.apache.http.impl.execchain.MainClientExec - Executing request POST /users HTTP/1.1
21:38:17.916 [ForkJoinPool-1-worker-3] DEBUG org.apache.http.impl.execchain.MainClientExec - Target auth state: UNCHALLENGED
21:38:17.916 [ForkJoinPool-1-worker-3] DEBUG org.apache.http.impl.execchain.MainClientExec - Proxy auth state: UNCHALLENGED
21:38:17.916 [ForkJoinPool-1-worker-3] DEBUG org.apache.http.headers - http-outgoing-43 >> POST /users HTTP/1.1
21:38:17.916 [ForkJoinPool-1-worker-3] DEBUG org.apache.http.headers - http-outgoing-43 >> Content-Type: application/json; charset=UTF-8
21:38:17.916 [ForkJoinPool-1-worker-3] DEBUG org.apache.http.headers - http-outgoing-43 >> Content-Length: 97
21:38:17.916 [ForkJoinPool-1-worker-3] DEBUG org.apache.http.headers - http-outgoing-43 >> Host: nodejs-qa-training.herokuapp.com
21:38:17.916 [ForkJoinPool-1-worker-3] DEBUG org.apache.http.headers - http-outgoing-43 >> Connection: Keep-Alive
21:38:17.916 [ForkJoinPool-1-worker-3] DEBUG org.apache.http.headers - http-outgoing-43 >> User-Agent: Apache-HttpClient/4.5.11 (Java/1.8.0_171)
21:38:17.916 [ForkJoinPool-1-worker-3] DEBUG org.apache.http.headers - http-outgoing-43 >> Accept-Encoding: gzip,deflate
21:38:17.916 [ForkJoinPool-1-worker-3] DEBUG org.apache.http.wire - http-outgoing-43 >> "POST /users HTTP/1.1[\r][\n]"
21:38:17.916 [ForkJoinPool-1-worker-3] DEBUG org.apache.http.wire - http-outgoing-43 >> "Content-Type: application/json; charset=UTF-8[\r][\n]"
21:38:17.916 [ForkJoinPool-1-worker-3] DEBUG org.apache.http.wire - http-outgoing-43 >> "Content-Length: 97[\r][\n]"
21:38:17.916 [ForkJoinPool-1-worker-3] DEBUG org.apache.http.wire - http-outgoing-43 >> "Host: nodejs-qa-training.herokuapp.com[\r][\n]"
21:38:17.916 [ForkJoinPool-1-worker-3] DEBUG org.apache.http.wire - http-outgoing-43 >> "Connection: Keep-Alive[\r][\n]"
21:38:17.916 [ForkJoinPool-1-worker-3] DEBUG org.apache.http.wire - http-outgoing-43 >> "User-Agent: Apache-HttpClient/4.5.11 (Java/1.8.0_171)[\r][\n]"
21:38:17.916 [ForkJoinPool-1-worker-3] DEBUG org.apache.http.wire - http-outgoing-43 >> "Accept-Encoding: gzip,deflate[\r][\n]"
21:38:17.916 [ForkJoinPool-1-worker-3] DEBUG org.apache.http.wire - http-outgoing-43 >> "[\r][\n]"
21:38:17.916 [ForkJoinPool-1-worker-3] DEBUG org.apache.http.wire - http-outgoing-43 >> "{"email":"hernan0y1@wolox.com.co","password":"Herna1**","firstName":"Hernan","lastName":"Garcia"}"
21:38:17.921 [ForkJoinPool-1-worker-1] DEBUG org.apache.http.conn.ssl.SSLConnectionSocketFactory - Enabled protocols: [TLSv1, TLSv1.1, TLSv1.2]
21:38:17.921 [ForkJoinPool-1-worker-1] DEBUG org.apache.http.conn.ssl.SSLConnectionSocketFactory - Enabled cipher suites:[TLS_ECDHE_ECDSA_WITH_AES_256_CBC_SHA384, TLS_ECDHE_RSA_WITH_AES_256_CBC_SHA384, TLS_RSA_WITH_AES_256_CBC_SHA256, TLS_ECDH_ECDSA_WITH_AES_256_CBC_SHA384, TLS_ECDH_RSA_WITH_AES_256_CBC_SHA384, TLS_DHE_RSA_WITH_AES_256_CBC_SHA256, TLS_DHE_DSS_WITH_AES_256_CBC_SHA256, TLS_ECDHE_ECDSA_WITH_AES_256_CBC_SHA, TLS_ECDHE_RSA_WITH_AES_256_CBC_SHA, TLS_RSA_WITH_AES_256_CBC_SHA, TLS_ECDH_ECDSA_WITH_AES_256_CBC_SHA, TLS_ECDH_RSA_WITH_AES_256_CBC_SHA, TLS_DHE_RSA_WITH_AES_256_CBC_SHA, TLS_DHE_DSS_WITH_AES_256_CBC_SHA, TLS_ECDHE_ECDSA_WITH_AES_128_CBC_SHA256, TLS_ECDHE_RSA_WITH_AES_128_CBC_SHA256, TLS_RSA_WITH_AES_128_CBC_SHA256, TLS_ECDH_ECDSA_WITH_AES_128_CBC_SHA256, TLS_ECDH_RSA_WITH_AES_128_CBC_SHA256, TLS_DHE_RSA_WITH_AES_128_CBC_SHA256, TLS_DHE_DSS_WITH_AES_128_CBC_SHA256, TLS_ECDHE_ECDSA_WITH_AES_128_CBC_SHA, TLS_ECDHE_RSA_WITH_AES_128_CBC_SHA, TLS_RSA_WITH_AES_128_CBC_SHA, TLS_ECDH_ECDSA_WITH_AES_128_CBC_SHA, TLS_ECDH_RSA_WITH_AES_128_CBC_SHA, TLS_DHE_RSA_WITH_AES_128_CBC_SHA, TLS_DHE_DSS_WITH_AES_128_CBC_SHA, TLS_ECDHE_ECDSA_WITH_AES_256_GCM_SHA384, TLS_ECDHE_ECDSA_WITH_AES_128_GCM_SHA256, TLS_ECDHE_RSA_WITH_AES_256_GCM_SHA384, TLS_RSA_WITH_AES_256_GCM_SHA384, TLS_ECDH_ECDSA_WITH_AES_256_GCM_SHA384, TLS_ECDH_RSA_WITH_AES_256_GCM_SHA384, TLS_DHE_RSA_WITH_AES_256_GCM_SHA384, TLS_DHE_DSS_WITH_AES_256_GCM_SHA384, TLS_ECDHE_RSA_WITH_AES_128_GCM_SHA256, TLS_RSA_WITH_AES_128_GCM_SHA256, TLS_ECDH_ECDSA_WITH_AES_128_GCM_SHA256, TLS_ECDH_RSA_WITH_AES_128_GCM_SHA256, TLS_DHE_RSA_WITH_AES_128_GCM_SHA256, TLS_DHE_DSS_WITH_AES_128_GCM_SHA256, TLS_EMPTY_RENEGOTIATION_INFO_SCSV]
21:38:17.921 [ForkJoinPool-1-worker-1] DEBUG org.apache.http.conn.ssl.SSLConnectionSocketFactory - Starting handshake
21:38:18.063 [ForkJoinPool-1-worker-2] DEBUG org.apache.http.wire - http-outgoing-42 << "HTTP/1.1 200 OK[\r][\n]"
21:38:18.064 [ForkJoinPool-1-worker-2] DEBUG org.apache.http.wire - http-outgoing-42 << "Server: Cowboy[\r][\n]"
21:38:18.064 [ForkJoinPool-1-worker-2] DEBUG org.apache.http.wire - http-outgoing-42 << "Connection: keep-alive[\r][\n]"
21:38:18.064 [ForkJoinPool-1-worker-2] DEBUG org.apache.http.wire - http-outgoing-42 << "X-Powered-By: Express[\r][\n]"
21:38:18.064 [ForkJoinPool-1-worker-2] DEBUG org.apache.http.wire - http-outgoing-42 << "Content-Type: application/json; charset=utf-8[\r][\n]"
21:38:18.064 [ForkJoinPool-1-worker-2] DEBUG org.apache.http.wire - http-outgoing-42 << "Content-Length: 8997[\r][\n]"
21:38:18.064 [ForkJoinPool-1-worker-2] DEBUG org.apache.http.wire - http-outgoing-42 << "Etag: W/"2325-hpImx609mu+fGa617SOMTfPiGwQ"[\r][\n]"
21:38:18.064 [ForkJoinPool-1-worker-2] DEBUG org.apache.http.wire - http-outgoing-42 << "Date: Tue, 15 Sep 2020 02:38:18 GMT[\r][\n]"
21:38:18.064 [ForkJoinPool-1-worker-2] DEBUG org.apache.http.wire - http-outgoing-42 << "Via: 1.1 vegur[\r][\n]"
21:38:18.064 [ForkJoinPool-1-worker-2] DEBUG org.apache.http.wire - http-outgoing-42 << "[\r][\n]"
21:38:18.065 [ForkJoinPool-1-worker-2] DEBUG org.apache.http.wire - http-outgoing-42 << "[{"album_id":61,"id":3001,"title":"inventore accusantium labore et quis qui rem exercitationem nesciunt","url":"https://via.placeholder.com/600/2256e3","thumbnail_url":"https://via.placeholder.com/150/2256e3"},{"album_id":61,"id":3002,"title":"odit enim est quo quas maiores voluptatem laboriosam","url":"https://via.placeholder.com/600/cf024f","thumbnail_url":"https://via.placeholder.com/150/cf024f"},{"album_id":61,"id":3003,"title":"eos dicta eligendi qui","url":"https://via.placeholder.com/600/9c2c83","thumbnail_url":"https://via.placeholder.com/150/9c2c83"},{"album_id":61,"id":3004,"title":"sunt tempora numquam","url":"https://via.placeholder.com/600/39e127","thumbnail_url":"https://via.placeholder.com/150/39e127"},{"album_id":61,"id":3005,"title":"omnis molestiae vel voluptatem ut ut","url":"https://via.placeholder.com/600/921f69","thumbnail_url":"https://via.placeholder.com/150/921f69"},{"album_id":61,"id":3006,"title":"cum omnis cumque a","url":"https://via.placeholder.com/600/2e7f8d","thumbnail_url":"https://via.placeholder.com/150/2e7f8d"},{"album_id":61,"id":3007,"title":"alias temporibus sunt debitis sint consequatur","url":"https://via.placeholder.com/600/7b1c59","thumbnail_url":"https://via.placeholder.com/150/7b1c59"},{"album_id":61,"id":3008,"title":"nostrum nihil optio mollitia non velit voluptatem tenetur","url":"https://via.placeholder.com/600/e41d1d","thumbnail_url":"https://via.placeholder.com/150/e41d1d"},{"album_id":61,"id":3009,"title":"quia delectus odio alias atque voluptatibus sunt","url":"https://via.placeholder.com/600/a1c5a1","thumbnail_url":"https://via.placeholder.com/150/a1c5a1"},{"album_id":61,"id":3010,"title":"omnis quas debitis officiis ea veritatis","url":"https://via.placeholder.com/600/a46ded","thumbnail_url":"https://via.placeholder.com/150/a46ded"},{"album_id":61,"id":3011,"title":"nisi eos unde inventore repellat accusamus quae","url":"https://via.placeholder.com/600/544af8","thumbnail_url":"https://via.placeholder.com/150/544af8"},{"album_id":61,"id":3012,"title":"molestias sit impedit sit unde ut quo dolor","url":"https://via.placeholder.com/600/69282","thumbnail_url":"https://via.placeholder.com/150/69282"},{"album_id":61,"id":3013,"title":"perferendis molestiae illo","url":"https://via.placeholder.com/600/197cfb","thumbnail_url":"https://via.placeholder.com/150/197cfb"},{"album_id":61,"id":3014,"title":"sed quibusdam recusandae quo quas itaque sit repellendus","url":"https://via.placeholder.com/600/e70e16","thumbnail_url":"https://via.placeholder.com/150/e70e16"},{"album_id":61,"id":3015,"title":"molestiae molestias iure ex illo","url":"https://via.placeholder.com/600/8e888a","thumbnail_url":"https://via.placeholder.com/150/8e888a"},{"album_id":61,"id":3016,"title":"ratione blanditiis dolorem nulla consequatur","url":"https://via.placeholder.com/600/3f016","thumbnail_url":"https://via.placeholder.com/150/3f016"},{"album_id":61,"id":3017,"title":"modi illum enim dolorem nostrum tenetur est ut et","url":"https://via.placeholder.com/600/e1dec0","thumbnail_url":"https://via.placeholder.com/150/e1dec0"},{"album_id":61,"id":3018,"title":"soluta reiciendis enim nesciunt recusandae","url":"https://via.placeholder.com/600/78837","thumbnail_url":"https://via.placeholder.com/150/78837"},{"album_id":61,"id":3019,"title":"voluptatem omnis enim molestiae impedit quod et itaque dolorum","url":"https://via.placeholder.com/600/6f5185","thumbnail_url":"https://via.placeholder.com/150/6f5185"},{"album_id":61,"id":3020,"title":"consequatur fuga dicta totam ipsam ut dolore","url":"https://via.placeholder.com/600/12bae3","thumbnail_url":"https://via.placeholder.com/150/12bae3"},{"album_id":61,"id":3021,"title":"quos id et cupiditate voluptatem veniam eos veritatis","url":"https://via.placeholder.com/600/3283be","thumbnail_url":"https://via.placeholder.com/150/3283be"},{"album_id":61,"id":3022,"title":"error assumenda quasi blanditiis enim","url":"https://via.placeholder.com/600/8d1767","thumbnail_url":"https://via.placeholder.com/150/8d1767"},{"album_id":61,"id":3023,"title":"delectus error impedit aut id perferendis commodi laboriosam odio","url":"https://via.placeholder.com/600/d55fe6","thumbnail_url":"https://via.placeholder.com/150/d55fe6"},{"album_id":61,"id":3024,"title":"et in maxime ea qui placeat","url":"https://via.placeholder.com/600/a4946","thumbnail_url":"https://via.placeholder.com/150/a4946"},{"album_id":61,"id":3025,"title":"ratione quia et dolores rerum","url":"https://via.placeholder.com/600/374662","thumbnail_url":"https://via.placeholder.com/150/374662"},{"album_id":61,"id":3026,"title":"autem autem quia praesentium excepturi non","url":"https://via.placeholder.com/600/5d03eb","thumbnail_url":"https://via.placeholder.com/150/5d03eb"},{"album_id":61,"id":3027,"title":"consectetur nobis dolorum quibusdam","url":"https://via.placeholder.com/600/c8002f","thumbnail_url":"https://via.placeholder.com/150/c8002f"},{"album_id":61,"id":3028,"title":"culpa ut qui a qui voluptatem","url":"https://via.placeholder.com/600/73695f","thumbnail_url":"https://via.placeholder.com/150/73695f"},{"album_id":61,"id":3029,"title":"repellendus est nihil autem fuga esse et","url":"https://via.placeholder.com/600/a6cbce","thumbnail_url":"https://via.placeholder.com/150/a6cbce"},{"album_id":61,"id":3030,"title":"quia architecto nemo itaque illum reiciendis quos dolor","url":"https://via.placeholder.com/600/a4b7a4","thumbnail_url":"https://via.placeholder.com/150/a4b7a4"},{"album_id":61,"id":3031,"title":"rerum quia autem voluptatibus","url":"https://via.placeholder.com/600/e51316","thumbnail_url":"https://via.placeholder.com/150/e51316"},{"album_id":61,"id":3032,"title":"alias ut sequi sit ipsa","url":"https://via.placeholder.com/600/d1207b","thumbnail_url":"https://via.placeholder.com/150/d1207b"},{"album_id":61,"id":3033,"title":"facere id dolorem accusantium","url":"https://via.placeholder.com/600/79a36c","thumbnail_url":"https://via.placeholder.com/150/79a36c"},{"album_id":61,"id":3034,"title":"est natus beatae","url":"https://via.placeholder.com/600/f1296b","thumbnail_url":"https://via.placeholder.com/150/f1296b"},{"album_id":61,"id":3035,"title":"itaque ullam consequatur omnis ut et voluptatibus","url":"https://via.placeholder.com/600/d09b04","thumbnail_url":"https://via.placeholder.com/150/d09b04"},{"album_id":61,"id":3036,"title":"aut dolorum tempore laboriosam modi quaerat quia","url":"https://via.placeholder.com/600/3fc5be","thumbnail_url":"https://via.placeholder.com/150/3fc5be"},{"album_id":61,"id":3037,"title":"qui ut ea autem eum","url":"https://via.placeholder.com/600/a97b71","thumbnail_url":"https://via.placeholder.com/150/a97b71"},{"album_id":61,"id":3038,"title":"facilis repellendus porro sed debitis facere sit","url":"https://via.placeholder.com/600/343b78","thumbnail_url":"https://via.placeholder.com/150/343b78"},{"album_id":61,"id":3039,"title":"vero iste enim et accusamus animi doloremque tenetur","url":"https://via.placeholder.com/600/a0e6ba","thumbnail_url":"https://via.placeholder.com/150/a0e6ba"},{"album_id":61,"id":3040,"title":"porro earum et eos","url":"https://via.placeholder.com/600/8432b9","thumbnail_url":"https://via.placeholder.com/150/8432b9"},{"album_id":61,"id":3041,"title":"voluptas ipsum cumque dolore nihil aliquam dolor non","url":"https://via.placeholder.com/600/cc0a7","thumbnail_url":"https://via.placeholder.com/150/cc0a7"},{"album_id":61,"id":3042,"title":"numquam fugit ut ea dolor aspernatur","url":"https://via.placeholder.com/600/8e2fc7","thumbnail_url":"https://via.placeholder.com/150/8e2fc7"},{"album_id":61,"id":3043,"title":"dolorum veritatis recusandae","url":"https://via.placeholder.com/600/3db3a","thumbnail_url":"https://via.placeholder.com/150/3db3a"},{"album_id":61,"id":3044,"title":"eos eveniet recusandae neque doloribus ut","url":"https://via.placeholder.com/600/2fa65c","thumbnail_url":"https://via.placeholder.com/150/2fa65c"}"
21:38:18.065 [ForkJoinPool-1-worker-2] DEBUG org.apache.http.headers - http-outgoing-42 << HTTP/1.1 200 OK
21:38:18.065 [ForkJoinPool-1-worker-2] DEBUG org.apache.http.headers - http-outgoing-42 << Server: Cowboy
21:38:18.065 [ForkJoinPool-1-worker-2] DEBUG org.apache.http.headers - http-outgoing-42 << Connection: keep-alive
21:38:18.065 [ForkJoinPool-1-worker-2] DEBUG org.apache.http.headers - http-outgoing-42 << X-Powered-By: Express
21:38:18.065 [ForkJoinPool-1-worker-2] DEBUG org.apache.http.headers - http-outgoing-42 << Content-Type: application/json; charset=utf-8
21:38:18.065 [ForkJoinPool-1-worker-2] DEBUG org.apache.http.headers - http-outgoing-42 << Content-Length: 8997
21:38:18.065 [ForkJoinPool-1-worker-2] DEBUG org.apache.http.headers - http-outgoing-42 << Etag: W/"2325-hpImx609mu+fGa617SOMTfPiGwQ"
21:38:18.065 [ForkJoinPool-1-worker-2] DEBUG org.apache.http.headers - http-outgoing-42 << Date: Tue, 15 Sep 2020 02:38:18 GMT
21:38:18.065 [ForkJoinPool-1-worker-2] DEBUG org.apache.http.headers - http-outgoing-42 << Via: 1.1 vegur
21:38:18.066 [ForkJoinPool-1-worker-2] DEBUG org.apache.http.impl.execchain.MainClientExec - Connection can be kept alive indefinitely
21:38:18.067 [ForkJoinPool-1-worker-2] DEBUG org.apache.http.wire - http-outgoing-42 << ",{"album_id":61,"id":3045,"title":"eligendi molestiae praesentium","url":"https://via.placeholder.com/600/6e83e1","thumbnail_url":"https://via.placeholder.com/150/6e83e1"},{"album_id":61,"id":3046,"title":"commodi libero dignissimos ea vero","url":"https://via.placeholder.com/600/18dfa0","thumbnail_url":"https://via.placeholder.com/150/18dfa0"},{"album_id":61,"id":3047,"title":"incidunt aut tempora quia sunt doloribus reprehenderit distinctio","url":"https://via.placeholder.com/600/fac30a","thumbnail_url":"https://via.placeholder.com/150/fac30a"},{"album_id":61,"id":3048,"title":"sapiente quia architecto","url":"https://via.placeholder.com/600/6358fc","thumbnail_url":"https://via.placeholder.com/150/6358fc"},{"album_id":61,"id":3049,"title":"enim quae ducimus labore numquam","url":"https://via.placeholder.com/600/fcf750","thumbnail_url":"https://via.placeholder.com/150/fcf750"},{"album_id":61,"id":3050,"title":"commodi et odio ratione","url":"https://via.placeholder.com/600/a9eee","thumbnail_url":"https://via.placeholder.com/150/a9eee"}]"
21:38:18.067 [ForkJoinPool-1-worker-2] DEBUG org.apache.http.impl.conn.PoolingHttpClientConnectionManager - Connection [id: 42][route: {s}->https://nodejs-qa-training.herokuapp.com:443] can be kept alive indefinitely
21:38:18.067 [ForkJoinPool-1-worker-2] DEBUG org.apache.http.impl.conn.DefaultManagedHttpClientConnection - http-outgoing-42: set socket timeout to 0
21:38:18.067 [ForkJoinPool-1-worker-2] DEBUG org.apache.http.impl.conn.PoolingHttpClientConnectionManager - Connection released: [id: 42][route: {s}->https://nodejs-qa-training.herokuapp.com:443][total available: 1; route allocated: 1 of 5; total allocated: 1 of 10]
21:38:18.067 [ForkJoinPool-1-worker-2] DEBUG com.intuit.karate - response time in milliseconds: 602,28
1 < 200
1 < Connection: keep-alive
1 < Content-Length: 8997
1 < Content-Type: application/json; charset=utf-8
1 < Date: Tue, 15 Sep 2020 02:38:18 GMT
1 < Etag: W/"2325-hpImx609mu+fGa617SOMTfPiGwQ"
1 < Server: Cowboy
1 < Via: 1.1 vegur
1 < X-Powered-By: Express
[{"album_id":61,"id":3001,"title":"inventore accusantium labore et quis qui rem exercitationem nesciunt","url":"https://via.placeholder.com/600/2256e3","thumbnail_url":"https://via.placeholder.com/150/2256e3"},{"album_id":61,"id":3002,"title":"odit enim est quo quas maiores voluptatem laboriosam","url":"https://via.placeholder.com/600/cf024f","thumbnail_url":"https://via.placeholder.com/150/cf024f"},{"album_id":61,"id":3003,"title":"eos dicta eligendi qui","url":"https://via.placeholder.com/600/9c2c83","thumbnail_url":"https://via.placeholder.com/150/9c2c83"},{"album_id":61,"id":3004,"title":"sunt tempora numquam","url":"https://via.placeholder.com/600/39e127","thumbnail_url":"https://via.placeholder.com/150/39e127"},{"album_id":61,"id":3005,"title":"omnis molestiae vel voluptatem ut ut","url":"https://via.placeholder.com/600/921f69","thumbnail_url":"https://via.placeholder.com/150/921f69"},{"album_id":61,"id":3006,"title":"cum omnis cumque a","url":"https://via.placeholder.com/600/2e7f8d","thumbnail_url":"https://via.placeholder.com/150/2e7f8d"},{"album_id":61,"id":3007,"title":"alias temporibus sunt debitis sint consequatur","url":"https://via.placeholder.com/600/7b1c59","thumbnail_url":"https://via.placeholder.com/150/7b1c59"},{"album_id":61,"id":3008,"title":"nostrum nihil optio mollitia non velit voluptatem tenetur","url":"https://via.placeholder.com/600/e41d1d","thumbnail_url":"https://via.placeholder.com/150/e41d1d"},{"album_id":61,"id":3009,"title":"quia delectus odio alias atque voluptatibus sunt","url":"https://via.placeholder.com/600/a1c5a1","thumbnail_url":"https://via.placeholder.com/150/a1c5a1"},{"album_id":61,"id":3010,"title":"omnis quas debitis officiis ea veritatis","url":"https://via.placeholder.com/600/a46ded","thumbnail_url":"https://via.placeholder.com/150/a46ded"},{"album_id":61,"id":3011,"title":"nisi eos unde inventore repellat accusamus quae","url":"https://via.placeholder.com/600/544af8","thumbnail_url":"https://via.placeholder.com/150/544af8"},{"album_id":61,"id":3012,"title":"molestias sit impedit sit unde ut quo dolor","url":"https://via.placeholder.com/600/69282","thumbnail_url":"https://via.placeholder.com/150/69282"},{"album_id":61,"id":3013,"title":"perferendis molestiae illo","url":"https://via.placeholder.com/600/197cfb","thumbnail_url":"https://via.placeholder.com/150/197cfb"},{"album_id":61,"id":3014,"title":"sed quibusdam recusandae quo quas itaque sit repellendus","url":"https://via.placeholder.com/600/e70e16","thumbnail_url":"https://via.placeholder.com/150/e70e16"},{"album_id":61,"id":3015,"title":"molestiae molestias iure ex illo","url":"https://via.placeholder.com/600/8e888a","thumbnail_url":"https://via.placeholder.com/150/8e888a"},{"album_id":61,"id":3016,"title":"ratione blanditiis dolorem nulla consequatur","url":"https://via.placeholder.com/600/3f016","thumbnail_url":"https://via.placeholder.com/150/3f016"},{"album_id":61,"id":3017,"title":"modi illum enim dolorem nostrum tenetur est ut et","url":"https://via.placeholder.com/600/e1dec0","thumbnail_url":"https://via.placeholder.com/150/e1dec0"},{"album_id":61,"id":3018,"title":"soluta reiciendis enim nesciunt recusandae","url":"https://via.placeholder.com/600/78837","thumbnail_url":"https://via.placeholder.com/150/78837"},{"album_id":61,"id":3019,"title":"voluptatem omnis enim molestiae impedit quod et itaque dolorum","url":"https://via.placeholder.com/600/6f5185","thumbnail_url":"https://via.placeholder.com/150/6f5185"},{"album_id":61,"id":3020,"title":"consequatur fuga dicta totam ipsam ut dolore","url":"https://via.placeholder.com/600/12bae3","thumbnail_url":"https://via.placeholder.com/150/12bae3"},{"album_id":61,"id":3021,"title":"quos id et cupiditate voluptatem veniam eos veritatis","url":"https://via.placeholder.com/600/3283be","thumbnail_url":"https://via.placeholder.com/150/3283be"},{"album_id":61,"id":3022,"title":"error assumenda quasi blanditiis enim","url":"https://via.placeholder.com/600/8d1767","thumbnail_url":"https://via.placeholder.com/150/8d1767"},{"album_id":61,"id":3023,"title":"delectus error impedit aut id perferendis commodi laboriosam odio","url":"https://via.placeholder.com/600/d55fe6","thumbnail_url":"https://via.placeholder.com/150/d55fe6"},{"album_id":61,"id":3024,"title":"et in maxime ea qui placeat","url":"https://via.placeholder.com/600/a4946","thumbnail_url":"https://via.placeholder.com/150/a4946"},{"album_id":61,"id":3025,"title":"ratione quia et dolores rerum","url":"https://via.placeholder.com/600/374662","thumbnail_url":"https://via.placeholder.com/150/374662"},{"album_id":61,"id":3026,"title":"autem autem quia praesentium excepturi non","url":"https://via.placeholder.com/600/5d03eb","thumbnail_url":"https://via.placeholder.com/150/5d03eb"},{"album_id":61,"id":3027,"title":"consectetur nobis dolorum quibusdam","url":"https://via.placeholder.com/600/c8002f","thumbnail_url":"https://via.placeholder.com/150/c8002f"},{"album_id":61,"id":3028,"title":"culpa ut qui a qui voluptatem","url":"https://via.placeholder.com/600/73695f","thumbnail_url":"https://via.placeholder.com/150/73695f"},{"album_id":61,"id":3029,"title":"repellendus est nihil autem fuga esse et","url":"https://via.placeholder.com/600/a6cbce","thumbnail_url":"https://via.placeholder.com/150/a6cbce"},{"album_id":61,"id":3030,"title":"quia architecto nemo itaque illum reiciendis quos dolor","url":"https://via.placeholder.com/600/a4b7a4","thumbnail_url":"https://via.placeholder.com/150/a4b7a4"},{"album_id":61,"id":3031,"title":"rerum quia autem voluptatibus","url":"https://via.placeholder.com/600/e51316","thumbnail_url":"https://via.placeholder.com/150/e51316"},{"album_id":61,"id":3032,"title":"alias ut sequi sit ipsa","url":"https://via.placeholder.com/600/d1207b","thumbnail_url":"https://via.placeholder.com/150/d1207b"},{"album_id":61,"id":3033,"title":"facere id dolorem accusantium","url":"https://via.placeholder.com/600/79a36c","thumbnail_url":"https://via.placeholder.com/150/79a36c"},{"album_id":61,"id":3034,"title":"est natus beatae","url":"https://via.placeholder.com/600/f1296b","thumbnail_url":"https://via.placeholder.com/150/f1296b"},{"album_id":61,"id":3035,"title":"itaque ullam consequatur omnis ut et voluptatibus","url":"https://via.placeholder.com/600/d09b04","thumbnail_url":"https://via.placeholder.com/150/d09b04"},{"album_id":61,"id":3036,"title":"aut dolorum tempore laboriosam modi quaerat quia","url":"https://via.placeholder.com/600/3fc5be","thumbnail_url":"https://via.placeholder.com/150/3fc5be"},{"album_id":61,"id":3037,"title":"qui ut ea autem eum","url":"https://via.placeholder.com/600/a97b71","thumbnail_url":"https://via.placeholder.com/150/a97b71"},{"album_id":61,"id":3038,"title":"facilis repellendus porro sed debitis facere sit","url":"https://via.placeholder.com/600/343b78","thumbnail_url":"https://via.placeholder.com/150/343b78"},{"album_id":61,"id":3039,"title":"vero iste enim et accusamus animi doloremque tenetur","url":"https://via.placeholder.com/600/a0e6ba","thumbnail_url":"https://via.placeholder.com/150/a0e6ba"},{"album_id":61,"id":3040,"title":"porro earum et eos","url":"https://via.placeholder.com/600/8432b9","thumbnail_url":"https://via.placeholder.com/150/8432b9"},{"album_id":61,"id":3041,"title":"voluptas ipsum cumque dolore nihil aliquam dolor non","url":"https://via.placeholder.com/600/cc0a7","thumbnail_url":"https://via.placeholder.com/150/cc0a7"},{"album_id":61,"id":3042,"title":"numquam fugit ut ea dolor aspernatur","url":"https://via.placeholder.com/600/8e2fc7","thumbnail_url":"https://via.placeholder.com/150/8e2fc7"},{"album_id":61,"id":3043,"title":"dolorum veritatis recusandae","url":"https://via.placeholder.com/600/3db3a","thumbnail_url":"https://via.placeholder.com/150/3db3a"},{"album_id":61,"id":3044,"title":"eos eveniet recusandae neque doloribus ut","url":"https://via.placeholder.com/600/2fa65c","thumbnail_url":"https://via.placeholder.com/150/2fa65c"},{"album_id":61,"id":3045,"title":"eligendi molestiae praesentium","url":"https://via.placeholder.com/600/6e83e1","thumbnail_url":"https://via.placeholder.com/150/6e83e1"},{"album_id":61,"id":3046,"title":"commodi libero dignissimos ea vero","url":"https://via.placeholder.com/600/18dfa0","thumbnail_url":"https://via.placeholder.com/150/18dfa0"},{"album_id":61,"id":3047,"title":"incidunt aut tempora quia sunt doloribus reprehenderit distinctio","url":"https://via.placeholder.com/600/fac30a","thumbnail_url":"https://via.placeholder.com/150/fac30a"},{"album_id":61,"id":3048,"title":"sapiente quia architecto","url":"https://via.placeholder.com/600/6358fc","thumbnail_url":"https://via.placeholder.com/150/6358fc"},{"album_id":61,"id":3049,"title":"enim quae ducimus labore numquam","url":"https://via.placeholder.com/600/fcf750","thumbnail_url":"https://via.placeholder.com/150/fcf750"},{"album_id":61,"id":3050,"title":"commodi et odio ratione","url":"https://via.placeholder.com/600/a9eee","thumbnail_url":"https://via.placeholder.com/150/a9eee"}]

21:38:18.071 [ForkJoinPool-1-worker-2] DEBUG com.jayway.jsonpath.internal.path.CompiledPath - Evaluating path: $
21:38:18.074 [ForkJoinPool-1-worker-2] INFO com.intuit.karate - [print] [
  {
    "album_id": 61,
    "id": 3001,
    "title": "inventore accusantium labore et quis qui rem exercitationem nesciunt",
    "thumbnail_url": "https://via.placeholder.com/150/2256e3",
    "url": "https://via.placeholder.com/600/2256e3"
  },
  {
    "album_id": 61,
    "id": 3002,
    "title": "odit enim est quo quas maiores voluptatem laboriosam",
    "thumbnail_url": "https://via.placeholder.com/150/cf024f",
    "url": "https://via.placeholder.com/600/cf024f"
  },
  {
    "album_id": 61,
    "id": 3003,
    "title": "eos dicta eligendi qui",
    "thumbnail_url": "https://via.placeholder.com/150/9c2c83",
    "url": "https://via.placeholder.com/600/9c2c83"
  },
  {
    "album_id": 61,
    "id": 3004,
    "title": "sunt tempora numquam",
    "thumbnail_url": "https://via.placeholder.com/150/39e127",
    "url": "https://via.placeholder.com/600/39e127"
  },
  {
    "album_id": 61,
    "id": 3005,
    "title": "omnis molestiae vel voluptatem ut ut",
    "thumbnail_url": "https://via.placeholder.com/150/921f69",
    "url": "https://via.placeholder.com/600/921f69"
  },
  {
    "album_id": 61,
    "id": 3006,
    "title": "cum omnis cumque a",
    "thumbnail_url": "https://via.placeholder.com/150/2e7f8d",
    "url": "https://via.placeholder.com/600/2e7f8d"
  },
  {
    "album_id": 61,
    "id": 3007,
    "title": "alias temporibus sunt debitis sint consequatur",
    "thumbnail_url": "https://via.placeholder.com/150/7b1c59",
    "url": "https://via.placeholder.com/600/7b1c59"
  },
  {
    "album_id": 61,
    "id": 3008,
    "title": "nostrum nihil optio mollitia non velit voluptatem tenetur",
    "thumbnail_url": "https://via.placeholder.com/150/e41d1d",
    "url": "https://via.placeholder.com/600/e41d1d"
  },
  {
    "album_id": 61,
    "id": 3009,
    "title": "quia delectus odio alias atque voluptatibus sunt",
    "thumbnail_url": "https://via.placeholder.com/150/a1c5a1",
    "url": "https://via.placeholder.com/600/a1c5a1"
  },
  {
    "album_id": 61,
    "id": 3010,
    "title": "omnis quas debitis officiis ea veritatis",
    "thumbnail_url": "https://via.placeholder.com/150/a46ded",
    "url": "https://via.placeholder.com/600/a46ded"
  },
  {
    "album_id": 61,
    "id": 3011,
    "title": "nisi eos unde inventore repellat accusamus quae",
    "thumbnail_url": "https://via.placeholder.com/150/544af8",
    "url": "https://via.placeholder.com/600/544af8"
  },
  {
    "album_id": 61,
    "id": 3012,
    "title": "molestias sit impedit sit unde ut quo dolor",
    "thumbnail_url": "https://via.placeholder.com/150/69282",
    "url": "https://via.placeholder.com/600/69282"
  },
  {
    "album_id": 61,
    "id": 3013,
    "title": "perferendis molestiae illo",
    "thumbnail_url": "https://via.placeholder.com/150/197cfb",
    "url": "https://via.placeholder.com/600/197cfb"
  },
  {
    "album_id": 61,
    "id": 3014,
    "title": "sed quibusdam recusandae quo quas itaque sit repellendus",
    "thumbnail_url": "https://via.placeholder.com/150/e70e16",
    "url": "https://via.placeholder.com/600/e70e16"
  },
  {
    "album_id": 61,
    "id": 3015,
    "title": "molestiae molestias iure ex illo",
    "thumbnail_url": "https://via.placeholder.com/150/8e888a",
    "url": "https://via.placeholder.com/600/8e888a"
  },
  {
    "album_id": 61,
    "id": 3016,
    "title": "ratione blanditiis dolorem nulla consequatur",
    "thumbnail_url": "https://via.placeholder.com/150/3f016",
    "url": "https://via.placeholder.com/600/3f016"
  },
  {
    "album_id": 61,
    "id": 3017,
    "title": "modi illum enim dolorem nostrum tenetur est ut et",
    "thumbnail_url": "https://via.placeholder.com/150/e1dec0",
    "url": "https://via.placeholder.com/600/e1dec0"
  },
  {
    "album_id": 61,
    "id": 3018,
    "title": "soluta reiciendis enim nesciunt recusandae",
    "thumbnail_url": "https://via.placeholder.com/150/78837",
    "url": "https://via.placeholder.com/600/78837"
  },
  {
    "album_id": 61,
    "id": 3019,
    "title": "voluptatem omnis enim molestiae impedit quod et itaque dolorum",
    "thumbnail_url": "https://via.placeholder.com/150/6f5185",
    "url": "https://via.placeholder.com/600/6f5185"
  },
  {
    "album_id": 61,
    "id": 3020,
    "title": "consequatur fuga dicta totam ipsam ut dolore",
    "thumbnail_url": "https://via.placeholder.com/150/12bae3",
    "url": "https://via.placeholder.com/600/12bae3"
  },
  {
    "album_id": 61,
    "id": 3021,
    "title": "quos id et cupiditate voluptatem veniam eos veritatis",
    "thumbnail_url": "https://via.placeholder.com/150/3283be",
    "url": "https://via.placeholder.com/600/3283be"
  },
  {
    "album_id": 61,
    "id": 3022,
    "title": "error assumenda quasi blanditiis enim",
    "thumbnail_url": "https://via.placeholder.com/150/8d1767",
    "url": "https://via.placeholder.com/600/8d1767"
  },
  {
    "album_id": 61,
    "id": 3023,
    "title": "delectus error impedit aut id perferendis commodi laboriosam odio",
    "thumbnail_url": "https://via.placeholder.com/150/d55fe6",
    "url": "https://via.placeholder.com/600/d55fe6"
  },
  {
    "album_id": 61,
    "id": 3024,
    "title": "et in maxime ea qui placeat",
    "thumbnail_url": "https://via.placeholder.com/150/a4946",
    "url": "https://via.placeholder.com/600/a4946"
  },
  {
    "album_id": 61,
    "id": 3025,
    "title": "ratione quia et dolores rerum",
    "thumbnail_url": "https://via.placeholder.com/150/374662",
    "url": "https://via.placeholder.com/600/374662"
  },
  {
    "album_id": 61,
    "id": 3026,
    "title": "autem autem quia praesentium excepturi non",
    "thumbnail_url": "https://via.placeholder.com/150/5d03eb",
    "url": "https://via.placeholder.com/600/5d03eb"
  },
  {
    "album_id": 61,
    "id": 3027,
    "title": "consectetur nobis dolorum quibusdam",
    "thumbnail_url": "https://via.placeholder.com/150/c8002f",
    "url": "https://via.placeholder.com/600/c8002f"
  },
  {
    "album_id": 61,
    "id": 3028,
    "title": "culpa ut qui a qui voluptatem",
    "thumbnail_url": "https://via.placeholder.com/150/73695f",
    "url": "https://via.placeholder.com/600/73695f"
  },
  {
    "album_id": 61,
    "id": 3029,
    "title": "repellendus est nihil autem fuga esse et",
    "thumbnail_url": "https://via.placeholder.com/150/a6cbce",
    "url": "https://via.placeholder.com/600/a6cbce"
  },
  {
    "album_id": 61,
    "id": 3030,
    "title": "quia architecto nemo itaque illum reiciendis quos dolor",
    "thumbnail_url": "https://via.placeholder.com/150/a4b7a4",
    "url": "https://via.placeholder.com/600/a4b7a4"
  },
  {
    "album_id": 61,
    "id": 3031,
    "title": "rerum quia autem voluptatibus",
    "thumbnail_url": "https://via.placeholder.com/150/e51316",
    "url": "https://via.placeholder.com/600/e51316"
  },
  {
    "album_id": 61,
    "id": 3032,
    "title": "alias ut sequi sit ipsa",
    "thumbnail_url": "https://via.placeholder.com/150/d1207b",
    "url": "https://via.placeholder.com/600/d1207b"
  },
  {
    "album_id": 61,
    "id": 3033,
    "title": "facere id dolorem accusantium",
    "thumbnail_url": "https://via.placeholder.com/150/79a36c",
    "url": "https://via.placeholder.com/600/79a36c"
  },
  {
    "album_id": 61,
    "id": 3034,
    "title": "est natus beatae",
    "thumbnail_url": "https://via.placeholder.com/150/f1296b",
    "url": "https://via.placeholder.com/600/f1296b"
  },
  {
    "album_id": 61,
    "id": 3035,
    "title": "itaque ullam consequatur omnis ut et voluptatibus",
    "thumbnail_url": "https://via.placeholder.com/150/d09b04",
    "url": "https://via.placeholder.com/600/d09b04"
  },
  {
    "album_id": 61,
    "id": 3036,
    "title": "aut dolorum tempore laboriosam modi quaerat quia",
    "thumbnail_url": "https://via.placeholder.com/150/3fc5be",
    "url": "https://via.placeholder.com/600/3fc5be"
  },
  {
    "album_id": 61,
    "id": 3037,
    "title": "qui ut ea autem eum",
    "thumbnail_url": "https://via.placeholder.com/150/a97b71",
    "url": "https://via.placeholder.com/600/a97b71"
  },
  {
    "album_id": 61,
    "id": 3038,
    "title": "facilis repellendus porro sed debitis facere sit",
    "thumbnail_url": "https://via.placeholder.com/150/343b78",
    "url": "https://via.placeholder.com/600/343b78"
  },
  {
    "album_id": 61,
    "id": 3039,
    "title": "vero iste enim et accusamus animi doloremque tenetur",
    "thumbnail_url": "https://via.placeholder.com/150/a0e6ba",
    "url": "https://via.placeholder.com/600/a0e6ba"
  },
  {
    "album_id": 61,
    "id": 3040,
    "title": "porro earum et eos",
    "thumbnail_url": "https://via.placeholder.com/150/8432b9",
    "url": "https://via.placeholder.com/600/8432b9"
  },
  {
    "album_id": 61,
    "id": 3041,
    "title": "voluptas ipsum cumque dolore nihil aliquam dolor non",
    "thumbnail_url": "https://via.placeholder.com/150/cc0a7",
    "url": "https://via.placeholder.com/600/cc0a7"
  },
  {
    "album_id": 61,
    "id": 3042,
    "title": "numquam fugit ut ea dolor aspernatur",
    "thumbnail_url": "https://via.placeholder.com/150/8e2fc7",
    "url": "https://via.placeholder.com/600/8e2fc7"
  },
  {
    "album_id": 61,
    "id": 3043,
    "title": "dolorum veritatis recusandae",
    "thumbnail_url": "https://via.placeholder.com/150/3db3a",
    "url": "https://via.placeholder.com/600/3db3a"
  },
  {
    "album_id": 61,
    "id": 3044,
    "title": "eos eveniet recusandae neque doloribus ut",
    "thumbnail_url": "https://via.placeholder.com/150/2fa65c",
    "url": "https://via.placeholder.com/600/2fa65c"
  },
  {
    "album_id": 61,
    "id": 3045,
    "title": "eligendi molestiae praesentium",
    "thumbnail_url": "https://via.placeholder.com/150/6e83e1",
    "url": "https://via.placeholder.com/600/6e83e1"
  },
  {
    "album_id": 61,
    "id": 3046,
    "title": "commodi libero dignissimos ea vero",
    "thumbnail_url": "https://via.placeholder.com/150/18dfa0",
    "url": "https://via.placeholder.com/600/18dfa0"
  },
  {
    "album_id": 61,
    "id": 3047,
    "title": "incidunt aut tempora quia sunt doloribus reprehenderit distinctio",
    "thumbnail_url": "https://via.placeholder.com/150/fac30a",
    "url": "https://via.placeholder.com/600/fac30a"
  },
  {
    "album_id": 61,
    "id": 3048,
    "title": "sapiente quia architecto",
    "thumbnail_url": "https://via.placeholder.com/150/6358fc",
    "url": "https://via.placeholder.com/600/6358fc"
  },
  {
    "album_id": 61,
    "id": 3049,
    "title": "enim quae ducimus labore numquam",
    "thumbnail_url": "https://via.placeholder.com/150/fcf750",
    "url": "https://via.placeholder.com/600/fcf750"
  },
  {
    "album_id": 61,
    "id": 3050,
    "title": "commodi et odio ratione",
    "thumbnail_url": "https://via.placeholder.com/150/a9eee",
    "url": "https://via.placeholder.com/600/a9eee"
  }
]

21:38:18.083 [ForkJoinPool-1-worker-3] DEBUG org.apache.http.wire - http-outgoing-43 << "HTTP/1.1 422 Unprocessable Entity[\r][\n]"
21:38:18.083 [ForkJoinPool-1-worker-3] DEBUG org.apache.http.wire - http-outgoing-43 << "Server: Cowboy[\r][\n]"
21:38:18.083 [ForkJoinPool-1-worker-3] DEBUG org.apache.http.wire - http-outgoing-43 << "Connection: keep-alive[\r][\n]"
21:38:18.083 [ForkJoinPool-1-worker-3] DEBUG org.apache.http.wire - http-outgoing-43 << "X-Powered-By: Express[\r][\n]"
21:38:18.083 [ForkJoinPool-1-worker-3] DEBUG org.apache.http.wire - http-outgoing-43 << "Content-Type: application/json; charset=utf-8[\r][\n]"
21:38:18.083 [ForkJoinPool-1-worker-3] DEBUG org.apache.http.wire - http-outgoing-43 << "Content-Length: 123[\r][\n]"
21:38:18.083 [ForkJoinPool-1-worker-3] DEBUG org.apache.http.wire - http-outgoing-43 << "Etag: W/"7b-/cb3tpszdkFxyxL8kIyZi+4/JTY"[\r][\n]"
21:38:18.083 [ForkJoinPool-1-worker-3] DEBUG org.apache.http.wire - http-outgoing-43 << "Date: Tue, 15 Sep 2020 02:38:18 GMT[\r][\n]"
21:38:18.083 [ForkJoinPool-1-worker-3] DEBUG org.apache.http.wire - http-outgoing-43 << "Via: 1.1 vegur[\r][\n]"
21:38:18.083 [ForkJoinPool-1-worker-3] DEBUG org.apache.http.wire - http-outgoing-43 << "[\r][\n]"
21:38:18.083 [ForkJoinPool-1-worker-3] DEBUG org.apache.http.wire - http-outgoing-43 << "{"errors":[{"code":"validation_error","message":"The email must be @wolox.com.ar"}],"timestamp":"2020-09-15T02:38:18.457Z"}"
21:38:18.083 [ForkJoinPool-1-worker-3] DEBUG org.apache.http.headers - http-outgoing-43 << HTTP/1.1 422 Unprocessable Entity
21:38:18.083 [ForkJoinPool-1-worker-3] DEBUG org.apache.http.headers - http-outgoing-43 << Server: Cowboy
21:38:18.083 [ForkJoinPool-1-worker-3] DEBUG org.apache.http.headers - http-outgoing-43 << Connection: keep-alive
21:38:18.083 [ForkJoinPool-1-worker-3] DEBUG org.apache.http.headers - http-outgoing-43 << X-Powered-By: Express
21:38:18.083 [ForkJoinPool-1-worker-3] DEBUG org.apache.http.headers - http-outgoing-43 << Content-Type: application/json; charset=utf-8
21:38:18.083 [ForkJoinPool-1-worker-3] DEBUG org.apache.http.headers - http-outgoing-43 << Content-Length: 123
21:38:18.083 [ForkJoinPool-1-worker-3] DEBUG org.apache.http.headers - http-outgoing-43 << Etag: W/"7b-/cb3tpszdkFxyxL8kIyZi+4/JTY"
21:38:18.083 [ForkJoinPool-1-worker-3] DEBUG org.apache.http.headers - http-outgoing-43 << Date: Tue, 15 Sep 2020 02:38:18 GMT
21:38:18.083 [ForkJoinPool-1-worker-3] DEBUG org.apache.http.headers - http-outgoing-43 << Via: 1.1 vegur
21:38:18.084 [ForkJoinPool-1-worker-3] DEBUG org.apache.http.impl.execchain.MainClientExec - Connection can be kept alive indefinitely
21:38:18.084 [ForkJoinPool-1-worker-3] DEBUG org.apache.http.impl.conn.PoolingHttpClientConnectionManager - Connection [id: 43][route: {s}->https://nodejs-qa-training.herokuapp.com:443] can be kept alive indefinitely
21:38:18.084 [ForkJoinPool-1-worker-3] DEBUG org.apache.http.impl.conn.DefaultManagedHttpClientConnection - http-outgoing-43: set socket timeout to 0
21:38:18.084 [ForkJoinPool-1-worker-3] DEBUG org.apache.http.impl.conn.PoolingHttpClientConnectionManager - Connection released: [id: 43][route: {s}->https://nodejs-qa-training.herokuapp.com:443][total available: 1; route allocated: 1 of 5; total allocated: 1 of 10]
21:38:18.084 [ForkJoinPool-1-worker-3] DEBUG com.intuit.karate - response time in milliseconds: 562,82
1 < 422
1 < Connection: keep-alive
1 < Content-Length: 123
1 < Content-Type: application/json; charset=utf-8
1 < Date: Tue, 15 Sep 2020 02:38:18 GMT
1 < Etag: W/"7b-/cb3tpszdkFxyxL8kIyZi+4/JTY"
1 < Server: Cowboy
1 < Via: 1.1 vegur
1 < X-Powered-By: Express
{"errors":[{"code":"validation_error","message":"The email must be @wolox.com.ar"}],"timestamp":"2020-09-15T02:38:18.457Z"}

21:38:18.085 [ForkJoinPool-1-worker-3] DEBUG com.jayway.jsonpath.internal.path.CompiledPath - Evaluating path: $
21:38:18.085 [ForkJoinPool-1-worker-3] INFO com.intuit.karate - [print] {
  "errors": [
    {
      "code": "validation_error",
      "message": "The email must be @wolox.com.ar"
    }
  ],
  "timestamp": "2020-09-15T02:38:18.457Z"
}

21:38:18.121 [Finalizer] DEBUG org.apache.http.impl.conn.PoolingHttpClientConnectionManager - Connection manager is shutting down
21:38:18.123 [Finalizer] DEBUG org.apache.http.impl.conn.DefaultManagedHttpClientConnection - http-outgoing-39: Close connection
21:38:18.124 [Finalizer] DEBUG org.apache.http.impl.conn.PoolingHttpClientConnectionManager - Connection manager shut down
21:38:18.125 [Finalizer] DEBUG org.apache.http.impl.conn.PoolingHttpClientConnectionManager - Connection manager is shutting down
21:38:18.125 [Finalizer] DEBUG org.apache.http.impl.conn.DefaultManagedHttpClientConnection - http-outgoing-40: Close connection
21:38:18.126 [Finalizer] DEBUG org.apache.http.impl.conn.PoolingHttpClientConnectionManager - Connection manager shut down
21:38:18.126 [ForkJoinPool-1-worker-2] DEBUG com.jayway.jsonpath.internal.path.CompiledPath - Evaluating path: $
21:38:18.126 [ForkJoinPool-1-worker-2] DEBUG com.jayway.jsonpath.internal.path.CompiledPath - Evaluating path: $
21:38:18.127 [Finalizer] DEBUG org.apache.http.impl.conn.PoolingHttpClientConnectionManager - Connection manager is shutting down
21:38:18.127 [Finalizer] DEBUG org.apache.http.impl.conn.DefaultManagedHttpClientConnection - http-outgoing-41: Close connection
21:38:18.127 [ForkJoinPool-1-worker-2] DEBUG com.jayway.jsonpath.internal.path.CompiledPath - Evaluating path: $
21:38:18.128 [Finalizer] DEBUG org.apache.http.impl.conn.PoolingHttpClientConnectionManager - Connection manager shut down
21:38:18.128 [Finalizer] DEBUG org.apache.http.impl.conn.PoolingHttpClientConnectionManager - Connection manager is shutting down
21:38:18.128 [Finalizer] DEBUG org.apache.http.impl.conn.DefaultManagedHttpClientConnection - http-outgoing-42: Close connection
21:38:18.129 [Finalizer] DEBUG org.apache.http.impl.conn.PoolingHttpClientConnectionManager - Connection manager shut down
21:38:18.130 [Finalizer] DEBUG org.apache.http.impl.conn.PoolingHttpClientConnectionManager - Connection manager is shutting down
21:38:18.130 [Finalizer] DEBUG org.apache.http.impl.conn.DefaultManagedHttpClientConnection - http-outgoing-43: Close connection
21:38:18.131 [Finalizer] DEBUG org.apache.http.impl.conn.PoolingHttpClientConnectionManager - Connection manager shut down
21:38:18.134 [Finalizer] DEBUG org.apache.http.impl.conn.PoolingHttpClientConnectionManager - Connection manager is shutting down
21:38:18.134 [Finalizer] DEBUG org.apache.http.impl.conn.DefaultManagedHttpClientConnection - http-outgoing-33: Close connection
21:38:18.137 [ForkJoinPool-1-worker-2] WARN com.intuit.karate - skipping bootstrap configuration: could not find or read file: classpath:karate-config.js
21:38:18.138 [ForkJoinPool-1-worker-2] DEBUG com.jayway.jsonpath.internal.path.CompiledPath - Evaluating path: $
21:38:18.139 [Finalizer] DEBUG org.apache.http.impl.conn.PoolingHttpClientConnectionManager - Connection manager shut down
21:38:18.140 [Finalizer] DEBUG org.apache.http.impl.conn.PoolingHttpClientConnectionManager - Connection manager is shutting down
21:38:18.140 [Finalizer] DEBUG org.apache.http.impl.conn.DefaultManagedHttpClientConnection - http-outgoing-34: Close connection
21:38:18.141 [ForkJoinPool-1-worker-2] DEBUG org.apache.http.client.protocol.RequestAddCookies - CookieSpec selected: karate
21:38:18.142 [ForkJoinPool-1-worker-2] DEBUG org.apache.http.client.protocol.RequestAuthCache - Auth cache not set in the context
21:38:18.142 [ForkJoinPool-1-worker-2] DEBUG com.intuit.karate - request:
1 > POST https://nodejs-qa-training.herokuapp.com/users
1 > Accept-Encoding: gzip,deflate
1 > Connection: Keep-Alive
1 > Content-Length: 99
1 > Content-Type: application/json; charset=UTF-8
1 > Host: nodejs-qa-training.herokuapp.com
1 > User-Agent: Apache-HttpClient/4.5.11 (Java/1.8.0_171)
{"email":"hernan0y3@wolox.com.ar","password":"Herna1**","firstName":"Hernan","lastName":"Garcia98"}

21:38:18.142 [ForkJoinPool-1-worker-2] DEBUG org.apache.http.impl.conn.PoolingHttpClientConnectionManager - Connection request: [route: {s}->https://nodejs-qa-training.herokuapp.com:443][total available: 0; route allocated: 0 of 5; total allocated: 0 of 10]
21:38:18.142 [ForkJoinPool-1-worker-2] DEBUG org.apache.http.impl.conn.PoolingHttpClientConnectionManager - Connection leased: [id: 45][route: {s}->https://nodejs-qa-training.herokuapp.com:443][total available: 0; route allocated: 1 of 5; total allocated: 1 of 10]
21:38:18.142 [ForkJoinPool-1-worker-2] DEBUG org.apache.http.impl.execchain.MainClientExec - Opening connection {s}->https://nodejs-qa-training.herokuapp.com:443
21:38:18.142 [ForkJoinPool-1-worker-2] DEBUG org.apache.http.impl.conn.DefaultHttpClientConnectionOperator - Connecting to nodejs-qa-training.herokuapp.com/52.20.101.119:443
21:38:18.142 [ForkJoinPool-1-worker-2] DEBUG org.apache.http.conn.ssl.SSLConnectionSocketFactory - Connecting socket to nodejs-qa-training.herokuapp.com/52.20.101.119:443 with timeout 30000
21:38:18.156 [Finalizer] DEBUG org.apache.http.impl.conn.PoolingHttpClientConnectionManager - Connection manager shut down
21:38:18.156 [Finalizer] DEBUG org.apache.http.impl.conn.PoolingHttpClientConnectionManager - Connection manager is shutting down
21:38:18.156 [Finalizer] DEBUG org.apache.http.impl.conn.DefaultManagedHttpClientConnection - http-outgoing-35: Close connection
21:38:18.157 [Finalizer] DEBUG org.apache.http.impl.conn.PoolingHttpClientConnectionManager - Connection manager shut down
21:38:18.159 [Finalizer] DEBUG org.apache.http.impl.conn.PoolingHttpClientConnectionManager - Connection manager is shutting down
21:38:18.159 [Finalizer] DEBUG org.apache.http.impl.conn.DefaultManagedHttpClientConnection - http-outgoing-36: Close connection
21:38:18.160 [Finalizer] DEBUG org.apache.http.impl.conn.PoolingHttpClientConnectionManager - Connection manager shut down
21:38:18.161 [Finalizer] DEBUG org.apache.http.impl.conn.PoolingHttpClientConnectionManager - Connection manager is shutting down
21:38:18.161 [Finalizer] DEBUG org.apache.http.impl.conn.DefaultManagedHttpClientConnection - http-outgoing-37: Close connection
21:38:18.161 [Finalizer] DEBUG org.apache.http.impl.conn.PoolingHttpClientConnectionManager - Connection manager shut down
21:38:18.161 [Finalizer] DEBUG org.apache.http.impl.conn.PoolingHttpClientConnectionManager - Connection manager is shutting down
21:38:18.161 [Finalizer] DEBUG org.apache.http.impl.conn.DefaultManagedHttpClientConnection - http-outgoing-38: Close connection
21:38:18.161 [Finalizer] DEBUG org.apache.http.impl.conn.PoolingHttpClientConnectionManager - Connection manager shut down
21:38:18.165 [Finalizer] DEBUG org.apache.http.impl.conn.PoolingHttpClientConnectionManager - Connection manager is shutting down
21:38:18.165 [Finalizer] DEBUG org.apache.http.impl.conn.DefaultManagedHttpClientConnection - http-outgoing-27: Close connection
21:38:18.165 [Finalizer] DEBUG org.apache.http.impl.conn.PoolingHttpClientConnectionManager - Connection manager shut down
21:38:18.165 [Finalizer] DEBUG org.apache.http.impl.conn.PoolingHttpClientConnectionManager - Connection manager is shutting down
21:38:18.165 [Finalizer] DEBUG org.apache.http.impl.conn.DefaultManagedHttpClientConnection - http-outgoing-29: Close connection
21:38:18.166 [Finalizer] DEBUG org.apache.http.impl.conn.PoolingHttpClientConnectionManager - Connection manager shut down
21:38:18.166 [Finalizer] DEBUG org.apache.http.impl.conn.PoolingHttpClientConnectionManager - Connection manager is shutting down
21:38:18.166 [Finalizer] DEBUG org.apache.http.impl.conn.DefaultManagedHttpClientConnection - http-outgoing-30: Close connection
21:38:18.167 [Finalizer] DEBUG org.apache.http.impl.conn.PoolingHttpClientConnectionManager - Connection manager shut down
21:38:18.167 [ForkJoinPool-1-worker-3] DEBUG com.jayway.jsonpath.internal.path.CompiledPath - Evaluating path: $
21:38:18.167 [ForkJoinPool-1-worker-3] DEBUG com.jayway.jsonpath.internal.path.CompiledPath - Evaluating path: $
21:38:18.167 [ForkJoinPool-1-worker-3] DEBUG com.jayway.jsonpath.internal.path.CompiledPath - Evaluating path: $
21:38:18.167 [Finalizer] DEBUG org.apache.http.impl.conn.PoolingHttpClientConnectionManager - Connection manager is shutting down
21:38:18.167 [Finalizer] DEBUG org.apache.http.impl.conn.DefaultManagedHttpClientConnection - http-outgoing-31: Close connection
21:38:18.167 [Finalizer] DEBUG org.apache.http.impl.conn.PoolingHttpClientConnectionManager - Connection manager shut down
21:38:18.168 [Finalizer] DEBUG org.apache.http.impl.conn.PoolingHttpClientConnectionManager - Connection manager is shutting down
21:38:18.168 [Finalizer] DEBUG org.apache.http.impl.conn.DefaultManagedHttpClientConnection - http-outgoing-32: Close connection
21:38:18.169 [Finalizer] DEBUG org.apache.http.impl.conn.PoolingHttpClientConnectionManager - Connection manager shut down
21:38:18.171 [ForkJoinPool-1-worker-3] DEBUG com.jayway.jsonpath.internal.path.CompiledPath - Evaluating path: $['errors'][0]['message']
21:38:18.174 [ForkJoinPool-1-worker-3] WARN com.intuit.karate - skipping bootstrap configuration: could not find or read file: classpath:karate-config.js
21:38:18.175 [ForkJoinPool-1-worker-3] DEBUG com.jayway.jsonpath.internal.path.CompiledPath - Evaluating path: $
21:38:18.176 [ForkJoinPool-1-worker-3] DEBUG org.apache.http.client.protocol.RequestAddCookies - CookieSpec selected: karate
21:38:18.176 [ForkJoinPool-1-worker-3] DEBUG org.apache.http.client.protocol.RequestAuthCache - Auth cache not set in the context
21:38:18.176 [ForkJoinPool-1-worker-3] DEBUG com.intuit.karate - request:
1 > POST https://nodejs-qa-training.herokuapp.com/users
1 > Accept-Encoding: gzip,deflate
1 > Connection: Keep-Alive
1 > Content-Length: 97
1 > Content-Type: application/json; charset=UTF-8
1 > Host: nodejs-qa-training.herokuapp.com
1 > User-Agent: Apache-HttpClient/4.5.11 (Java/1.8.0_171)
{"email":"hernan0y0@wolox.com.ar","password":"Herna1**","firstName":"Hernan","lastName":"Garcia"}

21:38:18.177 [ForkJoinPool-1-worker-3] DEBUG org.apache.http.impl.conn.PoolingHttpClientConnectionManager - Connection request: [route: {s}->https://nodejs-qa-training.herokuapp.com:443][total available: 0; route allocated: 0 of 5; total allocated: 0 of 10]
21:38:18.177 [ForkJoinPool-1-worker-3] DEBUG org.apache.http.impl.conn.PoolingHttpClientConnectionManager - Connection leased: [id: 46][route: {s}->https://nodejs-qa-training.herokuapp.com:443][total available: 0; route allocated: 1 of 5; total allocated: 1 of 10]
21:38:18.177 [ForkJoinPool-1-worker-3] DEBUG org.apache.http.impl.execchain.MainClientExec - Opening connection {s}->https://nodejs-qa-training.herokuapp.com:443
21:38:18.177 [ForkJoinPool-1-worker-3] DEBUG org.apache.http.impl.conn.DefaultHttpClientConnectionOperator - Connecting to nodejs-qa-training.herokuapp.com/52.20.101.119:443
21:38:18.177 [ForkJoinPool-1-worker-3] DEBUG org.apache.http.conn.ssl.SSLConnectionSocketFactory - Connecting socket to nodejs-qa-training.herokuapp.com/52.20.101.119:443 with timeout 30000
21:38:18.186 [pool-1-thread-2] INFO com.intuit.karate.Runner - <<pass>> feature 6 of 8: src/test/resources/feature/listar_fotos_album.feature
---------------------------------------------------------
feature: src/test/resources/feature/listar_fotos_album.feature
report: target\reporte\src.test.resources.feature.listar_fotos_album.json
scenarios:  3 | passed:  3 | failed:  0 | time: 5,2565
---------------------------------------------------------
21:38:18.281 [ForkJoinPool-1-worker-1] DEBUG org.apache.http.conn.ssl.SSLConnectionSocketFactory - Secure session established
21:38:18.281 [ForkJoinPool-1-worker-1] DEBUG org.apache.http.conn.ssl.SSLConnectionSocketFactory -  negotiated protocol: TLSv1.2
21:38:18.281 [ForkJoinPool-1-worker-1] DEBUG org.apache.http.conn.ssl.SSLConnectionSocketFactory -  negotiated cipher suite: TLS_ECDHE_RSA_WITH_AES_128_GCM_SHA256
21:38:18.281 [ForkJoinPool-1-worker-1] DEBUG org.apache.http.conn.ssl.SSLConnectionSocketFactory -  peer principal: CN=*.herokuapp.com, O="Heroku, Inc.", L=San Francisco, ST=California, C=US
21:38:18.281 [ForkJoinPool-1-worker-1] DEBUG org.apache.http.conn.ssl.SSLConnectionSocketFactory -  peer alternative names: [*.herokuapp.com, herokuapp.com]
21:38:18.281 [ForkJoinPool-1-worker-1] DEBUG org.apache.http.conn.ssl.SSLConnectionSocketFactory -  issuer principal: CN=DigiCert SHA2 High Assurance Server CA, OU=www.digicert.com, O=DigiCert Inc, C=US
21:38:18.281 [ForkJoinPool-1-worker-1] DEBUG org.apache.http.impl.conn.DefaultHttpClientConnectionOperator - Connection established 192.168.1.7:51385<->52.20.101.119:443
21:38:18.281 [ForkJoinPool-1-worker-1] DEBUG org.apache.http.impl.conn.DefaultManagedHttpClientConnection - http-outgoing-44: set socket timeout to 30000
21:38:18.281 [ForkJoinPool-1-worker-1] DEBUG org.apache.http.impl.execchain.MainClientExec - Executing request POST /users HTTP/1.1
21:38:18.282 [ForkJoinPool-1-worker-1] DEBUG org.apache.http.impl.execchain.MainClientExec - Target auth state: UNCHALLENGED
21:38:18.282 [ForkJoinPool-1-worker-1] DEBUG org.apache.http.impl.execchain.MainClientExec - Proxy auth state: UNCHALLENGED
21:38:18.282 [ForkJoinPool-1-worker-1] DEBUG org.apache.http.headers - http-outgoing-44 >> POST /users HTTP/1.1
21:38:18.282 [ForkJoinPool-1-worker-1] DEBUG org.apache.http.headers - http-outgoing-44 >> Content-Type: application/json; charset=UTF-8
21:38:18.282 [ForkJoinPool-1-worker-1] DEBUG org.apache.http.headers - http-outgoing-44 >> Content-Length: 99
21:38:18.282 [ForkJoinPool-1-worker-1] DEBUG org.apache.http.headers - http-outgoing-44 >> Host: nodejs-qa-training.herokuapp.com
21:38:18.282 [ForkJoinPool-1-worker-1] DEBUG org.apache.http.headers - http-outgoing-44 >> Connection: Keep-Alive
21:38:18.282 [ForkJoinPool-1-worker-1] DEBUG org.apache.http.headers - http-outgoing-44 >> User-Agent: Apache-HttpClient/4.5.11 (Java/1.8.0_171)
21:38:18.282 [ForkJoinPool-1-worker-1] DEBUG org.apache.http.headers - http-outgoing-44 >> Accept-Encoding: gzip,deflate
21:38:18.282 [ForkJoinPool-1-worker-1] DEBUG org.apache.http.wire - http-outgoing-44 >> "POST /users HTTP/1.1[\r][\n]"
21:38:18.282 [ForkJoinPool-1-worker-1] DEBUG org.apache.http.wire - http-outgoing-44 >> "Content-Type: application/json; charset=UTF-8[\r][\n]"
21:38:18.282 [ForkJoinPool-1-worker-1] DEBUG org.apache.http.wire - http-outgoing-44 >> "Content-Length: 99[\r][\n]"
21:38:18.282 [ForkJoinPool-1-worker-1] DEBUG org.apache.http.wire - http-outgoing-44 >> "Host: nodejs-qa-training.herokuapp.com[\r][\n]"
21:38:18.282 [ForkJoinPool-1-worker-1] DEBUG org.apache.http.wire - http-outgoing-44 >> "Connection: Keep-Alive[\r][\n]"
21:38:18.282 [ForkJoinPool-1-worker-1] DEBUG org.apache.http.wire - http-outgoing-44 >> "User-Agent: Apache-HttpClient/4.5.11 (Java/1.8.0_171)[\r][\n]"
21:38:18.282 [ForkJoinPool-1-worker-1] DEBUG org.apache.http.wire - http-outgoing-44 >> "Accept-Encoding: gzip,deflate[\r][\n]"
21:38:18.282 [ForkJoinPool-1-worker-1] DEBUG org.apache.http.wire - http-outgoing-44 >> "[\r][\n]"
21:38:18.282 [ForkJoinPool-1-worker-1] DEBUG org.apache.http.wire - http-outgoing-44 >> "{"email":"hernan0y2@wolox.com.ar","password":"Herna1**","firstName":"Hernan01","lastName":"Garcia"}"
21:38:18.289 [ForkJoinPool-1-worker-2] DEBUG org.apache.http.conn.ssl.SSLConnectionSocketFactory - Enabled protocols: [TLSv1, TLSv1.1, TLSv1.2]
21:38:18.290 [ForkJoinPool-1-worker-2] DEBUG org.apache.http.conn.ssl.SSLConnectionSocketFactory - Enabled cipher suites:[TLS_ECDHE_ECDSA_WITH_AES_256_CBC_SHA384, TLS_ECDHE_RSA_WITH_AES_256_CBC_SHA384, TLS_RSA_WITH_AES_256_CBC_SHA256, TLS_ECDH_ECDSA_WITH_AES_256_CBC_SHA384, TLS_ECDH_RSA_WITH_AES_256_CBC_SHA384, TLS_DHE_RSA_WITH_AES_256_CBC_SHA256, TLS_DHE_DSS_WITH_AES_256_CBC_SHA256, TLS_ECDHE_ECDSA_WITH_AES_256_CBC_SHA, TLS_ECDHE_RSA_WITH_AES_256_CBC_SHA, TLS_RSA_WITH_AES_256_CBC_SHA, TLS_ECDH_ECDSA_WITH_AES_256_CBC_SHA, TLS_ECDH_RSA_WITH_AES_256_CBC_SHA, TLS_DHE_RSA_WITH_AES_256_CBC_SHA, TLS_DHE_DSS_WITH_AES_256_CBC_SHA, TLS_ECDHE_ECDSA_WITH_AES_128_CBC_SHA256, TLS_ECDHE_RSA_WITH_AES_128_CBC_SHA256, TLS_RSA_WITH_AES_128_CBC_SHA256, TLS_ECDH_ECDSA_WITH_AES_128_CBC_SHA256, TLS_ECDH_RSA_WITH_AES_128_CBC_SHA256, TLS_DHE_RSA_WITH_AES_128_CBC_SHA256, TLS_DHE_DSS_WITH_AES_128_CBC_SHA256, TLS_ECDHE_ECDSA_WITH_AES_128_CBC_SHA, TLS_ECDHE_RSA_WITH_AES_128_CBC_SHA, TLS_RSA_WITH_AES_128_CBC_SHA, TLS_ECDH_ECDSA_WITH_AES_128_CBC_SHA, TLS_ECDH_RSA_WITH_AES_128_CBC_SHA, TLS_DHE_RSA_WITH_AES_128_CBC_SHA, TLS_DHE_DSS_WITH_AES_128_CBC_SHA, TLS_ECDHE_ECDSA_WITH_AES_256_GCM_SHA384, TLS_ECDHE_ECDSA_WITH_AES_128_GCM_SHA256, TLS_ECDHE_RSA_WITH_AES_256_GCM_SHA384, TLS_RSA_WITH_AES_256_GCM_SHA384, TLS_ECDH_ECDSA_WITH_AES_256_GCM_SHA384, TLS_ECDH_RSA_WITH_AES_256_GCM_SHA384, TLS_DHE_RSA_WITH_AES_256_GCM_SHA384, TLS_DHE_DSS_WITH_AES_256_GCM_SHA384, TLS_ECDHE_RSA_WITH_AES_128_GCM_SHA256, TLS_RSA_WITH_AES_128_GCM_SHA256, TLS_ECDH_ECDSA_WITH_AES_128_GCM_SHA256, TLS_ECDH_RSA_WITH_AES_128_GCM_SHA256, TLS_DHE_RSA_WITH_AES_128_GCM_SHA256, TLS_DHE_DSS_WITH_AES_128_GCM_SHA256, TLS_EMPTY_RENEGOTIATION_INFO_SCSV]
21:38:18.290 [ForkJoinPool-1-worker-2] DEBUG org.apache.http.conn.ssl.SSLConnectionSocketFactory - Starting handshake
21:38:18.304 [ForkJoinPool-1-worker-3] DEBUG org.apache.http.conn.ssl.SSLConnectionSocketFactory - Enabled protocols: [TLSv1, TLSv1.1, TLSv1.2]
21:38:18.304 [ForkJoinPool-1-worker-3] DEBUG org.apache.http.conn.ssl.SSLConnectionSocketFactory - Enabled cipher suites:[TLS_ECDHE_ECDSA_WITH_AES_256_CBC_SHA384, TLS_ECDHE_RSA_WITH_AES_256_CBC_SHA384, TLS_RSA_WITH_AES_256_CBC_SHA256, TLS_ECDH_ECDSA_WITH_AES_256_CBC_SHA384, TLS_ECDH_RSA_WITH_AES_256_CBC_SHA384, TLS_DHE_RSA_WITH_AES_256_CBC_SHA256, TLS_DHE_DSS_WITH_AES_256_CBC_SHA256, TLS_ECDHE_ECDSA_WITH_AES_256_CBC_SHA, TLS_ECDHE_RSA_WITH_AES_256_CBC_SHA, TLS_RSA_WITH_AES_256_CBC_SHA, TLS_ECDH_ECDSA_WITH_AES_256_CBC_SHA, TLS_ECDH_RSA_WITH_AES_256_CBC_SHA, TLS_DHE_RSA_WITH_AES_256_CBC_SHA, TLS_DHE_DSS_WITH_AES_256_CBC_SHA, TLS_ECDHE_ECDSA_WITH_AES_128_CBC_SHA256, TLS_ECDHE_RSA_WITH_AES_128_CBC_SHA256, TLS_RSA_WITH_AES_128_CBC_SHA256, TLS_ECDH_ECDSA_WITH_AES_128_CBC_SHA256, TLS_ECDH_RSA_WITH_AES_128_CBC_SHA256, TLS_DHE_RSA_WITH_AES_128_CBC_SHA256, TLS_DHE_DSS_WITH_AES_128_CBC_SHA256, TLS_ECDHE_ECDSA_WITH_AES_128_CBC_SHA, TLS_ECDHE_RSA_WITH_AES_128_CBC_SHA, TLS_RSA_WITH_AES_128_CBC_SHA, TLS_ECDH_ECDSA_WITH_AES_128_CBC_SHA, TLS_ECDH_RSA_WITH_AES_128_CBC_SHA, TLS_DHE_RSA_WITH_AES_128_CBC_SHA, TLS_DHE_DSS_WITH_AES_128_CBC_SHA, TLS_ECDHE_ECDSA_WITH_AES_256_GCM_SHA384, TLS_ECDHE_ECDSA_WITH_AES_128_GCM_SHA256, TLS_ECDHE_RSA_WITH_AES_256_GCM_SHA384, TLS_RSA_WITH_AES_256_GCM_SHA384, TLS_ECDH_ECDSA_WITH_AES_256_GCM_SHA384, TLS_ECDH_RSA_WITH_AES_256_GCM_SHA384, TLS_DHE_RSA_WITH_AES_256_GCM_SHA384, TLS_DHE_DSS_WITH_AES_256_GCM_SHA384, TLS_ECDHE_RSA_WITH_AES_128_GCM_SHA256, TLS_RSA_WITH_AES_128_GCM_SHA256, TLS_ECDH_ECDSA_WITH_AES_128_GCM_SHA256, TLS_ECDH_RSA_WITH_AES_128_GCM_SHA256, TLS_DHE_RSA_WITH_AES_128_GCM_SHA256, TLS_DHE_DSS_WITH_AES_128_GCM_SHA256, TLS_EMPTY_RENEGOTIATION_INFO_SCSV]
21:38:18.304 [ForkJoinPool-1-worker-3] DEBUG org.apache.http.conn.ssl.SSLConnectionSocketFactory - Starting handshake
21:38:18.588 [ForkJoinPool-1-worker-2] DEBUG org.apache.http.conn.ssl.SSLConnectionSocketFactory - Secure session established
21:38:18.588 [ForkJoinPool-1-worker-2] DEBUG org.apache.http.conn.ssl.SSLConnectionSocketFactory -  negotiated protocol: TLSv1.2
21:38:18.588 [ForkJoinPool-1-worker-2] DEBUG org.apache.http.conn.ssl.SSLConnectionSocketFactory -  negotiated cipher suite: TLS_ECDHE_RSA_WITH_AES_128_GCM_SHA256
21:38:18.588 [ForkJoinPool-1-worker-2] DEBUG org.apache.http.conn.ssl.SSLConnectionSocketFactory -  peer principal: CN=*.herokuapp.com, O="Heroku, Inc.", L=San Francisco, ST=California, C=US
21:38:18.589 [ForkJoinPool-1-worker-2] DEBUG org.apache.http.conn.ssl.SSLConnectionSocketFactory -  peer alternative names: [*.herokuapp.com, herokuapp.com]
21:38:18.589 [ForkJoinPool-1-worker-2] DEBUG org.apache.http.conn.ssl.SSLConnectionSocketFactory -  issuer principal: CN=DigiCert SHA2 High Assurance Server CA, OU=www.digicert.com, O=DigiCert Inc, C=US
21:38:18.589 [ForkJoinPool-1-worker-2] DEBUG org.apache.http.impl.conn.DefaultHttpClientConnectionOperator - Connection established 192.168.1.7:51386<->52.20.101.119:443
21:38:18.589 [ForkJoinPool-1-worker-2] DEBUG org.apache.http.impl.conn.DefaultManagedHttpClientConnection - http-outgoing-45: set socket timeout to 30000
21:38:18.589 [ForkJoinPool-1-worker-2] DEBUG org.apache.http.impl.execchain.MainClientExec - Executing request POST /users HTTP/1.1
21:38:18.589 [ForkJoinPool-1-worker-2] DEBUG org.apache.http.impl.execchain.MainClientExec - Target auth state: UNCHALLENGED
21:38:18.589 [ForkJoinPool-1-worker-2] DEBUG org.apache.http.impl.execchain.MainClientExec - Proxy auth state: UNCHALLENGED
21:38:18.590 [ForkJoinPool-1-worker-2] DEBUG org.apache.http.headers - http-outgoing-45 >> POST /users HTTP/1.1
21:38:18.590 [ForkJoinPool-1-worker-2] DEBUG org.apache.http.headers - http-outgoing-45 >> Content-Type: application/json; charset=UTF-8
21:38:18.590 [ForkJoinPool-1-worker-2] DEBUG org.apache.http.headers - http-outgoing-45 >> Content-Length: 99
21:38:18.590 [ForkJoinPool-1-worker-2] DEBUG org.apache.http.headers - http-outgoing-45 >> Host: nodejs-qa-training.herokuapp.com
21:38:18.590 [ForkJoinPool-1-worker-2] DEBUG org.apache.http.headers - http-outgoing-45 >> Connection: Keep-Alive
21:38:18.590 [ForkJoinPool-1-worker-2] DEBUG org.apache.http.headers - http-outgoing-45 >> User-Agent: Apache-HttpClient/4.5.11 (Java/1.8.0_171)
21:38:18.590 [ForkJoinPool-1-worker-2] DEBUG org.apache.http.headers - http-outgoing-45 >> Accept-Encoding: gzip,deflate
21:38:18.590 [ForkJoinPool-1-worker-2] DEBUG org.apache.http.wire - http-outgoing-45 >> "POST /users HTTP/1.1[\r][\n]"
21:38:18.590 [ForkJoinPool-1-worker-2] DEBUG org.apache.http.wire - http-outgoing-45 >> "Content-Type: application/json; charset=UTF-8[\r][\n]"
21:38:18.590 [ForkJoinPool-1-worker-2] DEBUG org.apache.http.wire - http-outgoing-45 >> "Content-Length: 99[\r][\n]"
21:38:18.590 [ForkJoinPool-1-worker-2] DEBUG org.apache.http.wire - http-outgoing-45 >> "Host: nodejs-qa-training.herokuapp.com[\r][\n]"
21:38:18.590 [ForkJoinPool-1-worker-2] DEBUG org.apache.http.wire - http-outgoing-45 >> "Connection: Keep-Alive[\r][\n]"
21:38:18.590 [ForkJoinPool-1-worker-2] DEBUG org.apache.http.wire - http-outgoing-45 >> "User-Agent: Apache-HttpClient/4.5.11 (Java/1.8.0_171)[\r][\n]"
21:38:18.590 [ForkJoinPool-1-worker-2] DEBUG org.apache.http.wire - http-outgoing-45 >> "Accept-Encoding: gzip,deflate[\r][\n]"
21:38:18.590 [ForkJoinPool-1-worker-2] DEBUG org.apache.http.wire - http-outgoing-45 >> "[\r][\n]"
21:38:18.590 [ForkJoinPool-1-worker-2] DEBUG org.apache.http.wire - http-outgoing-45 >> "{"email":"hernan0y3@wolox.com.ar","password":"Herna1**","firstName":"Hernan","lastName":"Garcia98"}"
21:38:18.592 [ForkJoinPool-1-worker-1] DEBUG org.apache.http.wire - http-outgoing-44 << "HTTP/1.1 201 Created[\r][\n]"
21:38:18.592 [ForkJoinPool-1-worker-1] DEBUG org.apache.http.wire - http-outgoing-44 << "Server: Cowboy[\r][\n]"
21:38:18.592 [ForkJoinPool-1-worker-1] DEBUG org.apache.http.wire - http-outgoing-44 << "Connection: keep-alive[\r][\n]"
21:38:18.592 [ForkJoinPool-1-worker-1] DEBUG org.apache.http.wire - http-outgoing-44 << "X-Powered-By: Express[\r][\n]"
21:38:18.592 [ForkJoinPool-1-worker-1] DEBUG org.apache.http.wire - http-outgoing-44 << "Content-Type: application/json; charset=utf-8[\r][\n]"
21:38:18.592 [ForkJoinPool-1-worker-1] DEBUG org.apache.http.wire - http-outgoing-44 << "Content-Length: 15[\r][\n]"
21:38:18.592 [ForkJoinPool-1-worker-1] DEBUG org.apache.http.wire - http-outgoing-44 << "Etag: W/"f-8swRNKT8foiRjW+Rrg6GV8VDr5k"[\r][\n]"
21:38:18.592 [ForkJoinPool-1-worker-1] DEBUG org.apache.http.wire - http-outgoing-44 << "Date: Tue, 15 Sep 2020 02:38:18 GMT[\r][\n]"
21:38:18.592 [ForkJoinPool-1-worker-1] DEBUG org.apache.http.wire - http-outgoing-44 << "Via: 1.1 vegur[\r][\n]"
21:38:18.592 [ForkJoinPool-1-worker-1] DEBUG org.apache.http.wire - http-outgoing-44 << "[\r][\n]"
21:38:18.592 [ForkJoinPool-1-worker-1] DEBUG org.apache.http.wire - http-outgoing-44 << "{"user_id":300}"
21:38:18.592 [ForkJoinPool-1-worker-1] DEBUG org.apache.http.headers - http-outgoing-44 << HTTP/1.1 201 Created
21:38:18.592 [ForkJoinPool-1-worker-1] DEBUG org.apache.http.headers - http-outgoing-44 << Server: Cowboy
21:38:18.592 [ForkJoinPool-1-worker-1] DEBUG org.apache.http.headers - http-outgoing-44 << Connection: keep-alive
21:38:18.592 [ForkJoinPool-1-worker-1] DEBUG org.apache.http.headers - http-outgoing-44 << X-Powered-By: Express
21:38:18.592 [ForkJoinPool-1-worker-1] DEBUG org.apache.http.headers - http-outgoing-44 << Content-Type: application/json; charset=utf-8
21:38:18.592 [ForkJoinPool-1-worker-1] DEBUG org.apache.http.headers - http-outgoing-44 << Content-Length: 15
21:38:18.592 [ForkJoinPool-1-worker-1] DEBUG org.apache.http.headers - http-outgoing-44 << Etag: W/"f-8swRNKT8foiRjW+Rrg6GV8VDr5k"
21:38:18.592 [ForkJoinPool-1-worker-1] DEBUG org.apache.http.headers - http-outgoing-44 << Date: Tue, 15 Sep 2020 02:38:18 GMT
21:38:18.592 [ForkJoinPool-1-worker-1] DEBUG org.apache.http.headers - http-outgoing-44 << Via: 1.1 vegur
21:38:18.593 [ForkJoinPool-1-worker-1] DEBUG org.apache.http.impl.execchain.MainClientExec - Connection can be kept alive indefinitely
21:38:18.593 [ForkJoinPool-1-worker-1] DEBUG org.apache.http.impl.conn.PoolingHttpClientConnectionManager - Connection [id: 44][route: {s}->https://nodejs-qa-training.herokuapp.com:443] can be kept alive indefinitely
21:38:18.593 [ForkJoinPool-1-worker-1] DEBUG org.apache.http.impl.conn.DefaultManagedHttpClientConnection - http-outgoing-44: set socket timeout to 0
21:38:18.593 [ForkJoinPool-1-worker-1] DEBUG org.apache.http.impl.conn.PoolingHttpClientConnectionManager - Connection released: [id: 44][route: {s}->https://nodejs-qa-training.herokuapp.com:443][total available: 1; route allocated: 1 of 5; total allocated: 1 of 10]
21:38:18.594 [ForkJoinPool-1-worker-1] DEBUG com.intuit.karate - response time in milliseconds: 819,86
1 < 201
1 < Connection: keep-alive
1 < Content-Length: 15
1 < Content-Type: application/json; charset=utf-8
1 < Date: Tue, 15 Sep 2020 02:38:18 GMT
1 < Etag: W/"f-8swRNKT8foiRjW+Rrg6GV8VDr5k"
1 < Server: Cowboy
1 < Via: 1.1 vegur
1 < X-Powered-By: Express
{"user_id":300}

21:38:18.595 [ForkJoinPool-1-worker-1] ERROR com.intuit.karate - status code was: 201, expected: 422, response time: 820, url: https://nodejs-qa-training.herokuapp.com/users, response: {"user_id":300}
21:38:18.619 [ForkJoinPool-1-worker-3] DEBUG org.apache.http.conn.ssl.SSLConnectionSocketFactory - Secure session established
21:38:18.619 [ForkJoinPool-1-worker-3] DEBUG org.apache.http.conn.ssl.SSLConnectionSocketFactory -  negotiated protocol: TLSv1.2
21:38:18.619 [ForkJoinPool-1-worker-3] DEBUG org.apache.http.conn.ssl.SSLConnectionSocketFactory -  negotiated cipher suite: TLS_ECDHE_RSA_WITH_AES_128_GCM_SHA256
21:38:18.619 [ForkJoinPool-1-worker-3] DEBUG org.apache.http.conn.ssl.SSLConnectionSocketFactory -  peer principal: CN=*.herokuapp.com, O="Heroku, Inc.", L=San Francisco, ST=California, C=US
21:38:18.619 [ForkJoinPool-1-worker-3] DEBUG org.apache.http.conn.ssl.SSLConnectionSocketFactory -  peer alternative names: [*.herokuapp.com, herokuapp.com]
21:38:18.619 [ForkJoinPool-1-worker-3] DEBUG org.apache.http.conn.ssl.SSLConnectionSocketFactory -  issuer principal: CN=DigiCert SHA2 High Assurance Server CA, OU=www.digicert.com, O=DigiCert Inc, C=US
21:38:18.620 [ForkJoinPool-1-worker-3] DEBUG org.apache.http.impl.conn.DefaultHttpClientConnectionOperator - Connection established 192.168.1.7:51387<->52.20.101.119:443
21:38:18.620 [ForkJoinPool-1-worker-3] DEBUG org.apache.http.impl.conn.DefaultManagedHttpClientConnection - http-outgoing-46: set socket timeout to 30000
21:38:18.620 [ForkJoinPool-1-worker-3] DEBUG org.apache.http.impl.execchain.MainClientExec - Executing request POST /users HTTP/1.1
21:38:18.620 [ForkJoinPool-1-worker-3] DEBUG org.apache.http.impl.execchain.MainClientExec - Target auth state: UNCHALLENGED
21:38:18.620 [ForkJoinPool-1-worker-3] DEBUG org.apache.http.impl.execchain.MainClientExec - Proxy auth state: UNCHALLENGED
21:38:18.620 [ForkJoinPool-1-worker-3] DEBUG org.apache.http.headers - http-outgoing-46 >> POST /users HTTP/1.1
21:38:18.620 [ForkJoinPool-1-worker-3] DEBUG org.apache.http.headers - http-outgoing-46 >> Content-Type: application/json; charset=UTF-8
21:38:18.620 [ForkJoinPool-1-worker-3] DEBUG org.apache.http.headers - http-outgoing-46 >> Content-Length: 97
21:38:18.620 [ForkJoinPool-1-worker-3] DEBUG org.apache.http.headers - http-outgoing-46 >> Host: nodejs-qa-training.herokuapp.com
21:38:18.620 [ForkJoinPool-1-worker-3] DEBUG org.apache.http.headers - http-outgoing-46 >> Connection: Keep-Alive
21:38:18.620 [ForkJoinPool-1-worker-3] DEBUG org.apache.http.headers - http-outgoing-46 >> User-Agent: Apache-HttpClient/4.5.11 (Java/1.8.0_171)
21:38:18.620 [ForkJoinPool-1-worker-3] DEBUG org.apache.http.headers - http-outgoing-46 >> Accept-Encoding: gzip,deflate
21:38:18.620 [ForkJoinPool-1-worker-3] DEBUG org.apache.http.wire - http-outgoing-46 >> "POST /users HTTP/1.1[\r][\n]"
21:38:18.620 [ForkJoinPool-1-worker-3] DEBUG org.apache.http.wire - http-outgoing-46 >> "Content-Type: application/json; charset=UTF-8[\r][\n]"
21:38:18.620 [ForkJoinPool-1-worker-3] DEBUG org.apache.http.wire - http-outgoing-46 >> "Content-Length: 97[\r][\n]"
21:38:18.620 [ForkJoinPool-1-worker-3] DEBUG org.apache.http.wire - http-outgoing-46 >> "Host: nodejs-qa-training.herokuapp.com[\r][\n]"
21:38:18.620 [ForkJoinPool-1-worker-3] DEBUG org.apache.http.wire - http-outgoing-46 >> "Connection: Keep-Alive[\r][\n]"
21:38:18.620 [ForkJoinPool-1-worker-3] DEBUG org.apache.http.wire - http-outgoing-46 >> "User-Agent: Apache-HttpClient/4.5.11 (Java/1.8.0_171)[\r][\n]"
21:38:18.620 [ForkJoinPool-1-worker-3] DEBUG org.apache.http.wire - http-outgoing-46 >> "Accept-Encoding: gzip,deflate[\r][\n]"
21:38:18.620 [ForkJoinPool-1-worker-3] DEBUG org.apache.http.wire - http-outgoing-46 >> "[\r][\n]"
21:38:18.620 [ForkJoinPool-1-worker-3] DEBUG org.apache.http.wire - http-outgoing-46 >> "{"email":"hernan0y0@wolox.com.ar","password":"Herna1**","firstName":"Hernan","lastName":"Garcia"}"
21:38:18.986 [ForkJoinPool-1-worker-3] DEBUG org.apache.http.wire - http-outgoing-46 << "HTTP/1.1 422 Unprocessable Entity[\r][\n]"
21:38:18.986 [ForkJoinPool-1-worker-3] DEBUG org.apache.http.wire - http-outgoing-46 << "Server: Cowboy[\r][\n]"
21:38:18.986 [ForkJoinPool-1-worker-3] DEBUG org.apache.http.wire - http-outgoing-46 << "Connection: keep-alive[\r][\n]"
21:38:18.986 [ForkJoinPool-1-worker-3] DEBUG org.apache.http.wire - http-outgoing-46 << "X-Powered-By: Express[\r][\n]"
21:38:18.986 [ForkJoinPool-1-worker-3] DEBUG org.apache.http.wire - http-outgoing-46 << "Content-Type: application/json; charset=utf-8[\r][\n]"
21:38:18.986 [ForkJoinPool-1-worker-3] DEBUG org.apache.http.wire - http-outgoing-46 << "Content-Length: 176[\r][\n]"
21:38:18.986 [ForkJoinPool-1-worker-3] DEBUG org.apache.http.wire - http-outgoing-46 << "Etag: W/"b0-VRovNzi17V0YeJzBoUFiac2Agfs"[\r][\n]"
21:38:18.986 [ForkJoinPool-1-worker-3] DEBUG org.apache.http.wire - http-outgoing-46 << "Date: Tue, 15 Sep 2020 02:38:19 GMT[\r][\n]"
21:38:18.986 [ForkJoinPool-1-worker-3] DEBUG org.apache.http.wire - http-outgoing-46 << "Via: 1.1 vegur[\r][\n]"
21:38:18.986 [ForkJoinPool-1-worker-3] DEBUG org.apache.http.wire - http-outgoing-46 << "[\r][\n]"
21:38:18.986 [ForkJoinPool-1-worker-3] DEBUG org.apache.http.wire - http-outgoing-46 << "{"errors":[{"code":"entity_already_exists","message":"Unable to create new user. The resource you are trying to create already exists"}],"timestamp":"2020-09-15T02:38:19.413Z"}"
21:38:18.986 [ForkJoinPool-1-worker-3] DEBUG org.apache.http.headers - http-outgoing-46 << HTTP/1.1 422 Unprocessable Entity
21:38:18.986 [ForkJoinPool-1-worker-3] DEBUG org.apache.http.headers - http-outgoing-46 << Server: Cowboy
21:38:18.986 [ForkJoinPool-1-worker-3] DEBUG org.apache.http.headers - http-outgoing-46 << Connection: keep-alive
21:38:18.986 [ForkJoinPool-1-worker-3] DEBUG org.apache.http.headers - http-outgoing-46 << X-Powered-By: Express
21:38:18.986 [ForkJoinPool-1-worker-3] DEBUG org.apache.http.headers - http-outgoing-46 << Content-Type: application/json; charset=utf-8
21:38:18.986 [ForkJoinPool-1-worker-3] DEBUG org.apache.http.headers - http-outgoing-46 << Content-Length: 176
21:38:18.986 [ForkJoinPool-1-worker-3] DEBUG org.apache.http.headers - http-outgoing-46 << Etag: W/"b0-VRovNzi17V0YeJzBoUFiac2Agfs"
21:38:18.986 [ForkJoinPool-1-worker-3] DEBUG org.apache.http.headers - http-outgoing-46 << Date: Tue, 15 Sep 2020 02:38:19 GMT
21:38:18.986 [ForkJoinPool-1-worker-3] DEBUG org.apache.http.headers - http-outgoing-46 << Via: 1.1 vegur
21:38:18.986 [ForkJoinPool-1-worker-3] DEBUG org.apache.http.impl.execchain.MainClientExec - Connection can be kept alive indefinitely
21:38:18.986 [ForkJoinPool-1-worker-3] DEBUG org.apache.http.impl.conn.PoolingHttpClientConnectionManager - Connection [id: 46][route: {s}->https://nodejs-qa-training.herokuapp.com:443] can be kept alive indefinitely
21:38:18.986 [ForkJoinPool-1-worker-3] DEBUG org.apache.http.impl.conn.DefaultManagedHttpClientConnection - http-outgoing-46: set socket timeout to 0
21:38:18.986 [ForkJoinPool-1-worker-3] DEBUG org.apache.http.impl.conn.PoolingHttpClientConnectionManager - Connection released: [id: 46][route: {s}->https://nodejs-qa-training.herokuapp.com:443][total available: 1; route allocated: 1 of 5; total allocated: 1 of 10]
21:38:18.986 [ForkJoinPool-1-worker-3] DEBUG com.intuit.karate - response time in milliseconds: 812,27
1 < 422
1 < Connection: keep-alive
1 < Content-Length: 176
1 < Content-Type: application/json; charset=utf-8
1 < Date: Tue, 15 Sep 2020 02:38:19 GMT
1 < Etag: W/"b0-VRovNzi17V0YeJzBoUFiac2Agfs"
1 < Server: Cowboy
1 < Via: 1.1 vegur
1 < X-Powered-By: Express
{"errors":[{"code":"entity_already_exists","message":"Unable to create new user. The resource you are trying to create already exists"}],"timestamp":"2020-09-15T02:38:19.413Z"}

21:38:18.986 [ForkJoinPool-1-worker-2] DEBUG org.apache.http.wire - http-outgoing-45 << "HTTP/1.1 201 Created[\r][\n]"
21:38:18.986 [ForkJoinPool-1-worker-2] DEBUG org.apache.http.wire - http-outgoing-45 << "Server: Cowboy[\r][\n]"
21:38:18.986 [ForkJoinPool-1-worker-2] DEBUG org.apache.http.wire - http-outgoing-45 << "Connection: keep-alive[\r][\n]"
21:38:18.986 [ForkJoinPool-1-worker-2] DEBUG org.apache.http.wire - http-outgoing-45 << "X-Powered-By: Express[\r][\n]"
21:38:18.986 [ForkJoinPool-1-worker-2] DEBUG org.apache.http.wire - http-outgoing-45 << "Content-Type: application/json; charset=utf-8[\r][\n]"
21:38:18.986 [ForkJoinPool-1-worker-2] DEBUG org.apache.http.wire - http-outgoing-45 << "Content-Length: 15[\r][\n]"
21:38:18.986 [ForkJoinPool-1-worker-2] DEBUG org.apache.http.wire - http-outgoing-45 << "Etag: W/"f-Z+Eo6BAlE+N+87Q+9+y5kuxoGEk"[\r][\n]"
21:38:18.986 [ForkJoinPool-1-worker-2] DEBUG org.apache.http.wire - http-outgoing-45 << "Date: Tue, 15 Sep 2020 02:38:19 GMT[\r][\n]"
21:38:18.986 [ForkJoinPool-1-worker-2] DEBUG org.apache.http.wire - http-outgoing-45 << "Via: 1.1 vegur[\r][\n]"
21:38:18.986 [ForkJoinPool-1-worker-2] DEBUG org.apache.http.wire - http-outgoing-45 << "[\r][\n]"
21:38:18.986 [ForkJoinPool-1-worker-2] DEBUG org.apache.http.wire - http-outgoing-45 << "{"user_id":301}"
21:38:18.986 [ForkJoinPool-1-worker-2] DEBUG org.apache.http.headers - http-outgoing-45 << HTTP/1.1 201 Created
21:38:18.986 [ForkJoinPool-1-worker-2] DEBUG org.apache.http.headers - http-outgoing-45 << Server: Cowboy
21:38:18.986 [ForkJoinPool-1-worker-2] DEBUG org.apache.http.headers - http-outgoing-45 << Connection: keep-alive
21:38:18.986 [ForkJoinPool-1-worker-2] DEBUG org.apache.http.headers - http-outgoing-45 << X-Powered-By: Express
21:38:18.986 [ForkJoinPool-1-worker-2] DEBUG org.apache.http.headers - http-outgoing-45 << Content-Type: application/json; charset=utf-8
21:38:18.986 [ForkJoinPool-1-worker-2] DEBUG org.apache.http.headers - http-outgoing-45 << Content-Length: 15
21:38:18.986 [ForkJoinPool-1-worker-3] DEBUG com.jayway.jsonpath.internal.path.CompiledPath - Evaluating path: $
21:38:18.986 [ForkJoinPool-1-worker-2] DEBUG org.apache.http.headers - http-outgoing-45 << Etag: W/"f-Z+Eo6BAlE+N+87Q+9+y5kuxoGEk"
21:38:18.986 [ForkJoinPool-1-worker-2] DEBUG org.apache.http.headers - http-outgoing-45 << Date: Tue, 15 Sep 2020 02:38:19 GMT
21:38:18.986 [ForkJoinPool-1-worker-2] DEBUG org.apache.http.headers - http-outgoing-45 << Via: 1.1 vegur
21:38:18.986 [ForkJoinPool-1-worker-2] DEBUG org.apache.http.impl.execchain.MainClientExec - Connection can be kept alive indefinitely
21:38:18.986 [ForkJoinPool-1-worker-3] INFO com.intuit.karate - [print] {
  "errors": [
    {
      "code": "entity_already_exists",
      "message": "Unable to create new user. The resource you are trying to create already exists"
    }
  ],
  "timestamp": "2020-09-15T02:38:19.413Z"
}

21:38:18.986 [ForkJoinPool-1-worker-2] DEBUG org.apache.http.impl.conn.PoolingHttpClientConnectionManager - Connection [id: 45][route: {s}->https://nodejs-qa-training.herokuapp.com:443] can be kept alive indefinitely
21:38:18.986 [ForkJoinPool-1-worker-2] DEBUG org.apache.http.impl.conn.DefaultManagedHttpClientConnection - http-outgoing-45: set socket timeout to 0
21:38:18.986 [ForkJoinPool-1-worker-2] DEBUG org.apache.http.impl.conn.PoolingHttpClientConnectionManager - Connection released: [id: 45][route: {s}->https://nodejs-qa-training.herokuapp.com:443][total available: 1; route allocated: 1 of 5; total allocated: 1 of 10]
21:38:18.986 [ForkJoinPool-1-worker-2] DEBUG com.intuit.karate - response time in milliseconds: 849,07
1 < 201
1 < Connection: keep-alive
1 < Content-Length: 15
1 < Content-Type: application/json; charset=utf-8
1 < Date: Tue, 15 Sep 2020 02:38:19 GMT
1 < Etag: W/"f-Z+Eo6BAlE+N+87Q+9+y5kuxoGEk"
1 < Server: Cowboy
1 < Via: 1.1 vegur
1 < X-Powered-By: Express
{"user_id":301}

21:38:18.986 [ForkJoinPool-1-worker-2] ERROR com.intuit.karate - status code was: 201, expected: 422, response time: 849, url: https://nodejs-qa-training.herokuapp.com/users, response: {"user_id":301}
21:38:19.001 [ForkJoinPool-1-worker-3] DEBUG com.jayway.jsonpath.internal.path.CompiledPath - Evaluating path: $
21:38:19.001 [ForkJoinPool-1-worker-3] DEBUG com.jayway.jsonpath.internal.path.CompiledPath - Evaluating path: $
21:38:19.001 [ForkJoinPool-1-worker-3] DEBUG com.jayway.jsonpath.internal.path.CompiledPath - Evaluating path: $
21:38:19.017 [ForkJoinPool-1-worker-3] DEBUG com.jayway.jsonpath.internal.path.CompiledPath - Evaluating path: $['errors'][0]['message']
21:38:19.053 [pool-1-thread-3] INFO com.intuit.karate.Runner - <<fail>> feature 8 of 8: src/test/resources/feature/registrar_usuario.feature
---------------------------------------------------------
feature: src/test/resources/feature/registrar_usuario.feature
report: target\reporte\src.test.resources.feature.registrar_usuario.json
scenarios:  5 | passed:  3 | failed:  2 | time: 3,8088
---------------------------------------------------------
Karate version: 0.9.5
======================================================
elapsed:  15,52 | threads:    3 | thread time: 43,12 
features:     7 | ignored:    1 | efficiency: 0,93
scenarios:   23 | passed:    21 | failed: 2
======================================================
failed features:
src.test.resources.feature.registrar_usuario: [2.2:55] registrar_usuario.feature:47 - status code was: 201, expected: 422, response time: 820, url: https://nodejs-qa-training.herokuapp.com/users, response: {"user_id":300}
[2.3:56] registrar_usuario.feature:47 - status code was: 201, expected: 422, response time: 849, url: https://nodejs-qa-training.herokuapp.com/users, response: {"user_id":301}

21:38:19.824 [Test worker] DEBUG org.apache.velocity - CommonsLogLogChute name is 'org.apache.velocity'
21:38:19.824 [Test worker] DEBUG org.apache.velocity - Initializing Velocity, Calling init()...
21:38:19.824 [Test worker] DEBUG org.apache.velocity - Starting Apache Velocity v1.7 (compiled: 2010-11-19 12:14:37)
21:38:19.824 [Test worker] DEBUG org.apache.velocity - Default Properties File: org\apache\velocity\runtime\defaults\velocity.properties
21:38:19.824 [Test worker] DEBUG org.apache.velocity - Trying to use logger class org.apache.velocity.runtime.log.AvalonLogChute
21:38:19.824 [Test worker] DEBUG org.apache.velocity - Target log system for org.apache.velocity.runtime.log.AvalonLogChute is not available (java.lang.NoClassDefFoundError: org/apache/log/format/Formatter).  Falling back to next log system...
21:38:19.824 [Test worker] DEBUG org.apache.velocity - Trying to use logger class org.apache.velocity.runtime.log.Log4JLogChute
21:38:19.824 [Test worker] DEBUG org.apache.velocity - Target log system for org.apache.velocity.runtime.log.Log4JLogChute is not available (java.lang.NoClassDefFoundError: org/apache/log4j/Priority).  Falling back to next log system...
21:38:19.824 [Test worker] DEBUG org.apache.velocity - Trying to use logger class org.apache.velocity.runtime.log.CommonsLogLogChute
21:38:19.824 [Test worker] DEBUG org.apache.velocity - Using logger class org.apache.velocity.runtime.log.CommonsLogLogChute
21:38:19.824 [Test worker] DEBUG org.apache.velocity - ResourceLoader instantiated: org.apache.velocity.runtime.resource.loader.ClasspathResourceLoader
21:38:19.824 [Test worker] DEBUG org.apache.velocity - ResourceCache: initialized (class org.apache.velocity.runtime.resource.ResourceCacheImpl) with class java.util.Collections$SynchronizedMap cache map.
21:38:19.840 [Test worker] DEBUG org.apache.velocity - Loaded System Directive: org.apache.velocity.runtime.directive.Stop
21:38:19.840 [Test worker] DEBUG org.apache.velocity - Loaded System Directive: org.apache.velocity.runtime.directive.Define
21:38:19.840 [Test worker] DEBUG org.apache.velocity - Loaded System Directive: org.apache.velocity.runtime.directive.Break
21:38:19.840 [Test worker] DEBUG org.apache.velocity - Loaded System Directive: org.apache.velocity.runtime.directive.Evaluate
21:38:19.840 [Test worker] DEBUG org.apache.velocity - Loaded System Directive: org.apache.velocity.runtime.directive.Literal
21:38:19.840 [Test worker] DEBUG org.apache.velocity - Loaded System Directive: org.apache.velocity.runtime.directive.Macro
21:38:19.840 [Test worker] DEBUG org.apache.velocity - Loaded System Directive: org.apache.velocity.runtime.directive.Parse
21:38:19.840 [Test worker] DEBUG org.apache.velocity - Loaded System Directive: org.apache.velocity.runtime.directive.Include
21:38:19.840 [Test worker] DEBUG org.apache.velocity - Loaded System Directive: org.apache.velocity.runtime.directive.Foreach
21:38:19.887 [Test worker] DEBUG org.apache.velocity - Created '20' parsers.
21:38:19.887 [Test worker] DEBUG org.apache.velocity - Velocimacro : "velocimacro.library" is not set.  Trying default library: VM_global_library.vm
21:38:19.887 [Test worker] DEBUG org.apache.velocity - Could not load resource 'VM_global_library.vm' from ResourceLoader org.apache.velocity.runtime.resource.loader.ClasspathResourceLoader: ClasspathResourceLoader Error: cannot find resource VM_global_library.vm
21:38:19.887 [Test worker] DEBUG org.apache.velocity - Velocimacro : Default library not found.
21:38:19.887 [Test worker] DEBUG org.apache.velocity - Velocimacro : allowInline = true : VMs can be defined inline in templates
21:38:19.897 [Test worker] DEBUG org.apache.velocity - Velocimacro : allowInlineToOverride = false : VMs defined inline may NOT replace previous VM definitions
21:38:19.898 [Test worker] DEBUG org.apache.velocity - Velocimacro : allowInlineLocal = false : VMs defined inline will be global in scope if allowed.
21:38:19.898 [Test worker] DEBUG org.apache.velocity - Velocimacro : autoload off : VM system will not automatically reload global library macros
21:38:20.056 [Finalizer] DEBUG org.apache.http.impl.conn.PoolingHttpClientConnectionManager - Connection manager is shutting down
21:38:20.056 [Finalizer] DEBUG org.apache.http.impl.conn.DefaultManagedHttpClientConnection - http-outgoing-44: Close connection
21:38:20.057 [Finalizer] DEBUG org.apache.http.impl.conn.PoolingHttpClientConnectionManager - Connection manager shut down
21:38:20.057 [Finalizer] DEBUG org.apache.http.impl.conn.PoolingHttpClientConnectionManager - Connection manager is shutting down
21:38:20.057 [Finalizer] DEBUG org.apache.http.impl.conn.DefaultManagedHttpClientConnection - http-outgoing-45: Close connection
21:38:20.058 [Finalizer] DEBUG org.apache.http.impl.conn.PoolingHttpClientConnectionManager - Connection manager shut down
21:38:20.058 [Finalizer] DEBUG org.apache.http.impl.conn.PoolingHttpClientConnectionManager - Connection manager is shutting down
21:38:20.058 [Finalizer] DEBUG org.apache.http.impl.conn.DefaultManagedHttpClientConnection - http-outgoing-46: Close connection
21:38:20.058 [Finalizer] DEBUG org.apache.http.impl.conn.PoolingHttpClientConnectionManager - Connection manager shut down
21:38:20.060 [Finalizer] DEBUG org.apache.http.impl.conn.PoolingHttpClientConnectionManager - Connection manager is shutting down
21:38:20.060 [Finalizer] DEBUG org.apache.http.impl.conn.DefaultManagedHttpClientConnection - http-outgoing-1: Close connection
21:38:20.060 [Finalizer] DEBUG org.apache.http.impl.conn.PoolingHttpClientConnectionManager - Connection manager shut down
21:38:20.060 [Finalizer] DEBUG org.apache.http.impl.conn.PoolingHttpClientConnectionManager - Connection manager is shutting down
21:38:20.060 [Finalizer] DEBUG org.apache.http.impl.conn.DefaultManagedHttpClientConnection - http-outgoing-0: Close connection
21:38:20.060 [Finalizer] DEBUG org.apache.http.impl.conn.PoolingHttpClientConnectionManager - Connection manager shut down
21:38:20.157 [Test worker] DEBUG org.apache.velocity - CommonsLogLogChute name is 'org.apache.velocity'
21:38:20.157 [Test worker] DEBUG org.apache.velocity - Initializing Velocity, Calling init()...
21:38:20.157 [Test worker] DEBUG org.apache.velocity - Starting Apache Velocity v1.7 (compiled: 2010-11-19 12:14:37)
21:38:20.157 [Test worker] DEBUG org.apache.velocity - Default Properties File: org\apache\velocity\runtime\defaults\velocity.properties
21:38:20.157 [Test worker] DEBUG org.apache.velocity - Trying to use logger class org.apache.velocity.runtime.log.AvalonLogChute
21:38:20.157 [Test worker] DEBUG org.apache.velocity - Target log system for org.apache.velocity.runtime.log.AvalonLogChute is not available (java.lang.NoClassDefFoundError: org/apache/log/format/Formatter).  Falling back to next log system...
21:38:20.157 [Test worker] DEBUG org.apache.velocity - Trying to use logger class org.apache.velocity.runtime.log.Log4JLogChute
21:38:20.157 [Test worker] DEBUG org.apache.velocity - Target log system for org.apache.velocity.runtime.log.Log4JLogChute is not available (java.lang.NoClassDefFoundError: org/apache/log4j/Priority).  Falling back to next log system...
21:38:20.157 [Test worker] DEBUG org.apache.velocity - Trying to use logger class org.apache.velocity.runtime.log.CommonsLogLogChute
21:38:20.157 [Test worker] DEBUG org.apache.velocity - Using logger class org.apache.velocity.runtime.log.CommonsLogLogChute
21:38:20.158 [Test worker] DEBUG org.apache.velocity - ResourceLoader instantiated: org.apache.velocity.runtime.resource.loader.ClasspathResourceLoader
21:38:20.158 [Test worker] DEBUG org.apache.velocity - ResourceCache: initialized (class org.apache.velocity.runtime.resource.ResourceCacheImpl) with class java.util.Collections$SynchronizedMap cache map.
21:38:20.158 [Test worker] DEBUG org.apache.velocity - Loaded System Directive: org.apache.velocity.runtime.directive.Stop
21:38:20.158 [Test worker] DEBUG org.apache.velocity - Loaded System Directive: org.apache.velocity.runtime.directive.Define
21:38:20.158 [Test worker] DEBUG org.apache.velocity - Loaded System Directive: org.apache.velocity.runtime.directive.Break
21:38:20.158 [Test worker] DEBUG org.apache.velocity - Loaded System Directive: org.apache.velocity.runtime.directive.Evaluate
21:38:20.158 [Test worker] DEBUG org.apache.velocity - Loaded System Directive: org.apache.velocity.runtime.directive.Literal
21:38:20.158 [Test worker] DEBUG org.apache.velocity - Loaded System Directive: org.apache.velocity.runtime.directive.Macro
21:38:20.158 [Test worker] DEBUG org.apache.velocity - Loaded System Directive: org.apache.velocity.runtime.directive.Parse
21:38:20.158 [Test worker] DEBUG org.apache.velocity - Loaded System Directive: org.apache.velocity.runtime.directive.Include
21:38:20.158 [Test worker] DEBUG org.apache.velocity - Loaded System Directive: org.apache.velocity.runtime.directive.Foreach
21:38:20.159 [Test worker] DEBUG org.apache.velocity - Created '20' parsers.
21:38:20.159 [Test worker] DEBUG org.apache.velocity - Velocimacro : "velocimacro.library" is not set.  Trying default library: VM_global_library.vm
21:38:20.160 [Test worker] DEBUG org.apache.velocity - Could not load resource 'VM_global_library.vm' from ResourceLoader org.apache.velocity.runtime.resource.loader.ClasspathResourceLoader: ClasspathResourceLoader Error: cannot find resource VM_global_library.vm
21:38:20.160 [Test worker] DEBUG org.apache.velocity - Velocimacro : Default library not found.
21:38:20.160 [Test worker] DEBUG org.apache.velocity - Velocimacro : allowInline = true : VMs can be defined inline in templates
21:38:20.160 [Test worker] DEBUG org.apache.velocity - Velocimacro : allowInlineToOverride = false : VMs defined inline may NOT replace previous VM definitions
21:38:20.160 [Test worker] DEBUG org.apache.velocity - Velocimacro : allowInlineLocal = false : VMs defined inline will be global in scope if allowed.
21:38:20.160 [Test worker] DEBUG org.apache.velocity - Velocimacro : autoload off : VM system will not automatically reload global library macros
21:38:20.163 [Test worker] DEBUG org.apache.velocity - CommonsLogLogChute name is 'org.apache.velocity'
21:38:20.163 [Test worker] DEBUG org.apache.velocity - Initializing Velocity, Calling init()...
21:38:20.163 [Test worker] DEBUG org.apache.velocity - Starting Apache Velocity v1.7 (compiled: 2010-11-19 12:14:37)
21:38:20.163 [Test worker] DEBUG org.apache.velocity - Default Properties File: org\apache\velocity\runtime\defaults\velocity.properties
21:38:20.163 [Test worker] DEBUG org.apache.velocity - Trying to use logger class org.apache.velocity.runtime.log.AvalonLogChute
21:38:20.163 [Test worker] DEBUG org.apache.velocity - Target log system for org.apache.velocity.runtime.log.AvalonLogChute is not available (java.lang.NoClassDefFoundError: org/apache/log/format/Formatter).  Falling back to next log system...
21:38:20.163 [Test worker] DEBUG org.apache.velocity - Trying to use logger class org.apache.velocity.runtime.log.Log4JLogChute
21:38:20.163 [Test worker] DEBUG org.apache.velocity - Target log system for org.apache.velocity.runtime.log.Log4JLogChute is not available (java.lang.NoClassDefFoundError: org/apache/log4j/Priority).  Falling back to next log system...
21:38:20.163 [Test worker] DEBUG org.apache.velocity - Trying to use logger class org.apache.velocity.runtime.log.CommonsLogLogChute
21:38:20.163 [Test worker] DEBUG org.apache.velocity - Using logger class org.apache.velocity.runtime.log.CommonsLogLogChute
21:38:20.163 [Test worker] DEBUG org.apache.velocity - ResourceLoader instantiated: org.apache.velocity.runtime.resource.loader.ClasspathResourceLoader
21:38:20.163 [Test worker] DEBUG org.apache.velocity - ResourceCache: initialized (class org.apache.velocity.runtime.resource.ResourceCacheImpl) with class java.util.Collections$SynchronizedMap cache map.
21:38:20.165 [Test worker] DEBUG org.apache.velocity - Loaded System Directive: org.apache.velocity.runtime.directive.Stop
21:38:20.165 [Test worker] DEBUG org.apache.velocity - Loaded System Directive: org.apache.velocity.runtime.directive.Define
21:38:20.166 [Test worker] DEBUG org.apache.velocity - Loaded System Directive: org.apache.velocity.runtime.directive.Break
21:38:20.166 [Test worker] DEBUG org.apache.velocity - Loaded System Directive: org.apache.velocity.runtime.directive.Evaluate
21:38:20.166 [Test worker] DEBUG org.apache.velocity - Loaded System Directive: org.apache.velocity.runtime.directive.Literal
21:38:20.166 [Test worker] DEBUG org.apache.velocity - Loaded System Directive: org.apache.velocity.runtime.directive.Macro
21:38:20.166 [Test worker] DEBUG org.apache.velocity - Loaded System Directive: org.apache.velocity.runtime.directive.Parse
21:38:20.166 [Test worker] DEBUG org.apache.velocity - Loaded System Directive: org.apache.velocity.runtime.directive.Include
21:38:20.166 [Test worker] DEBUG org.apache.velocity - Loaded System Directive: org.apache.velocity.runtime.directive.Foreach
21:38:20.167 [Test worker] DEBUG org.apache.velocity - Created '20' parsers.
21:38:20.167 [Test worker] DEBUG org.apache.velocity - Velocimacro : "velocimacro.library" is not set.  Trying default library: VM_global_library.vm
21:38:20.168 [Test worker] DEBUG org.apache.velocity - Could not load resource 'VM_global_library.vm' from ResourceLoader org.apache.velocity.runtime.resource.loader.ClasspathResourceLoader: ClasspathResourceLoader Error: cannot find resource VM_global_library.vm
21:38:20.168 [Test worker] DEBUG org.apache.velocity - Velocimacro : Default library not found.
21:38:20.168 [Test worker] DEBUG org.apache.velocity - Velocimacro : allowInline = true : VMs can be defined inline in templates
21:38:20.168 [Test worker] DEBUG org.apache.velocity - Velocimacro : allowInlineToOverride = false : VMs defined inline may NOT replace previous VM definitions
21:38:20.168 [Test worker] DEBUG org.apache.velocity - Velocimacro : allowInlineLocal = false : VMs defined inline will be global in scope if allowed.
21:38:20.168 [Test worker] DEBUG org.apache.velocity - Velocimacro : autoload off : VM system will not automatically reload global library macros
21:38:20.188 [Test worker] DEBUG org.apache.velocity - CommonsLogLogChute name is 'org.apache.velocity'
21:38:20.188 [Test worker] DEBUG org.apache.velocity - Initializing Velocity, Calling init()...
21:38:20.188 [Test worker] DEBUG org.apache.velocity - Starting Apache Velocity v1.7 (compiled: 2010-11-19 12:14:37)
21:38:20.188 [Test worker] DEBUG org.apache.velocity - Default Properties File: org\apache\velocity\runtime\defaults\velocity.properties
21:38:20.188 [Test worker] DEBUG org.apache.velocity - Trying to use logger class org.apache.velocity.runtime.log.AvalonLogChute
21:38:20.188 [Test worker] DEBUG org.apache.velocity - Target log system for org.apache.velocity.runtime.log.AvalonLogChute is not available (java.lang.NoClassDefFoundError: org/apache/log/format/Formatter).  Falling back to next log system...
21:38:20.188 [Test worker] DEBUG org.apache.velocity - Trying to use logger class org.apache.velocity.runtime.log.Log4JLogChute
21:38:20.188 [Test worker] DEBUG org.apache.velocity - Target log system for org.apache.velocity.runtime.log.Log4JLogChute is not available (java.lang.NoClassDefFoundError: org/apache/log4j/Priority).  Falling back to next log system...
21:38:20.188 [Test worker] DEBUG org.apache.velocity - Trying to use logger class org.apache.velocity.runtime.log.CommonsLogLogChute
21:38:20.188 [Test worker] DEBUG org.apache.velocity - Using logger class org.apache.velocity.runtime.log.CommonsLogLogChute
21:38:20.188 [Test worker] DEBUG org.apache.velocity - ResourceLoader instantiated: org.apache.velocity.runtime.resource.loader.ClasspathResourceLoader
21:38:20.189 [Test worker] DEBUG org.apache.velocity - ResourceCache: initialized (class org.apache.velocity.runtime.resource.ResourceCacheImpl) with class java.util.Collections$SynchronizedMap cache map.
21:38:20.189 [Test worker] DEBUG org.apache.velocity - Loaded System Directive: org.apache.velocity.runtime.directive.Stop
21:38:20.189 [Test worker] DEBUG org.apache.velocity - Loaded System Directive: org.apache.velocity.runtime.directive.Define
21:38:20.190 [Test worker] DEBUG org.apache.velocity - Loaded System Directive: org.apache.velocity.runtime.directive.Break
21:38:20.190 [Test worker] DEBUG org.apache.velocity - Loaded System Directive: org.apache.velocity.runtime.directive.Evaluate
21:38:20.190 [Test worker] DEBUG org.apache.velocity - Loaded System Directive: org.apache.velocity.runtime.directive.Literal
21:38:20.190 [Test worker] DEBUG org.apache.velocity - Loaded System Directive: org.apache.velocity.runtime.directive.Macro
21:38:20.190 [Test worker] DEBUG org.apache.velocity - Loaded System Directive: org.apache.velocity.runtime.directive.Parse
21:38:20.190 [Test worker] DEBUG org.apache.velocity - Loaded System Directive: org.apache.velocity.runtime.directive.Include
21:38:20.190 [Test worker] DEBUG org.apache.velocity - Loaded System Directive: org.apache.velocity.runtime.directive.Foreach
21:38:20.193 [Test worker] DEBUG org.apache.velocity - Created '20' parsers.
21:38:20.193 [Test worker] DEBUG org.apache.velocity - Velocimacro : "velocimacro.library" is not set.  Trying default library: VM_global_library.vm
21:38:20.194 [Test worker] DEBUG org.apache.velocity - Could not load resource 'VM_global_library.vm' from ResourceLoader org.apache.velocity.runtime.resource.loader.ClasspathResourceLoader: ClasspathResourceLoader Error: cannot find resource VM_global_library.vm
21:38:20.194 [Test worker] DEBUG org.apache.velocity - Velocimacro : Default library not found.
21:38:20.194 [Test worker] DEBUG org.apache.velocity - Velocimacro : allowInline = true : VMs can be defined inline in templates
21:38:20.194 [Test worker] DEBUG org.apache.velocity - Velocimacro : allowInlineToOverride = false : VMs defined inline may NOT replace previous VM definitions
21:38:20.194 [Test worker] DEBUG org.apache.velocity - Velocimacro : allowInlineLocal = false : VMs defined inline will be global in scope if allowed.
21:38:20.194 [Test worker] DEBUG org.apache.velocity - Velocimacro : autoload off : VM system will not automatically reload global library macros
21:38:20.204 [Test worker] DEBUG org.apache.velocity - CommonsLogLogChute name is 'org.apache.velocity'
21:38:20.204 [Test worker] DEBUG org.apache.velocity - Initializing Velocity, Calling init()...
21:38:20.206 [Test worker] DEBUG org.apache.velocity - Starting Apache Velocity v1.7 (compiled: 2010-11-19 12:14:37)
21:38:20.208 [Test worker] DEBUG org.apache.velocity - Default Properties File: org\apache\velocity\runtime\defaults\velocity.properties
21:38:20.208 [Test worker] DEBUG org.apache.velocity - Trying to use logger class org.apache.velocity.runtime.log.AvalonLogChute
21:38:20.208 [Test worker] DEBUG org.apache.velocity - Target log system for org.apache.velocity.runtime.log.AvalonLogChute is not available (java.lang.NoClassDefFoundError: org/apache/log/format/Formatter).  Falling back to next log system...
21:38:20.208 [Test worker] DEBUG org.apache.velocity - Trying to use logger class org.apache.velocity.runtime.log.Log4JLogChute
21:38:20.209 [Test worker] DEBUG org.apache.velocity - Target log system for org.apache.velocity.runtime.log.Log4JLogChute is not available (java.lang.NoClassDefFoundError: org/apache/log4j/Priority).  Falling back to next log system...
21:38:20.209 [Test worker] DEBUG org.apache.velocity - Trying to use logger class org.apache.velocity.runtime.log.CommonsLogLogChute
21:38:20.209 [Test worker] DEBUG org.apache.velocity - Using logger class org.apache.velocity.runtime.log.CommonsLogLogChute
21:38:20.210 [Test worker] DEBUG org.apache.velocity - ResourceLoader instantiated: org.apache.velocity.runtime.resource.loader.ClasspathResourceLoader
21:38:20.210 [Test worker] DEBUG org.apache.velocity - ResourceCache: initialized (class org.apache.velocity.runtime.resource.ResourceCacheImpl) with class java.util.Collections$SynchronizedMap cache map.
21:38:20.210 [Test worker] DEBUG org.apache.velocity - Loaded System Directive: org.apache.velocity.runtime.directive.Stop
21:38:20.211 [Test worker] DEBUG org.apache.velocity - Loaded System Directive: org.apache.velocity.runtime.directive.Define
21:38:20.211 [Test worker] DEBUG org.apache.velocity - Loaded System Directive: org.apache.velocity.runtime.directive.Break
21:38:20.211 [Test worker] DEBUG org.apache.velocity - Loaded System Directive: org.apache.velocity.runtime.directive.Evaluate
21:38:20.211 [Test worker] DEBUG org.apache.velocity - Loaded System Directive: org.apache.velocity.runtime.directive.Literal
21:38:20.211 [Test worker] DEBUG org.apache.velocity - Loaded System Directive: org.apache.velocity.runtime.directive.Macro
21:38:20.211 [Test worker] DEBUG org.apache.velocity - Loaded System Directive: org.apache.velocity.runtime.directive.Parse
21:38:20.211 [Test worker] DEBUG org.apache.velocity - Loaded System Directive: org.apache.velocity.runtime.directive.Include
21:38:20.211 [Test worker] DEBUG org.apache.velocity - Loaded System Directive: org.apache.velocity.runtime.directive.Foreach
21:38:20.212 [Test worker] DEBUG org.apache.velocity - Created '20' parsers.
21:38:20.212 [Test worker] DEBUG org.apache.velocity - Velocimacro : "velocimacro.library" is not set.  Trying default library: VM_global_library.vm
21:38:20.213 [Test worker] DEBUG org.apache.velocity - Could not load resource 'VM_global_library.vm' from ResourceLoader org.apache.velocity.runtime.resource.loader.ClasspathResourceLoader: ClasspathResourceLoader Error: cannot find resource VM_global_library.vm
21:38:20.213 [Test worker] DEBUG org.apache.velocity - Velocimacro : Default library not found.
21:38:20.218 [Test worker] DEBUG org.apache.velocity - Velocimacro : allowInline = true : VMs can be defined inline in templates
21:38:20.219 [Test worker] DEBUG org.apache.velocity - Velocimacro : allowInlineToOverride = false : VMs defined inline may NOT replace previous VM definitions
21:38:20.221 [Test worker] DEBUG org.apache.velocity - Velocimacro : allowInlineLocal = false : VMs defined inline will be global in scope if allowed.
21:38:20.221 [Test worker] DEBUG org.apache.velocity - Velocimacro : autoload off : VM system will not automatically reload global library macros
21:38:20.224 [Test worker] DEBUG org.apache.velocity - CommonsLogLogChute name is 'org.apache.velocity'
21:38:20.224 [Test worker] DEBUG org.apache.velocity - Initializing Velocity, Calling init()...
21:38:20.224 [Test worker] DEBUG org.apache.velocity - Starting Apache Velocity v1.7 (compiled: 2010-11-19 12:14:37)
21:38:20.224 [Test worker] DEBUG org.apache.velocity - Default Properties File: org\apache\velocity\runtime\defaults\velocity.properties
21:38:20.224 [Test worker] DEBUG org.apache.velocity - Trying to use logger class org.apache.velocity.runtime.log.AvalonLogChute
21:38:20.224 [Test worker] DEBUG org.apache.velocity - Target log system for org.apache.velocity.runtime.log.AvalonLogChute is not available (java.lang.NoClassDefFoundError: org/apache/log/format/Formatter).  Falling back to next log system...
21:38:20.224 [Test worker] DEBUG org.apache.velocity - Trying to use logger class org.apache.velocity.runtime.log.Log4JLogChute
21:38:20.224 [Test worker] DEBUG org.apache.velocity - Target log system for org.apache.velocity.runtime.log.Log4JLogChute is not available (java.lang.NoClassDefFoundError: org/apache/log4j/Priority).  Falling back to next log system...
21:38:20.224 [Test worker] DEBUG org.apache.velocity - Trying to use logger class org.apache.velocity.runtime.log.CommonsLogLogChute
21:38:20.224 [Test worker] DEBUG org.apache.velocity - Using logger class org.apache.velocity.runtime.log.CommonsLogLogChute
21:38:20.224 [Test worker] DEBUG org.apache.velocity - ResourceLoader instantiated: org.apache.velocity.runtime.resource.loader.ClasspathResourceLoader
21:38:20.224 [Test worker] DEBUG org.apache.velocity - ResourceCache: initialized (class org.apache.velocity.runtime.resource.ResourceCacheImpl) with class java.util.Collections$SynchronizedMap cache map.
21:38:20.227 [Test worker] DEBUG org.apache.velocity - Loaded System Directive: org.apache.velocity.runtime.directive.Stop
21:38:20.227 [Test worker] DEBUG org.apache.velocity - Loaded System Directive: org.apache.velocity.runtime.directive.Define
21:38:20.227 [Test worker] DEBUG org.apache.velocity - Loaded System Directive: org.apache.velocity.runtime.directive.Break
21:38:20.227 [Test worker] DEBUG org.apache.velocity - Loaded System Directive: org.apache.velocity.runtime.directive.Evaluate
21:38:20.227 [Test worker] DEBUG org.apache.velocity - Loaded System Directive: org.apache.velocity.runtime.directive.Literal
21:38:20.227 [Test worker] DEBUG org.apache.velocity - Loaded System Directive: org.apache.velocity.runtime.directive.Macro
21:38:20.227 [Test worker] DEBUG org.apache.velocity - Loaded System Directive: org.apache.velocity.runtime.directive.Parse
21:38:20.227 [Test worker] DEBUG org.apache.velocity - Loaded System Directive: org.apache.velocity.runtime.directive.Include
21:38:20.227 [Test worker] DEBUG org.apache.velocity - Loaded System Directive: org.apache.velocity.runtime.directive.Foreach
21:38:20.228 [Test worker] DEBUG org.apache.velocity - Created '20' parsers.
21:38:20.228 [Test worker] DEBUG org.apache.velocity - Velocimacro : "velocimacro.library" is not set.  Trying default library: VM_global_library.vm
21:38:20.229 [Test worker] DEBUG org.apache.velocity - Could not load resource 'VM_global_library.vm' from ResourceLoader org.apache.velocity.runtime.resource.loader.ClasspathResourceLoader: ClasspathResourceLoader Error: cannot find resource VM_global_library.vm
21:38:20.229 [Test worker] DEBUG org.apache.velocity - Velocimacro : Default library not found.
21:38:20.229 [Test worker] DEBUG org.apache.velocity - Velocimacro : allowInline = true : VMs can be defined inline in templates
21:38:20.229 [Test worker] DEBUG org.apache.velocity - Velocimacro : allowInlineToOverride = false : VMs defined inline may NOT replace previous VM definitions
21:38:20.229 [Test worker] DEBUG org.apache.velocity - Velocimacro : allowInlineLocal = false : VMs defined inline will be global in scope if allowed.
21:38:20.229 [Test worker] DEBUG org.apache.velocity - Velocimacro : autoload off : VM system will not automatically reload global library macros
21:38:20.234 [Test worker] DEBUG org.apache.velocity - CommonsLogLogChute name is 'org.apache.velocity'
21:38:20.234 [Test worker] DEBUG org.apache.velocity - Initializing Velocity, Calling init()...
21:38:20.234 [Test worker] DEBUG org.apache.velocity - Starting Apache Velocity v1.7 (compiled: 2010-11-19 12:14:37)
21:38:20.234 [Test worker] DEBUG org.apache.velocity - Default Properties File: org\apache\velocity\runtime\defaults\velocity.properties
21:38:20.234 [Test worker] DEBUG org.apache.velocity - Trying to use logger class org.apache.velocity.runtime.log.AvalonLogChute
21:38:20.234 [Test worker] DEBUG org.apache.velocity - Target log system for org.apache.velocity.runtime.log.AvalonLogChute is not available (java.lang.NoClassDefFoundError: org/apache/log/format/Formatter).  Falling back to next log system...
21:38:20.234 [Test worker] DEBUG org.apache.velocity - Trying to use logger class org.apache.velocity.runtime.log.Log4JLogChute
21:38:20.234 [Test worker] DEBUG org.apache.velocity - Target log system for org.apache.velocity.runtime.log.Log4JLogChute is not available (java.lang.NoClassDefFoundError: org/apache/log4j/Priority).  Falling back to next log system...
21:38:20.235 [Test worker] DEBUG org.apache.velocity - Trying to use logger class org.apache.velocity.runtime.log.CommonsLogLogChute
21:38:20.235 [Test worker] DEBUG org.apache.velocity - Using logger class org.apache.velocity.runtime.log.CommonsLogLogChute
21:38:20.235 [Test worker] DEBUG org.apache.velocity - ResourceLoader instantiated: org.apache.velocity.runtime.resource.loader.ClasspathResourceLoader
21:38:20.235 [Test worker] DEBUG org.apache.velocity - ResourceCache: initialized (class org.apache.velocity.runtime.resource.ResourceCacheImpl) with class java.util.Collections$SynchronizedMap cache map.
21:38:20.235 [Test worker] DEBUG org.apache.velocity - Loaded System Directive: org.apache.velocity.runtime.directive.Stop
21:38:20.235 [Test worker] DEBUG org.apache.velocity - Loaded System Directive: org.apache.velocity.runtime.directive.Define
21:38:20.235 [Test worker] DEBUG org.apache.velocity - Loaded System Directive: org.apache.velocity.runtime.directive.Break
21:38:20.235 [Test worker] DEBUG org.apache.velocity - Loaded System Directive: org.apache.velocity.runtime.directive.Evaluate
21:38:20.235 [Test worker] DEBUG org.apache.velocity - Loaded System Directive: org.apache.velocity.runtime.directive.Literal
21:38:20.235 [Test worker] DEBUG org.apache.velocity - Loaded System Directive: org.apache.velocity.runtime.directive.Macro
21:38:20.235 [Test worker] DEBUG org.apache.velocity - Loaded System Directive: org.apache.velocity.runtime.directive.Parse
21:38:20.235 [Test worker] DEBUG org.apache.velocity - Loaded System Directive: org.apache.velocity.runtime.directive.Include
21:38:20.235 [Test worker] DEBUG org.apache.velocity - Loaded System Directive: org.apache.velocity.runtime.directive.Foreach
21:38:20.236 [Test worker] DEBUG org.apache.velocity - Created '20' parsers.
21:38:20.236 [Test worker] DEBUG org.apache.velocity - Velocimacro : "velocimacro.library" is not set.  Trying default library: VM_global_library.vm
21:38:20.237 [Test worker] DEBUG org.apache.velocity - Could not load resource 'VM_global_library.vm' from ResourceLoader org.apache.velocity.runtime.resource.loader.ClasspathResourceLoader: ClasspathResourceLoader Error: cannot find resource VM_global_library.vm
21:38:20.237 [Test worker] DEBUG org.apache.velocity - Velocimacro : Default library not found.
21:38:20.237 [Test worker] DEBUG org.apache.velocity - Velocimacro : allowInline = true : VMs can be defined inline in templates
21:38:20.237 [Test worker] DEBUG org.apache.velocity - Velocimacro : allowInlineToOverride = false : VMs defined inline may NOT replace previous VM definitions
21:38:20.237 [Test worker] DEBUG org.apache.velocity - Velocimacro : allowInlineLocal = false : VMs defined inline will be global in scope if allowed.
21:38:20.237 [Test worker] DEBUG org.apache.velocity - Velocimacro : autoload off : VM system will not automatically reload global library macros
21:38:20.239 [Test worker] DEBUG org.apache.velocity - CommonsLogLogChute name is 'org.apache.velocity'
21:38:20.239 [Test worker] DEBUG org.apache.velocity - Initializing Velocity, Calling init()...
21:38:20.239 [Test worker] DEBUG org.apache.velocity - Starting Apache Velocity v1.7 (compiled: 2010-11-19 12:14:37)
21:38:20.239 [Test worker] DEBUG org.apache.velocity - Default Properties File: org\apache\velocity\runtime\defaults\velocity.properties
21:38:20.239 [Test worker] DEBUG org.apache.velocity - Trying to use logger class org.apache.velocity.runtime.log.AvalonLogChute
21:38:20.239 [Test worker] DEBUG org.apache.velocity - Target log system for org.apache.velocity.runtime.log.AvalonLogChute is not available (java.lang.NoClassDefFoundError: org/apache/log/format/Formatter).  Falling back to next log system...
21:38:20.239 [Test worker] DEBUG org.apache.velocity - Trying to use logger class org.apache.velocity.runtime.log.Log4JLogChute
21:38:20.239 [Test worker] DEBUG org.apache.velocity - Target log system for org.apache.velocity.runtime.log.Log4JLogChute is not available (java.lang.NoClassDefFoundError: org/apache/log4j/Priority).  Falling back to next log system...
21:38:20.239 [Test worker] DEBUG org.apache.velocity - Trying to use logger class org.apache.velocity.runtime.log.CommonsLogLogChute
21:38:20.239 [Test worker] DEBUG org.apache.velocity - Using logger class org.apache.velocity.runtime.log.CommonsLogLogChute
21:38:20.239 [Test worker] DEBUG org.apache.velocity - ResourceLoader instantiated: org.apache.velocity.runtime.resource.loader.ClasspathResourceLoader
21:38:20.239 [Test worker] DEBUG org.apache.velocity - ResourceCache: initialized (class org.apache.velocity.runtime.resource.ResourceCacheImpl) with class java.util.Collections$SynchronizedMap cache map.
21:38:20.240 [Test worker] DEBUG org.apache.velocity - Loaded System Directive: org.apache.velocity.runtime.directive.Stop
21:38:20.240 [Test worker] DEBUG org.apache.velocity - Loaded System Directive: org.apache.velocity.runtime.directive.Define
21:38:20.240 [Test worker] DEBUG org.apache.velocity - Loaded System Directive: org.apache.velocity.runtime.directive.Break
21:38:20.240 [Test worker] DEBUG org.apache.velocity - Loaded System Directive: org.apache.velocity.runtime.directive.Evaluate
21:38:20.240 [Test worker] DEBUG org.apache.velocity - Loaded System Directive: org.apache.velocity.runtime.directive.Literal
21:38:20.240 [Test worker] DEBUG org.apache.velocity - Loaded System Directive: org.apache.velocity.runtime.directive.Macro
21:38:20.240 [Test worker] DEBUG org.apache.velocity - Loaded System Directive: org.apache.velocity.runtime.directive.Parse
21:38:20.240 [Test worker] DEBUG org.apache.velocity - Loaded System Directive: org.apache.velocity.runtime.directive.Include
21:38:20.240 [Test worker] DEBUG org.apache.velocity - Loaded System Directive: org.apache.velocity.runtime.directive.Foreach
21:38:20.241 [Test worker] DEBUG org.apache.velocity - Created '20' parsers.
21:38:20.241 [Test worker] DEBUG org.apache.velocity - Velocimacro : "velocimacro.library" is not set.  Trying default library: VM_global_library.vm
21:38:20.242 [Test worker] DEBUG org.apache.velocity - Could not load resource 'VM_global_library.vm' from ResourceLoader org.apache.velocity.runtime.resource.loader.ClasspathResourceLoader: ClasspathResourceLoader Error: cannot find resource VM_global_library.vm
21:38:20.242 [Test worker] DEBUG org.apache.velocity - Velocimacro : Default library not found.
21:38:20.242 [Test worker] DEBUG org.apache.velocity - Velocimacro : allowInline = true : VMs can be defined inline in templates
21:38:20.242 [Test worker] DEBUG org.apache.velocity - Velocimacro : allowInlineToOverride = false : VMs defined inline may NOT replace previous VM definitions
21:38:20.242 [Test worker] DEBUG org.apache.velocity - Velocimacro : allowInlineLocal = false : VMs defined inline will be global in scope if allowed.
21:38:20.242 [Test worker] DEBUG org.apache.velocity - Velocimacro : autoload off : VM system will not automatically reload global library macros
21:38:20.245 [Test worker] DEBUG org.apache.velocity - CommonsLogLogChute name is 'org.apache.velocity'
21:38:20.245 [Test worker] DEBUG org.apache.velocity - Initializing Velocity, Calling init()...
21:38:20.245 [Test worker] DEBUG org.apache.velocity - Starting Apache Velocity v1.7 (compiled: 2010-11-19 12:14:37)
21:38:20.245 [Test worker] DEBUG org.apache.velocity - Default Properties File: org\apache\velocity\runtime\defaults\velocity.properties
21:38:20.245 [Test worker] DEBUG org.apache.velocity - Trying to use logger class org.apache.velocity.runtime.log.AvalonLogChute
21:38:20.245 [Test worker] DEBUG org.apache.velocity - Target log system for org.apache.velocity.runtime.log.AvalonLogChute is not available (java.lang.NoClassDefFoundError: org/apache/log/format/Formatter).  Falling back to next log system...
21:38:20.245 [Test worker] DEBUG org.apache.velocity - Trying to use logger class org.apache.velocity.runtime.log.Log4JLogChute
21:38:20.245 [Test worker] DEBUG org.apache.velocity - Target log system for org.apache.velocity.runtime.log.Log4JLogChute is not available (java.lang.NoClassDefFoundError: org/apache/log4j/Priority).  Falling back to next log system...
21:38:20.245 [Test worker] DEBUG org.apache.velocity - Trying to use logger class org.apache.velocity.runtime.log.CommonsLogLogChute
21:38:20.245 [Test worker] DEBUG org.apache.velocity - Using logger class org.apache.velocity.runtime.log.CommonsLogLogChute
21:38:20.245 [Test worker] DEBUG org.apache.velocity - ResourceLoader instantiated: org.apache.velocity.runtime.resource.loader.ClasspathResourceLoader
21:38:20.245 [Test worker] DEBUG org.apache.velocity - ResourceCache: initialized (class org.apache.velocity.runtime.resource.ResourceCacheImpl) with class java.util.Collections$SynchronizedMap cache map.
21:38:20.249 [Test worker] DEBUG org.apache.velocity - Loaded System Directive: org.apache.velocity.runtime.directive.Stop
21:38:20.250 [Test worker] DEBUG org.apache.velocity - Loaded System Directive: org.apache.velocity.runtime.directive.Define
21:38:20.250 [Test worker] DEBUG org.apache.velocity - Loaded System Directive: org.apache.velocity.runtime.directive.Break
21:38:20.250 [Test worker] DEBUG org.apache.velocity - Loaded System Directive: org.apache.velocity.runtime.directive.Evaluate
21:38:20.250 [Test worker] DEBUG org.apache.velocity - Loaded System Directive: org.apache.velocity.runtime.directive.Literal
21:38:20.250 [Test worker] DEBUG org.apache.velocity - Loaded System Directive: org.apache.velocity.runtime.directive.Macro
21:38:20.250 [Test worker] DEBUG org.apache.velocity - Loaded System Directive: org.apache.velocity.runtime.directive.Parse
21:38:20.250 [Test worker] DEBUG org.apache.velocity - Loaded System Directive: org.apache.velocity.runtime.directive.Include
21:38:20.250 [Test worker] DEBUG org.apache.velocity - Loaded System Directive: org.apache.velocity.runtime.directive.Foreach
21:38:20.251 [Test worker] DEBUG org.apache.velocity - Created '20' parsers.
21:38:20.251 [Test worker] DEBUG org.apache.velocity - Velocimacro : "velocimacro.library" is not set.  Trying default library: VM_global_library.vm
21:38:20.256 [Test worker] DEBUG org.apache.velocity - Could not load resource 'VM_global_library.vm' from ResourceLoader org.apache.velocity.runtime.resource.loader.ClasspathResourceLoader: ClasspathResourceLoader Error: cannot find resource VM_global_library.vm
21:38:20.256 [Test worker] DEBUG org.apache.velocity - Velocimacro : Default library not found.
21:38:20.256 [Test worker] DEBUG org.apache.velocity - Velocimacro : allowInline = true : VMs can be defined inline in templates
21:38:20.256 [Test worker] DEBUG org.apache.velocity - Velocimacro : allowInlineToOverride = false : VMs defined inline may NOT replace previous VM definitions
21:38:20.256 [Test worker] DEBUG org.apache.velocity - Velocimacro : allowInlineLocal = false : VMs defined inline will be global in scope if allowed.
21:38:20.256 [Test worker] DEBUG org.apache.velocity - Velocimacro : autoload off : VM system will not automatically reload global library macros
21:38:20.259 [Test worker] DEBUG org.apache.velocity - CommonsLogLogChute name is 'org.apache.velocity'
21:38:20.260 [Test worker] DEBUG org.apache.velocity - Initializing Velocity, Calling init()...
21:38:20.260 [Test worker] DEBUG org.apache.velocity - Starting Apache Velocity v1.7 (compiled: 2010-11-19 12:14:37)
21:38:20.260 [Test worker] DEBUG org.apache.velocity - Default Properties File: org\apache\velocity\runtime\defaults\velocity.properties
21:38:20.260 [Test worker] DEBUG org.apache.velocity - Trying to use logger class org.apache.velocity.runtime.log.AvalonLogChute
21:38:20.260 [Test worker] DEBUG org.apache.velocity - Target log system for org.apache.velocity.runtime.log.AvalonLogChute is not available (java.lang.NoClassDefFoundError: org/apache/log/format/Formatter).  Falling back to next log system...
21:38:20.260 [Test worker] DEBUG org.apache.velocity - Trying to use logger class org.apache.velocity.runtime.log.Log4JLogChute
21:38:20.260 [Test worker] DEBUG org.apache.velocity - Target log system for org.apache.velocity.runtime.log.Log4JLogChute is not available (java.lang.NoClassDefFoundError: org/apache/log4j/Priority).  Falling back to next log system...
21:38:20.260 [Test worker] DEBUG org.apache.velocity - Trying to use logger class org.apache.velocity.runtime.log.CommonsLogLogChute
21:38:20.260 [Test worker] DEBUG org.apache.velocity - Using logger class org.apache.velocity.runtime.log.CommonsLogLogChute
21:38:20.260 [Test worker] DEBUG org.apache.velocity - ResourceLoader instantiated: org.apache.velocity.runtime.resource.loader.ClasspathResourceLoader
21:38:20.260 [Test worker] DEBUG org.apache.velocity - ResourceCache: initialized (class org.apache.velocity.runtime.resource.ResourceCacheImpl) with class java.util.Collections$SynchronizedMap cache map.
21:38:20.260 [Test worker] DEBUG org.apache.velocity - Loaded System Directive: org.apache.velocity.runtime.directive.Stop
21:38:20.260 [Test worker] DEBUG org.apache.velocity - Loaded System Directive: org.apache.velocity.runtime.directive.Define
21:38:20.260 [Test worker] DEBUG org.apache.velocity - Loaded System Directive: org.apache.velocity.runtime.directive.Break
21:38:20.260 [Test worker] DEBUG org.apache.velocity - Loaded System Directive: org.apache.velocity.runtime.directive.Evaluate
21:38:20.260 [Test worker] DEBUG org.apache.velocity - Loaded System Directive: org.apache.velocity.runtime.directive.Literal
21:38:20.260 [Test worker] DEBUG org.apache.velocity - Loaded System Directive: org.apache.velocity.runtime.directive.Macro
21:38:20.261 [Test worker] DEBUG org.apache.velocity - Loaded System Directive: org.apache.velocity.runtime.directive.Parse
21:38:20.261 [Test worker] DEBUG org.apache.velocity - Loaded System Directive: org.apache.velocity.runtime.directive.Include
21:38:20.261 [Test worker] DEBUG org.apache.velocity - Loaded System Directive: org.apache.velocity.runtime.directive.Foreach
21:38:20.262 [Test worker] DEBUG org.apache.velocity - Created '20' parsers.
21:38:20.262 [Test worker] DEBUG org.apache.velocity - Velocimacro : "velocimacro.library" is not set.  Trying default library: VM_global_library.vm
21:38:20.262 [Test worker] DEBUG org.apache.velocity - Could not load resource 'VM_global_library.vm' from ResourceLoader org.apache.velocity.runtime.resource.loader.ClasspathResourceLoader: ClasspathResourceLoader Error: cannot find resource VM_global_library.vm
21:38:20.262 [Test worker] DEBUG org.apache.velocity - Velocimacro : Default library not found.
21:38:20.262 [Test worker] DEBUG org.apache.velocity - Velocimacro : allowInline = true : VMs can be defined inline in templates
21:38:20.262 [Test worker] DEBUG org.apache.velocity - Velocimacro : allowInlineToOverride = false : VMs defined inline may NOT replace previous VM definitions
21:38:20.262 [Test worker] DEBUG org.apache.velocity - Velocimacro : allowInlineLocal = false : VMs defined inline will be global in scope if allowed.
21:38:20.262 [Test worker] DEBUG org.apache.velocity - Velocimacro : autoload off : VM system will not automatically reload global library macros
21:38:20.270 [Test worker] DEBUG org.apache.velocity - CommonsLogLogChute name is 'org.apache.velocity'
21:38:20.270 [Test worker] DEBUG org.apache.velocity - Initializing Velocity, Calling init()...
21:38:20.270 [Test worker] DEBUG org.apache.velocity - Starting Apache Velocity v1.7 (compiled: 2010-11-19 12:14:37)
21:38:20.270 [Test worker] DEBUG org.apache.velocity - Default Properties File: org\apache\velocity\runtime\defaults\velocity.properties
21:38:20.270 [Test worker] DEBUG org.apache.velocity - Trying to use logger class org.apache.velocity.runtime.log.AvalonLogChute
21:38:20.270 [Test worker] DEBUG org.apache.velocity - Target log system for org.apache.velocity.runtime.log.AvalonLogChute is not available (java.lang.NoClassDefFoundError: org/apache/log/format/Formatter).  Falling back to next log system...
21:38:20.270 [Test worker] DEBUG org.apache.velocity - Trying to use logger class org.apache.velocity.runtime.log.Log4JLogChute
21:38:20.270 [Test worker] DEBUG org.apache.velocity - Target log system for org.apache.velocity.runtime.log.Log4JLogChute is not available (java.lang.NoClassDefFoundError: org/apache/log4j/Priority).  Falling back to next log system...
21:38:20.270 [Test worker] DEBUG org.apache.velocity - Trying to use logger class org.apache.velocity.runtime.log.CommonsLogLogChute
21:38:20.270 [Test worker] DEBUG org.apache.velocity - Using logger class org.apache.velocity.runtime.log.CommonsLogLogChute
21:38:20.270 [Test worker] DEBUG org.apache.velocity - ResourceLoader instantiated: org.apache.velocity.runtime.resource.loader.ClasspathResourceLoader
21:38:20.270 [Test worker] DEBUG org.apache.velocity - ResourceCache: initialized (class org.apache.velocity.runtime.resource.ResourceCacheImpl) with class java.util.Collections$SynchronizedMap cache map.
21:38:20.271 [Test worker] DEBUG org.apache.velocity - Loaded System Directive: org.apache.velocity.runtime.directive.Stop
21:38:20.271 [Test worker] DEBUG org.apache.velocity - Loaded System Directive: org.apache.velocity.runtime.directive.Define
21:38:20.271 [Test worker] DEBUG org.apache.velocity - Loaded System Directive: org.apache.velocity.runtime.directive.Break
21:38:20.271 [Test worker] DEBUG org.apache.velocity - Loaded System Directive: org.apache.velocity.runtime.directive.Evaluate
21:38:20.271 [Test worker] DEBUG org.apache.velocity - Loaded System Directive: org.apache.velocity.runtime.directive.Literal
21:38:20.271 [Test worker] DEBUG org.apache.velocity - Loaded System Directive: org.apache.velocity.runtime.directive.Macro
21:38:20.271 [Test worker] DEBUG org.apache.velocity - Loaded System Directive: org.apache.velocity.runtime.directive.Parse
21:38:20.271 [Test worker] DEBUG org.apache.velocity - Loaded System Directive: org.apache.velocity.runtime.directive.Include
21:38:20.271 [Test worker] DEBUG org.apache.velocity - Loaded System Directive: org.apache.velocity.runtime.directive.Foreach
21:38:20.271 [Test worker] DEBUG org.apache.velocity - Created '20' parsers.
21:38:20.271 [Test worker] DEBUG org.apache.velocity - Velocimacro : "velocimacro.library" is not set.  Trying default library: VM_global_library.vm
21:38:20.272 [Test worker] DEBUG org.apache.velocity - Could not load resource 'VM_global_library.vm' from ResourceLoader org.apache.velocity.runtime.resource.loader.ClasspathResourceLoader: ClasspathResourceLoader Error: cannot find resource VM_global_library.vm
21:38:20.272 [Test worker] DEBUG org.apache.velocity - Velocimacro : Default library not found.
21:38:20.272 [Test worker] DEBUG org.apache.velocity - Velocimacro : allowInline = true : VMs can be defined inline in templates
21:38:20.272 [Test worker] DEBUG org.apache.velocity - Velocimacro : allowInlineToOverride = false : VMs defined inline may NOT replace previous VM definitions
21:38:20.272 [Test worker] DEBUG org.apache.velocity - Velocimacro : allowInlineLocal = false : VMs defined inline will be global in scope if allowed.
21:38:20.272 [Test worker] DEBUG org.apache.velocity - Velocimacro : autoload off : VM system will not automatically reload global library macros
21:38:20.274 [Test worker] DEBUG org.apache.velocity - CommonsLogLogChute name is 'org.apache.velocity'
21:38:20.275 [Test worker] DEBUG org.apache.velocity - Initializing Velocity, Calling init()...
21:38:20.275 [Test worker] DEBUG org.apache.velocity - Starting Apache Velocity v1.7 (compiled: 2010-11-19 12:14:37)
21:38:20.275 [Test worker] DEBUG org.apache.velocity - Default Properties File: org\apache\velocity\runtime\defaults\velocity.properties
21:38:20.275 [Test worker] DEBUG org.apache.velocity - Trying to use logger class org.apache.velocity.runtime.log.AvalonLogChute
21:38:20.275 [Test worker] DEBUG org.apache.velocity - Target log system for org.apache.velocity.runtime.log.AvalonLogChute is not available (java.lang.NoClassDefFoundError: org/apache/log/format/Formatter).  Falling back to next log system...
21:38:20.275 [Test worker] DEBUG org.apache.velocity - Trying to use logger class org.apache.velocity.runtime.log.Log4JLogChute
21:38:20.275 [Test worker] DEBUG org.apache.velocity - Target log system for org.apache.velocity.runtime.log.Log4JLogChute is not available (java.lang.NoClassDefFoundError: org/apache/log4j/Priority).  Falling back to next log system...
21:38:20.275 [Test worker] DEBUG org.apache.velocity - Trying to use logger class org.apache.velocity.runtime.log.CommonsLogLogChute
21:38:20.275 [Test worker] DEBUG org.apache.velocity - Using logger class org.apache.velocity.runtime.log.CommonsLogLogChute
21:38:20.275 [Test worker] DEBUG org.apache.velocity - ResourceLoader instantiated: org.apache.velocity.runtime.resource.loader.ClasspathResourceLoader
21:38:20.275 [Test worker] DEBUG org.apache.velocity - ResourceCache: initialized (class org.apache.velocity.runtime.resource.ResourceCacheImpl) with class java.util.Collections$SynchronizedMap cache map.
21:38:20.275 [Test worker] DEBUG org.apache.velocity - Loaded System Directive: org.apache.velocity.runtime.directive.Stop
21:38:20.275 [Test worker] DEBUG org.apache.velocity - Loaded System Directive: org.apache.velocity.runtime.directive.Define
21:38:20.275 [Test worker] DEBUG org.apache.velocity - Loaded System Directive: org.apache.velocity.runtime.directive.Break
21:38:20.275 [Test worker] DEBUG org.apache.velocity - Loaded System Directive: org.apache.velocity.runtime.directive.Evaluate
21:38:20.275 [Test worker] DEBUG org.apache.velocity - Loaded System Directive: org.apache.velocity.runtime.directive.Literal
21:38:20.275 [Test worker] DEBUG org.apache.velocity - Loaded System Directive: org.apache.velocity.runtime.directive.Macro
21:38:20.275 [Test worker] DEBUG org.apache.velocity - Loaded System Directive: org.apache.velocity.runtime.directive.Parse
21:38:20.275 [Test worker] DEBUG org.apache.velocity - Loaded System Directive: org.apache.velocity.runtime.directive.Include
21:38:20.275 [Test worker] DEBUG org.apache.velocity - Loaded System Directive: org.apache.velocity.runtime.directive.Foreach
21:38:20.276 [Test worker] DEBUG org.apache.velocity - Created '20' parsers.
21:38:20.276 [Test worker] DEBUG org.apache.velocity - Velocimacro : "velocimacro.library" is not set.  Trying default library: VM_global_library.vm
21:38:20.277 [Test worker] DEBUG org.apache.velocity - Could not load resource 'VM_global_library.vm' from ResourceLoader org.apache.velocity.runtime.resource.loader.ClasspathResourceLoader: ClasspathResourceLoader Error: cannot find resource VM_global_library.vm
21:38:20.277 [Test worker] DEBUG org.apache.velocity - Velocimacro : Default library not found.
21:38:20.277 [Test worker] DEBUG org.apache.velocity - Velocimacro : allowInline = true : VMs can be defined inline in templates
21:38:20.277 [Test worker] DEBUG org.apache.velocity - Velocimacro : allowInlineToOverride = false : VMs defined inline may NOT replace previous VM definitions
21:38:20.277 [Test worker] DEBUG org.apache.velocity - Velocimacro : allowInlineLocal = false : VMs defined inline will be global in scope if allowed.
21:38:20.277 [Test worker] DEBUG org.apache.velocity - Velocimacro : autoload off : VM system will not automatically reload global library macros
21:38:20.282 [Test worker] DEBUG org.apache.velocity - CommonsLogLogChute name is 'org.apache.velocity'
21:38:20.283 [Test worker] DEBUG org.apache.velocity - Initializing Velocity, Calling init()...
21:38:20.283 [Test worker] DEBUG org.apache.velocity - Starting Apache Velocity v1.7 (compiled: 2010-11-19 12:14:37)
21:38:20.283 [Test worker] DEBUG org.apache.velocity - Default Properties File: org\apache\velocity\runtime\defaults\velocity.properties
21:38:20.283 [Test worker] DEBUG org.apache.velocity - Trying to use logger class org.apache.velocity.runtime.log.AvalonLogChute
21:38:20.283 [Test worker] DEBUG org.apache.velocity - Target log system for org.apache.velocity.runtime.log.AvalonLogChute is not available (java.lang.NoClassDefFoundError: org/apache/log/format/Formatter).  Falling back to next log system...
21:38:20.283 [Test worker] DEBUG org.apache.velocity - Trying to use logger class org.apache.velocity.runtime.log.Log4JLogChute
21:38:20.283 [Test worker] DEBUG org.apache.velocity - Target log system for org.apache.velocity.runtime.log.Log4JLogChute is not available (java.lang.NoClassDefFoundError: org/apache/log4j/Priority).  Falling back to next log system...
21:38:20.283 [Test worker] DEBUG org.apache.velocity - Trying to use logger class org.apache.velocity.runtime.log.CommonsLogLogChute
21:38:20.283 [Test worker] DEBUG org.apache.velocity - Using logger class org.apache.velocity.runtime.log.CommonsLogLogChute
21:38:20.283 [Test worker] DEBUG org.apache.velocity - ResourceLoader instantiated: org.apache.velocity.runtime.resource.loader.ClasspathResourceLoader
21:38:20.283 [Test worker] DEBUG org.apache.velocity - ResourceCache: initialized (class org.apache.velocity.runtime.resource.ResourceCacheImpl) with class java.util.Collections$SynchronizedMap cache map.
21:38:20.284 [Test worker] DEBUG org.apache.velocity - Loaded System Directive: org.apache.velocity.runtime.directive.Stop
21:38:20.284 [Test worker] DEBUG org.apache.velocity - Loaded System Directive: org.apache.velocity.runtime.directive.Define
21:38:20.284 [Test worker] DEBUG org.apache.velocity - Loaded System Directive: org.apache.velocity.runtime.directive.Break
21:38:20.284 [Test worker] DEBUG org.apache.velocity - Loaded System Directive: org.apache.velocity.runtime.directive.Evaluate
21:38:20.284 [Test worker] DEBUG org.apache.velocity - Loaded System Directive: org.apache.velocity.runtime.directive.Literal
21:38:20.284 [Test worker] DEBUG org.apache.velocity - Loaded System Directive: org.apache.velocity.runtime.directive.Macro
21:38:20.284 [Test worker] DEBUG org.apache.velocity - Loaded System Directive: org.apache.velocity.runtime.directive.Parse
21:38:20.284 [Test worker] DEBUG org.apache.velocity - Loaded System Directive: org.apache.velocity.runtime.directive.Include
21:38:20.284 [Test worker] DEBUG org.apache.velocity - Loaded System Directive: org.apache.velocity.runtime.directive.Foreach
21:38:20.286 [Test worker] DEBUG org.apache.velocity - Created '20' parsers.
21:38:20.286 [Test worker] DEBUG org.apache.velocity - Velocimacro : "velocimacro.library" is not set.  Trying default library: VM_global_library.vm
21:38:20.287 [Test worker] DEBUG org.apache.velocity - Could not load resource 'VM_global_library.vm' from ResourceLoader org.apache.velocity.runtime.resource.loader.ClasspathResourceLoader: ClasspathResourceLoader Error: cannot find resource VM_global_library.vm
21:38:20.287 [Test worker] DEBUG org.apache.velocity - Velocimacro : Default library not found.
21:38:20.287 [Test worker] DEBUG org.apache.velocity - Velocimacro : allowInline = true : VMs can be defined inline in templates
21:38:20.287 [Test worker] DEBUG org.apache.velocity - Velocimacro : allowInlineToOverride = false : VMs defined inline may NOT replace previous VM definitions
21:38:20.287 [Test worker] DEBUG org.apache.velocity - Velocimacro : allowInlineLocal = false : VMs defined inline will be global in scope if allowed.
21:38:20.287 [Test worker] DEBUG org.apache.velocity - Velocimacro : autoload off : VM system will not automatically reload global library macros
21:38:20.291 [Test worker] DEBUG org.apache.velocity - CommonsLogLogChute name is 'org.apache.velocity'
21:38:20.291 [Test worker] DEBUG org.apache.velocity - Initializing Velocity, Calling init()...
21:38:20.291 [Test worker] DEBUG org.apache.velocity - Starting Apache Velocity v1.7 (compiled: 2010-11-19 12:14:37)
21:38:20.291 [Test worker] DEBUG org.apache.velocity - Default Properties File: org\apache\velocity\runtime\defaults\velocity.properties
21:38:20.291 [Test worker] DEBUG org.apache.velocity - Trying to use logger class org.apache.velocity.runtime.log.AvalonLogChute
21:38:20.291 [Test worker] DEBUG org.apache.velocity - Target log system for org.apache.velocity.runtime.log.AvalonLogChute is not available (java.lang.NoClassDefFoundError: org/apache/log/format/Formatter).  Falling back to next log system...
21:38:20.291 [Test worker] DEBUG org.apache.velocity - Trying to use logger class org.apache.velocity.runtime.log.Log4JLogChute
21:38:20.291 [Test worker] DEBUG org.apache.velocity - Target log system for org.apache.velocity.runtime.log.Log4JLogChute is not available (java.lang.NoClassDefFoundError: org/apache/log4j/Priority).  Falling back to next log system...
21:38:20.291 [Test worker] DEBUG org.apache.velocity - Trying to use logger class org.apache.velocity.runtime.log.CommonsLogLogChute
21:38:20.291 [Test worker] DEBUG org.apache.velocity - Using logger class org.apache.velocity.runtime.log.CommonsLogLogChute
21:38:20.291 [Test worker] DEBUG org.apache.velocity - ResourceLoader instantiated: org.apache.velocity.runtime.resource.loader.ClasspathResourceLoader
21:38:20.291 [Test worker] DEBUG org.apache.velocity - ResourceCache: initialized (class org.apache.velocity.runtime.resource.ResourceCacheImpl) with class java.util.Collections$SynchronizedMap cache map.
21:38:20.292 [Test worker] DEBUG org.apache.velocity - Loaded System Directive: org.apache.velocity.runtime.directive.Stop
21:38:20.292 [Test worker] DEBUG org.apache.velocity - Loaded System Directive: org.apache.velocity.runtime.directive.Define
21:38:20.292 [Test worker] DEBUG org.apache.velocity - Loaded System Directive: org.apache.velocity.runtime.directive.Break
21:38:20.292 [Test worker] DEBUG org.apache.velocity - Loaded System Directive: org.apache.velocity.runtime.directive.Evaluate
21:38:20.292 [Test worker] DEBUG org.apache.velocity - Loaded System Directive: org.apache.velocity.runtime.directive.Literal
21:38:20.292 [Test worker] DEBUG org.apache.velocity - Loaded System Directive: org.apache.velocity.runtime.directive.Macro
21:38:20.292 [Test worker] DEBUG org.apache.velocity - Loaded System Directive: org.apache.velocity.runtime.directive.Parse
21:38:20.292 [Test worker] DEBUG org.apache.velocity - Loaded System Directive: org.apache.velocity.runtime.directive.Include
21:38:20.292 [Test worker] DEBUG org.apache.velocity - Loaded System Directive: org.apache.velocity.runtime.directive.Foreach
21:38:20.293 [Test worker] DEBUG org.apache.velocity - Created '20' parsers.
21:38:20.293 [Test worker] DEBUG org.apache.velocity - Velocimacro : "velocimacro.library" is not set.  Trying default library: VM_global_library.vm
21:38:20.294 [Test worker] DEBUG org.apache.velocity - Could not load resource 'VM_global_library.vm' from ResourceLoader org.apache.velocity.runtime.resource.loader.ClasspathResourceLoader: ClasspathResourceLoader Error: cannot find resource VM_global_library.vm
21:38:20.294 [Test worker] DEBUG org.apache.velocity - Velocimacro : Default library not found.
21:38:20.294 [Test worker] DEBUG org.apache.velocity - Velocimacro : allowInline = true : VMs can be defined inline in templates
21:38:20.294 [Test worker] DEBUG org.apache.velocity - Velocimacro : allowInlineToOverride = false : VMs defined inline may NOT replace previous VM definitions
21:38:20.294 [Test worker] DEBUG org.apache.velocity - Velocimacro : allowInlineLocal = false : VMs defined inline will be global in scope if allowed.
21:38:20.294 [Test worker] DEBUG org.apache.velocity - Velocimacro : autoload off : VM system will not automatically reload global library macros
21:38:20.338 [Test worker] DEBUG org.apache.velocity - ResourceManager : found templates/generators/overviewFeatures.vm with loader org.apache.velocity.runtime.resource.loader.ClasspathResourceLoader
21:38:20.355 [Test worker] DEBUG org.apache.velocity - ResourceManager : found /templates/headers.vm with loader org.apache.velocity.runtime.resource.loader.ClasspathResourceLoader
21:38:20.357 [Test worker] DEBUG org.apache.velocity - ResourceManager : found /templates/head.vm with loader org.apache.velocity.runtime.resource.loader.ClasspathResourceLoader
21:38:20.370 [Test worker] DEBUG org.apache.velocity - Velocimacro : added VM stringArray: source=/templates/macros/array.js.vm
21:38:20.370 [Test worker] DEBUG org.apache.velocity - Velocimacro : added VM numberArray: source=/templates/macros/array.js.vm
21:38:20.370 [Test worker] DEBUG org.apache.velocity - ResourceManager : found /templates/macros/array.js.vm with loader org.apache.velocity.runtime.resource.loader.ClasspathResourceLoader
21:38:20.372 [Test worker] DEBUG org.apache.velocity - Velocimacro : added VM includeBuildInfo: source=/templates/macros/page/buildinfo.vm
21:38:20.372 [Test worker] DEBUG org.apache.velocity - ResourceManager : found /templates/macros/page/buildinfo.vm with loader org.apache.velocity.runtime.resource.loader.ClasspathResourceLoader
21:38:20.374 [Test worker] DEBUG org.apache.velocity - Velocimacro : added VM includeClassifications: source=/templates/macros/page/classifications.vm
21:38:20.374 [Test worker] DEBUG org.apache.velocity - ResourceManager : found /templates/macros/page/classifications.vm with loader org.apache.velocity.runtime.resource.loader.ClasspathResourceLoader
21:38:20.386 [Test worker] DEBUG org.apache.velocity - Velocimacro : added VM includeLead: source=/templates/macros/page/lead.vm
21:38:20.386 [Test worker] DEBUG org.apache.velocity - ResourceManager : found /templates/macros/page/lead.vm with loader org.apache.velocity.runtime.resource.loader.ClasspathResourceLoader
21:38:20.389 [Test worker] DEBUG org.apache.velocity - Velocimacro : added VM includeNavigation: source=/templates/macros/page/navigation.vm
21:38:20.389 [Test worker] DEBUG org.apache.velocity - ResourceManager : found /templates/macros/page/navigation.vm with loader org.apache.velocity.runtime.resource.loader.ClasspathResourceLoader
21:38:20.391 [Test worker] DEBUG org.apache.velocity - Velocimacro : added VM includeReportInfo: source=/templates/macros/page/reportInfo.vm
21:38:20.391 [Test worker] DEBUG org.apache.velocity - ResourceManager : found /templates/macros/page/reportInfo.vm with loader org.apache.velocity.runtime.resource.loader.ClasspathResourceLoader
21:38:20.392 [Test worker] DEBUG org.apache.velocity - Velocimacro : added VM includeTitle: source=/templates/macros/page/title.vm
21:38:20.393 [Test worker] DEBUG org.apache.velocity - ResourceManager : found /templates/macros/page/title.vm with loader org.apache.velocity.runtime.resource.loader.ClasspathResourceLoader
21:38:20.394 [Test worker] DEBUG org.apache.velocity - Velocimacro : added VM includeExpandingButtons: source=/templates/macros/report/expandAllButtons.vm
21:38:20.394 [Test worker] DEBUG org.apache.velocity - ResourceManager : found /templates/macros/report/expandAllButtons.vm with loader org.apache.velocity.runtime.resource.loader.ClasspathResourceLoader
21:38:20.401 [Test worker] DEBUG org.apache.velocity - Velocimacro : added VM includeReportTable: source=/templates/macros/report/reportTable.vm
21:38:20.402 [Test worker] DEBUG org.apache.velocity - ResourceManager : found /templates/macros/report/reportTable.vm with loader org.apache.velocity.runtime.resource.loader.ClasspathResourceLoader
21:38:20.403 [Test worker] DEBUG org.apache.velocity - Velocimacro : added VM includeReportHeader: source=/templates/macros/report/reportHeader.vm
21:38:20.403 [Test worker] DEBUG org.apache.velocity - ResourceManager : found /templates/macros/report/reportHeader.vm with loader org.apache.velocity.runtime.resource.loader.ClasspathResourceLoader
21:38:20.410 [Test worker] DEBUG org.apache.velocity - Velocimacro : added VM includeStatsTable: source=/templates/macros/report/statsTable.vm
21:38:20.410 [Test worker] DEBUG org.apache.velocity - ResourceManager : found /templates/macros/report/statsTable.vm with loader org.apache.velocity.runtime.resource.loader.ClasspathResourceLoader
21:38:20.412 [Test worker] DEBUG org.apache.velocity - Velocimacro : added VM includeBrief: source=/templates/macros/json/brief.vm
21:38:20.412 [Test worker] DEBUG org.apache.velocity - ResourceManager : found /templates/macros/json/brief.vm with loader org.apache.velocity.runtime.resource.loader.ClasspathResourceLoader
21:38:20.413 [Test worker] DEBUG org.apache.velocity - Velocimacro : added VM includeDocString: source=/templates/macros/json/docstring.vm
21:38:20.413 [Test worker] DEBUG org.apache.velocity - ResourceManager : found /templates/macros/json/docstring.vm with loader org.apache.velocity.runtime.resource.loader.ClasspathResourceLoader
21:38:20.414 [Test worker] DEBUG org.apache.velocity - Velocimacro : added VM includeDuration: source=/templates/macros/json/duration.vm
21:38:20.414 [Test worker] DEBUG org.apache.velocity - ResourceManager : found /templates/macros/json/duration.vm with loader org.apache.velocity.runtime.resource.loader.ClasspathResourceLoader
21:38:20.417 [Test worker] DEBUG org.apache.velocity - Velocimacro : added VM includeElement: source=/templates/macros/json/element.vm
21:38:20.417 [Test worker] DEBUG org.apache.velocity - ResourceManager : found /templates/macros/json/element.vm with loader org.apache.velocity.runtime.resource.loader.ClasspathResourceLoader
21:38:20.453 [Test worker] DEBUG org.apache.velocity - Velocimacro : added VM includeEmbeddings: source=/templates/macros/json/embeddings.vm
21:38:20.453 [Test worker] DEBUG org.apache.velocity - Velocimacro : added VM includeHtmlEmbedding: source=/templates/macros/json/embeddings.vm
21:38:20.454 [Test worker] DEBUG org.apache.velocity - Velocimacro : added VM includeImageEmbedding: source=/templates/macros/json/embeddings.vm
21:38:20.454 [Test worker] DEBUG org.apache.velocity - Velocimacro : added VM includeImageReferenceEmbedding: source=/templates/macros/json/embeddings.vm
21:38:20.454 [Test worker] DEBUG org.apache.velocity - Velocimacro : added VM includeTextEmbedding: source=/templates/macros/json/embeddings.vm
21:38:20.454 [Test worker] DEBUG org.apache.velocity - Velocimacro : added VM includeUnknownEmbedding: source=/templates/macros/json/embeddings.vm
21:38:20.454 [Test worker] DEBUG org.apache.velocity - ResourceManager : found /templates/macros/json/embeddings.vm with loader org.apache.velocity.runtime.resource.loader.ClasspathResourceLoader
21:38:20.456 [Test worker] DEBUG org.apache.velocity - Velocimacro : added VM includeHooks: source=/templates/macros/json/hooks.vm
21:38:20.456 [Test worker] DEBUG org.apache.velocity - ResourceManager : found /templates/macros/json/hooks.vm with loader org.apache.velocity.runtime.resource.loader.ClasspathResourceLoader
21:38:20.459 [Test worker] DEBUG org.apache.velocity - Velocimacro : added VM includeOutput: source=/templates/macros/json/output.vm
21:38:20.459 [Test worker] DEBUG org.apache.velocity - ResourceManager : found /templates/macros/json/output.vm with loader org.apache.velocity.runtime.resource.loader.ClasspathResourceLoader
21:38:20.460 [Test worker] DEBUG org.apache.velocity - Velocimacro : added VM includeMessage: source=/templates/macros/json/message.vm
21:38:20.460 [Test worker] DEBUG org.apache.velocity - ResourceManager : found /templates/macros/json/message.vm with loader org.apache.velocity.runtime.resource.loader.ClasspathResourceLoader
21:38:20.463 [Test worker] DEBUG org.apache.velocity - Velocimacro : added VM includeSteps: source=/templates/macros/json/steps.vm
21:38:20.463 [Test worker] DEBUG org.apache.velocity - ResourceManager : found /templates/macros/json/steps.vm with loader org.apache.velocity.runtime.resource.loader.ClasspathResourceLoader
21:38:20.467 [Test worker] DEBUG org.apache.velocity - Velocimacro : added VM includeTags: source=/templates/macros/json/tags.vm
21:38:20.467 [Test worker] DEBUG org.apache.velocity - ResourceManager : found /templates/macros/json/tags.vm with loader org.apache.velocity.runtime.resource.loader.ClasspathResourceLoader
21:38:20.485 [Test worker] DEBUG org.apache.velocity - ResourceManager : found /templates/js/steps-chart.js.vm with loader org.apache.velocity.runtime.resource.loader.ClasspathResourceLoader
21:38:20.512 [Test worker] DEBUG org.apache.velocity - ResourceManager : found /templates/js/scenarios-chart.js.vm with loader org.apache.velocity.runtime.resource.loader.ClasspathResourceLoader
21:38:20.517 [Test worker] DEBUG org.apache.velocity - ResourceManager : found /templates/js/features-chart.js.vm with loader org.apache.velocity.runtime.resource.loader.ClasspathResourceLoader
21:38:20.520 [Test worker] DEBUG org.apache.velocity - VM #includeReportInfo: too many arguments to macro. Wanted 0 got 1
21:38:20.608 [Test worker] DEBUG org.apache.velocity - ResourceManager : found /templates/footer.vm with loader org.apache.velocity.runtime.resource.loader.ClasspathResourceLoader
21:38:20.611 [Test worker] DEBUG org.apache.velocity - ResourceManager : found templates/generators/reportFeature.vm with loader org.apache.velocity.runtime.resource.loader.ClasspathResourceLoader
21:38:20.618 [Test worker] DEBUG org.apache.velocity - ResourceManager : found /templates/headers.vm with loader org.apache.velocity.runtime.resource.loader.ClasspathResourceLoader
21:38:20.619 [Test worker] DEBUG org.apache.velocity - ResourceManager : found /templates/head.vm with loader org.apache.velocity.runtime.resource.loader.ClasspathResourceLoader
21:38:20.620 [Test worker] DEBUG org.apache.velocity - Velocimacro : added VM stringArray: source=/templates/macros/array.js.vm
21:38:20.621 [Test worker] DEBUG org.apache.velocity - Velocimacro : added VM numberArray: source=/templates/macros/array.js.vm
21:38:20.621 [Test worker] DEBUG org.apache.velocity - ResourceManager : found /templates/macros/array.js.vm with loader org.apache.velocity.runtime.resource.loader.ClasspathResourceLoader
21:38:20.623 [Test worker] DEBUG org.apache.velocity - Velocimacro : added VM includeBuildInfo: source=/templates/macros/page/buildinfo.vm
21:38:20.623 [Test worker] DEBUG org.apache.velocity - ResourceManager : found /templates/macros/page/buildinfo.vm with loader org.apache.velocity.runtime.resource.loader.ClasspathResourceLoader
21:38:20.623 [Test worker] DEBUG org.apache.velocity - Velocimacro : added VM includeClassifications: source=/templates/macros/page/classifications.vm
21:38:20.624 [Test worker] DEBUG org.apache.velocity - ResourceManager : found /templates/macros/page/classifications.vm with loader org.apache.velocity.runtime.resource.loader.ClasspathResourceLoader
21:38:20.624 [Test worker] DEBUG org.apache.velocity - Velocimacro : added VM includeLead: source=/templates/macros/page/lead.vm
21:38:20.624 [Test worker] DEBUG org.apache.velocity - ResourceManager : found /templates/macros/page/lead.vm with loader org.apache.velocity.runtime.resource.loader.ClasspathResourceLoader
21:38:20.626 [Test worker] DEBUG org.apache.velocity - Velocimacro : added VM includeNavigation: source=/templates/macros/page/navigation.vm
21:38:20.626 [Test worker] DEBUG org.apache.velocity - ResourceManager : found /templates/macros/page/navigation.vm with loader org.apache.velocity.runtime.resource.loader.ClasspathResourceLoader
21:38:20.627 [Test worker] DEBUG org.apache.velocity - Velocimacro : added VM includeReportInfo: source=/templates/macros/page/reportInfo.vm
21:38:20.627 [Test worker] DEBUG org.apache.velocity - ResourceManager : found /templates/macros/page/reportInfo.vm with loader org.apache.velocity.runtime.resource.loader.ClasspathResourceLoader
21:38:20.628 [Test worker] DEBUG org.apache.velocity - Velocimacro : added VM includeTitle: source=/templates/macros/page/title.vm
21:38:20.628 [Test worker] DEBUG org.apache.velocity - ResourceManager : found /templates/macros/page/title.vm with loader org.apache.velocity.runtime.resource.loader.ClasspathResourceLoader
21:38:20.628 [Test worker] DEBUG org.apache.velocity - Velocimacro : added VM includeExpandingButtons: source=/templates/macros/report/expandAllButtons.vm
21:38:20.628 [Test worker] DEBUG org.apache.velocity - ResourceManager : found /templates/macros/report/expandAllButtons.vm with loader org.apache.velocity.runtime.resource.loader.ClasspathResourceLoader
21:38:20.636 [Test worker] DEBUG org.apache.velocity - Velocimacro : added VM includeReportTable: source=/templates/macros/report/reportTable.vm
21:38:20.636 [Test worker] DEBUG org.apache.velocity - ResourceManager : found /templates/macros/report/reportTable.vm with loader org.apache.velocity.runtime.resource.loader.ClasspathResourceLoader
21:38:20.637 [Test worker] DEBUG org.apache.velocity - Velocimacro : added VM includeReportHeader: source=/templates/macros/report/reportHeader.vm
21:38:20.637 [Test worker] DEBUG org.apache.velocity - ResourceManager : found /templates/macros/report/reportHeader.vm with loader org.apache.velocity.runtime.resource.loader.ClasspathResourceLoader
21:38:20.641 [Test worker] DEBUG org.apache.velocity - Velocimacro : added VM includeStatsTable: source=/templates/macros/report/statsTable.vm
21:38:20.641 [Test worker] DEBUG org.apache.velocity - ResourceManager : found /templates/macros/report/statsTable.vm with loader org.apache.velocity.runtime.resource.loader.ClasspathResourceLoader
21:38:20.643 [Test worker] DEBUG org.apache.velocity - Velocimacro : added VM includeBrief: source=/templates/macros/json/brief.vm
21:38:20.643 [Test worker] DEBUG org.apache.velocity - ResourceManager : found /templates/macros/json/brief.vm with loader org.apache.velocity.runtime.resource.loader.ClasspathResourceLoader
21:38:20.644 [Test worker] DEBUG org.apache.velocity - Velocimacro : added VM includeDocString: source=/templates/macros/json/docstring.vm
21:38:20.645 [Test worker] DEBUG org.apache.velocity - ResourceManager : found /templates/macros/json/docstring.vm with loader org.apache.velocity.runtime.resource.loader.ClasspathResourceLoader
21:38:20.651 [Test worker] DEBUG org.apache.velocity - Velocimacro : added VM includeDuration: source=/templates/macros/json/duration.vm
21:38:20.651 [Test worker] DEBUG org.apache.velocity - ResourceManager : found /templates/macros/json/duration.vm with loader org.apache.velocity.runtime.resource.loader.ClasspathResourceLoader
21:38:20.652 [Test worker] DEBUG org.apache.velocity - Velocimacro : added VM includeElement: source=/templates/macros/json/element.vm
21:38:20.653 [Test worker] DEBUG org.apache.velocity - ResourceManager : found /templates/macros/json/element.vm with loader org.apache.velocity.runtime.resource.loader.ClasspathResourceLoader
21:38:20.655 [Test worker] DEBUG org.apache.velocity - Velocimacro : added VM includeEmbeddings: source=/templates/macros/json/embeddings.vm
21:38:20.656 [Test worker] DEBUG org.apache.velocity - Velocimacro : added VM includeHtmlEmbedding: source=/templates/macros/json/embeddings.vm
21:38:20.657 [Test worker] DEBUG org.apache.velocity - Velocimacro : added VM includeImageEmbedding: source=/templates/macros/json/embeddings.vm
21:38:20.657 [Test worker] DEBUG org.apache.velocity - Velocimacro : added VM includeImageReferenceEmbedding: source=/templates/macros/json/embeddings.vm
21:38:20.657 [Test worker] DEBUG org.apache.velocity - Velocimacro : added VM includeTextEmbedding: source=/templates/macros/json/embeddings.vm
21:38:20.657 [Test worker] DEBUG org.apache.velocity - Velocimacro : added VM includeUnknownEmbedding: source=/templates/macros/json/embeddings.vm
21:38:20.657 [Test worker] DEBUG org.apache.velocity - ResourceManager : found /templates/macros/json/embeddings.vm with loader org.apache.velocity.runtime.resource.loader.ClasspathResourceLoader
21:38:20.659 [Test worker] DEBUG org.apache.velocity - Velocimacro : added VM includeHooks: source=/templates/macros/json/hooks.vm
21:38:20.660 [Test worker] DEBUG org.apache.velocity - ResourceManager : found /templates/macros/json/hooks.vm with loader org.apache.velocity.runtime.resource.loader.ClasspathResourceLoader
21:38:20.661 [Test worker] DEBUG org.apache.velocity - Velocimacro : added VM includeOutput: source=/templates/macros/json/output.vm
21:38:20.668 [Test worker] DEBUG org.apache.velocity - ResourceManager : found /templates/macros/json/output.vm with loader org.apache.velocity.runtime.resource.loader.ClasspathResourceLoader
21:38:20.671 [Test worker] DEBUG org.apache.velocity - Velocimacro : added VM includeMessage: source=/templates/macros/json/message.vm
21:38:20.671 [Test worker] DEBUG org.apache.velocity - ResourceManager : found /templates/macros/json/message.vm with loader org.apache.velocity.runtime.resource.loader.ClasspathResourceLoader
21:38:20.673 [Test worker] DEBUG org.apache.velocity - Velocimacro : added VM includeSteps: source=/templates/macros/json/steps.vm
21:38:20.673 [Test worker] DEBUG org.apache.velocity - ResourceManager : found /templates/macros/json/steps.vm with loader org.apache.velocity.runtime.resource.loader.ClasspathResourceLoader
21:38:20.675 [Test worker] DEBUG org.apache.velocity - Velocimacro : added VM includeTags: source=/templates/macros/json/tags.vm
21:38:20.675 [Test worker] DEBUG org.apache.velocity - ResourceManager : found /templates/macros/json/tags.vm with loader org.apache.velocity.runtime.resource.loader.ClasspathResourceLoader
21:38:20.675 [Test worker] DEBUG org.apache.velocity - VM #includeNavigation: too few arguments to macro. Wanted 1 got 0
21:38:20.676 [Test worker] DEBUG org.apache.velocity - Left side ($active_tab) of '==' operation has null value. If it is a reference, it may not be in the context or its toString() returned null. /templates/macros/page/navigation.vm[line 14, column 51]
21:38:20.676 [Test worker] DEBUG org.apache.velocity - Left side ($active_tab) of '==' operation has null value. If it is a reference, it may not be in the context or its toString() returned null. /templates/macros/page/navigation.vm[line 15, column 51]
21:38:20.676 [Test worker] DEBUG org.apache.velocity - Left side ($active_tab) of '==' operation has null value. If it is a reference, it may not be in the context or its toString() returned null. /templates/macros/page/navigation.vm[line 16, column 51]
21:38:20.676 [Test worker] DEBUG org.apache.velocity - Left side ($active_tab) of '==' operation has null value. If it is a reference, it may not be in the context or its toString() returned null. /templates/macros/page/navigation.vm[line 20, column 51]
21:38:20.677 [Test worker] DEBUG org.apache.velocity - VM #includeLead: too few arguments to macro. Wanted 2 got 1
21:38:20.683 [Test worker] DEBUG org.apache.velocity - VM #includeBrief: too few arguments to macro. Wanted 5 got 3
21:38:20.689 [Test worker] DEBUG org.apache.velocity - VM #includeBrief: too few arguments to macro. Wanted 5 got 4
21:38:20.690 [Test worker] DEBUG org.apache.velocity - VM #includeBrief: too few arguments to macro. Wanted 5 got 4
21:38:20.693 [Test worker] DEBUG org.apache.velocity - VM #includeBrief: too few arguments to macro. Wanted 5 got 4
21:38:20.693 [Test worker] DEBUG org.apache.velocity - VM #includeBrief: too few arguments to macro. Wanted 5 got 4
21:38:20.702 [Test worker] DEBUG org.apache.velocity - VM #includeBrief: too few arguments to macro. Wanted 5 got 4
21:38:20.702 [Test worker] DEBUG org.apache.velocity - VM #includeBrief: too few arguments to macro. Wanted 5 got 4
21:38:20.703 [Test worker] DEBUG org.apache.velocity - VM #includeBrief: too few arguments to macro. Wanted 5 got 4
21:38:20.704 [Test worker] DEBUG org.apache.velocity - VM #includeBrief: too few arguments to macro. Wanted 5 got 4
21:38:20.715 [Test worker] DEBUG org.apache.velocity - VM #includeBrief: too few arguments to macro. Wanted 5 got 4
21:38:20.716 [Test worker] DEBUG org.apache.velocity - VM #includeBrief: too few arguments to macro. Wanted 5 got 4
21:38:20.717 [Test worker] DEBUG org.apache.velocity - VM #includeBrief: too few arguments to macro. Wanted 5 got 4
21:38:20.717 [Test worker] DEBUG org.apache.velocity - VM #includeBrief: too few arguments to macro. Wanted 5 got 4
21:38:20.726 [Test worker] DEBUG org.apache.velocity - ResourceManager : found /templates/footer.vm with loader org.apache.velocity.runtime.resource.loader.ClasspathResourceLoader
21:38:20.734 [Test worker] DEBUG org.apache.velocity - ResourceManager : found templates/generators/reportFeature.vm with loader org.apache.velocity.runtime.resource.loader.ClasspathResourceLoader
21:38:20.736 [Test worker] DEBUG org.apache.velocity - ResourceManager : found /templates/headers.vm with loader org.apache.velocity.runtime.resource.loader.ClasspathResourceLoader
21:38:20.737 [Test worker] DEBUG org.apache.velocity - ResourceManager : found /templates/head.vm with loader org.apache.velocity.runtime.resource.loader.ClasspathResourceLoader
21:38:20.737 [Test worker] DEBUG org.apache.velocity - Velocimacro : added VM stringArray: source=/templates/macros/array.js.vm
21:38:20.737 [Test worker] DEBUG org.apache.velocity - Velocimacro : added VM numberArray: source=/templates/macros/array.js.vm
21:38:20.737 [Test worker] DEBUG org.apache.velocity - ResourceManager : found /templates/macros/array.js.vm with loader org.apache.velocity.runtime.resource.loader.ClasspathResourceLoader
21:38:20.740 [Test worker] DEBUG org.apache.velocity - Velocimacro : added VM includeBuildInfo: source=/templates/macros/page/buildinfo.vm
21:38:20.740 [Test worker] DEBUG org.apache.velocity - ResourceManager : found /templates/macros/page/buildinfo.vm with loader org.apache.velocity.runtime.resource.loader.ClasspathResourceLoader
21:38:20.741 [Test worker] DEBUG org.apache.velocity - Velocimacro : added VM includeClassifications: source=/templates/macros/page/classifications.vm
21:38:20.741 [Test worker] DEBUG org.apache.velocity - ResourceManager : found /templates/macros/page/classifications.vm with loader org.apache.velocity.runtime.resource.loader.ClasspathResourceLoader
21:38:20.741 [Test worker] DEBUG org.apache.velocity - Velocimacro : added VM includeLead: source=/templates/macros/page/lead.vm
21:38:20.742 [Test worker] DEBUG org.apache.velocity - ResourceManager : found /templates/macros/page/lead.vm with loader org.apache.velocity.runtime.resource.loader.ClasspathResourceLoader
21:38:20.743 [Test worker] DEBUG org.apache.velocity - Velocimacro : added VM includeNavigation: source=/templates/macros/page/navigation.vm
21:38:20.743 [Test worker] DEBUG org.apache.velocity - ResourceManager : found /templates/macros/page/navigation.vm with loader org.apache.velocity.runtime.resource.loader.ClasspathResourceLoader
21:38:20.744 [Test worker] DEBUG org.apache.velocity - Velocimacro : added VM includeReportInfo: source=/templates/macros/page/reportInfo.vm
21:38:20.745 [Test worker] DEBUG org.apache.velocity - ResourceManager : found /templates/macros/page/reportInfo.vm with loader org.apache.velocity.runtime.resource.loader.ClasspathResourceLoader
21:38:20.753 [Test worker] DEBUG org.apache.velocity - Velocimacro : added VM includeTitle: source=/templates/macros/page/title.vm
21:38:20.753 [Test worker] DEBUG org.apache.velocity - ResourceManager : found /templates/macros/page/title.vm with loader org.apache.velocity.runtime.resource.loader.ClasspathResourceLoader
21:38:20.754 [Test worker] DEBUG org.apache.velocity - Velocimacro : added VM includeExpandingButtons: source=/templates/macros/report/expandAllButtons.vm
21:38:20.755 [Test worker] DEBUG org.apache.velocity - ResourceManager : found /templates/macros/report/expandAllButtons.vm with loader org.apache.velocity.runtime.resource.loader.ClasspathResourceLoader
21:38:20.756 [Test worker] DEBUG org.apache.velocity - Velocimacro : added VM includeReportTable: source=/templates/macros/report/reportTable.vm
21:38:20.757 [Test worker] DEBUG org.apache.velocity - ResourceManager : found /templates/macros/report/reportTable.vm with loader org.apache.velocity.runtime.resource.loader.ClasspathResourceLoader
21:38:20.758 [Test worker] DEBUG org.apache.velocity - Velocimacro : added VM includeReportHeader: source=/templates/macros/report/reportHeader.vm
21:38:20.758 [Test worker] DEBUG org.apache.velocity - ResourceManager : found /templates/macros/report/reportHeader.vm with loader org.apache.velocity.runtime.resource.loader.ClasspathResourceLoader
21:38:20.761 [Test worker] DEBUG org.apache.velocity - Velocimacro : added VM includeStatsTable: source=/templates/macros/report/statsTable.vm
21:38:20.761 [Test worker] DEBUG org.apache.velocity - ResourceManager : found /templates/macros/report/statsTable.vm with loader org.apache.velocity.runtime.resource.loader.ClasspathResourceLoader
21:38:20.763 [Test worker] DEBUG org.apache.velocity - Velocimacro : added VM includeBrief: source=/templates/macros/json/brief.vm
21:38:20.767 [Test worker] DEBUG org.apache.velocity - ResourceManager : found /templates/macros/json/brief.vm with loader org.apache.velocity.runtime.resource.loader.ClasspathResourceLoader
21:38:20.769 [Test worker] DEBUG org.apache.velocity - Velocimacro : added VM includeDocString: source=/templates/macros/json/docstring.vm
21:38:20.770 [Test worker] DEBUG org.apache.velocity - ResourceManager : found /templates/macros/json/docstring.vm with loader org.apache.velocity.runtime.resource.loader.ClasspathResourceLoader
21:38:20.771 [Test worker] DEBUG org.apache.velocity - Velocimacro : added VM includeDuration: source=/templates/macros/json/duration.vm
21:38:20.771 [Test worker] DEBUG org.apache.velocity - ResourceManager : found /templates/macros/json/duration.vm with loader org.apache.velocity.runtime.resource.loader.ClasspathResourceLoader
21:38:20.773 [Test worker] DEBUG org.apache.velocity - Velocimacro : added VM includeElement: source=/templates/macros/json/element.vm
21:38:20.774 [Test worker] DEBUG org.apache.velocity - ResourceManager : found /templates/macros/json/element.vm with loader org.apache.velocity.runtime.resource.loader.ClasspathResourceLoader
21:38:20.776 [Test worker] DEBUG org.apache.velocity - Velocimacro : added VM includeEmbeddings: source=/templates/macros/json/embeddings.vm
21:38:20.777 [Test worker] DEBUG org.apache.velocity - Velocimacro : added VM includeHtmlEmbedding: source=/templates/macros/json/embeddings.vm
21:38:20.778 [Test worker] DEBUG org.apache.velocity - Velocimacro : added VM includeImageEmbedding: source=/templates/macros/json/embeddings.vm
21:38:20.779 [Test worker] DEBUG org.apache.velocity - Velocimacro : added VM includeImageReferenceEmbedding: source=/templates/macros/json/embeddings.vm
21:38:20.779 [Test worker] DEBUG org.apache.velocity - Velocimacro : added VM includeTextEmbedding: source=/templates/macros/json/embeddings.vm
21:38:20.783 [Test worker] DEBUG org.apache.velocity - Velocimacro : added VM includeUnknownEmbedding: source=/templates/macros/json/embeddings.vm
21:38:20.784 [Test worker] DEBUG org.apache.velocity - ResourceManager : found /templates/macros/json/embeddings.vm with loader org.apache.velocity.runtime.resource.loader.ClasspathResourceLoader
21:38:20.785 [Test worker] DEBUG org.apache.velocity - Velocimacro : added VM includeHooks: source=/templates/macros/json/hooks.vm
21:38:20.786 [Test worker] DEBUG org.apache.velocity - ResourceManager : found /templates/macros/json/hooks.vm with loader org.apache.velocity.runtime.resource.loader.ClasspathResourceLoader
21:38:20.787 [Test worker] DEBUG org.apache.velocity - Velocimacro : added VM includeOutput: source=/templates/macros/json/output.vm
21:38:20.788 [Test worker] DEBUG org.apache.velocity - ResourceManager : found /templates/macros/json/output.vm with loader org.apache.velocity.runtime.resource.loader.ClasspathResourceLoader
21:38:20.789 [Test worker] DEBUG org.apache.velocity - Velocimacro : added VM includeMessage: source=/templates/macros/json/message.vm
21:38:20.790 [Test worker] DEBUG org.apache.velocity - ResourceManager : found /templates/macros/json/message.vm with loader org.apache.velocity.runtime.resource.loader.ClasspathResourceLoader
21:38:20.792 [Test worker] DEBUG org.apache.velocity - Velocimacro : added VM includeSteps: source=/templates/macros/json/steps.vm
21:38:20.792 [Test worker] DEBUG org.apache.velocity - ResourceManager : found /templates/macros/json/steps.vm with loader org.apache.velocity.runtime.resource.loader.ClasspathResourceLoader
21:38:20.796 [Test worker] DEBUG org.apache.velocity - Velocimacro : added VM includeTags: source=/templates/macros/json/tags.vm
21:38:20.796 [Test worker] DEBUG org.apache.velocity - ResourceManager : found /templates/macros/json/tags.vm with loader org.apache.velocity.runtime.resource.loader.ClasspathResourceLoader
21:38:20.800 [Test worker] DEBUG org.apache.velocity - VM #includeNavigation: too few arguments to macro. Wanted 1 got 0
21:38:20.801 [Test worker] DEBUG org.apache.velocity - Left side ($active_tab) of '==' operation has null value. If it is a reference, it may not be in the context or its toString() returned null. /templates/macros/page/navigation.vm[line 14, column 51]
21:38:20.801 [Test worker] DEBUG org.apache.velocity - Left side ($active_tab) of '==' operation has null value. If it is a reference, it may not be in the context or its toString() returned null. /templates/macros/page/navigation.vm[line 15, column 51]
21:38:20.801 [Test worker] DEBUG org.apache.velocity - Left side ($active_tab) of '==' operation has null value. If it is a reference, it may not be in the context or its toString() returned null. /templates/macros/page/navigation.vm[line 16, column 51]
21:38:20.801 [Test worker] DEBUG org.apache.velocity - Left side ($active_tab) of '==' operation has null value. If it is a reference, it may not be in the context or its toString() returned null. /templates/macros/page/navigation.vm[line 20, column 51]
21:38:20.801 [Test worker] DEBUG org.apache.velocity - VM #includeLead: too few arguments to macro. Wanted 2 got 1
21:38:20.804 [Test worker] DEBUG org.apache.velocity - VM #includeBrief: too few arguments to macro. Wanted 5 got 3
21:38:20.804 [Test worker] DEBUG org.apache.velocity - VM #includeBrief: too few arguments to macro. Wanted 5 got 4
21:38:20.805 [Test worker] DEBUG org.apache.velocity - VM #includeBrief: too few arguments to macro. Wanted 5 got 4
21:38:20.807 [Test worker] DEBUG org.apache.velocity - VM #includeBrief: too few arguments to macro. Wanted 5 got 4
21:38:20.807 [Test worker] DEBUG org.apache.velocity - VM #includeBrief: too few arguments to macro. Wanted 5 got 4
21:38:20.859 [Test worker] DEBUG org.apache.velocity - VM #includeBrief: too few arguments to macro. Wanted 5 got 4
21:38:20.859 [Test worker] DEBUG org.apache.velocity - VM #includeBrief: too few arguments to macro. Wanted 5 got 4
21:38:20.860 [Test worker] DEBUG org.apache.velocity - VM #includeBrief: too few arguments to macro. Wanted 5 got 4
21:38:20.860 [Test worker] DEBUG org.apache.velocity - VM #includeBrief: too few arguments to macro. Wanted 5 got 4
21:38:20.864 [Test worker] DEBUG org.apache.velocity - VM #includeBrief: too few arguments to macro. Wanted 5 got 4
21:38:20.864 [Test worker] DEBUG org.apache.velocity - VM #includeBrief: too few arguments to macro. Wanted 5 got 4
21:38:20.864 [Test worker] DEBUG org.apache.velocity - VM #includeBrief: too few arguments to macro. Wanted 5 got 4
21:38:20.864 [Test worker] DEBUG org.apache.velocity - VM #includeBrief: too few arguments to macro. Wanted 5 got 4
21:38:20.864 [Test worker] DEBUG org.apache.velocity - ResourceManager : found /templates/footer.vm with loader org.apache.velocity.runtime.resource.loader.ClasspathResourceLoader
21:38:20.864 [Test worker] DEBUG org.apache.velocity - ResourceManager : found templates/generators/reportFeature.vm with loader org.apache.velocity.runtime.resource.loader.ClasspathResourceLoader
21:38:20.880 [Test worker] DEBUG org.apache.velocity - ResourceManager : found /templates/headers.vm with loader org.apache.velocity.runtime.resource.loader.ClasspathResourceLoader
21:38:20.880 [Test worker] DEBUG org.apache.velocity - ResourceManager : found /templates/head.vm with loader org.apache.velocity.runtime.resource.loader.ClasspathResourceLoader
21:38:20.880 [Test worker] DEBUG org.apache.velocity - Velocimacro : added VM stringArray: source=/templates/macros/array.js.vm
21:38:20.880 [Test worker] DEBUG org.apache.velocity - Velocimacro : added VM numberArray: source=/templates/macros/array.js.vm
21:38:20.880 [Test worker] DEBUG org.apache.velocity - ResourceManager : found /templates/macros/array.js.vm with loader org.apache.velocity.runtime.resource.loader.ClasspathResourceLoader
21:38:20.880 [Test worker] DEBUG org.apache.velocity - Velocimacro : added VM includeBuildInfo: source=/templates/macros/page/buildinfo.vm
21:38:20.880 [Test worker] DEBUG org.apache.velocity - ResourceManager : found /templates/macros/page/buildinfo.vm with loader org.apache.velocity.runtime.resource.loader.ClasspathResourceLoader
21:38:20.880 [Test worker] DEBUG org.apache.velocity - Velocimacro : added VM includeClassifications: source=/templates/macros/page/classifications.vm
21:38:20.880 [Test worker] DEBUG org.apache.velocity - ResourceManager : found /templates/macros/page/classifications.vm with loader org.apache.velocity.runtime.resource.loader.ClasspathResourceLoader
21:38:20.880 [Test worker] DEBUG org.apache.velocity - Velocimacro : added VM includeLead: source=/templates/macros/page/lead.vm
21:38:20.880 [Test worker] DEBUG org.apache.velocity - ResourceManager : found /templates/macros/page/lead.vm with loader org.apache.velocity.runtime.resource.loader.ClasspathResourceLoader
21:38:20.880 [Test worker] DEBUG org.apache.velocity - Velocimacro : added VM includeNavigation: source=/templates/macros/page/navigation.vm
21:38:20.880 [Test worker] DEBUG org.apache.velocity - ResourceManager : found /templates/macros/page/navigation.vm with loader org.apache.velocity.runtime.resource.loader.ClasspathResourceLoader
21:38:20.880 [Test worker] DEBUG org.apache.velocity - Velocimacro : added VM includeReportInfo: source=/templates/macros/page/reportInfo.vm
21:38:20.880 [Test worker] DEBUG org.apache.velocity - ResourceManager : found /templates/macros/page/reportInfo.vm with loader org.apache.velocity.runtime.resource.loader.ClasspathResourceLoader
21:38:20.895 [Test worker] DEBUG org.apache.velocity - Velocimacro : added VM includeTitle: source=/templates/macros/page/title.vm
21:38:20.895 [Test worker] DEBUG org.apache.velocity - ResourceManager : found /templates/macros/page/title.vm with loader org.apache.velocity.runtime.resource.loader.ClasspathResourceLoader
21:38:20.895 [Test worker] DEBUG org.apache.velocity - Velocimacro : added VM includeExpandingButtons: source=/templates/macros/report/expandAllButtons.vm
21:38:20.895 [Test worker] DEBUG org.apache.velocity - ResourceManager : found /templates/macros/report/expandAllButtons.vm with loader org.apache.velocity.runtime.resource.loader.ClasspathResourceLoader
21:38:20.895 [Test worker] DEBUG org.apache.velocity - Velocimacro : added VM includeReportTable: source=/templates/macros/report/reportTable.vm
21:38:20.895 [Test worker] DEBUG org.apache.velocity - ResourceManager : found /templates/macros/report/reportTable.vm with loader org.apache.velocity.runtime.resource.loader.ClasspathResourceLoader
21:38:20.895 [Test worker] DEBUG org.apache.velocity - Velocimacro : added VM includeReportHeader: source=/templates/macros/report/reportHeader.vm
21:38:20.895 [Test worker] DEBUG org.apache.velocity - ResourceManager : found /templates/macros/report/reportHeader.vm with loader org.apache.velocity.runtime.resource.loader.ClasspathResourceLoader
21:38:20.895 [Test worker] DEBUG org.apache.velocity - Velocimacro : added VM includeStatsTable: source=/templates/macros/report/statsTable.vm
21:38:20.895 [Test worker] DEBUG org.apache.velocity - ResourceManager : found /templates/macros/report/statsTable.vm with loader org.apache.velocity.runtime.resource.loader.ClasspathResourceLoader
21:38:20.895 [Test worker] DEBUG org.apache.velocity - Velocimacro : added VM includeBrief: source=/templates/macros/json/brief.vm
21:38:20.895 [Test worker] DEBUG org.apache.velocity - ResourceManager : found /templates/macros/json/brief.vm with loader org.apache.velocity.runtime.resource.loader.ClasspathResourceLoader
21:38:20.895 [Test worker] DEBUG org.apache.velocity - Velocimacro : added VM includeDocString: source=/templates/macros/json/docstring.vm
21:38:20.895 [Test worker] DEBUG org.apache.velocity - ResourceManager : found /templates/macros/json/docstring.vm with loader org.apache.velocity.runtime.resource.loader.ClasspathResourceLoader
21:38:20.895 [Test worker] DEBUG org.apache.velocity - Velocimacro : added VM includeDuration: source=/templates/macros/json/duration.vm
21:38:20.895 [Test worker] DEBUG org.apache.velocity - ResourceManager : found /templates/macros/json/duration.vm with loader org.apache.velocity.runtime.resource.loader.ClasspathResourceLoader
21:38:20.895 [Test worker] DEBUG org.apache.velocity - Velocimacro : added VM includeElement: source=/templates/macros/json/element.vm
21:38:20.895 [Test worker] DEBUG org.apache.velocity - ResourceManager : found /templates/macros/json/element.vm with loader org.apache.velocity.runtime.resource.loader.ClasspathResourceLoader
21:38:20.895 [Test worker] DEBUG org.apache.velocity - Velocimacro : added VM includeEmbeddings: source=/templates/macros/json/embeddings.vm
21:38:20.895 [Test worker] DEBUG org.apache.velocity - Velocimacro : added VM includeHtmlEmbedding: source=/templates/macros/json/embeddings.vm
21:38:20.895 [Test worker] DEBUG org.apache.velocity - Velocimacro : added VM includeImageEmbedding: source=/templates/macros/json/embeddings.vm
21:38:20.895 [Test worker] DEBUG org.apache.velocity - Velocimacro : added VM includeImageReferenceEmbedding: source=/templates/macros/json/embeddings.vm
21:38:20.895 [Test worker] DEBUG org.apache.velocity - Velocimacro : added VM includeTextEmbedding: source=/templates/macros/json/embeddings.vm
21:38:20.895 [Test worker] DEBUG org.apache.velocity - Velocimacro : added VM includeUnknownEmbedding: source=/templates/macros/json/embeddings.vm
21:38:20.895 [Test worker] DEBUG org.apache.velocity - ResourceManager : found /templates/macros/json/embeddings.vm with loader org.apache.velocity.runtime.resource.loader.ClasspathResourceLoader
21:38:20.911 [Test worker] DEBUG org.apache.velocity - Velocimacro : added VM includeHooks: source=/templates/macros/json/hooks.vm
21:38:20.911 [Test worker] DEBUG org.apache.velocity - ResourceManager : found /templates/macros/json/hooks.vm with loader org.apache.velocity.runtime.resource.loader.ClasspathResourceLoader
21:38:20.911 [Test worker] DEBUG org.apache.velocity - Velocimacro : added VM includeOutput: source=/templates/macros/json/output.vm
21:38:20.911 [Test worker] DEBUG org.apache.velocity - ResourceManager : found /templates/macros/json/output.vm with loader org.apache.velocity.runtime.resource.loader.ClasspathResourceLoader
21:38:20.911 [Test worker] DEBUG org.apache.velocity - Velocimacro : added VM includeMessage: source=/templates/macros/json/message.vm
21:38:20.911 [Test worker] DEBUG org.apache.velocity - ResourceManager : found /templates/macros/json/message.vm with loader org.apache.velocity.runtime.resource.loader.ClasspathResourceLoader
21:38:20.911 [Test worker] DEBUG org.apache.velocity - Velocimacro : added VM includeSteps: source=/templates/macros/json/steps.vm
21:38:20.911 [Test worker] DEBUG org.apache.velocity - ResourceManager : found /templates/macros/json/steps.vm with loader org.apache.velocity.runtime.resource.loader.ClasspathResourceLoader
21:38:20.911 [Test worker] DEBUG org.apache.velocity - Velocimacro : added VM includeTags: source=/templates/macros/json/tags.vm
21:38:20.911 [Test worker] DEBUG org.apache.velocity - ResourceManager : found /templates/macros/json/tags.vm with loader org.apache.velocity.runtime.resource.loader.ClasspathResourceLoader
21:38:20.911 [Test worker] DEBUG org.apache.velocity - VM #includeNavigation: too few arguments to macro. Wanted 1 got 0
21:38:20.911 [Test worker] DEBUG org.apache.velocity - Left side ($active_tab) of '==' operation has null value. If it is a reference, it may not be in the context or its toString() returned null. /templates/macros/page/navigation.vm[line 14, column 51]
21:38:20.911 [Test worker] DEBUG org.apache.velocity - Left side ($active_tab) of '==' operation has null value. If it is a reference, it may not be in the context or its toString() returned null. /templates/macros/page/navigation.vm[line 15, column 51]
21:38:20.911 [Test worker] DEBUG org.apache.velocity - Left side ($active_tab) of '==' operation has null value. If it is a reference, it may not be in the context or its toString() returned null. /templates/macros/page/navigation.vm[line 16, column 51]
21:38:20.911 [Test worker] DEBUG org.apache.velocity - Left side ($active_tab) of '==' operation has null value. If it is a reference, it may not be in the context or its toString() returned null. /templates/macros/page/navigation.vm[line 20, column 51]
21:38:20.911 [Test worker] DEBUG org.apache.velocity - VM #includeLead: too few arguments to macro. Wanted 2 got 1
21:38:20.911 [Test worker] DEBUG org.apache.velocity - VM #includeBrief: too few arguments to macro. Wanted 5 got 3
21:38:20.911 [Test worker] DEBUG org.apache.velocity - VM #includeBrief: too few arguments to macro. Wanted 5 got 4
21:38:20.911 [Test worker] DEBUG org.apache.velocity - VM #includeBrief: too few arguments to macro. Wanted 5 got 4
21:38:20.911 [Test worker] DEBUG org.apache.velocity - VM #includeBrief: too few arguments to macro. Wanted 5 got 4
21:38:20.911 [Test worker] DEBUG org.apache.velocity - VM #includeBrief: too few arguments to macro. Wanted 5 got 4
21:38:20.926 [Test worker] DEBUG org.apache.velocity - VM #includeBrief: too few arguments to macro. Wanted 5 got 4
21:38:20.926 [Test worker] DEBUG org.apache.velocity - VM #includeBrief: too few arguments to macro. Wanted 5 got 4
21:38:20.926 [Test worker] DEBUG org.apache.velocity - VM #includeBrief: too few arguments to macro. Wanted 5 got 4
21:38:20.926 [Test worker] DEBUG org.apache.velocity - VM #includeBrief: too few arguments to macro. Wanted 5 got 4
21:38:20.926 [Test worker] DEBUG org.apache.velocity - VM #includeBrief: too few arguments to macro. Wanted 5 got 4
21:38:20.926 [Test worker] DEBUG org.apache.velocity - VM #includeBrief: too few arguments to macro. Wanted 5 got 4
21:38:20.926 [Test worker] DEBUG org.apache.velocity - VM #includeBrief: too few arguments to macro. Wanted 5 got 4
21:38:20.926 [Test worker] DEBUG org.apache.velocity - VM #includeBrief: too few arguments to macro. Wanted 5 got 4
21:38:20.942 [Test worker] DEBUG org.apache.velocity - ResourceManager : found /templates/footer.vm with loader org.apache.velocity.runtime.resource.loader.ClasspathResourceLoader
21:38:20.942 [Test worker] DEBUG org.apache.velocity - ResourceManager : found templates/generators/reportFeature.vm with loader org.apache.velocity.runtime.resource.loader.ClasspathResourceLoader
21:38:20.942 [Test worker] DEBUG org.apache.velocity - ResourceManager : found /templates/headers.vm with loader org.apache.velocity.runtime.resource.loader.ClasspathResourceLoader
21:38:20.942 [Test worker] DEBUG org.apache.velocity - ResourceManager : found /templates/head.vm with loader org.apache.velocity.runtime.resource.loader.ClasspathResourceLoader
21:38:20.942 [Test worker] DEBUG org.apache.velocity - Velocimacro : added VM stringArray: source=/templates/macros/array.js.vm
21:38:20.942 [Test worker] DEBUG org.apache.velocity - Velocimacro : added VM numberArray: source=/templates/macros/array.js.vm
21:38:20.942 [Test worker] DEBUG org.apache.velocity - ResourceManager : found /templates/macros/array.js.vm with loader org.apache.velocity.runtime.resource.loader.ClasspathResourceLoader
21:38:20.942 [Test worker] DEBUG org.apache.velocity - Velocimacro : added VM includeBuildInfo: source=/templates/macros/page/buildinfo.vm
21:38:20.942 [Test worker] DEBUG org.apache.velocity - ResourceManager : found /templates/macros/page/buildinfo.vm with loader org.apache.velocity.runtime.resource.loader.ClasspathResourceLoader
21:38:20.942 [Test worker] DEBUG org.apache.velocity - Velocimacro : added VM includeClassifications: source=/templates/macros/page/classifications.vm
21:38:20.942 [Test worker] DEBUG org.apache.velocity - ResourceManager : found /templates/macros/page/classifications.vm with loader org.apache.velocity.runtime.resource.loader.ClasspathResourceLoader
21:38:20.942 [Test worker] DEBUG org.apache.velocity - Velocimacro : added VM includeLead: source=/templates/macros/page/lead.vm
21:38:20.942 [Test worker] DEBUG org.apache.velocity - ResourceManager : found /templates/macros/page/lead.vm with loader org.apache.velocity.runtime.resource.loader.ClasspathResourceLoader
21:38:20.942 [Test worker] DEBUG org.apache.velocity - Velocimacro : added VM includeNavigation: source=/templates/macros/page/navigation.vm
21:38:20.942 [Test worker] DEBUG org.apache.velocity - ResourceManager : found /templates/macros/page/navigation.vm with loader org.apache.velocity.runtime.resource.loader.ClasspathResourceLoader
21:38:20.958 [Test worker] DEBUG org.apache.velocity - Velocimacro : added VM includeReportInfo: source=/templates/macros/page/reportInfo.vm
21:38:20.958 [Test worker] DEBUG org.apache.velocity - ResourceManager : found /templates/macros/page/reportInfo.vm with loader org.apache.velocity.runtime.resource.loader.ClasspathResourceLoader
21:38:20.958 [Test worker] DEBUG org.apache.velocity - Velocimacro : added VM includeTitle: source=/templates/macros/page/title.vm
21:38:20.958 [Test worker] DEBUG org.apache.velocity - ResourceManager : found /templates/macros/page/title.vm with loader org.apache.velocity.runtime.resource.loader.ClasspathResourceLoader
21:38:20.958 [Test worker] DEBUG org.apache.velocity - Velocimacro : added VM includeExpandingButtons: source=/templates/macros/report/expandAllButtons.vm
21:38:20.958 [Test worker] DEBUG org.apache.velocity - ResourceManager : found /templates/macros/report/expandAllButtons.vm with loader org.apache.velocity.runtime.resource.loader.ClasspathResourceLoader
21:38:20.958 [Test worker] DEBUG org.apache.velocity - Velocimacro : added VM includeReportTable: source=/templates/macros/report/reportTable.vm
21:38:20.958 [Test worker] DEBUG org.apache.velocity - ResourceManager : found /templates/macros/report/reportTable.vm with loader org.apache.velocity.runtime.resource.loader.ClasspathResourceLoader
21:38:20.958 [Test worker] DEBUG org.apache.velocity - Velocimacro : added VM includeReportHeader: source=/templates/macros/report/reportHeader.vm
21:38:20.958 [Test worker] DEBUG org.apache.velocity - ResourceManager : found /templates/macros/report/reportHeader.vm with loader org.apache.velocity.runtime.resource.loader.ClasspathResourceLoader
21:38:20.958 [Test worker] DEBUG org.apache.velocity - Velocimacro : added VM includeStatsTable: source=/templates/macros/report/statsTable.vm
21:38:20.958 [Test worker] DEBUG org.apache.velocity - ResourceManager : found /templates/macros/report/statsTable.vm with loader org.apache.velocity.runtime.resource.loader.ClasspathResourceLoader
21:38:20.958 [Test worker] DEBUG org.apache.velocity - Velocimacro : added VM includeBrief: source=/templates/macros/json/brief.vm
21:38:20.958 [Test worker] DEBUG org.apache.velocity - ResourceManager : found /templates/macros/json/brief.vm with loader org.apache.velocity.runtime.resource.loader.ClasspathResourceLoader
21:38:20.958 [Test worker] DEBUG org.apache.velocity - Velocimacro : added VM includeDocString: source=/templates/macros/json/docstring.vm
21:38:20.958 [Test worker] DEBUG org.apache.velocity - ResourceManager : found /templates/macros/json/docstring.vm with loader org.apache.velocity.runtime.resource.loader.ClasspathResourceLoader
21:38:20.958 [Test worker] DEBUG org.apache.velocity - Velocimacro : added VM includeDuration: source=/templates/macros/json/duration.vm
21:38:20.958 [Test worker] DEBUG org.apache.velocity - ResourceManager : found /templates/macros/json/duration.vm with loader org.apache.velocity.runtime.resource.loader.ClasspathResourceLoader
21:38:20.958 [Test worker] DEBUG org.apache.velocity - Velocimacro : added VM includeElement: source=/templates/macros/json/element.vm
21:38:20.958 [Test worker] DEBUG org.apache.velocity - ResourceManager : found /templates/macros/json/element.vm with loader org.apache.velocity.runtime.resource.loader.ClasspathResourceLoader
21:38:20.958 [Test worker] DEBUG org.apache.velocity - Velocimacro : added VM includeEmbeddings: source=/templates/macros/json/embeddings.vm
21:38:20.958 [Test worker] DEBUG org.apache.velocity - Velocimacro : added VM includeHtmlEmbedding: source=/templates/macros/json/embeddings.vm
21:38:20.958 [Test worker] DEBUG org.apache.velocity - Velocimacro : added VM includeImageEmbedding: source=/templates/macros/json/embeddings.vm
21:38:20.958 [Test worker] DEBUG org.apache.velocity - Velocimacro : added VM includeImageReferenceEmbedding: source=/templates/macros/json/embeddings.vm
21:38:20.958 [Test worker] DEBUG org.apache.velocity - Velocimacro : added VM includeTextEmbedding: source=/templates/macros/json/embeddings.vm
21:38:20.973 [Test worker] DEBUG org.apache.velocity - Velocimacro : added VM includeUnknownEmbedding: source=/templates/macros/json/embeddings.vm
21:38:20.973 [Test worker] DEBUG org.apache.velocity - ResourceManager : found /templates/macros/json/embeddings.vm with loader org.apache.velocity.runtime.resource.loader.ClasspathResourceLoader
21:38:20.973 [Test worker] DEBUG org.apache.velocity - Velocimacro : added VM includeHooks: source=/templates/macros/json/hooks.vm
21:38:20.973 [Test worker] DEBUG org.apache.velocity - ResourceManager : found /templates/macros/json/hooks.vm with loader org.apache.velocity.runtime.resource.loader.ClasspathResourceLoader
21:38:20.973 [Test worker] DEBUG org.apache.velocity - Velocimacro : added VM includeOutput: source=/templates/macros/json/output.vm
21:38:20.973 [Test worker] DEBUG org.apache.velocity - ResourceManager : found /templates/macros/json/output.vm with loader org.apache.velocity.runtime.resource.loader.ClasspathResourceLoader
21:38:20.973 [Test worker] DEBUG org.apache.velocity - Velocimacro : added VM includeMessage: source=/templates/macros/json/message.vm
21:38:20.973 [Test worker] DEBUG org.apache.velocity - ResourceManager : found /templates/macros/json/message.vm with loader org.apache.velocity.runtime.resource.loader.ClasspathResourceLoader
21:38:20.973 [Test worker] DEBUG org.apache.velocity - Velocimacro : added VM includeSteps: source=/templates/macros/json/steps.vm
21:38:20.973 [Test worker] DEBUG org.apache.velocity - ResourceManager : found /templates/macros/json/steps.vm with loader org.apache.velocity.runtime.resource.loader.ClasspathResourceLoader
21:38:20.973 [Test worker] DEBUG org.apache.velocity - Velocimacro : added VM includeTags: source=/templates/macros/json/tags.vm
21:38:20.973 [Test worker] DEBUG org.apache.velocity - ResourceManager : found /templates/macros/json/tags.vm with loader org.apache.velocity.runtime.resource.loader.ClasspathResourceLoader
21:38:20.973 [Test worker] DEBUG org.apache.velocity - VM #includeNavigation: too few arguments to macro. Wanted 1 got 0
21:38:20.973 [Test worker] DEBUG org.apache.velocity - Left side ($active_tab) of '==' operation has null value. If it is a reference, it may not be in the context or its toString() returned null. /templates/macros/page/navigation.vm[line 14, column 51]
21:38:20.973 [Test worker] DEBUG org.apache.velocity - Left side ($active_tab) of '==' operation has null value. If it is a reference, it may not be in the context or its toString() returned null. /templates/macros/page/navigation.vm[line 15, column 51]
21:38:20.973 [Test worker] DEBUG org.apache.velocity - Left side ($active_tab) of '==' operation has null value. If it is a reference, it may not be in the context or its toString() returned null. /templates/macros/page/navigation.vm[line 16, column 51]
21:38:20.973 [Test worker] DEBUG org.apache.velocity - Left side ($active_tab) of '==' operation has null value. If it is a reference, it may not be in the context or its toString() returned null. /templates/macros/page/navigation.vm[line 20, column 51]
21:38:20.973 [Test worker] DEBUG org.apache.velocity - VM #includeLead: too few arguments to macro. Wanted 2 got 1
21:38:20.973 [Test worker] DEBUG org.apache.velocity - VM #includeBrief: too few arguments to macro. Wanted 5 got 3
21:38:20.973 [Test worker] DEBUG org.apache.velocity - VM #includeBrief: too few arguments to macro. Wanted 5 got 4
21:38:20.973 [Test worker] DEBUG org.apache.velocity - VM #includeBrief: too few arguments to macro. Wanted 5 got 4
21:38:20.973 [Test worker] DEBUG org.apache.velocity - VM #includeBrief: too few arguments to macro. Wanted 5 got 4
21:38:20.973 [Test worker] DEBUG org.apache.velocity - VM #includeBrief: too few arguments to macro. Wanted 5 got 4
21:38:20.989 [Test worker] DEBUG org.apache.velocity - VM #includeBrief: too few arguments to macro. Wanted 5 got 4
21:38:20.989 [Test worker] DEBUG org.apache.velocity - VM #includeBrief: too few arguments to macro. Wanted 5 got 4
21:38:20.989 [Test worker] DEBUG org.apache.velocity - VM #includeBrief: too few arguments to macro. Wanted 5 got 4
21:38:20.989 [Test worker] DEBUG org.apache.velocity - VM #includeBrief: too few arguments to macro. Wanted 5 got 4
21:38:20.989 [Test worker] DEBUG org.apache.velocity - VM #includeBrief: too few arguments to macro. Wanted 5 got 4
21:38:20.989 [Test worker] DEBUG org.apache.velocity - VM #includeBrief: too few arguments to macro. Wanted 5 got 4
21:38:20.989 [Test worker] DEBUG org.apache.velocity - VM #includeBrief: too few arguments to macro. Wanted 5 got 4
21:38:20.989 [Test worker] DEBUG org.apache.velocity - VM #includeBrief: too few arguments to macro. Wanted 5 got 4
21:38:20.989 [Test worker] DEBUG org.apache.velocity - ResourceManager : found /templates/footer.vm with loader org.apache.velocity.runtime.resource.loader.ClasspathResourceLoader
21:38:21.005 [Test worker] DEBUG org.apache.velocity - ResourceManager : found templates/generators/reportFeature.vm with loader org.apache.velocity.runtime.resource.loader.ClasspathResourceLoader
21:38:21.005 [Test worker] DEBUG org.apache.velocity - ResourceManager : found /templates/headers.vm with loader org.apache.velocity.runtime.resource.loader.ClasspathResourceLoader
21:38:21.005 [Test worker] DEBUG org.apache.velocity - ResourceManager : found /templates/head.vm with loader org.apache.velocity.runtime.resource.loader.ClasspathResourceLoader
21:38:21.005 [Test worker] DEBUG org.apache.velocity - Velocimacro : added VM stringArray: source=/templates/macros/array.js.vm
21:38:21.005 [Test worker] DEBUG org.apache.velocity - Velocimacro : added VM numberArray: source=/templates/macros/array.js.vm
21:38:21.005 [Test worker] DEBUG org.apache.velocity - ResourceManager : found /templates/macros/array.js.vm with loader org.apache.velocity.runtime.resource.loader.ClasspathResourceLoader
21:38:21.005 [Test worker] DEBUG org.apache.velocity - Velocimacro : added VM includeBuildInfo: source=/templates/macros/page/buildinfo.vm
21:38:21.005 [Test worker] DEBUG org.apache.velocity - ResourceManager : found /templates/macros/page/buildinfo.vm with loader org.apache.velocity.runtime.resource.loader.ClasspathResourceLoader
21:38:21.005 [Test worker] DEBUG org.apache.velocity - Velocimacro : added VM includeClassifications: source=/templates/macros/page/classifications.vm
21:38:21.005 [Test worker] DEBUG org.apache.velocity - ResourceManager : found /templates/macros/page/classifications.vm with loader org.apache.velocity.runtime.resource.loader.ClasspathResourceLoader
21:38:21.005 [Test worker] DEBUG org.apache.velocity - Velocimacro : added VM includeLead: source=/templates/macros/page/lead.vm
21:38:21.005 [Test worker] DEBUG org.apache.velocity - ResourceManager : found /templates/macros/page/lead.vm with loader org.apache.velocity.runtime.resource.loader.ClasspathResourceLoader
21:38:21.005 [Test worker] DEBUG org.apache.velocity - Velocimacro : added VM includeNavigation: source=/templates/macros/page/navigation.vm
21:38:21.005 [Test worker] DEBUG org.apache.velocity - ResourceManager : found /templates/macros/page/navigation.vm with loader org.apache.velocity.runtime.resource.loader.ClasspathResourceLoader
21:38:21.005 [Test worker] DEBUG org.apache.velocity - Velocimacro : added VM includeReportInfo: source=/templates/macros/page/reportInfo.vm
21:38:21.005 [Test worker] DEBUG org.apache.velocity - ResourceManager : found /templates/macros/page/reportInfo.vm with loader org.apache.velocity.runtime.resource.loader.ClasspathResourceLoader
21:38:21.005 [Test worker] DEBUG org.apache.velocity - Velocimacro : added VM includeTitle: source=/templates/macros/page/title.vm
21:38:21.005 [Test worker] DEBUG org.apache.velocity - ResourceManager : found /templates/macros/page/title.vm with loader org.apache.velocity.runtime.resource.loader.ClasspathResourceLoader
21:38:21.005 [Test worker] DEBUG org.apache.velocity - Velocimacro : added VM includeExpandingButtons: source=/templates/macros/report/expandAllButtons.vm
21:38:21.005 [Test worker] DEBUG org.apache.velocity - ResourceManager : found /templates/macros/report/expandAllButtons.vm with loader org.apache.velocity.runtime.resource.loader.ClasspathResourceLoader
21:38:21.020 [Test worker] DEBUG org.apache.velocity - Velocimacro : added VM includeReportTable: source=/templates/macros/report/reportTable.vm
21:38:21.020 [Test worker] DEBUG org.apache.velocity - ResourceManager : found /templates/macros/report/reportTable.vm with loader org.apache.velocity.runtime.resource.loader.ClasspathResourceLoader
21:38:21.020 [Test worker] DEBUG org.apache.velocity - Velocimacro : added VM includeReportHeader: source=/templates/macros/report/reportHeader.vm
21:38:21.020 [Test worker] DEBUG org.apache.velocity - ResourceManager : found /templates/macros/report/reportHeader.vm with loader org.apache.velocity.runtime.resource.loader.ClasspathResourceLoader
21:38:21.020 [Test worker] DEBUG org.apache.velocity - Velocimacro : added VM includeStatsTable: source=/templates/macros/report/statsTable.vm
21:38:21.020 [Test worker] DEBUG org.apache.velocity - ResourceManager : found /templates/macros/report/statsTable.vm with loader org.apache.velocity.runtime.resource.loader.ClasspathResourceLoader
21:38:21.020 [Test worker] DEBUG org.apache.velocity - Velocimacro : added VM includeBrief: source=/templates/macros/json/brief.vm
21:38:21.020 [Test worker] DEBUG org.apache.velocity - ResourceManager : found /templates/macros/json/brief.vm with loader org.apache.velocity.runtime.resource.loader.ClasspathResourceLoader
21:38:21.020 [Test worker] DEBUG org.apache.velocity - Velocimacro : added VM includeDocString: source=/templates/macros/json/docstring.vm
21:38:21.020 [Test worker] DEBUG org.apache.velocity - ResourceManager : found /templates/macros/json/docstring.vm with loader org.apache.velocity.runtime.resource.loader.ClasspathResourceLoader
21:38:21.020 [Test worker] DEBUG org.apache.velocity - Velocimacro : added VM includeDuration: source=/templates/macros/json/duration.vm
21:38:21.020 [Test worker] DEBUG org.apache.velocity - ResourceManager : found /templates/macros/json/duration.vm with loader org.apache.velocity.runtime.resource.loader.ClasspathResourceLoader
21:38:21.020 [Test worker] DEBUG org.apache.velocity - Velocimacro : added VM includeElement: source=/templates/macros/json/element.vm
21:38:21.020 [Test worker] DEBUG org.apache.velocity - ResourceManager : found /templates/macros/json/element.vm with loader org.apache.velocity.runtime.resource.loader.ClasspathResourceLoader
21:38:21.020 [Test worker] DEBUG org.apache.velocity - Velocimacro : added VM includeEmbeddings: source=/templates/macros/json/embeddings.vm
21:38:21.020 [Test worker] DEBUG org.apache.velocity - Velocimacro : added VM includeHtmlEmbedding: source=/templates/macros/json/embeddings.vm
21:38:21.020 [Test worker] DEBUG org.apache.velocity - Velocimacro : added VM includeImageEmbedding: source=/templates/macros/json/embeddings.vm
21:38:21.020 [Test worker] DEBUG org.apache.velocity - Velocimacro : added VM includeImageReferenceEmbedding: source=/templates/macros/json/embeddings.vm
21:38:21.020 [Test worker] DEBUG org.apache.velocity - Velocimacro : added VM includeTextEmbedding: source=/templates/macros/json/embeddings.vm
21:38:21.020 [Test worker] DEBUG org.apache.velocity - Velocimacro : added VM includeUnknownEmbedding: source=/templates/macros/json/embeddings.vm
21:38:21.020 [Test worker] DEBUG org.apache.velocity - ResourceManager : found /templates/macros/json/embeddings.vm with loader org.apache.velocity.runtime.resource.loader.ClasspathResourceLoader
21:38:21.020 [Test worker] DEBUG org.apache.velocity - Velocimacro : added VM includeHooks: source=/templates/macros/json/hooks.vm
21:38:21.020 [Test worker] DEBUG org.apache.velocity - ResourceManager : found /templates/macros/json/hooks.vm with loader org.apache.velocity.runtime.resource.loader.ClasspathResourceLoader
21:38:21.020 [Test worker] DEBUG org.apache.velocity - Velocimacro : added VM includeOutput: source=/templates/macros/json/output.vm
21:38:21.020 [Test worker] DEBUG org.apache.velocity - ResourceManager : found /templates/macros/json/output.vm with loader org.apache.velocity.runtime.resource.loader.ClasspathResourceLoader
21:38:21.036 [Test worker] DEBUG org.apache.velocity - Velocimacro : added VM includeMessage: source=/templates/macros/json/message.vm
21:38:21.036 [Test worker] DEBUG org.apache.velocity - ResourceManager : found /templates/macros/json/message.vm with loader org.apache.velocity.runtime.resource.loader.ClasspathResourceLoader
21:38:21.036 [Test worker] DEBUG org.apache.velocity - Velocimacro : added VM includeSteps: source=/templates/macros/json/steps.vm
21:38:21.036 [Test worker] DEBUG org.apache.velocity - ResourceManager : found /templates/macros/json/steps.vm with loader org.apache.velocity.runtime.resource.loader.ClasspathResourceLoader
21:38:21.036 [Test worker] DEBUG org.apache.velocity - Velocimacro : added VM includeTags: source=/templates/macros/json/tags.vm
21:38:21.036 [Test worker] DEBUG org.apache.velocity - ResourceManager : found /templates/macros/json/tags.vm with loader org.apache.velocity.runtime.resource.loader.ClasspathResourceLoader
21:38:21.036 [Test worker] DEBUG org.apache.velocity - VM #includeNavigation: too few arguments to macro. Wanted 1 got 0
21:38:21.036 [Test worker] DEBUG org.apache.velocity - Left side ($active_tab) of '==' operation has null value. If it is a reference, it may not be in the context or its toString() returned null. /templates/macros/page/navigation.vm[line 14, column 51]
21:38:21.036 [Test worker] DEBUG org.apache.velocity - Left side ($active_tab) of '==' operation has null value. If it is a reference, it may not be in the context or its toString() returned null. /templates/macros/page/navigation.vm[line 15, column 51]
21:38:21.036 [Test worker] DEBUG org.apache.velocity - Left side ($active_tab) of '==' operation has null value. If it is a reference, it may not be in the context or its toString() returned null. /templates/macros/page/navigation.vm[line 16, column 51]
21:38:21.036 [Test worker] DEBUG org.apache.velocity - Left side ($active_tab) of '==' operation has null value. If it is a reference, it may not be in the context or its toString() returned null. /templates/macros/page/navigation.vm[line 20, column 51]
21:38:21.036 [Test worker] DEBUG org.apache.velocity - VM #includeLead: too few arguments to macro. Wanted 2 got 1
21:38:21.036 [Test worker] DEBUG org.apache.velocity - VM #includeBrief: too few arguments to macro. Wanted 5 got 3
21:38:21.036 [Test worker] DEBUG org.apache.velocity - VM #includeBrief: too few arguments to macro. Wanted 5 got 4
21:38:21.036 [Test worker] DEBUG org.apache.velocity - VM #includeBrief: too few arguments to macro. Wanted 5 got 4
21:38:21.036 [Test worker] DEBUG org.apache.velocity - VM #includeBrief: too few arguments to macro. Wanted 5 got 4
21:38:21.036 [Test worker] DEBUG org.apache.velocity - VM #includeBrief: too few arguments to macro. Wanted 5 got 4
21:38:21.036 [Test worker] DEBUG org.apache.velocity - VM #includeBrief: too few arguments to macro. Wanted 5 got 4
21:38:21.036 [Test worker] DEBUG org.apache.velocity - VM #includeBrief: too few arguments to macro. Wanted 5 got 4
21:38:21.036 [Test worker] DEBUG org.apache.velocity - VM #includeBrief: too few arguments to macro. Wanted 5 got 4
21:38:21.036 [Test worker] DEBUG org.apache.velocity - VM #includeBrief: too few arguments to macro. Wanted 5 got 4
21:38:21.051 [Test worker] DEBUG org.apache.velocity - VM #includeBrief: too few arguments to macro. Wanted 5 got 4
21:38:21.051 [Test worker] DEBUG org.apache.velocity - VM #includeBrief: too few arguments to macro. Wanted 5 got 4
21:38:21.051 [Test worker] DEBUG org.apache.velocity - VM #includeBrief: too few arguments to macro. Wanted 5 got 4
21:38:21.051 [Test worker] DEBUG org.apache.velocity - VM #includeBrief: too few arguments to macro. Wanted 5 got 4
21:38:21.051 [Test worker] DEBUG org.apache.velocity - ResourceManager : found /templates/footer.vm with loader org.apache.velocity.runtime.resource.loader.ClasspathResourceLoader
21:38:21.051 [Test worker] DEBUG org.apache.velocity - ResourceManager : found templates/generators/reportFeature.vm with loader org.apache.velocity.runtime.resource.loader.ClasspathResourceLoader
21:38:21.051 [Test worker] DEBUG org.apache.velocity - ResourceManager : found /templates/headers.vm with loader org.apache.velocity.runtime.resource.loader.ClasspathResourceLoader
21:38:21.051 [Test worker] DEBUG org.apache.velocity - ResourceManager : found /templates/head.vm with loader org.apache.velocity.runtime.resource.loader.ClasspathResourceLoader
21:38:21.051 [Test worker] DEBUG org.apache.velocity - Velocimacro : added VM stringArray: source=/templates/macros/array.js.vm
21:38:21.051 [Test worker] DEBUG org.apache.velocity - Velocimacro : added VM numberArray: source=/templates/macros/array.js.vm
21:38:21.051 [Test worker] DEBUG org.apache.velocity - ResourceManager : found /templates/macros/array.js.vm with loader org.apache.velocity.runtime.resource.loader.ClasspathResourceLoader
21:38:21.051 [Test worker] DEBUG org.apache.velocity - Velocimacro : added VM includeBuildInfo: source=/templates/macros/page/buildinfo.vm
21:38:21.051 [Test worker] DEBUG org.apache.velocity - ResourceManager : found /templates/macros/page/buildinfo.vm with loader org.apache.velocity.runtime.resource.loader.ClasspathResourceLoader
21:38:21.067 [Test worker] DEBUG org.apache.velocity - Velocimacro : added VM includeClassifications: source=/templates/macros/page/classifications.vm
21:38:21.067 [Test worker] DEBUG org.apache.velocity - ResourceManager : found /templates/macros/page/classifications.vm with loader org.apache.velocity.runtime.resource.loader.ClasspathResourceLoader
21:38:21.067 [Test worker] DEBUG org.apache.velocity - Velocimacro : added VM includeLead: source=/templates/macros/page/lead.vm
21:38:21.067 [Test worker] DEBUG org.apache.velocity - ResourceManager : found /templates/macros/page/lead.vm with loader org.apache.velocity.runtime.resource.loader.ClasspathResourceLoader
21:38:21.067 [Test worker] DEBUG org.apache.velocity - Velocimacro : added VM includeNavigation: source=/templates/macros/page/navigation.vm
21:38:21.067 [Test worker] DEBUG org.apache.velocity - ResourceManager : found /templates/macros/page/navigation.vm with loader org.apache.velocity.runtime.resource.loader.ClasspathResourceLoader
21:38:21.067 [Test worker] DEBUG org.apache.velocity - Velocimacro : added VM includeReportInfo: source=/templates/macros/page/reportInfo.vm
21:38:21.067 [Test worker] DEBUG org.apache.velocity - ResourceManager : found /templates/macros/page/reportInfo.vm with loader org.apache.velocity.runtime.resource.loader.ClasspathResourceLoader
21:38:21.067 [Test worker] DEBUG org.apache.velocity - Velocimacro : added VM includeTitle: source=/templates/macros/page/title.vm
21:38:21.067 [Test worker] DEBUG org.apache.velocity - ResourceManager : found /templates/macros/page/title.vm with loader org.apache.velocity.runtime.resource.loader.ClasspathResourceLoader
21:38:21.067 [Test worker] DEBUG org.apache.velocity - Velocimacro : added VM includeExpandingButtons: source=/templates/macros/report/expandAllButtons.vm
21:38:21.067 [Test worker] DEBUG org.apache.velocity - ResourceManager : found /templates/macros/report/expandAllButtons.vm with loader org.apache.velocity.runtime.resource.loader.ClasspathResourceLoader
21:38:21.067 [Test worker] DEBUG org.apache.velocity - Velocimacro : added VM includeReportTable: source=/templates/macros/report/reportTable.vm
21:38:21.067 [Test worker] DEBUG org.apache.velocity - ResourceManager : found /templates/macros/report/reportTable.vm with loader org.apache.velocity.runtime.resource.loader.ClasspathResourceLoader
21:38:21.067 [Test worker] DEBUG org.apache.velocity - Velocimacro : added VM includeReportHeader: source=/templates/macros/report/reportHeader.vm
21:38:21.067 [Test worker] DEBUG org.apache.velocity - ResourceManager : found /templates/macros/report/reportHeader.vm with loader org.apache.velocity.runtime.resource.loader.ClasspathResourceLoader
21:38:21.067 [Test worker] DEBUG org.apache.velocity - Velocimacro : added VM includeStatsTable: source=/templates/macros/report/statsTable.vm
21:38:21.067 [Test worker] DEBUG org.apache.velocity - ResourceManager : found /templates/macros/report/statsTable.vm with loader org.apache.velocity.runtime.resource.loader.ClasspathResourceLoader
21:38:21.067 [Test worker] DEBUG org.apache.velocity - Velocimacro : added VM includeBrief: source=/templates/macros/json/brief.vm
21:38:21.067 [Test worker] DEBUG org.apache.velocity - ResourceManager : found /templates/macros/json/brief.vm with loader org.apache.velocity.runtime.resource.loader.ClasspathResourceLoader
21:38:21.067 [Test worker] DEBUG org.apache.velocity - Velocimacro : added VM includeDocString: source=/templates/macros/json/docstring.vm
21:38:21.067 [Test worker] DEBUG org.apache.velocity - ResourceManager : found /templates/macros/json/docstring.vm with loader org.apache.velocity.runtime.resource.loader.ClasspathResourceLoader
21:38:21.067 [Test worker] DEBUG org.apache.velocity - Velocimacro : added VM includeDuration: source=/templates/macros/json/duration.vm
21:38:21.067 [Test worker] DEBUG org.apache.velocity - ResourceManager : found /templates/macros/json/duration.vm with loader org.apache.velocity.runtime.resource.loader.ClasspathResourceLoader
21:38:21.067 [Test worker] DEBUG org.apache.velocity - Velocimacro : added VM includeElement: source=/templates/macros/json/element.vm
21:38:21.067 [Test worker] DEBUG org.apache.velocity - ResourceManager : found /templates/macros/json/element.vm with loader org.apache.velocity.runtime.resource.loader.ClasspathResourceLoader
21:38:21.083 [Test worker] DEBUG org.apache.velocity - Velocimacro : added VM includeEmbeddings: source=/templates/macros/json/embeddings.vm
21:38:21.083 [Test worker] DEBUG org.apache.velocity - Velocimacro : added VM includeHtmlEmbedding: source=/templates/macros/json/embeddings.vm
21:38:21.083 [Test worker] DEBUG org.apache.velocity - Velocimacro : added VM includeImageEmbedding: source=/templates/macros/json/embeddings.vm
21:38:21.083 [Test worker] DEBUG org.apache.velocity - Velocimacro : added VM includeImageReferenceEmbedding: source=/templates/macros/json/embeddings.vm
21:38:21.083 [Test worker] DEBUG org.apache.velocity - Velocimacro : added VM includeTextEmbedding: source=/templates/macros/json/embeddings.vm
21:38:21.083 [Test worker] DEBUG org.apache.velocity - Velocimacro : added VM includeUnknownEmbedding: source=/templates/macros/json/embeddings.vm
21:38:21.083 [Test worker] DEBUG org.apache.velocity - ResourceManager : found /templates/macros/json/embeddings.vm with loader org.apache.velocity.runtime.resource.loader.ClasspathResourceLoader
21:38:21.083 [Test worker] DEBUG org.apache.velocity - Velocimacro : added VM includeHooks: source=/templates/macros/json/hooks.vm
21:38:21.083 [Test worker] DEBUG org.apache.velocity - ResourceManager : found /templates/macros/json/hooks.vm with loader org.apache.velocity.runtime.resource.loader.ClasspathResourceLoader
21:38:21.083 [Test worker] DEBUG org.apache.velocity - Velocimacro : added VM includeOutput: source=/templates/macros/json/output.vm
21:38:21.083 [Test worker] DEBUG org.apache.velocity - ResourceManager : found /templates/macros/json/output.vm with loader org.apache.velocity.runtime.resource.loader.ClasspathResourceLoader
21:38:21.083 [Test worker] DEBUG org.apache.velocity - Velocimacro : added VM includeMessage: source=/templates/macros/json/message.vm
21:38:21.083 [Test worker] DEBUG org.apache.velocity - ResourceManager : found /templates/macros/json/message.vm with loader org.apache.velocity.runtime.resource.loader.ClasspathResourceLoader
21:38:21.083 [Test worker] DEBUG org.apache.velocity - Velocimacro : added VM includeSteps: source=/templates/macros/json/steps.vm
21:38:21.083 [Test worker] DEBUG org.apache.velocity - ResourceManager : found /templates/macros/json/steps.vm with loader org.apache.velocity.runtime.resource.loader.ClasspathResourceLoader
21:38:21.083 [Test worker] DEBUG org.apache.velocity - Velocimacro : added VM includeTags: source=/templates/macros/json/tags.vm
21:38:21.083 [Test worker] DEBUG org.apache.velocity - ResourceManager : found /templates/macros/json/tags.vm with loader org.apache.velocity.runtime.resource.loader.ClasspathResourceLoader
21:38:21.083 [Test worker] DEBUG org.apache.velocity - VM #includeNavigation: too few arguments to macro. Wanted 1 got 0
21:38:21.083 [Test worker] DEBUG org.apache.velocity - Left side ($active_tab) of '==' operation has null value. If it is a reference, it may not be in the context or its toString() returned null. /templates/macros/page/navigation.vm[line 14, column 51]
21:38:21.083 [Test worker] DEBUG org.apache.velocity - Left side ($active_tab) of '==' operation has null value. If it is a reference, it may not be in the context or its toString() returned null. /templates/macros/page/navigation.vm[line 15, column 51]
21:38:21.083 [Test worker] DEBUG org.apache.velocity - Left side ($active_tab) of '==' operation has null value. If it is a reference, it may not be in the context or its toString() returned null. /templates/macros/page/navigation.vm[line 16, column 51]
21:38:21.083 [Test worker] DEBUG org.apache.velocity - Left side ($active_tab) of '==' operation has null value. If it is a reference, it may not be in the context or its toString() returned null. /templates/macros/page/navigation.vm[line 20, column 51]
21:38:21.083 [Test worker] DEBUG org.apache.velocity - VM #includeLead: too few arguments to macro. Wanted 2 got 1
21:38:21.083 [Test worker] DEBUG org.apache.velocity - VM #includeBrief: too few arguments to macro. Wanted 5 got 3
21:38:21.083 [Test worker] DEBUG org.apache.velocity - VM #includeBrief: too few arguments to macro. Wanted 5 got 4
21:38:21.083 [Test worker] DEBUG org.apache.velocity - VM #includeBrief: too few arguments to macro. Wanted 5 got 4
21:38:21.083 [Test worker] DEBUG org.apache.velocity - VM #includeBrief: too few arguments to macro. Wanted 5 got 4
21:38:21.083 [Test worker] DEBUG org.apache.velocity - VM #includeBrief: too few arguments to macro. Wanted 5 got 4
21:38:21.114 [Test worker] DEBUG org.apache.velocity - VM #includeBrief: too few arguments to macro. Wanted 5 got 4
21:38:21.114 [Test worker] DEBUG org.apache.velocity - VM #includeBrief: too few arguments to macro. Wanted 5 got 4
21:38:21.114 [Test worker] DEBUG org.apache.velocity - VM #includeBrief: too few arguments to macro. Wanted 5 got 4
21:38:21.114 [Test worker] DEBUG org.apache.velocity - VM #includeBrief: too few arguments to macro. Wanted 5 got 4
21:38:21.114 [Test worker] DEBUG org.apache.velocity - VM #includeBrief: too few arguments to macro. Wanted 5 got 4
21:38:21.114 [Test worker] DEBUG org.apache.velocity - VM #includeBrief: too few arguments to macro. Wanted 5 got 4
21:38:21.114 [Test worker] DEBUG org.apache.velocity - VM #includeBrief: too few arguments to macro. Wanted 5 got 4
21:38:21.114 [Test worker] DEBUG org.apache.velocity - VM #includeBrief: too few arguments to macro. Wanted 5 got 4
21:38:21.114 [Test worker] DEBUG org.apache.velocity - ResourceManager : found /templates/footer.vm with loader org.apache.velocity.runtime.resource.loader.ClasspathResourceLoader
21:38:21.114 [Test worker] DEBUG org.apache.velocity - ResourceManager : found templates/generators/reportFeature.vm with loader org.apache.velocity.runtime.resource.loader.ClasspathResourceLoader
21:38:21.114 [Test worker] DEBUG org.apache.velocity - ResourceManager : found /templates/headers.vm with loader org.apache.velocity.runtime.resource.loader.ClasspathResourceLoader
21:38:21.114 [Test worker] DEBUG org.apache.velocity - ResourceManager : found /templates/head.vm with loader org.apache.velocity.runtime.resource.loader.ClasspathResourceLoader
21:38:21.114 [Test worker] DEBUG org.apache.velocity - Velocimacro : added VM stringArray: source=/templates/macros/array.js.vm
21:38:21.114 [Test worker] DEBUG org.apache.velocity - Velocimacro : added VM numberArray: source=/templates/macros/array.js.vm
21:38:21.114 [Test worker] DEBUG org.apache.velocity - ResourceManager : found /templates/macros/array.js.vm with loader org.apache.velocity.runtime.resource.loader.ClasspathResourceLoader
21:38:21.114 [Test worker] DEBUG org.apache.velocity - Velocimacro : added VM includeBuildInfo: source=/templates/macros/page/buildinfo.vm
21:38:21.114 [Test worker] DEBUG org.apache.velocity - ResourceManager : found /templates/macros/page/buildinfo.vm with loader org.apache.velocity.runtime.resource.loader.ClasspathResourceLoader
21:38:21.114 [Test worker] DEBUG org.apache.velocity - Velocimacro : added VM includeClassifications: source=/templates/macros/page/classifications.vm
21:38:21.114 [Test worker] DEBUG org.apache.velocity - ResourceManager : found /templates/macros/page/classifications.vm with loader org.apache.velocity.runtime.resource.loader.ClasspathResourceLoader
21:38:21.114 [Test worker] DEBUG org.apache.velocity - Velocimacro : added VM includeLead: source=/templates/macros/page/lead.vm
21:38:21.114 [Test worker] DEBUG org.apache.velocity - ResourceManager : found /templates/macros/page/lead.vm with loader org.apache.velocity.runtime.resource.loader.ClasspathResourceLoader
21:38:21.114 [Test worker] DEBUG org.apache.velocity - Velocimacro : added VM includeNavigation: source=/templates/macros/page/navigation.vm
21:38:21.114 [Test worker] DEBUG org.apache.velocity - ResourceManager : found /templates/macros/page/navigation.vm with loader org.apache.velocity.runtime.resource.loader.ClasspathResourceLoader
21:38:21.114 [Test worker] DEBUG org.apache.velocity - Velocimacro : added VM includeReportInfo: source=/templates/macros/page/reportInfo.vm
21:38:21.114 [Test worker] DEBUG org.apache.velocity - ResourceManager : found /templates/macros/page/reportInfo.vm with loader org.apache.velocity.runtime.resource.loader.ClasspathResourceLoader
21:38:21.114 [Test worker] DEBUG org.apache.velocity - Velocimacro : added VM includeTitle: source=/templates/macros/page/title.vm
21:38:21.114 [Test worker] DEBUG org.apache.velocity - ResourceManager : found /templates/macros/page/title.vm with loader org.apache.velocity.runtime.resource.loader.ClasspathResourceLoader
21:38:21.114 [Test worker] DEBUG org.apache.velocity - Velocimacro : added VM includeExpandingButtons: source=/templates/macros/report/expandAllButtons.vm
21:38:21.114 [Test worker] DEBUG org.apache.velocity - ResourceManager : found /templates/macros/report/expandAllButtons.vm with loader org.apache.velocity.runtime.resource.loader.ClasspathResourceLoader
21:38:21.114 [Test worker] DEBUG org.apache.velocity - Velocimacro : added VM includeReportTable: source=/templates/macros/report/reportTable.vm
21:38:21.114 [Test worker] DEBUG org.apache.velocity - ResourceManager : found /templates/macros/report/reportTable.vm with loader org.apache.velocity.runtime.resource.loader.ClasspathResourceLoader
21:38:21.114 [Test worker] DEBUG org.apache.velocity - Velocimacro : added VM includeReportHeader: source=/templates/macros/report/reportHeader.vm
21:38:21.114 [Test worker] DEBUG org.apache.velocity - ResourceManager : found /templates/macros/report/reportHeader.vm with loader org.apache.velocity.runtime.resource.loader.ClasspathResourceLoader
21:38:21.130 [Test worker] DEBUG org.apache.velocity - Velocimacro : added VM includeStatsTable: source=/templates/macros/report/statsTable.vm
21:38:21.130 [Test worker] DEBUG org.apache.velocity - ResourceManager : found /templates/macros/report/statsTable.vm with loader org.apache.velocity.runtime.resource.loader.ClasspathResourceLoader
21:38:21.130 [Test worker] DEBUG org.apache.velocity - Velocimacro : added VM includeBrief: source=/templates/macros/json/brief.vm
21:38:21.130 [Test worker] DEBUG org.apache.velocity - ResourceManager : found /templates/macros/json/brief.vm with loader org.apache.velocity.runtime.resource.loader.ClasspathResourceLoader
21:38:21.130 [Test worker] DEBUG org.apache.velocity - Velocimacro : added VM includeDocString: source=/templates/macros/json/docstring.vm
21:38:21.130 [Test worker] DEBUG org.apache.velocity - ResourceManager : found /templates/macros/json/docstring.vm with loader org.apache.velocity.runtime.resource.loader.ClasspathResourceLoader
21:38:21.130 [Test worker] DEBUG org.apache.velocity - Velocimacro : added VM includeDuration: source=/templates/macros/json/duration.vm
21:38:21.130 [Test worker] DEBUG org.apache.velocity - ResourceManager : found /templates/macros/json/duration.vm with loader org.apache.velocity.runtime.resource.loader.ClasspathResourceLoader
21:38:21.130 [Test worker] DEBUG org.apache.velocity - Velocimacro : added VM includeElement: source=/templates/macros/json/element.vm
21:38:21.130 [Test worker] DEBUG org.apache.velocity - ResourceManager : found /templates/macros/json/element.vm with loader org.apache.velocity.runtime.resource.loader.ClasspathResourceLoader
21:38:21.130 [Test worker] DEBUG org.apache.velocity - Velocimacro : added VM includeEmbeddings: source=/templates/macros/json/embeddings.vm
21:38:21.130 [Test worker] DEBUG org.apache.velocity - Velocimacro : added VM includeHtmlEmbedding: source=/templates/macros/json/embeddings.vm
21:38:21.130 [Test worker] DEBUG org.apache.velocity - Velocimacro : added VM includeImageEmbedding: source=/templates/macros/json/embeddings.vm
21:38:21.130 [Test worker] DEBUG org.apache.velocity - Velocimacro : added VM includeImageReferenceEmbedding: source=/templates/macros/json/embeddings.vm
21:38:21.130 [Test worker] DEBUG org.apache.velocity - Velocimacro : added VM includeTextEmbedding: source=/templates/macros/json/embeddings.vm
21:38:21.130 [Test worker] DEBUG org.apache.velocity - Velocimacro : added VM includeUnknownEmbedding: source=/templates/macros/json/embeddings.vm
21:38:21.130 [Test worker] DEBUG org.apache.velocity - ResourceManager : found /templates/macros/json/embeddings.vm with loader org.apache.velocity.runtime.resource.loader.ClasspathResourceLoader
21:38:21.130 [Test worker] DEBUG org.apache.velocity - Velocimacro : added VM includeHooks: source=/templates/macros/json/hooks.vm
21:38:21.130 [Test worker] DEBUG org.apache.velocity - ResourceManager : found /templates/macros/json/hooks.vm with loader org.apache.velocity.runtime.resource.loader.ClasspathResourceLoader
21:38:21.130 [Test worker] DEBUG org.apache.velocity - Velocimacro : added VM includeOutput: source=/templates/macros/json/output.vm
21:38:21.130 [Test worker] DEBUG org.apache.velocity - ResourceManager : found /templates/macros/json/output.vm with loader org.apache.velocity.runtime.resource.loader.ClasspathResourceLoader
21:38:21.130 [Test worker] DEBUG org.apache.velocity - Velocimacro : added VM includeMessage: source=/templates/macros/json/message.vm
21:38:21.130 [Test worker] DEBUG org.apache.velocity - ResourceManager : found /templates/macros/json/message.vm with loader org.apache.velocity.runtime.resource.loader.ClasspathResourceLoader
21:38:21.161 [Test worker] DEBUG org.apache.velocity - Velocimacro : added VM includeSteps: source=/templates/macros/json/steps.vm
21:38:21.161 [Test worker] DEBUG org.apache.velocity - ResourceManager : found /templates/macros/json/steps.vm with loader org.apache.velocity.runtime.resource.loader.ClasspathResourceLoader
21:38:21.161 [Test worker] DEBUG org.apache.velocity - Velocimacro : added VM includeTags: source=/templates/macros/json/tags.vm
21:38:21.161 [Test worker] DEBUG org.apache.velocity - ResourceManager : found /templates/macros/json/tags.vm with loader org.apache.velocity.runtime.resource.loader.ClasspathResourceLoader
21:38:21.161 [Test worker] DEBUG org.apache.velocity - VM #includeNavigation: too few arguments to macro. Wanted 1 got 0
21:38:21.161 [Test worker] DEBUG org.apache.velocity - Left side ($active_tab) of '==' operation has null value. If it is a reference, it may not be in the context or its toString() returned null. /templates/macros/page/navigation.vm[line 14, column 51]
21:38:21.161 [Test worker] DEBUG org.apache.velocity - Left side ($active_tab) of '==' operation has null value. If it is a reference, it may not be in the context or its toString() returned null. /templates/macros/page/navigation.vm[line 15, column 51]
21:38:21.161 [Test worker] DEBUG org.apache.velocity - Left side ($active_tab) of '==' operation has null value. If it is a reference, it may not be in the context or its toString() returned null. /templates/macros/page/navigation.vm[line 16, column 51]
21:38:21.161 [Test worker] DEBUG org.apache.velocity - Left side ($active_tab) of '==' operation has null value. If it is a reference, it may not be in the context or its toString() returned null. /templates/macros/page/navigation.vm[line 20, column 51]
21:38:21.161 [Test worker] DEBUG org.apache.velocity - VM #includeLead: too few arguments to macro. Wanted 2 got 1
21:38:21.161 [Test worker] DEBUG org.apache.velocity - VM #includeBrief: too few arguments to macro. Wanted 5 got 3
21:38:21.161 [Test worker] DEBUG org.apache.velocity - VM #includeBrief: too few arguments to macro. Wanted 5 got 4
21:38:21.161 [Test worker] DEBUG org.apache.velocity - VM #includeBrief: too few arguments to macro. Wanted 5 got 4
21:38:21.161 [Test worker] DEBUG org.apache.velocity - VM #includeBrief: too few arguments to macro. Wanted 5 got 4
21:38:21.161 [Test worker] DEBUG org.apache.velocity - VM #includeBrief: too few arguments to macro. Wanted 5 got 4
21:38:21.161 [Test worker] DEBUG org.apache.velocity - VM #includeBrief: too few arguments to macro. Wanted 5 got 4
21:38:21.161 [Test worker] DEBUG org.apache.velocity - VM #includeBrief: too few arguments to macro. Wanted 5 got 4
21:38:21.161 [Test worker] DEBUG org.apache.velocity - VM #includeBrief: too few arguments to macro. Wanted 5 got 4
21:38:21.161 [Test worker] DEBUG org.apache.velocity - VM #includeBrief: too few arguments to macro. Wanted 5 got 4
21:38:21.161 [Test worker] DEBUG org.apache.velocity - VM #includeBrief: too few arguments to macro. Wanted 5 got 4
21:38:21.161 [Test worker] DEBUG org.apache.velocity - VM #includeBrief: too few arguments to macro. Wanted 5 got 4
21:38:21.161 [Test worker] DEBUG org.apache.velocity - VM #includeBrief: too few arguments to macro. Wanted 5 got 4
21:38:21.161 [Test worker] DEBUG org.apache.velocity - VM #includeBrief: too few arguments to macro. Wanted 5 got 4
21:38:21.161 [Test worker] DEBUG org.apache.velocity - VM #includeBrief: too few arguments to macro. Wanted 5 got 4
21:38:21.161 [Test worker] DEBUG org.apache.velocity - VM #includeBrief: too few arguments to macro. Wanted 5 got 4
21:38:21.161 [Test worker] DEBUG org.apache.velocity - VM #includeBrief: too few arguments to macro. Wanted 5 got 4
21:38:21.161 [Test worker] DEBUG org.apache.velocity - VM #includeBrief: too few arguments to macro. Wanted 5 got 4
21:38:21.161 [Test worker] DEBUG org.apache.velocity - VM #includeBrief: too few arguments to macro. Wanted 5 got 4
21:38:21.161 [Test worker] DEBUG org.apache.velocity - VM #includeBrief: too few arguments to macro. Wanted 5 got 4
21:38:21.161 [Test worker] DEBUG org.apache.velocity - VM #includeBrief: too few arguments to macro. Wanted 5 got 4
21:38:21.161 [Test worker] DEBUG org.apache.velocity - VM #includeBrief: too few arguments to macro. Wanted 5 got 4
21:38:21.161 [Test worker] DEBUG org.apache.velocity - ResourceManager : found /templates/footer.vm with loader org.apache.velocity.runtime.resource.loader.ClasspathResourceLoader
21:38:21.176 [Test worker] DEBUG org.apache.velocity - ResourceManager : found templates/generators/overviewTags.vm with loader org.apache.velocity.runtime.resource.loader.ClasspathResourceLoader
21:38:21.217 [Test worker] DEBUG org.apache.velocity - ResourceManager : found /templates/headers.vm with loader org.apache.velocity.runtime.resource.loader.ClasspathResourceLoader
21:38:21.218 [Test worker] DEBUG org.apache.velocity - ResourceManager : found /templates/head.vm with loader org.apache.velocity.runtime.resource.loader.ClasspathResourceLoader
21:38:21.219 [Test worker] DEBUG org.apache.velocity - Velocimacro : added VM stringArray: source=/templates/macros/array.js.vm
21:38:21.219 [Test worker] DEBUG org.apache.velocity - Velocimacro : added VM numberArray: source=/templates/macros/array.js.vm
21:38:21.219 [Test worker] DEBUG org.apache.velocity - ResourceManager : found /templates/macros/array.js.vm with loader org.apache.velocity.runtime.resource.loader.ClasspathResourceLoader
21:38:21.220 [Test worker] DEBUG org.apache.velocity - Velocimacro : added VM includeBuildInfo: source=/templates/macros/page/buildinfo.vm
21:38:21.220 [Test worker] DEBUG org.apache.velocity - ResourceManager : found /templates/macros/page/buildinfo.vm with loader org.apache.velocity.runtime.resource.loader.ClasspathResourceLoader
21:38:21.221 [Test worker] DEBUG org.apache.velocity - Velocimacro : added VM includeClassifications: source=/templates/macros/page/classifications.vm
21:38:21.221 [Test worker] DEBUG org.apache.velocity - ResourceManager : found /templates/macros/page/classifications.vm with loader org.apache.velocity.runtime.resource.loader.ClasspathResourceLoader
21:38:21.222 [Test worker] DEBUG org.apache.velocity - Velocimacro : added VM includeLead: source=/templates/macros/page/lead.vm
21:38:21.223 [Test worker] DEBUG org.apache.velocity - ResourceManager : found /templates/macros/page/lead.vm with loader org.apache.velocity.runtime.resource.loader.ClasspathResourceLoader
21:38:21.224 [Test worker] DEBUG org.apache.velocity - Velocimacro : added VM includeNavigation: source=/templates/macros/page/navigation.vm
21:38:21.224 [Test worker] DEBUG org.apache.velocity - ResourceManager : found /templates/macros/page/navigation.vm with loader org.apache.velocity.runtime.resource.loader.ClasspathResourceLoader
21:38:21.225 [Test worker] DEBUG org.apache.velocity - Velocimacro : added VM includeReportInfo: source=/templates/macros/page/reportInfo.vm
21:38:21.225 [Test worker] DEBUG org.apache.velocity - ResourceManager : found /templates/macros/page/reportInfo.vm with loader org.apache.velocity.runtime.resource.loader.ClasspathResourceLoader
21:38:21.226 [Test worker] DEBUG org.apache.velocity - Velocimacro : added VM includeTitle: source=/templates/macros/page/title.vm
21:38:21.226 [Test worker] DEBUG org.apache.velocity - ResourceManager : found /templates/macros/page/title.vm with loader org.apache.velocity.runtime.resource.loader.ClasspathResourceLoader
21:38:21.227 [Test worker] DEBUG org.apache.velocity - Velocimacro : added VM includeExpandingButtons: source=/templates/macros/report/expandAllButtons.vm
21:38:21.227 [Test worker] DEBUG org.apache.velocity - ResourceManager : found /templates/macros/report/expandAllButtons.vm with loader org.apache.velocity.runtime.resource.loader.ClasspathResourceLoader
21:38:21.228 [Test worker] DEBUG org.apache.velocity - Velocimacro : added VM includeReportTable: source=/templates/macros/report/reportTable.vm
21:38:21.228 [Test worker] DEBUG org.apache.velocity - ResourceManager : found /templates/macros/report/reportTable.vm with loader org.apache.velocity.runtime.resource.loader.ClasspathResourceLoader
21:38:21.229 [Test worker] DEBUG org.apache.velocity - Velocimacro : added VM includeReportHeader: source=/templates/macros/report/reportHeader.vm
21:38:21.229 [Test worker] DEBUG org.apache.velocity - ResourceManager : found /templates/macros/report/reportHeader.vm with loader org.apache.velocity.runtime.resource.loader.ClasspathResourceLoader
21:38:21.231 [Test worker] DEBUG org.apache.velocity - Velocimacro : added VM includeStatsTable: source=/templates/macros/report/statsTable.vm
21:38:21.231 [Test worker] DEBUG org.apache.velocity - ResourceManager : found /templates/macros/report/statsTable.vm with loader org.apache.velocity.runtime.resource.loader.ClasspathResourceLoader
21:38:21.232 [Test worker] DEBUG org.apache.velocity - Velocimacro : added VM includeBrief: source=/templates/macros/json/brief.vm
21:38:21.232 [Test worker] DEBUG org.apache.velocity - ResourceManager : found /templates/macros/json/brief.vm with loader org.apache.velocity.runtime.resource.loader.ClasspathResourceLoader
21:38:21.232 [Test worker] DEBUG org.apache.velocity - Velocimacro : added VM includeDocString: source=/templates/macros/json/docstring.vm
21:38:21.232 [Test worker] DEBUG org.apache.velocity - ResourceManager : found /templates/macros/json/docstring.vm with loader org.apache.velocity.runtime.resource.loader.ClasspathResourceLoader
21:38:21.233 [Test worker] DEBUG org.apache.velocity - Velocimacro : added VM includeDuration: source=/templates/macros/json/duration.vm
21:38:21.234 [Test worker] DEBUG org.apache.velocity - ResourceManager : found /templates/macros/json/duration.vm with loader org.apache.velocity.runtime.resource.loader.ClasspathResourceLoader
21:38:21.236 [Test worker] DEBUG org.apache.velocity - Velocimacro : added VM includeElement: source=/templates/macros/json/element.vm
21:38:21.236 [Test worker] DEBUG org.apache.velocity - ResourceManager : found /templates/macros/json/element.vm with loader org.apache.velocity.runtime.resource.loader.ClasspathResourceLoader
21:38:21.238 [Test worker] DEBUG org.apache.velocity - Velocimacro : added VM includeEmbeddings: source=/templates/macros/json/embeddings.vm
21:38:21.238 [Test worker] DEBUG org.apache.velocity - Velocimacro : added VM includeHtmlEmbedding: source=/templates/macros/json/embeddings.vm
21:38:21.238 [Test worker] DEBUG org.apache.velocity - Velocimacro : added VM includeImageEmbedding: source=/templates/macros/json/embeddings.vm
21:38:21.238 [Test worker] DEBUG org.apache.velocity - Velocimacro : added VM includeImageReferenceEmbedding: source=/templates/macros/json/embeddings.vm
21:38:21.239 [Test worker] DEBUG org.apache.velocity - Velocimacro : added VM includeTextEmbedding: source=/templates/macros/json/embeddings.vm
21:38:21.239 [Test worker] DEBUG org.apache.velocity - Velocimacro : added VM includeUnknownEmbedding: source=/templates/macros/json/embeddings.vm
21:38:21.239 [Test worker] DEBUG org.apache.velocity - ResourceManager : found /templates/macros/json/embeddings.vm with loader org.apache.velocity.runtime.resource.loader.ClasspathResourceLoader
21:38:21.240 [Test worker] DEBUG org.apache.velocity - Velocimacro : added VM includeHooks: source=/templates/macros/json/hooks.vm
21:38:21.240 [Test worker] DEBUG org.apache.velocity - ResourceManager : found /templates/macros/json/hooks.vm with loader org.apache.velocity.runtime.resource.loader.ClasspathResourceLoader
21:38:21.241 [Test worker] DEBUG org.apache.velocity - Velocimacro : added VM includeOutput: source=/templates/macros/json/output.vm
21:38:21.241 [Test worker] DEBUG org.apache.velocity - ResourceManager : found /templates/macros/json/output.vm with loader org.apache.velocity.runtime.resource.loader.ClasspathResourceLoader
21:38:21.242 [Test worker] DEBUG org.apache.velocity - Velocimacro : added VM includeMessage: source=/templates/macros/json/message.vm
21:38:21.242 [Test worker] DEBUG org.apache.velocity - ResourceManager : found /templates/macros/json/message.vm with loader org.apache.velocity.runtime.resource.loader.ClasspathResourceLoader
21:38:21.243 [Test worker] DEBUG org.apache.velocity - Velocimacro : added VM includeSteps: source=/templates/macros/json/steps.vm
21:38:21.243 [Test worker] DEBUG org.apache.velocity - ResourceManager : found /templates/macros/json/steps.vm with loader org.apache.velocity.runtime.resource.loader.ClasspathResourceLoader
21:38:21.244 [Test worker] DEBUG org.apache.velocity - Velocimacro : added VM includeTags: source=/templates/macros/json/tags.vm
21:38:21.244 [Test worker] DEBUG org.apache.velocity - ResourceManager : found /templates/macros/json/tags.vm with loader org.apache.velocity.runtime.resource.loader.ClasspathResourceLoader
21:38:21.246 [Test worker] DEBUG org.apache.velocity - ResourceManager : found /templates/js/tags-chart.js.vm with loader org.apache.velocity.runtime.resource.loader.ClasspathResourceLoader
21:38:21.247 [Test worker] DEBUG org.apache.velocity - ResourceManager : found /templates/footer.vm with loader org.apache.velocity.runtime.resource.loader.ClasspathResourceLoader
21:38:21.247 [Test worker] DEBUG org.apache.velocity - ResourceManager : found templates/generators/reportTag.vm with loader org.apache.velocity.runtime.resource.loader.ClasspathResourceLoader
21:38:21.247 [Test worker] DEBUG org.apache.velocity - ResourceManager : found /templates/headers.vm with loader org.apache.velocity.runtime.resource.loader.ClasspathResourceLoader
21:38:21.247 [Test worker] DEBUG org.apache.velocity - ResourceManager : found /templates/head.vm with loader org.apache.velocity.runtime.resource.loader.ClasspathResourceLoader
21:38:21.247 [Test worker] DEBUG org.apache.velocity - Velocimacro : added VM stringArray: source=/templates/macros/array.js.vm
21:38:21.247 [Test worker] DEBUG org.apache.velocity - Velocimacro : added VM numberArray: source=/templates/macros/array.js.vm
21:38:21.247 [Test worker] DEBUG org.apache.velocity - ResourceManager : found /templates/macros/array.js.vm with loader org.apache.velocity.runtime.resource.loader.ClasspathResourceLoader
21:38:21.247 [Test worker] DEBUG org.apache.velocity - Velocimacro : added VM includeBuildInfo: source=/templates/macros/page/buildinfo.vm
21:38:21.247 [Test worker] DEBUG org.apache.velocity - ResourceManager : found /templates/macros/page/buildinfo.vm with loader org.apache.velocity.runtime.resource.loader.ClasspathResourceLoader
21:38:21.247 [Test worker] DEBUG org.apache.velocity - Velocimacro : added VM includeClassifications: source=/templates/macros/page/classifications.vm
21:38:21.247 [Test worker] DEBUG org.apache.velocity - ResourceManager : found /templates/macros/page/classifications.vm with loader org.apache.velocity.runtime.resource.loader.ClasspathResourceLoader
21:38:21.247 [Test worker] DEBUG org.apache.velocity - Velocimacro : added VM includeLead: source=/templates/macros/page/lead.vm
21:38:21.247 [Test worker] DEBUG org.apache.velocity - ResourceManager : found /templates/macros/page/lead.vm with loader org.apache.velocity.runtime.resource.loader.ClasspathResourceLoader
21:38:21.247 [Test worker] DEBUG org.apache.velocity - Velocimacro : added VM includeNavigation: source=/templates/macros/page/navigation.vm
21:38:21.247 [Test worker] DEBUG org.apache.velocity - ResourceManager : found /templates/macros/page/navigation.vm with loader org.apache.velocity.runtime.resource.loader.ClasspathResourceLoader
21:38:21.263 [Test worker] DEBUG org.apache.velocity - Velocimacro : added VM includeReportInfo: source=/templates/macros/page/reportInfo.vm
21:38:21.263 [Test worker] DEBUG org.apache.velocity - ResourceManager : found /templates/macros/page/reportInfo.vm with loader org.apache.velocity.runtime.resource.loader.ClasspathResourceLoader
21:38:21.263 [Test worker] DEBUG org.apache.velocity - Velocimacro : added VM includeTitle: source=/templates/macros/page/title.vm
21:38:21.263 [Test worker] DEBUG org.apache.velocity - ResourceManager : found /templates/macros/page/title.vm with loader org.apache.velocity.runtime.resource.loader.ClasspathResourceLoader
21:38:21.263 [Test worker] DEBUG org.apache.velocity - Velocimacro : added VM includeExpandingButtons: source=/templates/macros/report/expandAllButtons.vm
21:38:21.263 [Test worker] DEBUG org.apache.velocity - ResourceManager : found /templates/macros/report/expandAllButtons.vm with loader org.apache.velocity.runtime.resource.loader.ClasspathResourceLoader
21:38:21.263 [Test worker] DEBUG org.apache.velocity - Velocimacro : added VM includeReportTable: source=/templates/macros/report/reportTable.vm
21:38:21.263 [Test worker] DEBUG org.apache.velocity - ResourceManager : found /templates/macros/report/reportTable.vm with loader org.apache.velocity.runtime.resource.loader.ClasspathResourceLoader
21:38:21.263 [Test worker] DEBUG org.apache.velocity - Velocimacro : added VM includeReportHeader: source=/templates/macros/report/reportHeader.vm
21:38:21.263 [Test worker] DEBUG org.apache.velocity - ResourceManager : found /templates/macros/report/reportHeader.vm with loader org.apache.velocity.runtime.resource.loader.ClasspathResourceLoader
21:38:21.263 [Test worker] DEBUG org.apache.velocity - Velocimacro : added VM includeStatsTable: source=/templates/macros/report/statsTable.vm
21:38:21.263 [Test worker] DEBUG org.apache.velocity - ResourceManager : found /templates/macros/report/statsTable.vm with loader org.apache.velocity.runtime.resource.loader.ClasspathResourceLoader
21:38:21.263 [Test worker] DEBUG org.apache.velocity - Velocimacro : added VM includeBrief: source=/templates/macros/json/brief.vm
21:38:21.263 [Test worker] DEBUG org.apache.velocity - ResourceManager : found /templates/macros/json/brief.vm with loader org.apache.velocity.runtime.resource.loader.ClasspathResourceLoader
21:38:21.263 [Test worker] DEBUG org.apache.velocity - Velocimacro : added VM includeDocString: source=/templates/macros/json/docstring.vm
21:38:21.263 [Test worker] DEBUG org.apache.velocity - ResourceManager : found /templates/macros/json/docstring.vm with loader org.apache.velocity.runtime.resource.loader.ClasspathResourceLoader
21:38:21.263 [Test worker] DEBUG org.apache.velocity - Velocimacro : added VM includeDuration: source=/templates/macros/json/duration.vm
21:38:21.263 [Test worker] DEBUG org.apache.velocity - ResourceManager : found /templates/macros/json/duration.vm with loader org.apache.velocity.runtime.resource.loader.ClasspathResourceLoader
21:38:21.263 [Test worker] DEBUG org.apache.velocity - Velocimacro : added VM includeElement: source=/templates/macros/json/element.vm
21:38:21.263 [Test worker] DEBUG org.apache.velocity - ResourceManager : found /templates/macros/json/element.vm with loader org.apache.velocity.runtime.resource.loader.ClasspathResourceLoader
21:38:21.278 [Test worker] DEBUG org.apache.velocity - Velocimacro : added VM includeEmbeddings: source=/templates/macros/json/embeddings.vm
21:38:21.278 [Test worker] DEBUG org.apache.velocity - Velocimacro : added VM includeHtmlEmbedding: source=/templates/macros/json/embeddings.vm
21:38:21.278 [Test worker] DEBUG org.apache.velocity - Velocimacro : added VM includeImageEmbedding: source=/templates/macros/json/embeddings.vm
21:38:21.278 [Test worker] DEBUG org.apache.velocity - Velocimacro : added VM includeImageReferenceEmbedding: source=/templates/macros/json/embeddings.vm
21:38:21.278 [Test worker] DEBUG org.apache.velocity - Velocimacro : added VM includeTextEmbedding: source=/templates/macros/json/embeddings.vm
21:38:21.278 [Test worker] DEBUG org.apache.velocity - Velocimacro : added VM includeUnknownEmbedding: source=/templates/macros/json/embeddings.vm
21:38:21.278 [Test worker] DEBUG org.apache.velocity - ResourceManager : found /templates/macros/json/embeddings.vm with loader org.apache.velocity.runtime.resource.loader.ClasspathResourceLoader
21:38:21.278 [Test worker] DEBUG org.apache.velocity - Velocimacro : added VM includeHooks: source=/templates/macros/json/hooks.vm
21:38:21.278 [Test worker] DEBUG org.apache.velocity - ResourceManager : found /templates/macros/json/hooks.vm with loader org.apache.velocity.runtime.resource.loader.ClasspathResourceLoader
21:38:21.278 [Test worker] DEBUG org.apache.velocity - Velocimacro : added VM includeOutput: source=/templates/macros/json/output.vm
21:38:21.278 [Test worker] DEBUG org.apache.velocity - ResourceManager : found /templates/macros/json/output.vm with loader org.apache.velocity.runtime.resource.loader.ClasspathResourceLoader
21:38:21.278 [Test worker] DEBUG org.apache.velocity - Velocimacro : added VM includeMessage: source=/templates/macros/json/message.vm
21:38:21.278 [Test worker] DEBUG org.apache.velocity - ResourceManager : found /templates/macros/json/message.vm with loader org.apache.velocity.runtime.resource.loader.ClasspathResourceLoader
21:38:21.278 [Test worker] DEBUG org.apache.velocity - Velocimacro : added VM includeSteps: source=/templates/macros/json/steps.vm
21:38:21.278 [Test worker] DEBUG org.apache.velocity - ResourceManager : found /templates/macros/json/steps.vm with loader org.apache.velocity.runtime.resource.loader.ClasspathResourceLoader
21:38:21.278 [Test worker] DEBUG org.apache.velocity - Velocimacro : added VM includeTags: source=/templates/macros/json/tags.vm
21:38:21.278 [Test worker] DEBUG org.apache.velocity - ResourceManager : found /templates/macros/json/tags.vm with loader org.apache.velocity.runtime.resource.loader.ClasspathResourceLoader
21:38:21.278 [Test worker] DEBUG org.apache.velocity - VM #includeNavigation: too few arguments to macro. Wanted 1 got 0
21:38:21.278 [Test worker] DEBUG org.apache.velocity - Left side ($active_tab) of '==' operation has null value. If it is a reference, it may not be in the context or its toString() returned null. /templates/macros/page/navigation.vm[line 14, column 51]
21:38:21.278 [Test worker] DEBUG org.apache.velocity - Left side ($active_tab) of '==' operation has null value. If it is a reference, it may not be in the context or its toString() returned null. /templates/macros/page/navigation.vm[line 15, column 51]
21:38:21.278 [Test worker] DEBUG org.apache.velocity - Left side ($active_tab) of '==' operation has null value. If it is a reference, it may not be in the context or its toString() returned null. /templates/macros/page/navigation.vm[line 16, column 51]
21:38:21.278 [Test worker] DEBUG org.apache.velocity - Left side ($active_tab) of '==' operation has null value. If it is a reference, it may not be in the context or its toString() returned null. /templates/macros/page/navigation.vm[line 20, column 51]
21:38:21.278 [Test worker] DEBUG org.apache.velocity - VM #includeLead: too few arguments to macro. Wanted 2 got 1
21:38:21.278 [Test worker] DEBUG org.apache.velocity - VM #includeBrief: too few arguments to macro. Wanted 5 got 4
21:38:21.278 [Test worker] DEBUG org.apache.velocity - VM #includeBrief: too few arguments to macro. Wanted 5 got 4
21:38:21.278 [Test worker] DEBUG org.apache.velocity - VM #includeBrief: too few arguments to macro. Wanted 5 got 4
21:38:21.278 [Test worker] DEBUG org.apache.velocity - VM #includeBrief: too few arguments to macro. Wanted 5 got 4
21:38:21.294 [Test worker] DEBUG org.apache.velocity - VM #includeBrief: too few arguments to macro. Wanted 5 got 4
21:38:21.294 [Test worker] DEBUG org.apache.velocity - VM #includeBrief: too few arguments to macro. Wanted 5 got 4
21:38:21.294 [Test worker] DEBUG org.apache.velocity - VM #includeBrief: too few arguments to macro. Wanted 5 got 4
21:38:21.294 [Test worker] DEBUG org.apache.velocity - VM #includeBrief: too few arguments to macro. Wanted 5 got 4
21:38:21.294 [Test worker] DEBUG org.apache.velocity - ResourceManager : found /templates/footer.vm with loader org.apache.velocity.runtime.resource.loader.ClasspathResourceLoader
21:38:21.310 [Test worker] DEBUG org.apache.velocity - ResourceManager : found templates/generators/reportTag.vm with loader org.apache.velocity.runtime.resource.loader.ClasspathResourceLoader
21:38:21.310 [Test worker] DEBUG org.apache.velocity - ResourceManager : found /templates/headers.vm with loader org.apache.velocity.runtime.resource.loader.ClasspathResourceLoader
21:38:21.310 [Test worker] DEBUG org.apache.velocity - ResourceManager : found /templates/head.vm with loader org.apache.velocity.runtime.resource.loader.ClasspathResourceLoader
21:38:21.310 [Test worker] DEBUG org.apache.velocity - Velocimacro : added VM stringArray: source=/templates/macros/array.js.vm
21:38:21.310 [Test worker] DEBUG org.apache.velocity - Velocimacro : added VM numberArray: source=/templates/macros/array.js.vm
21:38:21.310 [Test worker] DEBUG org.apache.velocity - ResourceManager : found /templates/macros/array.js.vm with loader org.apache.velocity.runtime.resource.loader.ClasspathResourceLoader
21:38:21.310 [Test worker] DEBUG org.apache.velocity - Velocimacro : added VM includeBuildInfo: source=/templates/macros/page/buildinfo.vm
21:38:21.310 [Test worker] DEBUG org.apache.velocity - ResourceManager : found /templates/macros/page/buildinfo.vm with loader org.apache.velocity.runtime.resource.loader.ClasspathResourceLoader
21:38:21.310 [Test worker] DEBUG org.apache.velocity - Velocimacro : added VM includeClassifications: source=/templates/macros/page/classifications.vm
21:38:21.310 [Test worker] DEBUG org.apache.velocity - ResourceManager : found /templates/macros/page/classifications.vm with loader org.apache.velocity.runtime.resource.loader.ClasspathResourceLoader
21:38:21.310 [Test worker] DEBUG org.apache.velocity - Velocimacro : added VM includeLead: source=/templates/macros/page/lead.vm
21:38:21.310 [Test worker] DEBUG org.apache.velocity - ResourceManager : found /templates/macros/page/lead.vm with loader org.apache.velocity.runtime.resource.loader.ClasspathResourceLoader
21:38:21.310 [Test worker] DEBUG org.apache.velocity - Velocimacro : added VM includeNavigation: source=/templates/macros/page/navigation.vm
21:38:21.310 [Test worker] DEBUG org.apache.velocity - ResourceManager : found /templates/macros/page/navigation.vm with loader org.apache.velocity.runtime.resource.loader.ClasspathResourceLoader
21:38:21.310 [Test worker] DEBUG org.apache.velocity - Velocimacro : added VM includeReportInfo: source=/templates/macros/page/reportInfo.vm
21:38:21.310 [Test worker] DEBUG org.apache.velocity - ResourceManager : found /templates/macros/page/reportInfo.vm with loader org.apache.velocity.runtime.resource.loader.ClasspathResourceLoader
21:38:21.310 [Test worker] DEBUG org.apache.velocity - Velocimacro : added VM includeTitle: source=/templates/macros/page/title.vm
21:38:21.310 [Test worker] DEBUG org.apache.velocity - ResourceManager : found /templates/macros/page/title.vm with loader org.apache.velocity.runtime.resource.loader.ClasspathResourceLoader
21:38:21.310 [Test worker] DEBUG org.apache.velocity - Velocimacro : added VM includeExpandingButtons: source=/templates/macros/report/expandAllButtons.vm
21:38:21.310 [Test worker] DEBUG org.apache.velocity - ResourceManager : found /templates/macros/report/expandAllButtons.vm with loader org.apache.velocity.runtime.resource.loader.ClasspathResourceLoader
21:38:21.310 [Test worker] DEBUG org.apache.velocity - Velocimacro : added VM includeReportTable: source=/templates/macros/report/reportTable.vm
21:38:21.310 [Test worker] DEBUG org.apache.velocity - ResourceManager : found /templates/macros/report/reportTable.vm with loader org.apache.velocity.runtime.resource.loader.ClasspathResourceLoader
21:38:21.310 [Test worker] DEBUG org.apache.velocity - Velocimacro : added VM includeReportHeader: source=/templates/macros/report/reportHeader.vm
21:38:21.310 [Test worker] DEBUG org.apache.velocity - ResourceManager : found /templates/macros/report/reportHeader.vm with loader org.apache.velocity.runtime.resource.loader.ClasspathResourceLoader
21:38:21.310 [Test worker] DEBUG org.apache.velocity - Velocimacro : added VM includeStatsTable: source=/templates/macros/report/statsTable.vm
21:38:21.310 [Test worker] DEBUG org.apache.velocity - ResourceManager : found /templates/macros/report/statsTable.vm with loader org.apache.velocity.runtime.resource.loader.ClasspathResourceLoader
21:38:21.325 [Test worker] DEBUG org.apache.velocity - Velocimacro : added VM includeBrief: source=/templates/macros/json/brief.vm
21:38:21.325 [Test worker] DEBUG org.apache.velocity - ResourceManager : found /templates/macros/json/brief.vm with loader org.apache.velocity.runtime.resource.loader.ClasspathResourceLoader
21:38:21.325 [Test worker] DEBUG org.apache.velocity - Velocimacro : added VM includeDocString: source=/templates/macros/json/docstring.vm
21:38:21.325 [Test worker] DEBUG org.apache.velocity - ResourceManager : found /templates/macros/json/docstring.vm with loader org.apache.velocity.runtime.resource.loader.ClasspathResourceLoader
21:38:21.325 [Test worker] DEBUG org.apache.velocity - Velocimacro : added VM includeDuration: source=/templates/macros/json/duration.vm
21:38:21.325 [Test worker] DEBUG org.apache.velocity - ResourceManager : found /templates/macros/json/duration.vm with loader org.apache.velocity.runtime.resource.loader.ClasspathResourceLoader
21:38:21.325 [Test worker] DEBUG org.apache.velocity - Velocimacro : added VM includeElement: source=/templates/macros/json/element.vm
21:38:21.325 [Test worker] DEBUG org.apache.velocity - ResourceManager : found /templates/macros/json/element.vm with loader org.apache.velocity.runtime.resource.loader.ClasspathResourceLoader
21:38:21.325 [Test worker] DEBUG org.apache.velocity - Velocimacro : added VM includeEmbeddings: source=/templates/macros/json/embeddings.vm
21:38:21.325 [Test worker] DEBUG org.apache.velocity - Velocimacro : added VM includeHtmlEmbedding: source=/templates/macros/json/embeddings.vm
21:38:21.325 [Test worker] DEBUG org.apache.velocity - Velocimacro : added VM includeImageEmbedding: source=/templates/macros/json/embeddings.vm
21:38:21.325 [Test worker] DEBUG org.apache.velocity - Velocimacro : added VM includeImageReferenceEmbedding: source=/templates/macros/json/embeddings.vm
21:38:21.325 [Test worker] DEBUG org.apache.velocity - Velocimacro : added VM includeTextEmbedding: source=/templates/macros/json/embeddings.vm
21:38:21.325 [Test worker] DEBUG org.apache.velocity - Velocimacro : added VM includeUnknownEmbedding: source=/templates/macros/json/embeddings.vm
21:38:21.325 [Test worker] DEBUG org.apache.velocity - ResourceManager : found /templates/macros/json/embeddings.vm with loader org.apache.velocity.runtime.resource.loader.ClasspathResourceLoader
21:38:21.325 [Test worker] DEBUG org.apache.velocity - Velocimacro : added VM includeHooks: source=/templates/macros/json/hooks.vm
21:38:21.325 [Test worker] DEBUG org.apache.velocity - ResourceManager : found /templates/macros/json/hooks.vm with loader org.apache.velocity.runtime.resource.loader.ClasspathResourceLoader
21:38:21.325 [Test worker] DEBUG org.apache.velocity - Velocimacro : added VM includeOutput: source=/templates/macros/json/output.vm
21:38:21.325 [Test worker] DEBUG org.apache.velocity - ResourceManager : found /templates/macros/json/output.vm with loader org.apache.velocity.runtime.resource.loader.ClasspathResourceLoader
21:38:21.325 [Test worker] DEBUG org.apache.velocity - Velocimacro : added VM includeMessage: source=/templates/macros/json/message.vm
21:38:21.325 [Test worker] DEBUG org.apache.velocity - ResourceManager : found /templates/macros/json/message.vm with loader org.apache.velocity.runtime.resource.loader.ClasspathResourceLoader
21:38:21.325 [Test worker] DEBUG org.apache.velocity - Velocimacro : added VM includeSteps: source=/templates/macros/json/steps.vm
21:38:21.325 [Test worker] DEBUG org.apache.velocity - ResourceManager : found /templates/macros/json/steps.vm with loader org.apache.velocity.runtime.resource.loader.ClasspathResourceLoader
21:38:21.325 [Test worker] DEBUG org.apache.velocity - Velocimacro : added VM includeTags: source=/templates/macros/json/tags.vm
21:38:21.325 [Test worker] DEBUG org.apache.velocity - ResourceManager : found /templates/macros/json/tags.vm with loader org.apache.velocity.runtime.resource.loader.ClasspathResourceLoader
21:38:21.325 [Test worker] DEBUG org.apache.velocity - VM #includeNavigation: too few arguments to macro. Wanted 1 got 0
21:38:21.325 [Test worker] DEBUG org.apache.velocity - Left side ($active_tab) of '==' operation has null value. If it is a reference, it may not be in the context or its toString() returned null. /templates/macros/page/navigation.vm[line 14, column 51]
21:38:21.325 [Test worker] DEBUG org.apache.velocity - Left side ($active_tab) of '==' operation has null value. If it is a reference, it may not be in the context or its toString() returned null. /templates/macros/page/navigation.vm[line 15, column 51]
21:38:21.325 [Test worker] DEBUG org.apache.velocity - Left side ($active_tab) of '==' operation has null value. If it is a reference, it may not be in the context or its toString() returned null. /templates/macros/page/navigation.vm[line 16, column 51]
21:38:21.325 [Test worker] DEBUG org.apache.velocity - Left side ($active_tab) of '==' operation has null value. If it is a reference, it may not be in the context or its toString() returned null. /templates/macros/page/navigation.vm[line 20, column 51]
21:38:21.325 [Test worker] DEBUG org.apache.velocity - VM #includeLead: too few arguments to macro. Wanted 2 got 1
21:38:21.325 [Test worker] DEBUG org.apache.velocity - VM #includeBrief: too few arguments to macro. Wanted 5 got 4
21:38:21.325 [Test worker] DEBUG org.apache.velocity - VM #includeBrief: too few arguments to macro. Wanted 5 got 4
21:38:21.325 [Test worker] DEBUG org.apache.velocity - VM #includeBrief: too few arguments to macro. Wanted 5 got 4
21:38:21.325 [Test worker] DEBUG org.apache.velocity - VM #includeBrief: too few arguments to macro. Wanted 5 got 4
21:38:21.341 [Test worker] DEBUG org.apache.velocity - VM #includeBrief: too few arguments to macro. Wanted 5 got 4
21:38:21.341 [Test worker] DEBUG org.apache.velocity - VM #includeBrief: too few arguments to macro. Wanted 5 got 4
21:38:21.341 [Test worker] DEBUG org.apache.velocity - VM #includeBrief: too few arguments to macro. Wanted 5 got 4
21:38:21.341 [Test worker] DEBUG org.apache.velocity - VM #includeBrief: too few arguments to macro. Wanted 5 got 4
21:38:21.341 [Test worker] DEBUG org.apache.velocity - ResourceManager : found /templates/footer.vm with loader org.apache.velocity.runtime.resource.loader.ClasspathResourceLoader
21:38:21.357 [Test worker] DEBUG org.apache.velocity - ResourceManager : found templates/generators/reportTag.vm with loader org.apache.velocity.runtime.resource.loader.ClasspathResourceLoader
21:38:21.357 [Test worker] DEBUG org.apache.velocity - ResourceManager : found /templates/headers.vm with loader org.apache.velocity.runtime.resource.loader.ClasspathResourceLoader
21:38:21.357 [Test worker] DEBUG org.apache.velocity - ResourceManager : found /templates/head.vm with loader org.apache.velocity.runtime.resource.loader.ClasspathResourceLoader
21:38:21.372 [Test worker] DEBUG org.apache.velocity - Velocimacro : added VM stringArray: source=/templates/macros/array.js.vm
21:38:21.372 [Test worker] DEBUG org.apache.velocity - Velocimacro : added VM numberArray: source=/templates/macros/array.js.vm
21:38:21.372 [Test worker] DEBUG org.apache.velocity - ResourceManager : found /templates/macros/array.js.vm with loader org.apache.velocity.runtime.resource.loader.ClasspathResourceLoader
21:38:21.372 [Test worker] DEBUG org.apache.velocity - Velocimacro : added VM includeBuildInfo: source=/templates/macros/page/buildinfo.vm
21:38:21.372 [Test worker] DEBUG org.apache.velocity - ResourceManager : found /templates/macros/page/buildinfo.vm with loader org.apache.velocity.runtime.resource.loader.ClasspathResourceLoader
21:38:21.372 [Test worker] DEBUG org.apache.velocity - Velocimacro : added VM includeClassifications: source=/templates/macros/page/classifications.vm
21:38:21.372 [Test worker] DEBUG org.apache.velocity - ResourceManager : found /templates/macros/page/classifications.vm with loader org.apache.velocity.runtime.resource.loader.ClasspathResourceLoader
21:38:21.372 [Test worker] DEBUG org.apache.velocity - Velocimacro : added VM includeLead: source=/templates/macros/page/lead.vm
21:38:21.372 [Test worker] DEBUG org.apache.velocity - ResourceManager : found /templates/macros/page/lead.vm with loader org.apache.velocity.runtime.resource.loader.ClasspathResourceLoader
21:38:21.372 [Test worker] DEBUG org.apache.velocity - Velocimacro : added VM includeNavigation: source=/templates/macros/page/navigation.vm
21:38:21.372 [Test worker] DEBUG org.apache.velocity - ResourceManager : found /templates/macros/page/navigation.vm with loader org.apache.velocity.runtime.resource.loader.ClasspathResourceLoader
21:38:21.372 [Test worker] DEBUG org.apache.velocity - Velocimacro : added VM includeReportInfo: source=/templates/macros/page/reportInfo.vm
21:38:21.372 [Test worker] DEBUG org.apache.velocity - ResourceManager : found /templates/macros/page/reportInfo.vm with loader org.apache.velocity.runtime.resource.loader.ClasspathResourceLoader
21:38:21.388 [Test worker] DEBUG org.apache.velocity - Velocimacro : added VM includeTitle: source=/templates/macros/page/title.vm
21:38:21.388 [Test worker] DEBUG org.apache.velocity - ResourceManager : found /templates/macros/page/title.vm with loader org.apache.velocity.runtime.resource.loader.ClasspathResourceLoader
21:38:21.388 [Test worker] DEBUG org.apache.velocity - Velocimacro : added VM includeExpandingButtons: source=/templates/macros/report/expandAllButtons.vm
21:38:21.388 [Test worker] DEBUG org.apache.velocity - ResourceManager : found /templates/macros/report/expandAllButtons.vm with loader org.apache.velocity.runtime.resource.loader.ClasspathResourceLoader
21:38:21.388 [Test worker] DEBUG org.apache.velocity - Velocimacro : added VM includeReportTable: source=/templates/macros/report/reportTable.vm
21:38:21.388 [Test worker] DEBUG org.apache.velocity - ResourceManager : found /templates/macros/report/reportTable.vm with loader org.apache.velocity.runtime.resource.loader.ClasspathResourceLoader
21:38:21.388 [Test worker] DEBUG org.apache.velocity - Velocimacro : added VM includeReportHeader: source=/templates/macros/report/reportHeader.vm
21:38:21.388 [Test worker] DEBUG org.apache.velocity - ResourceManager : found /templates/macros/report/reportHeader.vm with loader org.apache.velocity.runtime.resource.loader.ClasspathResourceLoader
21:38:21.403 [Test worker] DEBUG org.apache.velocity - Velocimacro : added VM includeStatsTable: source=/templates/macros/report/statsTable.vm
21:38:21.403 [Test worker] DEBUG org.apache.velocity - ResourceManager : found /templates/macros/report/statsTable.vm with loader org.apache.velocity.runtime.resource.loader.ClasspathResourceLoader
21:38:21.403 [Test worker] DEBUG org.apache.velocity - Velocimacro : added VM includeBrief: source=/templates/macros/json/brief.vm
21:38:21.403 [Test worker] DEBUG org.apache.velocity - ResourceManager : found /templates/macros/json/brief.vm with loader org.apache.velocity.runtime.resource.loader.ClasspathResourceLoader
21:38:21.403 [Test worker] DEBUG org.apache.velocity - Velocimacro : added VM includeDocString: source=/templates/macros/json/docstring.vm
21:38:21.403 [Test worker] DEBUG org.apache.velocity - ResourceManager : found /templates/macros/json/docstring.vm with loader org.apache.velocity.runtime.resource.loader.ClasspathResourceLoader
21:38:21.403 [Test worker] DEBUG org.apache.velocity - Velocimacro : added VM includeDuration: source=/templates/macros/json/duration.vm
21:38:21.403 [Test worker] DEBUG org.apache.velocity - ResourceManager : found /templates/macros/json/duration.vm with loader org.apache.velocity.runtime.resource.loader.ClasspathResourceLoader
21:38:21.403 [Test worker] DEBUG org.apache.velocity - Velocimacro : added VM includeElement: source=/templates/macros/json/element.vm
21:38:21.419 [Test worker] DEBUG org.apache.velocity - ResourceManager : found /templates/macros/json/element.vm with loader org.apache.velocity.runtime.resource.loader.ClasspathResourceLoader
21:38:21.419 [Test worker] DEBUG org.apache.velocity - Velocimacro : added VM includeEmbeddings: source=/templates/macros/json/embeddings.vm
21:38:21.419 [Test worker] DEBUG org.apache.velocity - Velocimacro : added VM includeHtmlEmbedding: source=/templates/macros/json/embeddings.vm
21:38:21.419 [Test worker] DEBUG org.apache.velocity - Velocimacro : added VM includeImageEmbedding: source=/templates/macros/json/embeddings.vm
21:38:21.419 [Test worker] DEBUG org.apache.velocity - Velocimacro : added VM includeImageReferenceEmbedding: source=/templates/macros/json/embeddings.vm
21:38:21.419 [Test worker] DEBUG org.apache.velocity - Velocimacro : added VM includeTextEmbedding: source=/templates/macros/json/embeddings.vm
21:38:21.419 [Test worker] DEBUG org.apache.velocity - Velocimacro : added VM includeUnknownEmbedding: source=/templates/macros/json/embeddings.vm
21:38:21.419 [Test worker] DEBUG org.apache.velocity - ResourceManager : found /templates/macros/json/embeddings.vm with loader org.apache.velocity.runtime.resource.loader.ClasspathResourceLoader
21:38:21.419 [Test worker] DEBUG org.apache.velocity - Velocimacro : added VM includeHooks: source=/templates/macros/json/hooks.vm
21:38:21.419 [Test worker] DEBUG org.apache.velocity - ResourceManager : found /templates/macros/json/hooks.vm with loader org.apache.velocity.runtime.resource.loader.ClasspathResourceLoader
21:38:21.419 [Test worker] DEBUG org.apache.velocity - Velocimacro : added VM includeOutput: source=/templates/macros/json/output.vm
21:38:21.419 [Test worker] DEBUG org.apache.velocity - ResourceManager : found /templates/macros/json/output.vm with loader org.apache.velocity.runtime.resource.loader.ClasspathResourceLoader
21:38:21.419 [Test worker] DEBUG org.apache.velocity - Velocimacro : added VM includeMessage: source=/templates/macros/json/message.vm
21:38:21.419 [Test worker] DEBUG org.apache.velocity - ResourceManager : found /templates/macros/json/message.vm with loader org.apache.velocity.runtime.resource.loader.ClasspathResourceLoader
21:38:21.419 [Test worker] DEBUG org.apache.velocity - Velocimacro : added VM includeSteps: source=/templates/macros/json/steps.vm
21:38:21.419 [Test worker] DEBUG org.apache.velocity - ResourceManager : found /templates/macros/json/steps.vm with loader org.apache.velocity.runtime.resource.loader.ClasspathResourceLoader
21:38:21.419 [Test worker] DEBUG org.apache.velocity - Velocimacro : added VM includeTags: source=/templates/macros/json/tags.vm
21:38:21.419 [Test worker] DEBUG org.apache.velocity - ResourceManager : found /templates/macros/json/tags.vm with loader org.apache.velocity.runtime.resource.loader.ClasspathResourceLoader
21:38:21.419 [Test worker] DEBUG org.apache.velocity - VM #includeNavigation: too few arguments to macro. Wanted 1 got 0
21:38:21.419 [Test worker] DEBUG org.apache.velocity - Left side ($active_tab) of '==' operation has null value. If it is a reference, it may not be in the context or its toString() returned null. /templates/macros/page/navigation.vm[line 14, column 51]
21:38:21.419 [Test worker] DEBUG org.apache.velocity - Left side ($active_tab) of '==' operation has null value. If it is a reference, it may not be in the context or its toString() returned null. /templates/macros/page/navigation.vm[line 15, column 51]
21:38:21.419 [Test worker] DEBUG org.apache.velocity - Left side ($active_tab) of '==' operation has null value. If it is a reference, it may not be in the context or its toString() returned null. /templates/macros/page/navigation.vm[line 16, column 51]
21:38:21.419 [Test worker] DEBUG org.apache.velocity - Left side ($active_tab) of '==' operation has null value. If it is a reference, it may not be in the context or its toString() returned null. /templates/macros/page/navigation.vm[line 20, column 51]
21:38:21.419 [Test worker] DEBUG org.apache.velocity - VM #includeLead: too few arguments to macro. Wanted 2 got 1
21:38:21.419 [Test worker] DEBUG org.apache.velocity - VM #includeBrief: too few arguments to macro. Wanted 5 got 4
21:38:21.435 [Test worker] DEBUG org.apache.velocity - VM #includeBrief: too few arguments to macro. Wanted 5 got 4
21:38:21.435 [Test worker] DEBUG org.apache.velocity - VM #includeBrief: too few arguments to macro. Wanted 5 got 4
21:38:21.435 [Test worker] DEBUG org.apache.velocity - VM #includeBrief: too few arguments to macro. Wanted 5 got 4
21:38:21.435 [Test worker] DEBUG org.apache.velocity - VM #includeBrief: too few arguments to macro. Wanted 5 got 4
21:38:21.435 [Test worker] DEBUG org.apache.velocity - VM #includeBrief: too few arguments to macro. Wanted 5 got 4
21:38:21.450 [Test worker] DEBUG org.apache.velocity - VM #includeBrief: too few arguments to macro. Wanted 5 got 4
21:38:21.450 [Test worker] DEBUG org.apache.velocity - VM #includeBrief: too few arguments to macro. Wanted 5 got 4
21:38:21.450 [Test worker] DEBUG org.apache.velocity - ResourceManager : found /templates/footer.vm with loader org.apache.velocity.runtime.resource.loader.ClasspathResourceLoader
21:38:21.450 [Test worker] DEBUG org.apache.velocity - ResourceManager : found templates/generators/overviewSteps.vm with loader org.apache.velocity.runtime.resource.loader.ClasspathResourceLoader
21:38:21.450 [Test worker] DEBUG org.apache.velocity - ResourceManager : found /templates/headers.vm with loader org.apache.velocity.runtime.resource.loader.ClasspathResourceLoader
21:38:21.450 [Test worker] DEBUG org.apache.velocity - ResourceManager : found /templates/head.vm with loader org.apache.velocity.runtime.resource.loader.ClasspathResourceLoader
21:38:21.450 [Test worker] DEBUG org.apache.velocity - Velocimacro : added VM stringArray: source=/templates/macros/array.js.vm
21:38:21.450 [Test worker] DEBUG org.apache.velocity - Velocimacro : added VM numberArray: source=/templates/macros/array.js.vm
21:38:21.450 [Test worker] DEBUG org.apache.velocity - ResourceManager : found /templates/macros/array.js.vm with loader org.apache.velocity.runtime.resource.loader.ClasspathResourceLoader
21:38:21.450 [Test worker] DEBUG org.apache.velocity - Velocimacro : added VM includeBuildInfo: source=/templates/macros/page/buildinfo.vm
21:38:21.450 [Test worker] DEBUG org.apache.velocity - ResourceManager : found /templates/macros/page/buildinfo.vm with loader org.apache.velocity.runtime.resource.loader.ClasspathResourceLoader
21:38:21.450 [Test worker] DEBUG org.apache.velocity - Velocimacro : added VM includeClassifications: source=/templates/macros/page/classifications.vm
21:38:21.450 [Test worker] DEBUG org.apache.velocity - ResourceManager : found /templates/macros/page/classifications.vm with loader org.apache.velocity.runtime.resource.loader.ClasspathResourceLoader
21:38:21.450 [Test worker] DEBUG org.apache.velocity - Velocimacro : added VM includeLead: source=/templates/macros/page/lead.vm
21:38:21.450 [Test worker] DEBUG org.apache.velocity - ResourceManager : found /templates/macros/page/lead.vm with loader org.apache.velocity.runtime.resource.loader.ClasspathResourceLoader
21:38:21.466 [Test worker] DEBUG org.apache.velocity - Velocimacro : added VM includeNavigation: source=/templates/macros/page/navigation.vm
21:38:21.466 [Test worker] DEBUG org.apache.velocity - ResourceManager : found /templates/macros/page/navigation.vm with loader org.apache.velocity.runtime.resource.loader.ClasspathResourceLoader
21:38:21.466 [Test worker] DEBUG org.apache.velocity - Velocimacro : added VM includeReportInfo: source=/templates/macros/page/reportInfo.vm
21:38:21.466 [Test worker] DEBUG org.apache.velocity - ResourceManager : found /templates/macros/page/reportInfo.vm with loader org.apache.velocity.runtime.resource.loader.ClasspathResourceLoader
21:38:21.466 [Test worker] DEBUG org.apache.velocity - Velocimacro : added VM includeTitle: source=/templates/macros/page/title.vm
21:38:21.466 [Test worker] DEBUG org.apache.velocity - ResourceManager : found /templates/macros/page/title.vm with loader org.apache.velocity.runtime.resource.loader.ClasspathResourceLoader
21:38:21.466 [Test worker] DEBUG org.apache.velocity - Velocimacro : added VM includeExpandingButtons: source=/templates/macros/report/expandAllButtons.vm
21:38:21.466 [Test worker] DEBUG org.apache.velocity - ResourceManager : found /templates/macros/report/expandAllButtons.vm with loader org.apache.velocity.runtime.resource.loader.ClasspathResourceLoader
21:38:21.466 [Test worker] DEBUG org.apache.velocity - Velocimacro : added VM includeReportTable: source=/templates/macros/report/reportTable.vm
21:38:21.466 [Test worker] DEBUG org.apache.velocity - ResourceManager : found /templates/macros/report/reportTable.vm with loader org.apache.velocity.runtime.resource.loader.ClasspathResourceLoader
21:38:21.466 [Test worker] DEBUG org.apache.velocity - Velocimacro : added VM includeReportHeader: source=/templates/macros/report/reportHeader.vm
21:38:21.466 [Test worker] DEBUG org.apache.velocity - ResourceManager : found /templates/macros/report/reportHeader.vm with loader org.apache.velocity.runtime.resource.loader.ClasspathResourceLoader
21:38:21.466 [Test worker] DEBUG org.apache.velocity - Velocimacro : added VM includeStatsTable: source=/templates/macros/report/statsTable.vm
21:38:21.466 [Test worker] DEBUG org.apache.velocity - ResourceManager : found /templates/macros/report/statsTable.vm with loader org.apache.velocity.runtime.resource.loader.ClasspathResourceLoader
21:38:21.466 [Test worker] DEBUG org.apache.velocity - Velocimacro : added VM includeBrief: source=/templates/macros/json/brief.vm
21:38:21.466 [Test worker] DEBUG org.apache.velocity - ResourceManager : found /templates/macros/json/brief.vm with loader org.apache.velocity.runtime.resource.loader.ClasspathResourceLoader
21:38:21.466 [Test worker] DEBUG org.apache.velocity - Velocimacro : added VM includeDocString: source=/templates/macros/json/docstring.vm
21:38:21.466 [Test worker] DEBUG org.apache.velocity - ResourceManager : found /templates/macros/json/docstring.vm with loader org.apache.velocity.runtime.resource.loader.ClasspathResourceLoader
21:38:21.466 [Test worker] DEBUG org.apache.velocity - Velocimacro : added VM includeDuration: source=/templates/macros/json/duration.vm
21:38:21.466 [Test worker] DEBUG org.apache.velocity - ResourceManager : found /templates/macros/json/duration.vm with loader org.apache.velocity.runtime.resource.loader.ClasspathResourceLoader
21:38:21.481 [Test worker] DEBUG org.apache.velocity - Velocimacro : added VM includeElement: source=/templates/macros/json/element.vm
21:38:21.481 [Test worker] DEBUG org.apache.velocity - ResourceManager : found /templates/macros/json/element.vm with loader org.apache.velocity.runtime.resource.loader.ClasspathResourceLoader
21:38:21.481 [Test worker] DEBUG org.apache.velocity - Velocimacro : added VM includeEmbeddings: source=/templates/macros/json/embeddings.vm
21:38:21.481 [Test worker] DEBUG org.apache.velocity - Velocimacro : added VM includeHtmlEmbedding: source=/templates/macros/json/embeddings.vm
21:38:21.481 [Test worker] DEBUG org.apache.velocity - Velocimacro : added VM includeImageEmbedding: source=/templates/macros/json/embeddings.vm
21:38:21.481 [Test worker] DEBUG org.apache.velocity - Velocimacro : added VM includeImageReferenceEmbedding: source=/templates/macros/json/embeddings.vm
21:38:21.481 [Test worker] DEBUG org.apache.velocity - Velocimacro : added VM includeTextEmbedding: source=/templates/macros/json/embeddings.vm
21:38:21.481 [Test worker] DEBUG org.apache.velocity - Velocimacro : added VM includeUnknownEmbedding: source=/templates/macros/json/embeddings.vm
21:38:21.481 [Test worker] DEBUG org.apache.velocity - ResourceManager : found /templates/macros/json/embeddings.vm with loader org.apache.velocity.runtime.resource.loader.ClasspathResourceLoader
21:38:21.481 [Test worker] DEBUG org.apache.velocity - Velocimacro : added VM includeHooks: source=/templates/macros/json/hooks.vm
21:38:21.481 [Test worker] DEBUG org.apache.velocity - ResourceManager : found /templates/macros/json/hooks.vm with loader org.apache.velocity.runtime.resource.loader.ClasspathResourceLoader
21:38:21.481 [Test worker] DEBUG org.apache.velocity - Velocimacro : added VM includeOutput: source=/templates/macros/json/output.vm
21:38:21.481 [Test worker] DEBUG org.apache.velocity - ResourceManager : found /templates/macros/json/output.vm with loader org.apache.velocity.runtime.resource.loader.ClasspathResourceLoader
21:38:21.481 [Test worker] DEBUG org.apache.velocity - Velocimacro : added VM includeMessage: source=/templates/macros/json/message.vm
21:38:21.481 [Test worker] DEBUG org.apache.velocity - ResourceManager : found /templates/macros/json/message.vm with loader org.apache.velocity.runtime.resource.loader.ClasspathResourceLoader
21:38:21.481 [Test worker] DEBUG org.apache.velocity - Velocimacro : added VM includeSteps: source=/templates/macros/json/steps.vm
21:38:21.481 [Test worker] DEBUG org.apache.velocity - ResourceManager : found /templates/macros/json/steps.vm with loader org.apache.velocity.runtime.resource.loader.ClasspathResourceLoader
21:38:21.481 [Test worker] DEBUG org.apache.velocity - Velocimacro : added VM includeTags: source=/templates/macros/json/tags.vm
21:38:21.481 [Test worker] DEBUG org.apache.velocity - ResourceManager : found /templates/macros/json/tags.vm with loader org.apache.velocity.runtime.resource.loader.ClasspathResourceLoader
21:38:21.481 [Test worker] DEBUG org.apache.velocity - ResourceManager : found /templates/footer.vm with loader org.apache.velocity.runtime.resource.loader.ClasspathResourceLoader
21:38:21.481 [Test worker] DEBUG org.apache.velocity - ResourceManager : found templates/generators/overviewFailures.vm with loader org.apache.velocity.runtime.resource.loader.ClasspathResourceLoader
21:38:21.497 [Test worker] DEBUG org.apache.velocity - ResourceManager : found /templates/headers.vm with loader org.apache.velocity.runtime.resource.loader.ClasspathResourceLoader
21:38:21.497 [Test worker] DEBUG org.apache.velocity - ResourceManager : found /templates/head.vm with loader org.apache.velocity.runtime.resource.loader.ClasspathResourceLoader
21:38:21.497 [Test worker] DEBUG org.apache.velocity - Velocimacro : added VM stringArray: source=/templates/macros/array.js.vm
21:38:21.497 [Test worker] DEBUG org.apache.velocity - Velocimacro : added VM numberArray: source=/templates/macros/array.js.vm
21:38:21.497 [Test worker] DEBUG org.apache.velocity - ResourceManager : found /templates/macros/array.js.vm with loader org.apache.velocity.runtime.resource.loader.ClasspathResourceLoader
21:38:21.497 [Test worker] DEBUG org.apache.velocity - Velocimacro : added VM includeBuildInfo: source=/templates/macros/page/buildinfo.vm
21:38:21.497 [Test worker] DEBUG org.apache.velocity - ResourceManager : found /templates/macros/page/buildinfo.vm with loader org.apache.velocity.runtime.resource.loader.ClasspathResourceLoader
21:38:21.497 [Test worker] DEBUG org.apache.velocity - Velocimacro : added VM includeClassifications: source=/templates/macros/page/classifications.vm
21:38:21.497 [Test worker] DEBUG org.apache.velocity - ResourceManager : found /templates/macros/page/classifications.vm with loader org.apache.velocity.runtime.resource.loader.ClasspathResourceLoader
21:38:21.497 [Test worker] DEBUG org.apache.velocity - Velocimacro : added VM includeLead: source=/templates/macros/page/lead.vm
21:38:21.497 [Test worker] DEBUG org.apache.velocity - ResourceManager : found /templates/macros/page/lead.vm with loader org.apache.velocity.runtime.resource.loader.ClasspathResourceLoader
21:38:21.497 [Test worker] DEBUG org.apache.velocity - Velocimacro : added VM includeNavigation: source=/templates/macros/page/navigation.vm
21:38:21.497 [Test worker] DEBUG org.apache.velocity - ResourceManager : found /templates/macros/page/navigation.vm with loader org.apache.velocity.runtime.resource.loader.ClasspathResourceLoader
21:38:21.497 [Test worker] DEBUG org.apache.velocity - Velocimacro : added VM includeReportInfo: source=/templates/macros/page/reportInfo.vm
21:38:21.497 [Test worker] DEBUG org.apache.velocity - ResourceManager : found /templates/macros/page/reportInfo.vm with loader org.apache.velocity.runtime.resource.loader.ClasspathResourceLoader
21:38:21.497 [Test worker] DEBUG org.apache.velocity - Velocimacro : added VM includeTitle: source=/templates/macros/page/title.vm
21:38:21.497 [Test worker] DEBUG org.apache.velocity - ResourceManager : found /templates/macros/page/title.vm with loader org.apache.velocity.runtime.resource.loader.ClasspathResourceLoader
21:38:21.497 [Test worker] DEBUG org.apache.velocity - Velocimacro : added VM includeExpandingButtons: source=/templates/macros/report/expandAllButtons.vm
21:38:21.497 [Test worker] DEBUG org.apache.velocity - ResourceManager : found /templates/macros/report/expandAllButtons.vm with loader org.apache.velocity.runtime.resource.loader.ClasspathResourceLoader
21:38:21.497 [Test worker] DEBUG org.apache.velocity - Velocimacro : added VM includeReportTable: source=/templates/macros/report/reportTable.vm
21:38:21.497 [Test worker] DEBUG org.apache.velocity - ResourceManager : found /templates/macros/report/reportTable.vm with loader org.apache.velocity.runtime.resource.loader.ClasspathResourceLoader
21:38:21.497 [Test worker] DEBUG org.apache.velocity - Velocimacro : added VM includeReportHeader: source=/templates/macros/report/reportHeader.vm
21:38:21.497 [Test worker] DEBUG org.apache.velocity - ResourceManager : found /templates/macros/report/reportHeader.vm with loader org.apache.velocity.runtime.resource.loader.ClasspathResourceLoader
21:38:21.497 [Test worker] DEBUG org.apache.velocity - Velocimacro : added VM includeStatsTable: source=/templates/macros/report/statsTable.vm
21:38:21.497 [Test worker] DEBUG org.apache.velocity - ResourceManager : found /templates/macros/report/statsTable.vm with loader org.apache.velocity.runtime.resource.loader.ClasspathResourceLoader
21:38:21.497 [Test worker] DEBUG org.apache.velocity - Velocimacro : added VM includeBrief: source=/templates/macros/json/brief.vm
21:38:21.497 [Test worker] DEBUG org.apache.velocity - ResourceManager : found /templates/macros/json/brief.vm with loader org.apache.velocity.runtime.resource.loader.ClasspathResourceLoader
21:38:21.513 [Test worker] DEBUG org.apache.velocity - Velocimacro : added VM includeDocString: source=/templates/macros/json/docstring.vm
21:38:21.513 [Test worker] DEBUG org.apache.velocity - ResourceManager : found /templates/macros/json/docstring.vm with loader org.apache.velocity.runtime.resource.loader.ClasspathResourceLoader
21:38:21.513 [Test worker] DEBUG org.apache.velocity - Velocimacro : added VM includeDuration: source=/templates/macros/json/duration.vm
21:38:21.513 [Test worker] DEBUG org.apache.velocity - ResourceManager : found /templates/macros/json/duration.vm with loader org.apache.velocity.runtime.resource.loader.ClasspathResourceLoader
21:38:21.513 [Test worker] DEBUG org.apache.velocity - Velocimacro : added VM includeElement: source=/templates/macros/json/element.vm
21:38:21.513 [Test worker] DEBUG org.apache.velocity - ResourceManager : found /templates/macros/json/element.vm with loader org.apache.velocity.runtime.resource.loader.ClasspathResourceLoader
21:38:21.513 [Test worker] DEBUG org.apache.velocity - Velocimacro : added VM includeEmbeddings: source=/templates/macros/json/embeddings.vm
21:38:21.513 [Test worker] DEBUG org.apache.velocity - Velocimacro : added VM includeHtmlEmbedding: source=/templates/macros/json/embeddings.vm
21:38:21.513 [Test worker] DEBUG org.apache.velocity - Velocimacro : added VM includeImageEmbedding: source=/templates/macros/json/embeddings.vm
21:38:21.513 [Test worker] DEBUG org.apache.velocity - Velocimacro : added VM includeImageReferenceEmbedding: source=/templates/macros/json/embeddings.vm
21:38:21.513 [Test worker] DEBUG org.apache.velocity - Velocimacro : added VM includeTextEmbedding: source=/templates/macros/json/embeddings.vm
21:38:21.513 [Test worker] DEBUG org.apache.velocity - Velocimacro : added VM includeUnknownEmbedding: source=/templates/macros/json/embeddings.vm
21:38:21.513 [Test worker] DEBUG org.apache.velocity - ResourceManager : found /templates/macros/json/embeddings.vm with loader org.apache.velocity.runtime.resource.loader.ClasspathResourceLoader
21:38:21.513 [Test worker] DEBUG org.apache.velocity - Velocimacro : added VM includeHooks: source=/templates/macros/json/hooks.vm
21:38:21.513 [Test worker] DEBUG org.apache.velocity - ResourceManager : found /templates/macros/json/hooks.vm with loader org.apache.velocity.runtime.resource.loader.ClasspathResourceLoader
21:38:21.513 [Test worker] DEBUG org.apache.velocity - Velocimacro : added VM includeOutput: source=/templates/macros/json/output.vm
21:38:21.513 [Test worker] DEBUG org.apache.velocity - ResourceManager : found /templates/macros/json/output.vm with loader org.apache.velocity.runtime.resource.loader.ClasspathResourceLoader
21:38:21.513 [Test worker] DEBUG org.apache.velocity - Velocimacro : added VM includeMessage: source=/templates/macros/json/message.vm
21:38:21.513 [Test worker] DEBUG org.apache.velocity - ResourceManager : found /templates/macros/json/message.vm with loader org.apache.velocity.runtime.resource.loader.ClasspathResourceLoader
21:38:21.513 [Test worker] DEBUG org.apache.velocity - Velocimacro : added VM includeSteps: source=/templates/macros/json/steps.vm
21:38:21.513 [Test worker] DEBUG org.apache.velocity - ResourceManager : found /templates/macros/json/steps.vm with loader org.apache.velocity.runtime.resource.loader.ClasspathResourceLoader
21:38:21.513 [Test worker] DEBUG org.apache.velocity - Velocimacro : added VM includeTags: source=/templates/macros/json/tags.vm
21:38:21.513 [Test worker] DEBUG org.apache.velocity - ResourceManager : found /templates/macros/json/tags.vm with loader org.apache.velocity.runtime.resource.loader.ClasspathResourceLoader
21:38:21.513 [Test worker] DEBUG org.apache.velocity - VM #includeBrief: too few arguments to macro. Wanted 5 got 4
21:38:21.513 [Test worker] DEBUG org.apache.velocity - VM #includeBrief: too few arguments to macro. Wanted 5 got 4
21:38:21.513 [Test worker] DEBUG org.apache.velocity - VM #includeBrief: too few arguments to macro. Wanted 5 got 4
21:38:21.513 [Test worker] DEBUG org.apache.velocity - VM #includeBrief: too few arguments to macro. Wanted 5 got 4
21:38:21.513 [Test worker] DEBUG org.apache.velocity - ResourceManager : found /templates/footer.vm with loader org.apache.velocity.runtime.resource.loader.ClasspathResourceLoader
]]></system-out>
  <system-err><![CDATA[ERROR StatusLogger No log4j2 configuration file found. Using default configuration: logging only errors to the console.
]]></system-err>
</testsuite>
