<?xml version="1.0" encoding="UTF-8"?>
<testsuite name="[autenticar_usuario]" tests="2" skipped="0" failures="0" errors="0" timestamp="2020-09-11T03:06:38" hostname="HD-Portatil" time="2.2">
  <properties/>
  <testcase name="[1.1:23] Autenticacion exitosa con usuario Regular" classname="[autenticar_usuario]" time="1.641"/>
  <testcase name="[1.2:24] Autenticacion exitosa con usuario Administrador" classname="[autenticar_usuario]" time="0.544"/>
  <system-out><![CDATA[22:06:38.273 [Test worker] DEBUG com.jayway.jsonpath.internal.path.CompiledPath - Evaluating path: $
22:06:38.845 [Test worker] DEBUG org.apache.http.client.protocol.RequestAddCookies - CookieSpec selected: karate
22:06:38.896 [Test worker] DEBUG org.apache.http.client.protocol.RequestAuthCache - Auth cache not set in the context
22:06:38.898 [Test worker] DEBUG com.intuit.karate - request:
1 > POST https://nodejs-qa-training.herokuapp.com/users/sessions
1 > Accept-Encoding: gzip,deflate
1 > Connection: Keep-Alive
1 > Content-Length: 49
1 > Content-Type: application/json; charset=UTF-8
1 > Host: nodejs-qa-training.herokuapp.com
1 > User-Agent: Apache-HttpClient/4.5.5 (Java/1.8.0_171)
{"email":"h@wolox.com.ar","password":"Hernan123"}

22:06:38.901 [Test worker] DEBUG org.apache.http.impl.conn.PoolingHttpClientConnectionManager - Connection request: [route: {s}->https://nodejs-qa-training.herokuapp.com:443][total kept alive: 0; route allocated: 0 of 5; total allocated: 0 of 10]
22:06:38.917 [Test worker] DEBUG org.apache.http.impl.conn.PoolingHttpClientConnectionManager - Connection leased: [id: 0][route: {s}->https://nodejs-qa-training.herokuapp.com:443][total kept alive: 0; route allocated: 1 of 5; total allocated: 1 of 10]
22:06:38.919 [Test worker] DEBUG org.apache.http.impl.execchain.MainClientExec - Opening connection {s}->https://nodejs-qa-training.herokuapp.com:443
22:06:38.999 [Test worker] DEBUG org.apache.http.impl.conn.DefaultHttpClientConnectionOperator - Connecting to nodejs-qa-training.herokuapp.com/52.1.254.205:443
22:06:38.999 [Test worker] DEBUG org.apache.http.conn.ssl.SSLConnectionSocketFactory - Connecting socket to nodejs-qa-training.herokuapp.com/52.1.254.205:443 with timeout 30000
22:06:39.188 [Test worker] DEBUG org.apache.http.conn.ssl.SSLConnectionSocketFactory - Enabled protocols: [TLSv1, TLSv1.1, TLSv1.2]
22:06:39.188 [Test worker] DEBUG org.apache.http.conn.ssl.SSLConnectionSocketFactory - Enabled cipher suites:[TLS_ECDHE_ECDSA_WITH_AES_256_CBC_SHA384, TLS_ECDHE_RSA_WITH_AES_256_CBC_SHA384, TLS_RSA_WITH_AES_256_CBC_SHA256, TLS_ECDH_ECDSA_WITH_AES_256_CBC_SHA384, TLS_ECDH_RSA_WITH_AES_256_CBC_SHA384, TLS_DHE_RSA_WITH_AES_256_CBC_SHA256, TLS_DHE_DSS_WITH_AES_256_CBC_SHA256, TLS_ECDHE_ECDSA_WITH_AES_256_CBC_SHA, TLS_ECDHE_RSA_WITH_AES_256_CBC_SHA, TLS_RSA_WITH_AES_256_CBC_SHA, TLS_ECDH_ECDSA_WITH_AES_256_CBC_SHA, TLS_ECDH_RSA_WITH_AES_256_CBC_SHA, TLS_DHE_RSA_WITH_AES_256_CBC_SHA, TLS_DHE_DSS_WITH_AES_256_CBC_SHA, TLS_ECDHE_ECDSA_WITH_AES_128_CBC_SHA256, TLS_ECDHE_RSA_WITH_AES_128_CBC_SHA256, TLS_RSA_WITH_AES_128_CBC_SHA256, TLS_ECDH_ECDSA_WITH_AES_128_CBC_SHA256, TLS_ECDH_RSA_WITH_AES_128_CBC_SHA256, TLS_DHE_RSA_WITH_AES_128_CBC_SHA256, TLS_DHE_DSS_WITH_AES_128_CBC_SHA256, TLS_ECDHE_ECDSA_WITH_AES_128_CBC_SHA, TLS_ECDHE_RSA_WITH_AES_128_CBC_SHA, TLS_RSA_WITH_AES_128_CBC_SHA, TLS_ECDH_ECDSA_WITH_AES_128_CBC_SHA, TLS_ECDH_RSA_WITH_AES_128_CBC_SHA, TLS_DHE_RSA_WITH_AES_128_CBC_SHA, TLS_DHE_DSS_WITH_AES_128_CBC_SHA, TLS_ECDHE_ECDSA_WITH_AES_256_GCM_SHA384, TLS_ECDHE_ECDSA_WITH_AES_128_GCM_SHA256, TLS_ECDHE_RSA_WITH_AES_256_GCM_SHA384, TLS_RSA_WITH_AES_256_GCM_SHA384, TLS_ECDH_ECDSA_WITH_AES_256_GCM_SHA384, TLS_ECDH_RSA_WITH_AES_256_GCM_SHA384, TLS_DHE_RSA_WITH_AES_256_GCM_SHA384, TLS_DHE_DSS_WITH_AES_256_GCM_SHA384, TLS_ECDHE_RSA_WITH_AES_128_GCM_SHA256, TLS_RSA_WITH_AES_128_GCM_SHA256, TLS_ECDH_ECDSA_WITH_AES_128_GCM_SHA256, TLS_ECDH_RSA_WITH_AES_128_GCM_SHA256, TLS_DHE_RSA_WITH_AES_128_GCM_SHA256, TLS_DHE_DSS_WITH_AES_128_GCM_SHA256, TLS_EMPTY_RENEGOTIATION_INFO_SCSV]
22:06:39.188 [Test worker] DEBUG org.apache.http.conn.ssl.SSLConnectionSocketFactory - Starting handshake
22:06:39.469 [Test worker] DEBUG org.apache.http.conn.ssl.SSLConnectionSocketFactory - Secure session established
22:06:39.469 [Test worker] DEBUG org.apache.http.conn.ssl.SSLConnectionSocketFactory -  negotiated protocol: TLSv1.2
22:06:39.469 [Test worker] DEBUG org.apache.http.conn.ssl.SSLConnectionSocketFactory -  negotiated cipher suite: TLS_ECDHE_RSA_WITH_AES_128_GCM_SHA256
22:06:39.470 [Test worker] DEBUG org.apache.http.conn.ssl.SSLConnectionSocketFactory -  peer principal: CN=*.herokuapp.com, O="Heroku, Inc.", L=San Francisco, ST=California, C=US
22:06:39.470 [Test worker] DEBUG org.apache.http.conn.ssl.SSLConnectionSocketFactory -  peer alternative names: [*.herokuapp.com, herokuapp.com]
22:06:39.471 [Test worker] DEBUG org.apache.http.conn.ssl.SSLConnectionSocketFactory -  issuer principal: CN=DigiCert SHA2 High Assurance Server CA, OU=www.digicert.com, O=DigiCert Inc, C=US
22:06:39.480 [Test worker] DEBUG org.apache.http.impl.conn.DefaultHttpClientConnectionOperator - Connection established 192.168.1.7:52102<->52.1.254.205:443
22:06:39.480 [Test worker] DEBUG org.apache.http.impl.conn.DefaultManagedHttpClientConnection - http-outgoing-0: set socket timeout to 30000
22:06:39.481 [Test worker] DEBUG org.apache.http.impl.execchain.MainClientExec - Executing request POST /users/sessions HTTP/1.1
22:06:39.481 [Test worker] DEBUG org.apache.http.impl.execchain.MainClientExec - Target auth state: UNCHALLENGED
22:06:39.482 [Test worker] DEBUG org.apache.http.impl.execchain.MainClientExec - Proxy auth state: UNCHALLENGED
22:06:39.486 [Test worker] DEBUG org.apache.http.headers - http-outgoing-0 >> POST /users/sessions HTTP/1.1
22:06:39.486 [Test worker] DEBUG org.apache.http.headers - http-outgoing-0 >> Content-Type: application/json; charset=UTF-8
22:06:39.487 [Test worker] DEBUG org.apache.http.headers - http-outgoing-0 >> Content-Length: 49
22:06:39.487 [Test worker] DEBUG org.apache.http.headers - http-outgoing-0 >> Host: nodejs-qa-training.herokuapp.com
22:06:39.487 [Test worker] DEBUG org.apache.http.headers - http-outgoing-0 >> Connection: Keep-Alive
22:06:39.487 [Test worker] DEBUG org.apache.http.headers - http-outgoing-0 >> User-Agent: Apache-HttpClient/4.5.5 (Java/1.8.0_171)
22:06:39.487 [Test worker] DEBUG org.apache.http.headers - http-outgoing-0 >> Accept-Encoding: gzip,deflate
22:06:39.488 [Test worker] DEBUG org.apache.http.wire - http-outgoing-0 >> "POST /users/sessions HTTP/1.1[\r][\n]"
22:06:39.488 [Test worker] DEBUG org.apache.http.wire - http-outgoing-0 >> "Content-Type: application/json; charset=UTF-8[\r][\n]"
22:06:39.489 [Test worker] DEBUG org.apache.http.wire - http-outgoing-0 >> "Content-Length: 49[\r][\n]"
22:06:39.489 [Test worker] DEBUG org.apache.http.wire - http-outgoing-0 >> "Host: nodejs-qa-training.herokuapp.com[\r][\n]"
22:06:39.489 [Test worker] DEBUG org.apache.http.wire - http-outgoing-0 >> "Connection: Keep-Alive[\r][\n]"
22:06:39.489 [Test worker] DEBUG org.apache.http.wire - http-outgoing-0 >> "User-Agent: Apache-HttpClient/4.5.5 (Java/1.8.0_171)[\r][\n]"
22:06:39.489 [Test worker] DEBUG org.apache.http.wire - http-outgoing-0 >> "Accept-Encoding: gzip,deflate[\r][\n]"
22:06:39.490 [Test worker] DEBUG org.apache.http.wire - http-outgoing-0 >> "[\r][\n]"
22:06:39.490 [Test worker] DEBUG org.apache.http.wire - http-outgoing-0 >> "{"email":"h@wolox.com.ar","password":"Hernan123"}"
22:06:39.800 [Test worker] DEBUG org.apache.http.wire - http-outgoing-0 << "HTTP/1.1 200 OK[\r][\n]"
22:06:39.800 [Test worker] DEBUG org.apache.http.wire - http-outgoing-0 << "Server: Cowboy[\r][\n]"
22:06:39.800 [Test worker] DEBUG org.apache.http.wire - http-outgoing-0 << "Connection: keep-alive[\r][\n]"
22:06:39.800 [Test worker] DEBUG org.apache.http.wire - http-outgoing-0 << "X-Powered-By: Express[\r][\n]"
22:06:39.801 [Test worker] DEBUG org.apache.http.wire - http-outgoing-0 << "Authorization: eyJ0eXAiOiJKV1QiLCJhbGciOiJIUzI1NiJ9.eyJ1c2VySWQiOjE2Niwicm9sZSI6InJlZ3VsYXIiLCJpYXQiOjE1OTk3OTM2MDAuODMsImV4cCI6MTU5OTc5NTQwMC44M30.GRNikkDQPDR8Kp5_Pi3tlW_ue0mshtAViumrcRiEX88[\r][\n]"
22:06:39.801 [Test worker] DEBUG org.apache.http.wire - http-outgoing-0 << "Content-Type: application/json; charset=utf-8[\r][\n]"
22:06:39.801 [Test worker] DEBUG org.apache.http.wire - http-outgoing-0 << "Content-Length: 50[\r][\n]"
22:06:39.801 [Test worker] DEBUG org.apache.http.wire - http-outgoing-0 << "Etag: W/"32-2bgJB/FZkHIjfeX+CWrV0bVhsYQ"[\r][\n]"
22:06:39.801 [Test worker] DEBUG org.apache.http.wire - http-outgoing-0 << "Date: Fri, 11 Sep 2020 03:06:40 GMT[\r][\n]"
22:06:39.801 [Test worker] DEBUG org.apache.http.wire - http-outgoing-0 << "Via: 1.1 vegur[\r][\n]"
22:06:39.802 [Test worker] DEBUG org.apache.http.wire - http-outgoing-0 << "[\r][\n]"
22:06:39.802 [Test worker] DEBUG org.apache.http.wire - http-outgoing-0 << "{"user_id":166,"token_expires_at":"1599795400.83"}"
22:06:39.806 [Test worker] DEBUG org.apache.http.headers - http-outgoing-0 << HTTP/1.1 200 OK
22:06:39.807 [Test worker] DEBUG org.apache.http.headers - http-outgoing-0 << Server: Cowboy
22:06:39.807 [Test worker] DEBUG org.apache.http.headers - http-outgoing-0 << Connection: keep-alive
22:06:39.807 [Test worker] DEBUG org.apache.http.headers - http-outgoing-0 << X-Powered-By: Express
22:06:39.807 [Test worker] DEBUG org.apache.http.headers - http-outgoing-0 << Authorization: eyJ0eXAiOiJKV1QiLCJhbGciOiJIUzI1NiJ9.eyJ1c2VySWQiOjE2Niwicm9sZSI6InJlZ3VsYXIiLCJpYXQiOjE1OTk3OTM2MDAuODMsImV4cCI6MTU5OTc5NTQwMC44M30.GRNikkDQPDR8Kp5_Pi3tlW_ue0mshtAViumrcRiEX88
22:06:39.807 [Test worker] DEBUG org.apache.http.headers - http-outgoing-0 << Content-Type: application/json; charset=utf-8
22:06:39.807 [Test worker] DEBUG org.apache.http.headers - http-outgoing-0 << Content-Length: 50
22:06:39.807 [Test worker] DEBUG org.apache.http.headers - http-outgoing-0 << Etag: W/"32-2bgJB/FZkHIjfeX+CWrV0bVhsYQ"
22:06:39.807 [Test worker] DEBUG org.apache.http.headers - http-outgoing-0 << Date: Fri, 11 Sep 2020 03:06:40 GMT
22:06:39.808 [Test worker] DEBUG org.apache.http.headers - http-outgoing-0 << Via: 1.1 vegur
22:06:39.813 [Test worker] DEBUG org.apache.http.impl.execchain.MainClientExec - Connection can be kept alive indefinitely
22:06:39.819 [Test worker] DEBUG org.apache.http.impl.conn.PoolingHttpClientConnectionManager - Connection [id: 0][route: {s}->https://nodejs-qa-training.herokuapp.com:443] can be kept alive indefinitely
22:06:39.819 [Test worker] DEBUG org.apache.http.impl.conn.DefaultManagedHttpClientConnection - http-outgoing-0: set socket timeout to 0
22:06:39.820 [Test worker] DEBUG org.apache.http.impl.conn.PoolingHttpClientConnectionManager - Connection released: [id: 0][route: {s}->https://nodejs-qa-training.herokuapp.com:443][total kept alive: 1; route allocated: 1 of 5; total allocated: 1 of 10]
22:06:39.820 [Test worker] DEBUG com.intuit.karate - response time in milliseconds: 918,91
1 < 200
1 < Authorization: eyJ0eXAiOiJKV1QiLCJhbGciOiJIUzI1NiJ9.eyJ1c2VySWQiOjE2Niwicm9sZSI6InJlZ3VsYXIiLCJpYXQiOjE1OTk3OTM2MDAuODMsImV4cCI6MTU5OTc5NTQwMC44M30.GRNikkDQPDR8Kp5_Pi3tlW_ue0mshtAViumrcRiEX88
1 < Connection: keep-alive
1 < Content-Length: 50
1 < Content-Type: application/json; charset=utf-8
1 < Date: Fri, 11 Sep 2020 03:06:40 GMT
1 < Etag: W/"32-2bgJB/FZkHIjfeX+CWrV0bVhsYQ"
1 < Server: Cowboy
1 < Via: 1.1 vegur
1 < X-Powered-By: Express
{"user_id":166,"token_expires_at":"1599795400.83"}

22:06:39.823 [Test worker] DEBUG com.jayway.jsonpath.internal.path.CompiledPath - Evaluating path: $
22:06:39.823 [Test worker] INFO com.intuit.karate - [print] {
  "user_id": 166,
  "token_expires_at": "1599795400.83"
}

22:06:39.830 [Test worker] DEBUG com.jayway.jsonpath.internal.path.CompiledPath - Evaluating path: $['token_expires_at']
22:06:39.837 [Test worker] DEBUG com.jayway.jsonpath.internal.path.CompiledPath - Evaluating path: $
22:06:39.844 [Test worker] INFO com.intuit.karate - [print] 1599795400.83
22:06:39.861 [Test worker] DEBUG com.jayway.jsonpath.internal.path.CompiledPath - Evaluating path: $
22:06:39.864 [Test worker] DEBUG org.apache.http.client.protocol.RequestAddCookies - CookieSpec selected: karate
22:06:39.864 [Test worker] DEBUG org.apache.http.client.protocol.RequestAuthCache - Auth cache not set in the context
22:06:39.865 [Test worker] DEBUG com.intuit.karate - request:
1 > POST https://nodejs-qa-training.herokuapp.com/users/sessions
1 > Accept-Encoding: gzip,deflate
1 > Connection: Keep-Alive
1 > Content-Length: 62
1 > Content-Type: application/json; charset=UTF-8
1 > Host: nodejs-qa-training.herokuapp.com
1 > User-Agent: Apache-HttpClient/4.5.5 (Java/1.8.0_171)
{"email":"admin@wolox.com.ar","password":"candidatoWolox2020"}

22:06:39.865 [Test worker] DEBUG org.apache.http.impl.conn.PoolingHttpClientConnectionManager - Connection request: [route: {s}->https://nodejs-qa-training.herokuapp.com:443][total kept alive: 0; route allocated: 0 of 5; total allocated: 0 of 10]
22:06:39.865 [Test worker] DEBUG org.apache.http.impl.conn.PoolingHttpClientConnectionManager - Connection leased: [id: 1][route: {s}->https://nodejs-qa-training.herokuapp.com:443][total kept alive: 0; route allocated: 1 of 5; total allocated: 1 of 10]
22:06:39.865 [Test worker] DEBUG org.apache.http.impl.execchain.MainClientExec - Opening connection {s}->https://nodejs-qa-training.herokuapp.com:443
22:06:39.866 [Test worker] DEBUG org.apache.http.impl.conn.DefaultHttpClientConnectionOperator - Connecting to nodejs-qa-training.herokuapp.com/52.1.254.205:443
22:06:39.866 [Test worker] DEBUG org.apache.http.conn.ssl.SSLConnectionSocketFactory - Connecting socket to nodejs-qa-training.herokuapp.com/52.1.254.205:443 with timeout 30000
22:06:39.967 [Test worker] DEBUG org.apache.http.conn.ssl.SSLConnectionSocketFactory - Enabled protocols: [TLSv1, TLSv1.1, TLSv1.2]
22:06:39.968 [Test worker] DEBUG org.apache.http.conn.ssl.SSLConnectionSocketFactory - Enabled cipher suites:[TLS_ECDHE_ECDSA_WITH_AES_256_CBC_SHA384, TLS_ECDHE_RSA_WITH_AES_256_CBC_SHA384, TLS_RSA_WITH_AES_256_CBC_SHA256, TLS_ECDH_ECDSA_WITH_AES_256_CBC_SHA384, TLS_ECDH_RSA_WITH_AES_256_CBC_SHA384, TLS_DHE_RSA_WITH_AES_256_CBC_SHA256, TLS_DHE_DSS_WITH_AES_256_CBC_SHA256, TLS_ECDHE_ECDSA_WITH_AES_256_CBC_SHA, TLS_ECDHE_RSA_WITH_AES_256_CBC_SHA, TLS_RSA_WITH_AES_256_CBC_SHA, TLS_ECDH_ECDSA_WITH_AES_256_CBC_SHA, TLS_ECDH_RSA_WITH_AES_256_CBC_SHA, TLS_DHE_RSA_WITH_AES_256_CBC_SHA, TLS_DHE_DSS_WITH_AES_256_CBC_SHA, TLS_ECDHE_ECDSA_WITH_AES_128_CBC_SHA256, TLS_ECDHE_RSA_WITH_AES_128_CBC_SHA256, TLS_RSA_WITH_AES_128_CBC_SHA256, TLS_ECDH_ECDSA_WITH_AES_128_CBC_SHA256, TLS_ECDH_RSA_WITH_AES_128_CBC_SHA256, TLS_DHE_RSA_WITH_AES_128_CBC_SHA256, TLS_DHE_DSS_WITH_AES_128_CBC_SHA256, TLS_ECDHE_ECDSA_WITH_AES_128_CBC_SHA, TLS_ECDHE_RSA_WITH_AES_128_CBC_SHA, TLS_RSA_WITH_AES_128_CBC_SHA, TLS_ECDH_ECDSA_WITH_AES_128_CBC_SHA, TLS_ECDH_RSA_WITH_AES_128_CBC_SHA, TLS_DHE_RSA_WITH_AES_128_CBC_SHA, TLS_DHE_DSS_WITH_AES_128_CBC_SHA, TLS_ECDHE_ECDSA_WITH_AES_256_GCM_SHA384, TLS_ECDHE_ECDSA_WITH_AES_128_GCM_SHA256, TLS_ECDHE_RSA_WITH_AES_256_GCM_SHA384, TLS_RSA_WITH_AES_256_GCM_SHA384, TLS_ECDH_ECDSA_WITH_AES_256_GCM_SHA384, TLS_ECDH_RSA_WITH_AES_256_GCM_SHA384, TLS_DHE_RSA_WITH_AES_256_GCM_SHA384, TLS_DHE_DSS_WITH_AES_256_GCM_SHA384, TLS_ECDHE_RSA_WITH_AES_128_GCM_SHA256, TLS_RSA_WITH_AES_128_GCM_SHA256, TLS_ECDH_ECDSA_WITH_AES_128_GCM_SHA256, TLS_ECDH_RSA_WITH_AES_128_GCM_SHA256, TLS_DHE_RSA_WITH_AES_128_GCM_SHA256, TLS_DHE_DSS_WITH_AES_128_GCM_SHA256, TLS_EMPTY_RENEGOTIATION_INFO_SCSV]
22:06:39.968 [Test worker] DEBUG org.apache.http.conn.ssl.SSLConnectionSocketFactory - Starting handshake
22:06:40.166 [Test worker] DEBUG org.apache.http.conn.ssl.SSLConnectionSocketFactory - Secure session established
22:06:40.167 [Test worker] DEBUG org.apache.http.conn.ssl.SSLConnectionSocketFactory -  negotiated protocol: TLSv1.2
22:06:40.167 [Test worker] DEBUG org.apache.http.conn.ssl.SSLConnectionSocketFactory -  negotiated cipher suite: TLS_ECDHE_RSA_WITH_AES_128_GCM_SHA256
22:06:40.167 [Test worker] DEBUG org.apache.http.conn.ssl.SSLConnectionSocketFactory -  peer principal: CN=*.herokuapp.com, O="Heroku, Inc.", L=San Francisco, ST=California, C=US
22:06:40.168 [Test worker] DEBUG org.apache.http.conn.ssl.SSLConnectionSocketFactory -  peer alternative names: [*.herokuapp.com, herokuapp.com]
22:06:40.168 [Test worker] DEBUG org.apache.http.conn.ssl.SSLConnectionSocketFactory -  issuer principal: CN=DigiCert SHA2 High Assurance Server CA, OU=www.digicert.com, O=DigiCert Inc, C=US
22:06:40.169 [Test worker] DEBUG org.apache.http.impl.conn.DefaultHttpClientConnectionOperator - Connection established 192.168.1.7:52103<->52.1.254.205:443
22:06:40.169 [Test worker] DEBUG org.apache.http.impl.conn.DefaultManagedHttpClientConnection - http-outgoing-1: set socket timeout to 30000
22:06:40.170 [Test worker] DEBUG org.apache.http.impl.execchain.MainClientExec - Executing request POST /users/sessions HTTP/1.1
22:06:40.170 [Test worker] DEBUG org.apache.http.impl.execchain.MainClientExec - Target auth state: UNCHALLENGED
22:06:40.170 [Test worker] DEBUG org.apache.http.impl.execchain.MainClientExec - Proxy auth state: UNCHALLENGED
22:06:40.171 [Test worker] DEBUG org.apache.http.headers - http-outgoing-1 >> POST /users/sessions HTTP/1.1
22:06:40.171 [Test worker] DEBUG org.apache.http.headers - http-outgoing-1 >> Content-Type: application/json; charset=UTF-8
22:06:40.172 [Test worker] DEBUG org.apache.http.headers - http-outgoing-1 >> Content-Length: 62
22:06:40.172 [Test worker] DEBUG org.apache.http.headers - http-outgoing-1 >> Host: nodejs-qa-training.herokuapp.com
22:06:40.172 [Test worker] DEBUG org.apache.http.headers - http-outgoing-1 >> Connection: Keep-Alive
22:06:40.172 [Test worker] DEBUG org.apache.http.headers - http-outgoing-1 >> User-Agent: Apache-HttpClient/4.5.5 (Java/1.8.0_171)
22:06:40.173 [Test worker] DEBUG org.apache.http.headers - http-outgoing-1 >> Accept-Encoding: gzip,deflate
22:06:40.173 [Test worker] DEBUG org.apache.http.wire - http-outgoing-1 >> "POST /users/sessions HTTP/1.1[\r][\n]"
22:06:40.173 [Test worker] DEBUG org.apache.http.wire - http-outgoing-1 >> "Content-Type: application/json; charset=UTF-8[\r][\n]"
22:06:40.174 [Test worker] DEBUG org.apache.http.wire - http-outgoing-1 >> "Content-Length: 62[\r][\n]"
22:06:40.174 [Test worker] DEBUG org.apache.http.wire - http-outgoing-1 >> "Host: nodejs-qa-training.herokuapp.com[\r][\n]"
22:06:40.174 [Test worker] DEBUG org.apache.http.wire - http-outgoing-1 >> "Connection: Keep-Alive[\r][\n]"
22:06:40.175 [Test worker] DEBUG org.apache.http.wire - http-outgoing-1 >> "User-Agent: Apache-HttpClient/4.5.5 (Java/1.8.0_171)[\r][\n]"
22:06:40.175 [Test worker] DEBUG org.apache.http.wire - http-outgoing-1 >> "Accept-Encoding: gzip,deflate[\r][\n]"
22:06:40.176 [Test worker] DEBUG org.apache.http.wire - http-outgoing-1 >> "[\r][\n]"
22:06:40.176 [Test worker] DEBUG org.apache.http.wire - http-outgoing-1 >> "{"email":"admin@wolox.com.ar","password":"candidatoWolox2020"}"
22:06:40.397 [Test worker] DEBUG org.apache.http.wire - http-outgoing-1 << "HTTP/1.1 200 OK[\r][\n]"
22:06:40.398 [Test worker] DEBUG org.apache.http.wire - http-outgoing-1 << "Server: Cowboy[\r][\n]"
22:06:40.398 [Test worker] DEBUG org.apache.http.wire - http-outgoing-1 << "Connection: keep-alive[\r][\n]"
22:06:40.398 [Test worker] DEBUG org.apache.http.wire - http-outgoing-1 << "X-Powered-By: Express[\r][\n]"
22:06:40.398 [Test worker] DEBUG org.apache.http.wire - http-outgoing-1 << "Authorization: eyJ0eXAiOiJKV1QiLCJhbGciOiJIUzI1NiJ9.eyJ1c2VySWQiOjE0Niwicm9sZSI6ImFkbWluIiwiaWF0IjoxNTk5NzkzNjAxLjQ2MywiZXhwIjoxNTk5Nzk1NDAxLjQ2M30.h_NtIPWoWkl8OBYftOEZmnOGp55TdbyA0pWobYbnX04[\r][\n]"
22:06:40.398 [Test worker] DEBUG org.apache.http.wire - http-outgoing-1 << "Content-Type: application/json; charset=utf-8[\r][\n]"
22:06:40.398 [Test worker] DEBUG org.apache.http.wire - http-outgoing-1 << "Content-Length: 51[\r][\n]"
22:06:40.398 [Test worker] DEBUG org.apache.http.wire - http-outgoing-1 << "Etag: W/"33-/MIuU2pxXvfgEeiWQ51qhiNWKt4"[\r][\n]"
22:06:40.398 [Test worker] DEBUG org.apache.http.wire - http-outgoing-1 << "Date: Fri, 11 Sep 2020 03:06:41 GMT[\r][\n]"
22:06:40.398 [Test worker] DEBUG org.apache.http.wire - http-outgoing-1 << "Via: 1.1 vegur[\r][\n]"
22:06:40.398 [Test worker] DEBUG org.apache.http.wire - http-outgoing-1 << "[\r][\n]"
22:06:40.398 [Test worker] DEBUG org.apache.http.wire - http-outgoing-1 << "{"user_id":146,"token_expires_at":"1599795401.463"}"
22:06:40.398 [Test worker] DEBUG org.apache.http.headers - http-outgoing-1 << HTTP/1.1 200 OK
22:06:40.399 [Test worker] DEBUG org.apache.http.headers - http-outgoing-1 << Server: Cowboy
22:06:40.399 [Test worker] DEBUG org.apache.http.headers - http-outgoing-1 << Connection: keep-alive
22:06:40.399 [Test worker] DEBUG org.apache.http.headers - http-outgoing-1 << X-Powered-By: Express
22:06:40.399 [Test worker] DEBUG org.apache.http.headers - http-outgoing-1 << Authorization: eyJ0eXAiOiJKV1QiLCJhbGciOiJIUzI1NiJ9.eyJ1c2VySWQiOjE0Niwicm9sZSI6ImFkbWluIiwiaWF0IjoxNTk5NzkzNjAxLjQ2MywiZXhwIjoxNTk5Nzk1NDAxLjQ2M30.h_NtIPWoWkl8OBYftOEZmnOGp55TdbyA0pWobYbnX04
22:06:40.399 [Test worker] DEBUG org.apache.http.headers - http-outgoing-1 << Content-Type: application/json; charset=utf-8
22:06:40.399 [Test worker] DEBUG org.apache.http.headers - http-outgoing-1 << Content-Length: 51
22:06:40.399 [Test worker] DEBUG org.apache.http.headers - http-outgoing-1 << Etag: W/"33-/MIuU2pxXvfgEeiWQ51qhiNWKt4"
22:06:40.399 [Test worker] DEBUG org.apache.http.headers - http-outgoing-1 << Date: Fri, 11 Sep 2020 03:06:41 GMT
22:06:40.399 [Test worker] DEBUG org.apache.http.headers - http-outgoing-1 << Via: 1.1 vegur
22:06:40.399 [Test worker] DEBUG org.apache.http.impl.execchain.MainClientExec - Connection can be kept alive indefinitely
22:06:40.400 [Test worker] DEBUG org.apache.http.impl.conn.PoolingHttpClientConnectionManager - Connection [id: 1][route: {s}->https://nodejs-qa-training.herokuapp.com:443] can be kept alive indefinitely
22:06:40.400 [Test worker] DEBUG org.apache.http.impl.conn.DefaultManagedHttpClientConnection - http-outgoing-1: set socket timeout to 0
22:06:40.400 [Test worker] DEBUG org.apache.http.impl.conn.PoolingHttpClientConnectionManager - Connection released: [id: 1][route: {s}->https://nodejs-qa-training.herokuapp.com:443][total kept alive: 1; route allocated: 1 of 5; total allocated: 1 of 10]
22:06:40.400 [Test worker] DEBUG com.intuit.karate - response time in milliseconds: 534,42
1 < 200
1 < Authorization: eyJ0eXAiOiJKV1QiLCJhbGciOiJIUzI1NiJ9.eyJ1c2VySWQiOjE0Niwicm9sZSI6ImFkbWluIiwiaWF0IjoxNTk5NzkzNjAxLjQ2MywiZXhwIjoxNTk5Nzk1NDAxLjQ2M30.h_NtIPWoWkl8OBYftOEZmnOGp55TdbyA0pWobYbnX04
1 < Connection: keep-alive
1 < Content-Length: 51
1 < Content-Type: application/json; charset=utf-8
1 < Date: Fri, 11 Sep 2020 03:06:41 GMT
1 < Etag: W/"33-/MIuU2pxXvfgEeiWQ51qhiNWKt4"
1 < Server: Cowboy
1 < Via: 1.1 vegur
1 < X-Powered-By: Express
{"user_id":146,"token_expires_at":"1599795401.463"}

22:06:40.401 [Test worker] DEBUG com.jayway.jsonpath.internal.path.CompiledPath - Evaluating path: $
22:06:40.401 [Test worker] INFO com.intuit.karate - [print] {
  "user_id": 146,
  "token_expires_at": "1599795401.463"
}

22:06:40.402 [Test worker] DEBUG com.jayway.jsonpath.internal.path.CompiledPath - Evaluating path: $['token_expires_at']
22:06:40.404 [Test worker] DEBUG com.jayway.jsonpath.internal.path.CompiledPath - Evaluating path: $
22:06:40.405 [Test worker] INFO com.intuit.karate - [print] 1599795401.463
]]></system-out>
  <system-err><![CDATA[]]></system-err>
</testsuite>
